

================================================================
== Vivado HLS Report for 'dense_wrapper_ap_fixed_16_6_5_3_0_ap_fixed_16_6_5_3_0_config7_s'
================================================================
* Date:           Tue Dec 19 20:24:19 2023

* Version:        2020.1 (Build 2897737 on Wed May 27 20:21:37 MDT 2020)
* Project:        myproject_prj
* Solution:       solution1
* Product family: zynq
* Target device:  xc7z020-clg400-1


================================================================
== Performance Estimates
================================================================
+ Timing: 
    * Summary: 
    +--------+----------+-----------+------------+
    |  Clock |  Target  | Estimated | Uncertainty|
    +--------+----------+-----------+------------+
    |ap_clk  | 25.00 ns | 11.560 ns |   3.12 ns  |
    +--------+----------+-----------+------------+

+ Latency: 
    * Summary: 
    +---------+---------+----------+----------+-----+-----+----------+
    |  Latency (cycles) |  Latency (absolute) |  Interval | Pipeline |
    |   min   |   max   |    min   |    max   | min | max |   Type   |
    +---------+---------+----------+----------+-----+-----+----------+
    |        7|        7| 0.175 us | 0.175 us |    8|    8| function |
    +---------+---------+----------+----------+-----+-----+----------+

    + Detail: 
        * Instance: 
        N/A

        * Loop: 
        N/A

============================================================
+ Verbose Summary: Synthesis Manager
============================================================
InlineROM: 1
ExposeGlobal: 0
============================================================
+ Verbose Summary: CDFG Model
============================================================
IsTopModel: 0
ResetActiveHigh: 1
IsCombinational: 0
IsDatapathOnly: 0
HasWiredReturn: 1
HasMFsm: 2
HasVarLatency: 0
IsPipeline: 1
IsRtlPipelined: 0
IsInstanceOverlapped: 0
IsDontTouch: 0
HasImplIP: 0
IsGatedGlobalClock: 0

+ Individual pipeline summary: 
  * Pipeline-0: initiation interval (II) = 8, depth = 8


============================================================
+ Verbose Summary: Schedule
============================================================
* Number of FSM states : 8
* Pipeline : 1
  Pipeline-0 : II = 8, D = 8, States = { 1 2 3 4 5 6 7 8 }
* Dataflow Pipeline: 0

* FSM state transitions: 
1 --> 2 
2 --> 3 
3 --> 4 
4 --> 5 
5 --> 6 
6 --> 7 
7 --> 8 
8 --> 

* FSM state operations: 

State 1 <SV = 0> <Delay = 7.65>
ST_1 : Operation 9 [1/1] (0.00ns)   --->   "%data_1_V_read_1 = call i16 @_ssdm_op_Read.ap_auto.i16(i16 %data_1_V_read)" [firmware/nnet_utils/nnet_dense_stream.h:13]   --->   Operation 9 'read' 'data_1_V_read_1' <Predicate = true> <Delay = 0.00>
ST_1 : Operation 10 [1/1] (0.00ns)   --->   "%data_0_V_read_1 = call i16 @_ssdm_op_Read.ap_auto.i16(i16 %data_0_V_read)" [firmware/nnet_utils/nnet_dense_stream.h:13]   --->   Operation 10 'read' 'data_0_V_read_1' <Predicate = true> <Delay = 0.00>
ST_1 : Operation 11 [1/1] (0.00ns)   --->   "%sext_ln1118 = sext i16 %data_0_V_read_1 to i26" [firmware/nnet_utils/nnet_mult.h:73->firmware/nnet_utils/nnet_dense_latency.h:42->firmware/nnet_utils/nnet_dense_stream.h:19]   --->   Operation 11 'sext' 'sext_ln1118' <Predicate = true> <Delay = 0.00>
ST_1 : Operation 12 [1/1] (5.58ns)   --->   "%mul_ln1118 = mul i26 %sext_ln1118, -1050" [firmware/nnet_utils/nnet_mult.h:73->firmware/nnet_utils/nnet_dense_latency.h:42->firmware/nnet_utils/nnet_dense_stream.h:19]   --->   Operation 12 'mul' 'mul_ln1118' <Predicate = true> <Delay = 5.58> <Core = "Mul">   --->   Core 16 'Mul' <Latency = 0> <II = 1> <Delay = 5.58> <FuncUnit> <Opcode : 'mul'> <InPorts = 2> <OutPorts = 1>
ST_1 : Operation 13 [1/1] (0.00ns)   --->   "%trunc_ln = call i16 @_ssdm_op_PartSelect.i16.i26.i32.i32(i26 %mul_ln1118, i32 10, i32 25)" [firmware/nnet_utils/nnet_dense_latency.h:42->firmware/nnet_utils/nnet_dense_stream.h:19]   --->   Operation 13 'partselect' 'trunc_ln' <Predicate = true> <Delay = 0.00>
ST_1 : Operation 14 [1/1] (5.58ns)   --->   "%mul_ln1118_78 = mul i26 %sext_ln1118, -973" [firmware/nnet_utils/nnet_mult.h:73->firmware/nnet_utils/nnet_dense_latency.h:42->firmware/nnet_utils/nnet_dense_stream.h:19]   --->   Operation 14 'mul' 'mul_ln1118_78' <Predicate = true> <Delay = 5.58> <Core = "Mul">   --->   Core 16 'Mul' <Latency = 0> <II = 1> <Delay = 5.58> <FuncUnit> <Opcode : 'mul'> <InPorts = 2> <OutPorts = 1>
ST_1 : Operation 15 [1/1] (0.00ns)   --->   "%trunc_ln708_s = call i16 @_ssdm_op_PartSelect.i16.i26.i32.i32(i26 %mul_ln1118_78, i32 10, i32 25)" [firmware/nnet_utils/nnet_dense_latency.h:42->firmware/nnet_utils/nnet_dense_stream.h:19]   --->   Operation 15 'partselect' 'trunc_ln708_s' <Predicate = true> <Delay = 0.00>
ST_1 : Operation 16 [1/1] (5.58ns)   --->   "%mul_ln1118_79 = mul i26 %sext_ln1118, 733" [firmware/nnet_utils/nnet_mult.h:73->firmware/nnet_utils/nnet_dense_latency.h:42->firmware/nnet_utils/nnet_dense_stream.h:19]   --->   Operation 16 'mul' 'mul_ln1118_79' <Predicate = true> <Delay = 5.58> <Core = "Mul">   --->   Core 16 'Mul' <Latency = 0> <II = 1> <Delay = 5.58> <FuncUnit> <Opcode : 'mul'> <InPorts = 2> <OutPorts = 1>
ST_1 : Operation 17 [1/1] (0.00ns)   --->   "%trunc_ln708_71 = call i16 @_ssdm_op_PartSelect.i16.i26.i32.i32(i26 %mul_ln1118_79, i32 10, i32 25)" [firmware/nnet_utils/nnet_dense_latency.h:42->firmware/nnet_utils/nnet_dense_stream.h:19]   --->   Operation 17 'partselect' 'trunc_ln708_71' <Predicate = true> <Delay = 0.00>
ST_1 : Operation 18 [1/1] (0.00ns)   --->   "%sext_ln1118_79 = sext i16 %data_1_V_read_1 to i26" [firmware/nnet_utils/nnet_mult.h:73->firmware/nnet_utils/nnet_dense_latency.h:42->firmware/nnet_utils/nnet_dense_stream.h:19]   --->   Operation 18 'sext' 'sext_ln1118_79' <Predicate = true> <Delay = 0.00>
ST_1 : Operation 19 [1/1] (5.58ns)   --->   "%mul_ln1118_80 = mul i26 %sext_ln1118_79, 1878" [firmware/nnet_utils/nnet_mult.h:73->firmware/nnet_utils/nnet_dense_latency.h:42->firmware/nnet_utils/nnet_dense_stream.h:19]   --->   Operation 19 'mul' 'mul_ln1118_80' <Predicate = true> <Delay = 5.58> <Core = "Mul">   --->   Core 16 'Mul' <Latency = 0> <II = 1> <Delay = 5.58> <FuncUnit> <Opcode : 'mul'> <InPorts = 2> <OutPorts = 1>
ST_1 : Operation 20 [1/1] (0.00ns)   --->   "%trunc_ln708_72 = call i16 @_ssdm_op_PartSelect.i16.i26.i32.i32(i26 %mul_ln1118_80, i32 10, i32 25)" [firmware/nnet_utils/nnet_dense_latency.h:42->firmware/nnet_utils/nnet_dense_stream.h:19]   --->   Operation 20 'partselect' 'trunc_ln708_72' <Predicate = true> <Delay = 0.00>
ST_1 : Operation 21 [1/1] (5.58ns)   --->   "%mul_ln1118_81 = mul i26 %sext_ln1118_79, 475" [firmware/nnet_utils/nnet_mult.h:73->firmware/nnet_utils/nnet_dense_latency.h:42->firmware/nnet_utils/nnet_dense_stream.h:19]   --->   Operation 21 'mul' 'mul_ln1118_81' <Predicate = true> <Delay = 5.58> <Core = "Mul">   --->   Core 16 'Mul' <Latency = 0> <II = 1> <Delay = 5.58> <FuncUnit> <Opcode : 'mul'> <InPorts = 2> <OutPorts = 1>
ST_1 : Operation 22 [1/1] (0.00ns)   --->   "%trunc_ln708_73 = call i16 @_ssdm_op_PartSelect.i16.i26.i32.i32(i26 %mul_ln1118_81, i32 10, i32 25)" [firmware/nnet_utils/nnet_dense_latency.h:42->firmware/nnet_utils/nnet_dense_stream.h:19]   --->   Operation 22 'partselect' 'trunc_ln708_73' <Predicate = true> <Delay = 0.00>
ST_1 : Operation 23 [1/1] (2.07ns)   --->   "%add_ln703_81 = add i16 %trunc_ln708_73, %trunc_ln" [firmware/nnet_utils/nnet_dense_latency.h:58->firmware/nnet_utils/nnet_dense_stream.h:19]   --->   Operation 23 'add' 'add_ln703_81' <Predicate = true> <Delay = 2.07> <Core = "AddSub">   --->   Core 14 'AddSub' <Latency = 0> <II = 1> <Delay = 2.07> <FuncUnit> <Opcode : 'add' 'sub'> <InPorts = 2> <OutPorts = 1>

State 2 <SV = 1> <Delay = 7.65>
ST_2 : Operation 24 [1/1] (0.00ns)   --->   "%data_2_V_read_1 = call i16 @_ssdm_op_Read.ap_auto.i16(i16 %data_2_V_read)" [firmware/nnet_utils/nnet_dense_stream.h:13]   --->   Operation 24 'read' 'data_2_V_read_1' <Predicate = true> <Delay = 0.00>
ST_2 : Operation 25 [1/1] (5.58ns)   --->   "%mul_ln1118_82 = mul i26 %sext_ln1118_79, -845" [firmware/nnet_utils/nnet_mult.h:73->firmware/nnet_utils/nnet_dense_latency.h:42->firmware/nnet_utils/nnet_dense_stream.h:19]   --->   Operation 25 'mul' 'mul_ln1118_82' <Predicate = true> <Delay = 5.58> <Core = "Mul">   --->   Core 16 'Mul' <Latency = 0> <II = 1> <Delay = 5.58> <FuncUnit> <Opcode : 'mul'> <InPorts = 2> <OutPorts = 1>
ST_2 : Operation 26 [1/1] (0.00ns)   --->   "%trunc_ln708_74 = call i16 @_ssdm_op_PartSelect.i16.i26.i32.i32(i26 %mul_ln1118_82, i32 10, i32 25)" [firmware/nnet_utils/nnet_dense_latency.h:42->firmware/nnet_utils/nnet_dense_stream.h:19]   --->   Operation 26 'partselect' 'trunc_ln708_74' <Predicate = true> <Delay = 0.00>
ST_2 : Operation 27 [1/1] (5.58ns)   --->   "%mul_ln1118_83 = mul i26 %sext_ln1118_79, -1438" [firmware/nnet_utils/nnet_mult.h:73->firmware/nnet_utils/nnet_dense_latency.h:42->firmware/nnet_utils/nnet_dense_stream.h:19]   --->   Operation 27 'mul' 'mul_ln1118_83' <Predicate = true> <Delay = 5.58> <Core = "Mul">   --->   Core 16 'Mul' <Latency = 0> <II = 1> <Delay = 5.58> <FuncUnit> <Opcode : 'mul'> <InPorts = 2> <OutPorts = 1>
ST_2 : Operation 28 [1/1] (0.00ns)   --->   "%trunc_ln708_75 = call i16 @_ssdm_op_PartSelect.i16.i26.i32.i32(i26 %mul_ln1118_83, i32 10, i32 25)" [firmware/nnet_utils/nnet_dense_latency.h:42->firmware/nnet_utils/nnet_dense_stream.h:19]   --->   Operation 28 'partselect' 'trunc_ln708_75' <Predicate = true> <Delay = 0.00>
ST_2 : Operation 29 [1/1] (5.58ns)   --->   "%mul_ln1118_84 = mul i26 %sext_ln1118_79, 1227" [firmware/nnet_utils/nnet_mult.h:73->firmware/nnet_utils/nnet_dense_latency.h:42->firmware/nnet_utils/nnet_dense_stream.h:19]   --->   Operation 29 'mul' 'mul_ln1118_84' <Predicate = true> <Delay = 5.58> <Core = "Mul">   --->   Core 16 'Mul' <Latency = 0> <II = 1> <Delay = 5.58> <FuncUnit> <Opcode : 'mul'> <InPorts = 2> <OutPorts = 1>
ST_2 : Operation 30 [1/1] (0.00ns)   --->   "%trunc_ln708_76 = call i16 @_ssdm_op_PartSelect.i16.i26.i32.i32(i26 %mul_ln1118_84, i32 10, i32 25)" [firmware/nnet_utils/nnet_dense_latency.h:42->firmware/nnet_utils/nnet_dense_stream.h:19]   --->   Operation 30 'partselect' 'trunc_ln708_76' <Predicate = true> <Delay = 0.00>
ST_2 : Operation 31 [1/1] (5.58ns)   --->   "%mul_ln1118_85 = mul i26 %sext_ln1118_79, -1611" [firmware/nnet_utils/nnet_mult.h:73->firmware/nnet_utils/nnet_dense_latency.h:42->firmware/nnet_utils/nnet_dense_stream.h:19]   --->   Operation 31 'mul' 'mul_ln1118_85' <Predicate = true> <Delay = 5.58> <Core = "Mul">   --->   Core 16 'Mul' <Latency = 0> <II = 1> <Delay = 5.58> <FuncUnit> <Opcode : 'mul'> <InPorts = 2> <OutPorts = 1>
ST_2 : Operation 32 [1/1] (0.00ns)   --->   "%trunc_ln708_77 = call i16 @_ssdm_op_PartSelect.i16.i26.i32.i32(i26 %mul_ln1118_85, i32 10, i32 25)" [firmware/nnet_utils/nnet_dense_latency.h:42->firmware/nnet_utils/nnet_dense_stream.h:19]   --->   Operation 32 'partselect' 'trunc_ln708_77' <Predicate = true> <Delay = 0.00>
ST_2 : Operation 33 [1/1] (0.00ns)   --->   "%sext_ln1118_82 = sext i16 %data_2_V_read_1 to i26" [firmware/nnet_utils/nnet_mult.h:73->firmware/nnet_utils/nnet_dense_latency.h:42->firmware/nnet_utils/nnet_dense_stream.h:19]   --->   Operation 33 'sext' 'sext_ln1118_82' <Predicate = true> <Delay = 0.00>
ST_2 : Operation 34 [1/1] (5.58ns)   --->   "%mul_ln1118_86 = mul i26 %sext_ln1118_82, 366" [firmware/nnet_utils/nnet_mult.h:73->firmware/nnet_utils/nnet_dense_latency.h:42->firmware/nnet_utils/nnet_dense_stream.h:19]   --->   Operation 34 'mul' 'mul_ln1118_86' <Predicate = true> <Delay = 5.58> <Core = "Mul">   --->   Core 16 'Mul' <Latency = 0> <II = 1> <Delay = 5.58> <FuncUnit> <Opcode : 'mul'> <InPorts = 2> <OutPorts = 1>
ST_2 : Operation 35 [1/1] (0.00ns)   --->   "%trunc_ln708_79 = call i16 @_ssdm_op_PartSelect.i16.i26.i32.i32(i26 %mul_ln1118_86, i32 10, i32 25)" [firmware/nnet_utils/nnet_dense_latency.h:42->firmware/nnet_utils/nnet_dense_stream.h:19]   --->   Operation 35 'partselect' 'trunc_ln708_79' <Predicate = true> <Delay = 0.00>
ST_2 : Operation 36 [1/1] (2.07ns)   --->   "%add_ln703_74 = add i16 %trunc_ln708_77, %trunc_ln708_s" [firmware/nnet_utils/nnet_dense_latency.h:58->firmware/nnet_utils/nnet_dense_stream.h:19]   --->   Operation 36 'add' 'add_ln703_74' <Predicate = true> <Delay = 2.07> <Core = "AddSub">   --->   Core 14 'AddSub' <Latency = 0> <II = 1> <Delay = 2.07> <FuncUnit> <Opcode : 'add' 'sub'> <InPorts = 2> <OutPorts = 1>
ST_2 : Operation 37 [1/1] (2.07ns)   --->   "%add_ln703_77 = add i16 %trunc_ln708_79, %trunc_ln708_72" [firmware/nnet_utils/nnet_dense_latency.h:58->firmware/nnet_utils/nnet_dense_stream.h:19]   --->   Operation 37 'add' 'add_ln703_77' <Predicate = true> <Delay = 2.07> <Core = "AddSub">   --->   Core 14 'AddSub' <Latency = 0> <II = 1> <Delay = 2.07> <FuncUnit> <Opcode : 'add' 'sub'> <InPorts = 2> <OutPorts = 1>

State 3 <SV = 2> <Delay = 9.48>
ST_3 : Operation 38 [1/1] (0.00ns)   --->   "%data_3_V_read_1 = call i16 @_ssdm_op_Read.ap_auto.i16(i16 %data_3_V_read)" [firmware/nnet_utils/nnet_dense_stream.h:13]   --->   Operation 38 'read' 'data_3_V_read_1' <Predicate = true> <Delay = 0.00>
ST_3 : Operation 39 [1/1] (5.58ns)   --->   "%mul_ln1118_87 = mul i26 %sext_ln1118_82, -875" [firmware/nnet_utils/nnet_mult.h:73->firmware/nnet_utils/nnet_dense_latency.h:42->firmware/nnet_utils/nnet_dense_stream.h:19]   --->   Operation 39 'mul' 'mul_ln1118_87' <Predicate = true> <Delay = 5.58> <Core = "Mul">   --->   Core 16 'Mul' <Latency = 0> <II = 1> <Delay = 5.58> <FuncUnit> <Opcode : 'mul'> <InPorts = 2> <OutPorts = 1>
ST_3 : Operation 40 [1/1] (0.00ns)   --->   "%trunc_ln708_80 = call i16 @_ssdm_op_PartSelect.i16.i26.i32.i32(i26 %mul_ln1118_87, i32 10, i32 25)" [firmware/nnet_utils/nnet_dense_latency.h:42->firmware/nnet_utils/nnet_dense_stream.h:19]   --->   Operation 40 'partselect' 'trunc_ln708_80' <Predicate = true> <Delay = 0.00>
ST_3 : Operation 41 [1/1] (5.58ns)   --->   "%mul_ln1118_88 = mul i26 %sext_ln1118_82, 476" [firmware/nnet_utils/nnet_mult.h:73->firmware/nnet_utils/nnet_dense_latency.h:42->firmware/nnet_utils/nnet_dense_stream.h:19]   --->   Operation 41 'mul' 'mul_ln1118_88' <Predicate = true> <Delay = 5.58> <Core = "Mul">   --->   Core 16 'Mul' <Latency = 0> <II = 1> <Delay = 5.58> <FuncUnit> <Opcode : 'mul'> <InPorts = 2> <OutPorts = 1>
ST_3 : Operation 42 [1/1] (0.00ns)   --->   "%trunc_ln708_81 = call i16 @_ssdm_op_PartSelect.i16.i26.i32.i32(i26 %mul_ln1118_88, i32 10, i32 25)" [firmware/nnet_utils/nnet_dense_latency.h:42->firmware/nnet_utils/nnet_dense_stream.h:19]   --->   Operation 42 'partselect' 'trunc_ln708_81' <Predicate = true> <Delay = 0.00>
ST_3 : Operation 43 [1/1] (5.58ns)   --->   "%mul_ln1118_89 = mul i26 %sext_ln1118_82, 582" [firmware/nnet_utils/nnet_mult.h:73->firmware/nnet_utils/nnet_dense_latency.h:42->firmware/nnet_utils/nnet_dense_stream.h:19]   --->   Operation 43 'mul' 'mul_ln1118_89' <Predicate = true> <Delay = 5.58> <Core = "Mul">   --->   Core 16 'Mul' <Latency = 0> <II = 1> <Delay = 5.58> <FuncUnit> <Opcode : 'mul'> <InPorts = 2> <OutPorts = 1>
ST_3 : Operation 44 [1/1] (0.00ns)   --->   "%trunc_ln708_82 = call i16 @_ssdm_op_PartSelect.i16.i26.i32.i32(i26 %mul_ln1118_89, i32 10, i32 25)" [firmware/nnet_utils/nnet_dense_latency.h:42->firmware/nnet_utils/nnet_dense_stream.h:19]   --->   Operation 44 'partselect' 'trunc_ln708_82' <Predicate = true> <Delay = 0.00>
ST_3 : Operation 45 [1/1] (5.58ns)   --->   "%mul_ln1118_90 = mul i26 %sext_ln1118_82, -1235" [firmware/nnet_utils/nnet_mult.h:73->firmware/nnet_utils/nnet_dense_latency.h:42->firmware/nnet_utils/nnet_dense_stream.h:19]   --->   Operation 45 'mul' 'mul_ln1118_90' <Predicate = true> <Delay = 5.58> <Core = "Mul">   --->   Core 16 'Mul' <Latency = 0> <II = 1> <Delay = 5.58> <FuncUnit> <Opcode : 'mul'> <InPorts = 2> <OutPorts = 1>
ST_3 : Operation 46 [1/1] (0.00ns)   --->   "%trunc_ln708_83 = call i16 @_ssdm_op_PartSelect.i16.i26.i32.i32(i26 %mul_ln1118_90, i32 10, i32 25)" [firmware/nnet_utils/nnet_dense_latency.h:42->firmware/nnet_utils/nnet_dense_stream.h:19]   --->   Operation 46 'partselect' 'trunc_ln708_83' <Predicate = true> <Delay = 0.00>
ST_3 : Operation 47 [1/1] (0.00ns)   --->   "%sext_ln1118_83 = sext i16 %data_3_V_read_1 to i26" [firmware/nnet_utils/nnet_mult.h:73->firmware/nnet_utils/nnet_dense_latency.h:42->firmware/nnet_utils/nnet_dense_stream.h:19]   --->   Operation 47 'sext' 'sext_ln1118_83' <Predicate = true> <Delay = 0.00>
ST_3 : Operation 48 [1/1] (5.58ns)   --->   "%mul_ln1118_91 = mul i26 %sext_ln1118_83, -3750" [firmware/nnet_utils/nnet_mult.h:73->firmware/nnet_utils/nnet_dense_latency.h:42->firmware/nnet_utils/nnet_dense_stream.h:19]   --->   Operation 48 'mul' 'mul_ln1118_91' <Predicate = true> <Delay = 5.58> <Core = "Mul">   --->   Core 16 'Mul' <Latency = 0> <II = 1> <Delay = 5.58> <FuncUnit> <Opcode : 'mul'> <InPorts = 2> <OutPorts = 1>
ST_3 : Operation 49 [1/1] (0.00ns)   --->   "%trunc_ln708_84 = call i16 @_ssdm_op_PartSelect.i16.i26.i32.i32(i26 %mul_ln1118_91, i32 10, i32 25)" [firmware/nnet_utils/nnet_dense_latency.h:42->firmware/nnet_utils/nnet_dense_stream.h:19]   --->   Operation 49 'partselect' 'trunc_ln708_84' <Predicate = true> <Delay = 0.00>
ST_3 : Operation 50 [1/1] (2.07ns)   --->   "%add_ln703 = add i16 %trunc_ln708_83, %trunc_ln708_76" [firmware/nnet_utils/nnet_dense_latency.h:58->firmware/nnet_utils/nnet_dense_stream.h:19]   --->   Operation 50 'add' 'add_ln703' <Predicate = true> <Delay = 2.07> <Core = "AddSub">   --->   Core 14 'AddSub' <Latency = 0> <II = 1> <Delay = 2.07> <FuncUnit> <Opcode : 'add' 'sub'> <InPorts = 2> <OutPorts = 1>
ST_3 : Operation 51 [1/1] (0.00ns) (grouped into TernaryAdder)   --->   "%add_ln703_82 = add i16 %trunc_ln708_84, %trunc_ln708_80" [firmware/nnet_utils/nnet_dense_latency.h:58->firmware/nnet_utils/nnet_dense_stream.h:19]   --->   Operation 51 'add' 'add_ln703_82' <Predicate = true> <Delay = 0.00> <Core = "TAddSub">   --->   Core 83 'TAddSub' <Latency = 0> <II = 1> <Delay = 1.95> <IPBlock> <Opcode : 'add' 'sub'> <InPorts = 3> <OutPorts = 1> <Sync> <CReg>
ST_3 : Operation 52 [1/1] (3.90ns) (root node of TernaryAdder)   --->   "%add_ln703_83 = add i16 %add_ln703_81, %add_ln703_82" [firmware/nnet_utils/nnet_dense_latency.h:58->firmware/nnet_utils/nnet_dense_stream.h:19]   --->   Operation 52 'add' 'add_ln703_83' <Predicate = true> <Delay = 3.90> <Core = "TAddSub">   --->   Core 83 'TAddSub' <Latency = 0> <II = 1> <Delay = 1.95> <IPBlock> <Opcode : 'add' 'sub'> <InPorts = 3> <OutPorts = 1> <Sync> <CReg>
ST_3 : Operation 53 [1/1] (2.07ns)   --->   "%add_ln703_88 = add i16 %trunc_ln708_81, %trunc_ln708_74" [firmware/nnet_utils/nnet_dense_latency.h:58->firmware/nnet_utils/nnet_dense_stream.h:19]   --->   Operation 53 'add' 'add_ln703_88' <Predicate = true> <Delay = 2.07> <Core = "AddSub">   --->   Core 14 'AddSub' <Latency = 0> <II = 1> <Delay = 2.07> <FuncUnit> <Opcode : 'add' 'sub'> <InPorts = 2> <OutPorts = 1>
ST_3 : Operation 54 [1/1] (2.07ns)   --->   "%add_ln703_92 = add i16 %trunc_ln708_82, %trunc_ln708_75" [firmware/nnet_utils/nnet_dense_latency.h:58->firmware/nnet_utils/nnet_dense_stream.h:19]   --->   Operation 54 'add' 'add_ln703_92' <Predicate = true> <Delay = 2.07> <Core = "AddSub">   --->   Core 14 'AddSub' <Latency = 0> <II = 1> <Delay = 2.07> <FuncUnit> <Opcode : 'add' 'sub'> <InPorts = 2> <OutPorts = 1>

State 4 <SV = 3> <Delay = 5.58>
ST_4 : Operation 55 [1/1] (5.58ns)   --->   "%mul_ln1118_92 = mul i26 %sext_ln1118_83, 1174" [firmware/nnet_utils/nnet_mult.h:73->firmware/nnet_utils/nnet_dense_latency.h:42->firmware/nnet_utils/nnet_dense_stream.h:19]   --->   Operation 55 'mul' 'mul_ln1118_92' <Predicate = true> <Delay = 5.58> <Core = "Mul">   --->   Core 16 'Mul' <Latency = 0> <II = 1> <Delay = 5.58> <FuncUnit> <Opcode : 'mul'> <InPorts = 2> <OutPorts = 1>
ST_4 : Operation 56 [1/1] (0.00ns)   --->   "%trunc_ln708_85 = call i16 @_ssdm_op_PartSelect.i16.i26.i32.i32(i26 %mul_ln1118_92, i32 10, i32 25)" [firmware/nnet_utils/nnet_dense_latency.h:42->firmware/nnet_utils/nnet_dense_stream.h:19]   --->   Operation 56 'partselect' 'trunc_ln708_85' <Predicate = true> <Delay = 0.00>
ST_4 : Operation 57 [1/1] (5.58ns)   --->   "%mul_ln1118_93 = mul i26 %sext_ln1118_83, 1428" [firmware/nnet_utils/nnet_mult.h:73->firmware/nnet_utils/nnet_dense_latency.h:42->firmware/nnet_utils/nnet_dense_stream.h:19]   --->   Operation 57 'mul' 'mul_ln1118_93' <Predicate = true> <Delay = 5.58> <Core = "Mul">   --->   Core 16 'Mul' <Latency = 0> <II = 1> <Delay = 5.58> <FuncUnit> <Opcode : 'mul'> <InPorts = 2> <OutPorts = 1>
ST_4 : Operation 58 [1/1] (0.00ns)   --->   "%trunc_ln708_86 = call i16 @_ssdm_op_PartSelect.i16.i26.i32.i32(i26 %mul_ln1118_93, i32 10, i32 25)" [firmware/nnet_utils/nnet_dense_latency.h:42->firmware/nnet_utils/nnet_dense_stream.h:19]   --->   Operation 58 'partselect' 'trunc_ln708_86' <Predicate = true> <Delay = 0.00>
ST_4 : Operation 59 [1/1] (5.58ns)   --->   "%mul_ln1118_94 = mul i26 %sext_ln1118_83, -1109" [firmware/nnet_utils/nnet_mult.h:73->firmware/nnet_utils/nnet_dense_latency.h:42->firmware/nnet_utils/nnet_dense_stream.h:19]   --->   Operation 59 'mul' 'mul_ln1118_94' <Predicate = true> <Delay = 5.58> <Core = "Mul">   --->   Core 16 'Mul' <Latency = 0> <II = 1> <Delay = 5.58> <FuncUnit> <Opcode : 'mul'> <InPorts = 2> <OutPorts = 1>
ST_4 : Operation 60 [1/1] (0.00ns)   --->   "%trunc_ln708_87 = call i16 @_ssdm_op_PartSelect.i16.i26.i32.i32(i26 %mul_ln1118_94, i32 10, i32 25)" [firmware/nnet_utils/nnet_dense_latency.h:42->firmware/nnet_utils/nnet_dense_stream.h:19]   --->   Operation 60 'partselect' 'trunc_ln708_87' <Predicate = true> <Delay = 0.00>
ST_4 : Operation 61 [1/1] (5.58ns)   --->   "%mul_ln1118_95 = mul i26 %sext_ln1118_83, 1853" [firmware/nnet_utils/nnet_mult.h:73->firmware/nnet_utils/nnet_dense_latency.h:42->firmware/nnet_utils/nnet_dense_stream.h:19]   --->   Operation 61 'mul' 'mul_ln1118_95' <Predicate = true> <Delay = 5.58> <Core = "Mul">   --->   Core 16 'Mul' <Latency = 0> <II = 1> <Delay = 5.58> <FuncUnit> <Opcode : 'mul'> <InPorts = 2> <OutPorts = 1>
ST_4 : Operation 62 [1/1] (0.00ns)   --->   "%trunc_ln708_88 = call i16 @_ssdm_op_PartSelect.i16.i26.i32.i32(i26 %mul_ln1118_95, i32 10, i32 25)" [firmware/nnet_utils/nnet_dense_latency.h:42->firmware/nnet_utils/nnet_dense_stream.h:19]   --->   Operation 62 'partselect' 'trunc_ln708_88' <Predicate = true> <Delay = 0.00>
ST_4 : Operation 63 [1/1] (5.58ns)   --->   "%mul_ln1118_96 = mul i26 %sext_ln1118_83, -900" [firmware/nnet_utils/nnet_mult.h:73->firmware/nnet_utils/nnet_dense_latency.h:42->firmware/nnet_utils/nnet_dense_stream.h:19]   --->   Operation 63 'mul' 'mul_ln1118_96' <Predicate = true> <Delay = 5.58> <Core = "Mul">   --->   Core 16 'Mul' <Latency = 0> <II = 1> <Delay = 5.58> <FuncUnit> <Opcode : 'mul'> <InPorts = 2> <OutPorts = 1>
ST_4 : Operation 64 [1/1] (0.00ns)   --->   "%trunc_ln708_89 = call i16 @_ssdm_op_PartSelect.i16.i26.i32.i32(i26 %mul_ln1118_96, i32 10, i32 25)" [firmware/nnet_utils/nnet_dense_latency.h:42->firmware/nnet_utils/nnet_dense_stream.h:19]   --->   Operation 64 'partselect' 'trunc_ln708_89' <Predicate = true> <Delay = 0.00>

State 5 <SV = 4> <Delay = 7.65>
ST_5 : Operation 65 [1/1] (0.00ns)   --->   "%data_5_V_read_1 = call i16 @_ssdm_op_Read.ap_auto.i16(i16 %data_5_V_read)" [firmware/nnet_utils/nnet_dense_stream.h:13]   --->   Operation 65 'read' 'data_5_V_read_1' <Predicate = true> <Delay = 0.00>
ST_5 : Operation 66 [1/1] (0.00ns)   --->   "%data_4_V_read_1 = call i16 @_ssdm_op_Read.ap_auto.i16(i16 %data_4_V_read)" [firmware/nnet_utils/nnet_dense_stream.h:13]   --->   Operation 66 'read' 'data_4_V_read_1' <Predicate = true> <Delay = 0.00>
ST_5 : Operation 67 [1/1] (5.58ns)   --->   "%mul_ln1118_97 = mul i26 %sext_ln1118_83, -783" [firmware/nnet_utils/nnet_mult.h:73->firmware/nnet_utils/nnet_dense_latency.h:42->firmware/nnet_utils/nnet_dense_stream.h:19]   --->   Operation 67 'mul' 'mul_ln1118_97' <Predicate = true> <Delay = 5.58> <Core = "Mul">   --->   Core 16 'Mul' <Latency = 0> <II = 1> <Delay = 5.58> <FuncUnit> <Opcode : 'mul'> <InPorts = 2> <OutPorts = 1>
ST_5 : Operation 68 [1/1] (0.00ns)   --->   "%trunc_ln708_90 = call i16 @_ssdm_op_PartSelect.i16.i26.i32.i32(i26 %mul_ln1118_97, i32 10, i32 25)" [firmware/nnet_utils/nnet_dense_latency.h:42->firmware/nnet_utils/nnet_dense_stream.h:19]   --->   Operation 68 'partselect' 'trunc_ln708_90' <Predicate = true> <Delay = 0.00>
ST_5 : Operation 69 [1/1] (0.00ns)   --->   "%sext_ln1118_84 = sext i16 %data_4_V_read_1 to i26" [firmware/nnet_utils/nnet_mult.h:73->firmware/nnet_utils/nnet_dense_latency.h:42->firmware/nnet_utils/nnet_dense_stream.h:19]   --->   Operation 69 'sext' 'sext_ln1118_84' <Predicate = true> <Delay = 0.00>
ST_5 : Operation 70 [1/1] (5.58ns)   --->   "%mul_ln1118_98 = mul i26 %sext_ln1118_84, -854" [firmware/nnet_utils/nnet_mult.h:73->firmware/nnet_utils/nnet_dense_latency.h:42->firmware/nnet_utils/nnet_dense_stream.h:19]   --->   Operation 70 'mul' 'mul_ln1118_98' <Predicate = true> <Delay = 5.58> <Core = "Mul">   --->   Core 16 'Mul' <Latency = 0> <II = 1> <Delay = 5.58> <FuncUnit> <Opcode : 'mul'> <InPorts = 2> <OutPorts = 1>
ST_5 : Operation 71 [1/1] (0.00ns)   --->   "%trunc_ln708_91 = call i16 @_ssdm_op_PartSelect.i16.i26.i32.i32(i26 %mul_ln1118_98, i32 10, i32 25)" [firmware/nnet_utils/nnet_dense_latency.h:42->firmware/nnet_utils/nnet_dense_stream.h:19]   --->   Operation 71 'partselect' 'trunc_ln708_91' <Predicate = true> <Delay = 0.00>
ST_5 : Operation 72 [1/1] (5.58ns)   --->   "%mul_ln1118_99 = mul i26 %sext_ln1118_84, 757" [firmware/nnet_utils/nnet_mult.h:73->firmware/nnet_utils/nnet_dense_latency.h:42->firmware/nnet_utils/nnet_dense_stream.h:19]   --->   Operation 72 'mul' 'mul_ln1118_99' <Predicate = true> <Delay = 5.58> <Core = "Mul">   --->   Core 16 'Mul' <Latency = 0> <II = 1> <Delay = 5.58> <FuncUnit> <Opcode : 'mul'> <InPorts = 2> <OutPorts = 1>
ST_5 : Operation 73 [1/1] (0.00ns)   --->   "%trunc_ln708_92 = call i16 @_ssdm_op_PartSelect.i16.i26.i32.i32(i26 %mul_ln1118_99, i32 10, i32 25)" [firmware/nnet_utils/nnet_dense_latency.h:42->firmware/nnet_utils/nnet_dense_stream.h:19]   --->   Operation 73 'partselect' 'trunc_ln708_92' <Predicate = true> <Delay = 0.00>
ST_5 : Operation 74 [1/1] (0.00ns)   --->   "%sext_ln1118_85 = sext i16 %data_5_V_read_1 to i26" [firmware/nnet_utils/nnet_mult.h:73->firmware/nnet_utils/nnet_dense_latency.h:42->firmware/nnet_utils/nnet_dense_stream.h:19]   --->   Operation 74 'sext' 'sext_ln1118_85' <Predicate = true> <Delay = 0.00>
ST_5 : Operation 75 [1/1] (5.58ns)   --->   "%mul_ln1118_100 = mul i26 %sext_ln1118_85, 1067" [firmware/nnet_utils/nnet_mult.h:73->firmware/nnet_utils/nnet_dense_latency.h:42->firmware/nnet_utils/nnet_dense_stream.h:19]   --->   Operation 75 'mul' 'mul_ln1118_100' <Predicate = true> <Delay = 5.58> <Core = "Mul">   --->   Core 16 'Mul' <Latency = 0> <II = 1> <Delay = 5.58> <FuncUnit> <Opcode : 'mul'> <InPorts = 2> <OutPorts = 1>
ST_5 : Operation 76 [1/1] (0.00ns)   --->   "%trunc_ln708_93 = call i16 @_ssdm_op_PartSelect.i16.i26.i32.i32(i26 %mul_ln1118_100, i32 10, i32 25)" [firmware/nnet_utils/nnet_dense_latency.h:42->firmware/nnet_utils/nnet_dense_stream.h:19]   --->   Operation 76 'partselect' 'trunc_ln708_93' <Predicate = true> <Delay = 0.00>
ST_5 : Operation 77 [1/1] (5.58ns)   --->   "%mul_ln1118_101 = mul i26 %sext_ln1118_85, 800" [firmware/nnet_utils/nnet_mult.h:73->firmware/nnet_utils/nnet_dense_latency.h:42->firmware/nnet_utils/nnet_dense_stream.h:19]   --->   Operation 77 'mul' 'mul_ln1118_101' <Predicate = true> <Delay = 5.58> <Core = "Mul">   --->   Core 16 'Mul' <Latency = 0> <II = 1> <Delay = 5.58> <FuncUnit> <Opcode : 'mul'> <InPorts = 2> <OutPorts = 1>
ST_5 : Operation 78 [1/1] (0.00ns)   --->   "%trunc_ln708_94 = call i16 @_ssdm_op_PartSelect.i16.i26.i32.i32(i26 %mul_ln1118_101, i32 10, i32 25)" [firmware/nnet_utils/nnet_dense_latency.h:42->firmware/nnet_utils/nnet_dense_stream.h:19]   --->   Operation 78 'partselect' 'trunc_ln708_94' <Predicate = true> <Delay = 0.00>
ST_5 : Operation 79 [1/1] (2.07ns)   --->   "%add_ln703_84 = add i16 %trunc_ln708_94, %trunc_ln708_91" [firmware/nnet_utils/nnet_dense_latency.h:58->firmware/nnet_utils/nnet_dense_stream.h:19]   --->   Operation 79 'add' 'add_ln703_84' <Predicate = true> <Delay = 2.07> <Core = "AddSub">   --->   Core 14 'AddSub' <Latency = 0> <II = 1> <Delay = 2.07> <FuncUnit> <Opcode : 'add' 'sub'> <InPorts = 2> <OutPorts = 1>

State 6 <SV = 5> <Delay = 9.48>
ST_6 : Operation 80 [1/1] (5.58ns)   --->   "%mul_ln1118_102 = mul i26 %sext_ln1118_85, -1148" [firmware/nnet_utils/nnet_mult.h:73->firmware/nnet_utils/nnet_dense_latency.h:42->firmware/nnet_utils/nnet_dense_stream.h:19]   --->   Operation 80 'mul' 'mul_ln1118_102' <Predicate = true> <Delay = 5.58> <Core = "Mul">   --->   Core 16 'Mul' <Latency = 0> <II = 1> <Delay = 5.58> <FuncUnit> <Opcode : 'mul'> <InPorts = 2> <OutPorts = 1>
ST_6 : Operation 81 [1/1] (0.00ns)   --->   "%trunc_ln708_95 = call i16 @_ssdm_op_PartSelect.i16.i26.i32.i32(i26 %mul_ln1118_102, i32 10, i32 25)" [firmware/nnet_utils/nnet_dense_latency.h:42->firmware/nnet_utils/nnet_dense_stream.h:19]   --->   Operation 81 'partselect' 'trunc_ln708_95' <Predicate = true> <Delay = 0.00>
ST_6 : Operation 82 [1/1] (5.58ns)   --->   "%mul_ln1118_103 = mul i26 %sext_ln1118_85, -1496" [firmware/nnet_utils/nnet_mult.h:73->firmware/nnet_utils/nnet_dense_latency.h:42->firmware/nnet_utils/nnet_dense_stream.h:19]   --->   Operation 82 'mul' 'mul_ln1118_103' <Predicate = true> <Delay = 5.58> <Core = "Mul">   --->   Core 16 'Mul' <Latency = 0> <II = 1> <Delay = 5.58> <FuncUnit> <Opcode : 'mul'> <InPorts = 2> <OutPorts = 1>
ST_6 : Operation 83 [1/1] (0.00ns)   --->   "%trunc_ln708_96 = call i16 @_ssdm_op_PartSelect.i16.i26.i32.i32(i26 %mul_ln1118_103, i32 10, i32 25)" [firmware/nnet_utils/nnet_dense_latency.h:42->firmware/nnet_utils/nnet_dense_stream.h:19]   --->   Operation 83 'partselect' 'trunc_ln708_96' <Predicate = true> <Delay = 0.00>
ST_6 : Operation 84 [1/1] (5.58ns)   --->   "%mul_ln1118_104 = mul i26 %sext_ln1118_85, 1061" [firmware/nnet_utils/nnet_mult.h:73->firmware/nnet_utils/nnet_dense_latency.h:42->firmware/nnet_utils/nnet_dense_stream.h:19]   --->   Operation 84 'mul' 'mul_ln1118_104' <Predicate = true> <Delay = 5.58> <Core = "Mul">   --->   Core 16 'Mul' <Latency = 0> <II = 1> <Delay = 5.58> <FuncUnit> <Opcode : 'mul'> <InPorts = 2> <OutPorts = 1>
ST_6 : Operation 85 [1/1] (0.00ns)   --->   "%trunc_ln708_97 = call i16 @_ssdm_op_PartSelect.i16.i26.i32.i32(i26 %mul_ln1118_104, i32 10, i32 25)" [firmware/nnet_utils/nnet_dense_latency.h:42->firmware/nnet_utils/nnet_dense_stream.h:19]   --->   Operation 85 'partselect' 'trunc_ln708_97' <Predicate = true> <Delay = 0.00>
ST_6 : Operation 86 [1/1] (5.58ns)   --->   "%mul_ln1118_105 = mul i26 %sext_ln1118_85, -1444" [firmware/nnet_utils/nnet_mult.h:73->firmware/nnet_utils/nnet_dense_latency.h:42->firmware/nnet_utils/nnet_dense_stream.h:19]   --->   Operation 86 'mul' 'mul_ln1118_105' <Predicate = true> <Delay = 5.58> <Core = "Mul">   --->   Core 16 'Mul' <Latency = 0> <II = 1> <Delay = 5.58> <FuncUnit> <Opcode : 'mul'> <InPorts = 2> <OutPorts = 1>
ST_6 : Operation 87 [1/1] (0.00ns)   --->   "%trunc_ln708_98 = call i16 @_ssdm_op_PartSelect.i16.i26.i32.i32(i26 %mul_ln1118_105, i32 10, i32 25)" [firmware/nnet_utils/nnet_dense_latency.h:42->firmware/nnet_utils/nnet_dense_stream.h:19]   --->   Operation 87 'partselect' 'trunc_ln708_98' <Predicate = true> <Delay = 0.00>
ST_6 : Operation 88 [1/1] (5.58ns)   --->   "%mul_ln1118_106 = mul i26 %sext_ln1118_85, 577" [firmware/nnet_utils/nnet_mult.h:73->firmware/nnet_utils/nnet_dense_latency.h:42->firmware/nnet_utils/nnet_dense_stream.h:19]   --->   Operation 88 'mul' 'mul_ln1118_106' <Predicate = true> <Delay = 5.58> <Core = "Mul">   --->   Core 16 'Mul' <Latency = 0> <II = 1> <Delay = 5.58> <FuncUnit> <Opcode : 'mul'> <InPorts = 2> <OutPorts = 1>
ST_6 : Operation 89 [1/1] (0.00ns)   --->   "%trunc_ln708_99 = call i16 @_ssdm_op_PartSelect.i16.i26.i32.i32(i26 %mul_ln1118_106, i32 10, i32 25)" [firmware/nnet_utils/nnet_dense_latency.h:42->firmware/nnet_utils/nnet_dense_stream.h:19]   --->   Operation 89 'partselect' 'trunc_ln708_99' <Predicate = true> <Delay = 0.00>
ST_6 : Operation 90 [1/1] (0.00ns) (grouped into TernaryAdder)   --->   "%add_ln703_72 = add i16 %trunc_ln708_97, %trunc_ln708_87" [firmware/nnet_utils/nnet_dense_latency.h:58->firmware/nnet_utils/nnet_dense_stream.h:19]   --->   Operation 90 'add' 'add_ln703_72' <Predicate = true> <Delay = 0.00> <Core = "TAddSub">   --->   Core 83 'TAddSub' <Latency = 0> <II = 1> <Delay = 1.95> <IPBlock> <Opcode : 'add' 'sub'> <InPorts = 3> <OutPorts = 1> <Sync> <CReg>
ST_6 : Operation 91 [1/1] (3.90ns) (root node of TernaryAdder)   --->   "%add_ln703_73 = add i16 %add_ln703, %add_ln703_72" [firmware/nnet_utils/nnet_dense_latency.h:58->firmware/nnet_utils/nnet_dense_stream.h:19]   --->   Operation 91 'add' 'add_ln703_73' <Predicate = true> <Delay = 3.90> <Core = "TAddSub">   --->   Core 83 'TAddSub' <Latency = 0> <II = 1> <Delay = 1.95> <IPBlock> <Opcode : 'add' 'sub'> <InPorts = 3> <OutPorts = 1> <Sync> <CReg>
ST_6 : Operation 92 [1/1] (0.00ns) (grouped into TernaryAdder)   --->   "%add_ln703_75 = add i16 %trunc_ln708_98, %trunc_ln708_88" [firmware/nnet_utils/nnet_dense_latency.h:58->firmware/nnet_utils/nnet_dense_stream.h:19]   --->   Operation 92 'add' 'add_ln703_75' <Predicate = true> <Delay = 0.00> <Core = "TAddSub">   --->   Core 83 'TAddSub' <Latency = 0> <II = 1> <Delay = 1.95> <IPBlock> <Opcode : 'add' 'sub'> <InPorts = 3> <OutPorts = 1> <Sync> <CReg>
ST_6 : Operation 93 [1/1] (3.90ns) (root node of TernaryAdder)   --->   "%add_ln703_76 = add i16 %add_ln703_74, %add_ln703_75" [firmware/nnet_utils/nnet_dense_latency.h:58->firmware/nnet_utils/nnet_dense_stream.h:19]   --->   Operation 93 'add' 'add_ln703_76' <Predicate = true> <Delay = 3.90> <Core = "TAddSub">   --->   Core 83 'TAddSub' <Latency = 0> <II = 1> <Delay = 1.95> <IPBlock> <Opcode : 'add' 'sub'> <InPorts = 3> <OutPorts = 1> <Sync> <CReg>

State 7 <SV = 6> <Delay = 11.5>
ST_7 : Operation 94 [1/1] (0.00ns)   --->   "%data_7_V_read_1 = call i16 @_ssdm_op_Read.ap_auto.i16(i16 %data_7_V_read)" [firmware/nnet_utils/nnet_dense_stream.h:13]   --->   Operation 94 'read' 'data_7_V_read_1' <Predicate = true> <Delay = 0.00>
ST_7 : Operation 95 [1/1] (0.00ns)   --->   "%data_6_V_read_1 = call i16 @_ssdm_op_Read.ap_auto.i16(i16 %data_6_V_read)" [firmware/nnet_utils/nnet_dense_stream.h:13]   --->   Operation 95 'read' 'data_6_V_read_1' <Predicate = true> <Delay = 0.00>
ST_7 : Operation 96 [1/1] (0.00ns)   --->   "%sext_ln1118_86 = sext i16 %data_6_V_read_1 to i26" [firmware/nnet_utils/nnet_mult.h:73->firmware/nnet_utils/nnet_dense_latency.h:42->firmware/nnet_utils/nnet_dense_stream.h:19]   --->   Operation 96 'sext' 'sext_ln1118_86' <Predicate = true> <Delay = 0.00>
ST_7 : Operation 97 [1/1] (5.58ns)   --->   "%mul_ln1118_107 = mul i26 %sext_ln1118_86, -1433" [firmware/nnet_utils/nnet_mult.h:73->firmware/nnet_utils/nnet_dense_latency.h:42->firmware/nnet_utils/nnet_dense_stream.h:19]   --->   Operation 97 'mul' 'mul_ln1118_107' <Predicate = true> <Delay = 5.58> <Core = "Mul">   --->   Core 16 'Mul' <Latency = 0> <II = 1> <Delay = 5.58> <FuncUnit> <Opcode : 'mul'> <InPorts = 2> <OutPorts = 1>
ST_7 : Operation 98 [1/1] (0.00ns)   --->   "%trunc_ln708_100 = call i16 @_ssdm_op_PartSelect.i16.i26.i32.i32(i26 %mul_ln1118_107, i32 10, i32 25)" [firmware/nnet_utils/nnet_dense_latency.h:42->firmware/nnet_utils/nnet_dense_stream.h:19]   --->   Operation 98 'partselect' 'trunc_ln708_100' <Predicate = true> <Delay = 0.00>
ST_7 : Operation 99 [1/1] (5.58ns)   --->   "%mul_ln1118_108 = mul i26 %sext_ln1118_86, 970" [firmware/nnet_utils/nnet_mult.h:73->firmware/nnet_utils/nnet_dense_latency.h:42->firmware/nnet_utils/nnet_dense_stream.h:19]   --->   Operation 99 'mul' 'mul_ln1118_108' <Predicate = true> <Delay = 5.58> <Core = "Mul">   --->   Core 16 'Mul' <Latency = 0> <II = 1> <Delay = 5.58> <FuncUnit> <Opcode : 'mul'> <InPorts = 2> <OutPorts = 1>
ST_7 : Operation 100 [1/1] (0.00ns)   --->   "%trunc_ln708_101 = call i16 @_ssdm_op_PartSelect.i16.i26.i32.i32(i26 %mul_ln1118_108, i32 10, i32 25)" [firmware/nnet_utils/nnet_dense_latency.h:42->firmware/nnet_utils/nnet_dense_stream.h:19]   --->   Operation 100 'partselect' 'trunc_ln708_101' <Predicate = true> <Delay = 0.00>
ST_7 : Operation 101 [1/1] (0.00ns)   --->   "%sext_ln1118_87 = sext i16 %data_7_V_read_1 to i26" [firmware/nnet_utils/nnet_mult.h:73->firmware/nnet_utils/nnet_dense_latency.h:42->firmware/nnet_utils/nnet_dense_stream.h:19]   --->   Operation 101 'sext' 'sext_ln1118_87' <Predicate = true> <Delay = 0.00>
ST_7 : Operation 102 [1/1] (5.58ns)   --->   "%mul_ln1118_109 = mul i26 %sext_ln1118_87, -1742" [firmware/nnet_utils/nnet_mult.h:73->firmware/nnet_utils/nnet_dense_latency.h:42->firmware/nnet_utils/nnet_dense_stream.h:19]   --->   Operation 102 'mul' 'mul_ln1118_109' <Predicate = true> <Delay = 5.58> <Core = "Mul">   --->   Core 16 'Mul' <Latency = 0> <II = 1> <Delay = 5.58> <FuncUnit> <Opcode : 'mul'> <InPorts = 2> <OutPorts = 1>
ST_7 : Operation 103 [1/1] (0.00ns)   --->   "%trunc_ln708_102 = call i16 @_ssdm_op_PartSelect.i16.i26.i32.i32(i26 %mul_ln1118_109, i32 10, i32 25)" [firmware/nnet_utils/nnet_dense_latency.h:42->firmware/nnet_utils/nnet_dense_stream.h:19]   --->   Operation 103 'partselect' 'trunc_ln708_102' <Predicate = true> <Delay = 0.00>
ST_7 : Operation 104 [1/1] (5.58ns)   --->   "%mul_ln1118_110 = mul i26 %sext_ln1118_87, 2126" [firmware/nnet_utils/nnet_mult.h:73->firmware/nnet_utils/nnet_dense_latency.h:42->firmware/nnet_utils/nnet_dense_stream.h:19]   --->   Operation 104 'mul' 'mul_ln1118_110' <Predicate = true> <Delay = 5.58> <Core = "Mul">   --->   Core 16 'Mul' <Latency = 0> <II = 1> <Delay = 5.58> <FuncUnit> <Opcode : 'mul'> <InPorts = 2> <OutPorts = 1>
ST_7 : Operation 105 [1/1] (0.00ns)   --->   "%trunc_ln708_103 = call i16 @_ssdm_op_PartSelect.i16.i26.i32.i32(i26 %mul_ln1118_110, i32 10, i32 25)" [firmware/nnet_utils/nnet_dense_latency.h:42->firmware/nnet_utils/nnet_dense_stream.h:19]   --->   Operation 105 'partselect' 'trunc_ln708_103' <Predicate = true> <Delay = 0.00>
ST_7 : Operation 106 [1/1] (5.58ns)   --->   "%mul_ln1118_111 = mul i26 %sext_ln1118_87, -1214" [firmware/nnet_utils/nnet_mult.h:73->firmware/nnet_utils/nnet_dense_latency.h:42->firmware/nnet_utils/nnet_dense_stream.h:19]   --->   Operation 106 'mul' 'mul_ln1118_111' <Predicate = true> <Delay = 5.58> <Core = "Mul">   --->   Core 16 'Mul' <Latency = 0> <II = 1> <Delay = 5.58> <FuncUnit> <Opcode : 'mul'> <InPorts = 2> <OutPorts = 1>
ST_7 : Operation 107 [1/1] (0.00ns)   --->   "%trunc_ln708_104 = call i16 @_ssdm_op_PartSelect.i16.i26.i32.i32(i26 %mul_ln1118_111, i32 10, i32 25)" [firmware/nnet_utils/nnet_dense_latency.h:42->firmware/nnet_utils/nnet_dense_stream.h:19]   --->   Operation 107 'partselect' 'trunc_ln708_104' <Predicate = true> <Delay = 0.00>
ST_7 : Operation 108 [1/1] (2.07ns)   --->   "%add_ln703_78 = add i16 %trunc_ln708_102, %trunc_ln708_100" [firmware/nnet_utils/nnet_dense_latency.h:58->firmware/nnet_utils/nnet_dense_stream.h:19]   --->   Operation 108 'add' 'add_ln703_78' <Predicate = true> <Delay = 2.07> <Core = "AddSub">   --->   Core 14 'AddSub' <Latency = 0> <II = 1> <Delay = 2.07> <FuncUnit> <Opcode : 'add' 'sub'> <InPorts = 2> <OutPorts = 1>
ST_7 : Operation 109 [1/1] (0.00ns) (grouped into TernaryAdder)   --->   "%add_ln703_79 = add i16 %trunc_ln708_93, %add_ln703_78" [firmware/nnet_utils/nnet_dense_latency.h:58->firmware/nnet_utils/nnet_dense_stream.h:19]   --->   Operation 109 'add' 'add_ln703_79' <Predicate = true> <Delay = 0.00> <Core = "TAddSub">   --->   Core 83 'TAddSub' <Latency = 0> <II = 1> <Delay = 1.95> <IPBlock> <Opcode : 'add' 'sub'> <InPorts = 3> <OutPorts = 1> <Sync> <CReg>
ST_7 : Operation 110 [1/1] (3.90ns) (root node of TernaryAdder)   --->   "%add_ln703_80 = add i16 %add_ln703_77, %add_ln703_79" [firmware/nnet_utils/nnet_dense_latency.h:58->firmware/nnet_utils/nnet_dense_stream.h:19]   --->   Operation 110 'add' 'add_ln703_80' <Predicate = true> <Delay = 3.90> <Core = "TAddSub">   --->   Core 83 'TAddSub' <Latency = 0> <II = 1> <Delay = 1.95> <IPBlock> <Opcode : 'add' 'sub'> <InPorts = 3> <OutPorts = 1> <Sync> <CReg>
ST_7 : Operation 111 [1/1] (2.07ns)   --->   "%add_ln703_85 = add i16 %trunc_ln708_103, %trunc_ln708_101" [firmware/nnet_utils/nnet_dense_latency.h:58->firmware/nnet_utils/nnet_dense_stream.h:19]   --->   Operation 111 'add' 'add_ln703_85' <Predicate = true> <Delay = 2.07> <Core = "AddSub">   --->   Core 14 'AddSub' <Latency = 0> <II = 1> <Delay = 2.07> <FuncUnit> <Opcode : 'add' 'sub'> <InPorts = 2> <OutPorts = 1>
ST_7 : Operation 112 [1/1] (0.00ns) (grouped into TernaryAdder)   --->   "%add_ln703_86 = add i16 %add_ln703_84, %add_ln703_85" [firmware/nnet_utils/nnet_dense_latency.h:58->firmware/nnet_utils/nnet_dense_stream.h:19]   --->   Operation 112 'add' 'add_ln703_86' <Predicate = true> <Delay = 0.00> <Core = "TAddSub">   --->   Core 83 'TAddSub' <Latency = 0> <II = 1> <Delay = 1.95> <IPBlock> <Opcode : 'add' 'sub'> <InPorts = 3> <OutPorts = 1> <Sync> <CReg>
ST_7 : Operation 113 [1/1] (3.90ns) (root node of TernaryAdder)   --->   "%add_ln703_87 = add i16 %add_ln703_83, %add_ln703_86" [firmware/nnet_utils/nnet_dense_latency.h:58->firmware/nnet_utils/nnet_dense_stream.h:19]   --->   Operation 113 'add' 'add_ln703_87' <Predicate = true> <Delay = 3.90> <Core = "TAddSub">   --->   Core 83 'TAddSub' <Latency = 0> <II = 1> <Delay = 1.95> <IPBlock> <Opcode : 'add' 'sub'> <InPorts = 3> <OutPorts = 1> <Sync> <CReg>
ST_7 : Operation 114 [1/1] (2.07ns)   --->   "%add_ln703_89 = add i16 %trunc_ln708_104, %trunc_ln708_95" [firmware/nnet_utils/nnet_dense_latency.h:58->firmware/nnet_utils/nnet_dense_stream.h:19]   --->   Operation 114 'add' 'add_ln703_89' <Predicate = true> <Delay = 2.07> <Core = "AddSub">   --->   Core 14 'AddSub' <Latency = 0> <II = 1> <Delay = 2.07> <FuncUnit> <Opcode : 'add' 'sub'> <InPorts = 2> <OutPorts = 1>
ST_7 : Operation 115 [1/1] (0.00ns) (grouped into TernaryAdder)   --->   "%add_ln703_90 = add i16 %trunc_ln708_85, %add_ln703_89" [firmware/nnet_utils/nnet_dense_latency.h:58->firmware/nnet_utils/nnet_dense_stream.h:19]   --->   Operation 115 'add' 'add_ln703_90' <Predicate = true> <Delay = 0.00> <Core = "TAddSub">   --->   Core 83 'TAddSub' <Latency = 0> <II = 1> <Delay = 1.95> <IPBlock> <Opcode : 'add' 'sub'> <InPorts = 3> <OutPorts = 1> <Sync> <CReg>
ST_7 : Operation 116 [1/1] (3.90ns) (root node of TernaryAdder)   --->   "%add_ln703_91 = add i16 %add_ln703_88, %add_ln703_90" [firmware/nnet_utils/nnet_dense_latency.h:58->firmware/nnet_utils/nnet_dense_stream.h:19]   --->   Operation 116 'add' 'add_ln703_91' <Predicate = true> <Delay = 3.90> <Core = "TAddSub">   --->   Core 83 'TAddSub' <Latency = 0> <II = 1> <Delay = 1.95> <IPBlock> <Opcode : 'add' 'sub'> <InPorts = 3> <OutPorts = 1> <Sync> <CReg>

State 8 <SV = 7> <Delay = 11.5>
ST_8 : Operation 117 [1/1] (0.00ns)   --->   "%tmp = call i32 (...)* @_ssdm_op_SpecRegionBegin([13 x i8]* @p_str28)" [firmware/nnet_utils/nnet_dense_stream.h:17]   --->   Operation 117 'specregionbegin' 'tmp' <Predicate = true> <Delay = 0.00>
ST_8 : Operation 118 [1/1] (0.00ns)   --->   "call void (...)* @_ssdm_op_SpecPipeline(i32 8, i32 1, i32 1, i32 0, [1 x i8]* @p_str10) nounwind" [firmware/nnet_utils/nnet_dense_stream.h:18]   --->   Operation 118 'specpipeline' <Predicate = true> <Delay = 0.00>
ST_8 : Operation 119 [1/1] (0.00ns)   --->   "call void (...)* @_ssdm_op_SpecResourceLimit(i32 5, [4 x i8]* @p_str23, [1 x i8]* @p_str10, [1 x i8]* @p_str10, [1 x i8]* @p_str10) nounwind" [firmware/nnet_utils/nnet_dense_latency.h:33->firmware/nnet_utils/nnet_dense_stream.h:19]   --->   Operation 119 'specresourcelimit' <Predicate = true> <Delay = 0.00>
ST_8 : Operation 120 [1/1] (0.00ns)   --->   "%shl_ln = call i25 @_ssdm_op_BitConcatenate.i25.i16.i9(i16 %data_1_V_read_1, i9 0)" [firmware/nnet_utils/nnet_mult.h:73->firmware/nnet_utils/nnet_dense_latency.h:42->firmware/nnet_utils/nnet_dense_stream.h:19]   --->   Operation 120 'bitconcatenate' 'shl_ln' <Predicate = true> <Delay = 0.00>
ST_8 : Operation 121 [1/1] (0.00ns)   --->   "%sext_ln1118_80 = sext i25 %shl_ln to i26" [firmware/nnet_utils/nnet_mult.h:73->firmware/nnet_utils/nnet_dense_latency.h:42->firmware/nnet_utils/nnet_dense_stream.h:19]   --->   Operation 121 'sext' 'sext_ln1118_80' <Predicate = true> <Delay = 0.00>
ST_8 : Operation 122 [1/1] (0.00ns)   --->   "%shl_ln1118_5 = call i19 @_ssdm_op_BitConcatenate.i19.i16.i3(i16 %data_1_V_read_1, i3 0)" [firmware/nnet_utils/nnet_mult.h:73->firmware/nnet_utils/nnet_dense_latency.h:42->firmware/nnet_utils/nnet_dense_stream.h:19]   --->   Operation 122 'bitconcatenate' 'shl_ln1118_5' <Predicate = true> <Delay = 0.00>
ST_8 : Operation 123 [1/1] (0.00ns)   --->   "%sext_ln1118_81 = sext i19 %shl_ln1118_5 to i26" [firmware/nnet_utils/nnet_mult.h:73->firmware/nnet_utils/nnet_dense_latency.h:42->firmware/nnet_utils/nnet_dense_stream.h:19]   --->   Operation 123 'sext' 'sext_ln1118_81' <Predicate = true> <Delay = 0.00>
ST_8 : Operation 124 [1/1] (2.34ns)   --->   "%sub_ln1118 = sub i26 %sext_ln1118_80, %sext_ln1118_81" [firmware/nnet_utils/nnet_mult.h:73->firmware/nnet_utils/nnet_dense_latency.h:42->firmware/nnet_utils/nnet_dense_stream.h:19]   --->   Operation 124 'sub' 'sub_ln1118' <Predicate = true> <Delay = 2.34> <Core = "AddSub">   --->   Core 14 'AddSub' <Latency = 0> <II = 1> <Delay = 2.07> <FuncUnit> <Opcode : 'add' 'sub'> <InPorts = 2> <OutPorts = 1>
ST_8 : Operation 125 [1/1] (0.00ns)   --->   "%trunc_ln708_78 = call i16 @_ssdm_op_PartSelect.i16.i26.i32.i32(i26 %sub_ln1118, i32 10, i32 25)" [firmware/nnet_utils/nnet_dense_latency.h:42->firmware/nnet_utils/nnet_dense_stream.h:19]   --->   Operation 125 'partselect' 'trunc_ln708_78' <Predicate = true> <Delay = 0.00>
ST_8 : Operation 126 [1/1] (5.58ns)   --->   "%mul_ln1118_112 = mul i26 %sext_ln1118_87, -642" [firmware/nnet_utils/nnet_mult.h:73->firmware/nnet_utils/nnet_dense_latency.h:42->firmware/nnet_utils/nnet_dense_stream.h:19]   --->   Operation 126 'mul' 'mul_ln1118_112' <Predicate = true> <Delay = 5.58> <Core = "Mul">   --->   Core 16 'Mul' <Latency = 0> <II = 1> <Delay = 5.58> <FuncUnit> <Opcode : 'mul'> <InPorts = 2> <OutPorts = 1>
ST_8 : Operation 127 [1/1] (0.00ns)   --->   "%trunc_ln708_105 = call i16 @_ssdm_op_PartSelect.i16.i26.i32.i32(i26 %mul_ln1118_112, i32 10, i32 25)" [firmware/nnet_utils/nnet_dense_latency.h:42->firmware/nnet_utils/nnet_dense_stream.h:19]   --->   Operation 127 'partselect' 'trunc_ln708_105' <Predicate = true> <Delay = 0.00>
ST_8 : Operation 128 [1/1] (5.58ns)   --->   "%mul_ln1118_113 = mul i26 %sext_ln1118_87, 1196" [firmware/nnet_utils/nnet_mult.h:73->firmware/nnet_utils/nnet_dense_latency.h:42->firmware/nnet_utils/nnet_dense_stream.h:19]   --->   Operation 128 'mul' 'mul_ln1118_113' <Predicate = true> <Delay = 5.58> <Core = "Mul">   --->   Core 16 'Mul' <Latency = 0> <II = 1> <Delay = 5.58> <FuncUnit> <Opcode : 'mul'> <InPorts = 2> <OutPorts = 1>
ST_8 : Operation 129 [1/1] (0.00ns)   --->   "%trunc_ln708_106 = call i16 @_ssdm_op_PartSelect.i16.i26.i32.i32(i26 %mul_ln1118_113, i32 10, i32 25)" [firmware/nnet_utils/nnet_dense_latency.h:42->firmware/nnet_utils/nnet_dense_stream.h:19]   --->   Operation 129 'partselect' 'trunc_ln708_106' <Predicate = true> <Delay = 0.00>
ST_8 : Operation 130 [1/1] (5.58ns)   --->   "%mul_ln1118_114 = mul i26 %sext_ln1118_87, -1553" [firmware/nnet_utils/nnet_mult.h:73->firmware/nnet_utils/nnet_dense_latency.h:42->firmware/nnet_utils/nnet_dense_stream.h:19]   --->   Operation 130 'mul' 'mul_ln1118_114' <Predicate = true> <Delay = 5.58> <Core = "Mul">   --->   Core 16 'Mul' <Latency = 0> <II = 1> <Delay = 5.58> <FuncUnit> <Opcode : 'mul'> <InPorts = 2> <OutPorts = 1>
ST_8 : Operation 131 [1/1] (0.00ns)   --->   "%trunc_ln708_107 = call i16 @_ssdm_op_PartSelect.i16.i26.i32.i32(i26 %mul_ln1118_114, i32 10, i32 25)" [firmware/nnet_utils/nnet_dense_latency.h:42->firmware/nnet_utils/nnet_dense_stream.h:19]   --->   Operation 131 'partselect' 'trunc_ln708_107' <Predicate = true> <Delay = 0.00>
ST_8 : Operation 132 [1/1] (5.58ns)   --->   "%mul_ln1118_115 = mul i26 %sext_ln1118_87, 589" [firmware/nnet_utils/nnet_mult.h:73->firmware/nnet_utils/nnet_dense_latency.h:42->firmware/nnet_utils/nnet_dense_stream.h:19]   --->   Operation 132 'mul' 'mul_ln1118_115' <Predicate = true> <Delay = 5.58> <Core = "Mul">   --->   Core 16 'Mul' <Latency = 0> <II = 1> <Delay = 5.58> <FuncUnit> <Opcode : 'mul'> <InPorts = 2> <OutPorts = 1>
ST_8 : Operation 133 [1/1] (0.00ns)   --->   "%trunc_ln708_108 = call i16 @_ssdm_op_PartSelect.i16.i26.i32.i32(i26 %mul_ln1118_115, i32 10, i32 25)" [firmware/nnet_utils/nnet_dense_latency.h:42->firmware/nnet_utils/nnet_dense_stream.h:19]   --->   Operation 133 'partselect' 'trunc_ln708_108' <Predicate = true> <Delay = 0.00>
ST_8 : Operation 134 [1/1] (2.07ns)   --->   "%add_ln703_93 = add i16 %trunc_ln708_105, %trunc_ln708_96" [firmware/nnet_utils/nnet_dense_latency.h:58->firmware/nnet_utils/nnet_dense_stream.h:19]   --->   Operation 134 'add' 'add_ln703_93' <Predicate = true> <Delay = 2.07> <Core = "AddSub">   --->   Core 14 'AddSub' <Latency = 0> <II = 1> <Delay = 2.07> <FuncUnit> <Opcode : 'add' 'sub'> <InPorts = 2> <OutPorts = 1>
ST_8 : Operation 135 [1/1] (0.00ns) (grouped into TernaryAdder)   --->   "%add_ln703_94 = add i16 %trunc_ln708_86, %add_ln703_93" [firmware/nnet_utils/nnet_dense_latency.h:58->firmware/nnet_utils/nnet_dense_stream.h:19]   --->   Operation 135 'add' 'add_ln703_94' <Predicate = true> <Delay = 0.00> <Core = "TAddSub">   --->   Core 83 'TAddSub' <Latency = 0> <II = 1> <Delay = 1.95> <IPBlock> <Opcode : 'add' 'sub'> <InPorts = 3> <OutPorts = 1> <Sync> <CReg>
ST_8 : Operation 136 [1/1] (3.90ns) (root node of TernaryAdder)   --->   "%add_ln703_95 = add i16 %add_ln703_92, %add_ln703_94" [firmware/nnet_utils/nnet_dense_latency.h:58->firmware/nnet_utils/nnet_dense_stream.h:19]   --->   Operation 136 'add' 'add_ln703_95' <Predicate = true> <Delay = 3.90> <Core = "TAddSub">   --->   Core 83 'TAddSub' <Latency = 0> <II = 1> <Delay = 1.95> <IPBlock> <Opcode : 'add' 'sub'> <InPorts = 3> <OutPorts = 1> <Sync> <CReg>
ST_8 : Operation 137 [1/1] (0.00ns) (grouped into TernaryAdder)   --->   "%add_ln703_96 = add i16 %trunc_ln708_106, %trunc_ln708_92" [firmware/nnet_utils/nnet_dense_latency.h:58->firmware/nnet_utils/nnet_dense_stream.h:19]   --->   Operation 137 'add' 'add_ln703_96' <Predicate = true> <Delay = 0.00> <Core = "TAddSub">   --->   Core 83 'TAddSub' <Latency = 0> <II = 1> <Delay = 1.95> <IPBlock> <Opcode : 'add' 'sub'> <InPorts = 3> <OutPorts = 1> <Sync> <CReg>
ST_8 : Operation 138 [1/1] (3.90ns) (root node of TernaryAdder)   --->   "%add_ln703_97 = add i16 %trunc_ln708_89, %add_ln703_96" [firmware/nnet_utils/nnet_dense_latency.h:58->firmware/nnet_utils/nnet_dense_stream.h:19]   --->   Operation 138 'add' 'add_ln703_97' <Predicate = true> <Delay = 3.90> <Core = "TAddSub">   --->   Core 83 'TAddSub' <Latency = 0> <II = 1> <Delay = 1.95> <IPBlock> <Opcode : 'add' 'sub'> <InPorts = 3> <OutPorts = 1> <Sync> <CReg>
ST_8 : Operation 139 [1/1] (0.00ns) (grouped into TernaryAdder)   --->   "%add_ln703_98 = add i16 %trunc_ln708_107, %trunc_ln708_99" [firmware/nnet_utils/nnet_dense_latency.h:58->firmware/nnet_utils/nnet_dense_stream.h:19]   --->   Operation 139 'add' 'add_ln703_98' <Predicate = true> <Delay = 0.00> <Core = "TAddSub">   --->   Core 83 'TAddSub' <Latency = 0> <II = 1> <Delay = 1.95> <IPBlock> <Opcode : 'add' 'sub'> <InPorts = 3> <OutPorts = 1> <Sync> <CReg>
ST_8 : Operation 140 [1/1] (3.90ns) (root node of TernaryAdder)   --->   "%add_ln703_99 = add i16 %trunc_ln708_71, %add_ln703_98" [firmware/nnet_utils/nnet_dense_latency.h:58->firmware/nnet_utils/nnet_dense_stream.h:19]   --->   Operation 140 'add' 'add_ln703_99' <Predicate = true> <Delay = 3.90> <Core = "TAddSub">   --->   Core 83 'TAddSub' <Latency = 0> <II = 1> <Delay = 1.95> <IPBlock> <Opcode : 'add' 'sub'> <InPorts = 3> <OutPorts = 1> <Sync> <CReg>
ST_8 : Operation 141 [1/1] (0.00ns) (grouped into TernaryAdder)   --->   "%add_ln703_100 = add i16 %trunc_ln708_108, %trunc_ln708_90" [firmware/nnet_utils/nnet_dense_latency.h:58->firmware/nnet_utils/nnet_dense_stream.h:19]   --->   Operation 141 'add' 'add_ln703_100' <Predicate = true> <Delay = 0.00> <Core = "TAddSub">   --->   Core 83 'TAddSub' <Latency = 0> <II = 1> <Delay = 1.95> <IPBlock> <Opcode : 'add' 'sub'> <InPorts = 3> <OutPorts = 1> <Sync> <CReg>
ST_8 : Operation 142 [1/1] (3.90ns) (root node of TernaryAdder)   --->   "%add_ln703_101 = add i16 %trunc_ln708_78, %add_ln703_100" [firmware/nnet_utils/nnet_dense_latency.h:58->firmware/nnet_utils/nnet_dense_stream.h:19]   --->   Operation 142 'add' 'add_ln703_101' <Predicate = true> <Delay = 3.90> <Core = "TAddSub">   --->   Core 83 'TAddSub' <Latency = 0> <II = 1> <Delay = 1.95> <IPBlock> <Opcode : 'add' 'sub'> <InPorts = 3> <OutPorts = 1> <Sync> <CReg>
ST_8 : Operation 143 [1/1] (0.00ns)   --->   "%empty = call i32 (...)* @_ssdm_op_SpecRegionEnd([13 x i8]* @p_str28, i32 %tmp)" [firmware/nnet_utils/nnet_dense_stream.h:20]   --->   Operation 143 'specregionend' 'empty' <Predicate = true> <Delay = 0.00>
ST_8 : Operation 144 [1/1] (0.00ns)   --->   "%newret = insertvalue { i16, i16, i16, i16, i16, i16, i16, i16, i16 } undef, i16 %add_ln703_80, 0" [firmware/nnet_utils/nnet_dense_latency.h:58->firmware/nnet_utils/nnet_dense_stream.h:19]   --->   Operation 144 'insertvalue' 'newret' <Predicate = true> <Delay = 0.00>
ST_8 : Operation 145 [1/1] (0.00ns)   --->   "%newret2 = insertvalue { i16, i16, i16, i16, i16, i16, i16, i16, i16 } %newret, i16 %add_ln703_87, 1" [firmware/nnet_utils/nnet_dense_latency.h:58->firmware/nnet_utils/nnet_dense_stream.h:19]   --->   Operation 145 'insertvalue' 'newret2' <Predicate = true> <Delay = 0.00>
ST_8 : Operation 146 [1/1] (0.00ns)   --->   "%newret4 = insertvalue { i16, i16, i16, i16, i16, i16, i16, i16, i16 } %newret2, i16 %add_ln703_91, 2" [firmware/nnet_utils/nnet_dense_latency.h:58->firmware/nnet_utils/nnet_dense_stream.h:19]   --->   Operation 146 'insertvalue' 'newret4' <Predicate = true> <Delay = 0.00>
ST_8 : Operation 147 [1/1] (0.00ns)   --->   "%newret6 = insertvalue { i16, i16, i16, i16, i16, i16, i16, i16, i16 } %newret4, i16 %add_ln703_95, 3" [firmware/nnet_utils/nnet_dense_latency.h:58->firmware/nnet_utils/nnet_dense_stream.h:19]   --->   Operation 147 'insertvalue' 'newret6' <Predicate = true> <Delay = 0.00>
ST_8 : Operation 148 [1/1] (0.00ns)   --->   "%newret8 = insertvalue { i16, i16, i16, i16, i16, i16, i16, i16, i16 } %newret6, i16 %add_ln703_73, 4" [firmware/nnet_utils/nnet_dense_latency.h:58->firmware/nnet_utils/nnet_dense_stream.h:19]   --->   Operation 148 'insertvalue' 'newret8' <Predicate = true> <Delay = 0.00>
ST_8 : Operation 149 [1/1] (0.00ns)   --->   "%newret1 = insertvalue { i16, i16, i16, i16, i16, i16, i16, i16, i16 } %newret8, i16 %add_ln703_76, 5" [firmware/nnet_utils/nnet_dense_latency.h:58->firmware/nnet_utils/nnet_dense_stream.h:19]   --->   Operation 149 'insertvalue' 'newret1' <Predicate = true> <Delay = 0.00>
ST_8 : Operation 150 [1/1] (0.00ns)   --->   "%newret3 = insertvalue { i16, i16, i16, i16, i16, i16, i16, i16, i16 } %newret1, i16 %add_ln703_97, 6" [firmware/nnet_utils/nnet_dense_latency.h:58->firmware/nnet_utils/nnet_dense_stream.h:19]   --->   Operation 150 'insertvalue' 'newret3' <Predicate = true> <Delay = 0.00>
ST_8 : Operation 151 [1/1] (0.00ns)   --->   "%newret5 = insertvalue { i16, i16, i16, i16, i16, i16, i16, i16, i16 } %newret3, i16 %add_ln703_99, 7" [firmware/nnet_utils/nnet_dense_latency.h:58->firmware/nnet_utils/nnet_dense_stream.h:19]   --->   Operation 151 'insertvalue' 'newret5' <Predicate = true> <Delay = 0.00>
ST_8 : Operation 152 [1/1] (0.00ns)   --->   "%newret7 = insertvalue { i16, i16, i16, i16, i16, i16, i16, i16, i16 } %newret5, i16 %add_ln703_101, 8" [firmware/nnet_utils/nnet_dense_latency.h:58->firmware/nnet_utils/nnet_dense_stream.h:19]   --->   Operation 152 'insertvalue' 'newret7' <Predicate = true> <Delay = 0.00>
ST_8 : Operation 153 [1/1] (0.00ns)   --->   "ret { i16, i16, i16, i16, i16, i16, i16, i16, i16 } %newret7" [firmware/nnet_utils/nnet_dense_latency.h:58->firmware/nnet_utils/nnet_dense_stream.h:19]   --->   Operation 153 'ret' <Predicate = true> <Delay = 0.00>


============================================================
+ Verbose Summary: Timing violations
============================================================
Target clock period: 25ns, clock uncertainty: 3.12ns.

 <State 1>: 7.66ns
The critical path consists of the following:
	wire read on port 'data_1_V_read' (firmware/nnet_utils/nnet_dense_stream.h:13) [15]  (0 ns)
	'mul' operation ('mul_ln1118_81', firmware/nnet_utils/nnet_mult.h:73->firmware/nnet_utils/nnet_dense_latency.h:42->firmware/nnet_utils/nnet_dense_stream.h:19) [30]  (5.58 ns)
	'add' operation ('add_ln703_81', firmware/nnet_utils/nnet_dense_latency.h:58->firmware/nnet_utils/nnet_dense_stream.h:19) [122]  (2.08 ns)

 <State 2>: 7.66ns
The critical path consists of the following:
	wire read on port 'data_2_V_read' (firmware/nnet_utils/nnet_dense_stream.h:13) [14]  (0 ns)
	'mul' operation ('mul_ln1118_86', firmware/nnet_utils/nnet_mult.h:73->firmware/nnet_utils/nnet_dense_latency.h:42->firmware/nnet_utils/nnet_dense_stream.h:19) [47]  (5.58 ns)
	'add' operation ('add_ln703_77', firmware/nnet_utils/nnet_dense_latency.h:58->firmware/nnet_utils/nnet_dense_stream.h:19) [118]  (2.08 ns)

 <State 3>: 9.48ns
The critical path consists of the following:
	wire read on port 'data_3_V_read' (firmware/nnet_utils/nnet_dense_stream.h:13) [13]  (0 ns)
	'mul' operation ('mul_ln1118_91', firmware/nnet_utils/nnet_mult.h:73->firmware/nnet_utils/nnet_dense_latency.h:42->firmware/nnet_utils/nnet_dense_stream.h:19) [58]  (5.58 ns)
	'add' operation ('add_ln703_82', firmware/nnet_utils/nnet_dense_latency.h:58->firmware/nnet_utils/nnet_dense_stream.h:19) [123]  (0 ns)
	'add' operation ('add_ln703_83', firmware/nnet_utils/nnet_dense_latency.h:58->firmware/nnet_utils/nnet_dense_stream.h:19) [124]  (3.9 ns)

 <State 4>: 5.58ns
The critical path consists of the following:
	'mul' operation ('mul_ln1118_92', firmware/nnet_utils/nnet_mult.h:73->firmware/nnet_utils/nnet_dense_latency.h:42->firmware/nnet_utils/nnet_dense_stream.h:19) [60]  (5.58 ns)

 <State 5>: 7.66ns
The critical path consists of the following:
	wire read on port 'data_5_V_read' (firmware/nnet_utils/nnet_dense_stream.h:13) [11]  (0 ns)
	'mul' operation ('mul_ln1118_101', firmware/nnet_utils/nnet_mult.h:73->firmware/nnet_utils/nnet_dense_latency.h:42->firmware/nnet_utils/nnet_dense_stream.h:19) [80]  (5.58 ns)
	'add' operation ('add_ln703_84', firmware/nnet_utils/nnet_dense_latency.h:58->firmware/nnet_utils/nnet_dense_stream.h:19) [125]  (2.08 ns)

 <State 6>: 9.48ns
The critical path consists of the following:
	'mul' operation ('mul_ln1118_104', firmware/nnet_utils/nnet_mult.h:73->firmware/nnet_utils/nnet_dense_latency.h:42->firmware/nnet_utils/nnet_dense_stream.h:19) [86]  (5.58 ns)
	'add' operation ('add_ln703_72', firmware/nnet_utils/nnet_dense_latency.h:58->firmware/nnet_utils/nnet_dense_stream.h:19) [113]  (0 ns)
	'add' operation ('res[4].V', firmware/nnet_utils/nnet_dense_latency.h:58->firmware/nnet_utils/nnet_dense_stream.h:19) [114]  (3.9 ns)

 <State 7>: 11.6ns
The critical path consists of the following:
	wire read on port 'data_7_V_read' (firmware/nnet_utils/nnet_dense_stream.h:13) [9]  (0 ns)
	'mul' operation ('mul_ln1118_109', firmware/nnet_utils/nnet_mult.h:73->firmware/nnet_utils/nnet_dense_latency.h:42->firmware/nnet_utils/nnet_dense_stream.h:19) [98]  (5.58 ns)
	'add' operation ('add_ln703_78', firmware/nnet_utils/nnet_dense_latency.h:58->firmware/nnet_utils/nnet_dense_stream.h:19) [119]  (2.08 ns)
	'add' operation ('add_ln703_79', firmware/nnet_utils/nnet_dense_latency.h:58->firmware/nnet_utils/nnet_dense_stream.h:19) [120]  (0 ns)
	'add' operation ('res[0].V', firmware/nnet_utils/nnet_dense_latency.h:58->firmware/nnet_utils/nnet_dense_stream.h:19) [121]  (3.9 ns)

 <State 8>: 11.6ns
The critical path consists of the following:
	'mul' operation ('mul_ln1118_112', firmware/nnet_utils/nnet_mult.h:73->firmware/nnet_utils/nnet_dense_latency.h:42->firmware/nnet_utils/nnet_dense_stream.h:19) [104]  (5.58 ns)
	'add' operation ('add_ln703_93', firmware/nnet_utils/nnet_dense_latency.h:58->firmware/nnet_utils/nnet_dense_stream.h:19) [134]  (2.08 ns)
	'add' operation ('add_ln703_94', firmware/nnet_utils/nnet_dense_latency.h:58->firmware/nnet_utils/nnet_dense_stream.h:19) [135]  (0 ns)
	'add' operation ('res[3].V', firmware/nnet_utils/nnet_dense_latency.h:58->firmware/nnet_utils/nnet_dense_stream.h:19) [136]  (3.9 ns)


============================================================
+ Verbose Summary: Binding
============================================================
N/A
* FSMD analyzer results:
  - Output states:
 - Input state : 
  - Chain level:
	State 1
	State 2
	State 3
	State 4
	State 5
	State 6
	State 7
	State 8


============================================================
+ Verbose Summary: Datapath Resource usage 
============================================================
N/A
