

================================================================
== Vivado HLS Report for 'myproject'
================================================================
* Date:           Wed Dec 27 16:11:01 2023

* Version:        2020.1 (Build 2897737 on Wed May 27 20:21:37 MDT 2020)
* Project:        myproject_prj
* Solution:       solution1
* Product family: zynq
* Target device:  xc7z020-clg400-1


================================================================
== Performance Estimates
================================================================
+ Timing: 
    * Summary: 
    +--------+----------+-----------+------------+
    |  Clock |  Target  | Estimated | Uncertainty|
    +--------+----------+-----------+------------+
    |ap_clk  | 25.00 ns | 20.472 ns |   3.12 ns  |
    +--------+----------+-----------+------------+

+ Latency: 
    * Summary: 
    +---------+---------+----------+----------+-----+-----+----------+
    |  Latency (cycles) |  Latency (absolute) |  Interval | Pipeline |
    |   min   |   max   |    min   |    max   | min | max |   Type   |
    +---------+---------+----------+----------+-----+-----+----------+
    |       13|       13| 0.325 us | 0.325 us |    6|    6| function |
    +---------+---------+----------+----------+-----+-----+----------+

    + Detail: 
        * Instance: 
        N/A

        * Loop: 
        N/A

============================================================
+ Verbose Summary: Synthesis Manager
============================================================
InlineROM: 1
ExposeGlobal: 0
============================================================
+ Verbose Summary: CDFG Model
============================================================
IsTopModel: 1
ResetActiveHigh: 1
IsCombinational: 0
IsDatapathOnly: 0
HasWiredReturn: 1
HasMFsm: 2
HasVarLatency: 0
IsPipeline: 1
IsRtlPipelined: 1
IsInstanceOverlapped: 0
IsDontTouch: 0
HasImplIP: 0
IsGatedGlobalClock: 0

+ Individual pipeline summary: 
  * Pipeline-0: initiation interval (II) = 6, depth = 14


============================================================
+ Verbose Summary: Schedule
============================================================
* Number of FSM states : 14
* Pipeline : 1
  Pipeline-0 : II = 6, D = 14, States = { 1 2 3 4 5 6 7 8 9 10 11 12 13 14 }
* Dataflow Pipeline: 0

* FSM state transitions: 
1 --> 2 
2 --> 3 
3 --> 4 
4 --> 5 
5 --> 6 
6 --> 7 
7 --> 8 
8 --> 9 
9 --> 10 
10 --> 11 
11 --> 12 
12 --> 13 
13 --> 14 
14 --> 

* FSM state operations: 

State 1 <SV = 0> <Delay = 5.58>
ST_1 : Operation 15 [1/1] (0.00ns)   --->   "%dense_input_V_read = call i64 @_ssdm_op_Read.ap_vld.i64P(i64* %dense_input_V)"   --->   Operation 15 'read' 'dense_input_V_read' <Predicate = true> <Delay = 0.00>
ST_1 : Operation 16 [5/5] (5.58ns)   --->   "%call_ret = call fastcc { i16, i16, i16, i16, i16, i16, i16, i16, i16, i16, i16, i16, i16, i16, i16, i16, i16, i16, i16, i16, i16, i16, i16, i16, i16, i16, i16, i16, i16, i16, i16, i16, i16, i16, i16, i16, i16, i16, i16, i16, i16, i16, i16, i16, i16, i16, i16, i16, i16, i16, i16 } @dense_latency.0.0.0.0.0.0.0.0.0.0.0.0.0.0.0.0.0.0.0.0.0.0.0.0.0.0.0.0.0.0.0.0.0.(i64 %dense_input_V_read)"   --->   Operation 16 'call' 'call_ret' <Predicate = true> <Delay = 5.58> <CoreType = "Generic">   --->   Core 0 '' <Latency = 0> <II = 1> <Delay = 1.00> <Generic> <Opcode : >

State 2 <SV = 1> <Delay = 9.48>
ST_2 : Operation 17 [4/5] (9.48ns)   --->   "%call_ret = call fastcc { i16, i16, i16, i16, i16, i16, i16, i16, i16, i16, i16, i16, i16, i16, i16, i16, i16, i16, i16, i16, i16, i16, i16, i16, i16, i16, i16, i16, i16, i16, i16, i16, i16, i16, i16, i16, i16, i16, i16, i16, i16, i16, i16, i16, i16, i16, i16, i16, i16, i16, i16 } @dense_latency.0.0.0.0.0.0.0.0.0.0.0.0.0.0.0.0.0.0.0.0.0.0.0.0.0.0.0.0.0.0.0.0.0.(i64 %dense_input_V_read)"   --->   Operation 17 'call' 'call_ret' <Predicate = true> <Delay = 9.48> <CoreType = "Generic">   --->   Core 0 '' <Latency = 0> <II = 1> <Delay = 1.00> <Generic> <Opcode : >

State 3 <SV = 2> <Delay = 9.48>
ST_3 : Operation 18 [3/5] (9.48ns)   --->   "%call_ret = call fastcc { i16, i16, i16, i16, i16, i16, i16, i16, i16, i16, i16, i16, i16, i16, i16, i16, i16, i16, i16, i16, i16, i16, i16, i16, i16, i16, i16, i16, i16, i16, i16, i16, i16, i16, i16, i16, i16, i16, i16, i16, i16, i16, i16, i16, i16, i16, i16, i16, i16, i16, i16 } @dense_latency.0.0.0.0.0.0.0.0.0.0.0.0.0.0.0.0.0.0.0.0.0.0.0.0.0.0.0.0.0.0.0.0.0.(i64 %dense_input_V_read)"   --->   Operation 18 'call' 'call_ret' <Predicate = true> <Delay = 9.48> <CoreType = "Generic">   --->   Core 0 '' <Latency = 0> <II = 1> <Delay = 1.00> <Generic> <Opcode : >

State 4 <SV = 3> <Delay = 9.48>
ST_4 : Operation 19 [2/5] (9.48ns)   --->   "%call_ret = call fastcc { i16, i16, i16, i16, i16, i16, i16, i16, i16, i16, i16, i16, i16, i16, i16, i16, i16, i16, i16, i16, i16, i16, i16, i16, i16, i16, i16, i16, i16, i16, i16, i16, i16, i16, i16, i16, i16, i16, i16, i16, i16, i16, i16, i16, i16, i16, i16, i16, i16, i16, i16 } @dense_latency.0.0.0.0.0.0.0.0.0.0.0.0.0.0.0.0.0.0.0.0.0.0.0.0.0.0.0.0.0.0.0.0.0.(i64 %dense_input_V_read)"   --->   Operation 19 'call' 'call_ret' <Predicate = true> <Delay = 9.48> <CoreType = "Generic">   --->   Core 0 '' <Latency = 0> <II = 1> <Delay = 1.00> <Generic> <Opcode : >

State 5 <SV = 4> <Delay = 9.48>
ST_5 : Operation 20 [1/5] (9.48ns)   --->   "%call_ret = call fastcc { i16, i16, i16, i16, i16, i16, i16, i16, i16, i16, i16, i16, i16, i16, i16, i16, i16, i16, i16, i16, i16, i16, i16, i16, i16, i16, i16, i16, i16, i16, i16, i16, i16, i16, i16, i16, i16, i16, i16, i16, i16, i16, i16, i16, i16, i16, i16, i16, i16, i16, i16 } @dense_latency.0.0.0.0.0.0.0.0.0.0.0.0.0.0.0.0.0.0.0.0.0.0.0.0.0.0.0.0.0.0.0.0.0.(i64 %dense_input_V_read)"   --->   Operation 20 'call' 'call_ret' <Predicate = true> <Delay = 9.48> <CoreType = "Generic">   --->   Core 0 '' <Latency = 0> <II = 1> <Delay = 1.00> <Generic> <Opcode : >
ST_5 : Operation 21 [1/1] (0.00ns)   --->   "%layer2_out_0_V = extractvalue { i16, i16, i16, i16, i16, i16, i16, i16, i16, i16, i16, i16, i16, i16, i16, i16, i16, i16, i16, i16, i16, i16, i16, i16, i16, i16, i16, i16, i16, i16, i16, i16, i16, i16, i16, i16, i16, i16, i16, i16, i16, i16, i16, i16, i16, i16, i16, i16, i16, i16, i16 } %call_ret, 0"   --->   Operation 21 'extractvalue' 'layer2_out_0_V' <Predicate = true> <Delay = 0.00>
ST_5 : Operation 22 [1/1] (0.00ns)   --->   "%layer2_out_1_V = extractvalue { i16, i16, i16, i16, i16, i16, i16, i16, i16, i16, i16, i16, i16, i16, i16, i16, i16, i16, i16, i16, i16, i16, i16, i16, i16, i16, i16, i16, i16, i16, i16, i16, i16, i16, i16, i16, i16, i16, i16, i16, i16, i16, i16, i16, i16, i16, i16, i16, i16, i16, i16 } %call_ret, 1"   --->   Operation 22 'extractvalue' 'layer2_out_1_V' <Predicate = true> <Delay = 0.00>
ST_5 : Operation 23 [1/1] (0.00ns)   --->   "%layer2_out_2_V = extractvalue { i16, i16, i16, i16, i16, i16, i16, i16, i16, i16, i16, i16, i16, i16, i16, i16, i16, i16, i16, i16, i16, i16, i16, i16, i16, i16, i16, i16, i16, i16, i16, i16, i16, i16, i16, i16, i16, i16, i16, i16, i16, i16, i16, i16, i16, i16, i16, i16, i16, i16, i16 } %call_ret, 2"   --->   Operation 23 'extractvalue' 'layer2_out_2_V' <Predicate = true> <Delay = 0.00>
ST_5 : Operation 24 [1/1] (0.00ns)   --->   "%layer2_out_3_V = extractvalue { i16, i16, i16, i16, i16, i16, i16, i16, i16, i16, i16, i16, i16, i16, i16, i16, i16, i16, i16, i16, i16, i16, i16, i16, i16, i16, i16, i16, i16, i16, i16, i16, i16, i16, i16, i16, i16, i16, i16, i16, i16, i16, i16, i16, i16, i16, i16, i16, i16, i16, i16 } %call_ret, 3"   --->   Operation 24 'extractvalue' 'layer2_out_3_V' <Predicate = true> <Delay = 0.00>
ST_5 : Operation 25 [1/1] (0.00ns)   --->   "%layer2_out_5_V = extractvalue { i16, i16, i16, i16, i16, i16, i16, i16, i16, i16, i16, i16, i16, i16, i16, i16, i16, i16, i16, i16, i16, i16, i16, i16, i16, i16, i16, i16, i16, i16, i16, i16, i16, i16, i16, i16, i16, i16, i16, i16, i16, i16, i16, i16, i16, i16, i16, i16, i16, i16, i16 } %call_ret, 4"   --->   Operation 25 'extractvalue' 'layer2_out_5_V' <Predicate = true> <Delay = 0.00>
ST_5 : Operation 26 [1/1] (0.00ns)   --->   "%layer2_out_7_V = extractvalue { i16, i16, i16, i16, i16, i16, i16, i16, i16, i16, i16, i16, i16, i16, i16, i16, i16, i16, i16, i16, i16, i16, i16, i16, i16, i16, i16, i16, i16, i16, i16, i16, i16, i16, i16, i16, i16, i16, i16, i16, i16, i16, i16, i16, i16, i16, i16, i16, i16, i16, i16 } %call_ret, 5"   --->   Operation 26 'extractvalue' 'layer2_out_7_V' <Predicate = true> <Delay = 0.00>
ST_5 : Operation 27 [1/1] (0.00ns)   --->   "%layer2_out_8_V = extractvalue { i16, i16, i16, i16, i16, i16, i16, i16, i16, i16, i16, i16, i16, i16, i16, i16, i16, i16, i16, i16, i16, i16, i16, i16, i16, i16, i16, i16, i16, i16, i16, i16, i16, i16, i16, i16, i16, i16, i16, i16, i16, i16, i16, i16, i16, i16, i16, i16, i16, i16, i16 } %call_ret, 6"   --->   Operation 27 'extractvalue' 'layer2_out_8_V' <Predicate = true> <Delay = 0.00>
ST_5 : Operation 28 [1/1] (0.00ns)   --->   "%layer2_out_10_V = extractvalue { i16, i16, i16, i16, i16, i16, i16, i16, i16, i16, i16, i16, i16, i16, i16, i16, i16, i16, i16, i16, i16, i16, i16, i16, i16, i16, i16, i16, i16, i16, i16, i16, i16, i16, i16, i16, i16, i16, i16, i16, i16, i16, i16, i16, i16, i16, i16, i16, i16, i16, i16 } %call_ret, 7"   --->   Operation 28 'extractvalue' 'layer2_out_10_V' <Predicate = true> <Delay = 0.00>
ST_5 : Operation 29 [1/1] (0.00ns)   --->   "%layer2_out_12_V = extractvalue { i16, i16, i16, i16, i16, i16, i16, i16, i16, i16, i16, i16, i16, i16, i16, i16, i16, i16, i16, i16, i16, i16, i16, i16, i16, i16, i16, i16, i16, i16, i16, i16, i16, i16, i16, i16, i16, i16, i16, i16, i16, i16, i16, i16, i16, i16, i16, i16, i16, i16, i16 } %call_ret, 8"   --->   Operation 29 'extractvalue' 'layer2_out_12_V' <Predicate = true> <Delay = 0.00>
ST_5 : Operation 30 [1/1] (0.00ns)   --->   "%layer2_out_15_V = extractvalue { i16, i16, i16, i16, i16, i16, i16, i16, i16, i16, i16, i16, i16, i16, i16, i16, i16, i16, i16, i16, i16, i16, i16, i16, i16, i16, i16, i16, i16, i16, i16, i16, i16, i16, i16, i16, i16, i16, i16, i16, i16, i16, i16, i16, i16, i16, i16, i16, i16, i16, i16 } %call_ret, 9"   --->   Operation 30 'extractvalue' 'layer2_out_15_V' <Predicate = true> <Delay = 0.00>
ST_5 : Operation 31 [1/1] (0.00ns)   --->   "%layer2_out_16_V = extractvalue { i16, i16, i16, i16, i16, i16, i16, i16, i16, i16, i16, i16, i16, i16, i16, i16, i16, i16, i16, i16, i16, i16, i16, i16, i16, i16, i16, i16, i16, i16, i16, i16, i16, i16, i16, i16, i16, i16, i16, i16, i16, i16, i16, i16, i16, i16, i16, i16, i16, i16, i16 } %call_ret, 10"   --->   Operation 31 'extractvalue' 'layer2_out_16_V' <Predicate = true> <Delay = 0.00>
ST_5 : Operation 32 [1/1] (0.00ns)   --->   "%layer2_out_19_V = extractvalue { i16, i16, i16, i16, i16, i16, i16, i16, i16, i16, i16, i16, i16, i16, i16, i16, i16, i16, i16, i16, i16, i16, i16, i16, i16, i16, i16, i16, i16, i16, i16, i16, i16, i16, i16, i16, i16, i16, i16, i16, i16, i16, i16, i16, i16, i16, i16, i16, i16, i16, i16 } %call_ret, 11"   --->   Operation 32 'extractvalue' 'layer2_out_19_V' <Predicate = true> <Delay = 0.00>
ST_5 : Operation 33 [1/1] (0.00ns)   --->   "%layer2_out_23_V = extractvalue { i16, i16, i16, i16, i16, i16, i16, i16, i16, i16, i16, i16, i16, i16, i16, i16, i16, i16, i16, i16, i16, i16, i16, i16, i16, i16, i16, i16, i16, i16, i16, i16, i16, i16, i16, i16, i16, i16, i16, i16, i16, i16, i16, i16, i16, i16, i16, i16, i16, i16, i16 } %call_ret, 12"   --->   Operation 33 'extractvalue' 'layer2_out_23_V' <Predicate = true> <Delay = 0.00>
ST_5 : Operation 34 [1/1] (0.00ns)   --->   "%layer2_out_28_V = extractvalue { i16, i16, i16, i16, i16, i16, i16, i16, i16, i16, i16, i16, i16, i16, i16, i16, i16, i16, i16, i16, i16, i16, i16, i16, i16, i16, i16, i16, i16, i16, i16, i16, i16, i16, i16, i16, i16, i16, i16, i16, i16, i16, i16, i16, i16, i16, i16, i16, i16, i16, i16 } %call_ret, 13"   --->   Operation 34 'extractvalue' 'layer2_out_28_V' <Predicate = true> <Delay = 0.00>
ST_5 : Operation 35 [1/1] (0.00ns)   --->   "%layer2_out_30_V = extractvalue { i16, i16, i16, i16, i16, i16, i16, i16, i16, i16, i16, i16, i16, i16, i16, i16, i16, i16, i16, i16, i16, i16, i16, i16, i16, i16, i16, i16, i16, i16, i16, i16, i16, i16, i16, i16, i16, i16, i16, i16, i16, i16, i16, i16, i16, i16, i16, i16, i16, i16, i16 } %call_ret, 14"   --->   Operation 35 'extractvalue' 'layer2_out_30_V' <Predicate = true> <Delay = 0.00>
ST_5 : Operation 36 [1/1] (0.00ns)   --->   "%layer2_out_31_V = extractvalue { i16, i16, i16, i16, i16, i16, i16, i16, i16, i16, i16, i16, i16, i16, i16, i16, i16, i16, i16, i16, i16, i16, i16, i16, i16, i16, i16, i16, i16, i16, i16, i16, i16, i16, i16, i16, i16, i16, i16, i16, i16, i16, i16, i16, i16, i16, i16, i16, i16, i16, i16 } %call_ret, 15"   --->   Operation 36 'extractvalue' 'layer2_out_31_V' <Predicate = true> <Delay = 0.00>
ST_5 : Operation 37 [1/1] (0.00ns)   --->   "%layer2_out_32_V = extractvalue { i16, i16, i16, i16, i16, i16, i16, i16, i16, i16, i16, i16, i16, i16, i16, i16, i16, i16, i16, i16, i16, i16, i16, i16, i16, i16, i16, i16, i16, i16, i16, i16, i16, i16, i16, i16, i16, i16, i16, i16, i16, i16, i16, i16, i16, i16, i16, i16, i16, i16, i16 } %call_ret, 16"   --->   Operation 37 'extractvalue' 'layer2_out_32_V' <Predicate = true> <Delay = 0.00>
ST_5 : Operation 38 [1/1] (0.00ns)   --->   "%layer2_out_33_V = extractvalue { i16, i16, i16, i16, i16, i16, i16, i16, i16, i16, i16, i16, i16, i16, i16, i16, i16, i16, i16, i16, i16, i16, i16, i16, i16, i16, i16, i16, i16, i16, i16, i16, i16, i16, i16, i16, i16, i16, i16, i16, i16, i16, i16, i16, i16, i16, i16, i16, i16, i16, i16 } %call_ret, 17"   --->   Operation 38 'extractvalue' 'layer2_out_33_V' <Predicate = true> <Delay = 0.00>
ST_5 : Operation 39 [1/1] (0.00ns)   --->   "%layer2_out_37_V = extractvalue { i16, i16, i16, i16, i16, i16, i16, i16, i16, i16, i16, i16, i16, i16, i16, i16, i16, i16, i16, i16, i16, i16, i16, i16, i16, i16, i16, i16, i16, i16, i16, i16, i16, i16, i16, i16, i16, i16, i16, i16, i16, i16, i16, i16, i16, i16, i16, i16, i16, i16, i16 } %call_ret, 18"   --->   Operation 39 'extractvalue' 'layer2_out_37_V' <Predicate = true> <Delay = 0.00>
ST_5 : Operation 40 [1/1] (0.00ns)   --->   "%layer2_out_41_V = extractvalue { i16, i16, i16, i16, i16, i16, i16, i16, i16, i16, i16, i16, i16, i16, i16, i16, i16, i16, i16, i16, i16, i16, i16, i16, i16, i16, i16, i16, i16, i16, i16, i16, i16, i16, i16, i16, i16, i16, i16, i16, i16, i16, i16, i16, i16, i16, i16, i16, i16, i16, i16 } %call_ret, 19"   --->   Operation 40 'extractvalue' 'layer2_out_41_V' <Predicate = true> <Delay = 0.00>
ST_5 : Operation 41 [1/1] (0.00ns)   --->   "%layer2_out_42_V = extractvalue { i16, i16, i16, i16, i16, i16, i16, i16, i16, i16, i16, i16, i16, i16, i16, i16, i16, i16, i16, i16, i16, i16, i16, i16, i16, i16, i16, i16, i16, i16, i16, i16, i16, i16, i16, i16, i16, i16, i16, i16, i16, i16, i16, i16, i16, i16, i16, i16, i16, i16, i16 } %call_ret, 20"   --->   Operation 41 'extractvalue' 'layer2_out_42_V' <Predicate = true> <Delay = 0.00>
ST_5 : Operation 42 [1/1] (0.00ns)   --->   "%layer2_out_44_V = extractvalue { i16, i16, i16, i16, i16, i16, i16, i16, i16, i16, i16, i16, i16, i16, i16, i16, i16, i16, i16, i16, i16, i16, i16, i16, i16, i16, i16, i16, i16, i16, i16, i16, i16, i16, i16, i16, i16, i16, i16, i16, i16, i16, i16, i16, i16, i16, i16, i16, i16, i16, i16 } %call_ret, 21"   --->   Operation 42 'extractvalue' 'layer2_out_44_V' <Predicate = true> <Delay = 0.00>
ST_5 : Operation 43 [1/1] (0.00ns)   --->   "%layer2_out_45_V = extractvalue { i16, i16, i16, i16, i16, i16, i16, i16, i16, i16, i16, i16, i16, i16, i16, i16, i16, i16, i16, i16, i16, i16, i16, i16, i16, i16, i16, i16, i16, i16, i16, i16, i16, i16, i16, i16, i16, i16, i16, i16, i16, i16, i16, i16, i16, i16, i16, i16, i16, i16, i16 } %call_ret, 22"   --->   Operation 43 'extractvalue' 'layer2_out_45_V' <Predicate = true> <Delay = 0.00>
ST_5 : Operation 44 [1/1] (0.00ns)   --->   "%layer2_out_46_V = extractvalue { i16, i16, i16, i16, i16, i16, i16, i16, i16, i16, i16, i16, i16, i16, i16, i16, i16, i16, i16, i16, i16, i16, i16, i16, i16, i16, i16, i16, i16, i16, i16, i16, i16, i16, i16, i16, i16, i16, i16, i16, i16, i16, i16, i16, i16, i16, i16, i16, i16, i16, i16 } %call_ret, 23"   --->   Operation 44 'extractvalue' 'layer2_out_46_V' <Predicate = true> <Delay = 0.00>
ST_5 : Operation 45 [1/1] (0.00ns)   --->   "%layer2_out_48_V = extractvalue { i16, i16, i16, i16, i16, i16, i16, i16, i16, i16, i16, i16, i16, i16, i16, i16, i16, i16, i16, i16, i16, i16, i16, i16, i16, i16, i16, i16, i16, i16, i16, i16, i16, i16, i16, i16, i16, i16, i16, i16, i16, i16, i16, i16, i16, i16, i16, i16, i16, i16, i16 } %call_ret, 24"   --->   Operation 45 'extractvalue' 'layer2_out_48_V' <Predicate = true> <Delay = 0.00>
ST_5 : Operation 46 [1/1] (0.00ns)   --->   "%layer2_out_50_V = extractvalue { i16, i16, i16, i16, i16, i16, i16, i16, i16, i16, i16, i16, i16, i16, i16, i16, i16, i16, i16, i16, i16, i16, i16, i16, i16, i16, i16, i16, i16, i16, i16, i16, i16, i16, i16, i16, i16, i16, i16, i16, i16, i16, i16, i16, i16, i16, i16, i16, i16, i16, i16 } %call_ret, 25"   --->   Operation 46 'extractvalue' 'layer2_out_50_V' <Predicate = true> <Delay = 0.00>
ST_5 : Operation 47 [1/1] (0.00ns)   --->   "%layer2_out_52_V = extractvalue { i16, i16, i16, i16, i16, i16, i16, i16, i16, i16, i16, i16, i16, i16, i16, i16, i16, i16, i16, i16, i16, i16, i16, i16, i16, i16, i16, i16, i16, i16, i16, i16, i16, i16, i16, i16, i16, i16, i16, i16, i16, i16, i16, i16, i16, i16, i16, i16, i16, i16, i16 } %call_ret, 26"   --->   Operation 47 'extractvalue' 'layer2_out_52_V' <Predicate = true> <Delay = 0.00>
ST_5 : Operation 48 [1/1] (0.00ns)   --->   "%layer2_out_55_V = extractvalue { i16, i16, i16, i16, i16, i16, i16, i16, i16, i16, i16, i16, i16, i16, i16, i16, i16, i16, i16, i16, i16, i16, i16, i16, i16, i16, i16, i16, i16, i16, i16, i16, i16, i16, i16, i16, i16, i16, i16, i16, i16, i16, i16, i16, i16, i16, i16, i16, i16, i16, i16 } %call_ret, 27"   --->   Operation 48 'extractvalue' 'layer2_out_55_V' <Predicate = true> <Delay = 0.00>
ST_5 : Operation 49 [1/1] (0.00ns)   --->   "%layer2_out_57_V = extractvalue { i16, i16, i16, i16, i16, i16, i16, i16, i16, i16, i16, i16, i16, i16, i16, i16, i16, i16, i16, i16, i16, i16, i16, i16, i16, i16, i16, i16, i16, i16, i16, i16, i16, i16, i16, i16, i16, i16, i16, i16, i16, i16, i16, i16, i16, i16, i16, i16, i16, i16, i16 } %call_ret, 28"   --->   Operation 49 'extractvalue' 'layer2_out_57_V' <Predicate = true> <Delay = 0.00>
ST_5 : Operation 50 [1/1] (0.00ns)   --->   "%layer2_out_63_V = extractvalue { i16, i16, i16, i16, i16, i16, i16, i16, i16, i16, i16, i16, i16, i16, i16, i16, i16, i16, i16, i16, i16, i16, i16, i16, i16, i16, i16, i16, i16, i16, i16, i16, i16, i16, i16, i16, i16, i16, i16, i16, i16, i16, i16, i16, i16, i16, i16, i16, i16, i16, i16 } %call_ret, 29"   --->   Operation 50 'extractvalue' 'layer2_out_63_V' <Predicate = true> <Delay = 0.00>
ST_5 : Operation 51 [1/1] (0.00ns)   --->   "%layer2_out_64_V = extractvalue { i16, i16, i16, i16, i16, i16, i16, i16, i16, i16, i16, i16, i16, i16, i16, i16, i16, i16, i16, i16, i16, i16, i16, i16, i16, i16, i16, i16, i16, i16, i16, i16, i16, i16, i16, i16, i16, i16, i16, i16, i16, i16, i16, i16, i16, i16, i16, i16, i16, i16, i16 } %call_ret, 30"   --->   Operation 51 'extractvalue' 'layer2_out_64_V' <Predicate = true> <Delay = 0.00>
ST_5 : Operation 52 [1/1] (0.00ns)   --->   "%layer2_out_65_V = extractvalue { i16, i16, i16, i16, i16, i16, i16, i16, i16, i16, i16, i16, i16, i16, i16, i16, i16, i16, i16, i16, i16, i16, i16, i16, i16, i16, i16, i16, i16, i16, i16, i16, i16, i16, i16, i16, i16, i16, i16, i16, i16, i16, i16, i16, i16, i16, i16, i16, i16, i16, i16 } %call_ret, 31"   --->   Operation 52 'extractvalue' 'layer2_out_65_V' <Predicate = true> <Delay = 0.00>
ST_5 : Operation 53 [1/1] (0.00ns)   --->   "%layer2_out_70_V = extractvalue { i16, i16, i16, i16, i16, i16, i16, i16, i16, i16, i16, i16, i16, i16, i16, i16, i16, i16, i16, i16, i16, i16, i16, i16, i16, i16, i16, i16, i16, i16, i16, i16, i16, i16, i16, i16, i16, i16, i16, i16, i16, i16, i16, i16, i16, i16, i16, i16, i16, i16, i16 } %call_ret, 32"   --->   Operation 53 'extractvalue' 'layer2_out_70_V' <Predicate = true> <Delay = 0.00>
ST_5 : Operation 54 [1/1] (0.00ns)   --->   "%layer2_out_72_V = extractvalue { i16, i16, i16, i16, i16, i16, i16, i16, i16, i16, i16, i16, i16, i16, i16, i16, i16, i16, i16, i16, i16, i16, i16, i16, i16, i16, i16, i16, i16, i16, i16, i16, i16, i16, i16, i16, i16, i16, i16, i16, i16, i16, i16, i16, i16, i16, i16, i16, i16, i16, i16 } %call_ret, 33"   --->   Operation 54 'extractvalue' 'layer2_out_72_V' <Predicate = true> <Delay = 0.00>
ST_5 : Operation 55 [1/1] (0.00ns)   --->   "%layer2_out_76_V = extractvalue { i16, i16, i16, i16, i16, i16, i16, i16, i16, i16, i16, i16, i16, i16, i16, i16, i16, i16, i16, i16, i16, i16, i16, i16, i16, i16, i16, i16, i16, i16, i16, i16, i16, i16, i16, i16, i16, i16, i16, i16, i16, i16, i16, i16, i16, i16, i16, i16, i16, i16, i16 } %call_ret, 34"   --->   Operation 55 'extractvalue' 'layer2_out_76_V' <Predicate = true> <Delay = 0.00>
ST_5 : Operation 56 [1/1] (0.00ns)   --->   "%layer2_out_88_V = extractvalue { i16, i16, i16, i16, i16, i16, i16, i16, i16, i16, i16, i16, i16, i16, i16, i16, i16, i16, i16, i16, i16, i16, i16, i16, i16, i16, i16, i16, i16, i16, i16, i16, i16, i16, i16, i16, i16, i16, i16, i16, i16, i16, i16, i16, i16, i16, i16, i16, i16, i16, i16 } %call_ret, 35"   --->   Operation 56 'extractvalue' 'layer2_out_88_V' <Predicate = true> <Delay = 0.00>
ST_5 : Operation 57 [1/1] (0.00ns)   --->   "%layer2_out_89_V = extractvalue { i16, i16, i16, i16, i16, i16, i16, i16, i16, i16, i16, i16, i16, i16, i16, i16, i16, i16, i16, i16, i16, i16, i16, i16, i16, i16, i16, i16, i16, i16, i16, i16, i16, i16, i16, i16, i16, i16, i16, i16, i16, i16, i16, i16, i16, i16, i16, i16, i16, i16, i16 } %call_ret, 36"   --->   Operation 57 'extractvalue' 'layer2_out_89_V' <Predicate = true> <Delay = 0.00>
ST_5 : Operation 58 [1/1] (0.00ns)   --->   "%layer2_out_90_V = extractvalue { i16, i16, i16, i16, i16, i16, i16, i16, i16, i16, i16, i16, i16, i16, i16, i16, i16, i16, i16, i16, i16, i16, i16, i16, i16, i16, i16, i16, i16, i16, i16, i16, i16, i16, i16, i16, i16, i16, i16, i16, i16, i16, i16, i16, i16, i16, i16, i16, i16, i16, i16 } %call_ret, 37"   --->   Operation 58 'extractvalue' 'layer2_out_90_V' <Predicate = true> <Delay = 0.00>
ST_5 : Operation 59 [1/1] (0.00ns)   --->   "%layer2_out_91_V = extractvalue { i16, i16, i16, i16, i16, i16, i16, i16, i16, i16, i16, i16, i16, i16, i16, i16, i16, i16, i16, i16, i16, i16, i16, i16, i16, i16, i16, i16, i16, i16, i16, i16, i16, i16, i16, i16, i16, i16, i16, i16, i16, i16, i16, i16, i16, i16, i16, i16, i16, i16, i16 } %call_ret, 38"   --->   Operation 59 'extractvalue' 'layer2_out_91_V' <Predicate = true> <Delay = 0.00>
ST_5 : Operation 60 [1/1] (0.00ns)   --->   "%layer2_out_96_V = extractvalue { i16, i16, i16, i16, i16, i16, i16, i16, i16, i16, i16, i16, i16, i16, i16, i16, i16, i16, i16, i16, i16, i16, i16, i16, i16, i16, i16, i16, i16, i16, i16, i16, i16, i16, i16, i16, i16, i16, i16, i16, i16, i16, i16, i16, i16, i16, i16, i16, i16, i16, i16 } %call_ret, 39"   --->   Operation 60 'extractvalue' 'layer2_out_96_V' <Predicate = true> <Delay = 0.00>
ST_5 : Operation 61 [1/1] (0.00ns)   --->   "%layer2_out_99_V = extractvalue { i16, i16, i16, i16, i16, i16, i16, i16, i16, i16, i16, i16, i16, i16, i16, i16, i16, i16, i16, i16, i16, i16, i16, i16, i16, i16, i16, i16, i16, i16, i16, i16, i16, i16, i16, i16, i16, i16, i16, i16, i16, i16, i16, i16, i16, i16, i16, i16, i16, i16, i16 } %call_ret, 40"   --->   Operation 61 'extractvalue' 'layer2_out_99_V' <Predicate = true> <Delay = 0.00>
ST_5 : Operation 62 [1/1] (0.00ns)   --->   "%layer2_out_102_V = extractvalue { i16, i16, i16, i16, i16, i16, i16, i16, i16, i16, i16, i16, i16, i16, i16, i16, i16, i16, i16, i16, i16, i16, i16, i16, i16, i16, i16, i16, i16, i16, i16, i16, i16, i16, i16, i16, i16, i16, i16, i16, i16, i16, i16, i16, i16, i16, i16, i16, i16, i16, i16 } %call_ret, 41"   --->   Operation 62 'extractvalue' 'layer2_out_102_V' <Predicate = true> <Delay = 0.00>
ST_5 : Operation 63 [1/1] (0.00ns)   --->   "%layer2_out_103_V = extractvalue { i16, i16, i16, i16, i16, i16, i16, i16, i16, i16, i16, i16, i16, i16, i16, i16, i16, i16, i16, i16, i16, i16, i16, i16, i16, i16, i16, i16, i16, i16, i16, i16, i16, i16, i16, i16, i16, i16, i16, i16, i16, i16, i16, i16, i16, i16, i16, i16, i16, i16, i16 } %call_ret, 42"   --->   Operation 63 'extractvalue' 'layer2_out_103_V' <Predicate = true> <Delay = 0.00>
ST_5 : Operation 64 [1/1] (0.00ns)   --->   "%layer2_out_104_V = extractvalue { i16, i16, i16, i16, i16, i16, i16, i16, i16, i16, i16, i16, i16, i16, i16, i16, i16, i16, i16, i16, i16, i16, i16, i16, i16, i16, i16, i16, i16, i16, i16, i16, i16, i16, i16, i16, i16, i16, i16, i16, i16, i16, i16, i16, i16, i16, i16, i16, i16, i16, i16 } %call_ret, 43"   --->   Operation 64 'extractvalue' 'layer2_out_104_V' <Predicate = true> <Delay = 0.00>
ST_5 : Operation 65 [1/1] (0.00ns)   --->   "%layer2_out_105_V = extractvalue { i16, i16, i16, i16, i16, i16, i16, i16, i16, i16, i16, i16, i16, i16, i16, i16, i16, i16, i16, i16, i16, i16, i16, i16, i16, i16, i16, i16, i16, i16, i16, i16, i16, i16, i16, i16, i16, i16, i16, i16, i16, i16, i16, i16, i16, i16, i16, i16, i16, i16, i16 } %call_ret, 44"   --->   Operation 65 'extractvalue' 'layer2_out_105_V' <Predicate = true> <Delay = 0.00>
ST_5 : Operation 66 [1/1] (0.00ns)   --->   "%layer2_out_110_V = extractvalue { i16, i16, i16, i16, i16, i16, i16, i16, i16, i16, i16, i16, i16, i16, i16, i16, i16, i16, i16, i16, i16, i16, i16, i16, i16, i16, i16, i16, i16, i16, i16, i16, i16, i16, i16, i16, i16, i16, i16, i16, i16, i16, i16, i16, i16, i16, i16, i16, i16, i16, i16 } %call_ret, 45"   --->   Operation 66 'extractvalue' 'layer2_out_110_V' <Predicate = true> <Delay = 0.00>
ST_5 : Operation 67 [1/1] (0.00ns)   --->   "%layer2_out_114_V = extractvalue { i16, i16, i16, i16, i16, i16, i16, i16, i16, i16, i16, i16, i16, i16, i16, i16, i16, i16, i16, i16, i16, i16, i16, i16, i16, i16, i16, i16, i16, i16, i16, i16, i16, i16, i16, i16, i16, i16, i16, i16, i16, i16, i16, i16, i16, i16, i16, i16, i16, i16, i16 } %call_ret, 46"   --->   Operation 67 'extractvalue' 'layer2_out_114_V' <Predicate = true> <Delay = 0.00>
ST_5 : Operation 68 [1/1] (0.00ns)   --->   "%layer2_out_116_V = extractvalue { i16, i16, i16, i16, i16, i16, i16, i16, i16, i16, i16, i16, i16, i16, i16, i16, i16, i16, i16, i16, i16, i16, i16, i16, i16, i16, i16, i16, i16, i16, i16, i16, i16, i16, i16, i16, i16, i16, i16, i16, i16, i16, i16, i16, i16, i16, i16, i16, i16, i16, i16 } %call_ret, 47"   --->   Operation 68 'extractvalue' 'layer2_out_116_V' <Predicate = true> <Delay = 0.00>
ST_5 : Operation 69 [1/1] (0.00ns)   --->   "%layer2_out_118_V = extractvalue { i16, i16, i16, i16, i16, i16, i16, i16, i16, i16, i16, i16, i16, i16, i16, i16, i16, i16, i16, i16, i16, i16, i16, i16, i16, i16, i16, i16, i16, i16, i16, i16, i16, i16, i16, i16, i16, i16, i16, i16, i16, i16, i16, i16, i16, i16, i16, i16, i16, i16, i16 } %call_ret, 48"   --->   Operation 69 'extractvalue' 'layer2_out_118_V' <Predicate = true> <Delay = 0.00>
ST_5 : Operation 70 [1/1] (0.00ns)   --->   "%layer2_out_123_V = extractvalue { i16, i16, i16, i16, i16, i16, i16, i16, i16, i16, i16, i16, i16, i16, i16, i16, i16, i16, i16, i16, i16, i16, i16, i16, i16, i16, i16, i16, i16, i16, i16, i16, i16, i16, i16, i16, i16, i16, i16, i16, i16, i16, i16, i16, i16, i16, i16, i16, i16, i16, i16 } %call_ret, 49"   --->   Operation 70 'extractvalue' 'layer2_out_123_V' <Predicate = true> <Delay = 0.00>
ST_5 : Operation 71 [1/1] (0.00ns)   --->   "%layer2_out_125_V = extractvalue { i16, i16, i16, i16, i16, i16, i16, i16, i16, i16, i16, i16, i16, i16, i16, i16, i16, i16, i16, i16, i16, i16, i16, i16, i16, i16, i16, i16, i16, i16, i16, i16, i16, i16, i16, i16, i16, i16, i16, i16, i16, i16, i16, i16, i16, i16, i16, i16, i16, i16, i16 } %call_ret, 50"   --->   Operation 71 'extractvalue' 'layer2_out_125_V' <Predicate = true> <Delay = 0.00>

State 6 <SV = 5> <Delay = 20.4>
ST_6 : Operation 72 [1/1] (3.18ns)   --->   "%call_ret1 = call fastcc { i16, i16, i16, i16, i16, i16, i16, i16, i16, i16, i16, i16, i16, i16, i16, i16, i16, i16, i16, i16, i16, i16, i16, i16, i16, i16, i16, i16, i16, i16, i16, i16, i16, i16, i16, i16, i16, i16, i16, i16, i16, i16, i16, i16, i16, i16, i16, i16, i16, i16, i16 } @"relu<ap_fixed<16, 6, 5, 3, 0>, ap_fixed<16, 6, 5, 3, 0>, relu_config3>"(i16 %layer2_out_0_V, i16 %layer2_out_1_V, i16 %layer2_out_2_V, i16 %layer2_out_3_V, i16 %layer2_out_5_V, i16 %layer2_out_7_V, i16 %layer2_out_8_V, i16 %layer2_out_10_V, i16 %layer2_out_12_V, i16 %layer2_out_15_V, i16 %layer2_out_16_V, i16 %layer2_out_19_V, i16 %layer2_out_23_V, i16 %layer2_out_28_V, i16 %layer2_out_30_V, i16 %layer2_out_31_V, i16 %layer2_out_32_V, i16 %layer2_out_33_V, i16 %layer2_out_37_V, i16 %layer2_out_41_V, i16 %layer2_out_42_V, i16 %layer2_out_44_V, i16 %layer2_out_45_V, i16 %layer2_out_46_V, i16 %layer2_out_48_V, i16 %layer2_out_50_V, i16 %layer2_out_52_V, i16 %layer2_out_55_V, i16 %layer2_out_57_V, i16 %layer2_out_63_V, i16 %layer2_out_64_V, i16 %layer2_out_65_V, i16 %layer2_out_70_V, i16 %layer2_out_72_V, i16 %layer2_out_76_V, i16 %layer2_out_88_V, i16 %layer2_out_89_V, i16 %layer2_out_90_V, i16 %layer2_out_91_V, i16 %layer2_out_96_V, i16 %layer2_out_99_V, i16 %layer2_out_102_V, i16 %layer2_out_103_V, i16 %layer2_out_104_V, i16 %layer2_out_105_V, i16 %layer2_out_110_V, i16 %layer2_out_114_V, i16 %layer2_out_116_V, i16 %layer2_out_118_V, i16 %layer2_out_123_V, i16 %layer2_out_125_V)" [firmware/myproject.cpp:41]   --->   Operation 72 'call' 'call_ret1' <Predicate = true> <Delay = 3.18> <CoreType = "Generic">   --->   Core 0 '' <Latency = 0> <II = 1> <Delay = 1.00> <Generic> <Opcode : >
ST_6 : Operation 73 [1/1] (0.00ns)   --->   "%layer3_out_0_V = extractvalue { i16, i16, i16, i16, i16, i16, i16, i16, i16, i16, i16, i16, i16, i16, i16, i16, i16, i16, i16, i16, i16, i16, i16, i16, i16, i16, i16, i16, i16, i16, i16, i16, i16, i16, i16, i16, i16, i16, i16, i16, i16, i16, i16, i16, i16, i16, i16, i16, i16, i16, i16 } %call_ret1, 0" [firmware/myproject.cpp:41]   --->   Operation 73 'extractvalue' 'layer3_out_0_V' <Predicate = true> <Delay = 0.00>
ST_6 : Operation 74 [1/1] (0.00ns)   --->   "%layer3_out_1_V = extractvalue { i16, i16, i16, i16, i16, i16, i16, i16, i16, i16, i16, i16, i16, i16, i16, i16, i16, i16, i16, i16, i16, i16, i16, i16, i16, i16, i16, i16, i16, i16, i16, i16, i16, i16, i16, i16, i16, i16, i16, i16, i16, i16, i16, i16, i16, i16, i16, i16, i16, i16, i16 } %call_ret1, 1" [firmware/myproject.cpp:41]   --->   Operation 74 'extractvalue' 'layer3_out_1_V' <Predicate = true> <Delay = 0.00>
ST_6 : Operation 75 [1/1] (0.00ns)   --->   "%layer3_out_2_V = extractvalue { i16, i16, i16, i16, i16, i16, i16, i16, i16, i16, i16, i16, i16, i16, i16, i16, i16, i16, i16, i16, i16, i16, i16, i16, i16, i16, i16, i16, i16, i16, i16, i16, i16, i16, i16, i16, i16, i16, i16, i16, i16, i16, i16, i16, i16, i16, i16, i16, i16, i16, i16 } %call_ret1, 2" [firmware/myproject.cpp:41]   --->   Operation 75 'extractvalue' 'layer3_out_2_V' <Predicate = true> <Delay = 0.00>
ST_6 : Operation 76 [1/1] (0.00ns)   --->   "%layer3_out_3_V = extractvalue { i16, i16, i16, i16, i16, i16, i16, i16, i16, i16, i16, i16, i16, i16, i16, i16, i16, i16, i16, i16, i16, i16, i16, i16, i16, i16, i16, i16, i16, i16, i16, i16, i16, i16, i16, i16, i16, i16, i16, i16, i16, i16, i16, i16, i16, i16, i16, i16, i16, i16, i16 } %call_ret1, 3" [firmware/myproject.cpp:41]   --->   Operation 76 'extractvalue' 'layer3_out_3_V' <Predicate = true> <Delay = 0.00>
ST_6 : Operation 77 [1/1] (0.00ns)   --->   "%layer3_out_5_V = extractvalue { i16, i16, i16, i16, i16, i16, i16, i16, i16, i16, i16, i16, i16, i16, i16, i16, i16, i16, i16, i16, i16, i16, i16, i16, i16, i16, i16, i16, i16, i16, i16, i16, i16, i16, i16, i16, i16, i16, i16, i16, i16, i16, i16, i16, i16, i16, i16, i16, i16, i16, i16 } %call_ret1, 4" [firmware/myproject.cpp:41]   --->   Operation 77 'extractvalue' 'layer3_out_5_V' <Predicate = true> <Delay = 0.00>
ST_6 : Operation 78 [1/1] (0.00ns)   --->   "%layer3_out_7_V = extractvalue { i16, i16, i16, i16, i16, i16, i16, i16, i16, i16, i16, i16, i16, i16, i16, i16, i16, i16, i16, i16, i16, i16, i16, i16, i16, i16, i16, i16, i16, i16, i16, i16, i16, i16, i16, i16, i16, i16, i16, i16, i16, i16, i16, i16, i16, i16, i16, i16, i16, i16, i16 } %call_ret1, 5" [firmware/myproject.cpp:41]   --->   Operation 78 'extractvalue' 'layer3_out_7_V' <Predicate = true> <Delay = 0.00>
ST_6 : Operation 79 [1/1] (0.00ns)   --->   "%layer3_out_8_V = extractvalue { i16, i16, i16, i16, i16, i16, i16, i16, i16, i16, i16, i16, i16, i16, i16, i16, i16, i16, i16, i16, i16, i16, i16, i16, i16, i16, i16, i16, i16, i16, i16, i16, i16, i16, i16, i16, i16, i16, i16, i16, i16, i16, i16, i16, i16, i16, i16, i16, i16, i16, i16 } %call_ret1, 6" [firmware/myproject.cpp:41]   --->   Operation 79 'extractvalue' 'layer3_out_8_V' <Predicate = true> <Delay = 0.00>
ST_6 : Operation 80 [1/1] (0.00ns)   --->   "%layer3_out_10_V = extractvalue { i16, i16, i16, i16, i16, i16, i16, i16, i16, i16, i16, i16, i16, i16, i16, i16, i16, i16, i16, i16, i16, i16, i16, i16, i16, i16, i16, i16, i16, i16, i16, i16, i16, i16, i16, i16, i16, i16, i16, i16, i16, i16, i16, i16, i16, i16, i16, i16, i16, i16, i16 } %call_ret1, 7" [firmware/myproject.cpp:41]   --->   Operation 80 'extractvalue' 'layer3_out_10_V' <Predicate = true> <Delay = 0.00>
ST_6 : Operation 81 [1/1] (0.00ns)   --->   "%layer3_out_12_V = extractvalue { i16, i16, i16, i16, i16, i16, i16, i16, i16, i16, i16, i16, i16, i16, i16, i16, i16, i16, i16, i16, i16, i16, i16, i16, i16, i16, i16, i16, i16, i16, i16, i16, i16, i16, i16, i16, i16, i16, i16, i16, i16, i16, i16, i16, i16, i16, i16, i16, i16, i16, i16 } %call_ret1, 8" [firmware/myproject.cpp:41]   --->   Operation 81 'extractvalue' 'layer3_out_12_V' <Predicate = true> <Delay = 0.00>
ST_6 : Operation 82 [1/1] (0.00ns)   --->   "%layer3_out_15_V = extractvalue { i16, i16, i16, i16, i16, i16, i16, i16, i16, i16, i16, i16, i16, i16, i16, i16, i16, i16, i16, i16, i16, i16, i16, i16, i16, i16, i16, i16, i16, i16, i16, i16, i16, i16, i16, i16, i16, i16, i16, i16, i16, i16, i16, i16, i16, i16, i16, i16, i16, i16, i16 } %call_ret1, 9" [firmware/myproject.cpp:41]   --->   Operation 82 'extractvalue' 'layer3_out_15_V' <Predicate = true> <Delay = 0.00>
ST_6 : Operation 83 [1/1] (0.00ns)   --->   "%layer3_out_16_V = extractvalue { i16, i16, i16, i16, i16, i16, i16, i16, i16, i16, i16, i16, i16, i16, i16, i16, i16, i16, i16, i16, i16, i16, i16, i16, i16, i16, i16, i16, i16, i16, i16, i16, i16, i16, i16, i16, i16, i16, i16, i16, i16, i16, i16, i16, i16, i16, i16, i16, i16, i16, i16 } %call_ret1, 10" [firmware/myproject.cpp:41]   --->   Operation 83 'extractvalue' 'layer3_out_16_V' <Predicate = true> <Delay = 0.00>
ST_6 : Operation 84 [1/1] (0.00ns)   --->   "%layer3_out_19_V = extractvalue { i16, i16, i16, i16, i16, i16, i16, i16, i16, i16, i16, i16, i16, i16, i16, i16, i16, i16, i16, i16, i16, i16, i16, i16, i16, i16, i16, i16, i16, i16, i16, i16, i16, i16, i16, i16, i16, i16, i16, i16, i16, i16, i16, i16, i16, i16, i16, i16, i16, i16, i16 } %call_ret1, 11" [firmware/myproject.cpp:41]   --->   Operation 84 'extractvalue' 'layer3_out_19_V' <Predicate = true> <Delay = 0.00>
ST_6 : Operation 85 [1/1] (0.00ns)   --->   "%layer3_out_23_V = extractvalue { i16, i16, i16, i16, i16, i16, i16, i16, i16, i16, i16, i16, i16, i16, i16, i16, i16, i16, i16, i16, i16, i16, i16, i16, i16, i16, i16, i16, i16, i16, i16, i16, i16, i16, i16, i16, i16, i16, i16, i16, i16, i16, i16, i16, i16, i16, i16, i16, i16, i16, i16 } %call_ret1, 12" [firmware/myproject.cpp:41]   --->   Operation 85 'extractvalue' 'layer3_out_23_V' <Predicate = true> <Delay = 0.00>
ST_6 : Operation 86 [1/1] (0.00ns)   --->   "%layer3_out_28_V = extractvalue { i16, i16, i16, i16, i16, i16, i16, i16, i16, i16, i16, i16, i16, i16, i16, i16, i16, i16, i16, i16, i16, i16, i16, i16, i16, i16, i16, i16, i16, i16, i16, i16, i16, i16, i16, i16, i16, i16, i16, i16, i16, i16, i16, i16, i16, i16, i16, i16, i16, i16, i16 } %call_ret1, 13" [firmware/myproject.cpp:41]   --->   Operation 86 'extractvalue' 'layer3_out_28_V' <Predicate = true> <Delay = 0.00>
ST_6 : Operation 87 [1/1] (0.00ns)   --->   "%layer3_out_30_V = extractvalue { i16, i16, i16, i16, i16, i16, i16, i16, i16, i16, i16, i16, i16, i16, i16, i16, i16, i16, i16, i16, i16, i16, i16, i16, i16, i16, i16, i16, i16, i16, i16, i16, i16, i16, i16, i16, i16, i16, i16, i16, i16, i16, i16, i16, i16, i16, i16, i16, i16, i16, i16 } %call_ret1, 14" [firmware/myproject.cpp:41]   --->   Operation 87 'extractvalue' 'layer3_out_30_V' <Predicate = true> <Delay = 0.00>
ST_6 : Operation 88 [1/1] (0.00ns)   --->   "%layer3_out_31_V = extractvalue { i16, i16, i16, i16, i16, i16, i16, i16, i16, i16, i16, i16, i16, i16, i16, i16, i16, i16, i16, i16, i16, i16, i16, i16, i16, i16, i16, i16, i16, i16, i16, i16, i16, i16, i16, i16, i16, i16, i16, i16, i16, i16, i16, i16, i16, i16, i16, i16, i16, i16, i16 } %call_ret1, 15" [firmware/myproject.cpp:41]   --->   Operation 88 'extractvalue' 'layer3_out_31_V' <Predicate = true> <Delay = 0.00>
ST_6 : Operation 89 [1/1] (0.00ns)   --->   "%layer3_out_32_V = extractvalue { i16, i16, i16, i16, i16, i16, i16, i16, i16, i16, i16, i16, i16, i16, i16, i16, i16, i16, i16, i16, i16, i16, i16, i16, i16, i16, i16, i16, i16, i16, i16, i16, i16, i16, i16, i16, i16, i16, i16, i16, i16, i16, i16, i16, i16, i16, i16, i16, i16, i16, i16 } %call_ret1, 16" [firmware/myproject.cpp:41]   --->   Operation 89 'extractvalue' 'layer3_out_32_V' <Predicate = true> <Delay = 0.00>
ST_6 : Operation 90 [1/1] (0.00ns)   --->   "%layer3_out_33_V = extractvalue { i16, i16, i16, i16, i16, i16, i16, i16, i16, i16, i16, i16, i16, i16, i16, i16, i16, i16, i16, i16, i16, i16, i16, i16, i16, i16, i16, i16, i16, i16, i16, i16, i16, i16, i16, i16, i16, i16, i16, i16, i16, i16, i16, i16, i16, i16, i16, i16, i16, i16, i16 } %call_ret1, 17" [firmware/myproject.cpp:41]   --->   Operation 90 'extractvalue' 'layer3_out_33_V' <Predicate = true> <Delay = 0.00>
ST_6 : Operation 91 [1/1] (0.00ns)   --->   "%layer3_out_37_V = extractvalue { i16, i16, i16, i16, i16, i16, i16, i16, i16, i16, i16, i16, i16, i16, i16, i16, i16, i16, i16, i16, i16, i16, i16, i16, i16, i16, i16, i16, i16, i16, i16, i16, i16, i16, i16, i16, i16, i16, i16, i16, i16, i16, i16, i16, i16, i16, i16, i16, i16, i16, i16 } %call_ret1, 18" [firmware/myproject.cpp:41]   --->   Operation 91 'extractvalue' 'layer3_out_37_V' <Predicate = true> <Delay = 0.00>
ST_6 : Operation 92 [1/1] (0.00ns)   --->   "%layer3_out_41_V = extractvalue { i16, i16, i16, i16, i16, i16, i16, i16, i16, i16, i16, i16, i16, i16, i16, i16, i16, i16, i16, i16, i16, i16, i16, i16, i16, i16, i16, i16, i16, i16, i16, i16, i16, i16, i16, i16, i16, i16, i16, i16, i16, i16, i16, i16, i16, i16, i16, i16, i16, i16, i16 } %call_ret1, 19" [firmware/myproject.cpp:41]   --->   Operation 92 'extractvalue' 'layer3_out_41_V' <Predicate = true> <Delay = 0.00>
ST_6 : Operation 93 [1/1] (0.00ns)   --->   "%layer3_out_42_V = extractvalue { i16, i16, i16, i16, i16, i16, i16, i16, i16, i16, i16, i16, i16, i16, i16, i16, i16, i16, i16, i16, i16, i16, i16, i16, i16, i16, i16, i16, i16, i16, i16, i16, i16, i16, i16, i16, i16, i16, i16, i16, i16, i16, i16, i16, i16, i16, i16, i16, i16, i16, i16 } %call_ret1, 20" [firmware/myproject.cpp:41]   --->   Operation 93 'extractvalue' 'layer3_out_42_V' <Predicate = true> <Delay = 0.00>
ST_6 : Operation 94 [1/1] (0.00ns)   --->   "%layer3_out_44_V = extractvalue { i16, i16, i16, i16, i16, i16, i16, i16, i16, i16, i16, i16, i16, i16, i16, i16, i16, i16, i16, i16, i16, i16, i16, i16, i16, i16, i16, i16, i16, i16, i16, i16, i16, i16, i16, i16, i16, i16, i16, i16, i16, i16, i16, i16, i16, i16, i16, i16, i16, i16, i16 } %call_ret1, 21" [firmware/myproject.cpp:41]   --->   Operation 94 'extractvalue' 'layer3_out_44_V' <Predicate = true> <Delay = 0.00>
ST_6 : Operation 95 [1/1] (0.00ns)   --->   "%layer3_out_45_V = extractvalue { i16, i16, i16, i16, i16, i16, i16, i16, i16, i16, i16, i16, i16, i16, i16, i16, i16, i16, i16, i16, i16, i16, i16, i16, i16, i16, i16, i16, i16, i16, i16, i16, i16, i16, i16, i16, i16, i16, i16, i16, i16, i16, i16, i16, i16, i16, i16, i16, i16, i16, i16 } %call_ret1, 22" [firmware/myproject.cpp:41]   --->   Operation 95 'extractvalue' 'layer3_out_45_V' <Predicate = true> <Delay = 0.00>
ST_6 : Operation 96 [1/1] (0.00ns)   --->   "%layer3_out_46_V = extractvalue { i16, i16, i16, i16, i16, i16, i16, i16, i16, i16, i16, i16, i16, i16, i16, i16, i16, i16, i16, i16, i16, i16, i16, i16, i16, i16, i16, i16, i16, i16, i16, i16, i16, i16, i16, i16, i16, i16, i16, i16, i16, i16, i16, i16, i16, i16, i16, i16, i16, i16, i16 } %call_ret1, 23" [firmware/myproject.cpp:41]   --->   Operation 96 'extractvalue' 'layer3_out_46_V' <Predicate = true> <Delay = 0.00>
ST_6 : Operation 97 [1/1] (0.00ns)   --->   "%layer3_out_48_V = extractvalue { i16, i16, i16, i16, i16, i16, i16, i16, i16, i16, i16, i16, i16, i16, i16, i16, i16, i16, i16, i16, i16, i16, i16, i16, i16, i16, i16, i16, i16, i16, i16, i16, i16, i16, i16, i16, i16, i16, i16, i16, i16, i16, i16, i16, i16, i16, i16, i16, i16, i16, i16 } %call_ret1, 24" [firmware/myproject.cpp:41]   --->   Operation 97 'extractvalue' 'layer3_out_48_V' <Predicate = true> <Delay = 0.00>
ST_6 : Operation 98 [1/1] (0.00ns)   --->   "%layer3_out_50_V = extractvalue { i16, i16, i16, i16, i16, i16, i16, i16, i16, i16, i16, i16, i16, i16, i16, i16, i16, i16, i16, i16, i16, i16, i16, i16, i16, i16, i16, i16, i16, i16, i16, i16, i16, i16, i16, i16, i16, i16, i16, i16, i16, i16, i16, i16, i16, i16, i16, i16, i16, i16, i16 } %call_ret1, 25" [firmware/myproject.cpp:41]   --->   Operation 98 'extractvalue' 'layer3_out_50_V' <Predicate = true> <Delay = 0.00>
ST_6 : Operation 99 [1/1] (0.00ns)   --->   "%layer3_out_52_V = extractvalue { i16, i16, i16, i16, i16, i16, i16, i16, i16, i16, i16, i16, i16, i16, i16, i16, i16, i16, i16, i16, i16, i16, i16, i16, i16, i16, i16, i16, i16, i16, i16, i16, i16, i16, i16, i16, i16, i16, i16, i16, i16, i16, i16, i16, i16, i16, i16, i16, i16, i16, i16 } %call_ret1, 26" [firmware/myproject.cpp:41]   --->   Operation 99 'extractvalue' 'layer3_out_52_V' <Predicate = true> <Delay = 0.00>
ST_6 : Operation 100 [1/1] (0.00ns)   --->   "%layer3_out_55_V = extractvalue { i16, i16, i16, i16, i16, i16, i16, i16, i16, i16, i16, i16, i16, i16, i16, i16, i16, i16, i16, i16, i16, i16, i16, i16, i16, i16, i16, i16, i16, i16, i16, i16, i16, i16, i16, i16, i16, i16, i16, i16, i16, i16, i16, i16, i16, i16, i16, i16, i16, i16, i16 } %call_ret1, 27" [firmware/myproject.cpp:41]   --->   Operation 100 'extractvalue' 'layer3_out_55_V' <Predicate = true> <Delay = 0.00>
ST_6 : Operation 101 [1/1] (0.00ns)   --->   "%layer3_out_57_V = extractvalue { i16, i16, i16, i16, i16, i16, i16, i16, i16, i16, i16, i16, i16, i16, i16, i16, i16, i16, i16, i16, i16, i16, i16, i16, i16, i16, i16, i16, i16, i16, i16, i16, i16, i16, i16, i16, i16, i16, i16, i16, i16, i16, i16, i16, i16, i16, i16, i16, i16, i16, i16 } %call_ret1, 28" [firmware/myproject.cpp:41]   --->   Operation 101 'extractvalue' 'layer3_out_57_V' <Predicate = true> <Delay = 0.00>
ST_6 : Operation 102 [1/1] (0.00ns)   --->   "%layer3_out_63_V = extractvalue { i16, i16, i16, i16, i16, i16, i16, i16, i16, i16, i16, i16, i16, i16, i16, i16, i16, i16, i16, i16, i16, i16, i16, i16, i16, i16, i16, i16, i16, i16, i16, i16, i16, i16, i16, i16, i16, i16, i16, i16, i16, i16, i16, i16, i16, i16, i16, i16, i16, i16, i16 } %call_ret1, 29" [firmware/myproject.cpp:41]   --->   Operation 102 'extractvalue' 'layer3_out_63_V' <Predicate = true> <Delay = 0.00>
ST_6 : Operation 103 [1/1] (0.00ns)   --->   "%layer3_out_64_V = extractvalue { i16, i16, i16, i16, i16, i16, i16, i16, i16, i16, i16, i16, i16, i16, i16, i16, i16, i16, i16, i16, i16, i16, i16, i16, i16, i16, i16, i16, i16, i16, i16, i16, i16, i16, i16, i16, i16, i16, i16, i16, i16, i16, i16, i16, i16, i16, i16, i16, i16, i16, i16 } %call_ret1, 30" [firmware/myproject.cpp:41]   --->   Operation 103 'extractvalue' 'layer3_out_64_V' <Predicate = true> <Delay = 0.00>
ST_6 : Operation 104 [1/1] (0.00ns)   --->   "%layer3_out_65_V = extractvalue { i16, i16, i16, i16, i16, i16, i16, i16, i16, i16, i16, i16, i16, i16, i16, i16, i16, i16, i16, i16, i16, i16, i16, i16, i16, i16, i16, i16, i16, i16, i16, i16, i16, i16, i16, i16, i16, i16, i16, i16, i16, i16, i16, i16, i16, i16, i16, i16, i16, i16, i16 } %call_ret1, 31" [firmware/myproject.cpp:41]   --->   Operation 104 'extractvalue' 'layer3_out_65_V' <Predicate = true> <Delay = 0.00>
ST_6 : Operation 105 [1/1] (0.00ns)   --->   "%layer3_out_70_V = extractvalue { i16, i16, i16, i16, i16, i16, i16, i16, i16, i16, i16, i16, i16, i16, i16, i16, i16, i16, i16, i16, i16, i16, i16, i16, i16, i16, i16, i16, i16, i16, i16, i16, i16, i16, i16, i16, i16, i16, i16, i16, i16, i16, i16, i16, i16, i16, i16, i16, i16, i16, i16 } %call_ret1, 32" [firmware/myproject.cpp:41]   --->   Operation 105 'extractvalue' 'layer3_out_70_V' <Predicate = true> <Delay = 0.00>
ST_6 : Operation 106 [1/1] (0.00ns)   --->   "%layer3_out_72_V = extractvalue { i16, i16, i16, i16, i16, i16, i16, i16, i16, i16, i16, i16, i16, i16, i16, i16, i16, i16, i16, i16, i16, i16, i16, i16, i16, i16, i16, i16, i16, i16, i16, i16, i16, i16, i16, i16, i16, i16, i16, i16, i16, i16, i16, i16, i16, i16, i16, i16, i16, i16, i16 } %call_ret1, 33" [firmware/myproject.cpp:41]   --->   Operation 106 'extractvalue' 'layer3_out_72_V' <Predicate = true> <Delay = 0.00>
ST_6 : Operation 107 [1/1] (0.00ns)   --->   "%layer3_out_76_V = extractvalue { i16, i16, i16, i16, i16, i16, i16, i16, i16, i16, i16, i16, i16, i16, i16, i16, i16, i16, i16, i16, i16, i16, i16, i16, i16, i16, i16, i16, i16, i16, i16, i16, i16, i16, i16, i16, i16, i16, i16, i16, i16, i16, i16, i16, i16, i16, i16, i16, i16, i16, i16 } %call_ret1, 34" [firmware/myproject.cpp:41]   --->   Operation 107 'extractvalue' 'layer3_out_76_V' <Predicate = true> <Delay = 0.00>
ST_6 : Operation 108 [1/1] (0.00ns)   --->   "%layer3_out_88_V = extractvalue { i16, i16, i16, i16, i16, i16, i16, i16, i16, i16, i16, i16, i16, i16, i16, i16, i16, i16, i16, i16, i16, i16, i16, i16, i16, i16, i16, i16, i16, i16, i16, i16, i16, i16, i16, i16, i16, i16, i16, i16, i16, i16, i16, i16, i16, i16, i16, i16, i16, i16, i16 } %call_ret1, 35" [firmware/myproject.cpp:41]   --->   Operation 108 'extractvalue' 'layer3_out_88_V' <Predicate = true> <Delay = 0.00>
ST_6 : Operation 109 [1/1] (0.00ns)   --->   "%layer3_out_89_V = extractvalue { i16, i16, i16, i16, i16, i16, i16, i16, i16, i16, i16, i16, i16, i16, i16, i16, i16, i16, i16, i16, i16, i16, i16, i16, i16, i16, i16, i16, i16, i16, i16, i16, i16, i16, i16, i16, i16, i16, i16, i16, i16, i16, i16, i16, i16, i16, i16, i16, i16, i16, i16 } %call_ret1, 36" [firmware/myproject.cpp:41]   --->   Operation 109 'extractvalue' 'layer3_out_89_V' <Predicate = true> <Delay = 0.00>
ST_6 : Operation 110 [1/1] (0.00ns)   --->   "%layer3_out_90_V = extractvalue { i16, i16, i16, i16, i16, i16, i16, i16, i16, i16, i16, i16, i16, i16, i16, i16, i16, i16, i16, i16, i16, i16, i16, i16, i16, i16, i16, i16, i16, i16, i16, i16, i16, i16, i16, i16, i16, i16, i16, i16, i16, i16, i16, i16, i16, i16, i16, i16, i16, i16, i16 } %call_ret1, 37" [firmware/myproject.cpp:41]   --->   Operation 110 'extractvalue' 'layer3_out_90_V' <Predicate = true> <Delay = 0.00>
ST_6 : Operation 111 [1/1] (0.00ns)   --->   "%layer3_out_91_V = extractvalue { i16, i16, i16, i16, i16, i16, i16, i16, i16, i16, i16, i16, i16, i16, i16, i16, i16, i16, i16, i16, i16, i16, i16, i16, i16, i16, i16, i16, i16, i16, i16, i16, i16, i16, i16, i16, i16, i16, i16, i16, i16, i16, i16, i16, i16, i16, i16, i16, i16, i16, i16 } %call_ret1, 38" [firmware/myproject.cpp:41]   --->   Operation 111 'extractvalue' 'layer3_out_91_V' <Predicate = true> <Delay = 0.00>
ST_6 : Operation 112 [1/1] (0.00ns)   --->   "%layer3_out_96_V = extractvalue { i16, i16, i16, i16, i16, i16, i16, i16, i16, i16, i16, i16, i16, i16, i16, i16, i16, i16, i16, i16, i16, i16, i16, i16, i16, i16, i16, i16, i16, i16, i16, i16, i16, i16, i16, i16, i16, i16, i16, i16, i16, i16, i16, i16, i16, i16, i16, i16, i16, i16, i16 } %call_ret1, 39" [firmware/myproject.cpp:41]   --->   Operation 112 'extractvalue' 'layer3_out_96_V' <Predicate = true> <Delay = 0.00>
ST_6 : Operation 113 [1/1] (0.00ns)   --->   "%layer3_out_99_V = extractvalue { i16, i16, i16, i16, i16, i16, i16, i16, i16, i16, i16, i16, i16, i16, i16, i16, i16, i16, i16, i16, i16, i16, i16, i16, i16, i16, i16, i16, i16, i16, i16, i16, i16, i16, i16, i16, i16, i16, i16, i16, i16, i16, i16, i16, i16, i16, i16, i16, i16, i16, i16 } %call_ret1, 40" [firmware/myproject.cpp:41]   --->   Operation 113 'extractvalue' 'layer3_out_99_V' <Predicate = true> <Delay = 0.00>
ST_6 : Operation 114 [1/1] (0.00ns)   --->   "%layer3_out_102_V = extractvalue { i16, i16, i16, i16, i16, i16, i16, i16, i16, i16, i16, i16, i16, i16, i16, i16, i16, i16, i16, i16, i16, i16, i16, i16, i16, i16, i16, i16, i16, i16, i16, i16, i16, i16, i16, i16, i16, i16, i16, i16, i16, i16, i16, i16, i16, i16, i16, i16, i16, i16, i16 } %call_ret1, 41" [firmware/myproject.cpp:41]   --->   Operation 114 'extractvalue' 'layer3_out_102_V' <Predicate = true> <Delay = 0.00>
ST_6 : Operation 115 [1/1] (0.00ns)   --->   "%layer3_out_103_V = extractvalue { i16, i16, i16, i16, i16, i16, i16, i16, i16, i16, i16, i16, i16, i16, i16, i16, i16, i16, i16, i16, i16, i16, i16, i16, i16, i16, i16, i16, i16, i16, i16, i16, i16, i16, i16, i16, i16, i16, i16, i16, i16, i16, i16, i16, i16, i16, i16, i16, i16, i16, i16 } %call_ret1, 42" [firmware/myproject.cpp:41]   --->   Operation 115 'extractvalue' 'layer3_out_103_V' <Predicate = true> <Delay = 0.00>
ST_6 : Operation 116 [1/1] (0.00ns)   --->   "%layer3_out_104_V = extractvalue { i16, i16, i16, i16, i16, i16, i16, i16, i16, i16, i16, i16, i16, i16, i16, i16, i16, i16, i16, i16, i16, i16, i16, i16, i16, i16, i16, i16, i16, i16, i16, i16, i16, i16, i16, i16, i16, i16, i16, i16, i16, i16, i16, i16, i16, i16, i16, i16, i16, i16, i16 } %call_ret1, 43" [firmware/myproject.cpp:41]   --->   Operation 116 'extractvalue' 'layer3_out_104_V' <Predicate = true> <Delay = 0.00>
ST_6 : Operation 117 [1/1] (0.00ns)   --->   "%layer3_out_105_V = extractvalue { i16, i16, i16, i16, i16, i16, i16, i16, i16, i16, i16, i16, i16, i16, i16, i16, i16, i16, i16, i16, i16, i16, i16, i16, i16, i16, i16, i16, i16, i16, i16, i16, i16, i16, i16, i16, i16, i16, i16, i16, i16, i16, i16, i16, i16, i16, i16, i16, i16, i16, i16 } %call_ret1, 44" [firmware/myproject.cpp:41]   --->   Operation 117 'extractvalue' 'layer3_out_105_V' <Predicate = true> <Delay = 0.00>
ST_6 : Operation 118 [1/1] (0.00ns)   --->   "%layer3_out_110_V = extractvalue { i16, i16, i16, i16, i16, i16, i16, i16, i16, i16, i16, i16, i16, i16, i16, i16, i16, i16, i16, i16, i16, i16, i16, i16, i16, i16, i16, i16, i16, i16, i16, i16, i16, i16, i16, i16, i16, i16, i16, i16, i16, i16, i16, i16, i16, i16, i16, i16, i16, i16, i16 } %call_ret1, 45" [firmware/myproject.cpp:41]   --->   Operation 118 'extractvalue' 'layer3_out_110_V' <Predicate = true> <Delay = 0.00>
ST_6 : Operation 119 [1/1] (0.00ns)   --->   "%layer3_out_114_V = extractvalue { i16, i16, i16, i16, i16, i16, i16, i16, i16, i16, i16, i16, i16, i16, i16, i16, i16, i16, i16, i16, i16, i16, i16, i16, i16, i16, i16, i16, i16, i16, i16, i16, i16, i16, i16, i16, i16, i16, i16, i16, i16, i16, i16, i16, i16, i16, i16, i16, i16, i16, i16 } %call_ret1, 46" [firmware/myproject.cpp:41]   --->   Operation 119 'extractvalue' 'layer3_out_114_V' <Predicate = true> <Delay = 0.00>
ST_6 : Operation 120 [1/1] (0.00ns)   --->   "%layer3_out_116_V = extractvalue { i16, i16, i16, i16, i16, i16, i16, i16, i16, i16, i16, i16, i16, i16, i16, i16, i16, i16, i16, i16, i16, i16, i16, i16, i16, i16, i16, i16, i16, i16, i16, i16, i16, i16, i16, i16, i16, i16, i16, i16, i16, i16, i16, i16, i16, i16, i16, i16, i16, i16, i16 } %call_ret1, 47" [firmware/myproject.cpp:41]   --->   Operation 120 'extractvalue' 'layer3_out_116_V' <Predicate = true> <Delay = 0.00>
ST_6 : Operation 121 [1/1] (0.00ns)   --->   "%layer3_out_118_V = extractvalue { i16, i16, i16, i16, i16, i16, i16, i16, i16, i16, i16, i16, i16, i16, i16, i16, i16, i16, i16, i16, i16, i16, i16, i16, i16, i16, i16, i16, i16, i16, i16, i16, i16, i16, i16, i16, i16, i16, i16, i16, i16, i16, i16, i16, i16, i16, i16, i16, i16, i16, i16 } %call_ret1, 48" [firmware/myproject.cpp:41]   --->   Operation 121 'extractvalue' 'layer3_out_118_V' <Predicate = true> <Delay = 0.00>
ST_6 : Operation 122 [1/1] (0.00ns)   --->   "%layer3_out_123_V = extractvalue { i16, i16, i16, i16, i16, i16, i16, i16, i16, i16, i16, i16, i16, i16, i16, i16, i16, i16, i16, i16, i16, i16, i16, i16, i16, i16, i16, i16, i16, i16, i16, i16, i16, i16, i16, i16, i16, i16, i16, i16, i16, i16, i16, i16, i16, i16, i16, i16, i16, i16, i16 } %call_ret1, 49" [firmware/myproject.cpp:41]   --->   Operation 122 'extractvalue' 'layer3_out_123_V' <Predicate = true> <Delay = 0.00>
ST_6 : Operation 123 [1/1] (0.00ns)   --->   "%layer3_out_125_V = extractvalue { i16, i16, i16, i16, i16, i16, i16, i16, i16, i16, i16, i16, i16, i16, i16, i16, i16, i16, i16, i16, i16, i16, i16, i16, i16, i16, i16, i16, i16, i16, i16, i16, i16, i16, i16, i16, i16, i16, i16, i16, i16, i16, i16, i16, i16, i16, i16, i16, i16, i16, i16 } %call_ret1, 50" [firmware/myproject.cpp:41]   --->   Operation 123 'extractvalue' 'layer3_out_125_V' <Predicate = true> <Delay = 0.00>
ST_6 : Operation 124 [6/6] (17.2ns)   --->   "%call_ret2 = call fastcc { i16, i16, i16 } @"dense_latency<ap_fixed,ap_fixed<16,6,5,3,0>,config4>.0.0.0.0"(i16 %layer3_out_0_V, i16 %layer3_out_1_V, i16 %layer3_out_2_V, i16 %layer3_out_3_V, i16 %layer3_out_5_V, i16 %layer3_out_7_V, i16 %layer3_out_8_V, i16 %layer3_out_10_V, i16 %layer3_out_12_V, i16 %layer3_out_15_V, i16 %layer3_out_16_V, i16 %layer3_out_19_V, i16 %layer3_out_23_V, i16 %layer3_out_28_V, i16 %layer3_out_30_V, i16 %layer3_out_31_V, i16 %layer3_out_32_V, i16 %layer3_out_33_V, i16 %layer3_out_37_V, i16 %layer3_out_41_V, i16 %layer3_out_42_V, i16 %layer3_out_44_V, i16 %layer3_out_45_V, i16 %layer3_out_46_V, i16 %layer3_out_48_V, i16 %layer3_out_50_V, i16 %layer3_out_52_V, i16 %layer3_out_55_V, i16 %layer3_out_57_V, i16 %layer3_out_63_V, i16 %layer3_out_64_V, i16 %layer3_out_65_V, i16 %layer3_out_70_V, i16 %layer3_out_72_V, i16 %layer3_out_76_V, i16 %layer3_out_88_V, i16 %layer3_out_89_V, i16 %layer3_out_90_V, i16 %layer3_out_91_V, i16 %layer3_out_96_V, i16 %layer3_out_99_V, i16 %layer3_out_102_V, i16 %layer3_out_103_V, i16 %layer3_out_104_V, i16 %layer3_out_105_V, i16 %layer3_out_110_V, i16 %layer3_out_114_V, i16 %layer3_out_116_V, i16 %layer3_out_118_V, i16 %layer3_out_123_V, i16 %layer3_out_125_V)" [firmware/nnet_utils/nnet_dense.h:41->firmware/myproject.cpp:45]   --->   Operation 124 'call' 'call_ret2' <Predicate = true> <Delay = 17.2> <CoreType = "Generic">   --->   Core 0 '' <Latency = 0> <II = 1> <Delay = 1.00> <Generic> <Opcode : >

State 7 <SV = 6> <Delay = 17.2>
ST_7 : Operation 125 [5/6] (17.2ns)   --->   "%call_ret2 = call fastcc { i16, i16, i16 } @"dense_latency<ap_fixed,ap_fixed<16,6,5,3,0>,config4>.0.0.0.0"(i16 %layer3_out_0_V, i16 %layer3_out_1_V, i16 %layer3_out_2_V, i16 %layer3_out_3_V, i16 %layer3_out_5_V, i16 %layer3_out_7_V, i16 %layer3_out_8_V, i16 %layer3_out_10_V, i16 %layer3_out_12_V, i16 %layer3_out_15_V, i16 %layer3_out_16_V, i16 %layer3_out_19_V, i16 %layer3_out_23_V, i16 %layer3_out_28_V, i16 %layer3_out_30_V, i16 %layer3_out_31_V, i16 %layer3_out_32_V, i16 %layer3_out_33_V, i16 %layer3_out_37_V, i16 %layer3_out_41_V, i16 %layer3_out_42_V, i16 %layer3_out_44_V, i16 %layer3_out_45_V, i16 %layer3_out_46_V, i16 %layer3_out_48_V, i16 %layer3_out_50_V, i16 %layer3_out_52_V, i16 %layer3_out_55_V, i16 %layer3_out_57_V, i16 %layer3_out_63_V, i16 %layer3_out_64_V, i16 %layer3_out_65_V, i16 %layer3_out_70_V, i16 %layer3_out_72_V, i16 %layer3_out_76_V, i16 %layer3_out_88_V, i16 %layer3_out_89_V, i16 %layer3_out_90_V, i16 %layer3_out_91_V, i16 %layer3_out_96_V, i16 %layer3_out_99_V, i16 %layer3_out_102_V, i16 %layer3_out_103_V, i16 %layer3_out_104_V, i16 %layer3_out_105_V, i16 %layer3_out_110_V, i16 %layer3_out_114_V, i16 %layer3_out_116_V, i16 %layer3_out_118_V, i16 %layer3_out_123_V, i16 %layer3_out_125_V)" [firmware/nnet_utils/nnet_dense.h:41->firmware/myproject.cpp:45]   --->   Operation 125 'call' 'call_ret2' <Predicate = true> <Delay = 17.2> <CoreType = "Generic">   --->   Core 0 '' <Latency = 0> <II = 1> <Delay = 1.00> <Generic> <Opcode : >

State 8 <SV = 7> <Delay = 17.2>
ST_8 : Operation 126 [4/6] (17.2ns)   --->   "%call_ret2 = call fastcc { i16, i16, i16 } @"dense_latency<ap_fixed,ap_fixed<16,6,5,3,0>,config4>.0.0.0.0"(i16 %layer3_out_0_V, i16 %layer3_out_1_V, i16 %layer3_out_2_V, i16 %layer3_out_3_V, i16 %layer3_out_5_V, i16 %layer3_out_7_V, i16 %layer3_out_8_V, i16 %layer3_out_10_V, i16 %layer3_out_12_V, i16 %layer3_out_15_V, i16 %layer3_out_16_V, i16 %layer3_out_19_V, i16 %layer3_out_23_V, i16 %layer3_out_28_V, i16 %layer3_out_30_V, i16 %layer3_out_31_V, i16 %layer3_out_32_V, i16 %layer3_out_33_V, i16 %layer3_out_37_V, i16 %layer3_out_41_V, i16 %layer3_out_42_V, i16 %layer3_out_44_V, i16 %layer3_out_45_V, i16 %layer3_out_46_V, i16 %layer3_out_48_V, i16 %layer3_out_50_V, i16 %layer3_out_52_V, i16 %layer3_out_55_V, i16 %layer3_out_57_V, i16 %layer3_out_63_V, i16 %layer3_out_64_V, i16 %layer3_out_65_V, i16 %layer3_out_70_V, i16 %layer3_out_72_V, i16 %layer3_out_76_V, i16 %layer3_out_88_V, i16 %layer3_out_89_V, i16 %layer3_out_90_V, i16 %layer3_out_91_V, i16 %layer3_out_96_V, i16 %layer3_out_99_V, i16 %layer3_out_102_V, i16 %layer3_out_103_V, i16 %layer3_out_104_V, i16 %layer3_out_105_V, i16 %layer3_out_110_V, i16 %layer3_out_114_V, i16 %layer3_out_116_V, i16 %layer3_out_118_V, i16 %layer3_out_123_V, i16 %layer3_out_125_V)" [firmware/nnet_utils/nnet_dense.h:41->firmware/myproject.cpp:45]   --->   Operation 126 'call' 'call_ret2' <Predicate = true> <Delay = 17.2> <CoreType = "Generic">   --->   Core 0 '' <Latency = 0> <II = 1> <Delay = 1.00> <Generic> <Opcode : >

State 9 <SV = 8> <Delay = 17.2>
ST_9 : Operation 127 [3/6] (17.2ns)   --->   "%call_ret2 = call fastcc { i16, i16, i16 } @"dense_latency<ap_fixed,ap_fixed<16,6,5,3,0>,config4>.0.0.0.0"(i16 %layer3_out_0_V, i16 %layer3_out_1_V, i16 %layer3_out_2_V, i16 %layer3_out_3_V, i16 %layer3_out_5_V, i16 %layer3_out_7_V, i16 %layer3_out_8_V, i16 %layer3_out_10_V, i16 %layer3_out_12_V, i16 %layer3_out_15_V, i16 %layer3_out_16_V, i16 %layer3_out_19_V, i16 %layer3_out_23_V, i16 %layer3_out_28_V, i16 %layer3_out_30_V, i16 %layer3_out_31_V, i16 %layer3_out_32_V, i16 %layer3_out_33_V, i16 %layer3_out_37_V, i16 %layer3_out_41_V, i16 %layer3_out_42_V, i16 %layer3_out_44_V, i16 %layer3_out_45_V, i16 %layer3_out_46_V, i16 %layer3_out_48_V, i16 %layer3_out_50_V, i16 %layer3_out_52_V, i16 %layer3_out_55_V, i16 %layer3_out_57_V, i16 %layer3_out_63_V, i16 %layer3_out_64_V, i16 %layer3_out_65_V, i16 %layer3_out_70_V, i16 %layer3_out_72_V, i16 %layer3_out_76_V, i16 %layer3_out_88_V, i16 %layer3_out_89_V, i16 %layer3_out_90_V, i16 %layer3_out_91_V, i16 %layer3_out_96_V, i16 %layer3_out_99_V, i16 %layer3_out_102_V, i16 %layer3_out_103_V, i16 %layer3_out_104_V, i16 %layer3_out_105_V, i16 %layer3_out_110_V, i16 %layer3_out_114_V, i16 %layer3_out_116_V, i16 %layer3_out_118_V, i16 %layer3_out_123_V, i16 %layer3_out_125_V)" [firmware/nnet_utils/nnet_dense.h:41->firmware/myproject.cpp:45]   --->   Operation 127 'call' 'call_ret2' <Predicate = true> <Delay = 17.2> <CoreType = "Generic">   --->   Core 0 '' <Latency = 0> <II = 1> <Delay = 1.00> <Generic> <Opcode : >

State 10 <SV = 9> <Delay = 17.2>
ST_10 : Operation 128 [2/6] (17.2ns)   --->   "%call_ret2 = call fastcc { i16, i16, i16 } @"dense_latency<ap_fixed,ap_fixed<16,6,5,3,0>,config4>.0.0.0.0"(i16 %layer3_out_0_V, i16 %layer3_out_1_V, i16 %layer3_out_2_V, i16 %layer3_out_3_V, i16 %layer3_out_5_V, i16 %layer3_out_7_V, i16 %layer3_out_8_V, i16 %layer3_out_10_V, i16 %layer3_out_12_V, i16 %layer3_out_15_V, i16 %layer3_out_16_V, i16 %layer3_out_19_V, i16 %layer3_out_23_V, i16 %layer3_out_28_V, i16 %layer3_out_30_V, i16 %layer3_out_31_V, i16 %layer3_out_32_V, i16 %layer3_out_33_V, i16 %layer3_out_37_V, i16 %layer3_out_41_V, i16 %layer3_out_42_V, i16 %layer3_out_44_V, i16 %layer3_out_45_V, i16 %layer3_out_46_V, i16 %layer3_out_48_V, i16 %layer3_out_50_V, i16 %layer3_out_52_V, i16 %layer3_out_55_V, i16 %layer3_out_57_V, i16 %layer3_out_63_V, i16 %layer3_out_64_V, i16 %layer3_out_65_V, i16 %layer3_out_70_V, i16 %layer3_out_72_V, i16 %layer3_out_76_V, i16 %layer3_out_88_V, i16 %layer3_out_89_V, i16 %layer3_out_90_V, i16 %layer3_out_91_V, i16 %layer3_out_96_V, i16 %layer3_out_99_V, i16 %layer3_out_102_V, i16 %layer3_out_103_V, i16 %layer3_out_104_V, i16 %layer3_out_105_V, i16 %layer3_out_110_V, i16 %layer3_out_114_V, i16 %layer3_out_116_V, i16 %layer3_out_118_V, i16 %layer3_out_123_V, i16 %layer3_out_125_V)" [firmware/nnet_utils/nnet_dense.h:41->firmware/myproject.cpp:45]   --->   Operation 128 'call' 'call_ret2' <Predicate = true> <Delay = 17.2> <CoreType = "Generic">   --->   Core 0 '' <Latency = 0> <II = 1> <Delay = 1.00> <Generic> <Opcode : >

State 11 <SV = 10> <Delay = 17.2>
ST_11 : Operation 129 [1/6] (17.2ns)   --->   "%call_ret2 = call fastcc { i16, i16, i16 } @"dense_latency<ap_fixed,ap_fixed<16,6,5,3,0>,config4>.0.0.0.0"(i16 %layer3_out_0_V, i16 %layer3_out_1_V, i16 %layer3_out_2_V, i16 %layer3_out_3_V, i16 %layer3_out_5_V, i16 %layer3_out_7_V, i16 %layer3_out_8_V, i16 %layer3_out_10_V, i16 %layer3_out_12_V, i16 %layer3_out_15_V, i16 %layer3_out_16_V, i16 %layer3_out_19_V, i16 %layer3_out_23_V, i16 %layer3_out_28_V, i16 %layer3_out_30_V, i16 %layer3_out_31_V, i16 %layer3_out_32_V, i16 %layer3_out_33_V, i16 %layer3_out_37_V, i16 %layer3_out_41_V, i16 %layer3_out_42_V, i16 %layer3_out_44_V, i16 %layer3_out_45_V, i16 %layer3_out_46_V, i16 %layer3_out_48_V, i16 %layer3_out_50_V, i16 %layer3_out_52_V, i16 %layer3_out_55_V, i16 %layer3_out_57_V, i16 %layer3_out_63_V, i16 %layer3_out_64_V, i16 %layer3_out_65_V, i16 %layer3_out_70_V, i16 %layer3_out_72_V, i16 %layer3_out_76_V, i16 %layer3_out_88_V, i16 %layer3_out_89_V, i16 %layer3_out_90_V, i16 %layer3_out_91_V, i16 %layer3_out_96_V, i16 %layer3_out_99_V, i16 %layer3_out_102_V, i16 %layer3_out_103_V, i16 %layer3_out_104_V, i16 %layer3_out_105_V, i16 %layer3_out_110_V, i16 %layer3_out_114_V, i16 %layer3_out_116_V, i16 %layer3_out_118_V, i16 %layer3_out_123_V, i16 %layer3_out_125_V)" [firmware/nnet_utils/nnet_dense.h:41->firmware/myproject.cpp:45]   --->   Operation 129 'call' 'call_ret2' <Predicate = true> <Delay = 17.2> <CoreType = "Generic">   --->   Core 0 '' <Latency = 0> <II = 1> <Delay = 1.00> <Generic> <Opcode : >
ST_11 : Operation 130 [1/1] (0.00ns)   --->   "%layer4_out_0_V = extractvalue { i16, i16, i16 } %call_ret2, 0" [firmware/nnet_utils/nnet_dense.h:41->firmware/myproject.cpp:45]   --->   Operation 130 'extractvalue' 'layer4_out_0_V' <Predicate = true> <Delay = 0.00>
ST_11 : Operation 131 [1/1] (0.00ns)   --->   "%layer4_out_1_V = extractvalue { i16, i16, i16 } %call_ret2, 1" [firmware/nnet_utils/nnet_dense.h:41->firmware/myproject.cpp:45]   --->   Operation 131 'extractvalue' 'layer4_out_1_V' <Predicate = true> <Delay = 0.00>
ST_11 : Operation 132 [1/1] (0.00ns)   --->   "%layer4_out_2_V = extractvalue { i16, i16, i16 } %call_ret2, 2" [firmware/nnet_utils/nnet_dense.h:41->firmware/myproject.cpp:45]   --->   Operation 132 'extractvalue' 'layer4_out_2_V' <Predicate = true> <Delay = 0.00>

State 12 <SV = 11> <Delay = 13.7>
ST_12 : Operation 133 [3/3] (13.7ns)   --->   "%call_ret3 = call fastcc { i16, i16, i16 } @"softmax_stable<ap_fixed,ap_fixed<16,6,5,3,0>,softmax_config5>"(i16 %layer4_out_0_V, i16 %layer4_out_1_V, i16 %layer4_out_2_V)" [firmware/nnet_utils/nnet_activation.h:386->firmware/myproject.cpp:47]   --->   Operation 133 'call' 'call_ret3' <Predicate = true> <Delay = 13.7> <CoreType = "Generic">   --->   Core 0 '' <Latency = 0> <II = 1> <Delay = 1.00> <Generic> <Opcode : >

State 13 <SV = 12> <Delay = 13.7>
ST_13 : Operation 134 [2/3] (13.7ns)   --->   "%call_ret3 = call fastcc { i16, i16, i16 } @"softmax_stable<ap_fixed,ap_fixed<16,6,5,3,0>,softmax_config5>"(i16 %layer4_out_0_V, i16 %layer4_out_1_V, i16 %layer4_out_2_V)" [firmware/nnet_utils/nnet_activation.h:386->firmware/myproject.cpp:47]   --->   Operation 134 'call' 'call_ret3' <Predicate = true> <Delay = 13.7> <CoreType = "Generic">   --->   Core 0 '' <Latency = 0> <II = 1> <Delay = 1.00> <Generic> <Opcode : >

State 14 <SV = 13> <Delay = 9.63>
ST_14 : Operation 135 [1/1] (0.00ns)   --->   "call void (...)* @_ssdm_op_SpecBitsMap(i16* %layer5_out_2_V), !map !179"   --->   Operation 135 'specbitsmap' <Predicate = true> <Delay = 0.00>
ST_14 : Operation 136 [1/1] (0.00ns)   --->   "call void (...)* @_ssdm_op_SpecBitsMap(i16* %layer5_out_1_V), !map !185"   --->   Operation 136 'specbitsmap' <Predicate = true> <Delay = 0.00>
ST_14 : Operation 137 [1/1] (0.00ns)   --->   "call void (...)* @_ssdm_op_SpecBitsMap(i16* %layer5_out_0_V), !map !191"   --->   Operation 137 'specbitsmap' <Predicate = true> <Delay = 0.00>
ST_14 : Operation 138 [1/1] (0.00ns)   --->   "call void (...)* @_ssdm_op_SpecBitsMap(i64* %dense_input_V), !map !197"   --->   Operation 138 'specbitsmap' <Predicate = true> <Delay = 0.00>
ST_14 : Operation 139 [1/1] (0.00ns)   --->   "call void (...)* @_ssdm_op_SpecTopModule([10 x i8]* @myproject_str) nounwind"   --->   Operation 139 'spectopmodule' <Predicate = true> <Delay = 0.00>
ST_14 : Operation 140 [1/1] (0.00ns)   --->   "call void (...)* @_ssdm_op_SpecInterface(i64* %dense_input_V, [7 x i8]* @p_str6, i32 0, i32 0, [1 x i8]* @p_str5, i32 0, i32 0, [1 x i8]* @p_str5, [1 x i8]* @p_str5, [1 x i8]* @p_str5, i32 0, i32 0, i32 0, i32 0, [1 x i8]* @p_str5, [1 x i8]* @p_str5) nounwind"   --->   Operation 140 'specinterface' <Predicate = true> <Delay = 0.00>
ST_14 : Operation 141 [1/1] (0.00ns)   --->   "call void (...)* @_ssdm_op_SpecInterface(i16* %layer5_out_0_V, i16* %layer5_out_1_V, i16* %layer5_out_2_V, [7 x i8]* @p_str6, i32 0, i32 0, [1 x i8]* @p_str5, i32 0, i32 0, [1 x i8]* @p_str5, [1 x i8]* @p_str5, [1 x i8]* @p_str5, i32 0, i32 0, i32 0, i32 0, [1 x i8]* @p_str5, [1 x i8]* @p_str5) nounwind" [firmware/myproject.cpp:14]   --->   Operation 141 'specinterface' <Predicate = true> <Delay = 0.00>
ST_14 : Operation 142 [1/1] (0.00ns)   --->   "call void (...)* @_ssdm_op_SpecPipeline(i32 -1, i32 1, i32 1, i32 0, [1 x i8]* @p_str5) nounwind" [firmware/myproject.cpp:15]   --->   Operation 142 'specpipeline' <Predicate = true> <Delay = 0.00>
ST_14 : Operation 143 [1/3] (9.63ns)   --->   "%call_ret3 = call fastcc { i16, i16, i16 } @"softmax_stable<ap_fixed,ap_fixed<16,6,5,3,0>,softmax_config5>"(i16 %layer4_out_0_V, i16 %layer4_out_1_V, i16 %layer4_out_2_V)" [firmware/nnet_utils/nnet_activation.h:386->firmware/myproject.cpp:47]   --->   Operation 143 'call' 'call_ret3' <Predicate = true> <Delay = 9.63> <CoreType = "Generic">   --->   Core 0 '' <Latency = 0> <II = 1> <Delay = 1.00> <Generic> <Opcode : >
ST_14 : Operation 144 [1/1] (0.00ns)   --->   "%layer5_out_V_0_ret = extractvalue { i16, i16, i16 } %call_ret3, 0" [firmware/nnet_utils/nnet_activation.h:386->firmware/myproject.cpp:47]   --->   Operation 144 'extractvalue' 'layer5_out_V_0_ret' <Predicate = true> <Delay = 0.00>
ST_14 : Operation 145 [1/1] (0.00ns)   --->   "call void @_ssdm_op_Write.ap_vld.i16P(i16* %layer5_out_0_V, i16 %layer5_out_V_0_ret)" [firmware/nnet_utils/nnet_activation.h:386->firmware/myproject.cpp:47]   --->   Operation 145 'write' <Predicate = true> <Delay = 0.00>
ST_14 : Operation 146 [1/1] (0.00ns)   --->   "%layer5_out_V_1_ret = extractvalue { i16, i16, i16 } %call_ret3, 1" [firmware/nnet_utils/nnet_activation.h:386->firmware/myproject.cpp:47]   --->   Operation 146 'extractvalue' 'layer5_out_V_1_ret' <Predicate = true> <Delay = 0.00>
ST_14 : Operation 147 [1/1] (0.00ns)   --->   "call void @_ssdm_op_Write.ap_vld.i16P(i16* %layer5_out_1_V, i16 %layer5_out_V_1_ret)" [firmware/nnet_utils/nnet_activation.h:386->firmware/myproject.cpp:47]   --->   Operation 147 'write' <Predicate = true> <Delay = 0.00>
ST_14 : Operation 148 [1/1] (0.00ns)   --->   "%layer5_out_V_2_ret = extractvalue { i16, i16, i16 } %call_ret3, 2" [firmware/nnet_utils/nnet_activation.h:386->firmware/myproject.cpp:47]   --->   Operation 148 'extractvalue' 'layer5_out_V_2_ret' <Predicate = true> <Delay = 0.00>
ST_14 : Operation 149 [1/1] (0.00ns)   --->   "call void @_ssdm_op_Write.ap_vld.i16P(i16* %layer5_out_2_V, i16 %layer5_out_V_2_ret)" [firmware/nnet_utils/nnet_activation.h:386->firmware/myproject.cpp:47]   --->   Operation 149 'write' <Predicate = true> <Delay = 0.00>
ST_14 : Operation 150 [1/1] (0.00ns)   --->   "ret void" [firmware/myproject.cpp:49]   --->   Operation 150 'ret' <Predicate = true> <Delay = 0.00>


============================================================
+ Verbose Summary: Timing violations
============================================================
Target clock period: 25ns, clock uncertainty: 3.12ns.

 <State 1>: 5.58ns
The critical path consists of the following:
	wire read on port 'dense_input_V' [17]  (0 ns)
	'call' operation ('call_ret') to 'dense_latency.0.0.0.0.0.0.0.0.0.0.0.0.0.0.0.0.0.0.0.0.0.0.0.0.0.0.0.0.0.0.0.0.0.' [18]  (5.58 ns)

 <State 2>: 9.48ns
The critical path consists of the following:
	'call' operation ('call_ret') to 'dense_latency.0.0.0.0.0.0.0.0.0.0.0.0.0.0.0.0.0.0.0.0.0.0.0.0.0.0.0.0.0.0.0.0.0.' [18]  (9.48 ns)

 <State 3>: 9.48ns
The critical path consists of the following:
	'call' operation ('call_ret') to 'dense_latency.0.0.0.0.0.0.0.0.0.0.0.0.0.0.0.0.0.0.0.0.0.0.0.0.0.0.0.0.0.0.0.0.0.' [18]  (9.48 ns)

 <State 4>: 9.48ns
The critical path consists of the following:
	'call' operation ('call_ret') to 'dense_latency.0.0.0.0.0.0.0.0.0.0.0.0.0.0.0.0.0.0.0.0.0.0.0.0.0.0.0.0.0.0.0.0.0.' [18]  (9.48 ns)

 <State 5>: 9.48ns
The critical path consists of the following:
	'call' operation ('call_ret') to 'dense_latency.0.0.0.0.0.0.0.0.0.0.0.0.0.0.0.0.0.0.0.0.0.0.0.0.0.0.0.0.0.0.0.0.0.' [18]  (9.48 ns)

 <State 6>: 20.5ns
The critical path consists of the following:
	'call' operation ('call_ret1', firmware/myproject.cpp:41) to 'relu<ap_fixed<16, 6, 5, 3, 0>, ap_fixed<16, 6, 5, 3, 0>, relu_config3>' [70]  (3.18 ns)
	'call' operation ('call_ret2', firmware/nnet_utils/nnet_dense.h:41->firmware/myproject.cpp:45) to 'dense_latency<ap_fixed,ap_fixed<16,6,5,3,0>,config4>.0.0.0.0' [122]  (17.3 ns)

 <State 7>: 17.3ns
The critical path consists of the following:
	'call' operation ('call_ret2', firmware/nnet_utils/nnet_dense.h:41->firmware/myproject.cpp:45) to 'dense_latency<ap_fixed,ap_fixed<16,6,5,3,0>,config4>.0.0.0.0' [122]  (17.3 ns)

 <State 8>: 17.3ns
The critical path consists of the following:
	'call' operation ('call_ret2', firmware/nnet_utils/nnet_dense.h:41->firmware/myproject.cpp:45) to 'dense_latency<ap_fixed,ap_fixed<16,6,5,3,0>,config4>.0.0.0.0' [122]  (17.3 ns)

 <State 9>: 17.3ns
The critical path consists of the following:
	'call' operation ('call_ret2', firmware/nnet_utils/nnet_dense.h:41->firmware/myproject.cpp:45) to 'dense_latency<ap_fixed,ap_fixed<16,6,5,3,0>,config4>.0.0.0.0' [122]  (17.3 ns)

 <State 10>: 17.3ns
The critical path consists of the following:
	'call' operation ('call_ret2', firmware/nnet_utils/nnet_dense.h:41->firmware/myproject.cpp:45) to 'dense_latency<ap_fixed,ap_fixed<16,6,5,3,0>,config4>.0.0.0.0' [122]  (17.3 ns)

 <State 11>: 17.3ns
The critical path consists of the following:
	'call' operation ('call_ret2', firmware/nnet_utils/nnet_dense.h:41->firmware/myproject.cpp:45) to 'dense_latency<ap_fixed,ap_fixed<16,6,5,3,0>,config4>.0.0.0.0' [122]  (17.3 ns)

 <State 12>: 13.8ns
The critical path consists of the following:
	'call' operation ('call_ret3', firmware/nnet_utils/nnet_activation.h:386->firmware/myproject.cpp:47) to 'softmax_stable<ap_fixed,ap_fixed<16,6,5,3,0>,softmax_config5>' [126]  (13.8 ns)

 <State 13>: 13.8ns
The critical path consists of the following:
	'call' operation ('call_ret3', firmware/nnet_utils/nnet_activation.h:386->firmware/myproject.cpp:47) to 'softmax_stable<ap_fixed,ap_fixed<16,6,5,3,0>,softmax_config5>' [126]  (13.8 ns)

 <State 14>: 9.63ns
The critical path consists of the following:
	'call' operation ('call_ret3', firmware/nnet_utils/nnet_activation.h:386->firmware/myproject.cpp:47) to 'softmax_stable<ap_fixed,ap_fixed<16,6,5,3,0>,softmax_config5>' [126]  (9.63 ns)


============================================================
+ Verbose Summary: Binding
============================================================
N/A
* FSMD analyzer results:
  - Output states:
 - Input state : 
  - Chain level:
	State 1
	State 2
	State 3
	State 4
	State 5
	State 6
	State 7
	State 8
	State 9
	State 10
	State 11
	State 12
	State 13
	State 14


============================================================
+ Verbose Summary: Datapath Resource usage 
============================================================
N/A
