

================================================================
== Vivado HLS Report for 'reduce_ap_fixed_18_8_0_0_0_4_Op_add_ap_fixed_18_8_0_0_0_1'
================================================================
* Date:           Fri Nov 17 13:24:47 2023

* Version:        2020.1 (Build 2897737 on Wed May 27 20:21:37 MDT 2020)
* Project:        myproject_prj
* Solution:       solution1
* Product family: zynq
* Target device:  xc7z020-clg400-1


================================================================
== Performance Estimates
================================================================
+ Timing: 
    * Summary: 
    +--------+----------+----------+------------+
    |  Clock |  Target  | Estimated| Uncertainty|
    +--------+----------+----------+------------+
    |ap_clk  | 10.00 ns | 8.372 ns |   1.25 ns  |
    +--------+----------+----------+------------+

+ Latency: 
    * Summary: 
    +---------+---------+-----------+-----------+-----+-----+----------+
    |  Latency (cycles) |   Latency (absolute)  |  Interval | Pipeline |
    |   min   |   max   |    min    |    max    | min | max |   Type   |
    +---------+---------+-----------+-----------+-----+-----+----------+
    |        1|        1| 10.000 ns | 10.000 ns |    1|    1| function |
    +---------+---------+-----------+-----------+-----+-----+----------+

    + Detail: 
        * Instance: 
        N/A

        * Loop: 
        N/A

============================================================
+ Verbose Summary: Synthesis Manager
============================================================
InlineROM: 1
ExposeGlobal: 0
============================================================
+ Verbose Summary: CDFG Model
============================================================
IsTopModel: 0
ResetActiveHigh: 1
IsCombinational: 0
IsDatapathOnly: 0
HasWiredReturn: 1
HasMFsm: 2
HasVarLatency: 0
IsPipeline: 1
IsRtlPipelined: 1
IsInstanceOverlapped: 0
IsDontTouch: 0
HasImplIP: 0
IsGatedGlobalClock: 0

+ Individual pipeline summary: 
  * Pipeline-0: initiation interval (II) = 1, depth = 2


============================================================
+ Verbose Summary: Schedule
============================================================
* Number of FSM states : 2
* Pipeline : 1
  Pipeline-0 : II = 1, D = 2, States = { 1 2 }
* Dataflow Pipeline: 0

* FSM state transitions: 
1 --> 2 
2 --> 

* FSM state operations: 

State 1 <SV = 0> <Delay = 8.37>
ST_1 : Operation 3 [1/1] (0.00ns)   --->   "%x_V_offset_read = call i5 @_ssdm_op_Read.ap_auto.i5(i5 %x_V_offset)" [firmware/nnet_utils/nnet_common.h:36]   --->   Operation 3 'read' 'x_V_offset_read' <Predicate = true> <Delay = 0.00>
ST_1 : Operation 4 [1/1] (0.00ns)   --->   "%empty = trunc i5 %x_V_offset_read to i3" [firmware/nnet_utils/nnet_common.h:36]   --->   Operation 4 'trunc' 'empty' <Predicate = true> <Delay = 0.00>
ST_1 : Operation 5 [1/1] (0.00ns)   --->   "%trunc_ln36 = trunc i5 %x_V_offset_read to i4" [firmware/nnet_utils/nnet_common.h:36->firmware/nnet_utils/nnet_common.h:45]   --->   Operation 5 'trunc' 'trunc_ln36' <Predicate = true> <Delay = 0.00>
ST_1 : Operation 6 [1/1] (0.00ns)   --->   "%x_0_V_read = call i17 @_ssdm_op_Read.ap_auto.i17P(i17* %x_0_V)" [firmware/nnet_utils/nnet_common.h:43->firmware/nnet_utils/nnet_common.h:45]   --->   Operation 6 'read' 'x_0_V_read' <Predicate = true> <Delay = 0.00>
ST_1 : Operation 7 [1/1] (0.00ns)   --->   "%zext_ln43 = zext i17 %x_0_V_read to i18" [firmware/nnet_utils/nnet_common.h:43->firmware/nnet_utils/nnet_common.h:45]   --->   Operation 7 'zext' 'zext_ln43' <Predicate = true> <Delay = 0.00>
ST_1 : Operation 8 [1/1] (0.00ns)   --->   "%x_1_V_read = call i17 @_ssdm_op_Read.ap_auto.i17P(i17* %x_1_V)" [firmware/nnet_utils/nnet_common.h:43->firmware/nnet_utils/nnet_common.h:45]   --->   Operation 8 'read' 'x_1_V_read' <Predicate = true> <Delay = 0.00>
ST_1 : Operation 9 [1/1] (0.00ns)   --->   "%zext_ln43_11 = zext i17 %x_1_V_read to i18" [firmware/nnet_utils/nnet_common.h:43->firmware/nnet_utils/nnet_common.h:45]   --->   Operation 9 'zext' 'zext_ln43_11' <Predicate = true> <Delay = 0.00>
ST_1 : Operation 10 [1/1] (0.00ns)   --->   "%x_2_V_read = call i17 @_ssdm_op_Read.ap_auto.i17P(i17* %x_2_V)" [firmware/nnet_utils/nnet_common.h:43->firmware/nnet_utils/nnet_common.h:45]   --->   Operation 10 'read' 'x_2_V_read' <Predicate = true> <Delay = 0.00>
ST_1 : Operation 11 [1/1] (0.00ns)   --->   "%zext_ln43_12 = zext i17 %x_2_V_read to i18" [firmware/nnet_utils/nnet_common.h:43->firmware/nnet_utils/nnet_common.h:45]   --->   Operation 11 'zext' 'zext_ln43_12' <Predicate = true> <Delay = 0.00>
ST_1 : Operation 12 [1/1] (0.00ns)   --->   "%x_3_V_read = call i17 @_ssdm_op_Read.ap_auto.i17P(i17* %x_3_V)" [firmware/nnet_utils/nnet_common.h:43->firmware/nnet_utils/nnet_common.h:45]   --->   Operation 12 'read' 'x_3_V_read' <Predicate = true> <Delay = 0.00>
ST_1 : Operation 13 [1/1] (0.00ns)   --->   "%zext_ln43_13 = zext i17 %x_3_V_read to i18" [firmware/nnet_utils/nnet_common.h:43->firmware/nnet_utils/nnet_common.h:45]   --->   Operation 13 'zext' 'zext_ln43_13' <Predicate = true> <Delay = 0.00>
ST_1 : Operation 14 [1/1] (0.00ns)   --->   "%x_4_V_read = call i17 @_ssdm_op_Read.ap_auto.i17P(i17* %x_4_V)" [firmware/nnet_utils/nnet_common.h:43->firmware/nnet_utils/nnet_common.h:45]   --->   Operation 14 'read' 'x_4_V_read' <Predicate = true> <Delay = 0.00>
ST_1 : Operation 15 [1/1] (0.00ns)   --->   "%zext_ln43_14 = zext i17 %x_4_V_read to i18" [firmware/nnet_utils/nnet_common.h:43->firmware/nnet_utils/nnet_common.h:45]   --->   Operation 15 'zext' 'zext_ln43_14' <Predicate = true> <Delay = 0.00>
ST_1 : Operation 16 [1/1] (0.00ns)   --->   "%x_5_V_read = call i17 @_ssdm_op_Read.ap_auto.i17P(i17* %x_5_V)" [firmware/nnet_utils/nnet_common.h:43->firmware/nnet_utils/nnet_common.h:45]   --->   Operation 16 'read' 'x_5_V_read' <Predicate = true> <Delay = 0.00>
ST_1 : Operation 17 [1/1] (0.00ns)   --->   "%zext_ln43_15 = zext i17 %x_5_V_read to i18" [firmware/nnet_utils/nnet_common.h:43->firmware/nnet_utils/nnet_common.h:45]   --->   Operation 17 'zext' 'zext_ln43_15' <Predicate = true> <Delay = 0.00>
ST_1 : Operation 18 [1/1] (0.00ns)   --->   "%x_6_V_read = call i17 @_ssdm_op_Read.ap_auto.i17P(i17* %x_6_V)" [firmware/nnet_utils/nnet_common.h:43->firmware/nnet_utils/nnet_common.h:45]   --->   Operation 18 'read' 'x_6_V_read' <Predicate = true> <Delay = 0.00>
ST_1 : Operation 19 [1/1] (0.00ns)   --->   "%zext_ln43_16 = zext i17 %x_6_V_read to i18" [firmware/nnet_utils/nnet_common.h:43->firmware/nnet_utils/nnet_common.h:45]   --->   Operation 19 'zext' 'zext_ln43_16' <Predicate = true> <Delay = 0.00>
ST_1 : Operation 20 [1/1] (0.00ns)   --->   "%x_7_V_read = call i17 @_ssdm_op_Read.ap_auto.i17P(i17* %x_7_V)" [firmware/nnet_utils/nnet_common.h:43->firmware/nnet_utils/nnet_common.h:45]   --->   Operation 20 'read' 'x_7_V_read' <Predicate = true> <Delay = 0.00>
ST_1 : Operation 21 [1/1] (0.00ns)   --->   "%zext_ln43_17 = zext i17 %x_7_V_read to i18" [firmware/nnet_utils/nnet_common.h:43->firmware/nnet_utils/nnet_common.h:45]   --->   Operation 21 'zext' 'zext_ln43_17' <Predicate = true> <Delay = 0.00>
ST_1 : Operation 22 [1/1] (0.00ns)   --->   "%x_8_V_read = call i17 @_ssdm_op_Read.ap_auto.i17P(i17* %x_8_V)" [firmware/nnet_utils/nnet_common.h:43->firmware/nnet_utils/nnet_common.h:45]   --->   Operation 22 'read' 'x_8_V_read' <Predicate = true> <Delay = 0.00>
ST_1 : Operation 23 [1/1] (0.00ns)   --->   "%zext_ln43_18 = zext i17 %x_8_V_read to i18" [firmware/nnet_utils/nnet_common.h:43->firmware/nnet_utils/nnet_common.h:45]   --->   Operation 23 'zext' 'zext_ln43_18' <Predicate = true> <Delay = 0.00>
ST_1 : Operation 24 [1/1] (0.00ns)   --->   "%x_9_V_read = call i17 @_ssdm_op_Read.ap_auto.i17P(i17* %x_9_V)" [firmware/nnet_utils/nnet_common.h:43->firmware/nnet_utils/nnet_common.h:45]   --->   Operation 24 'read' 'x_9_V_read' <Predicate = true> <Delay = 0.00>
ST_1 : Operation 25 [1/1] (0.00ns)   --->   "%zext_ln43_19 = zext i17 %x_9_V_read to i18" [firmware/nnet_utils/nnet_common.h:43->firmware/nnet_utils/nnet_common.h:45]   --->   Operation 25 'zext' 'zext_ln43_19' <Predicate = true> <Delay = 0.00>
ST_1 : Operation 26 [1/1] (2.63ns)   --->   "%p_Val2_s = call i18 @_ssdm_op_Mux.ap_auto.10i18.i4(i18 %zext_ln43, i18 %zext_ln43_11, i18 %zext_ln43_12, i18 %zext_ln43_13, i18 %zext_ln43_14, i18 %zext_ln43_15, i18 %zext_ln43_16, i18 %zext_ln43_17, i18 %zext_ln43_18, i18 %zext_ln43_19, i4 %trunc_ln36)" [firmware/nnet_utils/nnet_common.h:43->firmware/nnet_utils/nnet_common.h:45]   --->   Operation 26 'mux' 'p_Val2_s' <Predicate = true> <Delay = 2.63> <Core = "MuxnS">   --->   Core 31 'MuxnS' <Latency = 0> <II = 1> <Delay = 2.63> <FuncUnit> <Opcode : 'mux'> <InPorts = 2> <OutPorts = 1>
ST_1 : Operation 27 [1/1] (1.65ns)   --->   "%add_ln43 = add i3 1, %empty" [firmware/nnet_utils/nnet_common.h:43->firmware/nnet_utils/nnet_common.h:45]   --->   Operation 27 'add' 'add_ln43' <Predicate = true> <Delay = 1.65> <Core = "AddSub">   --->   Core 14 'AddSub' <Latency = 0> <II = 1> <Delay = 2.13> <FuncUnit> <Opcode : 'add' 'sub'> <InPorts = 2> <OutPorts = 1>
ST_1 : Operation 28 [1/1] (0.00ns)   --->   "%zext_ln43_20 = zext i3 %add_ln43 to i4" [firmware/nnet_utils/nnet_common.h:43->firmware/nnet_utils/nnet_common.h:45]   --->   Operation 28 'zext' 'zext_ln43_20' <Predicate = true> <Delay = 0.00>
ST_1 : Operation 29 [1/1] (2.63ns)   --->   "%p_Val2_60 = call i18 @_ssdm_op_Mux.ap_auto.10i18.i4(i18 %zext_ln43, i18 %zext_ln43_11, i18 %zext_ln43_12, i18 %zext_ln43_13, i18 %zext_ln43_14, i18 %zext_ln43_15, i18 %zext_ln43_16, i18 %zext_ln43_17, i18 %zext_ln43_18, i18 %zext_ln43_19, i4 %zext_ln43_20)" [firmware/nnet_utils/nnet_common.h:43->firmware/nnet_utils/nnet_common.h:45]   --->   Operation 29 'mux' 'p_Val2_60' <Predicate = true> <Delay = 2.63> <Core = "MuxnS">   --->   Core 31 'MuxnS' <Latency = 0> <II = 1> <Delay = 2.63> <FuncUnit> <Opcode : 'mux'> <InPorts = 2> <OutPorts = 1>
ST_1 : Operation 30 [1/1] (0.00ns)   --->   "%lhs_V_4 = sext i18 %p_Val2_s to i19" [firmware/nnet_utils/nnet_common.h:50->firmware/nnet_utils/nnet_common.h:43->firmware/nnet_utils/nnet_common.h:45]   --->   Operation 30 'sext' 'lhs_V_4' <Predicate = true> <Delay = 0.00>
ST_1 : Operation 31 [1/1] (0.00ns)   --->   "%rhs_V_4 = sext i18 %p_Val2_60 to i19" [firmware/nnet_utils/nnet_common.h:50->firmware/nnet_utils/nnet_common.h:43->firmware/nnet_utils/nnet_common.h:45]   --->   Operation 31 'sext' 'rhs_V_4' <Predicate = true> <Delay = 0.00>
ST_1 : Operation 32 [1/1] (2.13ns)   --->   "%ret_V = add nsw i19 %rhs_V_4, %lhs_V_4" [firmware/nnet_utils/nnet_common.h:50->firmware/nnet_utils/nnet_common.h:43->firmware/nnet_utils/nnet_common.h:45]   --->   Operation 32 'add' 'ret_V' <Predicate = true> <Delay = 2.13> <Core = "AddSub">   --->   Core 14 'AddSub' <Latency = 0> <II = 1> <Delay = 2.13> <FuncUnit> <Opcode : 'add' 'sub'> <InPorts = 2> <OutPorts = 1>
ST_1 : Operation 33 [1/1] (0.00ns)   --->   "%p_Result_s = call i1 @_ssdm_op_BitSelect.i1.i19.i32(i19 %ret_V, i32 18)" [firmware/nnet_utils/nnet_common.h:50->firmware/nnet_utils/nnet_common.h:43->firmware/nnet_utils/nnet_common.h:45]   --->   Operation 33 'bitselect' 'p_Result_s' <Predicate = true> <Delay = 0.00>
ST_1 : Operation 34 [1/1] (2.13ns)   --->   "%p_Val2_62 = add i18 %p_Val2_s, %p_Val2_60" [firmware/nnet_utils/nnet_common.h:50->firmware/nnet_utils/nnet_common.h:43->firmware/nnet_utils/nnet_common.h:45]   --->   Operation 34 'add' 'p_Val2_62' <Predicate = true> <Delay = 2.13> <Core = "AddSub">   --->   Core 14 'AddSub' <Latency = 0> <II = 1> <Delay = 2.13> <FuncUnit> <Opcode : 'add' 'sub'> <InPorts = 2> <OutPorts = 1>
ST_1 : Operation 35 [1/1] (0.00ns)   --->   "%p_Result_51 = call i1 @_ssdm_op_BitSelect.i1.i18.i32(i18 %p_Val2_62, i32 17)" [firmware/nnet_utils/nnet_common.h:50->firmware/nnet_utils/nnet_common.h:43->firmware/nnet_utils/nnet_common.h:45]   --->   Operation 35 'bitselect' 'p_Result_51' <Predicate = true> <Delay = 0.00>
ST_1 : Operation 36 [1/1] (0.00ns) (grouped into LUT with out node select_ln388_26)   --->   "%xor_ln786_14 = xor i1 %p_Result_51, true" [firmware/nnet_utils/nnet_common.h:50->firmware/nnet_utils/nnet_common.h:43->firmware/nnet_utils/nnet_common.h:45]   --->   Operation 36 'xor' 'xor_ln786_14' <Predicate = true> <Delay = 0.00> <Core = "LogicGate">   --->   Core 27 'LogicGate' <Latency = 0> <II = 1> <Delay = 0.97> <FuncUnit> <Opcode : 'and' 'or' 'xor'> <InPorts = 2> <OutPorts = 1>
ST_1 : Operation 37 [1/1] (0.00ns) (grouped into LUT with out node select_ln388_26)   --->   "%underflow = and i1 %p_Result_s, %xor_ln786_14" [firmware/nnet_utils/nnet_common.h:50->firmware/nnet_utils/nnet_common.h:43->firmware/nnet_utils/nnet_common.h:45]   --->   Operation 37 'and' 'underflow' <Predicate = true> <Delay = 0.00> <Core = "LogicGate">   --->   Core 27 'LogicGate' <Latency = 0> <II = 1> <Delay = 0.97> <FuncUnit> <Opcode : 'and' 'or' 'xor'> <InPorts = 2> <OutPorts = 1>
ST_1 : Operation 38 [1/1] (0.00ns) (grouped into LUT with out node p_Val2_66)   --->   "%xor_ln340_42 = xor i1 %p_Result_s, %p_Result_51" [firmware/nnet_utils/nnet_common.h:50->firmware/nnet_utils/nnet_common.h:43->firmware/nnet_utils/nnet_common.h:45]   --->   Operation 38 'xor' 'xor_ln340_42' <Predicate = true> <Delay = 0.00> <Core = "LogicGate">   --->   Core 27 'LogicGate' <Latency = 0> <II = 1> <Delay = 0.97> <FuncUnit> <Opcode : 'and' 'or' 'xor'> <InPorts = 2> <OutPorts = 1>
ST_1 : Operation 39 [1/1] (0.00ns) (grouped into LUT with out node p_Val2_66)   --->   "%xor_ln340_43 = xor i1 %p_Result_s, true" [firmware/nnet_utils/nnet_common.h:50->firmware/nnet_utils/nnet_common.h:43->firmware/nnet_utils/nnet_common.h:45]   --->   Operation 39 'xor' 'xor_ln340_43' <Predicate = true> <Delay = 0.00> <Core = "LogicGate">   --->   Core 27 'LogicGate' <Latency = 0> <II = 1> <Delay = 0.97> <FuncUnit> <Opcode : 'and' 'or' 'xor'> <InPorts = 2> <OutPorts = 1>
ST_1 : Operation 40 [1/1] (0.00ns) (grouped into LUT with out node p_Val2_66)   --->   "%or_ln340_26 = or i1 %p_Result_51, %xor_ln340_43" [firmware/nnet_utils/nnet_common.h:50->firmware/nnet_utils/nnet_common.h:43->firmware/nnet_utils/nnet_common.h:45]   --->   Operation 40 'or' 'or_ln340_26' <Predicate = true> <Delay = 0.00> <Core = "LogicGate">   --->   Core 27 'LogicGate' <Latency = 0> <II = 1> <Delay = 0.97> <FuncUnit> <Opcode : 'and' 'or' 'xor'> <InPorts = 2> <OutPorts = 1>
ST_1 : Operation 41 [1/1] (0.00ns) (grouped into LUT with out node p_Val2_66)   --->   "%select_ln340_57 = select i1 %xor_ln340_42, i18 131071, i18 %p_Val2_62" [firmware/nnet_utils/nnet_common.h:50->firmware/nnet_utils/nnet_common.h:43->firmware/nnet_utils/nnet_common.h:45]   --->   Operation 41 'select' 'select_ln340_57' <Predicate = true> <Delay = 0.00> <Core = "Sel">   --->   Core 26 'Sel' <Latency = 0> <II = 1> <Delay = 0.75> <FuncUnit> <Opcode : 'select'> <InPorts = 3> <OutPorts = 1>
ST_1 : Operation 42 [1/1] (0.97ns) (out node of the LUT)   --->   "%select_ln388_26 = select i1 %underflow, i18 -131072, i18 %p_Val2_62" [firmware/nnet_utils/nnet_common.h:50->firmware/nnet_utils/nnet_common.h:43->firmware/nnet_utils/nnet_common.h:45]   --->   Operation 42 'select' 'select_ln388_26' <Predicate = true> <Delay = 0.97> <Core = "Sel">   --->   Core 26 'Sel' <Latency = 0> <II = 1> <Delay = 0.75> <FuncUnit> <Opcode : 'select'> <InPorts = 3> <OutPorts = 1>
ST_1 : Operation 43 [1/1] (0.97ns) (out node of the LUT)   --->   "%p_Val2_66 = select i1 %or_ln340_26, i18 %select_ln340_57, i18 %select_ln388_26" [firmware/nnet_utils/nnet_common.h:50->firmware/nnet_utils/nnet_common.h:43->firmware/nnet_utils/nnet_common.h:45]   --->   Operation 43 'select' 'p_Val2_66' <Predicate = true> <Delay = 0.97> <Core = "Sel">   --->   Core 26 'Sel' <Latency = 0> <II = 1> <Delay = 0.75> <FuncUnit> <Opcode : 'select'> <InPorts = 3> <OutPorts = 1>
ST_1 : Operation 44 [1/1] (1.65ns)   --->   "%add_ln45 = add i3 2, %empty" [firmware/nnet_utils/nnet_common.h:45]   --->   Operation 44 'add' 'add_ln45' <Predicate = true> <Delay = 1.65> <Core = "AddSub">   --->   Core 14 'AddSub' <Latency = 0> <II = 1> <Delay = 2.13> <FuncUnit> <Opcode : 'add' 'sub'> <InPorts = 2> <OutPorts = 1>
ST_1 : Operation 45 [1/1] (0.00ns)   --->   "%zext_ln36 = zext i3 %add_ln45 to i4" [firmware/nnet_utils/nnet_common.h:36->firmware/nnet_utils/nnet_common.h:45]   --->   Operation 45 'zext' 'zext_ln36' <Predicate = true> <Delay = 0.00>
ST_1 : Operation 46 [1/1] (2.63ns)   --->   "%p_Val2_63 = call i18 @_ssdm_op_Mux.ap_auto.10i18.i4(i18 %zext_ln43, i18 %zext_ln43_11, i18 %zext_ln43_12, i18 %zext_ln43_13, i18 %zext_ln43_14, i18 %zext_ln43_15, i18 %zext_ln43_16, i18 %zext_ln43_17, i18 %zext_ln43_18, i18 %zext_ln43_19, i4 %zext_ln36)" [firmware/nnet_utils/nnet_common.h:43->firmware/nnet_utils/nnet_common.h:45]   --->   Operation 46 'mux' 'p_Val2_63' <Predicate = true> <Delay = 2.63> <Core = "MuxnS">   --->   Core 31 'MuxnS' <Latency = 0> <II = 1> <Delay = 2.63> <FuncUnit> <Opcode : 'mux'> <InPorts = 2> <OutPorts = 1>
ST_1 : Operation 47 [1/1] (1.65ns)   --->   "%add_ln43_2 = add i3 3, %empty" [firmware/nnet_utils/nnet_common.h:43->firmware/nnet_utils/nnet_common.h:45]   --->   Operation 47 'add' 'add_ln43_2' <Predicate = true> <Delay = 1.65> <Core = "AddSub">   --->   Core 14 'AddSub' <Latency = 0> <II = 1> <Delay = 2.13> <FuncUnit> <Opcode : 'add' 'sub'> <InPorts = 2> <OutPorts = 1>
ST_1 : Operation 48 [1/1] (0.00ns)   --->   "%zext_ln43_21 = zext i3 %add_ln43_2 to i4" [firmware/nnet_utils/nnet_common.h:43->firmware/nnet_utils/nnet_common.h:45]   --->   Operation 48 'zext' 'zext_ln43_21' <Predicate = true> <Delay = 0.00>
ST_1 : Operation 49 [1/1] (2.63ns)   --->   "%p_Val2_3 = call i18 @_ssdm_op_Mux.ap_auto.10i18.i4(i18 %zext_ln43, i18 %zext_ln43_11, i18 %zext_ln43_12, i18 %zext_ln43_13, i18 %zext_ln43_14, i18 %zext_ln43_15, i18 %zext_ln43_16, i18 %zext_ln43_17, i18 %zext_ln43_18, i18 %zext_ln43_19, i4 %zext_ln43_21)" [firmware/nnet_utils/nnet_common.h:43->firmware/nnet_utils/nnet_common.h:45]   --->   Operation 49 'mux' 'p_Val2_3' <Predicate = true> <Delay = 2.63> <Core = "MuxnS">   --->   Core 31 'MuxnS' <Latency = 0> <II = 1> <Delay = 2.63> <FuncUnit> <Opcode : 'mux'> <InPorts = 2> <OutPorts = 1>
ST_1 : Operation 50 [1/1] (0.00ns)   --->   "%lhs_V_5 = sext i18 %p_Val2_63 to i19" [firmware/nnet_utils/nnet_common.h:50->firmware/nnet_utils/nnet_common.h:43->firmware/nnet_utils/nnet_common.h:45]   --->   Operation 50 'sext' 'lhs_V_5' <Predicate = true> <Delay = 0.00>
ST_1 : Operation 51 [1/1] (0.00ns)   --->   "%rhs_V_5 = sext i18 %p_Val2_3 to i19" [firmware/nnet_utils/nnet_common.h:50->firmware/nnet_utils/nnet_common.h:43->firmware/nnet_utils/nnet_common.h:45]   --->   Operation 51 'sext' 'rhs_V_5' <Predicate = true> <Delay = 0.00>
ST_1 : Operation 52 [1/1] (2.13ns)   --->   "%ret_V_4 = add nsw i19 %rhs_V_5, %lhs_V_5" [firmware/nnet_utils/nnet_common.h:50->firmware/nnet_utils/nnet_common.h:43->firmware/nnet_utils/nnet_common.h:45]   --->   Operation 52 'add' 'ret_V_4' <Predicate = true> <Delay = 2.13> <Core = "AddSub">   --->   Core 14 'AddSub' <Latency = 0> <II = 1> <Delay = 2.13> <FuncUnit> <Opcode : 'add' 'sub'> <InPorts = 2> <OutPorts = 1>
ST_1 : Operation 53 [1/1] (0.00ns)   --->   "%p_Result_52 = call i1 @_ssdm_op_BitSelect.i1.i19.i32(i19 %ret_V_4, i32 18)" [firmware/nnet_utils/nnet_common.h:50->firmware/nnet_utils/nnet_common.h:43->firmware/nnet_utils/nnet_common.h:45]   --->   Operation 53 'bitselect' 'p_Result_52' <Predicate = true> <Delay = 0.00>
ST_1 : Operation 54 [1/1] (2.13ns)   --->   "%p_Val2_65 = add i18 %p_Val2_63, %p_Val2_3" [firmware/nnet_utils/nnet_common.h:50->firmware/nnet_utils/nnet_common.h:43->firmware/nnet_utils/nnet_common.h:45]   --->   Operation 54 'add' 'p_Val2_65' <Predicate = true> <Delay = 2.13> <Core = "AddSub">   --->   Core 14 'AddSub' <Latency = 0> <II = 1> <Delay = 2.13> <FuncUnit> <Opcode : 'add' 'sub'> <InPorts = 2> <OutPorts = 1>
ST_1 : Operation 55 [1/1] (0.00ns)   --->   "%p_Result_53 = call i1 @_ssdm_op_BitSelect.i1.i18.i32(i18 %p_Val2_65, i32 17)" [firmware/nnet_utils/nnet_common.h:50->firmware/nnet_utils/nnet_common.h:43->firmware/nnet_utils/nnet_common.h:45]   --->   Operation 55 'bitselect' 'p_Result_53' <Predicate = true> <Delay = 0.00>
ST_1 : Operation 56 [1/1] (0.00ns) (grouped into LUT with out node select_ln388_27)   --->   "%xor_ln786_15 = xor i1 %p_Result_53, true" [firmware/nnet_utils/nnet_common.h:50->firmware/nnet_utils/nnet_common.h:43->firmware/nnet_utils/nnet_common.h:45]   --->   Operation 56 'xor' 'xor_ln786_15' <Predicate = true> <Delay = 0.00> <Core = "LogicGate">   --->   Core 27 'LogicGate' <Latency = 0> <II = 1> <Delay = 0.97> <FuncUnit> <Opcode : 'and' 'or' 'xor'> <InPorts = 2> <OutPorts = 1>
ST_1 : Operation 57 [1/1] (0.00ns) (grouped into LUT with out node select_ln388_27)   --->   "%underflow_4 = and i1 %p_Result_52, %xor_ln786_15" [firmware/nnet_utils/nnet_common.h:50->firmware/nnet_utils/nnet_common.h:43->firmware/nnet_utils/nnet_common.h:45]   --->   Operation 57 'and' 'underflow_4' <Predicate = true> <Delay = 0.00> <Core = "LogicGate">   --->   Core 27 'LogicGate' <Latency = 0> <II = 1> <Delay = 0.97> <FuncUnit> <Opcode : 'and' 'or' 'xor'> <InPorts = 2> <OutPorts = 1>
ST_1 : Operation 58 [1/1] (0.00ns) (grouped into LUT with out node p_Val2_67)   --->   "%xor_ln340_44 = xor i1 %p_Result_52, %p_Result_53" [firmware/nnet_utils/nnet_common.h:50->firmware/nnet_utils/nnet_common.h:43->firmware/nnet_utils/nnet_common.h:45]   --->   Operation 58 'xor' 'xor_ln340_44' <Predicate = true> <Delay = 0.00> <Core = "LogicGate">   --->   Core 27 'LogicGate' <Latency = 0> <II = 1> <Delay = 0.97> <FuncUnit> <Opcode : 'and' 'or' 'xor'> <InPorts = 2> <OutPorts = 1>
ST_1 : Operation 59 [1/1] (0.00ns) (grouped into LUT with out node p_Val2_67)   --->   "%xor_ln340_45 = xor i1 %p_Result_52, true" [firmware/nnet_utils/nnet_common.h:50->firmware/nnet_utils/nnet_common.h:43->firmware/nnet_utils/nnet_common.h:45]   --->   Operation 59 'xor' 'xor_ln340_45' <Predicate = true> <Delay = 0.00> <Core = "LogicGate">   --->   Core 27 'LogicGate' <Latency = 0> <II = 1> <Delay = 0.97> <FuncUnit> <Opcode : 'and' 'or' 'xor'> <InPorts = 2> <OutPorts = 1>
ST_1 : Operation 60 [1/1] (0.00ns) (grouped into LUT with out node p_Val2_67)   --->   "%or_ln340_27 = or i1 %p_Result_53, %xor_ln340_45" [firmware/nnet_utils/nnet_common.h:50->firmware/nnet_utils/nnet_common.h:43->firmware/nnet_utils/nnet_common.h:45]   --->   Operation 60 'or' 'or_ln340_27' <Predicate = true> <Delay = 0.00> <Core = "LogicGate">   --->   Core 27 'LogicGate' <Latency = 0> <II = 1> <Delay = 0.97> <FuncUnit> <Opcode : 'and' 'or' 'xor'> <InPorts = 2> <OutPorts = 1>
ST_1 : Operation 61 [1/1] (0.00ns) (grouped into LUT with out node p_Val2_67)   --->   "%select_ln340_59 = select i1 %xor_ln340_44, i18 131071, i18 %p_Val2_65" [firmware/nnet_utils/nnet_common.h:50->firmware/nnet_utils/nnet_common.h:43->firmware/nnet_utils/nnet_common.h:45]   --->   Operation 61 'select' 'select_ln340_59' <Predicate = true> <Delay = 0.00> <Core = "Sel">   --->   Core 26 'Sel' <Latency = 0> <II = 1> <Delay = 0.75> <FuncUnit> <Opcode : 'select'> <InPorts = 3> <OutPorts = 1>
ST_1 : Operation 62 [1/1] (0.97ns) (out node of the LUT)   --->   "%select_ln388_27 = select i1 %underflow_4, i18 -131072, i18 %p_Val2_65" [firmware/nnet_utils/nnet_common.h:50->firmware/nnet_utils/nnet_common.h:43->firmware/nnet_utils/nnet_common.h:45]   --->   Operation 62 'select' 'select_ln388_27' <Predicate = true> <Delay = 0.97> <Core = "Sel">   --->   Core 26 'Sel' <Latency = 0> <II = 1> <Delay = 0.75> <FuncUnit> <Opcode : 'select'> <InPorts = 3> <OutPorts = 1>
ST_1 : Operation 63 [1/1] (0.97ns) (out node of the LUT)   --->   "%p_Val2_67 = select i1 %or_ln340_27, i18 %select_ln340_59, i18 %select_ln388_27" [firmware/nnet_utils/nnet_common.h:50->firmware/nnet_utils/nnet_common.h:43->firmware/nnet_utils/nnet_common.h:45]   --->   Operation 63 'select' 'p_Val2_67' <Predicate = true> <Delay = 0.97> <Core = "Sel">   --->   Core 26 'Sel' <Latency = 0> <II = 1> <Delay = 0.75> <FuncUnit> <Opcode : 'select'> <InPorts = 3> <OutPorts = 1>

State 2 <SV = 1> <Delay = 4.09>
ST_2 : Operation 64 [1/1] (0.00ns)   --->   "%lhs_V = sext i18 %p_Val2_66 to i19" [firmware/nnet_utils/nnet_common.h:50->firmware/nnet_utils/nnet_common.h:45]   --->   Operation 64 'sext' 'lhs_V' <Predicate = true> <Delay = 0.00>
ST_2 : Operation 65 [1/1] (0.00ns)   --->   "%rhs_V = sext i18 %p_Val2_67 to i19" [firmware/nnet_utils/nnet_common.h:50->firmware/nnet_utils/nnet_common.h:45]   --->   Operation 65 'sext' 'rhs_V' <Predicate = true> <Delay = 0.00>
ST_2 : Operation 66 [1/1] (2.13ns)   --->   "%ret_V_5 = add nsw i19 %lhs_V, %rhs_V" [firmware/nnet_utils/nnet_common.h:50->firmware/nnet_utils/nnet_common.h:45]   --->   Operation 66 'add' 'ret_V_5' <Predicate = true> <Delay = 2.13> <Core = "AddSub">   --->   Core 14 'AddSub' <Latency = 0> <II = 1> <Delay = 2.13> <FuncUnit> <Opcode : 'add' 'sub'> <InPorts = 2> <OutPorts = 1>
ST_2 : Operation 67 [1/1] (0.00ns)   --->   "%p_Result_54 = call i1 @_ssdm_op_BitSelect.i1.i19.i32(i19 %ret_V_5, i32 18)" [firmware/nnet_utils/nnet_common.h:50->firmware/nnet_utils/nnet_common.h:45]   --->   Operation 67 'bitselect' 'p_Result_54' <Predicate = true> <Delay = 0.00>
ST_2 : Operation 68 [1/1] (2.13ns)   --->   "%p_Val2_69 = add i18 %p_Val2_67, %p_Val2_66" [firmware/nnet_utils/nnet_common.h:50->firmware/nnet_utils/nnet_common.h:45]   --->   Operation 68 'add' 'p_Val2_69' <Predicate = true> <Delay = 2.13> <Core = "AddSub">   --->   Core 14 'AddSub' <Latency = 0> <II = 1> <Delay = 2.13> <FuncUnit> <Opcode : 'add' 'sub'> <InPorts = 2> <OutPorts = 1>
ST_2 : Operation 69 [1/1] (0.00ns)   --->   "%p_Result_55 = call i1 @_ssdm_op_BitSelect.i1.i18.i32(i18 %p_Val2_69, i32 17)" [firmware/nnet_utils/nnet_common.h:50->firmware/nnet_utils/nnet_common.h:45]   --->   Operation 69 'bitselect' 'p_Result_55' <Predicate = true> <Delay = 0.00>
ST_2 : Operation 70 [1/1] (0.00ns) (grouped into LUT with out node select_ln388)   --->   "%xor_ln786 = xor i1 %p_Result_55, true" [firmware/nnet_utils/nnet_common.h:50->firmware/nnet_utils/nnet_common.h:45]   --->   Operation 70 'xor' 'xor_ln786' <Predicate = true> <Delay = 0.00> <Core = "LogicGate">   --->   Core 27 'LogicGate' <Latency = 0> <II = 1> <Delay = 0.97> <FuncUnit> <Opcode : 'and' 'or' 'xor'> <InPorts = 2> <OutPorts = 1>
ST_2 : Operation 71 [1/1] (0.00ns) (grouped into LUT with out node select_ln388)   --->   "%underflow_5 = and i1 %p_Result_54, %xor_ln786" [firmware/nnet_utils/nnet_common.h:50->firmware/nnet_utils/nnet_common.h:45]   --->   Operation 71 'and' 'underflow_5' <Predicate = true> <Delay = 0.00> <Core = "LogicGate">   --->   Core 27 'LogicGate' <Latency = 0> <II = 1> <Delay = 0.97> <FuncUnit> <Opcode : 'and' 'or' 'xor'> <InPorts = 2> <OutPorts = 1>
ST_2 : Operation 72 [1/1] (0.00ns) (grouped into LUT with out node select_ln340_61)   --->   "%xor_ln340_46 = xor i1 %p_Result_54, %p_Result_55" [firmware/nnet_utils/nnet_common.h:50->firmware/nnet_utils/nnet_common.h:45]   --->   Operation 72 'xor' 'xor_ln340_46' <Predicate = true> <Delay = 0.00> <Core = "LogicGate">   --->   Core 27 'LogicGate' <Latency = 0> <II = 1> <Delay = 0.97> <FuncUnit> <Opcode : 'and' 'or' 'xor'> <InPorts = 2> <OutPorts = 1>
ST_2 : Operation 73 [1/1] (0.00ns) (grouped into LUT with out node select_ln340_61)   --->   "%xor_ln340 = xor i1 %p_Result_54, true" [firmware/nnet_utils/nnet_common.h:50->firmware/nnet_utils/nnet_common.h:45]   --->   Operation 73 'xor' 'xor_ln340' <Predicate = true> <Delay = 0.00> <Core = "LogicGate">   --->   Core 27 'LogicGate' <Latency = 0> <II = 1> <Delay = 0.97> <FuncUnit> <Opcode : 'and' 'or' 'xor'> <InPorts = 2> <OutPorts = 1>
ST_2 : Operation 74 [1/1] (0.00ns) (grouped into LUT with out node select_ln340_61)   --->   "%or_ln340 = or i1 %p_Result_55, %xor_ln340" [firmware/nnet_utils/nnet_common.h:50->firmware/nnet_utils/nnet_common.h:45]   --->   Operation 74 'or' 'or_ln340' <Predicate = true> <Delay = 0.00> <Core = "LogicGate">   --->   Core 27 'LogicGate' <Latency = 0> <II = 1> <Delay = 0.97> <FuncUnit> <Opcode : 'and' 'or' 'xor'> <InPorts = 2> <OutPorts = 1>
ST_2 : Operation 75 [1/1] (0.00ns) (grouped into LUT with out node select_ln340_61)   --->   "%select_ln340 = select i1 %xor_ln340_46, i18 131071, i18 %p_Val2_69" [firmware/nnet_utils/nnet_common.h:50->firmware/nnet_utils/nnet_common.h:45]   --->   Operation 75 'select' 'select_ln340' <Predicate = true> <Delay = 0.00> <Core = "Sel">   --->   Core 26 'Sel' <Latency = 0> <II = 1> <Delay = 0.75> <FuncUnit> <Opcode : 'select'> <InPorts = 3> <OutPorts = 1>
ST_2 : Operation 76 [1/1] (0.97ns) (out node of the LUT)   --->   "%select_ln388 = select i1 %underflow_5, i18 -131072, i18 %p_Val2_69" [firmware/nnet_utils/nnet_common.h:50->firmware/nnet_utils/nnet_common.h:45]   --->   Operation 76 'select' 'select_ln388' <Predicate = true> <Delay = 0.97> <Core = "Sel">   --->   Core 26 'Sel' <Latency = 0> <II = 1> <Delay = 0.75> <FuncUnit> <Opcode : 'select'> <InPorts = 3> <OutPorts = 1>
ST_2 : Operation 77 [1/1] (0.97ns) (out node of the LUT)   --->   "%select_ln340_61 = select i1 %or_ln340, i18 %select_ln340, i18 %select_ln388" [firmware/nnet_utils/nnet_common.h:50->firmware/nnet_utils/nnet_common.h:45]   --->   Operation 77 'select' 'select_ln340_61' <Predicate = true> <Delay = 0.97> <Core = "Sel">   --->   Core 26 'Sel' <Latency = 0> <II = 1> <Delay = 0.75> <FuncUnit> <Opcode : 'select'> <InPorts = 3> <OutPorts = 1>
ST_2 : Operation 78 [1/1] (0.00ns)   --->   "ret i18 %select_ln340_61" [firmware/nnet_utils/nnet_common.h:45]   --->   Operation 78 'ret' <Predicate = true> <Delay = 0.00>


============================================================
+ Verbose Summary: Timing violations
============================================================
Target clock period: 10ns, clock uncertainty: 1.25ns.

 <State 1>: 8.37ns
The critical path consists of the following:
	wire read on port 'x_V_offset' (firmware/nnet_utils/nnet_common.h:36) [12]  (0 ns)
	'add' operation ('add_ln43', firmware/nnet_utils/nnet_common.h:43->firmware/nnet_utils/nnet_common.h:45) [36]  (1.65 ns)
	'mux' operation ('__Val2__', firmware/nnet_utils/nnet_common.h:43->firmware/nnet_utils/nnet_common.h:45) [38]  (2.63 ns)
	'add' operation ('__Val2__', firmware/nnet_utils/nnet_common.h:50->firmware/nnet_utils/nnet_common.h:43->firmware/nnet_utils/nnet_common.h:45) [43]  (2.14 ns)
	'select' operation ('select_ln388_26', firmware/nnet_utils/nnet_common.h:50->firmware/nnet_utils/nnet_common.h:43->firmware/nnet_utils/nnet_common.h:45) [51]  (0.978 ns)
	'select' operation ('__Val2__', firmware/nnet_utils/nnet_common.h:50->firmware/nnet_utils/nnet_common.h:43->firmware/nnet_utils/nnet_common.h:45) [52]  (0.978 ns)

 <State 2>: 4.09ns
The critical path consists of the following:
	'add' operation ('ret.V', firmware/nnet_utils/nnet_common.h:50->firmware/nnet_utils/nnet_common.h:45) [75]  (2.14 ns)
	'and' operation ('underflow', firmware/nnet_utils/nnet_common.h:50->firmware/nnet_utils/nnet_common.h:45) [80]  (0 ns)
	'select' operation ('select_ln388', firmware/nnet_utils/nnet_common.h:50->firmware/nnet_utils/nnet_common.h:45) [85]  (0.978 ns)
	'select' operation ('select_ln340_61', firmware/nnet_utils/nnet_common.h:50->firmware/nnet_utils/nnet_common.h:45) [86]  (0.978 ns)


============================================================
+ Verbose Summary: Binding
============================================================
N/A
* FSMD analyzer results:
  - Output states:
 - Input state : 
  - Chain level:
	State 1
	State 2


============================================================
+ Verbose Summary: Datapath Resource usage 
============================================================
N/A
