

================================================================
== Vivado HLS Report for 'relu_array_ap_fixed_10u_array_ap_fixed_16_6_5_3_0_10u_relu_config10_s'
================================================================
* Date:           Fri Nov 17 13:09:32 2023

* Version:        2020.1 (Build 2897737 on Wed May 27 20:21:37 MDT 2020)
* Project:        myproject_prj
* Solution:       solution1
* Product family: zynq
* Target device:  xc7z020-clg400-1


================================================================
== Performance Estimates
================================================================
+ Timing: 
    * Summary: 
    +--------+----------+----------+------------+
    |  Clock |  Target  | Estimated| Uncertainty|
    +--------+----------+----------+------------+
    |ap_clk  | 10.00 ns | 6.868 ns |   1.25 ns  |
    +--------+----------+----------+------------+

+ Latency: 
    * Summary: 
    +---------+---------+-----------+-----------+-----+-----+----------+
    |  Latency (cycles) |   Latency (absolute)  |  Interval | Pipeline |
    |   min   |   max   |    min    |    max    | min | max |   Type   |
    +---------+---------+-----------+-----------+-----+-----+----------+
    |        1|        1| 10.000 ns | 10.000 ns |    1|    1| function |
    +---------+---------+-----------+-----------+-----+-----+----------+

    + Detail: 
        * Instance: 
        N/A

        * Loop: 
        N/A

============================================================
+ Verbose Summary: Synthesis Manager
============================================================
InlineROM: 1
ExposeGlobal: 0
============================================================
+ Verbose Summary: CDFG Model
============================================================
IsTopModel: 0
ResetActiveHigh: 1
IsCombinational: 2
IsDatapathOnly: 0
HasWiredReturn: 1
HasMFsm: 2
HasVarLatency: 0
IsPipeline: 1
IsRtlPipelined: 1
IsInstanceOverlapped: 0
IsDontTouch: 0
HasImplIP: 0
IsGatedGlobalClock: 0

+ Individual pipeline summary: 
  * Pipeline-0: initiation interval (II) = 1, depth = 2


============================================================
+ Verbose Summary: Schedule
============================================================
* Number of FSM states : 2
* Pipeline : 1
  Pipeline-0 : II = 1, D = 2, States = { 1 2 }
* Dataflow Pipeline: 0

* FSM state transitions: 
1 --> 2 
2 --> 

* FSM state operations: 

State 1 <SV = 0> <Delay = 6.86>
ST_1 : Operation 3 [1/1] (3.63ns)   --->   "%empty = call { i16, i16, i16, i16, i16, i16, i16, i16, i16, i16 } @_ssdm_op_Read.ap_fifo.volatile.i16P.i16P.i16P.i16P.i16P.i16P.i16P.i16P.i16P.i16P(i16* %data_V_data_0_V, i16* %data_V_data_1_V, i16* %data_V_data_2_V, i16* %data_V_data_3_V, i16* %data_V_data_4_V, i16* %data_V_data_5_V, i16* %data_V_data_6_V, i16* %data_V_data_7_V, i16* %data_V_data_8_V, i16* %data_V_data_9_V)" [firmware/nnet_utils/nnet_activation_stream.h:44]   --->   Operation 3 'read' 'empty' <Predicate = true> <Delay = 3.63> <Core = "FIFO">   --->   Core 32 'FIFO' <Latency = 0> <II = 1> <Delay = 3.63> <Storage> <Opcode : 'read' 'write' 'nbread' 'nbwrite'> <Ports = 0> <Width = 16> <Depth = 1> <FIFO>
ST_1 : Operation 4 [1/1] (0.00ns)   --->   "%tmp_data_V_0 = extractvalue { i16, i16, i16, i16, i16, i16, i16, i16, i16, i16 } %empty, 0" [firmware/nnet_utils/nnet_activation_stream.h:44]   --->   Operation 4 'extractvalue' 'tmp_data_V_0' <Predicate = true> <Delay = 0.00>
ST_1 : Operation 5 [1/1] (0.00ns)   --->   "%tmp_data_V_1 = extractvalue { i16, i16, i16, i16, i16, i16, i16, i16, i16, i16 } %empty, 1" [firmware/nnet_utils/nnet_activation_stream.h:44]   --->   Operation 5 'extractvalue' 'tmp_data_V_1' <Predicate = true> <Delay = 0.00>
ST_1 : Operation 6 [1/1] (0.00ns)   --->   "%tmp_data_V_2 = extractvalue { i16, i16, i16, i16, i16, i16, i16, i16, i16, i16 } %empty, 2" [firmware/nnet_utils/nnet_activation_stream.h:44]   --->   Operation 6 'extractvalue' 'tmp_data_V_2' <Predicate = true> <Delay = 0.00>
ST_1 : Operation 7 [1/1] (0.00ns)   --->   "%tmp_data_V_315 = extractvalue { i16, i16, i16, i16, i16, i16, i16, i16, i16, i16 } %empty, 3" [firmware/nnet_utils/nnet_activation_stream.h:44]   --->   Operation 7 'extractvalue' 'tmp_data_V_315' <Predicate = true> <Delay = 0.00>
ST_1 : Operation 8 [1/1] (0.00ns)   --->   "%tmp_data_V_4 = extractvalue { i16, i16, i16, i16, i16, i16, i16, i16, i16, i16 } %empty, 4" [firmware/nnet_utils/nnet_activation_stream.h:44]   --->   Operation 8 'extractvalue' 'tmp_data_V_4' <Predicate = true> <Delay = 0.00>
ST_1 : Operation 9 [1/1] (0.00ns)   --->   "%tmp_data_V_5 = extractvalue { i16, i16, i16, i16, i16, i16, i16, i16, i16, i16 } %empty, 5" [firmware/nnet_utils/nnet_activation_stream.h:44]   --->   Operation 9 'extractvalue' 'tmp_data_V_5' <Predicate = true> <Delay = 0.00>
ST_1 : Operation 10 [1/1] (0.00ns)   --->   "%tmp_data_V_6 = extractvalue { i16, i16, i16, i16, i16, i16, i16, i16, i16, i16 } %empty, 6" [firmware/nnet_utils/nnet_activation_stream.h:44]   --->   Operation 10 'extractvalue' 'tmp_data_V_6' <Predicate = true> <Delay = 0.00>
ST_1 : Operation 11 [1/1] (0.00ns)   --->   "%tmp_data_V_7 = extractvalue { i16, i16, i16, i16, i16, i16, i16, i16, i16, i16 } %empty, 7" [firmware/nnet_utils/nnet_activation_stream.h:44]   --->   Operation 11 'extractvalue' 'tmp_data_V_7' <Predicate = true> <Delay = 0.00>
ST_1 : Operation 12 [1/1] (0.00ns)   --->   "%tmp_data_V_8 = extractvalue { i16, i16, i16, i16, i16, i16, i16, i16, i16, i16 } %empty, 8" [firmware/nnet_utils/nnet_activation_stream.h:44]   --->   Operation 12 'extractvalue' 'tmp_data_V_8' <Predicate = true> <Delay = 0.00>
ST_1 : Operation 13 [1/1] (0.00ns)   --->   "%tmp_data_V_9 = extractvalue { i16, i16, i16, i16, i16, i16, i16, i16, i16, i16 } %empty, 9" [firmware/nnet_utils/nnet_activation_stream.h:44]   --->   Operation 13 'extractvalue' 'tmp_data_V_9' <Predicate = true> <Delay = 0.00>
ST_1 : Operation 14 [1/1] (2.42ns)   --->   "%icmp_ln1494 = icmp sgt i16 %tmp_data_V_0, 0" [firmware/nnet_utils/nnet_activation_stream.h:51]   --->   Operation 14 'icmp' 'icmp_ln1494' <Predicate = true> <Delay = 2.42> <Core = "Cmp">   --->   Core 25 'Cmp' <Latency = 0> <II = 1> <Delay = 2.42> <FuncUnit> <Opcode : 'icmp'> <InPorts = 2> <OutPorts = 1>
ST_1 : Operation 15 [1/1] (2.42ns)   --->   "%icmp_ln1494_1 = icmp sgt i16 %tmp_data_V_1, 0" [firmware/nnet_utils/nnet_activation_stream.h:51]   --->   Operation 15 'icmp' 'icmp_ln1494_1' <Predicate = true> <Delay = 2.42> <Core = "Cmp">   --->   Core 25 'Cmp' <Latency = 0> <II = 1> <Delay = 2.42> <FuncUnit> <Opcode : 'icmp'> <InPorts = 2> <OutPorts = 1>
ST_1 : Operation 16 [1/1] (2.42ns)   --->   "%icmp_ln1494_2 = icmp sgt i16 %tmp_data_V_2, 0" [firmware/nnet_utils/nnet_activation_stream.h:51]   --->   Operation 16 'icmp' 'icmp_ln1494_2' <Predicate = true> <Delay = 2.42> <Core = "Cmp">   --->   Core 25 'Cmp' <Latency = 0> <II = 1> <Delay = 2.42> <FuncUnit> <Opcode : 'icmp'> <InPorts = 2> <OutPorts = 1>
ST_1 : Operation 17 [1/1] (2.42ns)   --->   "%icmp_ln1494_3 = icmp sgt i16 %tmp_data_V_315, 0" [firmware/nnet_utils/nnet_activation_stream.h:51]   --->   Operation 17 'icmp' 'icmp_ln1494_3' <Predicate = true> <Delay = 2.42> <Core = "Cmp">   --->   Core 25 'Cmp' <Latency = 0> <II = 1> <Delay = 2.42> <FuncUnit> <Opcode : 'icmp'> <InPorts = 2> <OutPorts = 1>
ST_1 : Operation 18 [1/1] (2.42ns)   --->   "%icmp_ln1494_4 = icmp sgt i16 %tmp_data_V_4, 0" [firmware/nnet_utils/nnet_activation_stream.h:51]   --->   Operation 18 'icmp' 'icmp_ln1494_4' <Predicate = true> <Delay = 2.42> <Core = "Cmp">   --->   Core 25 'Cmp' <Latency = 0> <II = 1> <Delay = 2.42> <FuncUnit> <Opcode : 'icmp'> <InPorts = 2> <OutPorts = 1>
ST_1 : Operation 19 [1/1] (2.42ns)   --->   "%icmp_ln1494_5 = icmp sgt i16 %tmp_data_V_5, 0" [firmware/nnet_utils/nnet_activation_stream.h:51]   --->   Operation 19 'icmp' 'icmp_ln1494_5' <Predicate = true> <Delay = 2.42> <Core = "Cmp">   --->   Core 25 'Cmp' <Latency = 0> <II = 1> <Delay = 2.42> <FuncUnit> <Opcode : 'icmp'> <InPorts = 2> <OutPorts = 1>
ST_1 : Operation 20 [1/1] (2.42ns)   --->   "%icmp_ln1494_6 = icmp sgt i16 %tmp_data_V_6, 0" [firmware/nnet_utils/nnet_activation_stream.h:51]   --->   Operation 20 'icmp' 'icmp_ln1494_6' <Predicate = true> <Delay = 2.42> <Core = "Cmp">   --->   Core 25 'Cmp' <Latency = 0> <II = 1> <Delay = 2.42> <FuncUnit> <Opcode : 'icmp'> <InPorts = 2> <OutPorts = 1>
ST_1 : Operation 21 [1/1] (2.42ns)   --->   "%icmp_ln1494_7 = icmp sgt i16 %tmp_data_V_7, 0" [firmware/nnet_utils/nnet_activation_stream.h:51]   --->   Operation 21 'icmp' 'icmp_ln1494_7' <Predicate = true> <Delay = 2.42> <Core = "Cmp">   --->   Core 25 'Cmp' <Latency = 0> <II = 1> <Delay = 2.42> <FuncUnit> <Opcode : 'icmp'> <InPorts = 2> <OutPorts = 1>
ST_1 : Operation 22 [1/1] (2.42ns)   --->   "%icmp_ln1494_8 = icmp sgt i16 %tmp_data_V_8, 0" [firmware/nnet_utils/nnet_activation_stream.h:51]   --->   Operation 22 'icmp' 'icmp_ln1494_8' <Predicate = true> <Delay = 2.42> <Core = "Cmp">   --->   Core 25 'Cmp' <Latency = 0> <II = 1> <Delay = 2.42> <FuncUnit> <Opcode : 'icmp'> <InPorts = 2> <OutPorts = 1>
ST_1 : Operation 23 [1/1] (2.42ns)   --->   "%icmp_ln1494_9 = icmp sgt i16 %tmp_data_V_9, 0" [firmware/nnet_utils/nnet_activation_stream.h:51]   --->   Operation 23 'icmp' 'icmp_ln1494_9' <Predicate = true> <Delay = 2.42> <Core = "Cmp">   --->   Core 25 'Cmp' <Latency = 0> <II = 1> <Delay = 2.42> <FuncUnit> <Opcode : 'icmp'> <InPorts = 2> <OutPorts = 1>
ST_1 : Operation 24 [1/1] (0.80ns)   --->   "%tmp_data_0_V = select i1 %icmp_ln1494, i16 %tmp_data_V_0, i16 0" [firmware/nnet_utils/nnet_activation_stream.h:51]   --->   Operation 24 'select' 'tmp_data_0_V' <Predicate = true> <Delay = 0.80> <Core = "Sel">   --->   Core 26 'Sel' <Latency = 0> <II = 1> <Delay = 0.80> <FuncUnit> <Opcode : 'select'> <InPorts = 3> <OutPorts = 1>
ST_1 : Operation 25 [1/1] (0.80ns)   --->   "%tmp_data_1_V = select i1 %icmp_ln1494_1, i16 %tmp_data_V_1, i16 0" [firmware/nnet_utils/nnet_activation_stream.h:51]   --->   Operation 25 'select' 'tmp_data_1_V' <Predicate = true> <Delay = 0.80> <Core = "Sel">   --->   Core 26 'Sel' <Latency = 0> <II = 1> <Delay = 0.80> <FuncUnit> <Opcode : 'select'> <InPorts = 3> <OutPorts = 1>
ST_1 : Operation 26 [1/1] (0.80ns)   --->   "%tmp_data_2_V = select i1 %icmp_ln1494_2, i16 %tmp_data_V_2, i16 0" [firmware/nnet_utils/nnet_activation_stream.h:51]   --->   Operation 26 'select' 'tmp_data_2_V' <Predicate = true> <Delay = 0.80> <Core = "Sel">   --->   Core 26 'Sel' <Latency = 0> <II = 1> <Delay = 0.80> <FuncUnit> <Opcode : 'select'> <InPorts = 3> <OutPorts = 1>
ST_1 : Operation 27 [1/1] (0.80ns)   --->   "%tmp_data_3_V = select i1 %icmp_ln1494_3, i16 %tmp_data_V_315, i16 0" [firmware/nnet_utils/nnet_activation_stream.h:51]   --->   Operation 27 'select' 'tmp_data_3_V' <Predicate = true> <Delay = 0.80> <Core = "Sel">   --->   Core 26 'Sel' <Latency = 0> <II = 1> <Delay = 0.80> <FuncUnit> <Opcode : 'select'> <InPorts = 3> <OutPorts = 1>
ST_1 : Operation 28 [1/1] (0.80ns)   --->   "%tmp_data_4_V = select i1 %icmp_ln1494_4, i16 %tmp_data_V_4, i16 0" [firmware/nnet_utils/nnet_activation_stream.h:51]   --->   Operation 28 'select' 'tmp_data_4_V' <Predicate = true> <Delay = 0.80> <Core = "Sel">   --->   Core 26 'Sel' <Latency = 0> <II = 1> <Delay = 0.80> <FuncUnit> <Opcode : 'select'> <InPorts = 3> <OutPorts = 1>
ST_1 : Operation 29 [1/1] (0.80ns)   --->   "%tmp_data_5_V = select i1 %icmp_ln1494_5, i16 %tmp_data_V_5, i16 0" [firmware/nnet_utils/nnet_activation_stream.h:51]   --->   Operation 29 'select' 'tmp_data_5_V' <Predicate = true> <Delay = 0.80> <Core = "Sel">   --->   Core 26 'Sel' <Latency = 0> <II = 1> <Delay = 0.80> <FuncUnit> <Opcode : 'select'> <InPorts = 3> <OutPorts = 1>
ST_1 : Operation 30 [1/1] (0.80ns)   --->   "%tmp_data_6_V = select i1 %icmp_ln1494_6, i16 %tmp_data_V_6, i16 0" [firmware/nnet_utils/nnet_activation_stream.h:51]   --->   Operation 30 'select' 'tmp_data_6_V' <Predicate = true> <Delay = 0.80> <Core = "Sel">   --->   Core 26 'Sel' <Latency = 0> <II = 1> <Delay = 0.80> <FuncUnit> <Opcode : 'select'> <InPorts = 3> <OutPorts = 1>
ST_1 : Operation 31 [1/1] (0.80ns)   --->   "%tmp_data_7_V = select i1 %icmp_ln1494_7, i16 %tmp_data_V_7, i16 0" [firmware/nnet_utils/nnet_activation_stream.h:51]   --->   Operation 31 'select' 'tmp_data_7_V' <Predicate = true> <Delay = 0.80> <Core = "Sel">   --->   Core 26 'Sel' <Latency = 0> <II = 1> <Delay = 0.80> <FuncUnit> <Opcode : 'select'> <InPorts = 3> <OutPorts = 1>
ST_1 : Operation 32 [1/1] (0.80ns)   --->   "%tmp_data_8_V = select i1 %icmp_ln1494_8, i16 %tmp_data_V_8, i16 0" [firmware/nnet_utils/nnet_activation_stream.h:51]   --->   Operation 32 'select' 'tmp_data_8_V' <Predicate = true> <Delay = 0.80> <Core = "Sel">   --->   Core 26 'Sel' <Latency = 0> <II = 1> <Delay = 0.80> <FuncUnit> <Opcode : 'select'> <InPorts = 3> <OutPorts = 1>
ST_1 : Operation 33 [1/1] (0.80ns)   --->   "%tmp_data_9_V = select i1 %icmp_ln1494_9, i16 %tmp_data_V_9, i16 0" [firmware/nnet_utils/nnet_activation_stream.h:51]   --->   Operation 33 'select' 'tmp_data_9_V' <Predicate = true> <Delay = 0.80> <Core = "Sel">   --->   Core 26 'Sel' <Latency = 0> <II = 1> <Delay = 0.80> <FuncUnit> <Opcode : 'select'> <InPorts = 3> <OutPorts = 1>
ST_1 : Operation 34 [2/2] (0.00ns)   --->   "call void @_ssdm_op_Write.axis.volatile.i16P.i16P.i16P.i16P.i16P.i16P.i16P.i16P.i16P.i16P(i16* %res_V_data_0_V, i16* %res_V_data_1_V, i16* %res_V_data_2_V, i16* %res_V_data_3_V, i16* %res_V_data_4_V, i16* %res_V_data_5_V, i16* %res_V_data_6_V, i16* %res_V_data_7_V, i16* %res_V_data_8_V, i16* %res_V_data_9_V, i16 %tmp_data_0_V, i16 %tmp_data_1_V, i16 %tmp_data_2_V, i16 %tmp_data_3_V, i16 %tmp_data_4_V, i16 %tmp_data_5_V, i16 %tmp_data_6_V, i16 %tmp_data_7_V, i16 %tmp_data_8_V, i16 %tmp_data_9_V)" [firmware/nnet_utils/nnet_activation_stream.h:57]   --->   Operation 34 'write' <Predicate = true> <Delay = 0.00> <Core = "AXI4Stream">   --->   Core 5 'AXI4Stream' <Latency = 0> <II = 1> <Delay = 1.00> <Adapter> <Opcode : >

State 2 <SV = 1> <Delay = 0.00>
ST_2 : Operation 35 [1/1] (0.00ns)   --->   "call void (...)* @_ssdm_op_SpecInterface(i16* %data_V_data_9_V, [8 x i8]* @ap_fifo_str, i32 0, i32 0, [1 x i8]* @p_str491, i32 0, i32 0, [1 x i8]* @p_str492, [1 x i8]* @p_str493, [1 x i8]* @p_str494, i32 2, i32 2, i32 16, i32 16, [1 x i8]* @p_str495, [1 x i8]* @p_str496)"   --->   Operation 35 'specinterface' <Predicate = true> <Delay = 0.00>
ST_2 : Operation 36 [1/1] (0.00ns)   --->   "call void (...)* @_ssdm_op_SpecInterface(i16* %data_V_data_8_V, [8 x i8]* @ap_fifo_str, i32 0, i32 0, [1 x i8]* @p_str484, i32 0, i32 0, [1 x i8]* @p_str485, [1 x i8]* @p_str486, [1 x i8]* @p_str487, i32 2, i32 2, i32 16, i32 16, [1 x i8]* @p_str488, [1 x i8]* @p_str489)"   --->   Operation 36 'specinterface' <Predicate = true> <Delay = 0.00>
ST_2 : Operation 37 [1/1] (0.00ns)   --->   "call void (...)* @_ssdm_op_SpecInterface(i16* %data_V_data_7_V, [8 x i8]* @ap_fifo_str, i32 0, i32 0, [1 x i8]* @p_str477, i32 0, i32 0, [1 x i8]* @p_str478, [1 x i8]* @p_str479, [1 x i8]* @p_str480, i32 2, i32 2, i32 16, i32 16, [1 x i8]* @p_str481, [1 x i8]* @p_str482)"   --->   Operation 37 'specinterface' <Predicate = true> <Delay = 0.00>
ST_2 : Operation 38 [1/1] (0.00ns)   --->   "call void (...)* @_ssdm_op_SpecInterface(i16* %data_V_data_6_V, [8 x i8]* @ap_fifo_str, i32 0, i32 0, [1 x i8]* @p_str470, i32 0, i32 0, [1 x i8]* @p_str471, [1 x i8]* @p_str472, [1 x i8]* @p_str473, i32 2, i32 2, i32 16, i32 16, [1 x i8]* @p_str474, [1 x i8]* @p_str475)"   --->   Operation 38 'specinterface' <Predicate = true> <Delay = 0.00>
ST_2 : Operation 39 [1/1] (0.00ns)   --->   "call void (...)* @_ssdm_op_SpecInterface(i16* %data_V_data_5_V, [8 x i8]* @ap_fifo_str, i32 0, i32 0, [1 x i8]* @p_str463, i32 0, i32 0, [1 x i8]* @p_str464, [1 x i8]* @p_str465, [1 x i8]* @p_str466, i32 2, i32 2, i32 16, i32 16, [1 x i8]* @p_str467, [1 x i8]* @p_str468)"   --->   Operation 39 'specinterface' <Predicate = true> <Delay = 0.00>
ST_2 : Operation 40 [1/1] (0.00ns)   --->   "call void (...)* @_ssdm_op_SpecInterface(i16* %data_V_data_4_V, [8 x i8]* @ap_fifo_str, i32 0, i32 0, [1 x i8]* @p_str456, i32 0, i32 0, [1 x i8]* @p_str457, [1 x i8]* @p_str458, [1 x i8]* @p_str459, i32 2, i32 2, i32 16, i32 16, [1 x i8]* @p_str460, [1 x i8]* @p_str461)"   --->   Operation 40 'specinterface' <Predicate = true> <Delay = 0.00>
ST_2 : Operation 41 [1/1] (0.00ns)   --->   "call void (...)* @_ssdm_op_SpecInterface(i16* %data_V_data_3_V, [8 x i8]* @ap_fifo_str, i32 0, i32 0, [1 x i8]* @p_str449, i32 0, i32 0, [1 x i8]* @p_str450, [1 x i8]* @p_str451, [1 x i8]* @p_str452, i32 2, i32 2, i32 16, i32 16, [1 x i8]* @p_str453, [1 x i8]* @p_str454)"   --->   Operation 41 'specinterface' <Predicate = true> <Delay = 0.00>
ST_2 : Operation 42 [1/1] (0.00ns)   --->   "call void (...)* @_ssdm_op_SpecInterface(i16* %data_V_data_2_V, [8 x i8]* @ap_fifo_str, i32 0, i32 0, [1 x i8]* @p_str442, i32 0, i32 0, [1 x i8]* @p_str443, [1 x i8]* @p_str444, [1 x i8]* @p_str445, i32 2, i32 2, i32 16, i32 16, [1 x i8]* @p_str446, [1 x i8]* @p_str447)"   --->   Operation 42 'specinterface' <Predicate = true> <Delay = 0.00>
ST_2 : Operation 43 [1/1] (0.00ns)   --->   "call void (...)* @_ssdm_op_SpecInterface(i16* %data_V_data_1_V, [8 x i8]* @ap_fifo_str, i32 0, i32 0, [1 x i8]* @p_str435, i32 0, i32 0, [1 x i8]* @p_str436, [1 x i8]* @p_str437, [1 x i8]* @p_str438, i32 2, i32 2, i32 16, i32 16, [1 x i8]* @p_str439, [1 x i8]* @p_str440)"   --->   Operation 43 'specinterface' <Predicate = true> <Delay = 0.00>
ST_2 : Operation 44 [1/1] (0.00ns)   --->   "call void (...)* @_ssdm_op_SpecInterface(i16* %data_V_data_0_V, [8 x i8]* @ap_fifo_str, i32 0, i32 0, [1 x i8]* @p_str428, i32 0, i32 0, [1 x i8]* @p_str429, [1 x i8]* @p_str430, [1 x i8]* @p_str431, i32 2, i32 2, i32 16, i32 16, [1 x i8]* @p_str432, [1 x i8]* @p_str433)"   --->   Operation 44 'specinterface' <Predicate = true> <Delay = 0.00>
ST_2 : Operation 45 [1/1] (0.00ns)   --->   "call void (...)* @_ssdm_op_SpecInterface(i16* %res_V_data_0_V, [5 x i8]* @p_str, i32 1, i32 1, [5 x i8]* @p_str9, i32 0, i32 0, [1 x i8]* @p_str10, [1 x i8]* @p_str10, [1 x i8]* @p_str10, i32 0, i32 0, i32 0, i32 0, [1 x i8]* @p_str10, [1 x i8]* @p_str10)"   --->   Operation 45 'specinterface' <Predicate = true> <Delay = 0.00>
ST_2 : Operation 46 [1/1] (0.00ns)   --->   "call void (...)* @_ssdm_op_SpecInterface(i16* %res_V_data_1_V, [5 x i8]* @p_str, i32 1, i32 1, [5 x i8]* @p_str9, i32 0, i32 0, [1 x i8]* @p_str10, [1 x i8]* @p_str10, [1 x i8]* @p_str10, i32 0, i32 0, i32 0, i32 0, [1 x i8]* @p_str10, [1 x i8]* @p_str10)"   --->   Operation 46 'specinterface' <Predicate = true> <Delay = 0.00>
ST_2 : Operation 47 [1/1] (0.00ns)   --->   "call void (...)* @_ssdm_op_SpecInterface(i16* %res_V_data_2_V, [5 x i8]* @p_str, i32 1, i32 1, [5 x i8]* @p_str9, i32 0, i32 0, [1 x i8]* @p_str10, [1 x i8]* @p_str10, [1 x i8]* @p_str10, i32 0, i32 0, i32 0, i32 0, [1 x i8]* @p_str10, [1 x i8]* @p_str10)"   --->   Operation 47 'specinterface' <Predicate = true> <Delay = 0.00>
ST_2 : Operation 48 [1/1] (0.00ns)   --->   "call void (...)* @_ssdm_op_SpecInterface(i16* %res_V_data_3_V, [5 x i8]* @p_str, i32 1, i32 1, [5 x i8]* @p_str9, i32 0, i32 0, [1 x i8]* @p_str10, [1 x i8]* @p_str10, [1 x i8]* @p_str10, i32 0, i32 0, i32 0, i32 0, [1 x i8]* @p_str10, [1 x i8]* @p_str10)"   --->   Operation 48 'specinterface' <Predicate = true> <Delay = 0.00>
ST_2 : Operation 49 [1/1] (0.00ns)   --->   "call void (...)* @_ssdm_op_SpecInterface(i16* %res_V_data_4_V, [5 x i8]* @p_str, i32 1, i32 1, [5 x i8]* @p_str9, i32 0, i32 0, [1 x i8]* @p_str10, [1 x i8]* @p_str10, [1 x i8]* @p_str10, i32 0, i32 0, i32 0, i32 0, [1 x i8]* @p_str10, [1 x i8]* @p_str10)"   --->   Operation 49 'specinterface' <Predicate = true> <Delay = 0.00>
ST_2 : Operation 50 [1/1] (0.00ns)   --->   "call void (...)* @_ssdm_op_SpecInterface(i16* %res_V_data_5_V, [5 x i8]* @p_str, i32 1, i32 1, [5 x i8]* @p_str9, i32 0, i32 0, [1 x i8]* @p_str10, [1 x i8]* @p_str10, [1 x i8]* @p_str10, i32 0, i32 0, i32 0, i32 0, [1 x i8]* @p_str10, [1 x i8]* @p_str10)"   --->   Operation 50 'specinterface' <Predicate = true> <Delay = 0.00>
ST_2 : Operation 51 [1/1] (0.00ns)   --->   "call void (...)* @_ssdm_op_SpecInterface(i16* %res_V_data_6_V, [5 x i8]* @p_str, i32 1, i32 1, [5 x i8]* @p_str9, i32 0, i32 0, [1 x i8]* @p_str10, [1 x i8]* @p_str10, [1 x i8]* @p_str10, i32 0, i32 0, i32 0, i32 0, [1 x i8]* @p_str10, [1 x i8]* @p_str10)"   --->   Operation 51 'specinterface' <Predicate = true> <Delay = 0.00>
ST_2 : Operation 52 [1/1] (0.00ns)   --->   "call void (...)* @_ssdm_op_SpecInterface(i16* %res_V_data_7_V, [5 x i8]* @p_str, i32 1, i32 1, [5 x i8]* @p_str9, i32 0, i32 0, [1 x i8]* @p_str10, [1 x i8]* @p_str10, [1 x i8]* @p_str10, i32 0, i32 0, i32 0, i32 0, [1 x i8]* @p_str10, [1 x i8]* @p_str10)"   --->   Operation 52 'specinterface' <Predicate = true> <Delay = 0.00>
ST_2 : Operation 53 [1/1] (0.00ns)   --->   "call void (...)* @_ssdm_op_SpecInterface(i16* %res_V_data_8_V, [5 x i8]* @p_str, i32 1, i32 1, [5 x i8]* @p_str9, i32 0, i32 0, [1 x i8]* @p_str10, [1 x i8]* @p_str10, [1 x i8]* @p_str10, i32 0, i32 0, i32 0, i32 0, [1 x i8]* @p_str10, [1 x i8]* @p_str10)"   --->   Operation 53 'specinterface' <Predicate = true> <Delay = 0.00>
ST_2 : Operation 54 [1/1] (0.00ns)   --->   "call void (...)* @_ssdm_op_SpecInterface(i16* %res_V_data_9_V, [5 x i8]* @p_str, i32 1, i32 1, [5 x i8]* @p_str9, i32 0, i32 0, [1 x i8]* @p_str10, [1 x i8]* @p_str10, [1 x i8]* @p_str10, i32 0, i32 0, i32 0, i32 0, [1 x i8]* @p_str10, [1 x i8]* @p_str10)"   --->   Operation 54 'specinterface' <Predicate = true> <Delay = 0.00>
ST_2 : Operation 55 [1/1] (0.00ns)   --->   "call void (...)* @_ssdm_op_SpecLoopName([12 x i8]* @p_str18) nounwind" [firmware/nnet_utils/nnet_activation_stream.h:41]   --->   Operation 55 'specloopname' <Predicate = true> <Delay = 0.00>
ST_2 : Operation 56 [1/1] (0.00ns)   --->   "%tmp = call i32 (...)* @_ssdm_op_SpecRegionBegin([12 x i8]* @p_str18)" [firmware/nnet_utils/nnet_activation_stream.h:41]   --->   Operation 56 'specregionbegin' 'tmp' <Predicate = true> <Delay = 0.00>
ST_2 : Operation 57 [1/1] (0.00ns)   --->   "call void (...)* @_ssdm_op_SpecPipeline(i32 -1, i32 1, i32 1, i32 0, [1 x i8]* @p_str10) nounwind" [firmware/nnet_utils/nnet_activation_stream.h:42]   --->   Operation 57 'specpipeline' <Predicate = true> <Delay = 0.00>
ST_2 : Operation 58 [1/2] (0.00ns)   --->   "call void @_ssdm_op_Write.axis.volatile.i16P.i16P.i16P.i16P.i16P.i16P.i16P.i16P.i16P.i16P(i16* %res_V_data_0_V, i16* %res_V_data_1_V, i16* %res_V_data_2_V, i16* %res_V_data_3_V, i16* %res_V_data_4_V, i16* %res_V_data_5_V, i16* %res_V_data_6_V, i16* %res_V_data_7_V, i16* %res_V_data_8_V, i16* %res_V_data_9_V, i16 %tmp_data_0_V, i16 %tmp_data_1_V, i16 %tmp_data_2_V, i16 %tmp_data_3_V, i16 %tmp_data_4_V, i16 %tmp_data_5_V, i16 %tmp_data_6_V, i16 %tmp_data_7_V, i16 %tmp_data_8_V, i16 %tmp_data_9_V)" [firmware/nnet_utils/nnet_activation_stream.h:57]   --->   Operation 58 'write' <Predicate = true> <Delay = 0.00> <Core = "AXI4Stream">   --->   Core 5 'AXI4Stream' <Latency = 0> <II = 1> <Delay = 1.00> <Adapter> <Opcode : >
ST_2 : Operation 59 [1/1] (0.00ns)   --->   "%empty_20 = call i32 (...)* @_ssdm_op_SpecRegionEnd([12 x i8]* @p_str18, i32 %tmp)" [firmware/nnet_utils/nnet_activation_stream.h:58]   --->   Operation 59 'specregionend' 'empty_20' <Predicate = true> <Delay = 0.00>
ST_2 : Operation 60 [1/1] (0.00ns)   --->   "ret void" [firmware/nnet_utils/nnet_activation_stream.h:59]   --->   Operation 60 'ret' <Predicate = true> <Delay = 0.00>


============================================================
+ Verbose Summary: Timing violations
============================================================
Target clock period: 10ns, clock uncertainty: 1.25ns.

 <State 1>: 6.87ns
The critical path consists of the following:
	fifo read on port 'data_V_data_0_V' (firmware/nnet_utils/nnet_activation_stream.h:44) [44]  (3.63 ns)
	'icmp' operation ('icmp_ln1494', firmware/nnet_utils/nnet_activation_stream.h:51) [55]  (2.43 ns)
	'select' operation ('tmp.data[0].V', firmware/nnet_utils/nnet_activation_stream.h:51) [65]  (0.805 ns)

 <State 2>: 0ns
The critical path consists of the following:


============================================================
+ Verbose Summary: Binding
============================================================
N/A
* FSMD analyzer results:
  - Output states:
 - Input state : 
  - Chain level:
	State 1
	State 2


============================================================
+ Verbose Summary: Datapath Resource usage 
============================================================
N/A
