

================================================================
== Vivado HLS Report for 'dense_latency_ap_fixed_ap_fixed_16_6_5_3_0_config4_0_0_0_0'
================================================================
* Date:           Thu Feb 29 14:41:44 2024

* Version:        2020.1 (Build 2897737 on Wed May 27 20:21:37 MDT 2020)
* Project:        myproject_prj
* Solution:       solution1
* Product family: zynq
* Target device:  xc7z020-clg400-1


================================================================
== Performance Estimates
================================================================
+ Timing: 
    * Summary: 
    +--------+----------+-----------+------------+
    |  Clock |  Target  | Estimated | Uncertainty|
    +--------+----------+-----------+------------+
    |ap_clk  | 25.00 ns | 21.045 ns |   3.12 ns  |
    +--------+----------+-----------+------------+

+ Latency: 
    * Summary: 
    +---------+---------+-----------+-----------+-----+-----+----------+
    |  Latency (cycles) |   Latency (absolute)  |  Interval | Pipeline |
    |   min   |   max   |    min    |    max    | min | max |   Type   |
    +---------+---------+-----------+-----------+-----+-----+----------+
    |        1|        1| 25.000 ns | 25.000 ns |    1|    1| function |
    +---------+---------+-----------+-----------+-----+-----+----------+

    + Detail: 
        * Instance: 
        N/A

        * Loop: 
        N/A



================================================================
== Utilization Estimates
================================================================
* Summary: 
+-----------------+---------+-------+--------+-------+-----+
|       Name      | BRAM_18K| DSP48E|   FF   |  LUT  | URAM|
+-----------------+---------+-------+--------+-------+-----+
|DSP              |        -|      -|       -|      -|    -|
|Expression       |        -|    307|       0|  10972|    -|
|FIFO             |        -|      -|       -|      -|    -|
|Instance         |        -|      -|       -|      -|    -|
|Memory           |        -|      -|       -|      -|    -|
|Multiplexer      |        -|      -|       -|     27|    -|
|Register         |        -|      -|     545|      -|    -|
+-----------------+---------+-------+--------+-------+-----+
|Total            |        0|    307|     545|  10999|    0|
+-----------------+---------+-------+--------+-------+-----+
|Available        |      280|    220|  106400|  53200|    0|
+-----------------+---------+-------+--------+-------+-----+
|Utilization (%)  |        0|    139|   ~0   |     20|    0|
+-----------------+---------+-------+--------+-------+-----+

+ Detail: 
    * Instance: 
    N/A

    * DSP48E: 
    N/A

    * Memory: 
    N/A

    * FIFO: 
    N/A

    * Expression: 
    +----------------------------+----------+-------+---+-----+------------+------------+
    |        Variable Name       | Operation| DSP48E| FF| LUT | Bitwidth P0| Bitwidth P1|
    +----------------------------+----------+-------+---+-----+------------+------------+
    |mul_ln1118_100_fu_1671_p2   |     *    |      1|  0|    6|          16|           9|
    |mul_ln1118_101_fu_1638_p2   |     *    |      1|  0|    6|          16|           9|
    |mul_ln1118_102_fu_1990_p2   |     *    |      1|  0|    6|          16|           7|
    |mul_ln1118_103_fu_1905_p2   |     *    |      1|  0|    6|          16|           9|
    |mul_ln1118_104_fu_1684_p2   |     *    |      1|  0|    6|          16|           8|
    |mul_ln1118_105_fu_1916_p2   |     *    |      1|  0|    6|          16|           7|
    |mul_ln1118_106_fu_1901_p2   |     *    |      1|  0|    6|          16|           8|
    |mul_ln1118_107_fu_1979_p2   |     *    |      1|  0|    6|          16|           9|
    |mul_ln1118_108_fu_1980_p2   |     *    |      1|  0|    6|          16|           9|
    |mul_ln1118_109_fu_1904_p2   |     *    |      1|  0|    6|          16|           7|
    |mul_ln1118_10_fu_1839_p2    |     *    |      1|  0|    6|          16|           8|
    |mul_ln1118_110_fu_1751_p2   |     *    |      1|  0|    6|          16|           8|
    |mul_ln1118_111_fu_1794_p2   |     *    |      1|  0|    6|          16|           8|
    |mul_ln1118_112_fu_1804_p2   |     *    |      1|  0|    6|          16|           8|
    |mul_ln1118_113_fu_1964_p2   |     *    |      1|  0|    6|          16|           9|
    |mul_ln1118_114_fu_1659_p2   |     *    |      1|  0|    6|          16|           9|
    |mul_ln1118_115_fu_1898_p2   |     *    |      1|  0|    6|          16|           9|
    |mul_ln1118_116_fu_1944_p2   |     *    |      1|  0|    6|          16|           9|
    |mul_ln1118_117_fu_1775_p2   |     *    |      1|  0|    6|          16|           8|
    |mul_ln1118_118_fu_1742_p2   |     *    |      1|  0|    6|          16|           7|
    |mul_ln1118_119_fu_1732_p2   |     *    |      1|  0|    6|          16|           8|
    |mul_ln1118_11_fu_1618_p2    |     *    |      1|  0|    6|          16|          10|
    |mul_ln1118_120_fu_1710_p2   |     *    |      1|  0|    6|          16|           9|
    |mul_ln1118_121_fu_1933_p2   |     *    |      1|  0|    6|          16|           6|
    |mul_ln1118_122_fu_1712_p2   |     *    |      1|  0|    6|          16|           9|
    |mul_ln1118_123_fu_1790_p2   |     *    |      1|  0|    6|          16|           9|
    |mul_ln1118_124_fu_1891_p2   |     *    |      1|  0|    6|          16|           9|
    |mul_ln1118_125_fu_1738_p2   |     *    |      1|  0|    6|          16|          10|
    |mul_ln1118_126_fu_1970_p2   |     *    |      1|  0|    6|          16|           9|
    |mul_ln1118_127_fu_2000_p2   |     *    |      1|  0|    6|          16|           8|
    |mul_ln1118_128_fu_1818_p2   |     *    |      1|  0|    6|          16|           7|
    |mul_ln1118_129_fu_1908_p2   |     *    |      1|  0|    6|          16|          10|
    |mul_ln1118_12_fu_1687_p2    |     *    |      1|  0|    6|          16|           9|
    |mul_ln1118_130_fu_1930_p2   |     *    |      1|  0|    6|          16|           8|
    |mul_ln1118_131_fu_1714_p2   |     *    |      1|  0|    6|          16|           9|
    |mul_ln1118_132_fu_1843_p2   |     *    |      1|  0|    6|          16|           9|
    |mul_ln1118_133_fu_1878_p2   |     *    |      1|  0|    6|          16|           9|
    |mul_ln1118_134_fu_1845_p2   |     *    |      1|  0|    6|          16|           7|
    |mul_ln1118_135_fu_1846_p2   |     *    |      1|  0|    6|          16|          10|
    |mul_ln1118_136_fu_1915_p2   |     *    |      1|  0|    6|          16|           9|
    |mul_ln1118_137_fu_1848_p2   |     *    |      1|  0|    6|          16|           8|
    |mul_ln1118_138_fu_1736_p2   |     *    |      1|  0|    6|          16|           8|
    |mul_ln1118_139_fu_1816_p2   |     *    |      1|  0|    6|          16|           9|
    |mul_ln1118_13_fu_1620_p2    |     *    |      1|  0|    6|          16|           7|
    |mul_ln1118_140_fu_1740_p2   |     *    |      1|  0|    6|          16|           9|
    |mul_ln1118_141_fu_1664_p2   |     *    |      1|  0|    6|          16|           8|
    |mul_ln1118_142_fu_1733_p2   |     *    |      1|  0|    6|          16|           7|
    |mul_ln1118_143_fu_1632_p2   |     *    |      1|  0|    6|          16|          10|
    |mul_ln1118_144_fu_1835_p2   |     *    |      1|  0|    6|          16|           7|
    |mul_ln1118_145_fu_1836_p2   |     *    |      1|  0|    6|          16|           8|
    |mul_ln1118_146_fu_1760_p2   |     *    |      1|  0|    6|          16|           7|
    |mul_ln1118_147_fu_1713_p2   |     *    |      1|  0|    6|          16|           7|
    |mul_ln1118_148_fu_1946_p2   |     *    |      1|  0|    6|          16|           9|
    |mul_ln1118_149_fu_1947_p2   |     *    |      1|  0|    6|          16|           9|
    |mul_ln1118_14_fu_1939_p2    |     *    |      1|  0|    6|          16|           9|
    |mul_ln1118_150_fu_1948_p2   |     *    |      1|  0|    6|          16|           8|
    |mul_ln1118_151_fu_1666_p2   |     *    |      1|  0|    6|          16|           8|
    |mul_ln1118_152_fu_1871_p2   |     *    |      1|  0|    6|          16|           9|
    |mul_ln1118_153_fu_1951_p2   |     *    |      1|  0|    6|          16|           9|
    |mul_ln1118_154_fu_1952_p2   |     *    |      1|  0|    6|          16|           9|
    |mul_ln1118_155_fu_1919_p2   |     *    |      1|  0|    6|          16|           8|
    |mul_ln1118_156_fu_1705_p2   |     *    |      1|  0|    6|          16|           6|
    |mul_ln1118_157_fu_1690_p2   |     *    |      1|  0|    6|          16|           8|
    |mul_ln1118_158_fu_1922_p2   |     *    |      1|  0|    6|          16|           6|
    |mul_ln1118_159_fu_1683_p2   |     *    |      1|  0|    6|          16|          10|
    |mul_ln1118_15_fu_1863_p2    |     *    |      1|  0|    6|          16|          10|
    |mul_ln1118_160_fu_1924_p2   |     *    |      1|  0|    6|          16|           8|
    |mul_ln1118_161_fu_1776_p2   |     *    |      1|  0|    6|          16|           7|
    |mul_ln1118_162_fu_1902_p2   |     *    |      1|  0|    6|          16|           7|
    |mul_ln1118_163_fu_1749_p2   |     *    |      1|  0|    6|          16|           9|
    |mul_ln1118_164_fu_1827_p2   |     *    |      1|  0|    6|          16|           7|
    |mul_ln1118_165_fu_1934_p2   |     *    |      1|  0|    6|          16|          10|
    |mul_ln1118_166_fu_1768_p2   |     *    |      1|  0|    6|          16|           8|
    |mul_ln1118_167_fu_1735_p2   |     *    |      1|  0|    6|          16|           9|
    |mul_ln1118_168_fu_1668_p2   |     *    |      1|  0|    6|          16|           8|
    |mul_ln1118_169_fu_1726_p2   |     *    |      1|  0|    6|          16|           7|
    |mul_ln1118_16_fu_1864_p2    |     *    |      1|  0|    6|          16|           8|
    |mul_ln1118_170_fu_1704_p2   |     *    |      1|  0|    6|          16|           9|
    |mul_ln1118_171_fu_1762_p2   |     *    |      1|  0|    6|          16|           7|
    |mul_ln1118_172_fu_1706_p2   |     *    |      1|  0|    6|          16|          10|
    |mul_ln1118_173_fu_1696_p2   |     *    |      1|  0|    6|          16|           9|
    |mul_ln1118_174_fu_1663_p2   |     *    |      1|  0|    6|          16|           8|
    |mul_ln1118_175_fu_1872_p2   |     *    |      1|  0|    6|          16|           8|
    |mul_ln1118_176_fu_1796_p2   |     *    |      1|  0|    6|          16|           7|
    |mul_ln1118_177_fu_1874_p2   |     *    |      1|  0|    6|          16|           8|
    |mul_ln1118_178_fu_1798_p2   |     *    |      1|  0|    6|          16|          10|
    |mul_ln1118_179_fu_1722_p2   |     *    |      1|  0|    6|          16|           8|
    |mul_ln1118_17_fu_1711_p2    |     *    |      1|  0|    6|          16|           9|
    |mul_ln1118_180_fu_1844_p2   |     *    |      1|  0|    6|          16|           8|
    |mul_ln1118_181_fu_1999_p2   |     *    |      1|  0|    6|          16|           9|
    |mul_ln1118_182_fu_1692_p2   |     *    |      1|  0|    6|          16|           9|
    |mul_ln1118_183_fu_1693_p2   |     *    |      1|  0|    6|          16|           8|
    |mul_ln1118_184_fu_1694_p2   |     *    |      1|  0|    6|          16|           8|
    |mul_ln1118_185_fu_1829_p2   |     *    |      1|  0|    6|          16|           9|
    |mul_ln1118_186_fu_1807_p2   |     *    |      1|  0|    6|          16|           9|
    |mul_ln1118_187_fu_1695_p2   |     *    |      1|  0|    6|          16|           8|
    |mul_ln1118_188_fu_1877_p2   |     *    |      1|  0|    6|          16|           7|
    |mul_ln1118_189_fu_1833_p2   |     *    |      1|  0|    6|          16|           8|
    |mul_ln1118_18_fu_1943_p2    |     *    |      1|  0|    6|          16|          10|
    |mul_ln1118_190_fu_1777_p2   |     *    |      1|  0|    6|          16|           7|
    |mul_ln1118_191_fu_1699_p2   |     *    |      1|  0|    6|          16|           8|
    |mul_ln1118_192_fu_1779_p2   |     *    |      1|  0|    6|          16|           8|
    |mul_ln1118_193_fu_1746_p2   |     *    |      1|  0|    6|          16|           8|
    |mul_ln1118_194_fu_1978_p2   |     *    |      1|  0|    6|          16|           7|
    |mul_ln1118_195_fu_1739_p2   |     *    |      1|  0|    6|          16|           7|
    |mul_ln1118_196_fu_1962_p2   |     *    |      1|  0|    6|          16|           8|
    |mul_ln1118_197_fu_1750_p2   |     *    |      1|  0|    6|          16|           8|
    |mul_ln1118_198_fu_1786_p2   |     *    |      1|  0|    6|          16|           8|
    |mul_ln1118_199_fu_1758_p2   |     *    |      1|  0|    6|          16|          10|
    |mul_ln1118_19_fu_1627_p2    |     *    |      1|  0|    6|          16|           9|
    |mul_ln1118_200_fu_1682_p2   |     *    |      1|  0|    6|          16|           8|
    |mul_ln1118_201_fu_1837_p2   |     *    |      1|  0|    6|          16|           8|
    |mul_ln1118_202_fu_1761_p2   |     *    |      1|  0|    6|          16|           9|
    |mul_ln1118_203_fu_1945_p2   |     *    |      1|  0|    6|          16|           9|
    |mul_ln1118_204_fu_1912_p2   |     *    |      1|  0|    6|          16|           8|
    |mul_ln1118_205_fu_1698_p2   |     *    |      1|  0|    6|          16|           9|
    |mul_ln1118_206_fu_1880_p2   |     *    |      1|  0|    6|          16|           7|
    |mul_ln1118_207_fu_1881_p2   |     *    |      1|  0|    6|          16|           9|
    |mul_ln1118_208_fu_1950_p2   |     *    |      1|  0|    6|          16|           6|
    |mul_ln1118_209_fu_1849_p2   |     *    |      1|  0|    6|          16|           8|
    |mul_ln1118_20_fu_1628_p2    |     *    |      1|  0|    6|          16|           8|
    |mul_ln1118_210_fu_1918_p2   |     *    |      1|  0|    6|          16|           8|
    |mul_ln1118_211_fu_1885_p2   |     *    |      1|  0|    6|          16|           7|
    |mul_ln1118_212_fu_1825_p2   |     *    |      1|  0|    6|          16|           7|
    |mul_ln1118_213_fu_1622_p2   |     *    |      1|  0|    6|          16|           9|
    |mul_ln1118_214_fu_1854_p2   |     *    |      1|  0|    6|          16|           9|
    |mul_ln1118_215_fu_1624_p2   |     *    |      1|  0|    6|          16|           8|
    |mul_ln1118_216_fu_1702_p2   |     *    |      1|  0|    6|          16|           7|
    |mul_ln1118_217_fu_1883_p2   |     *    |      1|  0|    6|          16|           8|
    |mul_ln1118_218_fu_1778_p2   |     *    |      1|  0|    6|          16|           8|
    |mul_ln1118_219_fu_1731_p2   |     *    |      1|  0|    6|          16|           7|
    |mul_ln1118_21_fu_1862_p2    |     *    |      1|  0|    6|          16|           7|
    |mul_ln1118_220_fu_1703_p2   |     *    |      1|  0|    6|          16|           7|
    |mul_ln1118_221_fu_1656_p2   |     *    |      1|  0|    6|          16|           8|
    |mul_ln1118_222_fu_1949_p2   |     *    |      1|  0|    6|          16|           8|
    |mul_ln1118_223_fu_1984_p2   |     *    |      1|  0|    6|          16|           9|
    |mul_ln1118_224_fu_1985_p2   |     *    |      1|  0|    6|          16|           6|
    |mul_ln1118_225_fu_1986_p2   |     *    |      1|  0|    6|          16|           9|
    |mul_ln1118_226_fu_1987_p2   |     *    |      1|  0|    6|          16|           9|
    |mul_ln1118_227_fu_1830_p2   |     *    |      1|  0|    6|          16|           9|
    |mul_ln1118_228_fu_1672_p2   |     *    |      1|  0|    6|          16|           8|
    |mul_ln1118_229_fu_1741_p2   |     *    |      1|  0|    6|          16|           9|
    |mul_ln1118_22_fu_1981_p2    |     *    |      1|  0|    6|          16|           7|
    |mul_ln1118_230_fu_1674_p2   |     *    |      1|  0|    6|          16|           9|
    |mul_ln1118_231_fu_1650_p2   |     *    |      1|  0|    6|          16|           6|
    |mul_ln1118_232_fu_1873_p2   |     *    |      1|  0|    6|          16|           7|
    |mul_ln1118_233_fu_1960_p2   |     *    |      1|  0|    6|          16|           9|
    |mul_ln1118_234_fu_1884_p2   |     *    |      1|  0|    6|          16|           9|
    |mul_ln1118_235_fu_1921_p2   |     *    |      1|  0|    6|          16|           8|
    |mul_ln1118_236_fu_1691_p2   |     *    |      1|  0|    6|          16|           9|
    |mul_ln1118_237_fu_1923_p2   |     *    |      1|  0|    6|          16|           8|
    |mul_ln1118_238_fu_1847_p2   |     *    |      1|  0|    6|          16|           8|
    |mul_ln1118_239_fu_1925_p2   |     *    |      1|  0|    6|          16|           7|
    |mul_ln1118_23_fu_1631_p2    |     *    |      1|  0|    6|          16|           9|
    |mul_ln1118_240_fu_1669_p2   |     *    |      1|  0|    6|          16|           9|
    |mul_ln1118_241_fu_1772_p2   |     *    |      1|  0|    6|          16|           8|
    |mul_ln1118_242_fu_1728_p2   |     *    |      1|  0|    6|          16|           9|
    |mul_ln1118_243_fu_1797_p2   |     *    |      1|  0|    6|          16|           8|
    |mul_ln1118_244_fu_1707_p2   |     *    |      1|  0|    6|          16|           6|
    |mul_ln1118_245_fu_1629_p2   |     *    |      1|  0|    6|          16|          10|
    |mul_ln1118_246_fu_1709_p2   |     *    |      1|  0|    6|          16|           8|
    |mul_ln1118_247_fu_1744_p2   |     *    |      1|  0|    6|          16|           5|
    |mul_ln1118_248_fu_1745_p2   |     *    |      1|  0|    6|          16|           8|
    |mul_ln1118_249_fu_1823_p2   |     *    |      1|  0|    6|          16|           8|
    |mul_ln1118_24_fu_1700_p2    |     *    |      1|  0|    6|          16|           9|
    |mul_ln1118_250_fu_1747_p2   |     *    |      1|  0|    6|          16|          10|
    |mul_ln1118_251_fu_1834_p2   |     *    |      1|  0|    6|          16|          10|
    |mul_ln1118_252_fu_1903_p2   |     *    |      1|  0|    6|          16|           7|
    |mul_ln1118_253_fu_1940_p2   |     *    |      1|  0|    6|          16|           8|
    |mul_ln1118_254_fu_1787_p2   |     *    |      1|  0|    6|          16|           8|
    |mul_ln1118_255_fu_1817_p2   |     *    |      1|  0|    6|          16|           9|
    |mul_ln1118_256_fu_1789_p2   |     *    |      1|  0|    6|          16|           9|
    |mul_ln1118_257_fu_1636_p2   |     *    |      1|  0|    6|          16|           6|
    |mul_ln1118_258_fu_1842_p2   |     *    |      1|  0|    6|          16|          10|
    |mul_ln1118_259_fu_1866_p2   |     *    |      1|  0|    6|          16|           8|
    |mul_ln1118_25_fu_1633_p2    |     *    |      1|  0|    6|          16|           6|
    |mul_ln1118_260_fu_1697_p2   |     *    |      1|  0|    6|          16|           8|
    |mul_ln1118_261_fu_1811_p2   |     *    |      1|  0|    6|          16|          10|
    |mul_ln1118_262_fu_1665_p2   |     *    |      1|  0|    6|          16|           8|
    |mul_ln1118_263_fu_1813_p2   |     *    |      1|  0|    6|          16|           8|
    |mul_ln1118_264_fu_1814_p2   |     *    |      1|  0|    6|          16|           9|
    |mul_ln1118_265_fu_1815_p2   |     *    |      1|  0|    6|          16|           9|
    |mul_ln1118_266_fu_1850_p2   |     *    |      1|  0|    6|          16|           9|
    |mul_ln1118_267_fu_1860_p2   |     *    |      1|  0|    6|          16|           9|
    |mul_ln1118_268_fu_1929_p2   |     *    |      1|  0|    6|          16|          10|
    |mul_ln1118_269_fu_1708_p2   |     *    |      1|  0|    6|          16|           7|
    |mul_ln1118_26_fu_1974_p2    |     *    |      1|  0|    6|          16|           9|
    |mul_ln1118_270_fu_1623_p2   |     *    |      1|  0|    6|          16|           8|
    |mul_ln1118_271_fu_1701_p2   |     *    |      1|  0|    6|          16|           7|
    |mul_ln1118_272_fu_1931_p2   |     *    |      1|  0|    6|          16|           7|
    |mul_ln1118_273_fu_1855_p2   |     *    |      1|  0|    6|          16|           8|
    |mul_ln1118_274_fu_1625_p2   |     *    |      1|  0|    6|          16|           7|
    |mul_ln1118_275_fu_1857_p2   |     *    |      1|  0|    6|          16|           8|
    |mul_ln1118_276_fu_1781_p2   |     *    |      1|  0|    6|          16|           9|
    |mul_ln1118_277_fu_1914_p2   |     *    |      1|  0|    6|          16|           8|
    |mul_ln1118_278_fu_1802_p2   |     *    |      1|  0|    6|          16|           9|
    |mul_ln1118_279_fu_1803_p2   |     *    |      1|  0|    6|          16|           9|
    |mul_ln1118_27_fu_1635_p2    |     *    |      1|  0|    6|          16|           9|
    |mul_ln1118_280_fu_1917_p2   |     *    |      1|  0|    6|          16|           9|
    |mul_ln1118_281_fu_1907_p2   |     *    |      1|  0|    6|          16|          10|
    |mul_ln1118_282_fu_1942_p2   |     *    |      1|  0|    6|          16|           8|
    |mul_ln1118_283_fu_1637_p2   |     *    |      1|  0|    6|          16|           9|
    |mul_ln1118_284_fu_1887_p2   |     *    |      1|  0|    6|          16|           9|
    |mul_ln1118_285_fu_1956_p2   |     *    |      1|  0|    6|          16|           9|
    |mul_ln1118_286_fu_1658_p2   |     *    |      1|  0|    6|          16|           8|
    |mul_ln1118_287_fu_1727_p2   |     *    |      1|  0|    6|          16|           9|
    |mul_ln1118_288_fu_1660_p2   |     *    |      1|  0|    6|          16|           7|
    |mul_ln1118_289_fu_1865_p2   |     *    |      1|  0|    6|          16|           9|
    |mul_ln1118_28_fu_1994_p2    |     *    |      1|  0|    6|          16|           8|
    |mul_ln1118_290_fu_1662_p2   |     *    |      1|  0|    6|          16|           8|
    |mul_ln1118_291_fu_1826_p2   |     *    |      1|  0|    6|          16|           6|
    |mul_ln1118_292_fu_1875_p2   |     *    |      1|  0|    6|          16|           8|
    |mul_ln1118_293_fu_1645_p2   |     *    |      1|  0|    6|          16|           9|
    |mul_ln1118_294_fu_1954_p2   |     *    |      1|  0|    6|          16|           6|
    |mul_ln1118_295_fu_1647_p2   |     *    |      1|  0|    6|          16|           9|
    |mul_ln1118_296_fu_1941_p2   |     *    |      1|  0|    6|          16|           9|
    |mul_ln1118_297_fu_1670_p2   |     *    |      1|  0|    6|          16|           8|
    |mul_ln1118_298_fu_1988_p2   |     *    |      1|  0|    6|          16|           8|
    |mul_ln1118_299_fu_1774_p2   |     *    |      1|  0|    6|          16|           9|
    |mul_ln1118_29_fu_1646_p2    |     *    |      1|  0|    6|          16|           8|
    |mul_ln1118_300_fu_1639_p2   |     *    |      1|  0|    6|          16|           7|
    |mul_ln1118_301_fu_1640_p2   |     *    |      1|  0|    6|          16|           7|
    |mul_ln1118_302_fu_1992_p2   |     *    |      1|  0|    6|          16|           9|
    |mul_ln1118_303_fu_1676_p2   |     *    |      1|  0|    6|          16|           9|
    |mul_ln1118_304_fu_1976_p2   |     *    |      1|  0|    6|          16|           7|
    |mul_ln1118_305_fu_1764_p2   |     *    |      1|  0|    6|          16|           9|
    |mul_ln1118_306_fu_1996_p2   |     *    |      1|  0|    6|          16|           8|
    |mul_ln1118_307_fu_1920_p2   |     *    |      1|  0|    6|          16|           9|
    |mul_ln1118_308_fu_1998_p2   |     *    |      1|  0|    6|          16|           7|
    |mul_ln1118_30_fu_1869_p2    |     *    |      1|  0|    6|          16|           8|
    |mul_ln1118_31_fu_1793_p2    |     *    |      1|  0|    6|          16|           9|
    |mul_ln1118_32_fu_1958_p2    |     *    |      1|  0|    6|          16|           9|
    |mul_ln1118_33_fu_1680_p2    |     *    |      1|  0|    6|          16|           6|
    |mul_ln1118_34_fu_1652_p2    |     *    |      1|  0|    6|          16|          10|
    |mul_ln1118_35_fu_1759_p2    |     *    |      1|  0|    6|          16|           8|
    |mul_ln1118_36_fu_1808_p2    |     *    |      1|  0|    6|          16|           7|
    |mul_ln1118_37_fu_1800_p2    |     *    |      1|  0|    6|          16|          10|
    |mul_ln1118_38_fu_1767_p2    |     *    |      1|  0|    6|          16|           8|
    |mul_ln1118_39_fu_1621_p2    |     *    |      1|  0|    6|          16|           7|
    |mul_ln1118_3_fu_1977_p2     |     *    |      1|  0|    6|          16|           8|
    |mul_ln1118_40_fu_1769_p2    |     *    |      1|  0|    6|          16|          10|
    |mul_ln1118_41_fu_1725_p2    |     *    |      1|  0|    6|          16|           6|
    |mul_ln1118_42_fu_1737_p2    |     *    |      1|  0|    6|          16|           9|
    |mul_ln1118_43_fu_1840_p2    |     *    |      1|  0|    6|          16|           9|
    |mul_ln1118_44_fu_1773_p2    |     *    |      1|  0|    6|          16|           5|
    |mul_ln1118_45_fu_1729_p2    |     *    |      1|  0|    6|          16|           8|
    |mul_ln1118_46_fu_1673_p2    |     *    |      1|  0|    6|          16|           7|
    |mul_ln1118_47_fu_1819_p2    |     *    |      1|  0|    6|          16|           8|
    |mul_ln1118_48_fu_1743_p2    |     *    |      1|  0|    6|          16|           7|
    |mul_ln1118_49_fu_1975_p2    |     *    |      1|  0|    6|          16|           8|
    |mul_ln1118_4_fu_1876_p2     |     *    |      1|  0|    6|          16|           8|
    |mul_ln1118_50_fu_1900_p2    |     *    |      1|  0|    6|          16|           9|
    |mul_ln1118_51_fu_1795_p2    |     *    |      1|  0|    6|          16|           7|
    |mul_ln1118_52_fu_1642_p2    |     *    |      1|  0|    6|          16|           8|
    |mul_ln1118_53_fu_1720_p2    |     *    |      1|  0|    6|          16|           9|
    |mul_ln1118_54_fu_1721_p2    |     *    |      1|  0|    6|          16|           9|
    |mul_ln1118_55_fu_1799_p2    |     *    |      1|  0|    6|          16|           8|
    |mul_ln1118_56_fu_1838_p2    |     *    |      1|  0|    6|          16|           8|
    |mul_ln1118_57_fu_1805_p2    |     *    |      1|  0|    6|          16|           9|
    |mul_ln1118_58_fu_1748_p2    |     *    |      1|  0|    6|          16|           7|
    |mul_ln1118_59_fu_1841_p2    |     *    |      1|  0|    6|          16|           9|
    |mul_ln1118_5_fu_1911_p2     |     *    |      1|  0|    6|          16|           7|
    |mul_ln1118_60_fu_1763_p2    |     *    |      1|  0|    6|          16|           8|
    |mul_ln1118_61_fu_1809_p2    |     *    |      1|  0|    6|          16|           5|
    |mul_ln1118_62_fu_1997_p2    |     *    |      1|  0|    6|          16|           8|
    |mul_ln1118_63_fu_1766_p2    |     *    |      1|  0|    6|          16|           7|
    |mul_ln1118_64_fu_1812_p2    |     *    |      1|  0|    6|          16|           7|
    |mul_ln1118_65_fu_2001_p2    |     *    |      1|  0|    6|          16|           9|
    |mul_ln1118_66_fu_1626_p2    |     *    |      1|  0|    6|          16|           8|
    |mul_ln1118_67_fu_1831_p2    |     *    |      1|  0|    6|          16|          10|
    |mul_ln1118_68_fu_1936_p2    |     *    |      1|  0|    6|          16|           7|
    |mul_ln1118_69_fu_1968_p2    |     *    |      1|  0|    6|          16|          10|
    |mul_ln1118_6_fu_1765_p2     |     *    |      1|  0|    6|          16|           9|
    |mul_ln1118_70_fu_1661_p2    |     *    |      1|  0|    6|          16|           9|
    |mul_ln1118_71_fu_1893_p2    |     *    |      1|  0|    6|          16|           6|
    |mul_ln1118_72_fu_1971_p2    |     *    |      1|  0|    6|          16|           7|
    |mul_ln1118_73_fu_1895_p2    |     *    |      1|  0|    6|          16|           8|
    |mul_ln1118_74_fu_1909_p2    |     *    |      1|  0|    6|          16|           8|
    |mul_ln1118_75_fu_1910_p2    |     *    |      1|  0|    6|          16|           9|
    |mul_ln1118_76_fu_1828_p2    |     *    |      1|  0|    6|          16|           7|
    |mul_ln1118_77_fu_1896_p2    |     *    |      1|  0|    6|          16|           9|
    |mul_ln1118_78_fu_1913_p2    |     *    |      1|  0|    6|          16|           9|
    |mul_ln1118_79_fu_1937_p2    |     *    |      1|  0|    6|          16|           9|
    |mul_ln1118_7_fu_1879_p2     |     *    |      1|  0|    6|          16|           9|
    |mul_ln1118_80_fu_1983_p2    |     *    |      1|  0|    6|          16|           7|
    |mul_ln1118_81_fu_1882_p2    |     *    |      1|  0|    6|          16|           8|
    |mul_ln1118_82_fu_1770_p2    |     *    |      1|  0|    6|          16|           6|
    |mul_ln1118_83_fu_1730_p2    |     *    |      1|  0|    6|          16|           9|
    |mul_ln1118_84_fu_1654_p2    |     *    |      1|  0|    6|          16|           9|
    |mul_ln1118_85_fu_1723_p2    |     *    |      1|  0|    6|          16|           9|
    |mul_ln1118_86_fu_1810_p2    |     *    |      1|  0|    6|          16|           7|
    |mul_ln1118_87_fu_1734_p2    |     *    |      1|  0|    6|          16|           8|
    |mul_ln1118_88_fu_1651_p2    |     *    |      1|  0|    6|          16|          10|
    |mul_ln1118_89_fu_1806_p2    |     *    |      1|  0|    6|          16|           7|
    |mul_ln1118_8_fu_1801_p2     |     *    |      1|  0|    6|          16|           9|
    |mul_ln1118_90_fu_1653_p2    |     *    |      1|  0|    6|          16|          10|
    |mul_ln1118_91_fu_1991_p2    |     *    |      1|  0|    6|          16|           7|
    |mul_ln1118_92_fu_1655_p2    |     *    |      1|  0|    6|          16|           8|
    |mul_ln1118_93_fu_1630_p2    |     *    |      1|  0|    6|          16|          10|
    |mul_ln1118_94_fu_1982_p2    |     *    |      1|  0|    6|          16|           9|
    |mul_ln1118_95_fu_1870_p2    |     *    |      1|  0|    6|          16|           8|
    |mul_ln1118_96_fu_1667_p2    |     *    |      1|  0|    6|          16|           8|
    |mul_ln1118_97_fu_1634_p2    |     *    |      1|  0|    6|          16|           9|
    |mul_ln1118_98_fu_1771_p2    |     *    |      1|  0|    6|          16|          10|
    |mul_ln1118_99_fu_1897_p2    |     *    |      1|  0|    6|          16|           7|
    |mul_ln1118_9_fu_1906_p2     |     *    |      1|  0|    6|          16|           8|
    |mul_ln1118_fu_1782_p2       |     *    |      1|  0|    6|          16|           9|
    |acc_1_V_fu_486537_p2        |     +    |      0|  0|   16|          16|          16|
    |acc_2_V_fu_486576_p2        |     +    |      0|  0|   16|          16|          16|
    |add_ln1118_10_fu_480671_p2  |     +    |      0|  0|   30|          23|          23|
    |add_ln1118_11_fu_482681_p2  |     +    |      0|  0|   30|          23|          23|
    |add_ln1118_1_fu_477146_p2   |     +    |      0|  0|   31|          24|          24|
    |add_ln1118_2_fu_477202_p2   |     +    |      0|  0|   30|          23|          23|
    |add_ln1118_3_fu_478188_p2   |     +    |      0|  0|   28|          21|          21|
    |add_ln1118_4_fu_478394_p2   |     +    |      0|  0|   30|          23|          23|
    |add_ln1118_5_fu_478573_p2   |     +    |      0|  0|   32|          25|          25|
    |add_ln1118_6_fu_478899_p2   |     +    |      0|  0|   30|          23|          23|
    |add_ln1118_7_fu_478999_p2   |     +    |      0|  0|   27|          20|          20|
    |add_ln1118_8_fu_479668_p2   |     +    |      0|  0|   32|          25|          25|
    |add_ln1118_9_fu_480472_p2   |     +    |      0|  0|   27|          20|          20|
    |add_ln1118_fu_476145_p2     |     +    |      0|  0|   26|          19|          19|
    |add_ln703_100_fu_484757_p2  |     +    |      0|  0|   16|          16|          16|
    |add_ln703_101_fu_484763_p2  |     +    |      0|  0|   23|          16|          16|
    |add_ln703_102_fu_484769_p2  |     +    |      0|  0|   16|          16|          16|
    |add_ln703_103_fu_484775_p2  |     +    |      0|  0|   16|          16|          16|
    |add_ln703_104_fu_484781_p2  |     +    |      0|  0|   23|          16|          16|
    |add_ln703_105_fu_484787_p2  |     +    |      0|  0|   16|          16|          16|
    |add_ln703_106_fu_484793_p2  |     +    |      0|  0|   16|          16|          16|
    |add_ln703_107_fu_484799_p2  |     +    |      0|  0|   16|          16|          16|
    |add_ln703_108_fu_484805_p2  |     +    |      0|  0|   16|          16|          16|
    |add_ln703_109_fu_484811_p2  |     +    |      0|  0|   23|          16|          16|
    |add_ln703_10_fu_484197_p2   |     +    |      0|  0|   23|          16|          16|
    |add_ln703_110_fu_484817_p2  |     +    |      0|  0|   16|          16|          16|
    |add_ln703_111_fu_484823_p2  |     +    |      0|  0|   16|          16|          16|
    |add_ln703_112_fu_484829_p2  |     +    |      0|  0|   23|          16|          16|
    |add_ln703_113_fu_484835_p2  |     +    |      0|  0|   19|          14|          14|
    |add_ln703_114_fu_484845_p2  |     +    |      0|  0|   16|          16|          16|
    |add_ln703_115_fu_484851_p2  |     +    |      0|  0|   16|          16|          16|
    |add_ln703_116_fu_484857_p2  |     +    |      0|  0|   23|          16|          16|
    |add_ln703_117_fu_484863_p2  |     +    |      0|  0|   16|          16|          16|
    |add_ln703_118_fu_484869_p2  |     +    |      0|  0|   16|          16|          16|
    |add_ln703_119_fu_484875_p2  |     +    |      0|  0|   23|          16|          16|
    |add_ln703_11_fu_484203_p2   |     +    |      0|  0|   16|          16|          16|
    |add_ln703_120_fu_484881_p2  |     +    |      0|  0|   19|          14|           8|
    |add_ln703_121_fu_484891_p2  |     +    |      0|  0|   21|          15|          15|
    |add_ln703_122_fu_484901_p2  |     +    |      0|  0|   16|          16|          16|
    |add_ln703_123_fu_484907_p2  |     +    |      0|  0|   16|          16|          16|
    |add_ln703_124_fu_486473_p2  |     +    |      0|  0|   16|          16|          16|
    |add_ln703_125_fu_486477_p2  |     +    |      0|  0|   16|          16|          16|
    |add_ln703_126_fu_486482_p2  |     +    |      0|  0|   16|          16|          16|
    |add_ln703_127_fu_486488_p2  |     +    |      0|  0|   16|          16|          16|
    |add_ln703_128_fu_484913_p2  |     +    |      0|  0|   23|          16|          16|
    |add_ln703_129_fu_484919_p2  |     +    |      0|  0|   16|          16|          16|
    |add_ln703_12_fu_484209_p2   |     +    |      0|  0|   16|          16|          16|
    |add_ln703_130_fu_484925_p2  |     +    |      0|  0|   16|          16|          16|
    |add_ln703_131_fu_484931_p2  |     +    |      0|  0|   23|          16|          16|
    |add_ln703_132_fu_484937_p2  |     +    |      0|  0|   23|          16|          16|
    |add_ln703_133_fu_484943_p2  |     +    |      0|  0|   16|          16|          16|
    |add_ln703_134_fu_484949_p2  |     +    |      0|  0|   16|          16|          16|
    |add_ln703_135_fu_484955_p2  |     +    |      0|  0|   23|          16|          16|
    |add_ln703_136_fu_484961_p2  |     +    |      0|  0|   16|          16|          16|
    |add_ln703_137_fu_484967_p2  |     +    |      0|  0|   16|          16|          16|
    |add_ln703_138_fu_484973_p2  |     +    |      0|  0|   23|          16|          16|
    |add_ln703_139_fu_484979_p2  |     +    |      0|  0|   16|          16|          16|
    |add_ln703_13_fu_484215_p2   |     +    |      0|  0|   16|          16|          16|
    |add_ln703_140_fu_484985_p2  |     +    |      0|  0|   16|          16|          16|
    |add_ln703_141_fu_484991_p2  |     +    |      0|  0|   16|          16|          16|
    |add_ln703_142_fu_484997_p2  |     +    |      0|  0|   16|          16|          16|
    |add_ln703_143_fu_485003_p2  |     +    |      0|  0|   16|          16|          16|
    |add_ln703_144_fu_485009_p2  |     +    |      0|  0|   21|          15|          15|
    |add_ln703_145_fu_485019_p2  |     +    |      0|  0|   16|          16|          16|
    |add_ln703_146_fu_485025_p2  |     +    |      0|  0|   23|          16|          16|
    |add_ln703_147_fu_485031_p2  |     +    |      0|  0|   23|          16|          16|
    |add_ln703_148_fu_485037_p2  |     +    |      0|  0|   16|          16|          16|
    |add_ln703_149_fu_485043_p2  |     +    |      0|  0|   16|          16|          16|
    |add_ln703_14_fu_484221_p2   |     +    |      0|  0|   16|          16|          16|
    |add_ln703_150_fu_485049_p2  |     +    |      0|  0|   21|          15|          15|
    |add_ln703_151_fu_485059_p2  |     +    |      0|  0|   16|          16|          16|
    |add_ln703_152_fu_485065_p2  |     +    |      0|  0|   16|          16|          16|
    |add_ln703_153_fu_485071_p2  |     +    |      0|  0|   23|          16|          16|
    |add_ln703_154_fu_485077_p2  |     +    |      0|  0|   23|          16|          16|
    |add_ln703_155_fu_485083_p2  |     +    |      0|  0|   16|          16|          16|
    |add_ln703_156_fu_485089_p2  |     +    |      0|  0|   16|          16|          16|
    |add_ln703_157_fu_486494_p2  |     +    |      0|  0|   16|          16|          16|
    |add_ln703_158_fu_486498_p2  |     +    |      0|  0|   16|          16|          16|
    |add_ln703_159_fu_485095_p2  |     +    |      0|  0|   16|          16|          16|
    |add_ln703_15_fu_484227_p2   |     +    |      0|  0|   16|          16|          16|
    |add_ln703_160_fu_485101_p2  |     +    |      0|  0|   21|          15|          15|
    |add_ln703_161_fu_485111_p2  |     +    |      0|  0|   16|          16|          16|
    |add_ln703_162_fu_485117_p2  |     +    |      0|  0|   23|          16|          16|
    |add_ln703_163_fu_485123_p2  |     +    |      0|  0|   23|          16|          16|
    |add_ln703_164_fu_485129_p2  |     +    |      0|  0|   16|          16|          16|
    |add_ln703_165_fu_485135_p2  |     +    |      0|  0|   16|          16|          16|
    |add_ln703_166_fu_485141_p2  |     +    |      0|  0|   23|          16|          16|
    |add_ln703_167_fu_485147_p2  |     +    |      0|  0|   16|          16|          16|
    |add_ln703_168_fu_485153_p2  |     +    |      0|  0|   16|          16|          16|
    |add_ln703_169_fu_485159_p2  |     +    |      0|  0|   21|          15|          15|
    |add_ln703_16_fu_484233_p2   |     +    |      0|  0|   19|          14|          14|
    |add_ln703_170_fu_485169_p2  |     +    |      0|  0|   16|          16|          16|
    |add_ln703_171_fu_485175_p2  |     +    |      0|  0|   16|          16|          16|
    |add_ln703_172_fu_485181_p2  |     +    |      0|  0|   16|          16|          16|
    |add_ln703_173_fu_485187_p2  |     +    |      0|  0|   16|          16|          16|
    |add_ln703_174_fu_485193_p2  |     +    |      0|  0|   23|          16|          16|
    |add_ln703_175_fu_485199_p2  |     +    |      0|  0|   16|          16|          16|
    |add_ln703_176_fu_485205_p2  |     +    |      0|  0|   16|          16|          16|
    |add_ln703_177_fu_485211_p2  |     +    |      0|  0|   23|          16|          16|
    |add_ln703_178_fu_485217_p2  |     +    |      0|  0|   23|          16|          16|
    |add_ln703_179_fu_485223_p2  |     +    |      0|  0|   16|          16|          16|
    |add_ln703_17_fu_484243_p2   |     +    |      0|  0|   16|          16|          16|
    |add_ln703_180_fu_485229_p2  |     +    |      0|  0|   16|          16|          16|
    |add_ln703_181_fu_485235_p2  |     +    |      0|  0|   21|          15|          15|
    |add_ln703_182_fu_485245_p2  |     +    |      0|  0|   16|          16|          16|
    |add_ln703_183_fu_485251_p2  |     +    |      0|  0|   16|          16|          16|
    |add_ln703_184_fu_485257_p2  |     +    |      0|  0|   23|          16|          16|
    |add_ln703_185_fu_485263_p2  |     +    |      0|  0|   16|          16|          16|
    |add_ln703_186_fu_485269_p2  |     +    |      0|  0|   16|          16|          16|
    |add_ln703_187_fu_485275_p2  |     +    |      0|  0|   16|          16|          16|
    |add_ln703_188_fu_485281_p2  |     +    |      0|  0|   16|          16|          16|
    |add_ln703_189_fu_486503_p2  |     +    |      0|  0|   16|          16|          16|
    |add_ln703_18_fu_484249_p2   |     +    |      0|  0|   23|          16|          16|
    |add_ln703_190_fu_486507_p2  |     +    |      0|  0|   16|          16|          16|
    |add_ln703_191_fu_485287_p2  |     +    |      0|  0|   23|          16|          16|
    |add_ln703_192_fu_485293_p2  |     +    |      0|  0|   16|          16|          16|
    |add_ln703_193_fu_485299_p2  |     +    |      0|  0|   16|          16|          16|
    |add_ln703_194_fu_485305_p2  |     +    |      0|  0|   23|          16|          16|
    |add_ln703_195_fu_485311_p2  |     +    |      0|  0|   23|          16|          16|
    |add_ln703_196_fu_485317_p2  |     +    |      0|  0|   16|          16|          16|
    |add_ln703_197_fu_485323_p2  |     +    |      0|  0|   16|          16|          16|
    |add_ln703_198_fu_485329_p2  |     +    |      0|  0|   23|          16|          16|
    |add_ln703_199_fu_485335_p2  |     +    |      0|  0|   16|          16|          16|
    |add_ln703_19_fu_484255_p2   |     +    |      0|  0|   23|          16|          16|
    |add_ln703_1_fu_484135_p2    |     +    |      0|  0|   16|          16|          16|
    |add_ln703_200_fu_485341_p2  |     +    |      0|  0|   16|          16|          16|
    |add_ln703_201_fu_485347_p2  |     +    |      0|  0|   23|          16|          16|
    |add_ln703_202_fu_485353_p2  |     +    |      0|  0|   16|          16|          16|
    |add_ln703_203_fu_485359_p2  |     +    |      0|  0|   16|          16|          16|
    |add_ln703_204_fu_485365_p2  |     +    |      0|  0|   16|          16|          16|
    |add_ln703_205_fu_485371_p2  |     +    |      0|  0|   16|          16|          16|
    |add_ln703_206_fu_485377_p2  |     +    |      0|  0|   23|          16|          16|
    |add_ln703_207_fu_485383_p2  |     +    |      0|  0|   16|          16|          16|
    |add_ln703_208_fu_485389_p2  |     +    |      0|  0|   16|          16|          16|
    |add_ln703_209_fu_485395_p2  |     +    |      0|  0|   23|          16|          16|
    |add_ln703_20_fu_484261_p2   |     +    |      0|  0|   16|          16|          16|
    |add_ln703_210_fu_485401_p2  |     +    |      0|  0|   23|          16|          16|
    |add_ln703_211_fu_485407_p2  |     +    |      0|  0|   16|          16|          16|
    |add_ln703_212_fu_485413_p2  |     +    |      0|  0|   16|          16|          16|
    |add_ln703_213_fu_485419_p2  |     +    |      0|  0|   23|          16|          16|
    |add_ln703_214_fu_485425_p2  |     +    |      0|  0|   16|          16|          16|
    |add_ln703_215_fu_485431_p2  |     +    |      0|  0|   16|          16|          16|
    |add_ln703_216_fu_485437_p2  |     +    |      0|  0|   23|          16|          16|
    |add_ln703_217_fu_485443_p2  |     +    |      0|  0|   23|          16|          16|
    |add_ln703_218_fu_485449_p2  |     +    |      0|  0|   16|          16|          16|
    |add_ln703_219_fu_485455_p2  |     +    |      0|  0|   16|          16|          16|
    |add_ln703_21_fu_484267_p2   |     +    |      0|  0|   16|          16|          16|
    |add_ln703_220_fu_486513_p2  |     +    |      0|  0|   16|          16|          16|
    |add_ln703_221_fu_486517_p2  |     +    |      0|  0|   16|          16|          16|
    |add_ln703_222_fu_485461_p2  |     +    |      0|  0|   23|          16|          16|
    |add_ln703_223_fu_485467_p2  |     +    |      0|  0|   16|          16|          16|
    |add_ln703_224_fu_485473_p2  |     +    |      0|  0|   16|          16|          16|
    |add_ln703_225_fu_485479_p2  |     +    |      0|  0|   23|          16|          16|
    |add_ln703_226_fu_485485_p2  |     +    |      0|  0|   23|          16|          16|
    |add_ln703_227_fu_485491_p2  |     +    |      0|  0|   16|          16|          16|
    |add_ln703_228_fu_485497_p2  |     +    |      0|  0|   16|          16|          16|
    |add_ln703_229_fu_485503_p2  |     +    |      0|  0|   23|          16|          16|
    |add_ln703_22_fu_484273_p2   |     +    |      0|  0|   16|          16|          16|
    |add_ln703_230_fu_485509_p2  |     +    |      0|  0|   16|          16|          16|
    |add_ln703_231_fu_485515_p2  |     +    |      0|  0|   16|          16|          16|
    |add_ln703_232_fu_485521_p2  |     +    |      0|  0|   23|          16|          16|
    |add_ln703_233_fu_485527_p2  |     +    |      0|  0|   16|          16|          16|
    |add_ln703_234_fu_485533_p2  |     +    |      0|  0|   16|          16|          16|
    |add_ln703_235_fu_485539_p2  |     +    |      0|  0|   16|          16|          16|
    |add_ln703_236_fu_485545_p2  |     +    |      0|  0|   16|          16|          16|
    |add_ln703_237_fu_485551_p2  |     +    |      0|  0|   23|          16|          16|
    |add_ln703_238_fu_485557_p2  |     +    |      0|  0|   16|          16|          16|
    |add_ln703_239_fu_485563_p2  |     +    |      0|  0|   16|          16|          16|
    |add_ln703_23_fu_484279_p2   |     +    |      0|  0|   21|          15|          15|
    |add_ln703_240_fu_485569_p2  |     +    |      0|  0|   23|          16|          16|
    |add_ln703_241_fu_485575_p2  |     +    |      0|  0|   23|          16|          16|
    |add_ln703_242_fu_485581_p2  |     +    |      0|  0|   16|          16|          16|
    |add_ln703_243_fu_485587_p2  |     +    |      0|  0|   16|          16|          16|
    |add_ln703_244_fu_485593_p2  |     +    |      0|  0|   16|          16|          16|
    |add_ln703_245_fu_485599_p2  |     +    |      0|  0|   21|          15|          15|
    |add_ln703_246_fu_485609_p2  |     +    |      0|  0|   16|          16|          16|
    |add_ln703_247_fu_485615_p2  |     +    |      0|  0|   23|          16|          16|
    |add_ln703_248_fu_485621_p2  |     +    |      0|  0|   14|          10|           8|
    |add_ln703_249_fu_485631_p2  |     +    |      0|  0|   12|          12|          12|
    |add_ln703_24_fu_484289_p2   |     +    |      0|  0|   16|          16|          16|
    |add_ln703_250_fu_485641_p2  |     +    |      0|  0|   16|          16|          16|
    |add_ln703_251_fu_485647_p2  |     +    |      0|  0|   16|          16|          16|
    |add_ln703_252_fu_486522_p2  |     +    |      0|  0|   16|          16|          16|
    |add_ln703_253_fu_486526_p2  |     +    |      0|  0|   16|          16|          16|
    |add_ln703_254_fu_486531_p2  |     +    |      0|  0|   16|          16|          16|
    |add_ln703_256_fu_485653_p2  |     +    |      0|  0|   23|          16|          16|
    |add_ln703_257_fu_485659_p2  |     +    |      0|  0|   16|          16|          16|
    |add_ln703_258_fu_485665_p2  |     +    |      0|  0|   16|          16|          16|
    |add_ln703_259_fu_485671_p2  |     +    |      0|  0|   23|          16|          16|
    |add_ln703_25_fu_484295_p2   |     +    |      0|  0|   23|          16|          16|
    |add_ln703_260_fu_485677_p2  |     +    |      0|  0|   23|          16|          16|
    |add_ln703_261_fu_485683_p2  |     +    |      0|  0|   16|          16|          16|
    |add_ln703_262_fu_485689_p2  |     +    |      0|  0|   16|          16|          16|
    |add_ln703_263_fu_485695_p2  |     +    |      0|  0|   23|          16|          16|
    |add_ln703_264_fu_485701_p2  |     +    |      0|  0|   16|          16|          16|
    |add_ln703_265_fu_485707_p2  |     +    |      0|  0|   16|          16|          16|
    |add_ln703_266_fu_485713_p2  |     +    |      0|  0|   23|          16|          16|
    |add_ln703_267_fu_485719_p2  |     +    |      0|  0|   16|          16|          16|
    |add_ln703_268_fu_485725_p2  |     +    |      0|  0|   16|          16|          16|
    |add_ln703_269_fu_485731_p2  |     +    |      0|  0|   16|          16|          16|
    |add_ln703_26_fu_484301_p2   |     +    |      0|  0|   21|          15|          15|
    |add_ln703_270_fu_485737_p2  |     +    |      0|  0|   16|          16|          16|
    |add_ln703_271_fu_485743_p2  |     +    |      0|  0|   21|          15|          15|
    |add_ln703_272_fu_485753_p2  |     +    |      0|  0|   16|          16|          16|
    |add_ln703_273_fu_485759_p2  |     +    |      0|  0|   16|          16|          16|
    |add_ln703_274_fu_485765_p2  |     +    |      0|  0|   21|          15|          15|
    |add_ln703_275_fu_485775_p2  |     +    |      0|  0|   23|          16|          16|
    |add_ln703_276_fu_485781_p2  |     +    |      0|  0|   16|          16|          16|
    |add_ln703_277_fu_485787_p2  |     +    |      0|  0|   16|          16|          16|
    |add_ln703_278_fu_485793_p2  |     +    |      0|  0|   23|          16|          16|
    |add_ln703_279_fu_485799_p2  |     +    |      0|  0|   16|          16|          16|
    |add_ln703_27_fu_484311_p2   |     +    |      0|  0|   16|          16|          16|
    |add_ln703_280_fu_485805_p2  |     +    |      0|  0|   16|          16|          16|
    |add_ln703_281_fu_485811_p2  |     +    |      0|  0|   21|          15|          15|
    |add_ln703_282_fu_485821_p2  |     +    |      0|  0|   23|          16|          16|
    |add_ln703_283_fu_485827_p2  |     +    |      0|  0|   16|          16|          16|
    |add_ln703_284_fu_485833_p2  |     +    |      0|  0|   16|          16|          16|
    |add_ln703_285_fu_486543_p2  |     +    |      0|  0|   16|          16|          16|
    |add_ln703_286_fu_486547_p2  |     +    |      0|  0|   16|          16|          16|
    |add_ln703_287_fu_485839_p2  |     +    |      0|  0|   21|          15|          15|
    |add_ln703_288_fu_485849_p2  |     +    |      0|  0|   16|          16|          16|
    |add_ln703_289_fu_485855_p2  |     +    |      0|  0|   16|          16|          16|
    |add_ln703_28_fu_484317_p2   |     +    |      0|  0|   16|          16|          16|
    |add_ln703_290_fu_485861_p2  |     +    |      0|  0|   21|          15|          15|
    |add_ln703_291_fu_485871_p2  |     +    |      0|  0|   23|          16|          16|
    |add_ln703_292_fu_485877_p2  |     +    |      0|  0|   16|          16|          16|
    |add_ln703_293_fu_485883_p2  |     +    |      0|  0|   16|          16|          16|
    |add_ln703_294_fu_485889_p2  |     +    |      0|  0|   23|          16|          16|
    |add_ln703_295_fu_485895_p2  |     +    |      0|  0|   16|          16|          16|
    |add_ln703_296_fu_485901_p2  |     +    |      0|  0|   16|          16|          16|
    |add_ln703_297_fu_485907_p2  |     +    |      0|  0|   23|          16|          16|
    |add_ln703_298_fu_485913_p2  |     +    |      0|  0|   16|          16|          16|
    |add_ln703_299_fu_485919_p2  |     +    |      0|  0|   16|          16|          16|
    |add_ln703_29_fu_486445_p2   |     +    |      0|  0|   16|          16|          16|
    |add_ln703_2_fu_484141_p2    |     +    |      0|  0|   16|          16|          16|
    |add_ln703_300_fu_485925_p2  |     +    |      0|  0|   16|          16|          16|
    |add_ln703_301_fu_485931_p2  |     +    |      0|  0|   16|          16|          16|
    |add_ln703_302_fu_485937_p2  |     +    |      0|  0|   23|          16|          16|
    |add_ln703_303_fu_485943_p2  |     +    |      0|  0|   16|          16|          16|
    |add_ln703_304_fu_485949_p2  |     +    |      0|  0|   16|          16|          16|
    |add_ln703_305_fu_485955_p2  |     +    |      0|  0|   23|          16|          16|
    |add_ln703_306_fu_485961_p2  |     +    |      0|  0|   23|          16|          16|
    |add_ln703_307_fu_485967_p2  |     +    |      0|  0|   16|          16|          16|
    |add_ln703_308_fu_485973_p2  |     +    |      0|  0|   16|          16|          16|
    |add_ln703_309_fu_485979_p2  |     +    |      0|  0|   23|          16|          16|
    |add_ln703_30_fu_486449_p2   |     +    |      0|  0|   16|          16|          16|
    |add_ln703_310_fu_485985_p2  |     +    |      0|  0|   16|          16|          16|
    |add_ln703_311_fu_485991_p2  |     +    |      0|  0|   16|          16|          16|
    |add_ln703_312_fu_485997_p2  |     +    |      0|  0|   16|          16|          16|
    |add_ln703_313_fu_486003_p2  |     +    |      0|  0|   19|          14|          14|
    |add_ln703_314_fu_486013_p2  |     +    |      0|  0|   16|          16|          16|
    |add_ln703_315_fu_486019_p2  |     +    |      0|  0|   16|          16|          16|
    |add_ln703_316_fu_486025_p2  |     +    |      0|  0|   16|          16|          16|
    |add_ln703_317_fu_486552_p2  |     +    |      0|  0|   16|          16|          16|
    |add_ln703_318_fu_486556_p2  |     +    |      0|  0|   16|          16|          16|
    |add_ln703_319_fu_486031_p2  |     +    |      0|  0|   19|          14|          14|
    |add_ln703_31_fu_484323_p2   |     +    |      0|  0|   21|          15|          15|
    |add_ln703_320_fu_486041_p2  |     +    |      0|  0|   21|          15|          15|
    |add_ln703_321_fu_486051_p2  |     +    |      0|  0|   23|          16|          16|
    |add_ln703_322_fu_486057_p2  |     +    |      0|  0|   21|          15|          15|
    |add_ln703_323_fu_486067_p2  |     +    |      0|  0|   23|          16|          16|
    |add_ln703_324_fu_486073_p2  |     +    |      0|  0|   16|          16|          16|
    |add_ln703_325_fu_486079_p2  |     +    |      0|  0|   16|          16|          16|
    |add_ln703_326_fu_486085_p2  |     +    |      0|  0|   23|          16|          16|
    |add_ln703_327_fu_486091_p2  |     +    |      0|  0|   16|          16|          16|
    |add_ln703_328_fu_486097_p2  |     +    |      0|  0|   16|          16|          16|
    |add_ln703_329_fu_486103_p2  |     +    |      0|  0|   23|          16|          16|
    |add_ln703_32_fu_484333_p2   |     +    |      0|  0|   16|          16|          16|
    |add_ln703_330_fu_486109_p2  |     +    |      0|  0|   16|          16|          16|
    |add_ln703_331_fu_486115_p2  |     +    |      0|  0|   16|          16|          16|
    |add_ln703_332_fu_486121_p2  |     +    |      0|  0|   16|          16|          16|
    |add_ln703_333_fu_486127_p2  |     +    |      0|  0|   16|          16|          16|
    |add_ln703_334_fu_486133_p2  |     +    |      0|  0|   23|          16|          16|
    |add_ln703_335_fu_486139_p2  |     +    |      0|  0|   16|          16|          16|
    |add_ln703_336_fu_486145_p2  |     +    |      0|  0|   16|          16|          16|
    |add_ln703_337_fu_486151_p2  |     +    |      0|  0|   21|          15|          15|
    |add_ln703_338_fu_486161_p2  |     +    |      0|  0|   23|          16|          16|
    |add_ln703_339_fu_486167_p2  |     +    |      0|  0|   16|          16|          16|
    |add_ln703_33_fu_484339_p2   |     +    |      0|  0|   16|          16|          16|
    |add_ln703_340_fu_486173_p2  |     +    |      0|  0|   16|          16|          16|
    |add_ln703_341_fu_486179_p2  |     +    |      0|  0|   21|          15|          15|
    |add_ln703_342_fu_486189_p2  |     +    |      0|  0|   16|          16|          16|
    |add_ln703_343_fu_486195_p2  |     +    |      0|  0|   16|          16|          16|
    |add_ln703_344_fu_486201_p2  |     +    |      0|  0|   23|          16|          16|
    |add_ln703_345_fu_486207_p2  |     +    |      0|  0|   19|          14|          14|
    |add_ln703_346_fu_486217_p2  |     +    |      0|  0|   16|          16|          16|
    |add_ln703_347_fu_486223_p2  |     +    |      0|  0|   16|          16|          16|
    |add_ln703_348_fu_486229_p2  |     +    |      0|  0|   16|          16|          16|
    |add_ln703_349_fu_486235_p2  |     +    |      0|  0|   16|          16|          16|
    |add_ln703_34_fu_484345_p2   |     +    |      0|  0|   23|          16|          16|
    |add_ln703_350_fu_486241_p2  |     +    |      0|  0|   23|          16|          16|
    |add_ln703_351_fu_486247_p2  |     +    |      0|  0|   16|          16|          16|
    |add_ln703_352_fu_486253_p2  |     +    |      0|  0|   16|          16|          16|
    |add_ln703_353_fu_486259_p2  |     +    |      0|  0|   21|          15|          15|
    |add_ln703_354_fu_486269_p2  |     +    |      0|  0|   23|          16|          16|
    |add_ln703_355_fu_486275_p2  |     +    |      0|  0|   16|          16|          16|
    |add_ln703_356_fu_486281_p2  |     +    |      0|  0|   16|          16|          16|
    |add_ln703_357_fu_486287_p2  |     +    |      0|  0|   23|          16|          16|
    |add_ln703_358_fu_486293_p2  |     +    |      0|  0|   16|          16|          16|
    |add_ln703_359_fu_486299_p2  |     +    |      0|  0|   16|          16|          16|
    |add_ln703_35_fu_484351_p2   |     +    |      0|  0|   23|          16|          16|
    |add_ln703_360_fu_486305_p2  |     +    |      0|  0|   16|          16|          16|
    |add_ln703_361_fu_486311_p2  |     +    |      0|  0|   21|          15|          15|
    |add_ln703_362_fu_486321_p2  |     +    |      0|  0|   16|          16|          16|
    |add_ln703_363_fu_486327_p2  |     +    |      0|  0|   16|          16|          16|
    |add_ln703_364_fu_486333_p2  |     +    |      0|  0|   16|          16|          16|
    |add_ln703_365_fu_486339_p2  |     +    |      0|  0|   21|          15|          15|
    |add_ln703_366_fu_486349_p2  |     +    |      0|  0|   16|          16|          16|
    |add_ln703_367_fu_486355_p2  |     +    |      0|  0|   16|          16|          16|
    |add_ln703_368_fu_486361_p2  |     +    |      0|  0|   23|          16|          16|
    |add_ln703_369_fu_486367_p2  |     +    |      0|  0|   21|          15|          15|
    |add_ln703_36_fu_484357_p2   |     +    |      0|  0|   16|          16|          16|
    |add_ln703_370_fu_486377_p2  |     +    |      0|  0|   16|          16|          16|
    |add_ln703_371_fu_486383_p2  |     +    |      0|  0|   16|          16|          16|
    |add_ln703_372_fu_486389_p2  |     +    |      0|  0|   23|          16|          16|
    |add_ln703_373_fu_486395_p2  |     +    |      0|  0|   16|          16|          16|
    |add_ln703_374_fu_486401_p2  |     +    |      0|  0|   16|          16|          16|
    |add_ln703_375_fu_486407_p2  |     +    |      0|  0|   23|          16|          16|
    |add_ln703_376_fu_486413_p2  |     +    |      0|  0|   15|           9|           8|
    |add_ln703_377_fu_486423_p2  |     +    |      0|  0|   19|          14|          14|
    |add_ln703_378_fu_486433_p2  |     +    |      0|  0|   16|          16|          16|
    |add_ln703_379_fu_486439_p2  |     +    |      0|  0|   16|          16|          16|
    |add_ln703_37_fu_484363_p2   |     +    |      0|  0|   16|          16|          16|
    |add_ln703_380_fu_486562_p2  |     +    |      0|  0|   16|          16|          16|
    |add_ln703_381_fu_486566_p2  |     +    |      0|  0|   16|          16|          16|
    |add_ln703_382_fu_486571_p2  |     +    |      0|  0|   16|          16|          16|
    |add_ln703_38_fu_484369_p2   |     +    |      0|  0|   23|          16|          16|
    |add_ln703_39_fu_484375_p2   |     +    |      0|  0|   16|          16|          16|
    |add_ln703_3_fu_484147_p2    |     +    |      0|  0|   23|          16|          16|
    |add_ln703_40_fu_484381_p2   |     +    |      0|  0|   16|          16|          16|
    |add_ln703_41_fu_484387_p2   |     +    |      0|  0|   21|          15|          15|
    |add_ln703_42_fu_484397_p2   |     +    |      0|  0|   19|          14|          14|
    |add_ln703_43_fu_484407_p2   |     +    |      0|  0|   23|          16|          16|
    |add_ln703_44_fu_484413_p2   |     +    |      0|  0|   16|          16|          16|
    |add_ln703_45_fu_484419_p2   |     +    |      0|  0|   16|          16|          16|
    |add_ln703_46_fu_484425_p2   |     +    |      0|  0|   16|          16|          16|
    |add_ln703_47_fu_484431_p2   |     +    |      0|  0|   21|          15|          15|
    |add_ln703_48_fu_484441_p2   |     +    |      0|  0|   16|          16|          16|
    |add_ln703_49_fu_484447_p2   |     +    |      0|  0|   23|          16|          16|
    |add_ln703_4_fu_484153_p2    |     +    |      0|  0|   19|          14|          14|
    |add_ln703_50_fu_484453_p2   |     +    |      0|  0|   23|          16|          16|
    |add_ln703_51_fu_484459_p2   |     +    |      0|  0|   16|          16|          16|
    |add_ln703_52_fu_484465_p2   |     +    |      0|  0|   16|          16|          16|
    |add_ln703_53_fu_484471_p2   |     +    |      0|  0|   23|          16|          16|
    |add_ln703_54_fu_484477_p2   |     +    |      0|  0|   16|          16|          16|
    |add_ln703_55_fu_484483_p2   |     +    |      0|  0|   16|          16|          16|
    |add_ln703_56_fu_484489_p2   |     +    |      0|  0|   21|          15|          15|
    |add_ln703_57_fu_484499_p2   |     +    |      0|  0|   16|          16|          16|
    |add_ln703_58_fu_484505_p2   |     +    |      0|  0|   16|          16|          16|
    |add_ln703_59_fu_484511_p2   |     +    |      0|  0|   16|          16|          16|
    |add_ln703_5_fu_484163_p2    |     +    |      0|  0|   16|          16|          16|
    |add_ln703_60_fu_484517_p2   |     +    |      0|  0|   16|          16|          16|
    |add_ln703_61_fu_486454_p2   |     +    |      0|  0|   16|          16|          16|
    |add_ln703_62_fu_486458_p2   |     +    |      0|  0|   16|          16|          16|
    |add_ln703_63_fu_484523_p2   |     +    |      0|  0|   16|          16|          16|
    |add_ln703_64_fu_484529_p2   |     +    |      0|  0|   21|          15|          15|
    |add_ln703_65_fu_484539_p2   |     +    |      0|  0|   16|          16|          16|
    |add_ln703_66_fu_484545_p2   |     +    |      0|  0|   23|          16|          16|
    |add_ln703_67_fu_484551_p2   |     +    |      0|  0|   23|          16|          16|
    |add_ln703_68_fu_484557_p2   |     +    |      0|  0|   16|          16|          16|
    |add_ln703_69_fu_484563_p2   |     +    |      0|  0|   16|          16|          16|
    |add_ln703_6_fu_484169_p2    |     +    |      0|  0|   16|          16|          16|
    |add_ln703_70_fu_484569_p2   |     +    |      0|  0|   21|          15|          15|
    |add_ln703_71_fu_484579_p2   |     +    |      0|  0|   21|          15|          15|
    |add_ln703_72_fu_484589_p2   |     +    |      0|  0|   23|          16|          16|
    |add_ln703_73_fu_484595_p2   |     +    |      0|  0|   21|          15|          15|
    |add_ln703_74_fu_484605_p2   |     +    |      0|  0|   16|          16|          16|
    |add_ln703_75_fu_484611_p2   |     +    |      0|  0|   16|          16|          16|
    |add_ln703_76_fu_484617_p2   |     +    |      0|  0|   16|          16|          16|
    |add_ln703_77_fu_484623_p2   |     +    |      0|  0|   16|          16|          16|
    |add_ln703_78_fu_484629_p2   |     +    |      0|  0|   23|          16|          16|
    |add_ln703_79_fu_484635_p2   |     +    |      0|  0|   16|          16|          16|
    |add_ln703_7_fu_484175_p2    |     +    |      0|  0|   16|          16|          16|
    |add_ln703_80_fu_484641_p2   |     +    |      0|  0|   16|          16|          16|
    |add_ln703_81_fu_484647_p2   |     +    |      0|  0|   21|          15|          15|
    |add_ln703_82_fu_484657_p2   |     +    |      0|  0|   23|          16|          16|
    |add_ln703_83_fu_484663_p2   |     +    |      0|  0|   16|          16|          16|
    |add_ln703_84_fu_484669_p2   |     +    |      0|  0|   16|          16|          16|
    |add_ln703_85_fu_484675_p2   |     +    |      0|  0|   23|          16|          16|
    |add_ln703_86_fu_484681_p2   |     +    |      0|  0|   16|          16|          16|
    |add_ln703_87_fu_484687_p2   |     +    |      0|  0|   16|          16|          16|
    |add_ln703_88_fu_484693_p2   |     +    |      0|  0|   21|          15|          15|
    |add_ln703_89_fu_484703_p2   |     +    |      0|  0|   23|          16|          16|
    |add_ln703_8_fu_484181_p2    |     +    |      0|  0|   21|          15|          15|
    |add_ln703_90_fu_484709_p2   |     +    |      0|  0|   16|          16|          16|
    |add_ln703_91_fu_484715_p2   |     +    |      0|  0|   16|          16|          16|
    |add_ln703_92_fu_486464_p2   |     +    |      0|  0|   16|          16|          16|
    |add_ln703_93_fu_486468_p2   |     +    |      0|  0|   16|          16|          16|
    |add_ln703_94_fu_484721_p2   |     +    |      0|  0|   23|          16|          16|
    |add_ln703_95_fu_484727_p2   |     +    |      0|  0|   16|          16|          16|
    |add_ln703_96_fu_484733_p2   |     +    |      0|  0|   16|          16|          16|
    |add_ln703_97_fu_484739_p2   |     +    |      0|  0|   23|          16|          16|
    |add_ln703_98_fu_484745_p2   |     +    |      0|  0|   23|          16|          16|
    |add_ln703_99_fu_484751_p2   |     +    |      0|  0|   16|          16|          16|
    |add_ln703_9_fu_484191_p2    |     +    |      0|  0|   16|          16|          16|
    |add_ln703_fu_484129_p2      |     +    |      0|  0|   23|          16|          16|
    |sub_ln1118_10_fu_477406_p2  |     -    |      0|  0|   16|           1|          20|
    |sub_ln1118_11_fu_477424_p2  |     -    |      0|  0|   16|          20|          20|
    |sub_ln1118_12_fu_477578_p2  |     -    |      0|  0|   25|           1|          18|
    |sub_ln1118_13_fu_477787_p2  |     -    |      0|  0|   28|           1|          21|
    |sub_ln1118_14_fu_477848_p2  |     -    |      0|  0|   16|           1|          23|
    |sub_ln1118_15_fu_477870_p2  |     -    |      0|  0|   16|          23|          23|
    |sub_ln1118_16_fu_477902_p2  |     -    |      0|  0|   16|           1|          24|
    |sub_ln1118_17_fu_477908_p2  |     -    |      0|  0|   16|          24|          24|
    |sub_ln1118_18_fu_478041_p2  |     -    |      0|  0|   31|          24|          24|
    |sub_ln1118_19_fu_478232_p2  |     -    |      0|  0|   27|          20|          20|
    |sub_ln1118_1_fu_475904_p2   |     -    |      0|  0|   28|          21|          21|
    |sub_ln1118_20_fu_478312_p2  |     -    |      0|  0|   30|           1|          23|
    |sub_ln1118_21_fu_478775_p2  |     -    |      0|  0|   16|           1|          22|
    |sub_ln1118_22_fu_478793_p2  |     -    |      0|  0|   16|          22|          22|
    |sub_ln1118_23_fu_478931_p2  |     -    |      0|  0|   28|          21|          21|
    |sub_ln1118_24_fu_479193_p2  |     -    |      0|  0|   30|          23|          23|
    |sub_ln1118_25_fu_479276_p2  |     -    |      0|  0|   16|           1|          24|
    |sub_ln1118_26_fu_479282_p2  |     -    |      0|  0|   16|          24|          24|
    |sub_ln1118_27_fu_479320_p2  |     -    |      0|  0|   16|           1|          24|
    |sub_ln1118_28_fu_479338_p2  |     -    |      0|  0|   16|          24|          24|
    |sub_ln1118_29_fu_479560_p2  |     -    |      0|  0|   31|           1|          24|
    |sub_ln1118_2_fu_475948_p2   |     -    |      0|  0|   32|          25|          25|
    |sub_ln1118_30_fu_479592_p2  |     -    |      0|  0|   16|           1|          22|
    |sub_ln1118_31_fu_479598_p2  |     -    |      0|  0|   16|          22|          22|
    |sub_ln1118_32_fu_479950_p2  |     -    |      0|  0|   16|           1|          22|
    |sub_ln1118_33_fu_479968_p2  |     -    |      0|  0|   16|          22|          22|
    |sub_ln1118_34_fu_480038_p2  |     -    |      0|  0|   16|           1|          23|
    |sub_ln1118_35_fu_480044_p2  |     -    |      0|  0|   16|          23|          23|
    |sub_ln1118_36_fu_480165_p2  |     -    |      0|  0|   29|          22|          22|
    |sub_ln1118_37_fu_480331_p2  |     -    |      0|  0|   29|          22|          22|
    |sub_ln1118_38_fu_480603_p2  |     -    |      0|  0|   32|          25|          25|
    |sub_ln1118_39_fu_480790_p2  |     -    |      0|  0|   16|           1|          24|
    |sub_ln1118_3_fu_476053_p2   |     -    |      0|  0|   16|           1|          21|
    |sub_ln1118_40_fu_480808_p2  |     -    |      0|  0|   16|          24|          24|
    |sub_ln1118_41_fu_480882_p2  |     -    |      0|  0|   31|          24|          24|
    |sub_ln1118_42_fu_480952_p2  |     -    |      0|  0|   16|           1|          22|
    |sub_ln1118_43_fu_480970_p2  |     -    |      0|  0|   16|          22|          22|
    |sub_ln1118_44_fu_481341_p2  |     -    |      0|  0|   29|          22|          22|
    |sub_ln1118_45_fu_481401_p2  |     -    |      0|  0|   16|           1|          19|
    |sub_ln1118_46_fu_481407_p2  |     -    |      0|  0|   16|          19|          19|
    |sub_ln1118_47_fu_481475_p2  |     -    |      0|  0|   30|          23|          23|
    |sub_ln1118_48_fu_481614_p2  |     -    |      0|  0|   32|          25|          25|
    |sub_ln1118_49_fu_482000_p2  |     -    |      0|  0|   32|          25|          25|
    |sub_ln1118_4_fu_476071_p2   |     -    |      0|  0|   16|          21|          21|
    |sub_ln1118_50_fu_482151_p2  |     -    |      0|  0|   32|          25|          25|
    |sub_ln1118_51_fu_482183_p2  |     -    |      0|  0|   16|           1|          20|
    |sub_ln1118_52_fu_482189_p2  |     -    |      0|  0|   16|          20|          20|
    |sub_ln1118_53_fu_482506_p2  |     -    |      0|  0|   16|           1|          24|
    |sub_ln1118_54_fu_482524_p2  |     -    |      0|  0|   16|          24|          24|
    |sub_ln1118_55_fu_482713_p2  |     -    |      0|  0|   16|           1|          25|
    |sub_ln1118_56_fu_482731_p2  |     -    |      0|  0|   16|          25|          25|
    |sub_ln1118_57_fu_482786_p2  |     -    |      0|  0|   16|           1|          25|
    |sub_ln1118_58_fu_482804_p2  |     -    |      0|  0|   16|          25|          25|
    |sub_ln1118_59_fu_482850_p2  |     -    |      0|  0|   16|           1|          21|
    |sub_ln1118_5_fu_476223_p2   |     -    |      0|  0|   30|          23|          23|
    |sub_ln1118_60_fu_482856_p2  |     -    |      0|  0|   16|          21|          21|
    |sub_ln1118_61_fu_483004_p2  |     -    |      0|  0|   28|          21|          21|
    |sub_ln1118_62_fu_483088_p2  |     -    |      0|  0|   16|           1|          24|
    |sub_ln1118_63_fu_483106_p2  |     -    |      0|  0|   16|          24|          24|
    |sub_ln1118_64_fu_483158_p2  |     -    |      0|  0|   31|          24|          24|
    |sub_ln1118_65_fu_483303_p2  |     -    |      0|  0|   29|          22|          22|
    |sub_ln1118_66_fu_483383_p2  |     -    |      0|  0|   30|           1|          23|
    |sub_ln1118_67_fu_483457_p2  |     -    |      0|  0|   26|          19|          19|
    |sub_ln1118_68_fu_483521_p2  |     -    |      0|  0|   30|          23|          23|
    |sub_ln1118_69_fu_483670_p2  |     -    |      0|  0|   31|           1|          24|
    |sub_ln1118_6_fu_476576_p2   |     -    |      0|  0|   31|          24|          24|
    |sub_ln1118_70_fu_483688_p2  |     -    |      0|  0|   31|          24|          24|
    |sub_ln1118_71_fu_483734_p2  |     -    |      0|  0|   31|          24|          24|
    |sub_ln1118_72_fu_477015_p2  |     -    |      0|  0|   27|          20|          20|
    |sub_ln1118_73_fu_477268_p2  |     -    |      0|  0|   32|          25|          25|
    |sub_ln1118_74_fu_477498_p2  |     -    |      0|  0|   30|          23|          23|
    |sub_ln1118_75_fu_478481_p2  |     -    |      0|  0|   31|          24|          24|
    |sub_ln1118_76_fu_478743_p2  |     -    |      0|  0|   27|          20|          20|
    |sub_ln1118_77_fu_481798_p2  |     -    |      0|  0|   29|          22|          22|
    |sub_ln1118_78_fu_482056_p2  |     -    |      0|  0|   27|          20|          20|
    |sub_ln1118_7_fu_476761_p2   |     -    |      0|  0|   16|           1|          24|
    |sub_ln1118_8_fu_476779_p2   |     -    |      0|  0|   16|          24|          24|
    |sub_ln1118_9_fu_477364_p2   |     -    |      0|  0|   32|          25|          25|
    |sub_ln1118_fu_475800_p2     |     -    |      0|  0|   28|          21|          21|
    +----------------------------+----------+-------+---+-----+------------+------------+
    |Total                       |          |    307|  0|10972|       12487|       10646|
    +----------------------------+----------+-------+---+-----+------------+------------+

    * Multiplexer: 
    +-------------+----+-----------+-----+-----------+
    |     Name    | LUT| Input Size| Bits| Total Bits|
    +-------------+----+-----------+-----+-----------+
    |ap_return_0  |   9|          2|   16|         32|
    |ap_return_1  |   9|          2|   16|         32|
    |ap_return_2  |   9|          2|   16|         32|
    +-------------+----+-----------+-----+-----------+
    |Total        |  27|          6|   48|         96|
    +-------------+----+-----------+-----+-----------+

    * Register: 
    +--------------------------+----+----+-----+-----------+
    |           Name           | FF | LUT| Bits| Const Bits|
    +--------------------------+----+----+-----+-----------+
    |add_ln703_108_reg_486640  |  16|   0|   16|          0|
    |add_ln703_115_reg_486645  |  16|   0|   16|          0|
    |add_ln703_123_reg_486650  |  16|   0|   16|          0|
    |add_ln703_142_reg_486655  |  16|   0|   16|          0|
    |add_ln703_149_reg_486660  |  16|   0|   16|          0|
    |add_ln703_14_reg_486600   |  16|   0|   16|          0|
    |add_ln703_156_reg_486665  |  16|   0|   16|          0|
    |add_ln703_173_reg_486670  |  16|   0|   16|          0|
    |add_ln703_188_reg_486675  |  16|   0|   16|          0|
    |add_ln703_205_reg_486680  |  16|   0|   16|          0|
    |add_ln703_212_reg_486685  |  16|   0|   16|          0|
    |add_ln703_219_reg_486690  |  16|   0|   16|          0|
    |add_ln703_21_reg_486605   |  16|   0|   16|          0|
    |add_ln703_236_reg_486695  |  16|   0|   16|          0|
    |add_ln703_243_reg_486700  |  16|   0|   16|          0|
    |add_ln703_251_reg_486705  |  16|   0|   16|          0|
    |add_ln703_270_reg_486710  |  16|   0|   16|          0|
    |add_ln703_277_reg_486715  |  16|   0|   16|          0|
    |add_ln703_284_reg_486720  |  16|   0|   16|          0|
    |add_ln703_28_reg_486610   |  16|   0|   16|          0|
    |add_ln703_301_reg_486725  |  16|   0|   16|          0|
    |add_ln703_316_reg_486730  |  16|   0|   16|          0|
    |add_ln703_349_reg_486735  |  16|   0|   16|          0|
    |add_ln703_364_reg_486740  |  16|   0|   16|          0|
    |add_ln703_371_reg_486745  |  16|   0|   16|          0|
    |add_ln703_379_reg_486750  |  16|   0|   16|          0|
    |add_ln703_45_reg_486615   |  16|   0|   16|          0|
    |add_ln703_60_reg_486620   |  16|   0|   16|          0|
    |add_ln703_77_reg_486625   |  16|   0|   16|          0|
    |add_ln703_84_reg_486630   |  16|   0|   16|          0|
    |add_ln703_91_reg_486635   |  16|   0|   16|          0|
    |ap_ce_reg                 |   1|   0|    1|          0|
    |ap_return_0_int_reg       |  16|   0|   16|          0|
    |ap_return_1_int_reg       |  16|   0|   16|          0|
    |ap_return_2_int_reg       |  16|   0|   16|          0|
    +--------------------------+----+----+-----+-----------+
    |Total                     | 545|   0|  545|          0|
    +--------------------------+----+----+-----+-----------+



================================================================
== Interface
================================================================
* Summary: 
+-----------------+-----+-----+------------+--------------------------------------------------------------+--------------+
|    RTL Ports    | Dir | Bits|  Protocol  |                         Source Object                        |    C Type    |
+-----------------+-----+-----+------------+--------------------------------------------------------------+--------------+
|ap_clk           |  in |    1| ap_ctrl_hs | dense_latency<ap_fixed,ap_fixed<16,6,5,3,0>,config4>.0.0.0.0 | return value |
|ap_rst           |  in |    1| ap_ctrl_hs | dense_latency<ap_fixed,ap_fixed<16,6,5,3,0>,config4>.0.0.0.0 | return value |
|ap_return_0      | out |   16| ap_ctrl_hs | dense_latency<ap_fixed,ap_fixed<16,6,5,3,0>,config4>.0.0.0.0 | return value |
|ap_return_1      | out |   16| ap_ctrl_hs | dense_latency<ap_fixed,ap_fixed<16,6,5,3,0>,config4>.0.0.0.0 | return value |
|ap_return_2      | out |   16| ap_ctrl_hs | dense_latency<ap_fixed,ap_fixed<16,6,5,3,0>,config4>.0.0.0.0 | return value |
|ap_ce            |  in |    1| ap_ctrl_hs | dense_latency<ap_fixed,ap_fixed<16,6,5,3,0>,config4>.0.0.0.0 | return value |
|data_0_V_read    |  in |   16|   ap_none  |                         data_0_V_read                        |    scalar    |
|data_1_V_read    |  in |   16|   ap_none  |                         data_1_V_read                        |    scalar    |
|data_2_V_read    |  in |   16|   ap_none  |                         data_2_V_read                        |    scalar    |
|data_3_V_read    |  in |   16|   ap_none  |                         data_3_V_read                        |    scalar    |
|data_4_V_read    |  in |   16|   ap_none  |                         data_4_V_read                        |    scalar    |
|data_5_V_read    |  in |   16|   ap_none  |                         data_5_V_read                        |    scalar    |
|data_6_V_read    |  in |   16|   ap_none  |                         data_6_V_read                        |    scalar    |
|data_7_V_read    |  in |   16|   ap_none  |                         data_7_V_read                        |    scalar    |
|data_8_V_read    |  in |   16|   ap_none  |                         data_8_V_read                        |    scalar    |
|data_9_V_read    |  in |   16|   ap_none  |                         data_9_V_read                        |    scalar    |
|data_10_V_read   |  in |   16|   ap_none  |                        data_10_V_read                        |    scalar    |
|data_11_V_read   |  in |   16|   ap_none  |                        data_11_V_read                        |    scalar    |
|data_12_V_read   |  in |   16|   ap_none  |                        data_12_V_read                        |    scalar    |
|data_13_V_read   |  in |   16|   ap_none  |                        data_13_V_read                        |    scalar    |
|data_14_V_read   |  in |   16|   ap_none  |                        data_14_V_read                        |    scalar    |
|data_15_V_read   |  in |   16|   ap_none  |                        data_15_V_read                        |    scalar    |
|data_16_V_read   |  in |   16|   ap_none  |                        data_16_V_read                        |    scalar    |
|data_17_V_read   |  in |   16|   ap_none  |                        data_17_V_read                        |    scalar    |
|data_18_V_read   |  in |   16|   ap_none  |                        data_18_V_read                        |    scalar    |
|data_19_V_read   |  in |   16|   ap_none  |                        data_19_V_read                        |    scalar    |
|data_20_V_read   |  in |   16|   ap_none  |                        data_20_V_read                        |    scalar    |
|data_21_V_read   |  in |   16|   ap_none  |                        data_21_V_read                        |    scalar    |
|data_22_V_read   |  in |   16|   ap_none  |                        data_22_V_read                        |    scalar    |
|data_23_V_read   |  in |   16|   ap_none  |                        data_23_V_read                        |    scalar    |
|data_24_V_read   |  in |   16|   ap_none  |                        data_24_V_read                        |    scalar    |
|data_25_V_read   |  in |   16|   ap_none  |                        data_25_V_read                        |    scalar    |
|data_26_V_read   |  in |   16|   ap_none  |                        data_26_V_read                        |    scalar    |
|data_27_V_read   |  in |   16|   ap_none  |                        data_27_V_read                        |    scalar    |
|data_28_V_read   |  in |   16|   ap_none  |                        data_28_V_read                        |    scalar    |
|data_29_V_read   |  in |   16|   ap_none  |                        data_29_V_read                        |    scalar    |
|data_30_V_read   |  in |   16|   ap_none  |                        data_30_V_read                        |    scalar    |
|data_31_V_read   |  in |   16|   ap_none  |                        data_31_V_read                        |    scalar    |
|data_32_V_read   |  in |   16|   ap_none  |                        data_32_V_read                        |    scalar    |
|data_33_V_read   |  in |   16|   ap_none  |                        data_33_V_read                        |    scalar    |
|data_34_V_read   |  in |   16|   ap_none  |                        data_34_V_read                        |    scalar    |
|data_35_V_read   |  in |   16|   ap_none  |                        data_35_V_read                        |    scalar    |
|data_36_V_read   |  in |   16|   ap_none  |                        data_36_V_read                        |    scalar    |
|data_37_V_read   |  in |   16|   ap_none  |                        data_37_V_read                        |    scalar    |
|data_38_V_read   |  in |   16|   ap_none  |                        data_38_V_read                        |    scalar    |
|data_39_V_read   |  in |   16|   ap_none  |                        data_39_V_read                        |    scalar    |
|data_40_V_read   |  in |   16|   ap_none  |                        data_40_V_read                        |    scalar    |
|data_41_V_read   |  in |   16|   ap_none  |                        data_41_V_read                        |    scalar    |
|data_42_V_read   |  in |   16|   ap_none  |                        data_42_V_read                        |    scalar    |
|data_43_V_read   |  in |   16|   ap_none  |                        data_43_V_read                        |    scalar    |
|data_44_V_read   |  in |   16|   ap_none  |                        data_44_V_read                        |    scalar    |
|data_45_V_read   |  in |   16|   ap_none  |                        data_45_V_read                        |    scalar    |
|data_46_V_read   |  in |   16|   ap_none  |                        data_46_V_read                        |    scalar    |
|data_47_V_read   |  in |   16|   ap_none  |                        data_47_V_read                        |    scalar    |
|data_48_V_read   |  in |   16|   ap_none  |                        data_48_V_read                        |    scalar    |
|data_49_V_read   |  in |   16|   ap_none  |                        data_49_V_read                        |    scalar    |
|data_50_V_read   |  in |   16|   ap_none  |                        data_50_V_read                        |    scalar    |
|data_51_V_read   |  in |   16|   ap_none  |                        data_51_V_read                        |    scalar    |
|data_52_V_read   |  in |   16|   ap_none  |                        data_52_V_read                        |    scalar    |
|data_53_V_read   |  in |   16|   ap_none  |                        data_53_V_read                        |    scalar    |
|data_54_V_read   |  in |   16|   ap_none  |                        data_54_V_read                        |    scalar    |
|data_55_V_read   |  in |   16|   ap_none  |                        data_55_V_read                        |    scalar    |
|data_56_V_read   |  in |   16|   ap_none  |                        data_56_V_read                        |    scalar    |
|data_57_V_read   |  in |   16|   ap_none  |                        data_57_V_read                        |    scalar    |
|data_58_V_read   |  in |   16|   ap_none  |                        data_58_V_read                        |    scalar    |
|data_59_V_read   |  in |   16|   ap_none  |                        data_59_V_read                        |    scalar    |
|data_60_V_read   |  in |   16|   ap_none  |                        data_60_V_read                        |    scalar    |
|data_61_V_read   |  in |   16|   ap_none  |                        data_61_V_read                        |    scalar    |
|data_62_V_read   |  in |   16|   ap_none  |                        data_62_V_read                        |    scalar    |
|data_63_V_read   |  in |   16|   ap_none  |                        data_63_V_read                        |    scalar    |
|data_64_V_read   |  in |   16|   ap_none  |                        data_64_V_read                        |    scalar    |
|data_65_V_read   |  in |   16|   ap_none  |                        data_65_V_read                        |    scalar    |
|data_66_V_read   |  in |   16|   ap_none  |                        data_66_V_read                        |    scalar    |
|data_67_V_read   |  in |   16|   ap_none  |                        data_67_V_read                        |    scalar    |
|data_68_V_read   |  in |   16|   ap_none  |                        data_68_V_read                        |    scalar    |
|data_69_V_read   |  in |   16|   ap_none  |                        data_69_V_read                        |    scalar    |
|data_70_V_read   |  in |   16|   ap_none  |                        data_70_V_read                        |    scalar    |
|data_71_V_read   |  in |   16|   ap_none  |                        data_71_V_read                        |    scalar    |
|data_72_V_read   |  in |   16|   ap_none  |                        data_72_V_read                        |    scalar    |
|data_73_V_read   |  in |   16|   ap_none  |                        data_73_V_read                        |    scalar    |
|data_74_V_read   |  in |   16|   ap_none  |                        data_74_V_read                        |    scalar    |
|data_75_V_read   |  in |   16|   ap_none  |                        data_75_V_read                        |    scalar    |
|data_76_V_read   |  in |   16|   ap_none  |                        data_76_V_read                        |    scalar    |
|data_77_V_read   |  in |   16|   ap_none  |                        data_77_V_read                        |    scalar    |
|data_78_V_read   |  in |   16|   ap_none  |                        data_78_V_read                        |    scalar    |
|data_79_V_read   |  in |   16|   ap_none  |                        data_79_V_read                        |    scalar    |
|data_80_V_read   |  in |   16|   ap_none  |                        data_80_V_read                        |    scalar    |
|data_81_V_read   |  in |   16|   ap_none  |                        data_81_V_read                        |    scalar    |
|data_82_V_read   |  in |   16|   ap_none  |                        data_82_V_read                        |    scalar    |
|data_83_V_read   |  in |   16|   ap_none  |                        data_83_V_read                        |    scalar    |
|data_84_V_read   |  in |   16|   ap_none  |                        data_84_V_read                        |    scalar    |
|data_85_V_read   |  in |   16|   ap_none  |                        data_85_V_read                        |    scalar    |
|data_86_V_read   |  in |   16|   ap_none  |                        data_86_V_read                        |    scalar    |
|data_87_V_read   |  in |   16|   ap_none  |                        data_87_V_read                        |    scalar    |
|data_88_V_read   |  in |   16|   ap_none  |                        data_88_V_read                        |    scalar    |
|data_89_V_read   |  in |   16|   ap_none  |                        data_89_V_read                        |    scalar    |
|data_90_V_read   |  in |   16|   ap_none  |                        data_90_V_read                        |    scalar    |
|data_91_V_read   |  in |   16|   ap_none  |                        data_91_V_read                        |    scalar    |
|data_92_V_read   |  in |   16|   ap_none  |                        data_92_V_read                        |    scalar    |
|data_93_V_read   |  in |   16|   ap_none  |                        data_93_V_read                        |    scalar    |
|data_94_V_read   |  in |   16|   ap_none  |                        data_94_V_read                        |    scalar    |
|data_95_V_read   |  in |   16|   ap_none  |                        data_95_V_read                        |    scalar    |
|data_96_V_read   |  in |   16|   ap_none  |                        data_96_V_read                        |    scalar    |
|data_97_V_read   |  in |   16|   ap_none  |                        data_97_V_read                        |    scalar    |
|data_98_V_read   |  in |   16|   ap_none  |                        data_98_V_read                        |    scalar    |
|data_99_V_read   |  in |   16|   ap_none  |                        data_99_V_read                        |    scalar    |
|data_100_V_read  |  in |   16|   ap_none  |                        data_100_V_read                       |    scalar    |
|data_101_V_read  |  in |   16|   ap_none  |                        data_101_V_read                       |    scalar    |
|data_102_V_read  |  in |   16|   ap_none  |                        data_102_V_read                       |    scalar    |
|data_103_V_read  |  in |   16|   ap_none  |                        data_103_V_read                       |    scalar    |
|data_104_V_read  |  in |   16|   ap_none  |                        data_104_V_read                       |    scalar    |
|data_105_V_read  |  in |   16|   ap_none  |                        data_105_V_read                       |    scalar    |
|data_106_V_read  |  in |   16|   ap_none  |                        data_106_V_read                       |    scalar    |
|data_107_V_read  |  in |   16|   ap_none  |                        data_107_V_read                       |    scalar    |
|data_108_V_read  |  in |   16|   ap_none  |                        data_108_V_read                       |    scalar    |
|data_109_V_read  |  in |   16|   ap_none  |                        data_109_V_read                       |    scalar    |
|data_110_V_read  |  in |   16|   ap_none  |                        data_110_V_read                       |    scalar    |
|data_111_V_read  |  in |   16|   ap_none  |                        data_111_V_read                       |    scalar    |
|data_112_V_read  |  in |   16|   ap_none  |                        data_112_V_read                       |    scalar    |
|data_113_V_read  |  in |   16|   ap_none  |                        data_113_V_read                       |    scalar    |
|data_114_V_read  |  in |   16|   ap_none  |                        data_114_V_read                       |    scalar    |
|data_115_V_read  |  in |   16|   ap_none  |                        data_115_V_read                       |    scalar    |
|data_116_V_read  |  in |   16|   ap_none  |                        data_116_V_read                       |    scalar    |
|data_117_V_read  |  in |   16|   ap_none  |                        data_117_V_read                       |    scalar    |
|data_118_V_read  |  in |   16|   ap_none  |                        data_118_V_read                       |    scalar    |
|data_119_V_read  |  in |   16|   ap_none  |                        data_119_V_read                       |    scalar    |
|data_120_V_read  |  in |   16|   ap_none  |                        data_120_V_read                       |    scalar    |
|data_121_V_read  |  in |   16|   ap_none  |                        data_121_V_read                       |    scalar    |
|data_122_V_read  |  in |   16|   ap_none  |                        data_122_V_read                       |    scalar    |
|data_123_V_read  |  in |   16|   ap_none  |                        data_123_V_read                       |    scalar    |
|data_124_V_read  |  in |   16|   ap_none  |                        data_124_V_read                       |    scalar    |
|data_125_V_read  |  in |   16|   ap_none  |                        data_125_V_read                       |    scalar    |
|data_126_V_read  |  in |   16|   ap_none  |                        data_126_V_read                       |    scalar    |
|data_127_V_read  |  in |   16|   ap_none  |                        data_127_V_read                       |    scalar    |
+-----------------+-----+-----+------------+--------------------------------------------------------------+--------------+

