

================================================================
== Vivado HLS Report for 'relu_ap_fixed_16_6_5_3_0_ap_fixed_16_6_5_3_0_relu_config3_s'
================================================================
* Date:           Thu Feb 29 14:41:40 2024

* Version:        2020.1 (Build 2897737 on Wed May 27 20:21:37 MDT 2020)
* Project:        myproject_prj
* Solution:       solution1
* Product family: zynq
* Target device:  xc7z020-clg400-1


================================================================
== Performance Estimates
================================================================
+ Timing: 
    * Summary: 
    +--------+----------+----------+------------+
    |  Clock |  Target  | Estimated| Uncertainty|
    +--------+----------+----------+------------+
    |ap_clk  | 25.00 ns | 3.183 ns |   3.12 ns  |
    +--------+----------+----------+------------+

+ Latency: 
    * Summary: 
    +---------+---------+----------+----------+-----+-----+----------+
    |  Latency (cycles) |  Latency (absolute) |  Interval | Pipeline |
    |   min   |   max   |    min   |    max   | min | max |   Type   |
    +---------+---------+----------+----------+-----+-----+----------+
    |        0|        0|   0 ns   |   0 ns   |    1|    1| function |
    +---------+---------+----------+----------+-----+-----+----------+

    + Detail: 
        * Instance: 
        N/A

        * Loop: 
        N/A



================================================================
== Utilization Estimates
================================================================
* Summary: 
+-----------------+---------+-------+--------+-------+-----+
|       Name      | BRAM_18K| DSP48E|   FF   |  LUT  | URAM|
+-----------------+---------+-------+--------+-------+-----+
|DSP              |        -|      -|       -|      -|    -|
|Expression       |        -|      -|       0|   3584|    -|
|FIFO             |        -|      -|       -|      -|    -|
|Instance         |        -|      -|       -|      -|    -|
|Memory           |        -|      -|       -|      -|    -|
|Multiplexer      |        -|      -|       -|      -|    -|
|Register         |        -|      -|       -|      -|    -|
+-----------------+---------+-------+--------+-------+-----+
|Total            |        0|      0|       0|   3584|    0|
+-----------------+---------+-------+--------+-------+-----+
|Available        |      280|    220|  106400|  53200|    0|
+-----------------+---------+-------+--------+-------+-----+
|Utilization (%)  |        0|      0|       0|      6|    0|
+-----------------+---------+-------+--------+-------+-----+

+ Detail: 
    * Instance: 
    N/A

    * DSP48E: 
    N/A

    * Memory: 
    N/A

    * FIFO: 
    N/A

    * Expression: 
    +----------------------------+----------+-------+---+----+------------+------------+
    |        Variable Name       | Operation| DSP48E| FF| LUT| Bitwidth P0| Bitwidth P1|
    +----------------------------+----------+-------+---+----+------------+------------+
    |icmp_ln1494_100_fu_3242_p2  |   icmp   |      0|  0|  13|          16|           1|
    |icmp_ln1494_101_fu_3264_p2  |   icmp   |      0|  0|  13|          16|           1|
    |icmp_ln1494_102_fu_3286_p2  |   icmp   |      0|  0|  13|          16|           1|
    |icmp_ln1494_103_fu_3308_p2  |   icmp   |      0|  0|  13|          16|           1|
    |icmp_ln1494_104_fu_3330_p2  |   icmp   |      0|  0|  13|          16|           1|
    |icmp_ln1494_105_fu_3352_p2  |   icmp   |      0|  0|  13|          16|           1|
    |icmp_ln1494_106_fu_3374_p2  |   icmp   |      0|  0|  13|          16|           1|
    |icmp_ln1494_107_fu_3396_p2  |   icmp   |      0|  0|  13|          16|           1|
    |icmp_ln1494_108_fu_3418_p2  |   icmp   |      0|  0|  13|          16|           1|
    |icmp_ln1494_109_fu_3440_p2  |   icmp   |      0|  0|  13|          16|           1|
    |icmp_ln1494_10_fu_1262_p2   |   icmp   |      0|  0|  13|          16|           1|
    |icmp_ln1494_110_fu_3462_p2  |   icmp   |      0|  0|  13|          16|           1|
    |icmp_ln1494_111_fu_3484_p2  |   icmp   |      0|  0|  13|          16|           1|
    |icmp_ln1494_112_fu_3506_p2  |   icmp   |      0|  0|  13|          16|           1|
    |icmp_ln1494_113_fu_3528_p2  |   icmp   |      0|  0|  13|          16|           1|
    |icmp_ln1494_114_fu_3550_p2  |   icmp   |      0|  0|  13|          16|           1|
    |icmp_ln1494_115_fu_3572_p2  |   icmp   |      0|  0|  13|          16|           1|
    |icmp_ln1494_116_fu_3594_p2  |   icmp   |      0|  0|  13|          16|           1|
    |icmp_ln1494_117_fu_3616_p2  |   icmp   |      0|  0|  13|          16|           1|
    |icmp_ln1494_118_fu_3638_p2  |   icmp   |      0|  0|  13|          16|           1|
    |icmp_ln1494_119_fu_3660_p2  |   icmp   |      0|  0|  13|          16|           1|
    |icmp_ln1494_11_fu_1284_p2   |   icmp   |      0|  0|  13|          16|           1|
    |icmp_ln1494_120_fu_3682_p2  |   icmp   |      0|  0|  13|          16|           1|
    |icmp_ln1494_121_fu_3704_p2  |   icmp   |      0|  0|  13|          16|           1|
    |icmp_ln1494_122_fu_3726_p2  |   icmp   |      0|  0|  13|          16|           1|
    |icmp_ln1494_123_fu_3748_p2  |   icmp   |      0|  0|  13|          16|           1|
    |icmp_ln1494_124_fu_3770_p2  |   icmp   |      0|  0|  13|          16|           1|
    |icmp_ln1494_125_fu_3792_p2  |   icmp   |      0|  0|  13|          16|           1|
    |icmp_ln1494_126_fu_3814_p2  |   icmp   |      0|  0|  13|          16|           1|
    |icmp_ln1494_127_fu_3836_p2  |   icmp   |      0|  0|  13|          16|           1|
    |icmp_ln1494_12_fu_1306_p2   |   icmp   |      0|  0|  13|          16|           1|
    |icmp_ln1494_13_fu_1328_p2   |   icmp   |      0|  0|  13|          16|           1|
    |icmp_ln1494_14_fu_1350_p2   |   icmp   |      0|  0|  13|          16|           1|
    |icmp_ln1494_15_fu_1372_p2   |   icmp   |      0|  0|  13|          16|           1|
    |icmp_ln1494_16_fu_1394_p2   |   icmp   |      0|  0|  13|          16|           1|
    |icmp_ln1494_17_fu_1416_p2   |   icmp   |      0|  0|  13|          16|           1|
    |icmp_ln1494_18_fu_1438_p2   |   icmp   |      0|  0|  13|          16|           1|
    |icmp_ln1494_19_fu_1460_p2   |   icmp   |      0|  0|  13|          16|           1|
    |icmp_ln1494_1_fu_1064_p2    |   icmp   |      0|  0|  13|          16|           1|
    |icmp_ln1494_20_fu_1482_p2   |   icmp   |      0|  0|  13|          16|           1|
    |icmp_ln1494_21_fu_1504_p2   |   icmp   |      0|  0|  13|          16|           1|
    |icmp_ln1494_22_fu_1526_p2   |   icmp   |      0|  0|  13|          16|           1|
    |icmp_ln1494_23_fu_1548_p2   |   icmp   |      0|  0|  13|          16|           1|
    |icmp_ln1494_24_fu_1570_p2   |   icmp   |      0|  0|  13|          16|           1|
    |icmp_ln1494_25_fu_1592_p2   |   icmp   |      0|  0|  13|          16|           1|
    |icmp_ln1494_26_fu_1614_p2   |   icmp   |      0|  0|  13|          16|           1|
    |icmp_ln1494_27_fu_1636_p2   |   icmp   |      0|  0|  13|          16|           1|
    |icmp_ln1494_28_fu_1658_p2   |   icmp   |      0|  0|  13|          16|           1|
    |icmp_ln1494_29_fu_1680_p2   |   icmp   |      0|  0|  13|          16|           1|
    |icmp_ln1494_2_fu_1086_p2    |   icmp   |      0|  0|  13|          16|           1|
    |icmp_ln1494_30_fu_1702_p2   |   icmp   |      0|  0|  13|          16|           1|
    |icmp_ln1494_31_fu_1724_p2   |   icmp   |      0|  0|  13|          16|           1|
    |icmp_ln1494_32_fu_1746_p2   |   icmp   |      0|  0|  13|          16|           1|
    |icmp_ln1494_33_fu_1768_p2   |   icmp   |      0|  0|  13|          16|           1|
    |icmp_ln1494_34_fu_1790_p2   |   icmp   |      0|  0|  13|          16|           1|
    |icmp_ln1494_35_fu_1812_p2   |   icmp   |      0|  0|  13|          16|           1|
    |icmp_ln1494_36_fu_1834_p2   |   icmp   |      0|  0|  13|          16|           1|
    |icmp_ln1494_37_fu_1856_p2   |   icmp   |      0|  0|  13|          16|           1|
    |icmp_ln1494_38_fu_1878_p2   |   icmp   |      0|  0|  13|          16|           1|
    |icmp_ln1494_39_fu_1900_p2   |   icmp   |      0|  0|  13|          16|           1|
    |icmp_ln1494_3_fu_1108_p2    |   icmp   |      0|  0|  13|          16|           1|
    |icmp_ln1494_40_fu_1922_p2   |   icmp   |      0|  0|  13|          16|           1|
    |icmp_ln1494_41_fu_1944_p2   |   icmp   |      0|  0|  13|          16|           1|
    |icmp_ln1494_42_fu_1966_p2   |   icmp   |      0|  0|  13|          16|           1|
    |icmp_ln1494_43_fu_1988_p2   |   icmp   |      0|  0|  13|          16|           1|
    |icmp_ln1494_44_fu_2010_p2   |   icmp   |      0|  0|  13|          16|           1|
    |icmp_ln1494_45_fu_2032_p2   |   icmp   |      0|  0|  13|          16|           1|
    |icmp_ln1494_46_fu_2054_p2   |   icmp   |      0|  0|  13|          16|           1|
    |icmp_ln1494_47_fu_2076_p2   |   icmp   |      0|  0|  13|          16|           1|
    |icmp_ln1494_48_fu_2098_p2   |   icmp   |      0|  0|  13|          16|           1|
    |icmp_ln1494_49_fu_2120_p2   |   icmp   |      0|  0|  13|          16|           1|
    |icmp_ln1494_4_fu_1130_p2    |   icmp   |      0|  0|  13|          16|           1|
    |icmp_ln1494_50_fu_2142_p2   |   icmp   |      0|  0|  13|          16|           1|
    |icmp_ln1494_51_fu_2164_p2   |   icmp   |      0|  0|  13|          16|           1|
    |icmp_ln1494_52_fu_2186_p2   |   icmp   |      0|  0|  13|          16|           1|
    |icmp_ln1494_53_fu_2208_p2   |   icmp   |      0|  0|  13|          16|           1|
    |icmp_ln1494_54_fu_2230_p2   |   icmp   |      0|  0|  13|          16|           1|
    |icmp_ln1494_55_fu_2252_p2   |   icmp   |      0|  0|  13|          16|           1|
    |icmp_ln1494_56_fu_2274_p2   |   icmp   |      0|  0|  13|          16|           1|
    |icmp_ln1494_57_fu_2296_p2   |   icmp   |      0|  0|  13|          16|           1|
    |icmp_ln1494_58_fu_2318_p2   |   icmp   |      0|  0|  13|          16|           1|
    |icmp_ln1494_59_fu_2340_p2   |   icmp   |      0|  0|  13|          16|           1|
    |icmp_ln1494_5_fu_1152_p2    |   icmp   |      0|  0|  13|          16|           1|
    |icmp_ln1494_60_fu_2362_p2   |   icmp   |      0|  0|  13|          16|           1|
    |icmp_ln1494_61_fu_2384_p2   |   icmp   |      0|  0|  13|          16|           1|
    |icmp_ln1494_62_fu_2406_p2   |   icmp   |      0|  0|  13|          16|           1|
    |icmp_ln1494_63_fu_2428_p2   |   icmp   |      0|  0|  13|          16|           1|
    |icmp_ln1494_64_fu_2450_p2   |   icmp   |      0|  0|  13|          16|           1|
    |icmp_ln1494_65_fu_2472_p2   |   icmp   |      0|  0|  13|          16|           1|
    |icmp_ln1494_66_fu_2494_p2   |   icmp   |      0|  0|  13|          16|           1|
    |icmp_ln1494_67_fu_2516_p2   |   icmp   |      0|  0|  13|          16|           1|
    |icmp_ln1494_68_fu_2538_p2   |   icmp   |      0|  0|  13|          16|           1|
    |icmp_ln1494_69_fu_2560_p2   |   icmp   |      0|  0|  13|          16|           1|
    |icmp_ln1494_6_fu_1174_p2    |   icmp   |      0|  0|  13|          16|           1|
    |icmp_ln1494_70_fu_2582_p2   |   icmp   |      0|  0|  13|          16|           1|
    |icmp_ln1494_71_fu_2604_p2   |   icmp   |      0|  0|  13|          16|           1|
    |icmp_ln1494_72_fu_2626_p2   |   icmp   |      0|  0|  13|          16|           1|
    |icmp_ln1494_73_fu_2648_p2   |   icmp   |      0|  0|  13|          16|           1|
    |icmp_ln1494_74_fu_2670_p2   |   icmp   |      0|  0|  13|          16|           1|
    |icmp_ln1494_75_fu_2692_p2   |   icmp   |      0|  0|  13|          16|           1|
    |icmp_ln1494_76_fu_2714_p2   |   icmp   |      0|  0|  13|          16|           1|
    |icmp_ln1494_77_fu_2736_p2   |   icmp   |      0|  0|  13|          16|           1|
    |icmp_ln1494_78_fu_2758_p2   |   icmp   |      0|  0|  13|          16|           1|
    |icmp_ln1494_79_fu_2780_p2   |   icmp   |      0|  0|  13|          16|           1|
    |icmp_ln1494_7_fu_1196_p2    |   icmp   |      0|  0|  13|          16|           1|
    |icmp_ln1494_80_fu_2802_p2   |   icmp   |      0|  0|  13|          16|           1|
    |icmp_ln1494_81_fu_2824_p2   |   icmp   |      0|  0|  13|          16|           1|
    |icmp_ln1494_82_fu_2846_p2   |   icmp   |      0|  0|  13|          16|           1|
    |icmp_ln1494_83_fu_2868_p2   |   icmp   |      0|  0|  13|          16|           1|
    |icmp_ln1494_84_fu_2890_p2   |   icmp   |      0|  0|  13|          16|           1|
    |icmp_ln1494_85_fu_2912_p2   |   icmp   |      0|  0|  13|          16|           1|
    |icmp_ln1494_86_fu_2934_p2   |   icmp   |      0|  0|  13|          16|           1|
    |icmp_ln1494_87_fu_2956_p2   |   icmp   |      0|  0|  13|          16|           1|
    |icmp_ln1494_88_fu_2978_p2   |   icmp   |      0|  0|  13|          16|           1|
    |icmp_ln1494_89_fu_3000_p2   |   icmp   |      0|  0|  13|          16|           1|
    |icmp_ln1494_8_fu_1218_p2    |   icmp   |      0|  0|  13|          16|           1|
    |icmp_ln1494_90_fu_3022_p2   |   icmp   |      0|  0|  13|          16|           1|
    |icmp_ln1494_91_fu_3044_p2   |   icmp   |      0|  0|  13|          16|           1|
    |icmp_ln1494_92_fu_3066_p2   |   icmp   |      0|  0|  13|          16|           1|
    |icmp_ln1494_93_fu_3088_p2   |   icmp   |      0|  0|  13|          16|           1|
    |icmp_ln1494_94_fu_3110_p2   |   icmp   |      0|  0|  13|          16|           1|
    |icmp_ln1494_95_fu_3132_p2   |   icmp   |      0|  0|  13|          16|           1|
    |icmp_ln1494_96_fu_3154_p2   |   icmp   |      0|  0|  13|          16|           1|
    |icmp_ln1494_97_fu_3176_p2   |   icmp   |      0|  0|  13|          16|           1|
    |icmp_ln1494_98_fu_3198_p2   |   icmp   |      0|  0|  13|          16|           1|
    |icmp_ln1494_99_fu_3220_p2   |   icmp   |      0|  0|  13|          16|           1|
    |icmp_ln1494_9_fu_1240_p2    |   icmp   |      0|  0|  13|          16|           1|
    |icmp_ln1494_fu_1042_p2      |   icmp   |      0|  0|  13|          16|           1|
    |select_ln45_100_fu_3252_p3  |  select  |      0|  0|  15|           1|          15|
    |select_ln45_101_fu_3274_p3  |  select  |      0|  0|  15|           1|          15|
    |select_ln45_102_fu_3296_p3  |  select  |      0|  0|  15|           1|          15|
    |select_ln45_103_fu_3318_p3  |  select  |      0|  0|  15|           1|          15|
    |select_ln45_104_fu_3340_p3  |  select  |      0|  0|  15|           1|          15|
    |select_ln45_105_fu_3362_p3  |  select  |      0|  0|  15|           1|          15|
    |select_ln45_106_fu_3384_p3  |  select  |      0|  0|  15|           1|          15|
    |select_ln45_107_fu_3406_p3  |  select  |      0|  0|  15|           1|          15|
    |select_ln45_108_fu_3428_p3  |  select  |      0|  0|  15|           1|          15|
    |select_ln45_109_fu_3450_p3  |  select  |      0|  0|  15|           1|          15|
    |select_ln45_10_fu_1272_p3   |  select  |      0|  0|  15|           1|          15|
    |select_ln45_110_fu_3472_p3  |  select  |      0|  0|  15|           1|          15|
    |select_ln45_111_fu_3494_p3  |  select  |      0|  0|  15|           1|          15|
    |select_ln45_112_fu_3516_p3  |  select  |      0|  0|  15|           1|          15|
    |select_ln45_113_fu_3538_p3  |  select  |      0|  0|  15|           1|          15|
    |select_ln45_114_fu_3560_p3  |  select  |      0|  0|  15|           1|          15|
    |select_ln45_115_fu_3582_p3  |  select  |      0|  0|  15|           1|          15|
    |select_ln45_116_fu_3604_p3  |  select  |      0|  0|  15|           1|          15|
    |select_ln45_117_fu_3626_p3  |  select  |      0|  0|  15|           1|          15|
    |select_ln45_118_fu_3648_p3  |  select  |      0|  0|  15|           1|          15|
    |select_ln45_119_fu_3670_p3  |  select  |      0|  0|  15|           1|          15|
    |select_ln45_11_fu_1294_p3   |  select  |      0|  0|  15|           1|          15|
    |select_ln45_120_fu_3692_p3  |  select  |      0|  0|  15|           1|          15|
    |select_ln45_121_fu_3714_p3  |  select  |      0|  0|  15|           1|          15|
    |select_ln45_122_fu_3736_p3  |  select  |      0|  0|  15|           1|          15|
    |select_ln45_123_fu_3758_p3  |  select  |      0|  0|  15|           1|          15|
    |select_ln45_124_fu_3780_p3  |  select  |      0|  0|  15|           1|          15|
    |select_ln45_125_fu_3802_p3  |  select  |      0|  0|  15|           1|          15|
    |select_ln45_126_fu_3824_p3  |  select  |      0|  0|  15|           1|          15|
    |select_ln45_127_fu_3846_p3  |  select  |      0|  0|  15|           1|          15|
    |select_ln45_12_fu_1316_p3   |  select  |      0|  0|  15|           1|          15|
    |select_ln45_13_fu_1338_p3   |  select  |      0|  0|  15|           1|          15|
    |select_ln45_14_fu_1360_p3   |  select  |      0|  0|  15|           1|          15|
    |select_ln45_15_fu_1382_p3   |  select  |      0|  0|  15|           1|          15|
    |select_ln45_16_fu_1404_p3   |  select  |      0|  0|  15|           1|          15|
    |select_ln45_17_fu_1426_p3   |  select  |      0|  0|  15|           1|          15|
    |select_ln45_18_fu_1448_p3   |  select  |      0|  0|  15|           1|          15|
    |select_ln45_19_fu_1470_p3   |  select  |      0|  0|  15|           1|          15|
    |select_ln45_1_fu_1074_p3    |  select  |      0|  0|  15|           1|          15|
    |select_ln45_20_fu_1492_p3   |  select  |      0|  0|  15|           1|          15|
    |select_ln45_21_fu_1514_p3   |  select  |      0|  0|  15|           1|          15|
    |select_ln45_22_fu_1536_p3   |  select  |      0|  0|  15|           1|          15|
    |select_ln45_23_fu_1558_p3   |  select  |      0|  0|  15|           1|          15|
    |select_ln45_24_fu_1580_p3   |  select  |      0|  0|  15|           1|          15|
    |select_ln45_25_fu_1602_p3   |  select  |      0|  0|  15|           1|          15|
    |select_ln45_26_fu_1624_p3   |  select  |      0|  0|  15|           1|          15|
    |select_ln45_27_fu_1646_p3   |  select  |      0|  0|  15|           1|          15|
    |select_ln45_28_fu_1668_p3   |  select  |      0|  0|  15|           1|          15|
    |select_ln45_29_fu_1690_p3   |  select  |      0|  0|  15|           1|          15|
    |select_ln45_2_fu_1096_p3    |  select  |      0|  0|  15|           1|          15|
    |select_ln45_30_fu_1712_p3   |  select  |      0|  0|  15|           1|          15|
    |select_ln45_31_fu_1734_p3   |  select  |      0|  0|  15|           1|          15|
    |select_ln45_32_fu_1756_p3   |  select  |      0|  0|  15|           1|          15|
    |select_ln45_33_fu_1778_p3   |  select  |      0|  0|  15|           1|          15|
    |select_ln45_34_fu_1800_p3   |  select  |      0|  0|  15|           1|          15|
    |select_ln45_35_fu_1822_p3   |  select  |      0|  0|  15|           1|          15|
    |select_ln45_36_fu_1844_p3   |  select  |      0|  0|  15|           1|          15|
    |select_ln45_37_fu_1866_p3   |  select  |      0|  0|  15|           1|          15|
    |select_ln45_38_fu_1888_p3   |  select  |      0|  0|  15|           1|          15|
    |select_ln45_39_fu_1910_p3   |  select  |      0|  0|  15|           1|          15|
    |select_ln45_3_fu_1118_p3    |  select  |      0|  0|  15|           1|          15|
    |select_ln45_40_fu_1932_p3   |  select  |      0|  0|  15|           1|          15|
    |select_ln45_41_fu_1954_p3   |  select  |      0|  0|  15|           1|          15|
    |select_ln45_42_fu_1976_p3   |  select  |      0|  0|  15|           1|          15|
    |select_ln45_43_fu_1998_p3   |  select  |      0|  0|  15|           1|          15|
    |select_ln45_44_fu_2020_p3   |  select  |      0|  0|  15|           1|          15|
    |select_ln45_45_fu_2042_p3   |  select  |      0|  0|  15|           1|          15|
    |select_ln45_46_fu_2064_p3   |  select  |      0|  0|  15|           1|          15|
    |select_ln45_47_fu_2086_p3   |  select  |      0|  0|  15|           1|          15|
    |select_ln45_48_fu_2108_p3   |  select  |      0|  0|  15|           1|          15|
    |select_ln45_49_fu_2130_p3   |  select  |      0|  0|  15|           1|          15|
    |select_ln45_4_fu_1140_p3    |  select  |      0|  0|  15|           1|          15|
    |select_ln45_50_fu_2152_p3   |  select  |      0|  0|  15|           1|          15|
    |select_ln45_51_fu_2174_p3   |  select  |      0|  0|  15|           1|          15|
    |select_ln45_52_fu_2196_p3   |  select  |      0|  0|  15|           1|          15|
    |select_ln45_53_fu_2218_p3   |  select  |      0|  0|  15|           1|          15|
    |select_ln45_54_fu_2240_p3   |  select  |      0|  0|  15|           1|          15|
    |select_ln45_55_fu_2262_p3   |  select  |      0|  0|  15|           1|          15|
    |select_ln45_56_fu_2284_p3   |  select  |      0|  0|  15|           1|          15|
    |select_ln45_57_fu_2306_p3   |  select  |      0|  0|  15|           1|          15|
    |select_ln45_58_fu_2328_p3   |  select  |      0|  0|  15|           1|          15|
    |select_ln45_59_fu_2350_p3   |  select  |      0|  0|  15|           1|          15|
    |select_ln45_5_fu_1162_p3    |  select  |      0|  0|  15|           1|          15|
    |select_ln45_60_fu_2372_p3   |  select  |      0|  0|  15|           1|          15|
    |select_ln45_61_fu_2394_p3   |  select  |      0|  0|  15|           1|          15|
    |select_ln45_62_fu_2416_p3   |  select  |      0|  0|  15|           1|          15|
    |select_ln45_63_fu_2438_p3   |  select  |      0|  0|  15|           1|          15|
    |select_ln45_64_fu_2460_p3   |  select  |      0|  0|  15|           1|          15|
    |select_ln45_65_fu_2482_p3   |  select  |      0|  0|  15|           1|          15|
    |select_ln45_66_fu_2504_p3   |  select  |      0|  0|  15|           1|          15|
    |select_ln45_67_fu_2526_p3   |  select  |      0|  0|  15|           1|          15|
    |select_ln45_68_fu_2548_p3   |  select  |      0|  0|  15|           1|          15|
    |select_ln45_69_fu_2570_p3   |  select  |      0|  0|  15|           1|          15|
    |select_ln45_6_fu_1184_p3    |  select  |      0|  0|  15|           1|          15|
    |select_ln45_70_fu_2592_p3   |  select  |      0|  0|  15|           1|          15|
    |select_ln45_71_fu_2614_p3   |  select  |      0|  0|  15|           1|          15|
    |select_ln45_72_fu_2636_p3   |  select  |      0|  0|  15|           1|          15|
    |select_ln45_73_fu_2658_p3   |  select  |      0|  0|  15|           1|          15|
    |select_ln45_74_fu_2680_p3   |  select  |      0|  0|  15|           1|          15|
    |select_ln45_75_fu_2702_p3   |  select  |      0|  0|  15|           1|          15|
    |select_ln45_76_fu_2724_p3   |  select  |      0|  0|  15|           1|          15|
    |select_ln45_77_fu_2746_p3   |  select  |      0|  0|  15|           1|          15|
    |select_ln45_78_fu_2768_p3   |  select  |      0|  0|  15|           1|          15|
    |select_ln45_79_fu_2790_p3   |  select  |      0|  0|  15|           1|          15|
    |select_ln45_7_fu_1206_p3    |  select  |      0|  0|  15|           1|          15|
    |select_ln45_80_fu_2812_p3   |  select  |      0|  0|  15|           1|          15|
    |select_ln45_81_fu_2834_p3   |  select  |      0|  0|  15|           1|          15|
    |select_ln45_82_fu_2856_p3   |  select  |      0|  0|  15|           1|          15|
    |select_ln45_83_fu_2878_p3   |  select  |      0|  0|  15|           1|          15|
    |select_ln45_84_fu_2900_p3   |  select  |      0|  0|  15|           1|          15|
    |select_ln45_85_fu_2922_p3   |  select  |      0|  0|  15|           1|          15|
    |select_ln45_86_fu_2944_p3   |  select  |      0|  0|  15|           1|          15|
    |select_ln45_87_fu_2966_p3   |  select  |      0|  0|  15|           1|          15|
    |select_ln45_88_fu_2988_p3   |  select  |      0|  0|  15|           1|          15|
    |select_ln45_89_fu_3010_p3   |  select  |      0|  0|  15|           1|          15|
    |select_ln45_8_fu_1228_p3    |  select  |      0|  0|  15|           1|          15|
    |select_ln45_90_fu_3032_p3   |  select  |      0|  0|  15|           1|          15|
    |select_ln45_91_fu_3054_p3   |  select  |      0|  0|  15|           1|          15|
    |select_ln45_92_fu_3076_p3   |  select  |      0|  0|  15|           1|          15|
    |select_ln45_93_fu_3098_p3   |  select  |      0|  0|  15|           1|          15|
    |select_ln45_94_fu_3120_p3   |  select  |      0|  0|  15|           1|          15|
    |select_ln45_95_fu_3142_p3   |  select  |      0|  0|  15|           1|          15|
    |select_ln45_96_fu_3164_p3   |  select  |      0|  0|  15|           1|          15|
    |select_ln45_97_fu_3186_p3   |  select  |      0|  0|  15|           1|          15|
    |select_ln45_98_fu_3208_p3   |  select  |      0|  0|  15|           1|          15|
    |select_ln45_99_fu_3230_p3   |  select  |      0|  0|  15|           1|          15|
    |select_ln45_9_fu_1250_p3    |  select  |      0|  0|  15|           1|          15|
    |select_ln45_fu_1052_p3      |  select  |      0|  0|  15|           1|          15|
    +----------------------------+----------+-------+---+----+------------+------------+
    |Total                       |          |      0|  0|3584|        2176|        2048|
    +----------------------------+----------+-------+---+----+------------+------------+

    * Multiplexer: 
    N/A

    * Register: 
    N/A



================================================================
== Interface
================================================================
* Summary: 
+-----------------+-----+-----+------------+------------------------------------------------------------------------+--------------+
|    RTL Ports    | Dir | Bits|  Protocol  |                              Source Object                             |    C Type    |
+-----------------+-----+-----+------------+------------------------------------------------------------------------+--------------+
|ap_ready         | out |    1| ap_ctrl_hs | relu<ap_fixed<16, 6, 5, 3, 0>, ap_fixed<16, 6, 5, 3, 0>, relu_config3> | return value |
|ap_return_0      | out |   16| ap_ctrl_hs | relu<ap_fixed<16, 6, 5, 3, 0>, ap_fixed<16, 6, 5, 3, 0>, relu_config3> | return value |
|ap_return_1      | out |   16| ap_ctrl_hs | relu<ap_fixed<16, 6, 5, 3, 0>, ap_fixed<16, 6, 5, 3, 0>, relu_config3> | return value |
|ap_return_2      | out |   16| ap_ctrl_hs | relu<ap_fixed<16, 6, 5, 3, 0>, ap_fixed<16, 6, 5, 3, 0>, relu_config3> | return value |
|ap_return_3      | out |   16| ap_ctrl_hs | relu<ap_fixed<16, 6, 5, 3, 0>, ap_fixed<16, 6, 5, 3, 0>, relu_config3> | return value |
|ap_return_4      | out |   16| ap_ctrl_hs | relu<ap_fixed<16, 6, 5, 3, 0>, ap_fixed<16, 6, 5, 3, 0>, relu_config3> | return value |
|ap_return_5      | out |   16| ap_ctrl_hs | relu<ap_fixed<16, 6, 5, 3, 0>, ap_fixed<16, 6, 5, 3, 0>, relu_config3> | return value |
|ap_return_6      | out |   16| ap_ctrl_hs | relu<ap_fixed<16, 6, 5, 3, 0>, ap_fixed<16, 6, 5, 3, 0>, relu_config3> | return value |
|ap_return_7      | out |   16| ap_ctrl_hs | relu<ap_fixed<16, 6, 5, 3, 0>, ap_fixed<16, 6, 5, 3, 0>, relu_config3> | return value |
|ap_return_8      | out |   16| ap_ctrl_hs | relu<ap_fixed<16, 6, 5, 3, 0>, ap_fixed<16, 6, 5, 3, 0>, relu_config3> | return value |
|ap_return_9      | out |   16| ap_ctrl_hs | relu<ap_fixed<16, 6, 5, 3, 0>, ap_fixed<16, 6, 5, 3, 0>, relu_config3> | return value |
|ap_return_10     | out |   16| ap_ctrl_hs | relu<ap_fixed<16, 6, 5, 3, 0>, ap_fixed<16, 6, 5, 3, 0>, relu_config3> | return value |
|ap_return_11     | out |   16| ap_ctrl_hs | relu<ap_fixed<16, 6, 5, 3, 0>, ap_fixed<16, 6, 5, 3, 0>, relu_config3> | return value |
|ap_return_12     | out |   16| ap_ctrl_hs | relu<ap_fixed<16, 6, 5, 3, 0>, ap_fixed<16, 6, 5, 3, 0>, relu_config3> | return value |
|ap_return_13     | out |   16| ap_ctrl_hs | relu<ap_fixed<16, 6, 5, 3, 0>, ap_fixed<16, 6, 5, 3, 0>, relu_config3> | return value |
|ap_return_14     | out |   16| ap_ctrl_hs | relu<ap_fixed<16, 6, 5, 3, 0>, ap_fixed<16, 6, 5, 3, 0>, relu_config3> | return value |
|ap_return_15     | out |   16| ap_ctrl_hs | relu<ap_fixed<16, 6, 5, 3, 0>, ap_fixed<16, 6, 5, 3, 0>, relu_config3> | return value |
|ap_return_16     | out |   16| ap_ctrl_hs | relu<ap_fixed<16, 6, 5, 3, 0>, ap_fixed<16, 6, 5, 3, 0>, relu_config3> | return value |
|ap_return_17     | out |   16| ap_ctrl_hs | relu<ap_fixed<16, 6, 5, 3, 0>, ap_fixed<16, 6, 5, 3, 0>, relu_config3> | return value |
|ap_return_18     | out |   16| ap_ctrl_hs | relu<ap_fixed<16, 6, 5, 3, 0>, ap_fixed<16, 6, 5, 3, 0>, relu_config3> | return value |
|ap_return_19     | out |   16| ap_ctrl_hs | relu<ap_fixed<16, 6, 5, 3, 0>, ap_fixed<16, 6, 5, 3, 0>, relu_config3> | return value |
|ap_return_20     | out |   16| ap_ctrl_hs | relu<ap_fixed<16, 6, 5, 3, 0>, ap_fixed<16, 6, 5, 3, 0>, relu_config3> | return value |
|ap_return_21     | out |   16| ap_ctrl_hs | relu<ap_fixed<16, 6, 5, 3, 0>, ap_fixed<16, 6, 5, 3, 0>, relu_config3> | return value |
|ap_return_22     | out |   16| ap_ctrl_hs | relu<ap_fixed<16, 6, 5, 3, 0>, ap_fixed<16, 6, 5, 3, 0>, relu_config3> | return value |
|ap_return_23     | out |   16| ap_ctrl_hs | relu<ap_fixed<16, 6, 5, 3, 0>, ap_fixed<16, 6, 5, 3, 0>, relu_config3> | return value |
|ap_return_24     | out |   16| ap_ctrl_hs | relu<ap_fixed<16, 6, 5, 3, 0>, ap_fixed<16, 6, 5, 3, 0>, relu_config3> | return value |
|ap_return_25     | out |   16| ap_ctrl_hs | relu<ap_fixed<16, 6, 5, 3, 0>, ap_fixed<16, 6, 5, 3, 0>, relu_config3> | return value |
|ap_return_26     | out |   16| ap_ctrl_hs | relu<ap_fixed<16, 6, 5, 3, 0>, ap_fixed<16, 6, 5, 3, 0>, relu_config3> | return value |
|ap_return_27     | out |   16| ap_ctrl_hs | relu<ap_fixed<16, 6, 5, 3, 0>, ap_fixed<16, 6, 5, 3, 0>, relu_config3> | return value |
|ap_return_28     | out |   16| ap_ctrl_hs | relu<ap_fixed<16, 6, 5, 3, 0>, ap_fixed<16, 6, 5, 3, 0>, relu_config3> | return value |
|ap_return_29     | out |   16| ap_ctrl_hs | relu<ap_fixed<16, 6, 5, 3, 0>, ap_fixed<16, 6, 5, 3, 0>, relu_config3> | return value |
|ap_return_30     | out |   16| ap_ctrl_hs | relu<ap_fixed<16, 6, 5, 3, 0>, ap_fixed<16, 6, 5, 3, 0>, relu_config3> | return value |
|ap_return_31     | out |   16| ap_ctrl_hs | relu<ap_fixed<16, 6, 5, 3, 0>, ap_fixed<16, 6, 5, 3, 0>, relu_config3> | return value |
|ap_return_32     | out |   16| ap_ctrl_hs | relu<ap_fixed<16, 6, 5, 3, 0>, ap_fixed<16, 6, 5, 3, 0>, relu_config3> | return value |
|ap_return_33     | out |   16| ap_ctrl_hs | relu<ap_fixed<16, 6, 5, 3, 0>, ap_fixed<16, 6, 5, 3, 0>, relu_config3> | return value |
|ap_return_34     | out |   16| ap_ctrl_hs | relu<ap_fixed<16, 6, 5, 3, 0>, ap_fixed<16, 6, 5, 3, 0>, relu_config3> | return value |
|ap_return_35     | out |   16| ap_ctrl_hs | relu<ap_fixed<16, 6, 5, 3, 0>, ap_fixed<16, 6, 5, 3, 0>, relu_config3> | return value |
|ap_return_36     | out |   16| ap_ctrl_hs | relu<ap_fixed<16, 6, 5, 3, 0>, ap_fixed<16, 6, 5, 3, 0>, relu_config3> | return value |
|ap_return_37     | out |   16| ap_ctrl_hs | relu<ap_fixed<16, 6, 5, 3, 0>, ap_fixed<16, 6, 5, 3, 0>, relu_config3> | return value |
|ap_return_38     | out |   16| ap_ctrl_hs | relu<ap_fixed<16, 6, 5, 3, 0>, ap_fixed<16, 6, 5, 3, 0>, relu_config3> | return value |
|ap_return_39     | out |   16| ap_ctrl_hs | relu<ap_fixed<16, 6, 5, 3, 0>, ap_fixed<16, 6, 5, 3, 0>, relu_config3> | return value |
|ap_return_40     | out |   16| ap_ctrl_hs | relu<ap_fixed<16, 6, 5, 3, 0>, ap_fixed<16, 6, 5, 3, 0>, relu_config3> | return value |
|ap_return_41     | out |   16| ap_ctrl_hs | relu<ap_fixed<16, 6, 5, 3, 0>, ap_fixed<16, 6, 5, 3, 0>, relu_config3> | return value |
|ap_return_42     | out |   16| ap_ctrl_hs | relu<ap_fixed<16, 6, 5, 3, 0>, ap_fixed<16, 6, 5, 3, 0>, relu_config3> | return value |
|ap_return_43     | out |   16| ap_ctrl_hs | relu<ap_fixed<16, 6, 5, 3, 0>, ap_fixed<16, 6, 5, 3, 0>, relu_config3> | return value |
|ap_return_44     | out |   16| ap_ctrl_hs | relu<ap_fixed<16, 6, 5, 3, 0>, ap_fixed<16, 6, 5, 3, 0>, relu_config3> | return value |
|ap_return_45     | out |   16| ap_ctrl_hs | relu<ap_fixed<16, 6, 5, 3, 0>, ap_fixed<16, 6, 5, 3, 0>, relu_config3> | return value |
|ap_return_46     | out |   16| ap_ctrl_hs | relu<ap_fixed<16, 6, 5, 3, 0>, ap_fixed<16, 6, 5, 3, 0>, relu_config3> | return value |
|ap_return_47     | out |   16| ap_ctrl_hs | relu<ap_fixed<16, 6, 5, 3, 0>, ap_fixed<16, 6, 5, 3, 0>, relu_config3> | return value |
|ap_return_48     | out |   16| ap_ctrl_hs | relu<ap_fixed<16, 6, 5, 3, 0>, ap_fixed<16, 6, 5, 3, 0>, relu_config3> | return value |
|ap_return_49     | out |   16| ap_ctrl_hs | relu<ap_fixed<16, 6, 5, 3, 0>, ap_fixed<16, 6, 5, 3, 0>, relu_config3> | return value |
|ap_return_50     | out |   16| ap_ctrl_hs | relu<ap_fixed<16, 6, 5, 3, 0>, ap_fixed<16, 6, 5, 3, 0>, relu_config3> | return value |
|ap_return_51     | out |   16| ap_ctrl_hs | relu<ap_fixed<16, 6, 5, 3, 0>, ap_fixed<16, 6, 5, 3, 0>, relu_config3> | return value |
|ap_return_52     | out |   16| ap_ctrl_hs | relu<ap_fixed<16, 6, 5, 3, 0>, ap_fixed<16, 6, 5, 3, 0>, relu_config3> | return value |
|ap_return_53     | out |   16| ap_ctrl_hs | relu<ap_fixed<16, 6, 5, 3, 0>, ap_fixed<16, 6, 5, 3, 0>, relu_config3> | return value |
|ap_return_54     | out |   16| ap_ctrl_hs | relu<ap_fixed<16, 6, 5, 3, 0>, ap_fixed<16, 6, 5, 3, 0>, relu_config3> | return value |
|ap_return_55     | out |   16| ap_ctrl_hs | relu<ap_fixed<16, 6, 5, 3, 0>, ap_fixed<16, 6, 5, 3, 0>, relu_config3> | return value |
|ap_return_56     | out |   16| ap_ctrl_hs | relu<ap_fixed<16, 6, 5, 3, 0>, ap_fixed<16, 6, 5, 3, 0>, relu_config3> | return value |
|ap_return_57     | out |   16| ap_ctrl_hs | relu<ap_fixed<16, 6, 5, 3, 0>, ap_fixed<16, 6, 5, 3, 0>, relu_config3> | return value |
|ap_return_58     | out |   16| ap_ctrl_hs | relu<ap_fixed<16, 6, 5, 3, 0>, ap_fixed<16, 6, 5, 3, 0>, relu_config3> | return value |
|ap_return_59     | out |   16| ap_ctrl_hs | relu<ap_fixed<16, 6, 5, 3, 0>, ap_fixed<16, 6, 5, 3, 0>, relu_config3> | return value |
|ap_return_60     | out |   16| ap_ctrl_hs | relu<ap_fixed<16, 6, 5, 3, 0>, ap_fixed<16, 6, 5, 3, 0>, relu_config3> | return value |
|ap_return_61     | out |   16| ap_ctrl_hs | relu<ap_fixed<16, 6, 5, 3, 0>, ap_fixed<16, 6, 5, 3, 0>, relu_config3> | return value |
|ap_return_62     | out |   16| ap_ctrl_hs | relu<ap_fixed<16, 6, 5, 3, 0>, ap_fixed<16, 6, 5, 3, 0>, relu_config3> | return value |
|ap_return_63     | out |   16| ap_ctrl_hs | relu<ap_fixed<16, 6, 5, 3, 0>, ap_fixed<16, 6, 5, 3, 0>, relu_config3> | return value |
|ap_return_64     | out |   16| ap_ctrl_hs | relu<ap_fixed<16, 6, 5, 3, 0>, ap_fixed<16, 6, 5, 3, 0>, relu_config3> | return value |
|ap_return_65     | out |   16| ap_ctrl_hs | relu<ap_fixed<16, 6, 5, 3, 0>, ap_fixed<16, 6, 5, 3, 0>, relu_config3> | return value |
|ap_return_66     | out |   16| ap_ctrl_hs | relu<ap_fixed<16, 6, 5, 3, 0>, ap_fixed<16, 6, 5, 3, 0>, relu_config3> | return value |
|ap_return_67     | out |   16| ap_ctrl_hs | relu<ap_fixed<16, 6, 5, 3, 0>, ap_fixed<16, 6, 5, 3, 0>, relu_config3> | return value |
|ap_return_68     | out |   16| ap_ctrl_hs | relu<ap_fixed<16, 6, 5, 3, 0>, ap_fixed<16, 6, 5, 3, 0>, relu_config3> | return value |
|ap_return_69     | out |   16| ap_ctrl_hs | relu<ap_fixed<16, 6, 5, 3, 0>, ap_fixed<16, 6, 5, 3, 0>, relu_config3> | return value |
|ap_return_70     | out |   16| ap_ctrl_hs | relu<ap_fixed<16, 6, 5, 3, 0>, ap_fixed<16, 6, 5, 3, 0>, relu_config3> | return value |
|ap_return_71     | out |   16| ap_ctrl_hs | relu<ap_fixed<16, 6, 5, 3, 0>, ap_fixed<16, 6, 5, 3, 0>, relu_config3> | return value |
|ap_return_72     | out |   16| ap_ctrl_hs | relu<ap_fixed<16, 6, 5, 3, 0>, ap_fixed<16, 6, 5, 3, 0>, relu_config3> | return value |
|ap_return_73     | out |   16| ap_ctrl_hs | relu<ap_fixed<16, 6, 5, 3, 0>, ap_fixed<16, 6, 5, 3, 0>, relu_config3> | return value |
|ap_return_74     | out |   16| ap_ctrl_hs | relu<ap_fixed<16, 6, 5, 3, 0>, ap_fixed<16, 6, 5, 3, 0>, relu_config3> | return value |
|ap_return_75     | out |   16| ap_ctrl_hs | relu<ap_fixed<16, 6, 5, 3, 0>, ap_fixed<16, 6, 5, 3, 0>, relu_config3> | return value |
|ap_return_76     | out |   16| ap_ctrl_hs | relu<ap_fixed<16, 6, 5, 3, 0>, ap_fixed<16, 6, 5, 3, 0>, relu_config3> | return value |
|ap_return_77     | out |   16| ap_ctrl_hs | relu<ap_fixed<16, 6, 5, 3, 0>, ap_fixed<16, 6, 5, 3, 0>, relu_config3> | return value |
|ap_return_78     | out |   16| ap_ctrl_hs | relu<ap_fixed<16, 6, 5, 3, 0>, ap_fixed<16, 6, 5, 3, 0>, relu_config3> | return value |
|ap_return_79     | out |   16| ap_ctrl_hs | relu<ap_fixed<16, 6, 5, 3, 0>, ap_fixed<16, 6, 5, 3, 0>, relu_config3> | return value |
|ap_return_80     | out |   16| ap_ctrl_hs | relu<ap_fixed<16, 6, 5, 3, 0>, ap_fixed<16, 6, 5, 3, 0>, relu_config3> | return value |
|ap_return_81     | out |   16| ap_ctrl_hs | relu<ap_fixed<16, 6, 5, 3, 0>, ap_fixed<16, 6, 5, 3, 0>, relu_config3> | return value |
|ap_return_82     | out |   16| ap_ctrl_hs | relu<ap_fixed<16, 6, 5, 3, 0>, ap_fixed<16, 6, 5, 3, 0>, relu_config3> | return value |
|ap_return_83     | out |   16| ap_ctrl_hs | relu<ap_fixed<16, 6, 5, 3, 0>, ap_fixed<16, 6, 5, 3, 0>, relu_config3> | return value |
|ap_return_84     | out |   16| ap_ctrl_hs | relu<ap_fixed<16, 6, 5, 3, 0>, ap_fixed<16, 6, 5, 3, 0>, relu_config3> | return value |
|ap_return_85     | out |   16| ap_ctrl_hs | relu<ap_fixed<16, 6, 5, 3, 0>, ap_fixed<16, 6, 5, 3, 0>, relu_config3> | return value |
|ap_return_86     | out |   16| ap_ctrl_hs | relu<ap_fixed<16, 6, 5, 3, 0>, ap_fixed<16, 6, 5, 3, 0>, relu_config3> | return value |
|ap_return_87     | out |   16| ap_ctrl_hs | relu<ap_fixed<16, 6, 5, 3, 0>, ap_fixed<16, 6, 5, 3, 0>, relu_config3> | return value |
|ap_return_88     | out |   16| ap_ctrl_hs | relu<ap_fixed<16, 6, 5, 3, 0>, ap_fixed<16, 6, 5, 3, 0>, relu_config3> | return value |
|ap_return_89     | out |   16| ap_ctrl_hs | relu<ap_fixed<16, 6, 5, 3, 0>, ap_fixed<16, 6, 5, 3, 0>, relu_config3> | return value |
|ap_return_90     | out |   16| ap_ctrl_hs | relu<ap_fixed<16, 6, 5, 3, 0>, ap_fixed<16, 6, 5, 3, 0>, relu_config3> | return value |
|ap_return_91     | out |   16| ap_ctrl_hs | relu<ap_fixed<16, 6, 5, 3, 0>, ap_fixed<16, 6, 5, 3, 0>, relu_config3> | return value |
|ap_return_92     | out |   16| ap_ctrl_hs | relu<ap_fixed<16, 6, 5, 3, 0>, ap_fixed<16, 6, 5, 3, 0>, relu_config3> | return value |
|ap_return_93     | out |   16| ap_ctrl_hs | relu<ap_fixed<16, 6, 5, 3, 0>, ap_fixed<16, 6, 5, 3, 0>, relu_config3> | return value |
|ap_return_94     | out |   16| ap_ctrl_hs | relu<ap_fixed<16, 6, 5, 3, 0>, ap_fixed<16, 6, 5, 3, 0>, relu_config3> | return value |
|ap_return_95     | out |   16| ap_ctrl_hs | relu<ap_fixed<16, 6, 5, 3, 0>, ap_fixed<16, 6, 5, 3, 0>, relu_config3> | return value |
|ap_return_96     | out |   16| ap_ctrl_hs | relu<ap_fixed<16, 6, 5, 3, 0>, ap_fixed<16, 6, 5, 3, 0>, relu_config3> | return value |
|ap_return_97     | out |   16| ap_ctrl_hs | relu<ap_fixed<16, 6, 5, 3, 0>, ap_fixed<16, 6, 5, 3, 0>, relu_config3> | return value |
|ap_return_98     | out |   16| ap_ctrl_hs | relu<ap_fixed<16, 6, 5, 3, 0>, ap_fixed<16, 6, 5, 3, 0>, relu_config3> | return value |
|ap_return_99     | out |   16| ap_ctrl_hs | relu<ap_fixed<16, 6, 5, 3, 0>, ap_fixed<16, 6, 5, 3, 0>, relu_config3> | return value |
|ap_return_100    | out |   16| ap_ctrl_hs | relu<ap_fixed<16, 6, 5, 3, 0>, ap_fixed<16, 6, 5, 3, 0>, relu_config3> | return value |
|ap_return_101    | out |   16| ap_ctrl_hs | relu<ap_fixed<16, 6, 5, 3, 0>, ap_fixed<16, 6, 5, 3, 0>, relu_config3> | return value |
|ap_return_102    | out |   16| ap_ctrl_hs | relu<ap_fixed<16, 6, 5, 3, 0>, ap_fixed<16, 6, 5, 3, 0>, relu_config3> | return value |
|ap_return_103    | out |   16| ap_ctrl_hs | relu<ap_fixed<16, 6, 5, 3, 0>, ap_fixed<16, 6, 5, 3, 0>, relu_config3> | return value |
|ap_return_104    | out |   16| ap_ctrl_hs | relu<ap_fixed<16, 6, 5, 3, 0>, ap_fixed<16, 6, 5, 3, 0>, relu_config3> | return value |
|ap_return_105    | out |   16| ap_ctrl_hs | relu<ap_fixed<16, 6, 5, 3, 0>, ap_fixed<16, 6, 5, 3, 0>, relu_config3> | return value |
|ap_return_106    | out |   16| ap_ctrl_hs | relu<ap_fixed<16, 6, 5, 3, 0>, ap_fixed<16, 6, 5, 3, 0>, relu_config3> | return value |
|ap_return_107    | out |   16| ap_ctrl_hs | relu<ap_fixed<16, 6, 5, 3, 0>, ap_fixed<16, 6, 5, 3, 0>, relu_config3> | return value |
|ap_return_108    | out |   16| ap_ctrl_hs | relu<ap_fixed<16, 6, 5, 3, 0>, ap_fixed<16, 6, 5, 3, 0>, relu_config3> | return value |
|ap_return_109    | out |   16| ap_ctrl_hs | relu<ap_fixed<16, 6, 5, 3, 0>, ap_fixed<16, 6, 5, 3, 0>, relu_config3> | return value |
|ap_return_110    | out |   16| ap_ctrl_hs | relu<ap_fixed<16, 6, 5, 3, 0>, ap_fixed<16, 6, 5, 3, 0>, relu_config3> | return value |
|ap_return_111    | out |   16| ap_ctrl_hs | relu<ap_fixed<16, 6, 5, 3, 0>, ap_fixed<16, 6, 5, 3, 0>, relu_config3> | return value |
|ap_return_112    | out |   16| ap_ctrl_hs | relu<ap_fixed<16, 6, 5, 3, 0>, ap_fixed<16, 6, 5, 3, 0>, relu_config3> | return value |
|ap_return_113    | out |   16| ap_ctrl_hs | relu<ap_fixed<16, 6, 5, 3, 0>, ap_fixed<16, 6, 5, 3, 0>, relu_config3> | return value |
|ap_return_114    | out |   16| ap_ctrl_hs | relu<ap_fixed<16, 6, 5, 3, 0>, ap_fixed<16, 6, 5, 3, 0>, relu_config3> | return value |
|ap_return_115    | out |   16| ap_ctrl_hs | relu<ap_fixed<16, 6, 5, 3, 0>, ap_fixed<16, 6, 5, 3, 0>, relu_config3> | return value |
|ap_return_116    | out |   16| ap_ctrl_hs | relu<ap_fixed<16, 6, 5, 3, 0>, ap_fixed<16, 6, 5, 3, 0>, relu_config3> | return value |
|ap_return_117    | out |   16| ap_ctrl_hs | relu<ap_fixed<16, 6, 5, 3, 0>, ap_fixed<16, 6, 5, 3, 0>, relu_config3> | return value |
|ap_return_118    | out |   16| ap_ctrl_hs | relu<ap_fixed<16, 6, 5, 3, 0>, ap_fixed<16, 6, 5, 3, 0>, relu_config3> | return value |
|ap_return_119    | out |   16| ap_ctrl_hs | relu<ap_fixed<16, 6, 5, 3, 0>, ap_fixed<16, 6, 5, 3, 0>, relu_config3> | return value |
|ap_return_120    | out |   16| ap_ctrl_hs | relu<ap_fixed<16, 6, 5, 3, 0>, ap_fixed<16, 6, 5, 3, 0>, relu_config3> | return value |
|ap_return_121    | out |   16| ap_ctrl_hs | relu<ap_fixed<16, 6, 5, 3, 0>, ap_fixed<16, 6, 5, 3, 0>, relu_config3> | return value |
|ap_return_122    | out |   16| ap_ctrl_hs | relu<ap_fixed<16, 6, 5, 3, 0>, ap_fixed<16, 6, 5, 3, 0>, relu_config3> | return value |
|ap_return_123    | out |   16| ap_ctrl_hs | relu<ap_fixed<16, 6, 5, 3, 0>, ap_fixed<16, 6, 5, 3, 0>, relu_config3> | return value |
|ap_return_124    | out |   16| ap_ctrl_hs | relu<ap_fixed<16, 6, 5, 3, 0>, ap_fixed<16, 6, 5, 3, 0>, relu_config3> | return value |
|ap_return_125    | out |   16| ap_ctrl_hs | relu<ap_fixed<16, 6, 5, 3, 0>, ap_fixed<16, 6, 5, 3, 0>, relu_config3> | return value |
|ap_return_126    | out |   16| ap_ctrl_hs | relu<ap_fixed<16, 6, 5, 3, 0>, ap_fixed<16, 6, 5, 3, 0>, relu_config3> | return value |
|ap_return_127    | out |   16| ap_ctrl_hs | relu<ap_fixed<16, 6, 5, 3, 0>, ap_fixed<16, 6, 5, 3, 0>, relu_config3> | return value |
|data_0_V_read    |  in |   16|   ap_none  |                              data_0_V_read                             |    scalar    |
|data_1_V_read    |  in |   16|   ap_none  |                              data_1_V_read                             |    scalar    |
|data_2_V_read    |  in |   16|   ap_none  |                              data_2_V_read                             |    scalar    |
|data_3_V_read    |  in |   16|   ap_none  |                              data_3_V_read                             |    scalar    |
|data_4_V_read    |  in |   16|   ap_none  |                              data_4_V_read                             |    scalar    |
|data_5_V_read    |  in |   16|   ap_none  |                              data_5_V_read                             |    scalar    |
|data_6_V_read    |  in |   16|   ap_none  |                              data_6_V_read                             |    scalar    |
|data_7_V_read    |  in |   16|   ap_none  |                              data_7_V_read                             |    scalar    |
|data_8_V_read    |  in |   16|   ap_none  |                              data_8_V_read                             |    scalar    |
|data_9_V_read    |  in |   16|   ap_none  |                              data_9_V_read                             |    scalar    |
|data_10_V_read   |  in |   16|   ap_none  |                             data_10_V_read                             |    scalar    |
|data_11_V_read   |  in |   16|   ap_none  |                             data_11_V_read                             |    scalar    |
|data_12_V_read   |  in |   16|   ap_none  |                             data_12_V_read                             |    scalar    |
|data_13_V_read   |  in |   16|   ap_none  |                             data_13_V_read                             |    scalar    |
|data_14_V_read   |  in |   16|   ap_none  |                             data_14_V_read                             |    scalar    |
|data_15_V_read   |  in |   16|   ap_none  |                             data_15_V_read                             |    scalar    |
|data_16_V_read   |  in |   16|   ap_none  |                             data_16_V_read                             |    scalar    |
|data_17_V_read   |  in |   16|   ap_none  |                             data_17_V_read                             |    scalar    |
|data_18_V_read   |  in |   16|   ap_none  |                             data_18_V_read                             |    scalar    |
|data_19_V_read   |  in |   16|   ap_none  |                             data_19_V_read                             |    scalar    |
|data_20_V_read   |  in |   16|   ap_none  |                             data_20_V_read                             |    scalar    |
|data_21_V_read   |  in |   16|   ap_none  |                             data_21_V_read                             |    scalar    |
|data_22_V_read   |  in |   16|   ap_none  |                             data_22_V_read                             |    scalar    |
|data_23_V_read   |  in |   16|   ap_none  |                             data_23_V_read                             |    scalar    |
|data_24_V_read   |  in |   16|   ap_none  |                             data_24_V_read                             |    scalar    |
|data_25_V_read   |  in |   16|   ap_none  |                             data_25_V_read                             |    scalar    |
|data_26_V_read   |  in |   16|   ap_none  |                             data_26_V_read                             |    scalar    |
|data_27_V_read   |  in |   16|   ap_none  |                             data_27_V_read                             |    scalar    |
|data_28_V_read   |  in |   16|   ap_none  |                             data_28_V_read                             |    scalar    |
|data_29_V_read   |  in |   16|   ap_none  |                             data_29_V_read                             |    scalar    |
|data_30_V_read   |  in |   16|   ap_none  |                             data_30_V_read                             |    scalar    |
|data_31_V_read   |  in |   16|   ap_none  |                             data_31_V_read                             |    scalar    |
|data_32_V_read   |  in |   16|   ap_none  |                             data_32_V_read                             |    scalar    |
|data_33_V_read   |  in |   16|   ap_none  |                             data_33_V_read                             |    scalar    |
|data_34_V_read   |  in |   16|   ap_none  |                             data_34_V_read                             |    scalar    |
|data_35_V_read   |  in |   16|   ap_none  |                             data_35_V_read                             |    scalar    |
|data_36_V_read   |  in |   16|   ap_none  |                             data_36_V_read                             |    scalar    |
|data_37_V_read   |  in |   16|   ap_none  |                             data_37_V_read                             |    scalar    |
|data_38_V_read   |  in |   16|   ap_none  |                             data_38_V_read                             |    scalar    |
|data_39_V_read   |  in |   16|   ap_none  |                             data_39_V_read                             |    scalar    |
|data_40_V_read   |  in |   16|   ap_none  |                             data_40_V_read                             |    scalar    |
|data_41_V_read   |  in |   16|   ap_none  |                             data_41_V_read                             |    scalar    |
|data_42_V_read   |  in |   16|   ap_none  |                             data_42_V_read                             |    scalar    |
|data_43_V_read   |  in |   16|   ap_none  |                             data_43_V_read                             |    scalar    |
|data_44_V_read   |  in |   16|   ap_none  |                             data_44_V_read                             |    scalar    |
|data_45_V_read   |  in |   16|   ap_none  |                             data_45_V_read                             |    scalar    |
|data_46_V_read   |  in |   16|   ap_none  |                             data_46_V_read                             |    scalar    |
|data_47_V_read   |  in |   16|   ap_none  |                             data_47_V_read                             |    scalar    |
|data_48_V_read   |  in |   16|   ap_none  |                             data_48_V_read                             |    scalar    |
|data_49_V_read   |  in |   16|   ap_none  |                             data_49_V_read                             |    scalar    |
|data_50_V_read   |  in |   16|   ap_none  |                             data_50_V_read                             |    scalar    |
|data_51_V_read   |  in |   16|   ap_none  |                             data_51_V_read                             |    scalar    |
|data_52_V_read   |  in |   16|   ap_none  |                             data_52_V_read                             |    scalar    |
|data_53_V_read   |  in |   16|   ap_none  |                             data_53_V_read                             |    scalar    |
|data_54_V_read   |  in |   16|   ap_none  |                             data_54_V_read                             |    scalar    |
|data_55_V_read   |  in |   16|   ap_none  |                             data_55_V_read                             |    scalar    |
|data_56_V_read   |  in |   16|   ap_none  |                             data_56_V_read                             |    scalar    |
|data_57_V_read   |  in |   16|   ap_none  |                             data_57_V_read                             |    scalar    |
|data_58_V_read   |  in |   16|   ap_none  |                             data_58_V_read                             |    scalar    |
|data_59_V_read   |  in |   16|   ap_none  |                             data_59_V_read                             |    scalar    |
|data_60_V_read   |  in |   16|   ap_none  |                             data_60_V_read                             |    scalar    |
|data_61_V_read   |  in |   16|   ap_none  |                             data_61_V_read                             |    scalar    |
|data_62_V_read   |  in |   16|   ap_none  |                             data_62_V_read                             |    scalar    |
|data_63_V_read   |  in |   16|   ap_none  |                             data_63_V_read                             |    scalar    |
|data_64_V_read   |  in |   16|   ap_none  |                             data_64_V_read                             |    scalar    |
|data_65_V_read   |  in |   16|   ap_none  |                             data_65_V_read                             |    scalar    |
|data_66_V_read   |  in |   16|   ap_none  |                             data_66_V_read                             |    scalar    |
|data_67_V_read   |  in |   16|   ap_none  |                             data_67_V_read                             |    scalar    |
|data_68_V_read   |  in |   16|   ap_none  |                             data_68_V_read                             |    scalar    |
|data_69_V_read   |  in |   16|   ap_none  |                             data_69_V_read                             |    scalar    |
|data_70_V_read   |  in |   16|   ap_none  |                             data_70_V_read                             |    scalar    |
|data_71_V_read   |  in |   16|   ap_none  |                             data_71_V_read                             |    scalar    |
|data_72_V_read   |  in |   16|   ap_none  |                             data_72_V_read                             |    scalar    |
|data_73_V_read   |  in |   16|   ap_none  |                             data_73_V_read                             |    scalar    |
|data_74_V_read   |  in |   16|   ap_none  |                             data_74_V_read                             |    scalar    |
|data_75_V_read   |  in |   16|   ap_none  |                             data_75_V_read                             |    scalar    |
|data_76_V_read   |  in |   16|   ap_none  |                             data_76_V_read                             |    scalar    |
|data_77_V_read   |  in |   16|   ap_none  |                             data_77_V_read                             |    scalar    |
|data_78_V_read   |  in |   16|   ap_none  |                             data_78_V_read                             |    scalar    |
|data_79_V_read   |  in |   16|   ap_none  |                             data_79_V_read                             |    scalar    |
|data_80_V_read   |  in |   16|   ap_none  |                             data_80_V_read                             |    scalar    |
|data_81_V_read   |  in |   16|   ap_none  |                             data_81_V_read                             |    scalar    |
|data_82_V_read   |  in |   16|   ap_none  |                             data_82_V_read                             |    scalar    |
|data_83_V_read   |  in |   16|   ap_none  |                             data_83_V_read                             |    scalar    |
|data_84_V_read   |  in |   16|   ap_none  |                             data_84_V_read                             |    scalar    |
|data_85_V_read   |  in |   16|   ap_none  |                             data_85_V_read                             |    scalar    |
|data_86_V_read   |  in |   16|   ap_none  |                             data_86_V_read                             |    scalar    |
|data_87_V_read   |  in |   16|   ap_none  |                             data_87_V_read                             |    scalar    |
|data_88_V_read   |  in |   16|   ap_none  |                             data_88_V_read                             |    scalar    |
|data_89_V_read   |  in |   16|   ap_none  |                             data_89_V_read                             |    scalar    |
|data_90_V_read   |  in |   16|   ap_none  |                             data_90_V_read                             |    scalar    |
|data_91_V_read   |  in |   16|   ap_none  |                             data_91_V_read                             |    scalar    |
|data_92_V_read   |  in |   16|   ap_none  |                             data_92_V_read                             |    scalar    |
|data_93_V_read   |  in |   16|   ap_none  |                             data_93_V_read                             |    scalar    |
|data_94_V_read   |  in |   16|   ap_none  |                             data_94_V_read                             |    scalar    |
|data_95_V_read   |  in |   16|   ap_none  |                             data_95_V_read                             |    scalar    |
|data_96_V_read   |  in |   16|   ap_none  |                             data_96_V_read                             |    scalar    |
|data_97_V_read   |  in |   16|   ap_none  |                             data_97_V_read                             |    scalar    |
|data_98_V_read   |  in |   16|   ap_none  |                             data_98_V_read                             |    scalar    |
|data_99_V_read   |  in |   16|   ap_none  |                             data_99_V_read                             |    scalar    |
|data_100_V_read  |  in |   16|   ap_none  |                             data_100_V_read                            |    scalar    |
|data_101_V_read  |  in |   16|   ap_none  |                             data_101_V_read                            |    scalar    |
|data_102_V_read  |  in |   16|   ap_none  |                             data_102_V_read                            |    scalar    |
|data_103_V_read  |  in |   16|   ap_none  |                             data_103_V_read                            |    scalar    |
|data_104_V_read  |  in |   16|   ap_none  |                             data_104_V_read                            |    scalar    |
|data_105_V_read  |  in |   16|   ap_none  |                             data_105_V_read                            |    scalar    |
|data_106_V_read  |  in |   16|   ap_none  |                             data_106_V_read                            |    scalar    |
|data_107_V_read  |  in |   16|   ap_none  |                             data_107_V_read                            |    scalar    |
|data_108_V_read  |  in |   16|   ap_none  |                             data_108_V_read                            |    scalar    |
|data_109_V_read  |  in |   16|   ap_none  |                             data_109_V_read                            |    scalar    |
|data_110_V_read  |  in |   16|   ap_none  |                             data_110_V_read                            |    scalar    |
|data_111_V_read  |  in |   16|   ap_none  |                             data_111_V_read                            |    scalar    |
|data_112_V_read  |  in |   16|   ap_none  |                             data_112_V_read                            |    scalar    |
|data_113_V_read  |  in |   16|   ap_none  |                             data_113_V_read                            |    scalar    |
|data_114_V_read  |  in |   16|   ap_none  |                             data_114_V_read                            |    scalar    |
|data_115_V_read  |  in |   16|   ap_none  |                             data_115_V_read                            |    scalar    |
|data_116_V_read  |  in |   16|   ap_none  |                             data_116_V_read                            |    scalar    |
|data_117_V_read  |  in |   16|   ap_none  |                             data_117_V_read                            |    scalar    |
|data_118_V_read  |  in |   16|   ap_none  |                             data_118_V_read                            |    scalar    |
|data_119_V_read  |  in |   16|   ap_none  |                             data_119_V_read                            |    scalar    |
|data_120_V_read  |  in |   16|   ap_none  |                             data_120_V_read                            |    scalar    |
|data_121_V_read  |  in |   16|   ap_none  |                             data_121_V_read                            |    scalar    |
|data_122_V_read  |  in |   16|   ap_none  |                             data_122_V_read                            |    scalar    |
|data_123_V_read  |  in |   16|   ap_none  |                             data_123_V_read                            |    scalar    |
|data_124_V_read  |  in |   16|   ap_none  |                             data_124_V_read                            |    scalar    |
|data_125_V_read  |  in |   16|   ap_none  |                             data_125_V_read                            |    scalar    |
|data_126_V_read  |  in |   16|   ap_none  |                             data_126_V_read                            |    scalar    |
|data_127_V_read  |  in |   16|   ap_none  |                             data_127_V_read                            |    scalar    |
+-----------------+-----+-----+------------+------------------------------------------------------------------------+--------------+

