

================================================================
== Vivado HLS Report for 'myproject'
================================================================
* Date:           Fri Nov 17 19:31:09 2023

* Version:        2020.1 (Build 2897737 on Wed May 27 20:21:37 MDT 2020)
* Project:        myproject_prj
* Solution:       solution1
* Product family: virtexuplus
* Target device:  xcu50-fsvh2104-2-e


================================================================
== Performance Estimates
================================================================
+ Timing: 
    * Summary: 
    +--------+----------+----------+------------+
    |  Clock |  Target  | Estimated| Uncertainty|
    +--------+----------+----------+------------+
    |ap_clk  | 10.00 ns | 8.381 ns |   1.25 ns  |
    +--------+----------+----------+------------+

+ Latency: 
    * Summary: 
    +---------+---------+----------+----------+------+-------+----------+
    |  Latency (cycles) |  Latency (absolute) |   Interval   | Pipeline |
    |   min   |   max   |    min   |    max   |  min |  max  |   Type   |
    +---------+---------+----------+----------+------+-------+----------+
    |    33683|    33777| 0.337 ms | 0.338 ms |  4705|  33713| dataflow |
    +---------+---------+----------+----------+------+-------+----------+

    + Detail: 
        * Instance: 
        +------------------------------------------------------------------------+-----------------------------------------------------------------------+---------+---------+-----------+-----------+------+-------+---------+
        |                                                                        |                                                                       |  Latency (cycles) |   Latency (absolute)  |   Interval   | Pipeline|
        |                                Instance                                |                                 Module                                |   min   |   max   |    min    |    max    |  min |  max  |   Type  |
        +------------------------------------------------------------------------+-----------------------------------------------------------------------+---------+---------+-----------+-----------+------+-------+---------+
        |pooling2d_cl_array_ap_fixed_4u_array_ap_fixed_16_6_5_3_0_4u_config4_U0  |pooling2d_cl_array_ap_fixed_4u_array_ap_fixed_16_6_5_3_0_4u_config4_s  |      679|      679|  6.790 us |  6.790 us |   679|    679|   none  |
        |dense_array_ap_fixed_8u_array_ap_fixed_16_6_5_3_0_10u_config9_U0        |dense_array_ap_fixed_8u_array_ap_fixed_16_6_5_3_0_10u_config9_s        |       40|       41|  0.400 us |  0.410 us |    40|     41|   none  |
        |conv_2d_cl_array_ap_fixed_4u_array_ap_fixed_16_6_5_3_0_8u_config5_U0    |conv_2d_cl_array_ap_fixed_4u_array_ap_fixed_16_6_5_3_0_8u_config5_s    |     1224|     2556| 12.240 us | 25.560 us |  1224|   2556|   none  |
        |pooling2d_cl_array_ap_fixed_8u_array_ap_fixed_16_6_5_3_0_8u_config7_U0  |pooling2d_cl_array_ap_fixed_8u_array_ap_fixed_16_6_5_3_0_8u_config7_s  |       18|       18|  0.180 us |  0.180 us |    18|     18|   none  |
        |conv_2d_cl_array_ap_fixed_1u_array_ap_fixed_16_6_5_3_0_4u_config2_U0    |conv_2d_cl_array_ap_fixed_1u_array_ap_fixed_16_6_5_3_0_4u_config2_s    |     4704|    33712| 47.040 us |  0.337 ms |  4704|  33712|   none  |
        |relu_array_ap_fixed_8u_array_ap_fixed_16_6_5_3_0_8u_relu_config6_U0     |relu_array_ap_fixed_8u_array_ap_fixed_16_6_5_3_0_8u_relu_config6_s     |       18|       18|  0.180 us |  0.180 us |    18|     18|   none  |
        |relu_array_ap_fixed_4u_array_ap_fixed_16_6_5_3_0_4u_relu_config3_U0     |relu_array_ap_fixed_4u_array_ap_fixed_16_6_5_3_0_4u_relu_config3_s     |      678|      678|  6.780 us |  6.780 us |   678|    678|   none  |
        +------------------------------------------------------------------------+-----------------------------------------------------------------------+---------+---------+-----------+-----------+------+-------+---------+

        * Loop: 
        N/A



================================================================
== Utilization Estimates
================================================================
* Summary: 
+---------------------+---------+-------+---------+--------+-----+
|         Name        | BRAM_18K| DSP48E|    FF   |   LUT  | URAM|
+---------------------+---------+-------+---------+--------+-----+
|DSP                  |        -|      -|        -|       -|    -|
|Expression           |        -|      -|        0|       2|    -|
|FIFO                 |       12|      -|      652|    1412|    -|
|Instance             |        9|     19|     7599|   15696|    -|
|Memory               |        -|      -|        -|       -|    -|
|Multiplexer          |        -|      -|        -|       -|    -|
|Register             |        -|      -|        -|       -|    -|
+---------------------+---------+-------+---------+--------+-----+
|Total                |       21|     19|     8251|   17110|    0|
+---------------------+---------+-------+---------+--------+-----+
|Available SLR        |     1344|   2976|   871680|  435840|  320|
+---------------------+---------+-------+---------+--------+-----+
|Utilization SLR (%)  |        1|   ~0  |    ~0   |       3|    0|
+---------------------+---------+-------+---------+--------+-----+
|Available            |     2688|   5952|  1743360|  871680|  640|
+---------------------+---------+-------+---------+--------+-----+
|Utilization (%)      |    ~0   |   ~0  |    ~0   |       1|    0|
+---------------------+---------+-------+---------+--------+-----+

+ Detail: 
    * Instance: 
    +------------------------------------------------------------------------+-----------------------------------------------------------------------+---------+-------+------+------+-----+
    |                                Instance                                |                                 Module                                | BRAM_18K| DSP48E|  FF  |  LUT | URAM|
    +------------------------------------------------------------------------+-----------------------------------------------------------------------+---------+-------+------+------+-----+
    |conv_2d_cl_array_ap_fixed_1u_array_ap_fixed_16_6_5_3_0_4u_config2_U0    |conv_2d_cl_array_ap_fixed_1u_array_ap_fixed_16_6_5_3_0_4u_config2_s    |        0|      1|   846|  1387|    0|
    |conv_2d_cl_array_ap_fixed_4u_array_ap_fixed_16_6_5_3_0_8u_config5_U0    |conv_2d_cl_array_ap_fixed_4u_array_ap_fixed_16_6_5_3_0_8u_config5_s    |        4|      8|  2111|  2552|    0|
    |dense_array_ap_fixed_8u_array_ap_fixed_16_6_5_3_0_10u_config9_U0        |dense_array_ap_fixed_8u_array_ap_fixed_16_6_5_3_0_10u_config9_s        |        5|     10|  1885|  1494|    0|
    |pooling2d_cl_array_ap_fixed_4u_array_ap_fixed_16_6_5_3_0_4u_config4_U0  |pooling2d_cl_array_ap_fixed_4u_array_ap_fixed_16_6_5_3_0_4u_config4_s  |        0|      0|  1783|  6747|    0|
    |pooling2d_cl_array_ap_fixed_8u_array_ap_fixed_16_6_5_3_0_8u_config7_U0  |pooling2d_cl_array_ap_fixed_8u_array_ap_fixed_16_6_5_3_0_8u_config7_s  |        0|      0|   943|  2742|    0|
    |relu_array_ap_fixed_4u_array_ap_fixed_16_6_5_3_0_4u_relu_config3_U0     |relu_array_ap_fixed_4u_array_ap_fixed_16_6_5_3_0_4u_relu_config3_s     |        0|      0|    18|   295|    0|
    |relu_array_ap_fixed_8u_array_ap_fixed_16_6_5_3_0_8u_relu_config6_U0     |relu_array_ap_fixed_8u_array_ap_fixed_16_6_5_3_0_8u_relu_config6_s     |        0|      0|    13|   479|    0|
    +------------------------------------------------------------------------+-----------------------------------------------------------------------+---------+-------+------+------+-----+
    |Total                                                                   |                                                                       |        9|     19|  7599| 15696|    0|
    +------------------------------------------------------------------------+-----------------------------------------------------------------------+---------+-------+------+------+-----+

    * DSP48E: 
    N/A

    * Memory: 
    N/A

    * FIFO: 
    +-------------------------+---------+----+----+-----+------+-----+---------+
    |           Name          | BRAM_18K| FF | LUT| URAM| Depth| Bits| Size:D*B|
    +-------------------------+---------+----+----+-----+------+-----+---------+
    |layer2_out_V_data_0_V_U  |        1|  46|   0|    -|   676|   16|    10816|
    |layer2_out_V_data_1_V_U  |        1|  46|   0|    -|   676|   16|    10816|
    |layer2_out_V_data_2_V_U  |        1|  46|   0|    -|   676|   16|    10816|
    |layer2_out_V_data_3_V_U  |        1|  46|   0|    -|   676|   16|    10816|
    |layer3_out_V_data_0_V_U  |        1|  46|   0|    -|   676|   16|    10816|
    |layer3_out_V_data_1_V_U  |        1|  46|   0|    -|   676|   16|    10816|
    |layer3_out_V_data_2_V_U  |        1|  46|   0|    -|   676|   16|    10816|
    |layer3_out_V_data_3_V_U  |        1|  46|   0|    -|   676|   16|    10816|
    |layer4_out_V_data_0_V_U  |        1|  33|   0|    -|    36|   16|      576|
    |layer4_out_V_data_1_V_U  |        1|  33|   0|    -|    36|   16|      576|
    |layer4_out_V_data_2_V_U  |        1|  33|   0|    -|    36|   16|      576|
    |layer4_out_V_data_3_V_U  |        1|  33|   0|    -|    36|   16|      576|
    |layer5_out_V_data_0_V_U  |        0|   7|   0|    -|    16|   16|      256|
    |layer5_out_V_data_1_V_U  |        0|   7|   0|    -|    16|   16|      256|
    |layer5_out_V_data_2_V_U  |        0|   7|   0|    -|    16|   16|      256|
    |layer5_out_V_data_3_V_U  |        0|   7|   0|    -|    16|   16|      256|
    |layer5_out_V_data_4_V_U  |        0|   7|   0|    -|    16|   16|      256|
    |layer5_out_V_data_5_V_U  |        0|   7|   0|    -|    16|   16|      256|
    |layer5_out_V_data_6_V_U  |        0|   7|   0|    -|    16|   16|      256|
    |layer5_out_V_data_7_V_U  |        0|   7|   0|    -|    16|   16|      256|
    |layer6_out_V_data_0_V_U  |        0|   7|   0|    -|    16|   16|      256|
    |layer6_out_V_data_1_V_U  |        0|   7|   0|    -|    16|   16|      256|
    |layer6_out_V_data_2_V_U  |        0|   7|   0|    -|    16|   16|      256|
    |layer6_out_V_data_3_V_U  |        0|   7|   0|    -|    16|   16|      256|
    |layer6_out_V_data_4_V_U  |        0|   7|   0|    -|    16|   16|      256|
    |layer6_out_V_data_5_V_U  |        0|   7|   0|    -|    16|   16|      256|
    |layer6_out_V_data_6_V_U  |        0|   7|   0|    -|    16|   16|      256|
    |layer6_out_V_data_7_V_U  |        0|   7|   0|    -|    16|   16|      256|
    |layer7_out_V_data_0_V_U  |        0|   5|   0|    -|     4|   16|       64|
    |layer7_out_V_data_1_V_U  |        0|   5|   0|    -|     4|   16|       64|
    |layer7_out_V_data_2_V_U  |        0|   5|   0|    -|     4|   16|       64|
    |layer7_out_V_data_3_V_U  |        0|   5|   0|    -|     4|   16|       64|
    |layer7_out_V_data_4_V_U  |        0|   5|   0|    -|     4|   16|       64|
    |layer7_out_V_data_5_V_U  |        0|   5|   0|    -|     4|   16|       64|
    |layer7_out_V_data_6_V_U  |        0|   5|   0|    -|     4|   16|       64|
    |layer7_out_V_data_7_V_U  |        0|   5|   0|    -|     4|   16|       64|
    +-------------------------+---------+----+----+-----+------+-----+---------+
    |Total                    |       12| 652|   0|    0|  5840|  576|    93440|
    +-------------------------+---------+----+----+-----+------+-----+---------+

    * Expression: 
    +--------------+----------+-------+---+----+------------+------------+
    | Variable Name| Operation| DSP48E| FF| LUT| Bitwidth P0| Bitwidth P1|
    +--------------+----------+-------+---+----+------------+------------+
    |ap_idle       |    and   |      0|  0|   2|           1|           1|
    +--------------+----------+-------+---+----+------------+------------+
    |Total         |          |      0|  0|   2|           1|           1|
    +--------------+----------+-------+---+----+------------+------------+

    * Multiplexer: 
    N/A

    * Register: 
    N/A



================================================================
== Interface
================================================================
* Summary: 
+--------------------------------+-----+-----+------------+-------------------------+--------------+
|            RTL Ports           | Dir | Bits|  Protocol  |      Source Object      |    C Type    |
+--------------------------------+-----+-----+------------+-------------------------+--------------+
|conv2d_input_V_data_0_V_TDATA   |  in |   16|    axis    | conv2d_input_V_data_0_V |    pointer   |
|conv2d_input_V_data_0_V_TVALID  |  in |    1|    axis    | conv2d_input_V_data_0_V |    pointer   |
|conv2d_input_V_data_0_V_TREADY  | out |    1|    axis    | conv2d_input_V_data_0_V |    pointer   |
|layer9_out_V_data_0_V_TDATA     | out |   16|    axis    |  layer9_out_V_data_0_V  |    pointer   |
|layer9_out_V_data_0_V_TVALID    | out |    1|    axis    |  layer9_out_V_data_0_V  |    pointer   |
|layer9_out_V_data_0_V_TREADY    |  in |    1|    axis    |  layer9_out_V_data_0_V  |    pointer   |
|layer9_out_V_data_1_V_TDATA     | out |   16|    axis    |  layer9_out_V_data_1_V  |    pointer   |
|layer9_out_V_data_1_V_TVALID    | out |    1|    axis    |  layer9_out_V_data_1_V  |    pointer   |
|layer9_out_V_data_1_V_TREADY    |  in |    1|    axis    |  layer9_out_V_data_1_V  |    pointer   |
|layer9_out_V_data_2_V_TDATA     | out |   16|    axis    |  layer9_out_V_data_2_V  |    pointer   |
|layer9_out_V_data_2_V_TVALID    | out |    1|    axis    |  layer9_out_V_data_2_V  |    pointer   |
|layer9_out_V_data_2_V_TREADY    |  in |    1|    axis    |  layer9_out_V_data_2_V  |    pointer   |
|layer9_out_V_data_3_V_TDATA     | out |   16|    axis    |  layer9_out_V_data_3_V  |    pointer   |
|layer9_out_V_data_3_V_TVALID    | out |    1|    axis    |  layer9_out_V_data_3_V  |    pointer   |
|layer9_out_V_data_3_V_TREADY    |  in |    1|    axis    |  layer9_out_V_data_3_V  |    pointer   |
|layer9_out_V_data_4_V_TDATA     | out |   16|    axis    |  layer9_out_V_data_4_V  |    pointer   |
|layer9_out_V_data_4_V_TVALID    | out |    1|    axis    |  layer9_out_V_data_4_V  |    pointer   |
|layer9_out_V_data_4_V_TREADY    |  in |    1|    axis    |  layer9_out_V_data_4_V  |    pointer   |
|layer9_out_V_data_5_V_TDATA     | out |   16|    axis    |  layer9_out_V_data_5_V  |    pointer   |
|layer9_out_V_data_5_V_TVALID    | out |    1|    axis    |  layer9_out_V_data_5_V  |    pointer   |
|layer9_out_V_data_5_V_TREADY    |  in |    1|    axis    |  layer9_out_V_data_5_V  |    pointer   |
|layer9_out_V_data_6_V_TDATA     | out |   16|    axis    |  layer9_out_V_data_6_V  |    pointer   |
|layer9_out_V_data_6_V_TVALID    | out |    1|    axis    |  layer9_out_V_data_6_V  |    pointer   |
|layer9_out_V_data_6_V_TREADY    |  in |    1|    axis    |  layer9_out_V_data_6_V  |    pointer   |
|layer9_out_V_data_7_V_TDATA     | out |   16|    axis    |  layer9_out_V_data_7_V  |    pointer   |
|layer9_out_V_data_7_V_TVALID    | out |    1|    axis    |  layer9_out_V_data_7_V  |    pointer   |
|layer9_out_V_data_7_V_TREADY    |  in |    1|    axis    |  layer9_out_V_data_7_V  |    pointer   |
|layer9_out_V_data_8_V_TDATA     | out |   16|    axis    |  layer9_out_V_data_8_V  |    pointer   |
|layer9_out_V_data_8_V_TVALID    | out |    1|    axis    |  layer9_out_V_data_8_V  |    pointer   |
|layer9_out_V_data_8_V_TREADY    |  in |    1|    axis    |  layer9_out_V_data_8_V  |    pointer   |
|layer9_out_V_data_9_V_TDATA     | out |   16|    axis    |  layer9_out_V_data_9_V  |    pointer   |
|layer9_out_V_data_9_V_TVALID    | out |    1|    axis    |  layer9_out_V_data_9_V  |    pointer   |
|layer9_out_V_data_9_V_TREADY    |  in |    1|    axis    |  layer9_out_V_data_9_V  |    pointer   |
|ap_clk                          |  in |    1| ap_ctrl_hs |        myproject        | return value |
|ap_rst_n                        |  in |    1| ap_ctrl_hs |        myproject        | return value |
|ap_start                        |  in |    1| ap_ctrl_hs |        myproject        | return value |
|ap_done                         | out |    1| ap_ctrl_hs |        myproject        | return value |
|ap_ready                        | out |    1| ap_ctrl_hs |        myproject        | return value |
|ap_idle                         | out |    1| ap_ctrl_hs |        myproject        | return value |
+--------------------------------+-----+-----+------------+-------------------------+--------------+

