

================================================================
== Vivado HLS Report for 'reduce_ap_fixed_18_8_0_0_0_12_Op_add_ap_fixed_18_8_0_0_0_s'
================================================================
* Date:           Thu Nov  9 20:59:24 2023

* Version:        2020.1 (Build 2897737 on Wed May 27 20:21:37 MDT 2020)
* Project:        myproject_prj
* Solution:       solution1
* Product family: virtexuplus
* Target device:  xcu280-fsvh2892-2L-e


================================================================
== Performance Estimates
================================================================
+ Timing: 
    * Summary: 
    +--------+----------+----------+------------+
    |  Clock |  Target  | Estimated| Uncertainty|
    +--------+----------+----------+------------+
    |ap_clk  | 10.00 ns | 7.328 ns |   1.25 ns  |
    +--------+----------+----------+------------+

+ Latency: 
    * Summary: 
    +---------+---------+-----------+-----------+-----+-----+----------+
    |  Latency (cycles) |   Latency (absolute)  |  Interval | Pipeline |
    |   min   |   max   |    min    |    max    | min | max |   Type   |
    +---------+---------+-----------+-----------+-----+-----+----------+
    |        1|        1| 10.000 ns | 10.000 ns |    2|    2| function |
    +---------+---------+-----------+-----------+-----+-----+----------+

    + Detail: 
        * Instance: 
        N/A

        * Loop: 
        N/A

============================================================
+ Verbose Summary: Synthesis Manager
============================================================
InlineROM: 1
ExposeGlobal: 0
============================================================
+ Verbose Summary: CDFG Model
============================================================
IsTopModel: 0
ResetActiveHigh: 1
IsCombinational: 0
IsDatapathOnly: 0
HasWiredReturn: 1
HasMFsm: 2
HasVarLatency: 0
IsPipeline: 1
IsRtlPipelined: 0
IsInstanceOverlapped: 0
IsDontTouch: 0
HasImplIP: 0
IsGatedGlobalClock: 0

+ Individual pipeline summary: 
  * Pipeline-0: initiation interval (II) = 2, depth = 2


============================================================
+ Verbose Summary: Schedule
============================================================
* Number of FSM states : 2
* Pipeline : 1
  Pipeline-0 : II = 2, D = 2, States = { 1 2 }
* Dataflow Pipeline: 0

* FSM state transitions: 
1 --> 2 
2 --> 

* FSM state operations: 

State 1 <SV = 0> <Delay = 4.56>
ST_1 : Operation 3 [1/1] (4.56ns)   --->   "%p_Val2_s = call fastcc i18 @"reduce<ap_fixed<18, 8, 0, 0, 0>, 4, Op_add<ap_fixed<18, 8, 0, 0, 0> > >"(i17* %x_0_V, i17* %x_1_V, i17* %x_2_V, i17* %x_3_V, i17* %x_4_V, i17* %x_5_V, i17* %x_6_V, i17* %x_7_V, i17* %x_8_V, i17* %x_9_V, i17* %x_10_V, i17* %x_11_V, i5 0)" [firmware/nnet_utils/nnet_common.h:45->firmware/nnet_utils/nnet_common.h:45]   --->   Operation 3 'call' 'p_Val2_s' <Predicate = true> <Delay = 4.56> <CoreType = "Generic">   --->   Core 0 '' <Latency = 0> <II = 1> <Delay = 1.00> <Generic> <Opcode : >

State 2 <SV = 1> <Delay = 7.32>
ST_2 : Operation 4 [1/1] (4.56ns)   --->   "%p_Val2_25 = call fastcc i18 @"reduce<ap_fixed<18, 8, 0, 0, 0>, 4, Op_add<ap_fixed<18, 8, 0, 0, 0> > >"(i17* %x_0_V, i17* %x_1_V, i17* %x_2_V, i17* %x_3_V, i17* %x_4_V, i17* %x_5_V, i17* %x_6_V, i17* %x_7_V, i17* %x_8_V, i17* %x_9_V, i17* %x_10_V, i17* %x_11_V, i5 4)" [firmware/nnet_utils/nnet_common.h:45->firmware/nnet_utils/nnet_common.h:45]   --->   Operation 4 'call' 'p_Val2_25' <Predicate = true> <Delay = 4.56> <CoreType = "Generic">   --->   Core 0 '' <Latency = 0> <II = 1> <Delay = 1.00> <Generic> <Opcode : >
ST_2 : Operation 5 [1/1] (0.00ns)   --->   "%lhs_V = sext i18 %p_Val2_s to i19" [firmware/nnet_utils/nnet_common.h:50->firmware/nnet_utils/nnet_common.h:45->firmware/nnet_utils/nnet_common.h:45]   --->   Operation 5 'sext' 'lhs_V' <Predicate = true> <Delay = 0.00>
ST_2 : Operation 6 [1/1] (0.00ns)   --->   "%rhs_V = sext i18 %p_Val2_25 to i19" [firmware/nnet_utils/nnet_common.h:50->firmware/nnet_utils/nnet_common.h:45->firmware/nnet_utils/nnet_common.h:45]   --->   Operation 6 'sext' 'rhs_V' <Predicate = true> <Delay = 0.00>
ST_2 : Operation 7 [1/1] (0.79ns)   --->   "%ret_V = add nsw i19 %lhs_V, %rhs_V" [firmware/nnet_utils/nnet_common.h:50->firmware/nnet_utils/nnet_common.h:45->firmware/nnet_utils/nnet_common.h:45]   --->   Operation 7 'add' 'ret_V' <Predicate = true> <Delay = 0.79> <Core = "AddSub">   --->   Core 14 'AddSub' <Latency = 0> <II = 1> <Delay = 0.79> <FuncUnit> <Opcode : 'add' 'sub'> <InPorts = 2> <OutPorts = 1>
ST_2 : Operation 8 [1/1] (0.00ns)   --->   "%p_Result_s = call i1 @_ssdm_op_BitSelect.i1.i19.i32(i19 %ret_V, i32 18)" [firmware/nnet_utils/nnet_common.h:50->firmware/nnet_utils/nnet_common.h:45->firmware/nnet_utils/nnet_common.h:45]   --->   Operation 8 'bitselect' 'p_Result_s' <Predicate = true> <Delay = 0.00>
ST_2 : Operation 9 [1/1] (0.79ns)   --->   "%p_Val2_27 = add i18 %p_Val2_25, %p_Val2_s" [firmware/nnet_utils/nnet_common.h:50->firmware/nnet_utils/nnet_common.h:45->firmware/nnet_utils/nnet_common.h:45]   --->   Operation 9 'add' 'p_Val2_27' <Predicate = true> <Delay = 0.79> <Core = "AddSub">   --->   Core 14 'AddSub' <Latency = 0> <II = 1> <Delay = 0.79> <FuncUnit> <Opcode : 'add' 'sub'> <InPorts = 2> <OutPorts = 1>
ST_2 : Operation 10 [1/1] (0.00ns)   --->   "%p_Result_18 = call i1 @_ssdm_op_BitSelect.i1.i18.i32(i18 %p_Val2_27, i32 17)" [firmware/nnet_utils/nnet_common.h:50->firmware/nnet_utils/nnet_common.h:45->firmware/nnet_utils/nnet_common.h:45]   --->   Operation 10 'bitselect' 'p_Result_18' <Predicate = true> <Delay = 0.00>
ST_2 : Operation 11 [1/1] (0.00ns) (grouped into LUT with out node select_ln388)   --->   "%xor_ln786 = xor i1 %p_Result_18, true" [firmware/nnet_utils/nnet_common.h:50->firmware/nnet_utils/nnet_common.h:45->firmware/nnet_utils/nnet_common.h:45]   --->   Operation 11 'xor' 'xor_ln786' <Predicate = true> <Delay = 0.00> <Core = "LogicGate">   --->   Core 27 'LogicGate' <Latency = 0> <II = 1> <Delay = 0.12> <FuncUnit> <Opcode : 'and' 'or' 'xor'> <InPorts = 2> <OutPorts = 1>
ST_2 : Operation 12 [1/1] (0.00ns) (grouped into LUT with out node select_ln388)   --->   "%underflow = and i1 %p_Result_s, %xor_ln786" [firmware/nnet_utils/nnet_common.h:50->firmware/nnet_utils/nnet_common.h:45->firmware/nnet_utils/nnet_common.h:45]   --->   Operation 12 'and' 'underflow' <Predicate = true> <Delay = 0.00> <Core = "LogicGate">   --->   Core 27 'LogicGate' <Latency = 0> <II = 1> <Delay = 0.12> <FuncUnit> <Opcode : 'and' 'or' 'xor'> <InPorts = 2> <OutPorts = 1>
ST_2 : Operation 13 [1/1] (0.00ns) (grouped into LUT with out node p_Val2_38)   --->   "%xor_ln340_29 = xor i1 %p_Result_s, %p_Result_18" [firmware/nnet_utils/nnet_common.h:50->firmware/nnet_utils/nnet_common.h:45->firmware/nnet_utils/nnet_common.h:45]   --->   Operation 13 'xor' 'xor_ln340_29' <Predicate = true> <Delay = 0.00> <Core = "LogicGate">   --->   Core 27 'LogicGate' <Latency = 0> <II = 1> <Delay = 0.12> <FuncUnit> <Opcode : 'and' 'or' 'xor'> <InPorts = 2> <OutPorts = 1>
ST_2 : Operation 14 [1/1] (0.00ns) (grouped into LUT with out node p_Val2_38)   --->   "%xor_ln340 = xor i1 %p_Result_s, true" [firmware/nnet_utils/nnet_common.h:50->firmware/nnet_utils/nnet_common.h:45->firmware/nnet_utils/nnet_common.h:45]   --->   Operation 14 'xor' 'xor_ln340' <Predicate = true> <Delay = 0.00> <Core = "LogicGate">   --->   Core 27 'LogicGate' <Latency = 0> <II = 1> <Delay = 0.12> <FuncUnit> <Opcode : 'and' 'or' 'xor'> <InPorts = 2> <OutPorts = 1>
ST_2 : Operation 15 [1/1] (0.00ns) (grouped into LUT with out node p_Val2_38)   --->   "%or_ln340 = or i1 %p_Result_18, %xor_ln340" [firmware/nnet_utils/nnet_common.h:50->firmware/nnet_utils/nnet_common.h:45->firmware/nnet_utils/nnet_common.h:45]   --->   Operation 15 'or' 'or_ln340' <Predicate = true> <Delay = 0.00> <Core = "LogicGate">   --->   Core 27 'LogicGate' <Latency = 0> <II = 1> <Delay = 0.12> <FuncUnit> <Opcode : 'and' 'or' 'xor'> <InPorts = 2> <OutPorts = 1>
ST_2 : Operation 16 [1/1] (0.00ns) (grouped into LUT with out node p_Val2_38)   --->   "%select_ln340 = select i1 %xor_ln340_29, i18 131071, i18 %p_Val2_27" [firmware/nnet_utils/nnet_common.h:50->firmware/nnet_utils/nnet_common.h:45->firmware/nnet_utils/nnet_common.h:45]   --->   Operation 16 'select' 'select_ln340' <Predicate = true> <Delay = 0.00> <Core = "Sel">   --->   Core 26 'Sel' <Latency = 0> <II = 1> <Delay = 0.29> <FuncUnit> <Opcode : 'select'> <InPorts = 3> <OutPorts = 1>
ST_2 : Operation 17 [1/1] (0.29ns) (out node of the LUT)   --->   "%select_ln388 = select i1 %underflow, i18 -131072, i18 %p_Val2_27" [firmware/nnet_utils/nnet_common.h:50->firmware/nnet_utils/nnet_common.h:45->firmware/nnet_utils/nnet_common.h:45]   --->   Operation 17 'select' 'select_ln388' <Predicate = true> <Delay = 0.29> <Core = "Sel">   --->   Core 26 'Sel' <Latency = 0> <II = 1> <Delay = 0.29> <FuncUnit> <Opcode : 'select'> <InPorts = 3> <OutPorts = 1>
ST_2 : Operation 18 [1/1] (0.29ns) (out node of the LUT)   --->   "%p_Val2_38 = select i1 %or_ln340, i18 %select_ln340, i18 %select_ln388" [firmware/nnet_utils/nnet_common.h:50->firmware/nnet_utils/nnet_common.h:45->firmware/nnet_utils/nnet_common.h:45]   --->   Operation 18 'select' 'p_Val2_38' <Predicate = true> <Delay = 0.29> <Core = "Sel">   --->   Core 26 'Sel' <Latency = 0> <II = 1> <Delay = 0.29> <FuncUnit> <Opcode : 'select'> <InPorts = 3> <OutPorts = 1>
ST_2 : Operation 19 [1/1] (0.00ns)   --->   "%x_8_V_read = call i17 @_ssdm_op_Read.ap_auto.i17P(i17* %x_8_V)" [firmware/nnet_utils/nnet_common.h:43->firmware/nnet_utils/nnet_common.h:45->firmware/nnet_utils/nnet_common.h:45]   --->   Operation 19 'read' 'x_8_V_read' <Predicate = true> <Delay = 0.00>
ST_2 : Operation 20 [1/1] (0.00ns)   --->   "%p_Val2_28 = zext i17 %x_8_V_read to i18" [firmware/nnet_utils/nnet_common.h:43->firmware/nnet_utils/nnet_common.h:45->firmware/nnet_utils/nnet_common.h:45]   --->   Operation 20 'zext' 'p_Val2_28' <Predicate = true> <Delay = 0.00>
ST_2 : Operation 21 [1/1] (0.00ns)   --->   "%x_9_V_read = call i17 @_ssdm_op_Read.ap_auto.i17P(i17* %x_9_V)" [firmware/nnet_utils/nnet_common.h:43->firmware/nnet_utils/nnet_common.h:45->firmware/nnet_utils/nnet_common.h:45]   --->   Operation 21 'read' 'x_9_V_read' <Predicate = true> <Delay = 0.00>
ST_2 : Operation 22 [1/1] (0.00ns)   --->   "%p_Val2_29 = zext i17 %x_9_V_read to i18" [firmware/nnet_utils/nnet_common.h:43->firmware/nnet_utils/nnet_common.h:45->firmware/nnet_utils/nnet_common.h:45]   --->   Operation 22 'zext' 'p_Val2_29' <Predicate = true> <Delay = 0.00>
ST_2 : Operation 23 [1/1] (0.79ns)   --->   "%p_Val2_30 = add i18 %p_Val2_29, %p_Val2_28" [firmware/nnet_utils/nnet_common.h:50->firmware/nnet_utils/nnet_common.h:43->firmware/nnet_utils/nnet_common.h:45->firmware/nnet_utils/nnet_common.h:45]   --->   Operation 23 'add' 'p_Val2_30' <Predicate = true> <Delay = 0.79> <Core = "AddSub">   --->   Core 14 'AddSub' <Latency = 0> <II = 1> <Delay = 0.79> <FuncUnit> <Opcode : 'add' 'sub'> <InPorts = 2> <OutPorts = 1>
ST_2 : Operation 24 [1/1] (0.00ns)   --->   "%p_Result_19 = call i1 @_ssdm_op_BitSelect.i1.i18.i32(i18 %p_Val2_30, i32 17)" [firmware/nnet_utils/nnet_common.h:50->firmware/nnet_utils/nnet_common.h:43->firmware/nnet_utils/nnet_common.h:45->firmware/nnet_utils/nnet_common.h:45]   --->   Operation 24 'bitselect' 'p_Result_19' <Predicate = true> <Delay = 0.00>
ST_2 : Operation 25 [1/1] (0.29ns)   --->   "%p_Val2_34 = select i1 %p_Result_19, i18 131071, i18 %p_Val2_30" [firmware/nnet_utils/nnet_common.h:50->firmware/nnet_utils/nnet_common.h:43->firmware/nnet_utils/nnet_common.h:45->firmware/nnet_utils/nnet_common.h:45]   --->   Operation 25 'select' 'p_Val2_34' <Predicate = true> <Delay = 0.29> <Core = "Sel">   --->   Core 26 'Sel' <Latency = 0> <II = 1> <Delay = 0.29> <FuncUnit> <Opcode : 'select'> <InPorts = 3> <OutPorts = 1>
ST_2 : Operation 26 [1/1] (0.00ns)   --->   "%x_10_V_read = call i17 @_ssdm_op_Read.ap_auto.i17P(i17* %x_10_V)" [firmware/nnet_utils/nnet_common.h:43->firmware/nnet_utils/nnet_common.h:45->firmware/nnet_utils/nnet_common.h:45]   --->   Operation 26 'read' 'x_10_V_read' <Predicate = true> <Delay = 0.00>
ST_2 : Operation 27 [1/1] (0.00ns)   --->   "%p_Val2_31 = zext i17 %x_10_V_read to i18" [firmware/nnet_utils/nnet_common.h:43->firmware/nnet_utils/nnet_common.h:45->firmware/nnet_utils/nnet_common.h:45]   --->   Operation 27 'zext' 'p_Val2_31' <Predicate = true> <Delay = 0.00>
ST_2 : Operation 28 [1/1] (0.00ns)   --->   "%x_11_V_read = call i17 @_ssdm_op_Read.ap_auto.i17P(i17* %x_11_V)" [firmware/nnet_utils/nnet_common.h:43->firmware/nnet_utils/nnet_common.h:45->firmware/nnet_utils/nnet_common.h:45]   --->   Operation 28 'read' 'x_11_V_read' <Predicate = true> <Delay = 0.00>
ST_2 : Operation 29 [1/1] (0.00ns)   --->   "%p_Val2_32 = zext i17 %x_11_V_read to i18" [firmware/nnet_utils/nnet_common.h:43->firmware/nnet_utils/nnet_common.h:45->firmware/nnet_utils/nnet_common.h:45]   --->   Operation 29 'zext' 'p_Val2_32' <Predicate = true> <Delay = 0.00>
ST_2 : Operation 30 [1/1] (0.79ns)   --->   "%p_Val2_33 = add i18 %p_Val2_32, %p_Val2_31" [firmware/nnet_utils/nnet_common.h:50->firmware/nnet_utils/nnet_common.h:43->firmware/nnet_utils/nnet_common.h:45->firmware/nnet_utils/nnet_common.h:45]   --->   Operation 30 'add' 'p_Val2_33' <Predicate = true> <Delay = 0.79> <Core = "AddSub">   --->   Core 14 'AddSub' <Latency = 0> <II = 1> <Delay = 0.79> <FuncUnit> <Opcode : 'add' 'sub'> <InPorts = 2> <OutPorts = 1>
ST_2 : Operation 31 [1/1] (0.00ns)   --->   "%p_Result_20 = call i1 @_ssdm_op_BitSelect.i1.i18.i32(i18 %p_Val2_33, i32 17)" [firmware/nnet_utils/nnet_common.h:50->firmware/nnet_utils/nnet_common.h:43->firmware/nnet_utils/nnet_common.h:45->firmware/nnet_utils/nnet_common.h:45]   --->   Operation 31 'bitselect' 'p_Result_20' <Predicate = true> <Delay = 0.00>
ST_2 : Operation 32 [1/1] (0.29ns)   --->   "%p_Val2_35 = select i1 %p_Result_20, i18 131071, i18 %p_Val2_33" [firmware/nnet_utils/nnet_common.h:50->firmware/nnet_utils/nnet_common.h:43->firmware/nnet_utils/nnet_common.h:45->firmware/nnet_utils/nnet_common.h:45]   --->   Operation 32 'select' 'p_Val2_35' <Predicate = true> <Delay = 0.29> <Core = "Sel">   --->   Core 26 'Sel' <Latency = 0> <II = 1> <Delay = 0.29> <FuncUnit> <Opcode : 'select'> <InPorts = 3> <OutPorts = 1>
ST_2 : Operation 33 [1/1] (0.00ns)   --->   "%lhs_V_3 = sext i18 %p_Val2_34 to i19" [firmware/nnet_utils/nnet_common.h:50->firmware/nnet_utils/nnet_common.h:45->firmware/nnet_utils/nnet_common.h:45]   --->   Operation 33 'sext' 'lhs_V_3' <Predicate = true> <Delay = 0.00>
ST_2 : Operation 34 [1/1] (0.00ns)   --->   "%rhs_V_3 = sext i18 %p_Val2_35 to i19" [firmware/nnet_utils/nnet_common.h:50->firmware/nnet_utils/nnet_common.h:45->firmware/nnet_utils/nnet_common.h:45]   --->   Operation 34 'sext' 'rhs_V_3' <Predicate = true> <Delay = 0.00>
ST_2 : Operation 35 [1/1] (0.79ns)   --->   "%ret_V_3 = add nsw i19 %lhs_V_3, %rhs_V_3" [firmware/nnet_utils/nnet_common.h:50->firmware/nnet_utils/nnet_common.h:45->firmware/nnet_utils/nnet_common.h:45]   --->   Operation 35 'add' 'ret_V_3' <Predicate = true> <Delay = 0.79> <Core = "AddSub">   --->   Core 14 'AddSub' <Latency = 0> <II = 1> <Delay = 0.79> <FuncUnit> <Opcode : 'add' 'sub'> <InPorts = 2> <OutPorts = 1>
ST_2 : Operation 36 [1/1] (0.00ns)   --->   "%p_Result_21 = call i1 @_ssdm_op_BitSelect.i1.i19.i32(i19 %ret_V_3, i32 18)" [firmware/nnet_utils/nnet_common.h:50->firmware/nnet_utils/nnet_common.h:45->firmware/nnet_utils/nnet_common.h:45]   --->   Operation 36 'bitselect' 'p_Result_21' <Predicate = true> <Delay = 0.00>
ST_2 : Operation 37 [1/1] (0.79ns)   --->   "%p_Val2_37 = add i18 %p_Val2_35, %p_Val2_34" [firmware/nnet_utils/nnet_common.h:50->firmware/nnet_utils/nnet_common.h:45->firmware/nnet_utils/nnet_common.h:45]   --->   Operation 37 'add' 'p_Val2_37' <Predicate = true> <Delay = 0.79> <Core = "AddSub">   --->   Core 14 'AddSub' <Latency = 0> <II = 1> <Delay = 0.79> <FuncUnit> <Opcode : 'add' 'sub'> <InPorts = 2> <OutPorts = 1>
ST_2 : Operation 38 [1/1] (0.00ns)   --->   "%p_Result_22 = call i1 @_ssdm_op_BitSelect.i1.i18.i32(i18 %p_Val2_37, i32 17)" [firmware/nnet_utils/nnet_common.h:50->firmware/nnet_utils/nnet_common.h:45->firmware/nnet_utils/nnet_common.h:45]   --->   Operation 38 'bitselect' 'p_Result_22' <Predicate = true> <Delay = 0.00>
ST_2 : Operation 39 [1/1] (0.00ns) (grouped into LUT with out node select_ln388_12)   --->   "%xor_ln786_12 = xor i1 %p_Result_22, true" [firmware/nnet_utils/nnet_common.h:50->firmware/nnet_utils/nnet_common.h:45->firmware/nnet_utils/nnet_common.h:45]   --->   Operation 39 'xor' 'xor_ln786_12' <Predicate = true> <Delay = 0.00> <Core = "LogicGate">   --->   Core 27 'LogicGate' <Latency = 0> <II = 1> <Delay = 0.12> <FuncUnit> <Opcode : 'and' 'or' 'xor'> <InPorts = 2> <OutPorts = 1>
ST_2 : Operation 40 [1/1] (0.00ns) (grouped into LUT with out node select_ln388_12)   --->   "%underflow_3 = and i1 %p_Result_21, %xor_ln786_12" [firmware/nnet_utils/nnet_common.h:50->firmware/nnet_utils/nnet_common.h:45->firmware/nnet_utils/nnet_common.h:45]   --->   Operation 40 'and' 'underflow_3' <Predicate = true> <Delay = 0.00> <Core = "LogicGate">   --->   Core 27 'LogicGate' <Latency = 0> <II = 1> <Delay = 0.12> <FuncUnit> <Opcode : 'and' 'or' 'xor'> <InPorts = 2> <OutPorts = 1>
ST_2 : Operation 41 [1/1] (0.00ns) (grouped into LUT with out node p_Val2_39)   --->   "%xor_ln340_30 = xor i1 %p_Result_21, %p_Result_22" [firmware/nnet_utils/nnet_common.h:50->firmware/nnet_utils/nnet_common.h:45->firmware/nnet_utils/nnet_common.h:45]   --->   Operation 41 'xor' 'xor_ln340_30' <Predicate = true> <Delay = 0.00> <Core = "LogicGate">   --->   Core 27 'LogicGate' <Latency = 0> <II = 1> <Delay = 0.12> <FuncUnit> <Opcode : 'and' 'or' 'xor'> <InPorts = 2> <OutPorts = 1>
ST_2 : Operation 42 [1/1] (0.00ns) (grouped into LUT with out node p_Val2_39)   --->   "%xor_ln340_12 = xor i1 %p_Result_21, true" [firmware/nnet_utils/nnet_common.h:50->firmware/nnet_utils/nnet_common.h:45->firmware/nnet_utils/nnet_common.h:45]   --->   Operation 42 'xor' 'xor_ln340_12' <Predicate = true> <Delay = 0.00> <Core = "LogicGate">   --->   Core 27 'LogicGate' <Latency = 0> <II = 1> <Delay = 0.12> <FuncUnit> <Opcode : 'and' 'or' 'xor'> <InPorts = 2> <OutPorts = 1>
ST_2 : Operation 43 [1/1] (0.00ns) (grouped into LUT with out node p_Val2_39)   --->   "%or_ln340_14 = or i1 %p_Result_22, %xor_ln340_12" [firmware/nnet_utils/nnet_common.h:50->firmware/nnet_utils/nnet_common.h:45->firmware/nnet_utils/nnet_common.h:45]   --->   Operation 43 'or' 'or_ln340_14' <Predicate = true> <Delay = 0.00> <Core = "LogicGate">   --->   Core 27 'LogicGate' <Latency = 0> <II = 1> <Delay = 0.12> <FuncUnit> <Opcode : 'and' 'or' 'xor'> <InPorts = 2> <OutPorts = 1>
ST_2 : Operation 44 [1/1] (0.00ns) (grouped into LUT with out node p_Val2_39)   --->   "%select_ln340_12 = select i1 %xor_ln340_30, i18 131071, i18 %p_Val2_37" [firmware/nnet_utils/nnet_common.h:50->firmware/nnet_utils/nnet_common.h:45->firmware/nnet_utils/nnet_common.h:45]   --->   Operation 44 'select' 'select_ln340_12' <Predicate = true> <Delay = 0.00> <Core = "Sel">   --->   Core 26 'Sel' <Latency = 0> <II = 1> <Delay = 0.29> <FuncUnit> <Opcode : 'select'> <InPorts = 3> <OutPorts = 1>
ST_2 : Operation 45 [1/1] (0.29ns) (out node of the LUT)   --->   "%select_ln388_12 = select i1 %underflow_3, i18 -131072, i18 %p_Val2_37" [firmware/nnet_utils/nnet_common.h:50->firmware/nnet_utils/nnet_common.h:45->firmware/nnet_utils/nnet_common.h:45]   --->   Operation 45 'select' 'select_ln388_12' <Predicate = true> <Delay = 0.29> <Core = "Sel">   --->   Core 26 'Sel' <Latency = 0> <II = 1> <Delay = 0.29> <FuncUnit> <Opcode : 'select'> <InPorts = 3> <OutPorts = 1>
ST_2 : Operation 46 [1/1] (0.29ns) (out node of the LUT)   --->   "%p_Val2_39 = select i1 %or_ln340_14, i18 %select_ln340_12, i18 %select_ln388_12" [firmware/nnet_utils/nnet_common.h:50->firmware/nnet_utils/nnet_common.h:45->firmware/nnet_utils/nnet_common.h:45]   --->   Operation 46 'select' 'p_Val2_39' <Predicate = true> <Delay = 0.29> <Core = "Sel">   --->   Core 26 'Sel' <Latency = 0> <II = 1> <Delay = 0.29> <FuncUnit> <Opcode : 'select'> <InPorts = 3> <OutPorts = 1>
ST_2 : Operation 47 [1/1] (0.00ns)   --->   "%lhs_V_4 = sext i18 %p_Val2_38 to i19" [firmware/nnet_utils/nnet_common.h:50->firmware/nnet_utils/nnet_common.h:45]   --->   Operation 47 'sext' 'lhs_V_4' <Predicate = true> <Delay = 0.00>
ST_2 : Operation 48 [1/1] (0.00ns)   --->   "%rhs_V_4 = sext i18 %p_Val2_39 to i19" [firmware/nnet_utils/nnet_common.h:50->firmware/nnet_utils/nnet_common.h:45]   --->   Operation 48 'sext' 'rhs_V_4' <Predicate = true> <Delay = 0.00>
ST_2 : Operation 49 [1/1] (0.79ns)   --->   "%ret_V_4 = add nsw i19 %lhs_V_4, %rhs_V_4" [firmware/nnet_utils/nnet_common.h:50->firmware/nnet_utils/nnet_common.h:45]   --->   Operation 49 'add' 'ret_V_4' <Predicate = true> <Delay = 0.79> <Core = "AddSub">   --->   Core 14 'AddSub' <Latency = 0> <II = 1> <Delay = 0.79> <FuncUnit> <Opcode : 'add' 'sub'> <InPorts = 2> <OutPorts = 1>
ST_2 : Operation 50 [1/1] (0.00ns)   --->   "%p_Result_23 = call i1 @_ssdm_op_BitSelect.i1.i19.i32(i19 %ret_V_4, i32 18)" [firmware/nnet_utils/nnet_common.h:50->firmware/nnet_utils/nnet_common.h:45]   --->   Operation 50 'bitselect' 'p_Result_23' <Predicate = true> <Delay = 0.00>
ST_2 : Operation 51 [1/1] (0.79ns)   --->   "%p_Val2_41 = add i18 %p_Val2_39, %p_Val2_38" [firmware/nnet_utils/nnet_common.h:50->firmware/nnet_utils/nnet_common.h:45]   --->   Operation 51 'add' 'p_Val2_41' <Predicate = true> <Delay = 0.79> <Core = "AddSub">   --->   Core 14 'AddSub' <Latency = 0> <II = 1> <Delay = 0.79> <FuncUnit> <Opcode : 'add' 'sub'> <InPorts = 2> <OutPorts = 1>
ST_2 : Operation 52 [1/1] (0.00ns)   --->   "%p_Result_24 = call i1 @_ssdm_op_BitSelect.i1.i18.i32(i18 %p_Val2_41, i32 17)" [firmware/nnet_utils/nnet_common.h:50->firmware/nnet_utils/nnet_common.h:45]   --->   Operation 52 'bitselect' 'p_Result_24' <Predicate = true> <Delay = 0.00>
ST_2 : Operation 53 [1/1] (0.00ns) (grouped into LUT with out node select_ln388_13)   --->   "%xor_ln786_13 = xor i1 %p_Result_24, true" [firmware/nnet_utils/nnet_common.h:50->firmware/nnet_utils/nnet_common.h:45]   --->   Operation 53 'xor' 'xor_ln786_13' <Predicate = true> <Delay = 0.00> <Core = "LogicGate">   --->   Core 27 'LogicGate' <Latency = 0> <II = 1> <Delay = 0.12> <FuncUnit> <Opcode : 'and' 'or' 'xor'> <InPorts = 2> <OutPorts = 1>
ST_2 : Operation 54 [1/1] (0.00ns) (grouped into LUT with out node select_ln388_13)   --->   "%underflow_4 = and i1 %p_Result_23, %xor_ln786_13" [firmware/nnet_utils/nnet_common.h:50->firmware/nnet_utils/nnet_common.h:45]   --->   Operation 54 'and' 'underflow_4' <Predicate = true> <Delay = 0.00> <Core = "LogicGate">   --->   Core 27 'LogicGate' <Latency = 0> <II = 1> <Delay = 0.12> <FuncUnit> <Opcode : 'and' 'or' 'xor'> <InPorts = 2> <OutPorts = 1>
ST_2 : Operation 55 [1/1] (0.00ns) (grouped into LUT with out node select_ln340_33)   --->   "%xor_ln340_31 = xor i1 %p_Result_23, %p_Result_24" [firmware/nnet_utils/nnet_common.h:50->firmware/nnet_utils/nnet_common.h:45]   --->   Operation 55 'xor' 'xor_ln340_31' <Predicate = true> <Delay = 0.00> <Core = "LogicGate">   --->   Core 27 'LogicGate' <Latency = 0> <II = 1> <Delay = 0.12> <FuncUnit> <Opcode : 'and' 'or' 'xor'> <InPorts = 2> <OutPorts = 1>
ST_2 : Operation 56 [1/1] (0.00ns) (grouped into LUT with out node select_ln340_33)   --->   "%xor_ln340_13 = xor i1 %p_Result_23, true" [firmware/nnet_utils/nnet_common.h:50->firmware/nnet_utils/nnet_common.h:45]   --->   Operation 56 'xor' 'xor_ln340_13' <Predicate = true> <Delay = 0.00> <Core = "LogicGate">   --->   Core 27 'LogicGate' <Latency = 0> <II = 1> <Delay = 0.12> <FuncUnit> <Opcode : 'and' 'or' 'xor'> <InPorts = 2> <OutPorts = 1>
ST_2 : Operation 57 [1/1] (0.00ns) (grouped into LUT with out node select_ln340_33)   --->   "%or_ln340_15 = or i1 %p_Result_24, %xor_ln340_13" [firmware/nnet_utils/nnet_common.h:50->firmware/nnet_utils/nnet_common.h:45]   --->   Operation 57 'or' 'or_ln340_15' <Predicate = true> <Delay = 0.00> <Core = "LogicGate">   --->   Core 27 'LogicGate' <Latency = 0> <II = 1> <Delay = 0.12> <FuncUnit> <Opcode : 'and' 'or' 'xor'> <InPorts = 2> <OutPorts = 1>
ST_2 : Operation 58 [1/1] (0.00ns) (grouped into LUT with out node select_ln340_33)   --->   "%select_ln340_13 = select i1 %xor_ln340_31, i18 131071, i18 %p_Val2_41" [firmware/nnet_utils/nnet_common.h:50->firmware/nnet_utils/nnet_common.h:45]   --->   Operation 58 'select' 'select_ln340_13' <Predicate = true> <Delay = 0.00> <Core = "Sel">   --->   Core 26 'Sel' <Latency = 0> <II = 1> <Delay = 0.29> <FuncUnit> <Opcode : 'select'> <InPorts = 3> <OutPorts = 1>
ST_2 : Operation 59 [1/1] (0.29ns) (out node of the LUT)   --->   "%select_ln388_13 = select i1 %underflow_4, i18 -131072, i18 %p_Val2_41" [firmware/nnet_utils/nnet_common.h:50->firmware/nnet_utils/nnet_common.h:45]   --->   Operation 59 'select' 'select_ln388_13' <Predicate = true> <Delay = 0.29> <Core = "Sel">   --->   Core 26 'Sel' <Latency = 0> <II = 1> <Delay = 0.29> <FuncUnit> <Opcode : 'select'> <InPorts = 3> <OutPorts = 1>
ST_2 : Operation 60 [1/1] (0.29ns) (out node of the LUT)   --->   "%select_ln340_33 = select i1 %or_ln340_15, i18 %select_ln340_13, i18 %select_ln388_13" [firmware/nnet_utils/nnet_common.h:50->firmware/nnet_utils/nnet_common.h:45]   --->   Operation 60 'select' 'select_ln340_33' <Predicate = true> <Delay = 0.29> <Core = "Sel">   --->   Core 26 'Sel' <Latency = 0> <II = 1> <Delay = 0.29> <FuncUnit> <Opcode : 'select'> <InPorts = 3> <OutPorts = 1>
ST_2 : Operation 61 [1/1] (0.00ns)   --->   "ret i18 %select_ln340_33" [firmware/nnet_utils/nnet_common.h:45]   --->   Operation 61 'ret' <Predicate = true> <Delay = 0.00>


============================================================
+ Verbose Summary: Timing violations
============================================================
Target clock period: 10ns, clock uncertainty: 1.25ns.

 <State 1>: 4.56ns
The critical path consists of the following:
	'call' operation ('__Val2__', firmware/nnet_utils/nnet_common.h:45->firmware/nnet_utils/nnet_common.h:45) to 'reduce<ap_fixed<18, 8, 0, 0, 0>, 4, Op_add<ap_fixed<18, 8, 0, 0, 0> > >' [13]  (4.56 ns)

 <State 2>: 7.33ns
The critical path consists of the following:
	'call' operation ('__Val2__', firmware/nnet_utils/nnet_common.h:45->firmware/nnet_utils/nnet_common.h:45) to 'reduce<ap_fixed<18, 8, 0, 0, 0>, 4, Op_add<ap_fixed<18, 8, 0, 0, 0> > >' [14]  (4.56 ns)
	'add' operation ('__Val2__', firmware/nnet_utils/nnet_common.h:50->firmware/nnet_utils/nnet_common.h:45->firmware/nnet_utils/nnet_common.h:45) [19]  (0.797 ns)
	'select' operation ('select_ln388', firmware/nnet_utils/nnet_common.h:50->firmware/nnet_utils/nnet_common.h:45->firmware/nnet_utils/nnet_common.h:45) [27]  (0.293 ns)
	'select' operation ('__Val2__', firmware/nnet_utils/nnet_common.h:50->firmware/nnet_utils/nnet_common.h:45->firmware/nnet_utils/nnet_common.h:45) [28]  (0.293 ns)
	'add' operation ('__Val2__', firmware/nnet_utils/nnet_common.h:50->firmware/nnet_utils/nnet_common.h:45) [61]  (0.797 ns)
	'select' operation ('select_ln388_13', firmware/nnet_utils/nnet_common.h:50->firmware/nnet_utils/nnet_common.h:45) [69]  (0.293 ns)
	'select' operation ('select_ln340_33', firmware/nnet_utils/nnet_common.h:50->firmware/nnet_utils/nnet_common.h:45) [70]  (0.293 ns)


============================================================
+ Verbose Summary: Binding
============================================================
N/A
* FSMD analyzer results:
  - Output states:
 - Input state : 
  - Chain level:
	State 1
	State 2


============================================================
+ Verbose Summary: Datapath Resource usage 
============================================================
N/A
