

================================================================
== Vivado HLS Report for 'relu_array_ap_fixed_10u_array_ap_fixed_16_6_5_3_0_10u_relu_config10_s'
================================================================
* Date:           Tue Nov 28 14:21:14 2023

* Version:        2020.1 (Build 2897737 on Wed May 27 20:21:37 MDT 2020)
* Project:        myproject_prj
* Solution:       solution1
* Product family: virtexuplus
* Target device:  xcu280-fsvh2892-2L-e


================================================================
== Performance Estimates
================================================================
+ Timing: 
    * Summary: 
    +--------+----------+----------+------------+
    |  Clock |  Target  | Estimated| Uncertainty|
    +--------+----------+----------+------------+
    |ap_clk  | 10.00 ns | 2.377 ns |   1.25 ns  |
    +--------+----------+----------+------------+

+ Latency: 
    * Summary: 
    +---------+---------+-----------+-----------+-----+-----+----------+
    |  Latency (cycles) |   Latency (absolute)  |  Interval | Pipeline |
    |   min   |   max   |    min    |    max    | min | max |   Type   |
    +---------+---------+-----------+-----------+-----+-----+----------+
    |        1|        1| 10.000 ns | 10.000 ns |    1|    1| function |
    +---------+---------+-----------+-----------+-----+-----+----------+

    + Detail: 
        * Instance: 
        N/A

        * Loop: 
        N/A

============================================================
+ Verbose Summary: Synthesis Manager
============================================================
InlineROM: 1
ExposeGlobal: 0
============================================================
+ Verbose Summary: CDFG Model
============================================================
IsTopModel: 0
ResetActiveHigh: 1
IsCombinational: 2
IsDatapathOnly: 0
HasWiredReturn: 1
HasMFsm: 2
HasVarLatency: 0
IsPipeline: 1
IsRtlPipelined: 1
IsInstanceOverlapped: 0
IsDontTouch: 0
HasImplIP: 0
IsGatedGlobalClock: 0

+ Individual pipeline summary: 
  * Pipeline-0: initiation interval (II) = 1, depth = 2


============================================================
+ Verbose Summary: Schedule
============================================================
* Number of FSM states : 2
* Pipeline : 1
  Pipeline-0 : II = 1, D = 2, States = { 1 2 }
* Dataflow Pipeline: 0

* FSM state transitions: 
1 --> 2 
2 --> 

* FSM state operations: 

State 1 <SV = 0> <Delay = 2.37>
ST_1 : Operation 3 [1/1] (1.45ns)   --->   "%empty = call { i16, i16, i16, i16, i16, i16, i16, i16, i16, i16 } @_ssdm_op_Read.ap_fifo.volatile.i16P.i16P.i16P.i16P.i16P.i16P.i16P.i16P.i16P.i16P(i16* %data_V_data_0_V, i16* %data_V_data_1_V, i16* %data_V_data_2_V, i16* %data_V_data_3_V, i16* %data_V_data_4_V, i16* %data_V_data_5_V, i16* %data_V_data_6_V, i16* %data_V_data_7_V, i16* %data_V_data_8_V, i16* %data_V_data_9_V)" [firmware/nnet_utils/nnet_activation_stream.h:44]   --->   Operation 3 'read' 'empty' <Predicate = true> <Delay = 1.45> <Core = "FIFO">   --->   Core 32 'FIFO' <Latency = 0> <II = 1> <Delay = 1.45> <Storage> <Opcode : 'read' 'write' 'nbread' 'nbwrite'> <Ports = 0> <Width = 16> <Depth = 1> <FIFO>
ST_1 : Operation 4 [1/1] (0.00ns)   --->   "%tmp_data_V_0 = extractvalue { i16, i16, i16, i16, i16, i16, i16, i16, i16, i16 } %empty, 0" [firmware/nnet_utils/nnet_activation_stream.h:44]   --->   Operation 4 'extractvalue' 'tmp_data_V_0' <Predicate = true> <Delay = 0.00>
ST_1 : Operation 5 [1/1] (0.00ns)   --->   "%tmp_data_V_1 = extractvalue { i16, i16, i16, i16, i16, i16, i16, i16, i16, i16 } %empty, 1" [firmware/nnet_utils/nnet_activation_stream.h:44]   --->   Operation 5 'extractvalue' 'tmp_data_V_1' <Predicate = true> <Delay = 0.00>
ST_1 : Operation 6 [1/1] (0.00ns)   --->   "%tmp_data_V_2 = extractvalue { i16, i16, i16, i16, i16, i16, i16, i16, i16, i16 } %empty, 2" [firmware/nnet_utils/nnet_activation_stream.h:44]   --->   Operation 6 'extractvalue' 'tmp_data_V_2' <Predicate = true> <Delay = 0.00>
ST_1 : Operation 7 [1/1] (0.00ns)   --->   "%tmp_data_V_315 = extractvalue { i16, i16, i16, i16, i16, i16, i16, i16, i16, i16 } %empty, 3" [firmware/nnet_utils/nnet_activation_stream.h:44]   --->   Operation 7 'extractvalue' 'tmp_data_V_315' <Predicate = true> <Delay = 0.00>
ST_1 : Operation 8 [1/1] (0.00ns)   --->   "%tmp_data_V_4 = extractvalue { i16, i16, i16, i16, i16, i16, i16, i16, i16, i16 } %empty, 4" [firmware/nnet_utils/nnet_activation_stream.h:44]   --->   Operation 8 'extractvalue' 'tmp_data_V_4' <Predicate = true> <Delay = 0.00>
ST_1 : Operation 9 [1/1] (0.00ns)   --->   "%tmp_data_V_5 = extractvalue { i16, i16, i16, i16, i16, i16, i16, i16, i16, i16 } %empty, 5" [firmware/nnet_utils/nnet_activation_stream.h:44]   --->   Operation 9 'extractvalue' 'tmp_data_V_5' <Predicate = true> <Delay = 0.00>
ST_1 : Operation 10 [1/1] (0.00ns)   --->   "%tmp_data_V_6 = extractvalue { i16, i16, i16, i16, i16, i16, i16, i16, i16, i16 } %empty, 6" [firmware/nnet_utils/nnet_activation_stream.h:44]   --->   Operation 10 'extractvalue' 'tmp_data_V_6' <Predicate = true> <Delay = 0.00>
ST_1 : Operation 11 [1/1] (0.00ns)   --->   "%tmp_data_V_7 = extractvalue { i16, i16, i16, i16, i16, i16, i16, i16, i16, i16 } %empty, 7" [firmware/nnet_utils/nnet_activation_stream.h:44]   --->   Operation 11 'extractvalue' 'tmp_data_V_7' <Predicate = true> <Delay = 0.00>
ST_1 : Operation 12 [1/1] (0.00ns)   --->   "%tmp_data_V_8 = extractvalue { i16, i16, i16, i16, i16, i16, i16, i16, i16, i16 } %empty, 8" [firmware/nnet_utils/nnet_activation_stream.h:44]   --->   Operation 12 'extractvalue' 'tmp_data_V_8' <Predicate = true> <Delay = 0.00>
ST_1 : Operation 13 [1/1] (0.00ns)   --->   "%tmp_data_V_9 = extractvalue { i16, i16, i16, i16, i16, i16, i16, i16, i16, i16 } %empty, 9" [firmware/nnet_utils/nnet_activation_stream.h:44]   --->   Operation 13 'extractvalue' 'tmp_data_V_9' <Predicate = true> <Delay = 0.00>
ST_1 : Operation 14 [1/1] (0.67ns)   --->   "%icmp_ln1494 = icmp sgt i16 %tmp_data_V_0, 0" [firmware/nnet_utils/nnet_activation_stream.h:51]   --->   Operation 14 'icmp' 'icmp_ln1494' <Predicate = true> <Delay = 0.67> <Core = "Cmp">   --->   Core 25 'Cmp' <Latency = 0> <II = 1> <Delay = 0.67> <FuncUnit> <Opcode : 'icmp'> <InPorts = 2> <OutPorts = 1>
ST_1 : Operation 15 [1/1] (0.67ns)   --->   "%icmp_ln1494_1 = icmp sgt i16 %tmp_data_V_1, 0" [firmware/nnet_utils/nnet_activation_stream.h:51]   --->   Operation 15 'icmp' 'icmp_ln1494_1' <Predicate = true> <Delay = 0.67> <Core = "Cmp">   --->   Core 25 'Cmp' <Latency = 0> <II = 1> <Delay = 0.67> <FuncUnit> <Opcode : 'icmp'> <InPorts = 2> <OutPorts = 1>
ST_1 : Operation 16 [1/1] (0.67ns)   --->   "%icmp_ln1494_2 = icmp sgt i16 %tmp_data_V_2, 0" [firmware/nnet_utils/nnet_activation_stream.h:51]   --->   Operation 16 'icmp' 'icmp_ln1494_2' <Predicate = true> <Delay = 0.67> <Core = "Cmp">   --->   Core 25 'Cmp' <Latency = 0> <II = 1> <Delay = 0.67> <FuncUnit> <Opcode : 'icmp'> <InPorts = 2> <OutPorts = 1>
ST_1 : Operation 17 [1/1] (0.67ns)   --->   "%icmp_ln1494_3 = icmp sgt i16 %tmp_data_V_315, 0" [firmware/nnet_utils/nnet_activation_stream.h:51]   --->   Operation 17 'icmp' 'icmp_ln1494_3' <Predicate = true> <Delay = 0.67> <Core = "Cmp">   --->   Core 25 'Cmp' <Latency = 0> <II = 1> <Delay = 0.67> <FuncUnit> <Opcode : 'icmp'> <InPorts = 2> <OutPorts = 1>
ST_1 : Operation 18 [1/1] (0.67ns)   --->   "%icmp_ln1494_4 = icmp sgt i16 %tmp_data_V_4, 0" [firmware/nnet_utils/nnet_activation_stream.h:51]   --->   Operation 18 'icmp' 'icmp_ln1494_4' <Predicate = true> <Delay = 0.67> <Core = "Cmp">   --->   Core 25 'Cmp' <Latency = 0> <II = 1> <Delay = 0.67> <FuncUnit> <Opcode : 'icmp'> <InPorts = 2> <OutPorts = 1>
ST_1 : Operation 19 [1/1] (0.67ns)   --->   "%icmp_ln1494_5 = icmp sgt i16 %tmp_data_V_5, 0" [firmware/nnet_utils/nnet_activation_stream.h:51]   --->   Operation 19 'icmp' 'icmp_ln1494_5' <Predicate = true> <Delay = 0.67> <Core = "Cmp">   --->   Core 25 'Cmp' <Latency = 0> <II = 1> <Delay = 0.67> <FuncUnit> <Opcode : 'icmp'> <InPorts = 2> <OutPorts = 1>
ST_1 : Operation 20 [1/1] (0.67ns)   --->   "%icmp_ln1494_6 = icmp sgt i16 %tmp_data_V_6, 0" [firmware/nnet_utils/nnet_activation_stream.h:51]   --->   Operation 20 'icmp' 'icmp_ln1494_6' <Predicate = true> <Delay = 0.67> <Core = "Cmp">   --->   Core 25 'Cmp' <Latency = 0> <II = 1> <Delay = 0.67> <FuncUnit> <Opcode : 'icmp'> <InPorts = 2> <OutPorts = 1>
ST_1 : Operation 21 [1/1] (0.67ns)   --->   "%icmp_ln1494_7 = icmp sgt i16 %tmp_data_V_7, 0" [firmware/nnet_utils/nnet_activation_stream.h:51]   --->   Operation 21 'icmp' 'icmp_ln1494_7' <Predicate = true> <Delay = 0.67> <Core = "Cmp">   --->   Core 25 'Cmp' <Latency = 0> <II = 1> <Delay = 0.67> <FuncUnit> <Opcode : 'icmp'> <InPorts = 2> <OutPorts = 1>
ST_1 : Operation 22 [1/1] (0.67ns)   --->   "%icmp_ln1494_8 = icmp sgt i16 %tmp_data_V_8, 0" [firmware/nnet_utils/nnet_activation_stream.h:51]   --->   Operation 22 'icmp' 'icmp_ln1494_8' <Predicate = true> <Delay = 0.67> <Core = "Cmp">   --->   Core 25 'Cmp' <Latency = 0> <II = 1> <Delay = 0.67> <FuncUnit> <Opcode : 'icmp'> <InPorts = 2> <OutPorts = 1>
ST_1 : Operation 23 [1/1] (0.67ns)   --->   "%icmp_ln1494_9 = icmp sgt i16 %tmp_data_V_9, 0" [firmware/nnet_utils/nnet_activation_stream.h:51]   --->   Operation 23 'icmp' 'icmp_ln1494_9' <Predicate = true> <Delay = 0.67> <Core = "Cmp">   --->   Core 25 'Cmp' <Latency = 0> <II = 1> <Delay = 0.67> <FuncUnit> <Opcode : 'icmp'> <InPorts = 2> <OutPorts = 1>
ST_1 : Operation 24 [1/1] (0.24ns)   --->   "%tmp_data_0_V = select i1 %icmp_ln1494, i16 %tmp_data_V_0, i16 0" [firmware/nnet_utils/nnet_activation_stream.h:51]   --->   Operation 24 'select' 'tmp_data_0_V' <Predicate = true> <Delay = 0.24> <Core = "Sel">   --->   Core 26 'Sel' <Latency = 0> <II = 1> <Delay = 0.24> <FuncUnit> <Opcode : 'select'> <InPorts = 3> <OutPorts = 1>
ST_1 : Operation 25 [1/1] (0.24ns)   --->   "%tmp_data_1_V = select i1 %icmp_ln1494_1, i16 %tmp_data_V_1, i16 0" [firmware/nnet_utils/nnet_activation_stream.h:51]   --->   Operation 25 'select' 'tmp_data_1_V' <Predicate = true> <Delay = 0.24> <Core = "Sel">   --->   Core 26 'Sel' <Latency = 0> <II = 1> <Delay = 0.24> <FuncUnit> <Opcode : 'select'> <InPorts = 3> <OutPorts = 1>
ST_1 : Operation 26 [1/1] (0.24ns)   --->   "%tmp_data_2_V = select i1 %icmp_ln1494_2, i16 %tmp_data_V_2, i16 0" [firmware/nnet_utils/nnet_activation_stream.h:51]   --->   Operation 26 'select' 'tmp_data_2_V' <Predicate = true> <Delay = 0.24> <Core = "Sel">   --->   Core 26 'Sel' <Latency = 0> <II = 1> <Delay = 0.24> <FuncUnit> <Opcode : 'select'> <InPorts = 3> <OutPorts = 1>
ST_1 : Operation 27 [1/1] (0.24ns)   --->   "%tmp_data_3_V = select i1 %icmp_ln1494_3, i16 %tmp_data_V_315, i16 0" [firmware/nnet_utils/nnet_activation_stream.h:51]   --->   Operation 27 'select' 'tmp_data_3_V' <Predicate = true> <Delay = 0.24> <Core = "Sel">   --->   Core 26 'Sel' <Latency = 0> <II = 1> <Delay = 0.24> <FuncUnit> <Opcode : 'select'> <InPorts = 3> <OutPorts = 1>
ST_1 : Operation 28 [1/1] (0.24ns)   --->   "%tmp_data_4_V = select i1 %icmp_ln1494_4, i16 %tmp_data_V_4, i16 0" [firmware/nnet_utils/nnet_activation_stream.h:51]   --->   Operation 28 'select' 'tmp_data_4_V' <Predicate = true> <Delay = 0.24> <Core = "Sel">   --->   Core 26 'Sel' <Latency = 0> <II = 1> <Delay = 0.24> <FuncUnit> <Opcode : 'select'> <InPorts = 3> <OutPorts = 1>
ST_1 : Operation 29 [1/1] (0.24ns)   --->   "%tmp_data_5_V = select i1 %icmp_ln1494_5, i16 %tmp_data_V_5, i16 0" [firmware/nnet_utils/nnet_activation_stream.h:51]   --->   Operation 29 'select' 'tmp_data_5_V' <Predicate = true> <Delay = 0.24> <Core = "Sel">   --->   Core 26 'Sel' <Latency = 0> <II = 1> <Delay = 0.24> <FuncUnit> <Opcode : 'select'> <InPorts = 3> <OutPorts = 1>
ST_1 : Operation 30 [1/1] (0.24ns)   --->   "%tmp_data_6_V = select i1 %icmp_ln1494_6, i16 %tmp_data_V_6, i16 0" [firmware/nnet_utils/nnet_activation_stream.h:51]   --->   Operation 30 'select' 'tmp_data_6_V' <Predicate = true> <Delay = 0.24> <Core = "Sel">   --->   Core 26 'Sel' <Latency = 0> <II = 1> <Delay = 0.24> <FuncUnit> <Opcode : 'select'> <InPorts = 3> <OutPorts = 1>
ST_1 : Operation 31 [1/1] (0.24ns)   --->   "%tmp_data_7_V = select i1 %icmp_ln1494_7, i16 %tmp_data_V_7, i16 0" [firmware/nnet_utils/nnet_activation_stream.h:51]   --->   Operation 31 'select' 'tmp_data_7_V' <Predicate = true> <Delay = 0.24> <Core = "Sel">   --->   Core 26 'Sel' <Latency = 0> <II = 1> <Delay = 0.24> <FuncUnit> <Opcode : 'select'> <InPorts = 3> <OutPorts = 1>
ST_1 : Operation 32 [1/1] (0.24ns)   --->   "%tmp_data_8_V = select i1 %icmp_ln1494_8, i16 %tmp_data_V_8, i16 0" [firmware/nnet_utils/nnet_activation_stream.h:51]   --->   Operation 32 'select' 'tmp_data_8_V' <Predicate = true> <Delay = 0.24> <Core = "Sel">   --->   Core 26 'Sel' <Latency = 0> <II = 1> <Delay = 0.24> <FuncUnit> <Opcode : 'select'> <InPorts = 3> <OutPorts = 1>
ST_1 : Operation 33 [1/1] (0.24ns)   --->   "%tmp_data_9_V = select i1 %icmp_ln1494_9, i16 %tmp_data_V_9, i16 0" [firmware/nnet_utils/nnet_activation_stream.h:51]   --->   Operation 33 'select' 'tmp_data_9_V' <Predicate = true> <Delay = 0.24> <Core = "Sel">   --->   Core 26 'Sel' <Latency = 0> <II = 1> <Delay = 0.24> <FuncUnit> <Opcode : 'select'> <InPorts = 3> <OutPorts = 1>
ST_1 : Operation 34 [2/2] (0.00ns)   --->   "call void @_ssdm_op_Write.axis.volatile.i16P.i16P.i16P.i16P.i16P.i16P.i16P.i16P.i16P.i16P(i16* %res_V_data_0_V, i16* %res_V_data_1_V, i16* %res_V_data_2_V, i16* %res_V_data_3_V, i16* %res_V_data_4_V, i16* %res_V_data_5_V, i16* %res_V_data_6_V, i16* %res_V_data_7_V, i16* %res_V_data_8_V, i16* %res_V_data_9_V, i16 %tmp_data_0_V, i16 %tmp_data_1_V, i16 %tmp_data_2_V, i16 %tmp_data_3_V, i16 %tmp_data_4_V, i16 %tmp_data_5_V, i16 %tmp_data_6_V, i16 %tmp_data_7_V, i16 %tmp_data_8_V, i16 %tmp_data_9_V)" [firmware/nnet_utils/nnet_activation_stream.h:57]   --->   Operation 34 'write' <Predicate = true> <Delay = 0.00> <Core = "AXI4Stream">   --->   Core 5 'AXI4Stream' <Latency = 0> <II = 1> <Delay = 1.00> <Adapter> <Opcode : >

State 2 <SV = 1> <Delay = 0.00>
ST_2 : Operation 35 [1/1] (0.00ns)   --->   "call void (...)* @_ssdm_op_SpecInterface(i16* %data_V_data_9_V, [8 x i8]* @ap_fifo_str, i32 0, i32 0, [1 x i8]* @p_str491, i32 0, i32 0, [1 x i8]* @p_str492, [1 x i8]* @p_str493, [1 x i8]* @p_str494, i32 2, i32 2, i32 16, i32 16, [1 x i8]* @p_str495, [1 x i8]* @p_str496)"   --->   Operation 35 'specinterface' <Predicate = true> <Delay = 0.00>
ST_2 : Operation 36 [1/1] (0.00ns)   --->   "call void (...)* @_ssdm_op_SpecInterface(i16* %data_V_data_8_V, [8 x i8]* @ap_fifo_str, i32 0, i32 0, [1 x i8]* @p_str484, i32 0, i32 0, [1 x i8]* @p_str485, [1 x i8]* @p_str486, [1 x i8]* @p_str487, i32 2, i32 2, i32 16, i32 16, [1 x i8]* @p_str488, [1 x i8]* @p_str489)"   --->   Operation 36 'specinterface' <Predicate = true> <Delay = 0.00>
ST_2 : Operation 37 [1/1] (0.00ns)   --->   "call void (...)* @_ssdm_op_SpecInterface(i16* %data_V_data_7_V, [8 x i8]* @ap_fifo_str, i32 0, i32 0, [1 x i8]* @p_str477, i32 0, i32 0, [1 x i8]* @p_str478, [1 x i8]* @p_str479, [1 x i8]* @p_str480, i32 2, i32 2, i32 16, i32 16, [1 x i8]* @p_str481, [1 x i8]* @p_str482)"   --->   Operation 37 'specinterface' <Predicate = true> <Delay = 0.00>
ST_2 : Operation 38 [1/1] (0.00ns)   --->   "call void (...)* @_ssdm_op_SpecInterface(i16* %data_V_data_6_V, [8 x i8]* @ap_fifo_str, i32 0, i32 0, [1 x i8]* @p_str470, i32 0, i32 0, [1 x i8]* @p_str471, [1 x i8]* @p_str472, [1 x i8]* @p_str473, i32 2, i32 2, i32 16, i32 16, [1 x i8]* @p_str474, [1 x i8]* @p_str475)"   --->   Operation 38 'specinterface' <Predicate = true> <Delay = 0.00>
ST_2 : Operation 39 [1/1] (0.00ns)   --->   "call void (...)* @_ssdm_op_SpecInterface(i16* %data_V_data_5_V, [8 x i8]* @ap_fifo_str, i32 0, i32 0, [1 x i8]* @p_str463, i32 0, i32 0, [1 x i8]* @p_str464, [1 x i8]* @p_str465, [1 x i8]* @p_str466, i32 2, i32 2, i32 16, i32 16, [1 x i8]* @p_str467, [1 x i8]* @p_str468)"   --->   Operation 39 'specinterface' <Predicate = true> <Delay = 0.00>
ST_2 : Operation 40 [1/1] (0.00ns)   --->   "call void (...)* @_ssdm_op_SpecInterface(i16* %data_V_data_4_V, [8 x i8]* @ap_fifo_str, i32 0, i32 0, [1 x i8]* @p_str456, i32 0, i32 0, [1 x i8]* @p_str457, [1 x i8]* @p_str458, [1 x i8]* @p_str459, i32 2, i32 2, i32 16, i32 16, [1 x i8]* @p_str460, [1 x i8]* @p_str461)"   --->   Operation 40 'specinterface' <Predicate = true> <Delay = 0.00>
ST_2 : Operation 41 [1/1] (0.00ns)   --->   "call void (...)* @_ssdm_op_SpecInterface(i16* %data_V_data_3_V, [8 x i8]* @ap_fifo_str, i32 0, i32 0, [1 x i8]* @p_str449, i32 0, i32 0, [1 x i8]* @p_str450, [1 x i8]* @p_str451, [1 x i8]* @p_str452, i32 2, i32 2, i32 16, i32 16, [1 x i8]* @p_str453, [1 x i8]* @p_str454)"   --->   Operation 41 'specinterface' <Predicate = true> <Delay = 0.00>
ST_2 : Operation 42 [1/1] (0.00ns)   --->   "call void (...)* @_ssdm_op_SpecInterface(i16* %data_V_data_2_V, [8 x i8]* @ap_fifo_str, i32 0, i32 0, [1 x i8]* @p_str442, i32 0, i32 0, [1 x i8]* @p_str443, [1 x i8]* @p_str444, [1 x i8]* @p_str445, i32 2, i32 2, i32 16, i32 16, [1 x i8]* @p_str446, [1 x i8]* @p_str447)"   --->   Operation 42 'specinterface' <Predicate = true> <Delay = 0.00>
ST_2 : Operation 43 [1/1] (0.00ns)   --->   "call void (...)* @_ssdm_op_SpecInterface(i16* %data_V_data_1_V, [8 x i8]* @ap_fifo_str, i32 0, i32 0, [1 x i8]* @p_str435, i32 0, i32 0, [1 x i8]* @p_str436, [1 x i8]* @p_str437, [1 x i8]* @p_str438, i32 2, i32 2, i32 16, i32 16, [1 x i8]* @p_str439, [1 x i8]* @p_str440)"   --->   Operation 43 'specinterface' <Predicate = true> <Delay = 0.00>
ST_2 : Operation 44 [1/1] (0.00ns)   --->   "call void (...)* @_ssdm_op_SpecInterface(i16* %data_V_data_0_V, [8 x i8]* @ap_fifo_str, i32 0, i32 0, [1 x i8]* @p_str428, i32 0, i32 0, [1 x i8]* @p_str429, [1 x i8]* @p_str430, [1 x i8]* @p_str431, i32 2, i32 2, i32 16, i32 16, [1 x i8]* @p_str432, [1 x i8]* @p_str433)"   --->   Operation 44 'specinterface' <Predicate = true> <Delay = 0.00>
ST_2 : Operation 45 [1/1] (0.00ns)   --->   "call void (...)* @_ssdm_op_SpecInterface(i16* %res_V_data_0_V, [5 x i8]* @p_str, i32 1, i32 1, [5 x i8]* @p_str9, i32 0, i32 0, [1 x i8]* @p_str10, [1 x i8]* @p_str10, [1 x i8]* @p_str10, i32 0, i32 0, i32 0, i32 0, [1 x i8]* @p_str10, [1 x i8]* @p_str10)"   --->   Operation 45 'specinterface' <Predicate = true> <Delay = 0.00>
ST_2 : Operation 46 [1/1] (0.00ns)   --->   "call void (...)* @_ssdm_op_SpecInterface(i16* %res_V_data_1_V, [5 x i8]* @p_str, i32 1, i32 1, [5 x i8]* @p_str9, i32 0, i32 0, [1 x i8]* @p_str10, [1 x i8]* @p_str10, [1 x i8]* @p_str10, i32 0, i32 0, i32 0, i32 0, [1 x i8]* @p_str10, [1 x i8]* @p_str10)"   --->   Operation 46 'specinterface' <Predicate = true> <Delay = 0.00>
ST_2 : Operation 47 [1/1] (0.00ns)   --->   "call void (...)* @_ssdm_op_SpecInterface(i16* %res_V_data_2_V, [5 x i8]* @p_str, i32 1, i32 1, [5 x i8]* @p_str9, i32 0, i32 0, [1 x i8]* @p_str10, [1 x i8]* @p_str10, [1 x i8]* @p_str10, i32 0, i32 0, i32 0, i32 0, [1 x i8]* @p_str10, [1 x i8]* @p_str10)"   --->   Operation 47 'specinterface' <Predicate = true> <Delay = 0.00>
ST_2 : Operation 48 [1/1] (0.00ns)   --->   "call void (...)* @_ssdm_op_SpecInterface(i16* %res_V_data_3_V, [5 x i8]* @p_str, i32 1, i32 1, [5 x i8]* @p_str9, i32 0, i32 0, [1 x i8]* @p_str10, [1 x i8]* @p_str10, [1 x i8]* @p_str10, i32 0, i32 0, i32 0, i32 0, [1 x i8]* @p_str10, [1 x i8]* @p_str10)"   --->   Operation 48 'specinterface' <Predicate = true> <Delay = 0.00>
ST_2 : Operation 49 [1/1] (0.00ns)   --->   "call void (...)* @_ssdm_op_SpecInterface(i16* %res_V_data_4_V, [5 x i8]* @p_str, i32 1, i32 1, [5 x i8]* @p_str9, i32 0, i32 0, [1 x i8]* @p_str10, [1 x i8]* @p_str10, [1 x i8]* @p_str10, i32 0, i32 0, i32 0, i32 0, [1 x i8]* @p_str10, [1 x i8]* @p_str10)"   --->   Operation 49 'specinterface' <Predicate = true> <Delay = 0.00>
ST_2 : Operation 50 [1/1] (0.00ns)   --->   "call void (...)* @_ssdm_op_SpecInterface(i16* %res_V_data_5_V, [5 x i8]* @p_str, i32 1, i32 1, [5 x i8]* @p_str9, i32 0, i32 0, [1 x i8]* @p_str10, [1 x i8]* @p_str10, [1 x i8]* @p_str10, i32 0, i32 0, i32 0, i32 0, [1 x i8]* @p_str10, [1 x i8]* @p_str10)"   --->   Operation 50 'specinterface' <Predicate = true> <Delay = 0.00>
ST_2 : Operation 51 [1/1] (0.00ns)   --->   "call void (...)* @_ssdm_op_SpecInterface(i16* %res_V_data_6_V, [5 x i8]* @p_str, i32 1, i32 1, [5 x i8]* @p_str9, i32 0, i32 0, [1 x i8]* @p_str10, [1 x i8]* @p_str10, [1 x i8]* @p_str10, i32 0, i32 0, i32 0, i32 0, [1 x i8]* @p_str10, [1 x i8]* @p_str10)"   --->   Operation 51 'specinterface' <Predicate = true> <Delay = 0.00>
ST_2 : Operation 52 [1/1] (0.00ns)   --->   "call void (...)* @_ssdm_op_SpecInterface(i16* %res_V_data_7_V, [5 x i8]* @p_str, i32 1, i32 1, [5 x i8]* @p_str9, i32 0, i32 0, [1 x i8]* @p_str10, [1 x i8]* @p_str10, [1 x i8]* @p_str10, i32 0, i32 0, i32 0, i32 0, [1 x i8]* @p_str10, [1 x i8]* @p_str10)"   --->   Operation 52 'specinterface' <Predicate = true> <Delay = 0.00>
ST_2 : Operation 53 [1/1] (0.00ns)   --->   "call void (...)* @_ssdm_op_SpecInterface(i16* %res_V_data_8_V, [5 x i8]* @p_str, i32 1, i32 1, [5 x i8]* @p_str9, i32 0, i32 0, [1 x i8]* @p_str10, [1 x i8]* @p_str10, [1 x i8]* @p_str10, i32 0, i32 0, i32 0, i32 0, [1 x i8]* @p_str10, [1 x i8]* @p_str10)"   --->   Operation 53 'specinterface' <Predicate = true> <Delay = 0.00>
ST_2 : Operation 54 [1/1] (0.00ns)   --->   "call void (...)* @_ssdm_op_SpecInterface(i16* %res_V_data_9_V, [5 x i8]* @p_str, i32 1, i32 1, [5 x i8]* @p_str9, i32 0, i32 0, [1 x i8]* @p_str10, [1 x i8]* @p_str10, [1 x i8]* @p_str10, i32 0, i32 0, i32 0, i32 0, [1 x i8]* @p_str10, [1 x i8]* @p_str10)"   --->   Operation 54 'specinterface' <Predicate = true> <Delay = 0.00>
ST_2 : Operation 55 [1/1] (0.00ns)   --->   "call void (...)* @_ssdm_op_SpecLoopName([12 x i8]* @p_str18) nounwind" [firmware/nnet_utils/nnet_activation_stream.h:41]   --->   Operation 55 'specloopname' <Predicate = true> <Delay = 0.00>
ST_2 : Operation 56 [1/1] (0.00ns)   --->   "%tmp = call i32 (...)* @_ssdm_op_SpecRegionBegin([12 x i8]* @p_str18)" [firmware/nnet_utils/nnet_activation_stream.h:41]   --->   Operation 56 'specregionbegin' 'tmp' <Predicate = true> <Delay = 0.00>
ST_2 : Operation 57 [1/1] (0.00ns)   --->   "call void (...)* @_ssdm_op_SpecPipeline(i32 -1, i32 1, i32 1, i32 0, [1 x i8]* @p_str10) nounwind" [firmware/nnet_utils/nnet_activation_stream.h:42]   --->   Operation 57 'specpipeline' <Predicate = true> <Delay = 0.00>
ST_2 : Operation 58 [1/2] (0.00ns)   --->   "call void @_ssdm_op_Write.axis.volatile.i16P.i16P.i16P.i16P.i16P.i16P.i16P.i16P.i16P.i16P(i16* %res_V_data_0_V, i16* %res_V_data_1_V, i16* %res_V_data_2_V, i16* %res_V_data_3_V, i16* %res_V_data_4_V, i16* %res_V_data_5_V, i16* %res_V_data_6_V, i16* %res_V_data_7_V, i16* %res_V_data_8_V, i16* %res_V_data_9_V, i16 %tmp_data_0_V, i16 %tmp_data_1_V, i16 %tmp_data_2_V, i16 %tmp_data_3_V, i16 %tmp_data_4_V, i16 %tmp_data_5_V, i16 %tmp_data_6_V, i16 %tmp_data_7_V, i16 %tmp_data_8_V, i16 %tmp_data_9_V)" [firmware/nnet_utils/nnet_activation_stream.h:57]   --->   Operation 58 'write' <Predicate = true> <Delay = 0.00> <Core = "AXI4Stream">   --->   Core 5 'AXI4Stream' <Latency = 0> <II = 1> <Delay = 1.00> <Adapter> <Opcode : >
ST_2 : Operation 59 [1/1] (0.00ns)   --->   "%empty_16 = call i32 (...)* @_ssdm_op_SpecRegionEnd([12 x i8]* @p_str18, i32 %tmp)" [firmware/nnet_utils/nnet_activation_stream.h:58]   --->   Operation 59 'specregionend' 'empty_16' <Predicate = true> <Delay = 0.00>
ST_2 : Operation 60 [1/1] (0.00ns)   --->   "ret void" [firmware/nnet_utils/nnet_activation_stream.h:59]   --->   Operation 60 'ret' <Predicate = true> <Delay = 0.00>


============================================================
+ Verbose Summary: Binding
============================================================
STG Binding: 
---------------- STG Properties BEGIN ----------------
- Is combinational: 0
- Is one-state seq: 0
- Is datapath-only: 0
- Is pipelined: 1
- Is top level: 0
Port [ Return ] is wired: 1; IO mode=ap_ctrl_hs:ce=0
Port [ data_V_data_0_V]:  wired=1; compound=1; hidden=0; nouse=0; global=0; static=0; extern=0; dir=0; type=3; pingpong=0; private_global=0; IO mode=ap_fifo:ce=0
Port [ data_V_data_1_V]:  wired=1; compound=1; hidden=0; nouse=0; global=0; static=0; extern=0; dir=0; type=3; pingpong=0; private_global=0; IO mode=ap_fifo:ce=0
Port [ data_V_data_2_V]:  wired=1; compound=1; hidden=0; nouse=0; global=0; static=0; extern=0; dir=0; type=3; pingpong=0; private_global=0; IO mode=ap_fifo:ce=0
Port [ data_V_data_3_V]:  wired=1; compound=1; hidden=0; nouse=0; global=0; static=0; extern=0; dir=0; type=3; pingpong=0; private_global=0; IO mode=ap_fifo:ce=0
Port [ data_V_data_4_V]:  wired=1; compound=1; hidden=0; nouse=0; global=0; static=0; extern=0; dir=0; type=3; pingpong=0; private_global=0; IO mode=ap_fifo:ce=0
Port [ data_V_data_5_V]:  wired=1; compound=1; hidden=0; nouse=0; global=0; static=0; extern=0; dir=0; type=3; pingpong=0; private_global=0; IO mode=ap_fifo:ce=0
Port [ data_V_data_6_V]:  wired=1; compound=1; hidden=0; nouse=0; global=0; static=0; extern=0; dir=0; type=3; pingpong=0; private_global=0; IO mode=ap_fifo:ce=0
Port [ data_V_data_7_V]:  wired=1; compound=1; hidden=0; nouse=0; global=0; static=0; extern=0; dir=0; type=3; pingpong=0; private_global=0; IO mode=ap_fifo:ce=0
Port [ data_V_data_8_V]:  wired=1; compound=1; hidden=0; nouse=0; global=0; static=0; extern=0; dir=0; type=3; pingpong=0; private_global=0; IO mode=ap_fifo:ce=0
Port [ data_V_data_9_V]:  wired=1; compound=1; hidden=0; nouse=0; global=0; static=0; extern=0; dir=0; type=3; pingpong=0; private_global=0; IO mode=ap_fifo:ce=0
Port [ res_V_data_0_V]:  wired=1; compound=1; hidden=0; nouse=0; global=0; static=0; extern=0; dir=1; type=0; pingpong=0; private_global=0; IO mode=axis:ce=0
Port [ res_V_data_1_V]:  wired=1; compound=1; hidden=0; nouse=0; global=0; static=0; extern=0; dir=1; type=0; pingpong=0; private_global=0; IO mode=axis:ce=0
Port [ res_V_data_2_V]:  wired=1; compound=1; hidden=0; nouse=0; global=0; static=0; extern=0; dir=1; type=0; pingpong=0; private_global=0; IO mode=axis:ce=0
Port [ res_V_data_3_V]:  wired=1; compound=1; hidden=0; nouse=0; global=0; static=0; extern=0; dir=1; type=0; pingpong=0; private_global=0; IO mode=axis:ce=0
Port [ res_V_data_4_V]:  wired=1; compound=1; hidden=0; nouse=0; global=0; static=0; extern=0; dir=1; type=0; pingpong=0; private_global=0; IO mode=axis:ce=0
Port [ res_V_data_5_V]:  wired=1; compound=1; hidden=0; nouse=0; global=0; static=0; extern=0; dir=1; type=0; pingpong=0; private_global=0; IO mode=axis:ce=0
Port [ res_V_data_6_V]:  wired=1; compound=1; hidden=0; nouse=0; global=0; static=0; extern=0; dir=1; type=0; pingpong=0; private_global=0; IO mode=axis:ce=0
Port [ res_V_data_7_V]:  wired=1; compound=1; hidden=0; nouse=0; global=0; static=0; extern=0; dir=1; type=0; pingpong=0; private_global=0; IO mode=axis:ce=0
Port [ res_V_data_8_V]:  wired=1; compound=1; hidden=0; nouse=0; global=0; static=0; extern=0; dir=1; type=0; pingpong=0; private_global=0; IO mode=axis:ce=0
Port [ res_V_data_9_V]:  wired=1; compound=1; hidden=0; nouse=0; global=0; static=0; extern=0; dir=1; type=0; pingpong=0; private_global=0; IO mode=axis:ce=0
---------------- STG Properties END ------------------

---------------- Datapath Model BEGIN ----------------

<LifeTime>
<method=bitvector/>
empty             (read           ) [ 000]
tmp_data_V_0      (extractvalue   ) [ 000]
tmp_data_V_1      (extractvalue   ) [ 000]
tmp_data_V_2      (extractvalue   ) [ 000]
tmp_data_V_315    (extractvalue   ) [ 000]
tmp_data_V_4      (extractvalue   ) [ 000]
tmp_data_V_5      (extractvalue   ) [ 000]
tmp_data_V_6      (extractvalue   ) [ 000]
tmp_data_V_7      (extractvalue   ) [ 000]
tmp_data_V_8      (extractvalue   ) [ 000]
tmp_data_V_9      (extractvalue   ) [ 000]
icmp_ln1494       (icmp           ) [ 000]
icmp_ln1494_1     (icmp           ) [ 000]
icmp_ln1494_2     (icmp           ) [ 000]
icmp_ln1494_3     (icmp           ) [ 000]
icmp_ln1494_4     (icmp           ) [ 000]
icmp_ln1494_5     (icmp           ) [ 000]
icmp_ln1494_6     (icmp           ) [ 000]
icmp_ln1494_7     (icmp           ) [ 000]
icmp_ln1494_8     (icmp           ) [ 000]
icmp_ln1494_9     (icmp           ) [ 000]
tmp_data_0_V      (select         ) [ 011]
tmp_data_1_V      (select         ) [ 011]
tmp_data_2_V      (select         ) [ 011]
tmp_data_3_V      (select         ) [ 011]
tmp_data_4_V      (select         ) [ 011]
tmp_data_5_V      (select         ) [ 011]
tmp_data_6_V      (select         ) [ 011]
tmp_data_7_V      (select         ) [ 011]
tmp_data_8_V      (select         ) [ 011]
tmp_data_9_V      (select         ) [ 011]
specinterface_ln0 (specinterface  ) [ 000]
specinterface_ln0 (specinterface  ) [ 000]
specinterface_ln0 (specinterface  ) [ 000]
specinterface_ln0 (specinterface  ) [ 000]
specinterface_ln0 (specinterface  ) [ 000]
specinterface_ln0 (specinterface  ) [ 000]
specinterface_ln0 (specinterface  ) [ 000]
specinterface_ln0 (specinterface  ) [ 000]
specinterface_ln0 (specinterface  ) [ 000]
specinterface_ln0 (specinterface  ) [ 000]
specinterface_ln0 (specinterface  ) [ 000]
specinterface_ln0 (specinterface  ) [ 000]
specinterface_ln0 (specinterface  ) [ 000]
specinterface_ln0 (specinterface  ) [ 000]
specinterface_ln0 (specinterface  ) [ 000]
specinterface_ln0 (specinterface  ) [ 000]
specinterface_ln0 (specinterface  ) [ 000]
specinterface_ln0 (specinterface  ) [ 000]
specinterface_ln0 (specinterface  ) [ 000]
specinterface_ln0 (specinterface  ) [ 000]
specloopname_ln41 (specloopname   ) [ 000]
tmp               (specregionbegin) [ 000]
specpipeline_ln42 (specpipeline   ) [ 000]
write_ln57        (write          ) [ 000]
empty_16          (specregionend  ) [ 000]
ret_ln59          (ret            ) [ 000]
</LifeTime>

<model>

<comp_list>
<comp id="0" class="1000" name="data_V_data_0_V">
<pin_list>
<pin id="1" dir="1" index="0" bw="1" slack="0"/>
</pin_list>
<bind>
<StgValue><ssdm name="data_V_data_0_V"/></StgValue>
</bind>
</comp>

<comp id="2" class="1000" name="data_V_data_1_V">
<pin_list>
<pin id="3" dir="1" index="0" bw="1" slack="0"/>
</pin_list>
<bind>
<StgValue><ssdm name="data_V_data_1_V"/></StgValue>
</bind>
</comp>

<comp id="4" class="1000" name="data_V_data_2_V">
<pin_list>
<pin id="5" dir="1" index="0" bw="1" slack="0"/>
</pin_list>
<bind>
<StgValue><ssdm name="data_V_data_2_V"/></StgValue>
</bind>
</comp>

<comp id="6" class="1000" name="data_V_data_3_V">
<pin_list>
<pin id="7" dir="1" index="0" bw="1" slack="0"/>
</pin_list>
<bind>
<StgValue><ssdm name="data_V_data_3_V"/></StgValue>
</bind>
</comp>

<comp id="8" class="1000" name="data_V_data_4_V">
<pin_list>
<pin id="9" dir="1" index="0" bw="1" slack="0"/>
</pin_list>
<bind>
<StgValue><ssdm name="data_V_data_4_V"/></StgValue>
</bind>
</comp>

<comp id="10" class="1000" name="data_V_data_5_V">
<pin_list>
<pin id="11" dir="1" index="0" bw="1" slack="0"/>
</pin_list>
<bind>
<StgValue><ssdm name="data_V_data_5_V"/></StgValue>
</bind>
</comp>

<comp id="12" class="1000" name="data_V_data_6_V">
<pin_list>
<pin id="13" dir="1" index="0" bw="1" slack="0"/>
</pin_list>
<bind>
<StgValue><ssdm name="data_V_data_6_V"/></StgValue>
</bind>
</comp>

<comp id="14" class="1000" name="data_V_data_7_V">
<pin_list>
<pin id="15" dir="1" index="0" bw="1" slack="0"/>
</pin_list>
<bind>
<StgValue><ssdm name="data_V_data_7_V"/></StgValue>
</bind>
</comp>

<comp id="16" class="1000" name="data_V_data_8_V">
<pin_list>
<pin id="17" dir="1" index="0" bw="1" slack="0"/>
</pin_list>
<bind>
<StgValue><ssdm name="data_V_data_8_V"/></StgValue>
</bind>
</comp>

<comp id="18" class="1000" name="data_V_data_9_V">
<pin_list>
<pin id="19" dir="1" index="0" bw="1" slack="0"/>
</pin_list>
<bind>
<StgValue><ssdm name="data_V_data_9_V"/></StgValue>
</bind>
</comp>

<comp id="20" class="1000" name="res_V_data_0_V">
<pin_list>
<pin id="21" dir="1" index="0" bw="1" slack="0"/>
</pin_list>
<bind>
<StgValue><ssdm name="res_V_data_0_V"/></StgValue>
</bind>
</comp>

<comp id="22" class="1000" name="res_V_data_1_V">
<pin_list>
<pin id="23" dir="1" index="0" bw="1" slack="0"/>
</pin_list>
<bind>
<StgValue><ssdm name="res_V_data_1_V"/></StgValue>
</bind>
</comp>

<comp id="24" class="1000" name="res_V_data_2_V">
<pin_list>
<pin id="25" dir="1" index="0" bw="1" slack="0"/>
</pin_list>
<bind>
<StgValue><ssdm name="res_V_data_2_V"/></StgValue>
</bind>
</comp>

<comp id="26" class="1000" name="res_V_data_3_V">
<pin_list>
<pin id="27" dir="1" index="0" bw="1" slack="0"/>
</pin_list>
<bind>
<StgValue><ssdm name="res_V_data_3_V"/></StgValue>
</bind>
</comp>

<comp id="28" class="1000" name="res_V_data_4_V">
<pin_list>
<pin id="29" dir="1" index="0" bw="1" slack="0"/>
</pin_list>
<bind>
<StgValue><ssdm name="res_V_data_4_V"/></StgValue>
</bind>
</comp>

<comp id="30" class="1000" name="res_V_data_5_V">
<pin_list>
<pin id="31" dir="1" index="0" bw="1" slack="0"/>
</pin_list>
<bind>
<StgValue><ssdm name="res_V_data_5_V"/></StgValue>
</bind>
</comp>

<comp id="32" class="1000" name="res_V_data_6_V">
<pin_list>
<pin id="33" dir="1" index="0" bw="1" slack="0"/>
</pin_list>
<bind>
<StgValue><ssdm name="res_V_data_6_V"/></StgValue>
</bind>
</comp>

<comp id="34" class="1000" name="res_V_data_7_V">
<pin_list>
<pin id="35" dir="1" index="0" bw="1" slack="0"/>
</pin_list>
<bind>
<StgValue><ssdm name="res_V_data_7_V"/></StgValue>
</bind>
</comp>

<comp id="36" class="1000" name="res_V_data_8_V">
<pin_list>
<pin id="37" dir="1" index="0" bw="1" slack="0"/>
</pin_list>
<bind>
<StgValue><ssdm name="res_V_data_8_V"/></StgValue>
</bind>
</comp>

<comp id="38" class="1000" name="res_V_data_9_V">
<pin_list>
<pin id="39" dir="1" index="0" bw="1" slack="0"/>
</pin_list>
<bind>
<StgValue><ssdm name="res_V_data_9_V"/></StgValue>
</bind>
</comp>

<comp id="40" class="1001" name="const_40">
<pin_list>
<pin id="41" dir="1" index="0" bw="1" slack="0"/>
</pin_list>
<bind>
<StgValue><ssdm name="_ssdm_op_Read.ap_fifo.volatile.i16P.i16P.i16P.i16P.i16P.i16P.i16P.i16P.i16P.i16P"/></StgValue>
</bind>
</comp>

<comp id="42" class="1001" name="const_42">
<pin_list>
<pin id="43" dir="1" index="0" bw="1" slack="0"/>
</pin_list>
<bind>
<StgValue><ssdm name=""/></StgValue>
</bind>
</comp>

<comp id="44" class="1001" name="const_44">
<pin_list>
<pin id="45" dir="1" index="0" bw="1" slack="0"/>
</pin_list>
<bind>
<StgValue><ssdm name="_ssdm_op_Write.axis.volatile.i16P.i16P.i16P.i16P.i16P.i16P.i16P.i16P.i16P.i16P"/></StgValue>
</bind>
</comp>

<comp id="46" class="1001" name="const_46">
<pin_list>
<pin id="47" dir="1" index="0" bw="1" slack="2147483647"/>
</pin_list>
<bind>
<StgValue><ssdm name="_ssdm_op_SpecInterface"/></StgValue>
</bind>
</comp>

<comp id="48" class="1001" name="const_48">
<pin_list>
<pin id="49" dir="1" index="0" bw="1" slack="2147483647"/>
</pin_list>
<bind>
<StgValue><ssdm name="ap_fifo_str"/></StgValue>
</bind>
</comp>

<comp id="50" class="1001" name="const_50">
<pin_list>
<pin id="51" dir="1" index="0" bw="1" slack="2147483647"/>
</pin_list>
<bind>
<StgValue><ssdm name=""/></StgValue>
</bind>
</comp>

<comp id="52" class="1001" name="const_52">
<pin_list>
<pin id="53" dir="1" index="0" bw="1" slack="2147483647"/>
</pin_list>
<bind>
<StgValue><ssdm name="p_str491"/></StgValue>
</bind>
</comp>

<comp id="54" class="1001" name="const_54">
<pin_list>
<pin id="55" dir="1" index="0" bw="1" slack="2147483647"/>
</pin_list>
<bind>
<StgValue><ssdm name="p_str492"/></StgValue>
</bind>
</comp>

<comp id="56" class="1001" name="const_56">
<pin_list>
<pin id="57" dir="1" index="0" bw="1" slack="2147483647"/>
</pin_list>
<bind>
<StgValue><ssdm name="p_str493"/></StgValue>
</bind>
</comp>

<comp id="58" class="1001" name="const_58">
<pin_list>
<pin id="59" dir="1" index="0" bw="1" slack="2147483647"/>
</pin_list>
<bind>
<StgValue><ssdm name="p_str494"/></StgValue>
</bind>
</comp>

<comp id="60" class="1001" name="const_60">
<pin_list>
<pin id="61" dir="1" index="0" bw="1" slack="2147483647"/>
</pin_list>
<bind>
<StgValue><ssdm name=""/></StgValue>
</bind>
</comp>

<comp id="62" class="1001" name="const_62">
<pin_list>
<pin id="63" dir="1" index="0" bw="1" slack="2147483647"/>
</pin_list>
<bind>
<StgValue><ssdm name=""/></StgValue>
</bind>
</comp>

<comp id="64" class="1001" name="const_64">
<pin_list>
<pin id="65" dir="1" index="0" bw="1" slack="2147483647"/>
</pin_list>
<bind>
<StgValue><ssdm name="p_str495"/></StgValue>
</bind>
</comp>

<comp id="66" class="1001" name="const_66">
<pin_list>
<pin id="67" dir="1" index="0" bw="1" slack="2147483647"/>
</pin_list>
<bind>
<StgValue><ssdm name="p_str496"/></StgValue>
</bind>
</comp>

<comp id="68" class="1001" name="const_68">
<pin_list>
<pin id="69" dir="1" index="0" bw="1" slack="2147483647"/>
</pin_list>
<bind>
<StgValue><ssdm name="p_str484"/></StgValue>
</bind>
</comp>

<comp id="70" class="1001" name="const_70">
<pin_list>
<pin id="71" dir="1" index="0" bw="1" slack="2147483647"/>
</pin_list>
<bind>
<StgValue><ssdm name="p_str485"/></StgValue>
</bind>
</comp>

<comp id="72" class="1001" name="const_72">
<pin_list>
<pin id="73" dir="1" index="0" bw="1" slack="2147483647"/>
</pin_list>
<bind>
<StgValue><ssdm name="p_str486"/></StgValue>
</bind>
</comp>

<comp id="74" class="1001" name="const_74">
<pin_list>
<pin id="75" dir="1" index="0" bw="1" slack="2147483647"/>
</pin_list>
<bind>
<StgValue><ssdm name="p_str487"/></StgValue>
</bind>
</comp>

<comp id="76" class="1001" name="const_76">
<pin_list>
<pin id="77" dir="1" index="0" bw="1" slack="2147483647"/>
</pin_list>
<bind>
<StgValue><ssdm name="p_str488"/></StgValue>
</bind>
</comp>

<comp id="78" class="1001" name="const_78">
<pin_list>
<pin id="79" dir="1" index="0" bw="1" slack="2147483647"/>
</pin_list>
<bind>
<StgValue><ssdm name="p_str489"/></StgValue>
</bind>
</comp>

<comp id="80" class="1001" name="const_80">
<pin_list>
<pin id="81" dir="1" index="0" bw="1" slack="2147483647"/>
</pin_list>
<bind>
<StgValue><ssdm name="p_str477"/></StgValue>
</bind>
</comp>

<comp id="82" class="1001" name="const_82">
<pin_list>
<pin id="83" dir="1" index="0" bw="1" slack="2147483647"/>
</pin_list>
<bind>
<StgValue><ssdm name="p_str478"/></StgValue>
</bind>
</comp>

<comp id="84" class="1001" name="const_84">
<pin_list>
<pin id="85" dir="1" index="0" bw="1" slack="2147483647"/>
</pin_list>
<bind>
<StgValue><ssdm name="p_str479"/></StgValue>
</bind>
</comp>

<comp id="86" class="1001" name="const_86">
<pin_list>
<pin id="87" dir="1" index="0" bw="1" slack="2147483647"/>
</pin_list>
<bind>
<StgValue><ssdm name="p_str480"/></StgValue>
</bind>
</comp>

<comp id="88" class="1001" name="const_88">
<pin_list>
<pin id="89" dir="1" index="0" bw="1" slack="2147483647"/>
</pin_list>
<bind>
<StgValue><ssdm name="p_str481"/></StgValue>
</bind>
</comp>

<comp id="90" class="1001" name="const_90">
<pin_list>
<pin id="91" dir="1" index="0" bw="1" slack="2147483647"/>
</pin_list>
<bind>
<StgValue><ssdm name="p_str482"/></StgValue>
</bind>
</comp>

<comp id="92" class="1001" name="const_92">
<pin_list>
<pin id="93" dir="1" index="0" bw="1" slack="2147483647"/>
</pin_list>
<bind>
<StgValue><ssdm name="p_str470"/></StgValue>
</bind>
</comp>

<comp id="94" class="1001" name="const_94">
<pin_list>
<pin id="95" dir="1" index="0" bw="1" slack="2147483647"/>
</pin_list>
<bind>
<StgValue><ssdm name="p_str471"/></StgValue>
</bind>
</comp>

<comp id="96" class="1001" name="const_96">
<pin_list>
<pin id="97" dir="1" index="0" bw="1" slack="2147483647"/>
</pin_list>
<bind>
<StgValue><ssdm name="p_str472"/></StgValue>
</bind>
</comp>

<comp id="98" class="1001" name="const_98">
<pin_list>
<pin id="99" dir="1" index="0" bw="1" slack="2147483647"/>
</pin_list>
<bind>
<StgValue><ssdm name="p_str473"/></StgValue>
</bind>
</comp>

<comp id="100" class="1001" name="const_100">
<pin_list>
<pin id="101" dir="1" index="0" bw="1" slack="2147483647"/>
</pin_list>
<bind>
<StgValue><ssdm name="p_str474"/></StgValue>
</bind>
</comp>

<comp id="102" class="1001" name="const_102">
<pin_list>
<pin id="103" dir="1" index="0" bw="1" slack="2147483647"/>
</pin_list>
<bind>
<StgValue><ssdm name="p_str475"/></StgValue>
</bind>
</comp>

<comp id="104" class="1001" name="const_104">
<pin_list>
<pin id="105" dir="1" index="0" bw="1" slack="2147483647"/>
</pin_list>
<bind>
<StgValue><ssdm name="p_str463"/></StgValue>
</bind>
</comp>

<comp id="106" class="1001" name="const_106">
<pin_list>
<pin id="107" dir="1" index="0" bw="1" slack="2147483647"/>
</pin_list>
<bind>
<StgValue><ssdm name="p_str464"/></StgValue>
</bind>
</comp>

<comp id="108" class="1001" name="const_108">
<pin_list>
<pin id="109" dir="1" index="0" bw="1" slack="2147483647"/>
</pin_list>
<bind>
<StgValue><ssdm name="p_str465"/></StgValue>
</bind>
</comp>

<comp id="110" class="1001" name="const_110">
<pin_list>
<pin id="111" dir="1" index="0" bw="1" slack="2147483647"/>
</pin_list>
<bind>
<StgValue><ssdm name="p_str466"/></StgValue>
</bind>
</comp>

<comp id="112" class="1001" name="const_112">
<pin_list>
<pin id="113" dir="1" index="0" bw="1" slack="2147483647"/>
</pin_list>
<bind>
<StgValue><ssdm name="p_str467"/></StgValue>
</bind>
</comp>

<comp id="114" class="1001" name="const_114">
<pin_list>
<pin id="115" dir="1" index="0" bw="1" slack="2147483647"/>
</pin_list>
<bind>
<StgValue><ssdm name="p_str468"/></StgValue>
</bind>
</comp>

<comp id="116" class="1001" name="const_116">
<pin_list>
<pin id="117" dir="1" index="0" bw="1" slack="2147483647"/>
</pin_list>
<bind>
<StgValue><ssdm name="p_str456"/></StgValue>
</bind>
</comp>

<comp id="118" class="1001" name="const_118">
<pin_list>
<pin id="119" dir="1" index="0" bw="1" slack="2147483647"/>
</pin_list>
<bind>
<StgValue><ssdm name="p_str457"/></StgValue>
</bind>
</comp>

<comp id="120" class="1001" name="const_120">
<pin_list>
<pin id="121" dir="1" index="0" bw="1" slack="2147483647"/>
</pin_list>
<bind>
<StgValue><ssdm name="p_str458"/></StgValue>
</bind>
</comp>

<comp id="122" class="1001" name="const_122">
<pin_list>
<pin id="123" dir="1" index="0" bw="1" slack="2147483647"/>
</pin_list>
<bind>
<StgValue><ssdm name="p_str459"/></StgValue>
</bind>
</comp>

<comp id="124" class="1001" name="const_124">
<pin_list>
<pin id="125" dir="1" index="0" bw="1" slack="2147483647"/>
</pin_list>
<bind>
<StgValue><ssdm name="p_str460"/></StgValue>
</bind>
</comp>

<comp id="126" class="1001" name="const_126">
<pin_list>
<pin id="127" dir="1" index="0" bw="1" slack="2147483647"/>
</pin_list>
<bind>
<StgValue><ssdm name="p_str461"/></StgValue>
</bind>
</comp>

<comp id="128" class="1001" name="const_128">
<pin_list>
<pin id="129" dir="1" index="0" bw="1" slack="2147483647"/>
</pin_list>
<bind>
<StgValue><ssdm name="p_str449"/></StgValue>
</bind>
</comp>

<comp id="130" class="1001" name="const_130">
<pin_list>
<pin id="131" dir="1" index="0" bw="1" slack="2147483647"/>
</pin_list>
<bind>
<StgValue><ssdm name="p_str450"/></StgValue>
</bind>
</comp>

<comp id="132" class="1001" name="const_132">
<pin_list>
<pin id="133" dir="1" index="0" bw="1" slack="2147483647"/>
</pin_list>
<bind>
<StgValue><ssdm name="p_str451"/></StgValue>
</bind>
</comp>

<comp id="134" class="1001" name="const_134">
<pin_list>
<pin id="135" dir="1" index="0" bw="1" slack="2147483647"/>
</pin_list>
<bind>
<StgValue><ssdm name="p_str452"/></StgValue>
</bind>
</comp>

<comp id="136" class="1001" name="const_136">
<pin_list>
<pin id="137" dir="1" index="0" bw="1" slack="2147483647"/>
</pin_list>
<bind>
<StgValue><ssdm name="p_str453"/></StgValue>
</bind>
</comp>

<comp id="138" class="1001" name="const_138">
<pin_list>
<pin id="139" dir="1" index="0" bw="1" slack="2147483647"/>
</pin_list>
<bind>
<StgValue><ssdm name="p_str454"/></StgValue>
</bind>
</comp>

<comp id="140" class="1001" name="const_140">
<pin_list>
<pin id="141" dir="1" index="0" bw="1" slack="2147483647"/>
</pin_list>
<bind>
<StgValue><ssdm name="p_str442"/></StgValue>
</bind>
</comp>

<comp id="142" class="1001" name="const_142">
<pin_list>
<pin id="143" dir="1" index="0" bw="1" slack="2147483647"/>
</pin_list>
<bind>
<StgValue><ssdm name="p_str443"/></StgValue>
</bind>
</comp>

<comp id="144" class="1001" name="const_144">
<pin_list>
<pin id="145" dir="1" index="0" bw="1" slack="2147483647"/>
</pin_list>
<bind>
<StgValue><ssdm name="p_str444"/></StgValue>
</bind>
</comp>

<comp id="146" class="1001" name="const_146">
<pin_list>
<pin id="147" dir="1" index="0" bw="1" slack="2147483647"/>
</pin_list>
<bind>
<StgValue><ssdm name="p_str445"/></StgValue>
</bind>
</comp>

<comp id="148" class="1001" name="const_148">
<pin_list>
<pin id="149" dir="1" index="0" bw="1" slack="2147483647"/>
</pin_list>
<bind>
<StgValue><ssdm name="p_str446"/></StgValue>
</bind>
</comp>

<comp id="150" class="1001" name="const_150">
<pin_list>
<pin id="151" dir="1" index="0" bw="1" slack="2147483647"/>
</pin_list>
<bind>
<StgValue><ssdm name="p_str447"/></StgValue>
</bind>
</comp>

<comp id="152" class="1001" name="const_152">
<pin_list>
<pin id="153" dir="1" index="0" bw="1" slack="2147483647"/>
</pin_list>
<bind>
<StgValue><ssdm name="p_str435"/></StgValue>
</bind>
</comp>

<comp id="154" class="1001" name="const_154">
<pin_list>
<pin id="155" dir="1" index="0" bw="1" slack="2147483647"/>
</pin_list>
<bind>
<StgValue><ssdm name="p_str436"/></StgValue>
</bind>
</comp>

<comp id="156" class="1001" name="const_156">
<pin_list>
<pin id="157" dir="1" index="0" bw="1" slack="2147483647"/>
</pin_list>
<bind>
<StgValue><ssdm name="p_str437"/></StgValue>
</bind>
</comp>

<comp id="158" class="1001" name="const_158">
<pin_list>
<pin id="159" dir="1" index="0" bw="1" slack="2147483647"/>
</pin_list>
<bind>
<StgValue><ssdm name="p_str438"/></StgValue>
</bind>
</comp>

<comp id="160" class="1001" name="const_160">
<pin_list>
<pin id="161" dir="1" index="0" bw="1" slack="2147483647"/>
</pin_list>
<bind>
<StgValue><ssdm name="p_str439"/></StgValue>
</bind>
</comp>

<comp id="162" class="1001" name="const_162">
<pin_list>
<pin id="163" dir="1" index="0" bw="1" slack="2147483647"/>
</pin_list>
<bind>
<StgValue><ssdm name="p_str440"/></StgValue>
</bind>
</comp>

<comp id="164" class="1001" name="const_164">
<pin_list>
<pin id="165" dir="1" index="0" bw="1" slack="2147483647"/>
</pin_list>
<bind>
<StgValue><ssdm name="p_str428"/></StgValue>
</bind>
</comp>

<comp id="166" class="1001" name="const_166">
<pin_list>
<pin id="167" dir="1" index="0" bw="1" slack="2147483647"/>
</pin_list>
<bind>
<StgValue><ssdm name="p_str429"/></StgValue>
</bind>
</comp>

<comp id="168" class="1001" name="const_168">
<pin_list>
<pin id="169" dir="1" index="0" bw="1" slack="2147483647"/>
</pin_list>
<bind>
<StgValue><ssdm name="p_str430"/></StgValue>
</bind>
</comp>

<comp id="170" class="1001" name="const_170">
<pin_list>
<pin id="171" dir="1" index="0" bw="1" slack="2147483647"/>
</pin_list>
<bind>
<StgValue><ssdm name="p_str431"/></StgValue>
</bind>
</comp>

<comp id="172" class="1001" name="const_172">
<pin_list>
<pin id="173" dir="1" index="0" bw="1" slack="2147483647"/>
</pin_list>
<bind>
<StgValue><ssdm name="p_str432"/></StgValue>
</bind>
</comp>

<comp id="174" class="1001" name="const_174">
<pin_list>
<pin id="175" dir="1" index="0" bw="1" slack="2147483647"/>
</pin_list>
<bind>
<StgValue><ssdm name="p_str433"/></StgValue>
</bind>
</comp>

<comp id="176" class="1001" name="const_176">
<pin_list>
<pin id="177" dir="1" index="0" bw="1" slack="2147483647"/>
</pin_list>
<bind>
<StgValue><ssdm name="p_str"/></StgValue>
</bind>
</comp>

<comp id="178" class="1001" name="const_178">
<pin_list>
<pin id="179" dir="1" index="0" bw="1" slack="2147483647"/>
</pin_list>
<bind>
<StgValue><ssdm name=""/></StgValue>
</bind>
</comp>

<comp id="180" class="1001" name="const_180">
<pin_list>
<pin id="181" dir="1" index="0" bw="1" slack="2147483647"/>
</pin_list>
<bind>
<StgValue><ssdm name="p_str9"/></StgValue>
</bind>
</comp>

<comp id="182" class="1001" name="const_182">
<pin_list>
<pin id="183" dir="1" index="0" bw="1" slack="2147483647"/>
</pin_list>
<bind>
<StgValue><ssdm name="p_str10"/></StgValue>
</bind>
</comp>

<comp id="184" class="1001" name="const_184">
<pin_list>
<pin id="185" dir="1" index="0" bw="1" slack="2147483647"/>
</pin_list>
<bind>
<StgValue><ssdm name="_ssdm_op_SpecLoopName"/></StgValue>
</bind>
</comp>

<comp id="186" class="1001" name="const_186">
<pin_list>
<pin id="187" dir="1" index="0" bw="1" slack="2147483647"/>
</pin_list>
<bind>
<StgValue><ssdm name="p_str18"/></StgValue>
</bind>
</comp>

<comp id="188" class="1001" name="const_188">
<pin_list>
<pin id="189" dir="1" index="0" bw="1" slack="2147483647"/>
</pin_list>
<bind>
<StgValue><ssdm name="_ssdm_op_SpecRegionBegin"/></StgValue>
</bind>
</comp>

<comp id="190" class="1001" name="const_190">
<pin_list>
<pin id="191" dir="1" index="0" bw="1" slack="2147483647"/>
</pin_list>
<bind>
<StgValue><ssdm name="_ssdm_op_SpecPipeline"/></StgValue>
</bind>
</comp>

<comp id="192" class="1001" name="const_192">
<pin_list>
<pin id="193" dir="1" index="0" bw="1" slack="2147483647"/>
</pin_list>
<bind>
<StgValue><ssdm name=""/></StgValue>
</bind>
</comp>

<comp id="194" class="1001" name="const_194">
<pin_list>
<pin id="195" dir="1" index="0" bw="1" slack="2147483647"/>
</pin_list>
<bind>
<StgValue><ssdm name="_ssdm_op_SpecRegionEnd"/></StgValue>
</bind>
</comp>

<comp id="196" class="1004" name="empty_read_fu_196">
<pin_list>
<pin id="197" dir="0" index="0" bw="160" slack="0"/>
<pin id="198" dir="0" index="1" bw="16" slack="0"/>
<pin id="199" dir="0" index="2" bw="16" slack="0"/>
<pin id="200" dir="0" index="3" bw="16" slack="0"/>
<pin id="201" dir="0" index="4" bw="16" slack="0"/>
<pin id="202" dir="0" index="5" bw="16" slack="0"/>
<pin id="203" dir="0" index="6" bw="16" slack="0"/>
<pin id="204" dir="0" index="7" bw="16" slack="0"/>
<pin id="205" dir="0" index="8" bw="16" slack="0"/>
<pin id="206" dir="0" index="9" bw="16" slack="0"/>
<pin id="207" dir="0" index="10" bw="16" slack="0"/>
<pin id="208" dir="1" index="11" bw="160" slack="0"/>
</pin_list>
<bind>
<opcode="read(1150) " fcode="read"/>
<opset="empty/1 "/>
</bind>
</comp>

<comp id="220" class="1004" name="grp_write_fu_220">
<pin_list>
<pin id="221" dir="0" index="0" bw="0" slack="0"/>
<pin id="222" dir="0" index="1" bw="16" slack="0"/>
<pin id="223" dir="0" index="2" bw="16" slack="0"/>
<pin id="224" dir="0" index="3" bw="16" slack="0"/>
<pin id="225" dir="0" index="4" bw="16" slack="0"/>
<pin id="226" dir="0" index="5" bw="16" slack="0"/>
<pin id="227" dir="0" index="6" bw="16" slack="0"/>
<pin id="228" dir="0" index="7" bw="16" slack="0"/>
<pin id="229" dir="0" index="8" bw="16" slack="0"/>
<pin id="230" dir="0" index="9" bw="16" slack="0"/>
<pin id="231" dir="0" index="10" bw="16" slack="0"/>
<pin id="232" dir="0" index="11" bw="16" slack="0"/>
<pin id="233" dir="0" index="12" bw="16" slack="0"/>
<pin id="234" dir="0" index="13" bw="16" slack="0"/>
<pin id="235" dir="0" index="14" bw="16" slack="0"/>
<pin id="236" dir="0" index="15" bw="16" slack="0"/>
<pin id="237" dir="0" index="16" bw="16" slack="0"/>
<pin id="238" dir="0" index="17" bw="16" slack="0"/>
<pin id="239" dir="0" index="18" bw="16" slack="0"/>
<pin id="240" dir="0" index="19" bw="16" slack="0"/>
<pin id="241" dir="0" index="20" bw="16" slack="0"/>
<pin id="242" dir="1" index="21" bw="0" slack="2147483647"/>
</pin_list>
<bind>
<opcode="write(1151) " fcode="write"/>
<opset="write_ln57/1 "/>
</bind>
</comp>

<comp id="254" class="1004" name="tmp_data_V_0_fu_254">
<pin_list>
<pin id="255" dir="0" index="0" bw="160" slack="0"/>
<pin id="256" dir="1" index="1" bw="16" slack="0"/>
</pin_list>
<bind>
<opcode="extractvalue(56) " fcode="extractvalue"/>
<opset="tmp_data_V_0/1 "/>
</bind>
</comp>

<comp id="258" class="1004" name="tmp_data_V_1_fu_258">
<pin_list>
<pin id="259" dir="0" index="0" bw="160" slack="0"/>
<pin id="260" dir="1" index="1" bw="16" slack="0"/>
</pin_list>
<bind>
<opcode="extractvalue(56) " fcode="extractvalue"/>
<opset="tmp_data_V_1/1 "/>
</bind>
</comp>

<comp id="262" class="1004" name="tmp_data_V_2_fu_262">
<pin_list>
<pin id="263" dir="0" index="0" bw="160" slack="0"/>
<pin id="264" dir="1" index="1" bw="16" slack="0"/>
</pin_list>
<bind>
<opcode="extractvalue(56) " fcode="extractvalue"/>
<opset="tmp_data_V_2/1 "/>
</bind>
</comp>

<comp id="266" class="1004" name="tmp_data_V_315_fu_266">
<pin_list>
<pin id="267" dir="0" index="0" bw="160" slack="0"/>
<pin id="268" dir="1" index="1" bw="16" slack="0"/>
</pin_list>
<bind>
<opcode="extractvalue(56) " fcode="extractvalue"/>
<opset="tmp_data_V_315/1 "/>
</bind>
</comp>

<comp id="270" class="1004" name="tmp_data_V_4_fu_270">
<pin_list>
<pin id="271" dir="0" index="0" bw="160" slack="0"/>
<pin id="272" dir="1" index="1" bw="16" slack="0"/>
</pin_list>
<bind>
<opcode="extractvalue(56) " fcode="extractvalue"/>
<opset="tmp_data_V_4/1 "/>
</bind>
</comp>

<comp id="274" class="1004" name="tmp_data_V_5_fu_274">
<pin_list>
<pin id="275" dir="0" index="0" bw="160" slack="0"/>
<pin id="276" dir="1" index="1" bw="16" slack="0"/>
</pin_list>
<bind>
<opcode="extractvalue(56) " fcode="extractvalue"/>
<opset="tmp_data_V_5/1 "/>
</bind>
</comp>

<comp id="278" class="1004" name="tmp_data_V_6_fu_278">
<pin_list>
<pin id="279" dir="0" index="0" bw="160" slack="0"/>
<pin id="280" dir="1" index="1" bw="16" slack="0"/>
</pin_list>
<bind>
<opcode="extractvalue(56) " fcode="extractvalue"/>
<opset="tmp_data_V_6/1 "/>
</bind>
</comp>

<comp id="282" class="1004" name="tmp_data_V_7_fu_282">
<pin_list>
<pin id="283" dir="0" index="0" bw="160" slack="0"/>
<pin id="284" dir="1" index="1" bw="16" slack="0"/>
</pin_list>
<bind>
<opcode="extractvalue(56) " fcode="extractvalue"/>
<opset="tmp_data_V_7/1 "/>
</bind>
</comp>

<comp id="286" class="1004" name="tmp_data_V_8_fu_286">
<pin_list>
<pin id="287" dir="0" index="0" bw="160" slack="0"/>
<pin id="288" dir="1" index="1" bw="16" slack="0"/>
</pin_list>
<bind>
<opcode="extractvalue(56) " fcode="extractvalue"/>
<opset="tmp_data_V_8/1 "/>
</bind>
</comp>

<comp id="290" class="1004" name="tmp_data_V_9_fu_290">
<pin_list>
<pin id="291" dir="0" index="0" bw="160" slack="0"/>
<pin id="292" dir="1" index="1" bw="16" slack="0"/>
</pin_list>
<bind>
<opcode="extractvalue(56) " fcode="extractvalue"/>
<opset="tmp_data_V_9/1 "/>
</bind>
</comp>

<comp id="294" class="1004" name="icmp_ln1494_fu_294">
<pin_list>
<pin id="295" dir="0" index="0" bw="16" slack="0"/>
<pin id="296" dir="0" index="1" bw="1" slack="0"/>
<pin id="297" dir="1" index="2" bw="1" slack="0"/>
</pin_list>
<bind>
<opcode="icmp(45) " fcode="icmp"/>
<opset="icmp_ln1494/1 "/>
</bind>
</comp>

<comp id="300" class="1004" name="icmp_ln1494_1_fu_300">
<pin_list>
<pin id="301" dir="0" index="0" bw="16" slack="0"/>
<pin id="302" dir="0" index="1" bw="1" slack="0"/>
<pin id="303" dir="1" index="2" bw="1" slack="0"/>
</pin_list>
<bind>
<opcode="icmp(45) " fcode="icmp"/>
<opset="icmp_ln1494_1/1 "/>
</bind>
</comp>

<comp id="306" class="1004" name="icmp_ln1494_2_fu_306">
<pin_list>
<pin id="307" dir="0" index="0" bw="16" slack="0"/>
<pin id="308" dir="0" index="1" bw="1" slack="0"/>
<pin id="309" dir="1" index="2" bw="1" slack="0"/>
</pin_list>
<bind>
<opcode="icmp(45) " fcode="icmp"/>
<opset="icmp_ln1494_2/1 "/>
</bind>
</comp>

<comp id="312" class="1004" name="icmp_ln1494_3_fu_312">
<pin_list>
<pin id="313" dir="0" index="0" bw="16" slack="0"/>
<pin id="314" dir="0" index="1" bw="1" slack="0"/>
<pin id="315" dir="1" index="2" bw="1" slack="0"/>
</pin_list>
<bind>
<opcode="icmp(45) " fcode="icmp"/>
<opset="icmp_ln1494_3/1 "/>
</bind>
</comp>

<comp id="318" class="1004" name="icmp_ln1494_4_fu_318">
<pin_list>
<pin id="319" dir="0" index="0" bw="16" slack="0"/>
<pin id="320" dir="0" index="1" bw="1" slack="0"/>
<pin id="321" dir="1" index="2" bw="1" slack="0"/>
</pin_list>
<bind>
<opcode="icmp(45) " fcode="icmp"/>
<opset="icmp_ln1494_4/1 "/>
</bind>
</comp>

<comp id="324" class="1004" name="icmp_ln1494_5_fu_324">
<pin_list>
<pin id="325" dir="0" index="0" bw="16" slack="0"/>
<pin id="326" dir="0" index="1" bw="1" slack="0"/>
<pin id="327" dir="1" index="2" bw="1" slack="0"/>
</pin_list>
<bind>
<opcode="icmp(45) " fcode="icmp"/>
<opset="icmp_ln1494_5/1 "/>
</bind>
</comp>

<comp id="330" class="1004" name="icmp_ln1494_6_fu_330">
<pin_list>
<pin id="331" dir="0" index="0" bw="16" slack="0"/>
<pin id="332" dir="0" index="1" bw="1" slack="0"/>
<pin id="333" dir="1" index="2" bw="1" slack="0"/>
</pin_list>
<bind>
<opcode="icmp(45) " fcode="icmp"/>
<opset="icmp_ln1494_6/1 "/>
</bind>
</comp>

<comp id="336" class="1004" name="icmp_ln1494_7_fu_336">
<pin_list>
<pin id="337" dir="0" index="0" bw="16" slack="0"/>
<pin id="338" dir="0" index="1" bw="1" slack="0"/>
<pin id="339" dir="1" index="2" bw="1" slack="0"/>
</pin_list>
<bind>
<opcode="icmp(45) " fcode="icmp"/>
<opset="icmp_ln1494_7/1 "/>
</bind>
</comp>

<comp id="342" class="1004" name="icmp_ln1494_8_fu_342">
<pin_list>
<pin id="343" dir="0" index="0" bw="16" slack="0"/>
<pin id="344" dir="0" index="1" bw="1" slack="0"/>
<pin id="345" dir="1" index="2" bw="1" slack="0"/>
</pin_list>
<bind>
<opcode="icmp(45) " fcode="icmp"/>
<opset="icmp_ln1494_8/1 "/>
</bind>
</comp>

<comp id="348" class="1004" name="icmp_ln1494_9_fu_348">
<pin_list>
<pin id="349" dir="0" index="0" bw="16" slack="0"/>
<pin id="350" dir="0" index="1" bw="1" slack="0"/>
<pin id="351" dir="1" index="2" bw="1" slack="0"/>
</pin_list>
<bind>
<opcode="icmp(45) " fcode="icmp"/>
<opset="icmp_ln1494_9/1 "/>
</bind>
</comp>

<comp id="354" class="1004" name="tmp_data_0_V_fu_354">
<pin_list>
<pin id="355" dir="0" index="0" bw="1" slack="0"/>
<pin id="356" dir="0" index="1" bw="16" slack="0"/>
<pin id="357" dir="0" index="2" bw="1" slack="0"/>
<pin id="358" dir="1" index="3" bw="16" slack="0"/>
</pin_list>
<bind>
<opcode="select(49) " fcode="select"/>
<opset="tmp_data_0_V/1 "/>
</bind>
</comp>

<comp id="363" class="1004" name="tmp_data_1_V_fu_363">
<pin_list>
<pin id="364" dir="0" index="0" bw="1" slack="0"/>
<pin id="365" dir="0" index="1" bw="16" slack="0"/>
<pin id="366" dir="0" index="2" bw="1" slack="0"/>
<pin id="367" dir="1" index="3" bw="16" slack="0"/>
</pin_list>
<bind>
<opcode="select(49) " fcode="select"/>
<opset="tmp_data_1_V/1 "/>
</bind>
</comp>

<comp id="372" class="1004" name="tmp_data_2_V_fu_372">
<pin_list>
<pin id="373" dir="0" index="0" bw="1" slack="0"/>
<pin id="374" dir="0" index="1" bw="16" slack="0"/>
<pin id="375" dir="0" index="2" bw="1" slack="0"/>
<pin id="376" dir="1" index="3" bw="16" slack="0"/>
</pin_list>
<bind>
<opcode="select(49) " fcode="select"/>
<opset="tmp_data_2_V/1 "/>
</bind>
</comp>

<comp id="381" class="1004" name="tmp_data_3_V_fu_381">
<pin_list>
<pin id="382" dir="0" index="0" bw="1" slack="0"/>
<pin id="383" dir="0" index="1" bw="16" slack="0"/>
<pin id="384" dir="0" index="2" bw="1" slack="0"/>
<pin id="385" dir="1" index="3" bw="16" slack="0"/>
</pin_list>
<bind>
<opcode="select(49) " fcode="select"/>
<opset="tmp_data_3_V/1 "/>
</bind>
</comp>

<comp id="390" class="1004" name="tmp_data_4_V_fu_390">
<pin_list>
<pin id="391" dir="0" index="0" bw="1" slack="0"/>
<pin id="392" dir="0" index="1" bw="16" slack="0"/>
<pin id="393" dir="0" index="2" bw="1" slack="0"/>
<pin id="394" dir="1" index="3" bw="16" slack="0"/>
</pin_list>
<bind>
<opcode="select(49) " fcode="select"/>
<opset="tmp_data_4_V/1 "/>
</bind>
</comp>

<comp id="399" class="1004" name="tmp_data_5_V_fu_399">
<pin_list>
<pin id="400" dir="0" index="0" bw="1" slack="0"/>
<pin id="401" dir="0" index="1" bw="16" slack="0"/>
<pin id="402" dir="0" index="2" bw="1" slack="0"/>
<pin id="403" dir="1" index="3" bw="16" slack="0"/>
</pin_list>
<bind>
<opcode="select(49) " fcode="select"/>
<opset="tmp_data_5_V/1 "/>
</bind>
</comp>

<comp id="408" class="1004" name="tmp_data_6_V_fu_408">
<pin_list>
<pin id="409" dir="0" index="0" bw="1" slack="0"/>
<pin id="410" dir="0" index="1" bw="16" slack="0"/>
<pin id="411" dir="0" index="2" bw="1" slack="0"/>
<pin id="412" dir="1" index="3" bw="16" slack="0"/>
</pin_list>
<bind>
<opcode="select(49) " fcode="select"/>
<opset="tmp_data_6_V/1 "/>
</bind>
</comp>

<comp id="417" class="1004" name="tmp_data_7_V_fu_417">
<pin_list>
<pin id="418" dir="0" index="0" bw="1" slack="0"/>
<pin id="419" dir="0" index="1" bw="16" slack="0"/>
<pin id="420" dir="0" index="2" bw="1" slack="0"/>
<pin id="421" dir="1" index="3" bw="16" slack="0"/>
</pin_list>
<bind>
<opcode="select(49) " fcode="select"/>
<opset="tmp_data_7_V/1 "/>
</bind>
</comp>

<comp id="426" class="1004" name="tmp_data_8_V_fu_426">
<pin_list>
<pin id="427" dir="0" index="0" bw="1" slack="0"/>
<pin id="428" dir="0" index="1" bw="16" slack="0"/>
<pin id="429" dir="0" index="2" bw="1" slack="0"/>
<pin id="430" dir="1" index="3" bw="16" slack="0"/>
</pin_list>
<bind>
<opcode="select(49) " fcode="select"/>
<opset="tmp_data_8_V/1 "/>
</bind>
</comp>

<comp id="435" class="1004" name="tmp_data_9_V_fu_435">
<pin_list>
<pin id="436" dir="0" index="0" bw="1" slack="0"/>
<pin id="437" dir="0" index="1" bw="16" slack="0"/>
<pin id="438" dir="0" index="2" bw="1" slack="0"/>
<pin id="439" dir="1" index="3" bw="16" slack="0"/>
</pin_list>
<bind>
<opcode="select(49) " fcode="select"/>
<opset="tmp_data_9_V/1 "/>
</bind>
</comp>

<comp id="444" class="1005" name="tmp_data_0_V_reg_444">
<pin_list>
<pin id="445" dir="0" index="0" bw="16" slack="1"/>
<pin id="446" dir="1" index="1" bw="16" slack="1"/>
</pin_list>
<bind>
<opset="tmp_data_0_V "/>
</bind>
</comp>

<comp id="449" class="1005" name="tmp_data_1_V_reg_449">
<pin_list>
<pin id="450" dir="0" index="0" bw="16" slack="1"/>
<pin id="451" dir="1" index="1" bw="16" slack="1"/>
</pin_list>
<bind>
<opset="tmp_data_1_V "/>
</bind>
</comp>

<comp id="454" class="1005" name="tmp_data_2_V_reg_454">
<pin_list>
<pin id="455" dir="0" index="0" bw="16" slack="1"/>
<pin id="456" dir="1" index="1" bw="16" slack="1"/>
</pin_list>
<bind>
<opset="tmp_data_2_V "/>
</bind>
</comp>

<comp id="459" class="1005" name="tmp_data_3_V_reg_459">
<pin_list>
<pin id="460" dir="0" index="0" bw="16" slack="1"/>
<pin id="461" dir="1" index="1" bw="16" slack="1"/>
</pin_list>
<bind>
<opset="tmp_data_3_V "/>
</bind>
</comp>

<comp id="464" class="1005" name="tmp_data_4_V_reg_464">
<pin_list>
<pin id="465" dir="0" index="0" bw="16" slack="1"/>
<pin id="466" dir="1" index="1" bw="16" slack="1"/>
</pin_list>
<bind>
<opset="tmp_data_4_V "/>
</bind>
</comp>

<comp id="469" class="1005" name="tmp_data_5_V_reg_469">
<pin_list>
<pin id="470" dir="0" index="0" bw="16" slack="1"/>
<pin id="471" dir="1" index="1" bw="16" slack="1"/>
</pin_list>
<bind>
<opset="tmp_data_5_V "/>
</bind>
</comp>

<comp id="474" class="1005" name="tmp_data_6_V_reg_474">
<pin_list>
<pin id="475" dir="0" index="0" bw="16" slack="1"/>
<pin id="476" dir="1" index="1" bw="16" slack="1"/>
</pin_list>
<bind>
<opset="tmp_data_6_V "/>
</bind>
</comp>

<comp id="479" class="1005" name="tmp_data_7_V_reg_479">
<pin_list>
<pin id="480" dir="0" index="0" bw="16" slack="1"/>
<pin id="481" dir="1" index="1" bw="16" slack="1"/>
</pin_list>
<bind>
<opset="tmp_data_7_V "/>
</bind>
</comp>

<comp id="484" class="1005" name="tmp_data_8_V_reg_484">
<pin_list>
<pin id="485" dir="0" index="0" bw="16" slack="1"/>
<pin id="486" dir="1" index="1" bw="16" slack="1"/>
</pin_list>
<bind>
<opset="tmp_data_8_V "/>
</bind>
</comp>

<comp id="489" class="1005" name="tmp_data_9_V_reg_489">
<pin_list>
<pin id="490" dir="0" index="0" bw="16" slack="1"/>
<pin id="491" dir="1" index="1" bw="16" slack="1"/>
</pin_list>
<bind>
<opset="tmp_data_9_V "/>
</bind>
</comp>

</comp_list>

<net_list>
<net id="209"><net_src comp="40" pin="0"/><net_sink comp="196" pin=0"/></net>

<net id="210"><net_src comp="0" pin="0"/><net_sink comp="196" pin=1"/></net>

<net id="211"><net_src comp="2" pin="0"/><net_sink comp="196" pin=2"/></net>

<net id="212"><net_src comp="4" pin="0"/><net_sink comp="196" pin=3"/></net>

<net id="213"><net_src comp="6" pin="0"/><net_sink comp="196" pin=4"/></net>

<net id="214"><net_src comp="8" pin="0"/><net_sink comp="196" pin=5"/></net>

<net id="215"><net_src comp="10" pin="0"/><net_sink comp="196" pin=6"/></net>

<net id="216"><net_src comp="12" pin="0"/><net_sink comp="196" pin=7"/></net>

<net id="217"><net_src comp="14" pin="0"/><net_sink comp="196" pin=8"/></net>

<net id="218"><net_src comp="16" pin="0"/><net_sink comp="196" pin=9"/></net>

<net id="219"><net_src comp="18" pin="0"/><net_sink comp="196" pin=10"/></net>

<net id="243"><net_src comp="44" pin="0"/><net_sink comp="220" pin=0"/></net>

<net id="244"><net_src comp="20" pin="0"/><net_sink comp="220" pin=1"/></net>

<net id="245"><net_src comp="22" pin="0"/><net_sink comp="220" pin=2"/></net>

<net id="246"><net_src comp="24" pin="0"/><net_sink comp="220" pin=3"/></net>

<net id="247"><net_src comp="26" pin="0"/><net_sink comp="220" pin=4"/></net>

<net id="248"><net_src comp="28" pin="0"/><net_sink comp="220" pin=5"/></net>

<net id="249"><net_src comp="30" pin="0"/><net_sink comp="220" pin=6"/></net>

<net id="250"><net_src comp="32" pin="0"/><net_sink comp="220" pin=7"/></net>

<net id="251"><net_src comp="34" pin="0"/><net_sink comp="220" pin=8"/></net>

<net id="252"><net_src comp="36" pin="0"/><net_sink comp="220" pin=9"/></net>

<net id="253"><net_src comp="38" pin="0"/><net_sink comp="220" pin=10"/></net>

<net id="257"><net_src comp="196" pin="11"/><net_sink comp="254" pin=0"/></net>

<net id="261"><net_src comp="196" pin="11"/><net_sink comp="258" pin=0"/></net>

<net id="265"><net_src comp="196" pin="11"/><net_sink comp="262" pin=0"/></net>

<net id="269"><net_src comp="196" pin="11"/><net_sink comp="266" pin=0"/></net>

<net id="273"><net_src comp="196" pin="11"/><net_sink comp="270" pin=0"/></net>

<net id="277"><net_src comp="196" pin="11"/><net_sink comp="274" pin=0"/></net>

<net id="281"><net_src comp="196" pin="11"/><net_sink comp="278" pin=0"/></net>

<net id="285"><net_src comp="196" pin="11"/><net_sink comp="282" pin=0"/></net>

<net id="289"><net_src comp="196" pin="11"/><net_sink comp="286" pin=0"/></net>

<net id="293"><net_src comp="196" pin="11"/><net_sink comp="290" pin=0"/></net>

<net id="298"><net_src comp="254" pin="1"/><net_sink comp="294" pin=0"/></net>

<net id="299"><net_src comp="42" pin="0"/><net_sink comp="294" pin=1"/></net>

<net id="304"><net_src comp="258" pin="1"/><net_sink comp="300" pin=0"/></net>

<net id="305"><net_src comp="42" pin="0"/><net_sink comp="300" pin=1"/></net>

<net id="310"><net_src comp="262" pin="1"/><net_sink comp="306" pin=0"/></net>

<net id="311"><net_src comp="42" pin="0"/><net_sink comp="306" pin=1"/></net>

<net id="316"><net_src comp="266" pin="1"/><net_sink comp="312" pin=0"/></net>

<net id="317"><net_src comp="42" pin="0"/><net_sink comp="312" pin=1"/></net>

<net id="322"><net_src comp="270" pin="1"/><net_sink comp="318" pin=0"/></net>

<net id="323"><net_src comp="42" pin="0"/><net_sink comp="318" pin=1"/></net>

<net id="328"><net_src comp="274" pin="1"/><net_sink comp="324" pin=0"/></net>

<net id="329"><net_src comp="42" pin="0"/><net_sink comp="324" pin=1"/></net>

<net id="334"><net_src comp="278" pin="1"/><net_sink comp="330" pin=0"/></net>

<net id="335"><net_src comp="42" pin="0"/><net_sink comp="330" pin=1"/></net>

<net id="340"><net_src comp="282" pin="1"/><net_sink comp="336" pin=0"/></net>

<net id="341"><net_src comp="42" pin="0"/><net_sink comp="336" pin=1"/></net>

<net id="346"><net_src comp="286" pin="1"/><net_sink comp="342" pin=0"/></net>

<net id="347"><net_src comp="42" pin="0"/><net_sink comp="342" pin=1"/></net>

<net id="352"><net_src comp="290" pin="1"/><net_sink comp="348" pin=0"/></net>

<net id="353"><net_src comp="42" pin="0"/><net_sink comp="348" pin=1"/></net>

<net id="359"><net_src comp="294" pin="2"/><net_sink comp="354" pin=0"/></net>

<net id="360"><net_src comp="254" pin="1"/><net_sink comp="354" pin=1"/></net>

<net id="361"><net_src comp="42" pin="0"/><net_sink comp="354" pin=2"/></net>

<net id="362"><net_src comp="354" pin="3"/><net_sink comp="220" pin=11"/></net>

<net id="368"><net_src comp="300" pin="2"/><net_sink comp="363" pin=0"/></net>

<net id="369"><net_src comp="258" pin="1"/><net_sink comp="363" pin=1"/></net>

<net id="370"><net_src comp="42" pin="0"/><net_sink comp="363" pin=2"/></net>

<net id="371"><net_src comp="363" pin="3"/><net_sink comp="220" pin=12"/></net>

<net id="377"><net_src comp="306" pin="2"/><net_sink comp="372" pin=0"/></net>

<net id="378"><net_src comp="262" pin="1"/><net_sink comp="372" pin=1"/></net>

<net id="379"><net_src comp="42" pin="0"/><net_sink comp="372" pin=2"/></net>

<net id="380"><net_src comp="372" pin="3"/><net_sink comp="220" pin=13"/></net>

<net id="386"><net_src comp="312" pin="2"/><net_sink comp="381" pin=0"/></net>

<net id="387"><net_src comp="266" pin="1"/><net_sink comp="381" pin=1"/></net>

<net id="388"><net_src comp="42" pin="0"/><net_sink comp="381" pin=2"/></net>

<net id="389"><net_src comp="381" pin="3"/><net_sink comp="220" pin=14"/></net>

<net id="395"><net_src comp="318" pin="2"/><net_sink comp="390" pin=0"/></net>

<net id="396"><net_src comp="270" pin="1"/><net_sink comp="390" pin=1"/></net>

<net id="397"><net_src comp="42" pin="0"/><net_sink comp="390" pin=2"/></net>

<net id="398"><net_src comp="390" pin="3"/><net_sink comp="220" pin=15"/></net>

<net id="404"><net_src comp="324" pin="2"/><net_sink comp="399" pin=0"/></net>

<net id="405"><net_src comp="274" pin="1"/><net_sink comp="399" pin=1"/></net>

<net id="406"><net_src comp="42" pin="0"/><net_sink comp="399" pin=2"/></net>

<net id="407"><net_src comp="399" pin="3"/><net_sink comp="220" pin=16"/></net>

<net id="413"><net_src comp="330" pin="2"/><net_sink comp="408" pin=0"/></net>

<net id="414"><net_src comp="278" pin="1"/><net_sink comp="408" pin=1"/></net>

<net id="415"><net_src comp="42" pin="0"/><net_sink comp="408" pin=2"/></net>

<net id="416"><net_src comp="408" pin="3"/><net_sink comp="220" pin=17"/></net>

<net id="422"><net_src comp="336" pin="2"/><net_sink comp="417" pin=0"/></net>

<net id="423"><net_src comp="282" pin="1"/><net_sink comp="417" pin=1"/></net>

<net id="424"><net_src comp="42" pin="0"/><net_sink comp="417" pin=2"/></net>

<net id="425"><net_src comp="417" pin="3"/><net_sink comp="220" pin=18"/></net>

<net id="431"><net_src comp="342" pin="2"/><net_sink comp="426" pin=0"/></net>

<net id="432"><net_src comp="286" pin="1"/><net_sink comp="426" pin=1"/></net>

<net id="433"><net_src comp="42" pin="0"/><net_sink comp="426" pin=2"/></net>

<net id="434"><net_src comp="426" pin="3"/><net_sink comp="220" pin=19"/></net>

<net id="440"><net_src comp="348" pin="2"/><net_sink comp="435" pin=0"/></net>

<net id="441"><net_src comp="290" pin="1"/><net_sink comp="435" pin=1"/></net>

<net id="442"><net_src comp="42" pin="0"/><net_sink comp="435" pin=2"/></net>

<net id="443"><net_src comp="435" pin="3"/><net_sink comp="220" pin=20"/></net>

<net id="447"><net_src comp="354" pin="3"/><net_sink comp="444" pin=0"/></net>

<net id="448"><net_src comp="444" pin="1"/><net_sink comp="220" pin=11"/></net>

<net id="452"><net_src comp="363" pin="3"/><net_sink comp="449" pin=0"/></net>

<net id="453"><net_src comp="449" pin="1"/><net_sink comp="220" pin=12"/></net>

<net id="457"><net_src comp="372" pin="3"/><net_sink comp="454" pin=0"/></net>

<net id="458"><net_src comp="454" pin="1"/><net_sink comp="220" pin=13"/></net>

<net id="462"><net_src comp="381" pin="3"/><net_sink comp="459" pin=0"/></net>

<net id="463"><net_src comp="459" pin="1"/><net_sink comp="220" pin=14"/></net>

<net id="467"><net_src comp="390" pin="3"/><net_sink comp="464" pin=0"/></net>

<net id="468"><net_src comp="464" pin="1"/><net_sink comp="220" pin=15"/></net>

<net id="472"><net_src comp="399" pin="3"/><net_sink comp="469" pin=0"/></net>

<net id="473"><net_src comp="469" pin="1"/><net_sink comp="220" pin=16"/></net>

<net id="477"><net_src comp="408" pin="3"/><net_sink comp="474" pin=0"/></net>

<net id="478"><net_src comp="474" pin="1"/><net_sink comp="220" pin=17"/></net>

<net id="482"><net_src comp="417" pin="3"/><net_sink comp="479" pin=0"/></net>

<net id="483"><net_src comp="479" pin="1"/><net_sink comp="220" pin=18"/></net>

<net id="487"><net_src comp="426" pin="3"/><net_sink comp="484" pin=0"/></net>

<net id="488"><net_src comp="484" pin="1"/><net_sink comp="220" pin=19"/></net>

<net id="492"><net_src comp="435" pin="3"/><net_sink comp="489" pin=0"/></net>

<net id="493"><net_src comp="489" pin="1"/><net_sink comp="220" pin=20"/></net>

</net_list>

</model> 
---------------- Datapath Model END ------------------

* FSMD analyzer results:
  - Output states:
	Port: res_V_data_0_V | {2 }
	Port: res_V_data_1_V | {2 }
	Port: res_V_data_2_V | {2 }
	Port: res_V_data_3_V | {2 }
	Port: res_V_data_4_V | {2 }
	Port: res_V_data_5_V | {2 }
	Port: res_V_data_6_V | {2 }
	Port: res_V_data_7_V | {2 }
	Port: res_V_data_8_V | {2 }
	Port: res_V_data_9_V | {2 }
 - Input state : 
	Port: relu<array<ap_fixed,10u>,array<ap_fixed<16,6,5,3,0>,10u>,relu_config10> : data_V_data_0_V | {1 }
	Port: relu<array<ap_fixed,10u>,array<ap_fixed<16,6,5,3,0>,10u>,relu_config10> : data_V_data_1_V | {1 }
	Port: relu<array<ap_fixed,10u>,array<ap_fixed<16,6,5,3,0>,10u>,relu_config10> : data_V_data_2_V | {1 }
	Port: relu<array<ap_fixed,10u>,array<ap_fixed<16,6,5,3,0>,10u>,relu_config10> : data_V_data_3_V | {1 }
	Port: relu<array<ap_fixed,10u>,array<ap_fixed<16,6,5,3,0>,10u>,relu_config10> : data_V_data_4_V | {1 }
	Port: relu<array<ap_fixed,10u>,array<ap_fixed<16,6,5,3,0>,10u>,relu_config10> : data_V_data_5_V | {1 }
	Port: relu<array<ap_fixed,10u>,array<ap_fixed<16,6,5,3,0>,10u>,relu_config10> : data_V_data_6_V | {1 }
	Port: relu<array<ap_fixed,10u>,array<ap_fixed<16,6,5,3,0>,10u>,relu_config10> : data_V_data_7_V | {1 }
	Port: relu<array<ap_fixed,10u>,array<ap_fixed<16,6,5,3,0>,10u>,relu_config10> : data_V_data_8_V | {1 }
	Port: relu<array<ap_fixed,10u>,array<ap_fixed<16,6,5,3,0>,10u>,relu_config10> : data_V_data_9_V | {1 }
  - Chain level:
	State 1
		icmp_ln1494 : 1
		icmp_ln1494_1 : 1
		icmp_ln1494_2 : 1
		icmp_ln1494_3 : 1
		icmp_ln1494_4 : 1
		icmp_ln1494_5 : 1
		icmp_ln1494_6 : 1
		icmp_ln1494_7 : 1
		icmp_ln1494_8 : 1
		icmp_ln1494_9 : 1
		tmp_data_0_V : 2
		tmp_data_1_V : 2
		tmp_data_2_V : 2
		tmp_data_3_V : 2
		tmp_data_4_V : 2
		tmp_data_5_V : 2
		tmp_data_6_V : 2
		tmp_data_7_V : 2
		tmp_data_8_V : 2
		tmp_data_9_V : 2
		write_ln57 : 3
	State 2
		empty_16 : 1


============================================================
+ Verbose Summary: Datapath Resource usage 
============================================================

* Functional unit list:
|----------|-----------------------|---------|---------|
| Operation|    Functional Unit    |    FF   |   LUT   |
|----------|-----------------------|---------|---------|
|          |  tmp_data_0_V_fu_354  |    0    |    16   |
|          |  tmp_data_1_V_fu_363  |    0    |    16   |
|          |  tmp_data_2_V_fu_372  |    0    |    16   |
|          |  tmp_data_3_V_fu_381  |    0    |    16   |
|  select  |  tmp_data_4_V_fu_390  |    0    |    16   |
|          |  tmp_data_5_V_fu_399  |    0    |    16   |
|          |  tmp_data_6_V_fu_408  |    0    |    16   |
|          |  tmp_data_7_V_fu_417  |    0    |    16   |
|          |  tmp_data_8_V_fu_426  |    0    |    16   |
|          |  tmp_data_9_V_fu_435  |    0    |    16   |
|----------|-----------------------|---------|---------|
|          |   icmp_ln1494_fu_294  |    0    |    13   |
|          |  icmp_ln1494_1_fu_300 |    0    |    13   |
|          |  icmp_ln1494_2_fu_306 |    0    |    13   |
|          |  icmp_ln1494_3_fu_312 |    0    |    13   |
|   icmp   |  icmp_ln1494_4_fu_318 |    0    |    13   |
|          |  icmp_ln1494_5_fu_324 |    0    |    13   |
|          |  icmp_ln1494_6_fu_330 |    0    |    13   |
|          |  icmp_ln1494_7_fu_336 |    0    |    13   |
|          |  icmp_ln1494_8_fu_342 |    0    |    13   |
|          |  icmp_ln1494_9_fu_348 |    0    |    13   |
|----------|-----------------------|---------|---------|
|   read   |   empty_read_fu_196   |    0    |    0    |
|----------|-----------------------|---------|---------|
|   write  |    grp_write_fu_220   |    0    |    0    |
|----------|-----------------------|---------|---------|
|          |  tmp_data_V_0_fu_254  |    0    |    0    |
|          |  tmp_data_V_1_fu_258  |    0    |    0    |
|          |  tmp_data_V_2_fu_262  |    0    |    0    |
|          | tmp_data_V_315_fu_266 |    0    |    0    |
|extractvalue|  tmp_data_V_4_fu_270  |    0    |    0    |
|          |  tmp_data_V_5_fu_274  |    0    |    0    |
|          |  tmp_data_V_6_fu_278  |    0    |    0    |
|          |  tmp_data_V_7_fu_282  |    0    |    0    |
|          |  tmp_data_V_8_fu_286  |    0    |    0    |
|          |  tmp_data_V_9_fu_290  |    0    |    0    |
|----------|-----------------------|---------|---------|
|   Total  |                       |    0    |   290   |
|----------|-----------------------|---------|---------|

Memories:
N/A

* Register list:
+--------------------+--------+
|                    |   FF   |
+--------------------+--------+
|tmp_data_0_V_reg_444|   16   |
|tmp_data_1_V_reg_449|   16   |
|tmp_data_2_V_reg_454|   16   |
|tmp_data_3_V_reg_459|   16   |
|tmp_data_4_V_reg_464|   16   |
|tmp_data_5_V_reg_469|   16   |
|tmp_data_6_V_reg_474|   16   |
|tmp_data_7_V_reg_479|   16   |
|tmp_data_8_V_reg_484|   16   |
|tmp_data_9_V_reg_489|   16   |
+--------------------+--------+
|        Total       |   160  |
+--------------------+--------+

* Multiplexer (MUX) list: 
|------------------|------|------|------|--------||---------||---------|
|       Comp       |  Pin | Size |  BW  | S x BW ||  Delay  ||   LUT   |
|------------------|------|------|------|--------||---------||---------|
| grp_write_fu_220 |  p11 |   2  |  16  |   32   ||    9    |
| grp_write_fu_220 |  p12 |   2  |  16  |   32   ||    9    |
| grp_write_fu_220 |  p13 |   2  |  16  |   32   ||    9    |
| grp_write_fu_220 |  p14 |   2  |  16  |   32   ||    9    |
| grp_write_fu_220 |  p15 |   2  |  16  |   32   ||    9    |
| grp_write_fu_220 |  p16 |   2  |  16  |   32   ||    9    |
| grp_write_fu_220 |  p17 |   2  |  16  |   32   ||    9    |
| grp_write_fu_220 |  p18 |   2  |  16  |   32   ||    9    |
| grp_write_fu_220 |  p19 |   2  |  16  |   32   ||    9    |
| grp_write_fu_220 |  p20 |   2  |  16  |   32   ||    9    |
|------------------|------|------|------|--------||---------||---------|
|       Total      |      |      |      |   320  ||   6.03  ||    90   |
|------------------|------|------|------|--------||---------||---------|



* Summary:
+-----------+--------+--------+--------+
|           |  Delay |   FF   |   LUT  |
+-----------+--------+--------+--------+
|  Function |    -   |    0   |   290  |
|   Memory  |    -   |    -   |    -   |
|Multiplexer|    6   |    -   |   90   |
|  Register |    -   |   160  |    -   |
+-----------+--------+--------+--------+
|   Total   |    6   |   160  |   380  |
+-----------+--------+--------+--------+
