

================================================================
== Vivado HLS Report for 'conv_2d_cl_array_ap_fixed_1u_array_ap_fixed_16_6_5_3_0_4u_config2_s'
================================================================
* Date:           Fri Nov 17 19:30:48 2023

* Version:        2020.1 (Build 2897737 on Wed May 27 20:21:37 MDT 2020)
* Project:        myproject_prj
* Solution:       solution1
* Product family: virtexuplus
* Target device:  xcu50-fsvh2104-2-e


================================================================
== Performance Estimates
================================================================
+ Timing: 
    * Summary: 
    +--------+----------+----------+------------+
    |  Clock |  Target  | Estimated| Uncertainty|
    +--------+----------+----------+------------+
    |ap_clk  | 10.00 ns | 5.602 ns |   1.25 ns  |
    +--------+----------+----------+------------+

+ Latency: 
    * Summary: 
    +---------+---------+-----------+----------+------+-------+---------+
    |  Latency (cycles) |  Latency (absolute)  |   Interval   | Pipeline|
    |   min   |   max   |    min    |    max   |  min |  max  |   Type  |
    +---------+---------+-----------+----------+------+-------+---------+
    |     4704|    33712| 47.040 us | 0.337 ms |  4704|  33712|   none  |
    +---------+---------+-----------+----------+------+-------+---------+

    + Detail: 
        * Instance: 
        N/A

        * Loop: 
        +----------------------------------+---------+---------+----------+-----------+-----------+------+----------+
        |                                  |  Latency (cycles) | Iteration|  Initiation Interval  | Trip |          |
        |             Loop Name            |   min   |   max   |  Latency |  achieved |   target  | Count| Pipelined|
        +----------------------------------+---------+---------+----------+-----------+-----------+------+----------+
        |- ReadInputHeight_ReadInputWidth  |     4703|    33711|  6 ~ 43  |          -|          -|   784|    no    |
        | + KernelShiftWidth               |        2|        2|         1|          1|          1|     2|    yes   |
        | + ReuseLoop                      |       36|       36|         2|          1|          1|    36|    yes   |
        +----------------------------------+---------+---------+----------+-----------+-----------+------+----------+

============================================================
+ Verbose Summary: Synthesis Manager
============================================================
InlineROM: 1
ExposeGlobal: 0
============================================================
+ Verbose Summary: CDFG Model
============================================================
IsTopModel: 0
ResetActiveHigh: 1
IsCombinational: 2
IsDatapathOnly: 0
HasWiredReturn: 1
HasMFsm: 0
HasVarLatency: 1
IsPipeline: 0
IsRtlPipelined: 0
IsInstanceOverlapped: 0
IsDontTouch: 0
HasImplIP: 0
IsGatedGlobalClock: 0

+ Individual pipeline summary: 
  * Pipeline-0: initiation interval (II) = 1, depth = 1
  * Pipeline-1: initiation interval (II) = 1, depth = 2


============================================================
+ Verbose Summary: Schedule
============================================================
* Number of FSM states : 7
* Pipeline : 2
  Pipeline-0 : II = 1, D = 1, States = { 3 }
  Pipeline-1 : II = 1, D = 2, States = { 5 6 }
* Dataflow Pipeline: 0

* FSM state transitions: 
1 --> 2 
2 --> 3 
3 --> 4 3 
4 --> 7 5 
5 --> 6 
6 --> 7 5 
7 --> 2 

* FSM state operations: 

State 1 <SV = 0> <Delay = 0.60>
ST_1 : Operation 8 [1/1] (0.00ns)   --->   "call void (...)* @_ssdm_op_SpecInterface(i16* %res_V_data_3_V, [8 x i8]* @ap_fifo_str, i32 0, i32 0, [1 x i8]* @p_str185, i32 0, i32 0, [1 x i8]* @p_str186, [1 x i8]* @p_str187, [1 x i8]* @p_str188, i32 2, i32 2, i32 16, i32 16, [1 x i8]* @p_str189, [1 x i8]* @p_str190)"   --->   Operation 8 'specinterface' <Predicate = true> <Delay = 0.00>
ST_1 : Operation 9 [1/1] (0.00ns)   --->   "call void (...)* @_ssdm_op_SpecInterface(i16* %res_V_data_2_V, [8 x i8]* @ap_fifo_str, i32 0, i32 0, [1 x i8]* @p_str178, i32 0, i32 0, [1 x i8]* @p_str179, [1 x i8]* @p_str180, [1 x i8]* @p_str181, i32 2, i32 2, i32 16, i32 16, [1 x i8]* @p_str182, [1 x i8]* @p_str183)"   --->   Operation 9 'specinterface' <Predicate = true> <Delay = 0.00>
ST_1 : Operation 10 [1/1] (0.00ns)   --->   "call void (...)* @_ssdm_op_SpecInterface(i16* %res_V_data_1_V, [8 x i8]* @ap_fifo_str, i32 0, i32 0, [1 x i8]* @p_str171, i32 0, i32 0, [1 x i8]* @p_str172, [1 x i8]* @p_str173, [1 x i8]* @p_str174, i32 2, i32 2, i32 16, i32 16, [1 x i8]* @p_str175, [1 x i8]* @p_str176)"   --->   Operation 10 'specinterface' <Predicate = true> <Delay = 0.00>
ST_1 : Operation 11 [1/1] (0.00ns)   --->   "call void (...)* @_ssdm_op_SpecInterface(i16* %res_V_data_0_V, [8 x i8]* @ap_fifo_str, i32 0, i32 0, [1 x i8]* @p_str164, i32 0, i32 0, [1 x i8]* @p_str165, [1 x i8]* @p_str166, [1 x i8]* @p_str167, i32 2, i32 2, i32 16, i32 16, [1 x i8]* @p_str168, [1 x i8]* @p_str169)"   --->   Operation 11 'specinterface' <Predicate = true> <Delay = 0.00>
ST_1 : Operation 12 [1/1] (0.00ns)   --->   "call void (...)* @_ssdm_op_SpecInterface(i16* %data_V_data_V, [5 x i8]* @p_str, i32 1, i32 1, [5 x i8]* @p_str9, i32 0, i32 0, [1 x i8]* @p_str10, [1 x i8]* @p_str10, [1 x i8]* @p_str10, i32 0, i32 0, i32 0, i32 0, [1 x i8]* @p_str10, [1 x i8]* @p_str10)"   --->   Operation 12 'specinterface' <Predicate = true> <Delay = 0.00>
ST_1 : Operation 13 [1/1] (0.60ns)   --->   "br label %ReadInputWidth_begin"   --->   Operation 13 'br' <Predicate = true> <Delay = 0.60>

State 2 <SV = 1> <Delay = 1.22>
ST_2 : Operation 14 [1/1] (0.00ns)   --->   "%indvar_flatten54 = phi i10 [ 0, %codeRepl ], [ %add_ln79, %ReadInputWidth_end ]" [firmware/nnet_utils/nnet_conv2d_stream.h:79->firmware/nnet_utils/nnet_conv2d_stream.h:103]   --->   Operation 14 'phi' 'indvar_flatten54' <Predicate = true> <Delay = 0.00>
ST_2 : Operation 15 [1/1] (0.00ns)   --->   "call void (...)* @_ssdm_op_SpecLoopName([31 x i8]* @ReadInputHeight_ReadInputWidth_str)"   --->   Operation 15 'specloopname' <Predicate = true> <Delay = 0.00>
ST_2 : Operation 16 [1/1] (0.00ns)   --->   "%empty_77 = call i32 (...)* @_ssdm_op_SpecLoopTripCount(i64 784, i64 784, i64 784)"   --->   Operation 16 'speclooptripcount' 'empty_77' <Predicate = true> <Delay = 0.00>
ST_2 : Operation 17 [1/1] (0.00ns)   --->   "call void (...)* @_ssdm_op_SpecLoopName([15 x i8]* @p_str29) nounwind" [firmware/nnet_utils/nnet_conv2d_stream.h:81->firmware/nnet_utils/nnet_conv2d_stream.h:103]   --->   Operation 17 'specloopname' <Predicate = true> <Delay = 0.00>
ST_2 : Operation 18 [1/1] (0.00ns)   --->   "%tmp_s = call i32 (...)* @_ssdm_op_SpecRegionBegin([15 x i8]* @p_str29)" [firmware/nnet_utils/nnet_conv2d_stream.h:81->firmware/nnet_utils/nnet_conv2d_stream.h:103]   --->   Operation 18 'specregionbegin' 'tmp_s' <Predicate = true> <Delay = 0.00>
ST_2 : Operation 19 [1/1] (0.00ns)   --->   "%tmp_data_0_V = call i16 @_ssdm_op_Read.axis.volatile.i16P(i16* %data_V_data_V)" [firmware/nnet_utils/nnet_conv2d_stream.h:87->firmware/nnet_utils/nnet_conv2d_stream.h:103]   --->   Operation 19 'read' 'tmp_data_0_V' <Predicate = true> <Delay = 0.00> <Core = "AXI4Stream">   --->   Core 5 'AXI4Stream' <Latency = 0> <II = 1> <Delay = 1.00> <Adapter> <Opcode : >
ST_2 : Operation 20 [1/1] (0.00ns)   --->   "call void (...)* @_ssdm_op_SpecLoopName([17 x i8]* @p_str33) nounwind" [firmware/nnet_utils/nnet_conv_stream.h:241->firmware/nnet_utils/nnet_conv_stream.h:286->firmware/nnet_utils/nnet_conv2d_stream.h:87->firmware/nnet_utils/nnet_conv2d_stream.h:103]   --->   Operation 20 'specloopname' <Predicate = true> <Delay = 0.00>
ST_2 : Operation 21 [1/1] (0.61ns)   --->   "%DataOut_V_8 = call i16 @"_ssdm_op_MemShiftRead.[28 x i16]P"(i16* getelementptr inbounds ([28 x i16]* @line_buffer_Array_V_0_0, i64 0, i64 27), i16 %tmp_data_0_V, i1 true)" [firmware/nnet_utils/nnet_conv_stream.h:246->firmware/nnet_utils/nnet_conv_stream.h:286->firmware/nnet_utils/nnet_conv2d_stream.h:87->firmware/nnet_utils/nnet_conv2d_stream.h:103]   --->   Operation 21 'memshiftread' 'DataOut_V_8' <Predicate = true> <Delay = 0.61> <Core = "ShiftReg">   --->   Core 33 'ShiftReg' <Latency = 0> <II = 1> <Delay = 0.61> <Storage> <Opcode : 'memshiftread' 'load'> <Ports = 1> <Width = 16> <Depth = 28> <ShiftMem>
ST_2 : Operation 22 [1/1] (0.61ns)   --->   "%DataOut_V = call i16 @"_ssdm_op_MemShiftRead.[28 x i16]P"(i16* getelementptr inbounds ([28 x i16]* @line_buffer_Array_V_1142_0, i64 0, i64 27), i16 %DataOut_V_8, i1 true)" [firmware/nnet_utils/nnet_conv_stream.h:246->firmware/nnet_utils/nnet_conv_stream.h:286->firmware/nnet_utils/nnet_conv2d_stream.h:87->firmware/nnet_utils/nnet_conv2d_stream.h:103]   --->   Operation 22 'memshiftread' 'DataOut_V' <Predicate = true> <Delay = 0.61> <Core = "ShiftReg">   --->   Core 33 'ShiftReg' <Latency = 0> <II = 1> <Delay = 0.61> <Storage> <Opcode : 'memshiftread' 'load'> <Ports = 1> <Width = 16> <Depth = 28> <ShiftMem>
ST_2 : Operation 23 [1/1] (0.00ns)   --->   "%kernel_data_V_2144_load = load i16* @kernel_data_V_2144, align 2" [firmware/nnet_utils/nnet_conv_stream.h:201->firmware/nnet_utils/nnet_conv_stream.h:252->firmware/nnet_utils/nnet_conv_stream.h:286->firmware/nnet_utils/nnet_conv2d_stream.h:87->firmware/nnet_utils/nnet_conv2d_stream.h:103]   --->   Operation 23 'load' 'kernel_data_V_2144_load' <Predicate = true> <Delay = 0.00>
ST_2 : Operation 24 [1/1] (0.00ns)   --->   "%kernel_data_V_5_load = load i16* @kernel_data_V_5, align 2" [firmware/nnet_utils/nnet_conv_stream.h:201->firmware/nnet_utils/nnet_conv_stream.h:252->firmware/nnet_utils/nnet_conv_stream.h:286->firmware/nnet_utils/nnet_conv2d_stream.h:87->firmware/nnet_utils/nnet_conv2d_stream.h:103]   --->   Operation 24 'load' 'kernel_data_V_5_load' <Predicate = true> <Delay = 0.00>
ST_2 : Operation 25 [1/1] (0.00ns)   --->   "%kernel_data_V_8_load = load i16* @kernel_data_V_8, align 2" [firmware/nnet_utils/nnet_conv_stream.h:201->firmware/nnet_utils/nnet_conv_stream.h:252->firmware/nnet_utils/nnet_conv_stream.h:286->firmware/nnet_utils/nnet_conv2d_stream.h:87->firmware/nnet_utils/nnet_conv2d_stream.h:103]   --->   Operation 25 'load' 'kernel_data_V_8_load' <Predicate = true> <Delay = 0.00>
ST_2 : Operation 26 [1/1] (0.72ns)   --->   "%add_ln79 = add i10 %indvar_flatten54, 1" [firmware/nnet_utils/nnet_conv2d_stream.h:79->firmware/nnet_utils/nnet_conv2d_stream.h:103]   --->   Operation 26 'add' 'add_ln79' <Predicate = true> <Delay = 0.72> <Core = "AddSub">   --->   Core 14 'AddSub' <Latency = 0> <II = 1> <Delay = 0.88> <FuncUnit> <Opcode : 'add' 'sub'> <InPorts = 2> <OutPorts = 1>
ST_2 : Operation 27 [1/1] (0.60ns)   --->   "br label %0" [firmware/nnet_utils/nnet_conv_stream.h:194->firmware/nnet_utils/nnet_conv_stream.h:252->firmware/nnet_utils/nnet_conv_stream.h:286->firmware/nnet_utils/nnet_conv2d_stream.h:87->firmware/nnet_utils/nnet_conv2d_stream.h:103]   --->   Operation 27 'br' <Predicate = true> <Delay = 0.60>

State 3 <SV = 2> <Delay = 0.43>
ST_3 : Operation 28 [1/1] (0.00ns)   --->   "%i_iw_0_i_i_i_i = phi i2 [ 0, %ReadInputWidth_begin ], [ %i_iw, %KernelShiftWidth_end ]"   --->   Operation 28 'phi' 'i_iw_0_i_i_i_i' <Predicate = true> <Delay = 0.00>
ST_3 : Operation 29 [1/1] (0.34ns)   --->   "%icmp_ln194 = icmp eq i2 %i_iw_0_i_i_i_i, -2" [firmware/nnet_utils/nnet_conv_stream.h:194->firmware/nnet_utils/nnet_conv_stream.h:252->firmware/nnet_utils/nnet_conv_stream.h:286->firmware/nnet_utils/nnet_conv2d_stream.h:87->firmware/nnet_utils/nnet_conv2d_stream.h:103]   --->   Operation 29 'icmp' 'icmp_ln194' <Predicate = true> <Delay = 0.34> <Core = "Cmp">   --->   Core 25 'Cmp' <Latency = 0> <II = 1> <Delay = 0.60> <FuncUnit> <Opcode : 'icmp'> <InPorts = 2> <OutPorts = 1>
ST_3 : Operation 30 [1/1] (0.00ns)   --->   "%empty = call i32 (...)* @_ssdm_op_SpecLoopTripCount(i64 2, i64 2, i64 2)"   --->   Operation 30 'speclooptripcount' 'empty' <Predicate = true> <Delay = 0.00>
ST_3 : Operation 31 [1/1] (0.43ns)   --->   "%i_iw = add i2 %i_iw_0_i_i_i_i, 1" [firmware/nnet_utils/nnet_conv_stream.h:201->firmware/nnet_utils/nnet_conv_stream.h:252->firmware/nnet_utils/nnet_conv_stream.h:286->firmware/nnet_utils/nnet_conv2d_stream.h:87->firmware/nnet_utils/nnet_conv2d_stream.h:103]   --->   Operation 31 'add' 'i_iw' <Predicate = true> <Delay = 0.43> <Core = "AddSub">   --->   Core 14 'AddSub' <Latency = 0> <II = 1> <Delay = 0.88> <FuncUnit> <Opcode : 'add' 'sub'> <InPorts = 2> <OutPorts = 1>
ST_3 : Operation 32 [1/1] (0.00ns)   --->   "br i1 %icmp_ln194, label %.critedge4.i.i.i.i.0, label %KernelShiftWidth_begin" [firmware/nnet_utils/nnet_conv_stream.h:194->firmware/nnet_utils/nnet_conv_stream.h:252->firmware/nnet_utils/nnet_conv_stream.h:286->firmware/nnet_utils/nnet_conv2d_stream.h:87->firmware/nnet_utils/nnet_conv2d_stream.h:103]   --->   Operation 32 'br' <Predicate = true> <Delay = 0.00>
ST_3 : Operation 33 [1/1] (0.00ns)   --->   "call void (...)* @_ssdm_op_SpecLoopName([17 x i8]* @p_str35) nounwind" [firmware/nnet_utils/nnet_conv_stream.h:194->firmware/nnet_utils/nnet_conv_stream.h:252->firmware/nnet_utils/nnet_conv_stream.h:286->firmware/nnet_utils/nnet_conv2d_stream.h:87->firmware/nnet_utils/nnet_conv2d_stream.h:103]   --->   Operation 33 'specloopname' <Predicate = (!icmp_ln194)> <Delay = 0.00>
ST_3 : Operation 34 [1/1] (0.00ns)   --->   "%tmp_18 = call i32 (...)* @_ssdm_op_SpecRegionBegin([17 x i8]* @p_str35)" [firmware/nnet_utils/nnet_conv_stream.h:194->firmware/nnet_utils/nnet_conv_stream.h:252->firmware/nnet_utils/nnet_conv_stream.h:286->firmware/nnet_utils/nnet_conv2d_stream.h:87->firmware/nnet_utils/nnet_conv2d_stream.h:103]   --->   Operation 34 'specregionbegin' 'tmp_18' <Predicate = (!icmp_ln194)> <Delay = 0.00>
ST_3 : Operation 35 [1/1] (0.00ns)   --->   "call void (...)* @_ssdm_op_SpecPipeline(i32 1, i32 1, i32 1, i32 0, [1 x i8]* @p_str10) nounwind" [firmware/nnet_utils/nnet_conv_stream.h:195->firmware/nnet_utils/nnet_conv_stream.h:252->firmware/nnet_utils/nnet_conv_stream.h:286->firmware/nnet_utils/nnet_conv2d_stream.h:87->firmware/nnet_utils/nnet_conv2d_stream.h:103]   --->   Operation 35 'specpipeline' <Predicate = (!icmp_ln194)> <Delay = 0.00>
ST_3 : Operation 36 [1/1] (0.00ns)   --->   "%trunc_ln201 = trunc i2 %i_iw_0_i_i_i_i to i1" [firmware/nnet_utils/nnet_conv_stream.h:201->firmware/nnet_utils/nnet_conv_stream.h:252->firmware/nnet_utils/nnet_conv_stream.h:286->firmware/nnet_utils/nnet_conv2d_stream.h:87->firmware/nnet_utils/nnet_conv2d_stream.h:103]   --->   Operation 36 'trunc' 'trunc_ln201' <Predicate = (!icmp_ln194)> <Delay = 0.00>
ST_3 : Operation 37 [1/1] (0.00ns)   --->   "%kernel_data_V_1143_load = load i16* @kernel_data_V_1143, align 2" [firmware/nnet_utils/nnet_conv_stream.h:201->firmware/nnet_utils/nnet_conv_stream.h:252->firmware/nnet_utils/nnet_conv_stream.h:286->firmware/nnet_utils/nnet_conv2d_stream.h:87->firmware/nnet_utils/nnet_conv2d_stream.h:103]   --->   Operation 37 'load' 'kernel_data_V_1143_load' <Predicate = (!icmp_ln194)> <Delay = 0.00>
ST_3 : Operation 38 [1/1] (0.24ns)   --->   "%select_ln203 = select i1 %trunc_ln201, i16 %kernel_data_V_2144_load, i16 %kernel_data_V_1143_load" [firmware/nnet_utils/nnet_conv_stream.h:201->firmware/nnet_utils/nnet_conv_stream.h:252->firmware/nnet_utils/nnet_conv_stream.h:286->firmware/nnet_utils/nnet_conv2d_stream.h:87->firmware/nnet_utils/nnet_conv2d_stream.h:103]   --->   Operation 38 'select' 'select_ln203' <Predicate = (!icmp_ln194)> <Delay = 0.24> <Core = "Sel">   --->   Core 26 'Sel' <Latency = 0> <II = 1> <Delay = 0.22> <FuncUnit> <Opcode : 'select'> <InPorts = 3> <OutPorts = 1>
ST_3 : Operation 39 [1/1] (0.00ns)   --->   "br i1 %trunc_ln201, label %branch37, label %branch36" [firmware/nnet_utils/nnet_conv_stream.h:201->firmware/nnet_utils/nnet_conv_stream.h:252->firmware/nnet_utils/nnet_conv_stream.h:286->firmware/nnet_utils/nnet_conv2d_stream.h:87->firmware/nnet_utils/nnet_conv2d_stream.h:103]   --->   Operation 39 'br' <Predicate = (!icmp_ln194)> <Delay = 0.00>
ST_3 : Operation 40 [1/1] (0.00ns)   --->   "store i16 %select_ln203, i16* @kernel_data_V_0, align 2" [firmware/nnet_utils/nnet_conv_stream.h:201->firmware/nnet_utils/nnet_conv_stream.h:252->firmware/nnet_utils/nnet_conv_stream.h:286->firmware/nnet_utils/nnet_conv2d_stream.h:87->firmware/nnet_utils/nnet_conv2d_stream.h:103]   --->   Operation 40 'store' <Predicate = (!icmp_ln194 & !trunc_ln201)> <Delay = 0.00>
ST_3 : Operation 41 [1/1] (0.00ns)   --->   "br label %.critedge.i.i.i.i.082" [firmware/nnet_utils/nnet_conv_stream.h:201->firmware/nnet_utils/nnet_conv_stream.h:252->firmware/nnet_utils/nnet_conv_stream.h:286->firmware/nnet_utils/nnet_conv2d_stream.h:87->firmware/nnet_utils/nnet_conv2d_stream.h:103]   --->   Operation 41 'br' <Predicate = (!icmp_ln194 & !trunc_ln201)> <Delay = 0.00>
ST_3 : Operation 42 [1/1] (0.00ns)   --->   "store i16 %select_ln203, i16* @kernel_data_V_1143, align 2" [firmware/nnet_utils/nnet_conv_stream.h:201->firmware/nnet_utils/nnet_conv_stream.h:252->firmware/nnet_utils/nnet_conv_stream.h:286->firmware/nnet_utils/nnet_conv2d_stream.h:87->firmware/nnet_utils/nnet_conv2d_stream.h:103]   --->   Operation 42 'store' <Predicate = (!icmp_ln194 & trunc_ln201)> <Delay = 0.00>
ST_3 : Operation 43 [1/1] (0.00ns)   --->   "br label %.critedge.i.i.i.i.082" [firmware/nnet_utils/nnet_conv_stream.h:201->firmware/nnet_utils/nnet_conv_stream.h:252->firmware/nnet_utils/nnet_conv_stream.h:286->firmware/nnet_utils/nnet_conv2d_stream.h:87->firmware/nnet_utils/nnet_conv2d_stream.h:103]   --->   Operation 43 'br' <Predicate = (!icmp_ln194 & trunc_ln201)> <Delay = 0.00>
ST_3 : Operation 44 [1/1] (0.00ns)   --->   "%kernel_data_V_4_load = load i16* @kernel_data_V_4, align 2" [firmware/nnet_utils/nnet_conv_stream.h:201->firmware/nnet_utils/nnet_conv_stream.h:252->firmware/nnet_utils/nnet_conv_stream.h:286->firmware/nnet_utils/nnet_conv2d_stream.h:87->firmware/nnet_utils/nnet_conv2d_stream.h:103]   --->   Operation 44 'load' 'kernel_data_V_4_load' <Predicate = (!icmp_ln194)> <Delay = 0.00>
ST_3 : Operation 45 [1/1] (0.24ns)   --->   "%select_ln203_12 = select i1 %trunc_ln201, i16 %kernel_data_V_5_load, i16 %kernel_data_V_4_load" [firmware/nnet_utils/nnet_conv_stream.h:201->firmware/nnet_utils/nnet_conv_stream.h:252->firmware/nnet_utils/nnet_conv_stream.h:286->firmware/nnet_utils/nnet_conv2d_stream.h:87->firmware/nnet_utils/nnet_conv2d_stream.h:103]   --->   Operation 45 'select' 'select_ln203_12' <Predicate = (!icmp_ln194)> <Delay = 0.24> <Core = "Sel">   --->   Core 26 'Sel' <Latency = 0> <II = 1> <Delay = 0.22> <FuncUnit> <Opcode : 'select'> <InPorts = 3> <OutPorts = 1>
ST_3 : Operation 46 [1/1] (0.00ns)   --->   "br i1 %trunc_ln201, label %branch22, label %branch21" [firmware/nnet_utils/nnet_conv_stream.h:201->firmware/nnet_utils/nnet_conv_stream.h:252->firmware/nnet_utils/nnet_conv_stream.h:286->firmware/nnet_utils/nnet_conv2d_stream.h:87->firmware/nnet_utils/nnet_conv2d_stream.h:103]   --->   Operation 46 'br' <Predicate = (!icmp_ln194)> <Delay = 0.00>
ST_3 : Operation 47 [1/1] (0.00ns)   --->   "store i16 %select_ln203_12, i16* @kernel_data_V_3145, align 2" [firmware/nnet_utils/nnet_conv_stream.h:201->firmware/nnet_utils/nnet_conv_stream.h:252->firmware/nnet_utils/nnet_conv_stream.h:286->firmware/nnet_utils/nnet_conv2d_stream.h:87->firmware/nnet_utils/nnet_conv2d_stream.h:103]   --->   Operation 47 'store' <Predicate = (!icmp_ln194 & !trunc_ln201)> <Delay = 0.00>
ST_3 : Operation 48 [1/1] (0.00ns)   --->   "br label %.critedge.i.i.i.i.053" [firmware/nnet_utils/nnet_conv_stream.h:201->firmware/nnet_utils/nnet_conv_stream.h:252->firmware/nnet_utils/nnet_conv_stream.h:286->firmware/nnet_utils/nnet_conv2d_stream.h:87->firmware/nnet_utils/nnet_conv2d_stream.h:103]   --->   Operation 48 'br' <Predicate = (!icmp_ln194 & !trunc_ln201)> <Delay = 0.00>
ST_3 : Operation 49 [1/1] (0.00ns)   --->   "store i16 %select_ln203_12, i16* @kernel_data_V_4, align 2" [firmware/nnet_utils/nnet_conv_stream.h:201->firmware/nnet_utils/nnet_conv_stream.h:252->firmware/nnet_utils/nnet_conv_stream.h:286->firmware/nnet_utils/nnet_conv2d_stream.h:87->firmware/nnet_utils/nnet_conv2d_stream.h:103]   --->   Operation 49 'store' <Predicate = (!icmp_ln194 & trunc_ln201)> <Delay = 0.00>
ST_3 : Operation 50 [1/1] (0.00ns)   --->   "br label %.critedge.i.i.i.i.053" [firmware/nnet_utils/nnet_conv_stream.h:201->firmware/nnet_utils/nnet_conv_stream.h:252->firmware/nnet_utils/nnet_conv_stream.h:286->firmware/nnet_utils/nnet_conv2d_stream.h:87->firmware/nnet_utils/nnet_conv2d_stream.h:103]   --->   Operation 50 'br' <Predicate = (!icmp_ln194 & trunc_ln201)> <Delay = 0.00>
ST_3 : Operation 51 [1/1] (0.00ns)   --->   "%kernel_data_V_7_load = load i16* @kernel_data_V_7, align 2" [firmware/nnet_utils/nnet_conv_stream.h:201->firmware/nnet_utils/nnet_conv_stream.h:252->firmware/nnet_utils/nnet_conv_stream.h:286->firmware/nnet_utils/nnet_conv2d_stream.h:87->firmware/nnet_utils/nnet_conv2d_stream.h:103]   --->   Operation 51 'load' 'kernel_data_V_7_load' <Predicate = (!icmp_ln194)> <Delay = 0.00>
ST_3 : Operation 52 [1/1] (0.24ns)   --->   "%select_ln203_13 = select i1 %trunc_ln201, i16 %kernel_data_V_8_load, i16 %kernel_data_V_7_load" [firmware/nnet_utils/nnet_conv_stream.h:201->firmware/nnet_utils/nnet_conv_stream.h:252->firmware/nnet_utils/nnet_conv_stream.h:286->firmware/nnet_utils/nnet_conv2d_stream.h:87->firmware/nnet_utils/nnet_conv2d_stream.h:103]   --->   Operation 52 'select' 'select_ln203_13' <Predicate = (!icmp_ln194)> <Delay = 0.24> <Core = "Sel">   --->   Core 26 'Sel' <Latency = 0> <II = 1> <Delay = 0.22> <FuncUnit> <Opcode : 'select'> <InPorts = 3> <OutPorts = 1>
ST_3 : Operation 53 [1/1] (0.00ns)   --->   "br i1 %trunc_ln201, label %branch7, label %branch6" [firmware/nnet_utils/nnet_conv_stream.h:201->firmware/nnet_utils/nnet_conv_stream.h:252->firmware/nnet_utils/nnet_conv_stream.h:286->firmware/nnet_utils/nnet_conv2d_stream.h:87->firmware/nnet_utils/nnet_conv2d_stream.h:103]   --->   Operation 53 'br' <Predicate = (!icmp_ln194)> <Delay = 0.00>
ST_3 : Operation 54 [1/1] (0.00ns)   --->   "store i16 %select_ln203_13, i16* @kernel_data_V_6, align 2" [firmware/nnet_utils/nnet_conv_stream.h:201->firmware/nnet_utils/nnet_conv_stream.h:252->firmware/nnet_utils/nnet_conv_stream.h:286->firmware/nnet_utils/nnet_conv2d_stream.h:87->firmware/nnet_utils/nnet_conv2d_stream.h:103]   --->   Operation 54 'store' <Predicate = (!icmp_ln194 & !trunc_ln201)> <Delay = 0.00>
ST_3 : Operation 55 [1/1] (0.00ns)   --->   "br label %KernelShiftWidth_end" [firmware/nnet_utils/nnet_conv_stream.h:201->firmware/nnet_utils/nnet_conv_stream.h:252->firmware/nnet_utils/nnet_conv_stream.h:286->firmware/nnet_utils/nnet_conv2d_stream.h:87->firmware/nnet_utils/nnet_conv2d_stream.h:103]   --->   Operation 55 'br' <Predicate = (!icmp_ln194 & !trunc_ln201)> <Delay = 0.00>
ST_3 : Operation 56 [1/1] (0.00ns)   --->   "store i16 %select_ln203_13, i16* @kernel_data_V_7, align 2" [firmware/nnet_utils/nnet_conv_stream.h:201->firmware/nnet_utils/nnet_conv_stream.h:252->firmware/nnet_utils/nnet_conv_stream.h:286->firmware/nnet_utils/nnet_conv2d_stream.h:87->firmware/nnet_utils/nnet_conv2d_stream.h:103]   --->   Operation 56 'store' <Predicate = (!icmp_ln194 & trunc_ln201)> <Delay = 0.00>
ST_3 : Operation 57 [1/1] (0.00ns)   --->   "br label %KernelShiftWidth_end" [firmware/nnet_utils/nnet_conv_stream.h:201->firmware/nnet_utils/nnet_conv_stream.h:252->firmware/nnet_utils/nnet_conv_stream.h:286->firmware/nnet_utils/nnet_conv2d_stream.h:87->firmware/nnet_utils/nnet_conv2d_stream.h:103]   --->   Operation 57 'br' <Predicate = (!icmp_ln194 & trunc_ln201)> <Delay = 0.00>
ST_3 : Operation 58 [1/1] (0.00ns)   --->   "%empty_72 = call i32 (...)* @_ssdm_op_SpecRegionEnd([17 x i8]* @p_str35, i32 %tmp_18)" [firmware/nnet_utils/nnet_conv_stream.h:205->firmware/nnet_utils/nnet_conv_stream.h:252->firmware/nnet_utils/nnet_conv_stream.h:286->firmware/nnet_utils/nnet_conv2d_stream.h:87->firmware/nnet_utils/nnet_conv2d_stream.h:103]   --->   Operation 58 'specregionend' 'empty_72' <Predicate = (!icmp_ln194)> <Delay = 0.00>
ST_3 : Operation 59 [1/1] (0.00ns)   --->   "br label %0" [firmware/nnet_utils/nnet_conv_stream.h:194->firmware/nnet_utils/nnet_conv_stream.h:252->firmware/nnet_utils/nnet_conv_stream.h:286->firmware/nnet_utils/nnet_conv2d_stream.h:87->firmware/nnet_utils/nnet_conv2d_stream.h:103]   --->   Operation 59 'br' <Predicate = (!icmp_ln194)> <Delay = 0.00>

State 4 <SV = 3> <Delay = 1.10>
ST_4 : Operation 60 [1/1] (0.00ns)   --->   "store i16 %DataOut_V, i16* @kernel_data_V_2144, align 4" [firmware/nnet_utils/nnet_conv_stream.h:214->firmware/nnet_utils/nnet_conv_stream.h:252->firmware/nnet_utils/nnet_conv_stream.h:286->firmware/nnet_utils/nnet_conv2d_stream.h:87->firmware/nnet_utils/nnet_conv2d_stream.h:103]   --->   Operation 60 'store' <Predicate = true> <Delay = 0.00>
ST_4 : Operation 61 [1/1] (0.00ns)   --->   "store i16 %DataOut_V_8, i16* @kernel_data_V_5, align 2" [firmware/nnet_utils/nnet_conv_stream.h:214->firmware/nnet_utils/nnet_conv_stream.h:252->firmware/nnet_utils/nnet_conv_stream.h:286->firmware/nnet_utils/nnet_conv2d_stream.h:87->firmware/nnet_utils/nnet_conv2d_stream.h:103]   --->   Operation 61 'store' <Predicate = true> <Delay = 0.00>
ST_4 : Operation 62 [1/1] (0.00ns)   --->   "store i16 %tmp_data_0_V, i16* @kernel_data_V_8, align 16" [firmware/nnet_utils/nnet_conv_stream.h:214->firmware/nnet_utils/nnet_conv_stream.h:252->firmware/nnet_utils/nnet_conv_stream.h:286->firmware/nnet_utils/nnet_conv2d_stream.h:87->firmware/nnet_utils/nnet_conv2d_stream.h:103]   --->   Operation 62 'store' <Predicate = true> <Delay = 0.00>
ST_4 : Operation 63 [1/1] (0.00ns)   --->   "%sX_3_load = load i32* @sX_3, align 4" [firmware/nnet_utils/nnet_conv_stream.h:289->firmware/nnet_utils/nnet_conv2d_stream.h:87->firmware/nnet_utils/nnet_conv2d_stream.h:103]   --->   Operation 63 'load' 'sX_3_load' <Predicate = true> <Delay = 0.00>
ST_4 : Operation 64 [1/1] (0.85ns)   --->   "%icmp_ln289 = icmp eq i32 %sX_3_load, 2" [firmware/nnet_utils/nnet_conv_stream.h:289->firmware/nnet_utils/nnet_conv2d_stream.h:87->firmware/nnet_utils/nnet_conv2d_stream.h:103]   --->   Operation 64 'icmp' 'icmp_ln289' <Predicate = true> <Delay = 0.85> <Core = "Cmp">   --->   Core 25 'Cmp' <Latency = 0> <II = 1> <Delay = 0.60> <FuncUnit> <Opcode : 'icmp'> <InPorts = 2> <OutPorts = 1>
ST_4 : Operation 65 [1/1] (0.00ns)   --->   "%sY_3_load = load i32* @sY_3, align 4" [firmware/nnet_utils/nnet_conv_stream.h:289->firmware/nnet_utils/nnet_conv2d_stream.h:87->firmware/nnet_utils/nnet_conv2d_stream.h:103]   --->   Operation 65 'load' 'sY_3_load' <Predicate = true> <Delay = 0.00>
ST_4 : Operation 66 [1/1] (0.85ns)   --->   "%icmp_ln289_4 = icmp eq i32 %sY_3_load, 2" [firmware/nnet_utils/nnet_conv_stream.h:289->firmware/nnet_utils/nnet_conv2d_stream.h:87->firmware/nnet_utils/nnet_conv2d_stream.h:103]   --->   Operation 66 'icmp' 'icmp_ln289_4' <Predicate = true> <Delay = 0.85> <Core = "Cmp">   --->   Core 25 'Cmp' <Latency = 0> <II = 1> <Delay = 0.60> <FuncUnit> <Opcode : 'icmp'> <InPorts = 2> <OutPorts = 1>
ST_4 : Operation 67 [1/1] (0.00ns)   --->   "%pY_3_load = load i32* @pY_3, align 4" [firmware/nnet_utils/nnet_conv_stream.h:289->firmware/nnet_utils/nnet_conv2d_stream.h:87->firmware/nnet_utils/nnet_conv2d_stream.h:103]   --->   Operation 67 'load' 'pY_3_load' <Predicate = true> <Delay = 0.00>
ST_4 : Operation 68 [1/1] (0.00ns)   --->   "%tmp = call i31 @_ssdm_op_PartSelect.i31.i32.i32.i32(i32 %pY_3_load, i32 1, i32 31)" [firmware/nnet_utils/nnet_conv_stream.h:289->firmware/nnet_utils/nnet_conv2d_stream.h:87->firmware/nnet_utils/nnet_conv2d_stream.h:103]   --->   Operation 68 'partselect' 'tmp' <Predicate = true> <Delay = 0.00>
ST_4 : Operation 69 [1/1] (0.84ns)   --->   "%icmp_ln289_5 = icmp sgt i31 %tmp, 0" [firmware/nnet_utils/nnet_conv_stream.h:289->firmware/nnet_utils/nnet_conv2d_stream.h:87->firmware/nnet_utils/nnet_conv2d_stream.h:103]   --->   Operation 69 'icmp' 'icmp_ln289_5' <Predicate = true> <Delay = 0.84> <Core = "Cmp">   --->   Core 25 'Cmp' <Latency = 0> <II = 1> <Delay = 0.60> <FuncUnit> <Opcode : 'icmp'> <InPorts = 2> <OutPorts = 1>
ST_4 : Operation 70 [1/1] (0.00ns)   --->   "%pX_3_load = load i32* @pX_3, align 4" [firmware/nnet_utils/nnet_conv_stream.h:289->firmware/nnet_utils/nnet_conv2d_stream.h:87->firmware/nnet_utils/nnet_conv2d_stream.h:103]   --->   Operation 70 'load' 'pX_3_load' <Predicate = true> <Delay = 0.00>
ST_4 : Operation 71 [1/1] (0.00ns)   --->   "%tmp_7 = call i31 @_ssdm_op_PartSelect.i31.i32.i32.i32(i32 %pX_3_load, i32 1, i32 31)" [firmware/nnet_utils/nnet_conv_stream.h:289->firmware/nnet_utils/nnet_conv2d_stream.h:87->firmware/nnet_utils/nnet_conv2d_stream.h:103]   --->   Operation 71 'partselect' 'tmp_7' <Predicate = true> <Delay = 0.00>
ST_4 : Operation 72 [1/1] (0.84ns)   --->   "%icmp_ln289_6 = icmp sgt i31 %tmp_7, 0" [firmware/nnet_utils/nnet_conv_stream.h:289->firmware/nnet_utils/nnet_conv2d_stream.h:87->firmware/nnet_utils/nnet_conv2d_stream.h:103]   --->   Operation 72 'icmp' 'icmp_ln289_6' <Predicate = true> <Delay = 0.84> <Core = "Cmp">   --->   Core 25 'Cmp' <Latency = 0> <II = 1> <Delay = 0.60> <FuncUnit> <Opcode : 'icmp'> <InPorts = 2> <OutPorts = 1>
ST_4 : Operation 73 [1/1] (0.00ns) (grouped into LUT with out node and_ln289_4)   --->   "%and_ln289 = and i1 %icmp_ln289, %icmp_ln289_4" [firmware/nnet_utils/nnet_conv_stream.h:289->firmware/nnet_utils/nnet_conv2d_stream.h:87->firmware/nnet_utils/nnet_conv2d_stream.h:103]   --->   Operation 73 'and' 'and_ln289' <Predicate = true> <Delay = 0.00> <Core = "LogicGate">   --->   Core 27 'LogicGate' <Latency = 0> <II = 1> <Delay = 0.12> <FuncUnit> <Opcode : 'and' 'or' 'xor'> <InPorts = 2> <OutPorts = 1>
ST_4 : Operation 74 [1/1] (0.00ns) (grouped into LUT with out node and_ln289_4)   --->   "%and_ln289_3 = and i1 %icmp_ln289_5, %icmp_ln289_6" [firmware/nnet_utils/nnet_conv_stream.h:289->firmware/nnet_utils/nnet_conv2d_stream.h:87->firmware/nnet_utils/nnet_conv2d_stream.h:103]   --->   Operation 74 'and' 'and_ln289_3' <Predicate = true> <Delay = 0.00> <Core = "LogicGate">   --->   Core 27 'LogicGate' <Latency = 0> <II = 1> <Delay = 0.12> <FuncUnit> <Opcode : 'and' 'or' 'xor'> <InPorts = 2> <OutPorts = 1>
ST_4 : Operation 75 [1/1] (0.12ns) (out node of the LUT)   --->   "%and_ln289_4 = and i1 %and_ln289_3, %and_ln289" [firmware/nnet_utils/nnet_conv_stream.h:289->firmware/nnet_utils/nnet_conv2d_stream.h:87->firmware/nnet_utils/nnet_conv2d_stream.h:103]   --->   Operation 75 'and' 'and_ln289_4' <Predicate = true> <Delay = 0.12> <Core = "LogicGate">   --->   Core 27 'LogicGate' <Latency = 0> <II = 1> <Delay = 0.12> <FuncUnit> <Opcode : 'and' 'or' 'xor'> <InPorts = 2> <OutPorts = 1>
ST_4 : Operation 76 [1/1] (0.00ns)   --->   "br i1 %and_ln289_4, label %hls_label_1_begin, label %._crit_edge22.i.i" [firmware/nnet_utils/nnet_conv_stream.h:289->firmware/nnet_utils/nnet_conv2d_stream.h:87->firmware/nnet_utils/nnet_conv2d_stream.h:103]   --->   Operation 76 'br' <Predicate = true> <Delay = 0.00>
ST_4 : Operation 77 [1/1] (0.00ns)   --->   "%tmp_19 = call i32 (...)* @_ssdm_op_SpecRegionBegin([12 x i8]* @p_str44)" [firmware/nnet_utils/nnet_conv_stream.h:289->firmware/nnet_utils/nnet_conv2d_stream.h:87->firmware/nnet_utils/nnet_conv2d_stream.h:103]   --->   Operation 77 'specregionbegin' 'tmp_19' <Predicate = (and_ln289_4)> <Delay = 0.00>
ST_4 : Operation 78 [1/1] (0.60ns)   --->   "br label %ReuseLoop_begin" [firmware/nnet_utils/nnet_dense_resource.h:129->firmware/nnet_utils/nnet_dense_resource.h:255->firmware/nnet_utils/nnet_conv_stream.h:297->firmware/nnet_utils/nnet_conv2d_stream.h:87->firmware/nnet_utils/nnet_conv2d_stream.h:103]   --->   Operation 78 'br' <Predicate = (and_ln289_4)> <Delay = 0.60>

State 5 <SV = 4> <Delay = 1.15>
ST_5 : Operation 79 [1/1] (0.00ns)   --->   "%w_index52 = phi i6 [ 0, %hls_label_1_begin ], [ %w_index, %ReuseLoop_end ]"   --->   Operation 79 'phi' 'w_index52' <Predicate = true> <Delay = 0.00>
ST_5 : Operation 80 [1/1] (0.00ns)   --->   "%zext_ln133 = zext i6 %w_index52 to i64" [firmware/nnet_utils/nnet_dense_resource.h:133->firmware/nnet_utils/nnet_dense_resource.h:255->firmware/nnet_utils/nnet_conv_stream.h:297->firmware/nnet_utils/nnet_conv2d_stream.h:87->firmware/nnet_utils/nnet_conv2d_stream.h:103]   --->   Operation 80 'zext' 'zext_ln133' <Predicate = true> <Delay = 0.00>
ST_5 : Operation 81 [1/1] (0.00ns)   --->   "%outidx_addr = getelementptr [36 x i2]* @outidx, i64 0, i64 %zext_ln133" [firmware/nnet_utils/nnet_dense_resource.h:133->firmware/nnet_utils/nnet_dense_resource.h:255->firmware/nnet_utils/nnet_conv_stream.h:297->firmware/nnet_utils/nnet_conv2d_stream.h:87->firmware/nnet_utils/nnet_conv2d_stream.h:103]   --->   Operation 81 'getelementptr' 'outidx_addr' <Predicate = true> <Delay = 0.00>
ST_5 : Operation 82 [2/2] (1.15ns)   --->   "%out_index = load i2* %outidx_addr, align 1" [firmware/nnet_utils/nnet_dense_resource.h:133->firmware/nnet_utils/nnet_dense_resource.h:255->firmware/nnet_utils/nnet_conv_stream.h:297->firmware/nnet_utils/nnet_conv2d_stream.h:87->firmware/nnet_utils/nnet_conv2d_stream.h:103]   --->   Operation 82 'load' 'out_index' <Predicate = true> <Delay = 1.15> <Core = "ROM_nP">   --->   Core 52 'ROM_nP' <Latency = 1> <II = 1> <Delay = 1.15> <Storage> <Opcode : 'load'> <Ports = 0> <Width = 12> <Depth = 36> <ROM>
ST_5 : Operation 83 [1/1] (0.00ns)   --->   "%w2_V_addr = getelementptr [36 x i12]* @w2_V, i64 0, i64 %zext_ln133" [firmware/nnet_utils/nnet_dense_resource.h:139->firmware/nnet_utils/nnet_dense_resource.h:255->firmware/nnet_utils/nnet_conv_stream.h:297->firmware/nnet_utils/nnet_conv2d_stream.h:87->firmware/nnet_utils/nnet_conv2d_stream.h:103]   --->   Operation 83 'getelementptr' 'w2_V_addr' <Predicate = true> <Delay = 0.00>
ST_5 : Operation 84 [2/2] (1.15ns)   --->   "%w2_V_load = load i12* %w2_V_addr, align 2" [firmware/nnet_utils/nnet_dense_resource.h:139->firmware/nnet_utils/nnet_dense_resource.h:255->firmware/nnet_utils/nnet_conv_stream.h:297->firmware/nnet_utils/nnet_conv2d_stream.h:87->firmware/nnet_utils/nnet_conv2d_stream.h:103]   --->   Operation 84 'load' 'w2_V_load' <Predicate = true> <Delay = 1.15> <Core = "ROM_nP">   --->   Core 52 'ROM_nP' <Latency = 1> <II = 1> <Delay = 1.15> <Storage> <Opcode : 'load'> <Ports = 0> <Width = 12> <Depth = 36> <ROM>
ST_5 : Operation 85 [1/1] (0.70ns)   --->   "%w_index = add i6 1, %w_index52" [firmware/nnet_utils/nnet_dense_resource.h:129->firmware/nnet_utils/nnet_dense_resource.h:255->firmware/nnet_utils/nnet_conv_stream.h:297->firmware/nnet_utils/nnet_conv2d_stream.h:87->firmware/nnet_utils/nnet_conv2d_stream.h:103]   --->   Operation 85 'add' 'w_index' <Predicate = true> <Delay = 0.70> <Core = "AddSub">   --->   Core 14 'AddSub' <Latency = 0> <II = 1> <Delay = 0.88> <FuncUnit> <Opcode : 'add' 'sub'> <InPorts = 2> <OutPorts = 1>
ST_5 : Operation 86 [1/1] (0.61ns)   --->   "%icmp_ln129 = icmp eq i6 %w_index52, -29" [firmware/nnet_utils/nnet_dense_resource.h:129->firmware/nnet_utils/nnet_dense_resource.h:255->firmware/nnet_utils/nnet_conv_stream.h:297->firmware/nnet_utils/nnet_conv2d_stream.h:87->firmware/nnet_utils/nnet_conv2d_stream.h:103]   --->   Operation 86 'icmp' 'icmp_ln129' <Predicate = true> <Delay = 0.61> <Core = "Cmp">   --->   Core 25 'Cmp' <Latency = 0> <II = 1> <Delay = 0.60> <FuncUnit> <Opcode : 'icmp'> <InPorts = 2> <OutPorts = 1>
ST_5 : Operation 87 [1/1] (0.00ns)   --->   "br i1 %icmp_ln129, label %hls_label_1_end, label %ReuseLoop_begin" [firmware/nnet_utils/nnet_dense_resource.h:129->firmware/nnet_utils/nnet_dense_resource.h:255->firmware/nnet_utils/nnet_conv_stream.h:297->firmware/nnet_utils/nnet_conv2d_stream.h:87->firmware/nnet_utils/nnet_conv2d_stream.h:103]   --->   Operation 87 'br' <Predicate = true> <Delay = 0.00>

State 6 <SV = 5> <Delay = 5.60>
ST_6 : Operation 88 [1/1] (0.00ns)   --->   "%in_index_0_i_i_i_i53 = phi i32 [ 0, %hls_label_1_begin ], [ %select_ln148, %ReuseLoop_end ]" [firmware/nnet_utils/nnet_dense_resource.h:148->firmware/nnet_utils/nnet_dense_resource.h:255->firmware/nnet_utils/nnet_conv_stream.h:297->firmware/nnet_utils/nnet_conv2d_stream.h:87->firmware/nnet_utils/nnet_conv2d_stream.h:103]   --->   Operation 88 'phi' 'in_index_0_i_i_i_i53' <Predicate = true> <Delay = 0.00>
ST_6 : Operation 89 [1/1] (0.00ns)   --->   "%tmp_data_0_V_751 = phi i16 [ -218, %hls_label_1_begin ], [ %tmp_data_0_V_2, %ReuseLoop_end ]"   --->   Operation 89 'phi' 'tmp_data_0_V_751' <Predicate = true> <Delay = 0.00>
ST_6 : Operation 90 [1/1] (0.00ns)   --->   "%tmp_data_1_V_749 = phi i16 [ -67, %hls_label_1_begin ], [ %tmp_data_1_V, %ReuseLoop_end ]"   --->   Operation 90 'phi' 'tmp_data_1_V_749' <Predicate = true> <Delay = 0.00>
ST_6 : Operation 91 [1/1] (0.00ns)   --->   "%tmp_data_2_V_747 = phi i16 [ -622, %hls_label_1_begin ], [ %tmp_data_2_V, %ReuseLoop_end ]"   --->   Operation 91 'phi' 'tmp_data_2_V_747' <Predicate = true> <Delay = 0.00>
ST_6 : Operation 92 [1/1] (0.00ns)   --->   "%tmp_data_3_V_745 = phi i16 [ 60, %hls_label_1_begin ], [ %tmp_data_3_V, %ReuseLoop_end ]"   --->   Operation 92 'phi' 'tmp_data_3_V_745' <Predicate = true> <Delay = 0.00>
ST_6 : Operation 93 [1/1] (0.00ns)   --->   "call void (...)* @_ssdm_op_SpecLoopName([10 x i8]* @p_str25) nounwind" [firmware/nnet_utils/nnet_dense_resource.h:129->firmware/nnet_utils/nnet_dense_resource.h:255->firmware/nnet_utils/nnet_conv_stream.h:297->firmware/nnet_utils/nnet_conv2d_stream.h:87->firmware/nnet_utils/nnet_conv2d_stream.h:103]   --->   Operation 93 'specloopname' <Predicate = true> <Delay = 0.00>
ST_6 : Operation 94 [1/1] (0.00ns)   --->   "%tmp_20 = call i32 (...)* @_ssdm_op_SpecRegionBegin([10 x i8]* @p_str25)" [firmware/nnet_utils/nnet_dense_resource.h:129->firmware/nnet_utils/nnet_dense_resource.h:255->firmware/nnet_utils/nnet_conv_stream.h:297->firmware/nnet_utils/nnet_conv2d_stream.h:87->firmware/nnet_utils/nnet_conv2d_stream.h:103]   --->   Operation 94 'specregionbegin' 'tmp_20' <Predicate = true> <Delay = 0.00>
ST_6 : Operation 95 [1/1] (0.00ns)   --->   "call void (...)* @_ssdm_op_SpecPipeline(i32 1, i32 1, i32 1, i32 0, [1 x i8]* @p_str10) nounwind" [firmware/nnet_utils/nnet_dense_resource.h:130->firmware/nnet_utils/nnet_dense_resource.h:255->firmware/nnet_utils/nnet_conv_stream.h:297->firmware/nnet_utils/nnet_conv2d_stream.h:87->firmware/nnet_utils/nnet_conv2d_stream.h:103]   --->   Operation 95 'specpipeline' <Predicate = true> <Delay = 0.00>
ST_6 : Operation 96 [1/2] (1.15ns)   --->   "%out_index = load i2* %outidx_addr, align 1" [firmware/nnet_utils/nnet_dense_resource.h:133->firmware/nnet_utils/nnet_dense_resource.h:255->firmware/nnet_utils/nnet_conv_stream.h:297->firmware/nnet_utils/nnet_conv2d_stream.h:87->firmware/nnet_utils/nnet_conv2d_stream.h:103]   --->   Operation 96 'load' 'out_index' <Predicate = true> <Delay = 1.15> <Core = "ROM_nP">   --->   Core 52 'ROM_nP' <Latency = 1> <II = 1> <Delay = 1.15> <Storage> <Opcode : 'load'> <Ports = 0> <Width = 12> <Depth = 36> <ROM>
ST_6 : Operation 97 [1/1] (0.00ns)   --->   "%trunc_ln139 = trunc i32 %in_index_0_i_i_i_i53 to i4" [firmware/nnet_utils/nnet_dense_resource.h:139->firmware/nnet_utils/nnet_dense_resource.h:255->firmware/nnet_utils/nnet_conv_stream.h:297->firmware/nnet_utils/nnet_conv2d_stream.h:87->firmware/nnet_utils/nnet_conv2d_stream.h:103]   --->   Operation 97 'trunc' 'trunc_ln139' <Predicate = true> <Delay = 0.00>
ST_6 : Operation 98 [1/1] (0.00ns)   --->   "%kernel_data_V_8_load_1 = load i16* @kernel_data_V_8, align 2" [aesl_mux_load.9i16P.i4:17->firmware/nnet_utils/nnet_dense_resource.h:139->firmware/nnet_utils/nnet_dense_resource.h:255->firmware/nnet_utils/nnet_conv_stream.h:297->firmware/nnet_utils/nnet_conv2d_stream.h:87->firmware/nnet_utils/nnet_conv2d_stream.h:103]   --->   Operation 98 'load' 'kernel_data_V_8_load_1' <Predicate = true> <Delay = 0.00>
ST_6 : Operation 99 [1/1] (0.00ns)   --->   "%kernel_data_V_0_load = load i16* @kernel_data_V_0, align 2" [aesl_mux_load.9i16P.i4:1->firmware/nnet_utils/nnet_dense_resource.h:139->firmware/nnet_utils/nnet_dense_resource.h:255->firmware/nnet_utils/nnet_conv_stream.h:297->firmware/nnet_utils/nnet_conv2d_stream.h:87->firmware/nnet_utils/nnet_conv2d_stream.h:103]   --->   Operation 99 'load' 'kernel_data_V_0_load' <Predicate = true> <Delay = 0.00>
ST_6 : Operation 100 [1/1] (0.00ns)   --->   "%kernel_data_V_1143_load_1 = load i16* @kernel_data_V_1143, align 2" [aesl_mux_load.9i16P.i4:3->firmware/nnet_utils/nnet_dense_resource.h:139->firmware/nnet_utils/nnet_dense_resource.h:255->firmware/nnet_utils/nnet_conv_stream.h:297->firmware/nnet_utils/nnet_conv2d_stream.h:87->firmware/nnet_utils/nnet_conv2d_stream.h:103]   --->   Operation 100 'load' 'kernel_data_V_1143_load_1' <Predicate = true> <Delay = 0.00>
ST_6 : Operation 101 [1/1] (0.00ns)   --->   "%kernel_data_V_2144_load_1 = load i16* @kernel_data_V_2144, align 2" [aesl_mux_load.9i16P.i4:5->firmware/nnet_utils/nnet_dense_resource.h:139->firmware/nnet_utils/nnet_dense_resource.h:255->firmware/nnet_utils/nnet_conv_stream.h:297->firmware/nnet_utils/nnet_conv2d_stream.h:87->firmware/nnet_utils/nnet_conv2d_stream.h:103]   --->   Operation 101 'load' 'kernel_data_V_2144_load_1' <Predicate = true> <Delay = 0.00>
ST_6 : Operation 102 [1/1] (0.00ns)   --->   "%kernel_data_V_3145_load = load i16* @kernel_data_V_3145, align 2" [aesl_mux_load.9i16P.i4:7->firmware/nnet_utils/nnet_dense_resource.h:139->firmware/nnet_utils/nnet_dense_resource.h:255->firmware/nnet_utils/nnet_conv_stream.h:297->firmware/nnet_utils/nnet_conv2d_stream.h:87->firmware/nnet_utils/nnet_conv2d_stream.h:103]   --->   Operation 102 'load' 'kernel_data_V_3145_load' <Predicate = true> <Delay = 0.00>
ST_6 : Operation 103 [1/1] (0.00ns)   --->   "%kernel_data_V_4_load_1 = load i16* @kernel_data_V_4, align 2" [aesl_mux_load.9i16P.i4:9->firmware/nnet_utils/nnet_dense_resource.h:139->firmware/nnet_utils/nnet_dense_resource.h:255->firmware/nnet_utils/nnet_conv_stream.h:297->firmware/nnet_utils/nnet_conv2d_stream.h:87->firmware/nnet_utils/nnet_conv2d_stream.h:103]   --->   Operation 103 'load' 'kernel_data_V_4_load_1' <Predicate = true> <Delay = 0.00>
ST_6 : Operation 104 [1/1] (0.00ns)   --->   "%kernel_data_V_5_load_1 = load i16* @kernel_data_V_5, align 2" [aesl_mux_load.9i16P.i4:11->firmware/nnet_utils/nnet_dense_resource.h:139->firmware/nnet_utils/nnet_dense_resource.h:255->firmware/nnet_utils/nnet_conv_stream.h:297->firmware/nnet_utils/nnet_conv2d_stream.h:87->firmware/nnet_utils/nnet_conv2d_stream.h:103]   --->   Operation 104 'load' 'kernel_data_V_5_load_1' <Predicate = true> <Delay = 0.00>
ST_6 : Operation 105 [1/1] (0.00ns)   --->   "%kernel_data_V_6_load = load i16* @kernel_data_V_6, align 2" [aesl_mux_load.9i16P.i4:13->firmware/nnet_utils/nnet_dense_resource.h:139->firmware/nnet_utils/nnet_dense_resource.h:255->firmware/nnet_utils/nnet_conv_stream.h:297->firmware/nnet_utils/nnet_conv2d_stream.h:87->firmware/nnet_utils/nnet_conv2d_stream.h:103]   --->   Operation 105 'load' 'kernel_data_V_6_load' <Predicate = true> <Delay = 0.00>
ST_6 : Operation 106 [1/1] (0.00ns)   --->   "%kernel_data_V_7_load_1 = load i16* @kernel_data_V_7, align 2" [aesl_mux_load.9i16P.i4:15->firmware/nnet_utils/nnet_dense_resource.h:139->firmware/nnet_utils/nnet_dense_resource.h:255->firmware/nnet_utils/nnet_conv_stream.h:297->firmware/nnet_utils/nnet_conv2d_stream.h:87->firmware/nnet_utils/nnet_conv2d_stream.h:103]   --->   Operation 106 'load' 'kernel_data_V_7_load_1' <Predicate = true> <Delay = 0.00>
ST_6 : Operation 107 [1/1] (0.65ns)   --->   "%icmp_ln19 = icmp eq i4 %trunc_ln139, 0" [aesl_mux_load.9i16P.i4:19->firmware/nnet_utils/nnet_dense_resource.h:139->firmware/nnet_utils/nnet_dense_resource.h:255->firmware/nnet_utils/nnet_conv_stream.h:297->firmware/nnet_utils/nnet_conv2d_stream.h:87->firmware/nnet_utils/nnet_conv2d_stream.h:103]   --->   Operation 107 'icmp' 'icmp_ln19' <Predicate = true> <Delay = 0.65> <Core = "Cmp">   --->   Core 25 'Cmp' <Latency = 0> <II = 1> <Delay = 0.60> <FuncUnit> <Opcode : 'icmp'> <InPorts = 2> <OutPorts = 1>
ST_6 : Operation 108 [1/1] (0.65ns)   --->   "%icmp_ln19_1 = icmp eq i4 %trunc_ln139, 1" [aesl_mux_load.9i16P.i4:19->firmware/nnet_utils/nnet_dense_resource.h:139->firmware/nnet_utils/nnet_dense_resource.h:255->firmware/nnet_utils/nnet_conv_stream.h:297->firmware/nnet_utils/nnet_conv2d_stream.h:87->firmware/nnet_utils/nnet_conv2d_stream.h:103]   --->   Operation 108 'icmp' 'icmp_ln19_1' <Predicate = true> <Delay = 0.65> <Core = "Cmp">   --->   Core 25 'Cmp' <Latency = 0> <II = 1> <Delay = 0.60> <FuncUnit> <Opcode : 'icmp'> <InPorts = 2> <OutPorts = 1>
ST_6 : Operation 109 [1/1] (0.65ns)   --->   "%icmp_ln19_2 = icmp eq i4 %trunc_ln139, 2" [aesl_mux_load.9i16P.i4:19->firmware/nnet_utils/nnet_dense_resource.h:139->firmware/nnet_utils/nnet_dense_resource.h:255->firmware/nnet_utils/nnet_conv_stream.h:297->firmware/nnet_utils/nnet_conv2d_stream.h:87->firmware/nnet_utils/nnet_conv2d_stream.h:103]   --->   Operation 109 'icmp' 'icmp_ln19_2' <Predicate = true> <Delay = 0.65> <Core = "Cmp">   --->   Core 25 'Cmp' <Latency = 0> <II = 1> <Delay = 0.60> <FuncUnit> <Opcode : 'icmp'> <InPorts = 2> <OutPorts = 1>
ST_6 : Operation 110 [1/1] (0.65ns)   --->   "%icmp_ln19_3 = icmp eq i4 %trunc_ln139, 3" [aesl_mux_load.9i16P.i4:19->firmware/nnet_utils/nnet_dense_resource.h:139->firmware/nnet_utils/nnet_dense_resource.h:255->firmware/nnet_utils/nnet_conv_stream.h:297->firmware/nnet_utils/nnet_conv2d_stream.h:87->firmware/nnet_utils/nnet_conv2d_stream.h:103]   --->   Operation 110 'icmp' 'icmp_ln19_3' <Predicate = true> <Delay = 0.65> <Core = "Cmp">   --->   Core 25 'Cmp' <Latency = 0> <II = 1> <Delay = 0.60> <FuncUnit> <Opcode : 'icmp'> <InPorts = 2> <OutPorts = 1>
ST_6 : Operation 111 [1/1] (0.65ns)   --->   "%icmp_ln19_4 = icmp eq i4 %trunc_ln139, 4" [aesl_mux_load.9i16P.i4:19->firmware/nnet_utils/nnet_dense_resource.h:139->firmware/nnet_utils/nnet_dense_resource.h:255->firmware/nnet_utils/nnet_conv_stream.h:297->firmware/nnet_utils/nnet_conv2d_stream.h:87->firmware/nnet_utils/nnet_conv2d_stream.h:103]   --->   Operation 111 'icmp' 'icmp_ln19_4' <Predicate = true> <Delay = 0.65> <Core = "Cmp">   --->   Core 25 'Cmp' <Latency = 0> <II = 1> <Delay = 0.60> <FuncUnit> <Opcode : 'icmp'> <InPorts = 2> <OutPorts = 1>
ST_6 : Operation 112 [1/1] (0.65ns)   --->   "%icmp_ln19_5 = icmp eq i4 %trunc_ln139, 5" [aesl_mux_load.9i16P.i4:19->firmware/nnet_utils/nnet_dense_resource.h:139->firmware/nnet_utils/nnet_dense_resource.h:255->firmware/nnet_utils/nnet_conv_stream.h:297->firmware/nnet_utils/nnet_conv2d_stream.h:87->firmware/nnet_utils/nnet_conv2d_stream.h:103]   --->   Operation 112 'icmp' 'icmp_ln19_5' <Predicate = true> <Delay = 0.65> <Core = "Cmp">   --->   Core 25 'Cmp' <Latency = 0> <II = 1> <Delay = 0.60> <FuncUnit> <Opcode : 'icmp'> <InPorts = 2> <OutPorts = 1>
ST_6 : Operation 113 [1/1] (0.65ns)   --->   "%icmp_ln19_6 = icmp eq i4 %trunc_ln139, 6" [aesl_mux_load.9i16P.i4:19->firmware/nnet_utils/nnet_dense_resource.h:139->firmware/nnet_utils/nnet_dense_resource.h:255->firmware/nnet_utils/nnet_conv_stream.h:297->firmware/nnet_utils/nnet_conv2d_stream.h:87->firmware/nnet_utils/nnet_conv2d_stream.h:103]   --->   Operation 113 'icmp' 'icmp_ln19_6' <Predicate = true> <Delay = 0.65> <Core = "Cmp">   --->   Core 25 'Cmp' <Latency = 0> <II = 1> <Delay = 0.60> <FuncUnit> <Opcode : 'icmp'> <InPorts = 2> <OutPorts = 1>
ST_6 : Operation 114 [1/1] (0.65ns)   --->   "%icmp_ln19_7 = icmp eq i4 %trunc_ln139, 7" [aesl_mux_load.9i16P.i4:19->firmware/nnet_utils/nnet_dense_resource.h:139->firmware/nnet_utils/nnet_dense_resource.h:255->firmware/nnet_utils/nnet_conv_stream.h:297->firmware/nnet_utils/nnet_conv2d_stream.h:87->firmware/nnet_utils/nnet_conv2d_stream.h:103]   --->   Operation 114 'icmp' 'icmp_ln19_7' <Predicate = true> <Delay = 0.65> <Core = "Cmp">   --->   Core 25 'Cmp' <Latency = 0> <II = 1> <Delay = 0.60> <FuncUnit> <Opcode : 'icmp'> <InPorts = 2> <OutPorts = 1>
ST_6 : Operation 115 [1/1] (0.00ns) (grouped into LUT with out node select_ln19_4)   --->   "%select_ln19 = select i1 %icmp_ln19_7, i16 %kernel_data_V_7_load_1, i16 %kernel_data_V_6_load" [aesl_mux_load.9i16P.i4:19->firmware/nnet_utils/nnet_dense_resource.h:139->firmware/nnet_utils/nnet_dense_resource.h:255->firmware/nnet_utils/nnet_conv_stream.h:297->firmware/nnet_utils/nnet_conv2d_stream.h:87->firmware/nnet_utils/nnet_conv2d_stream.h:103]   --->   Operation 115 'select' 'select_ln19' <Predicate = true> <Delay = 0.00> <Core = "Sel">   --->   Core 26 'Sel' <Latency = 0> <II = 1> <Delay = 0.22> <FuncUnit> <Opcode : 'select'> <InPorts = 3> <OutPorts = 1>
ST_6 : Operation 116 [1/1] (0.12ns)   --->   "%or_ln19 = or i1 %icmp_ln19_7, %icmp_ln19_6" [aesl_mux_load.9i16P.i4:19->firmware/nnet_utils/nnet_dense_resource.h:139->firmware/nnet_utils/nnet_dense_resource.h:255->firmware/nnet_utils/nnet_conv_stream.h:297->firmware/nnet_utils/nnet_conv2d_stream.h:87->firmware/nnet_utils/nnet_conv2d_stream.h:103]   --->   Operation 116 'or' 'or_ln19' <Predicate = true> <Delay = 0.12> <Core = "LogicGate">   --->   Core 27 'LogicGate' <Latency = 0> <II = 1> <Delay = 0.12> <FuncUnit> <Opcode : 'and' 'or' 'xor'> <InPorts = 2> <OutPorts = 1>
ST_6 : Operation 117 [1/1] (0.24ns) (out node of the LUT)   --->   "%select_ln19_1 = select i1 %icmp_ln19_5, i16 %kernel_data_V_5_load_1, i16 %kernel_data_V_4_load_1" [aesl_mux_load.9i16P.i4:19->firmware/nnet_utils/nnet_dense_resource.h:139->firmware/nnet_utils/nnet_dense_resource.h:255->firmware/nnet_utils/nnet_conv_stream.h:297->firmware/nnet_utils/nnet_conv2d_stream.h:87->firmware/nnet_utils/nnet_conv2d_stream.h:103]   --->   Operation 117 'select' 'select_ln19_1' <Predicate = true> <Delay = 0.24> <Core = "Sel">   --->   Core 26 'Sel' <Latency = 0> <II = 1> <Delay = 0.22> <FuncUnit> <Opcode : 'select'> <InPorts = 3> <OutPorts = 1>
ST_6 : Operation 118 [1/1] (0.00ns) (grouped into LUT with out node or_ln19_4)   --->   "%or_ln19_1 = or i1 %icmp_ln19_5, %icmp_ln19_4" [aesl_mux_load.9i16P.i4:19->firmware/nnet_utils/nnet_dense_resource.h:139->firmware/nnet_utils/nnet_dense_resource.h:255->firmware/nnet_utils/nnet_conv_stream.h:297->firmware/nnet_utils/nnet_conv2d_stream.h:87->firmware/nnet_utils/nnet_conv2d_stream.h:103]   --->   Operation 118 'or' 'or_ln19_1' <Predicate = true> <Delay = 0.00> <Core = "LogicGate">   --->   Core 27 'LogicGate' <Latency = 0> <II = 1> <Delay = 0.12> <FuncUnit> <Opcode : 'and' 'or' 'xor'> <InPorts = 2> <OutPorts = 1>
ST_6 : Operation 119 [1/1] (0.00ns) (grouped into LUT with out node select_ln19_5)   --->   "%select_ln19_2 = select i1 %icmp_ln19_3, i16 %kernel_data_V_3145_load, i16 %kernel_data_V_2144_load_1" [aesl_mux_load.9i16P.i4:19->firmware/nnet_utils/nnet_dense_resource.h:139->firmware/nnet_utils/nnet_dense_resource.h:255->firmware/nnet_utils/nnet_conv_stream.h:297->firmware/nnet_utils/nnet_conv2d_stream.h:87->firmware/nnet_utils/nnet_conv2d_stream.h:103]   --->   Operation 119 'select' 'select_ln19_2' <Predicate = true> <Delay = 0.00> <Core = "Sel">   --->   Core 26 'Sel' <Latency = 0> <II = 1> <Delay = 0.22> <FuncUnit> <Opcode : 'select'> <InPorts = 3> <OutPorts = 1>
ST_6 : Operation 120 [1/1] (0.12ns)   --->   "%or_ln19_2 = or i1 %icmp_ln19_3, %icmp_ln19_2" [aesl_mux_load.9i16P.i4:19->firmware/nnet_utils/nnet_dense_resource.h:139->firmware/nnet_utils/nnet_dense_resource.h:255->firmware/nnet_utils/nnet_conv_stream.h:297->firmware/nnet_utils/nnet_conv2d_stream.h:87->firmware/nnet_utils/nnet_conv2d_stream.h:103]   --->   Operation 120 'or' 'or_ln19_2' <Predicate = true> <Delay = 0.12> <Core = "LogicGate">   --->   Core 27 'LogicGate' <Latency = 0> <II = 1> <Delay = 0.12> <FuncUnit> <Opcode : 'and' 'or' 'xor'> <InPorts = 2> <OutPorts = 1>
ST_6 : Operation 121 [1/1] (0.24ns) (out node of the LUT)   --->   "%select_ln19_3 = select i1 %icmp_ln19_1, i16 %kernel_data_V_1143_load_1, i16 %kernel_data_V_0_load" [aesl_mux_load.9i16P.i4:19->firmware/nnet_utils/nnet_dense_resource.h:139->firmware/nnet_utils/nnet_dense_resource.h:255->firmware/nnet_utils/nnet_conv_stream.h:297->firmware/nnet_utils/nnet_conv2d_stream.h:87->firmware/nnet_utils/nnet_conv2d_stream.h:103]   --->   Operation 121 'select' 'select_ln19_3' <Predicate = true> <Delay = 0.24> <Core = "Sel">   --->   Core 26 'Sel' <Latency = 0> <II = 1> <Delay = 0.22> <FuncUnit> <Opcode : 'select'> <InPorts = 3> <OutPorts = 1>
ST_6 : Operation 122 [1/1] (0.00ns) (grouped into LUT with out node select_ln19_7)   --->   "%or_ln19_3 = or i1 %icmp_ln19_1, %icmp_ln19" [aesl_mux_load.9i16P.i4:19->firmware/nnet_utils/nnet_dense_resource.h:139->firmware/nnet_utils/nnet_dense_resource.h:255->firmware/nnet_utils/nnet_conv_stream.h:297->firmware/nnet_utils/nnet_conv2d_stream.h:87->firmware/nnet_utils/nnet_conv2d_stream.h:103]   --->   Operation 122 'or' 'or_ln19_3' <Predicate = true> <Delay = 0.00> <Core = "LogicGate">   --->   Core 27 'LogicGate' <Latency = 0> <II = 1> <Delay = 0.12> <FuncUnit> <Opcode : 'and' 'or' 'xor'> <InPorts = 2> <OutPorts = 1>
ST_6 : Operation 123 [1/1] (0.24ns) (out node of the LUT)   --->   "%select_ln19_4 = select i1 %or_ln19, i16 %select_ln19, i16 %select_ln19_1" [aesl_mux_load.9i16P.i4:19->firmware/nnet_utils/nnet_dense_resource.h:139->firmware/nnet_utils/nnet_dense_resource.h:255->firmware/nnet_utils/nnet_conv_stream.h:297->firmware/nnet_utils/nnet_conv2d_stream.h:87->firmware/nnet_utils/nnet_conv2d_stream.h:103]   --->   Operation 123 'select' 'select_ln19_4' <Predicate = true> <Delay = 0.24> <Core = "Sel">   --->   Core 26 'Sel' <Latency = 0> <II = 1> <Delay = 0.22> <FuncUnit> <Opcode : 'select'> <InPorts = 3> <OutPorts = 1>
ST_6 : Operation 124 [1/1] (0.12ns) (out node of the LUT)   --->   "%or_ln19_4 = or i1 %or_ln19, %or_ln19_1" [aesl_mux_load.9i16P.i4:19->firmware/nnet_utils/nnet_dense_resource.h:139->firmware/nnet_utils/nnet_dense_resource.h:255->firmware/nnet_utils/nnet_conv_stream.h:297->firmware/nnet_utils/nnet_conv2d_stream.h:87->firmware/nnet_utils/nnet_conv2d_stream.h:103]   --->   Operation 124 'or' 'or_ln19_4' <Predicate = true> <Delay = 0.12> <Core = "LogicGate">   --->   Core 27 'LogicGate' <Latency = 0> <II = 1> <Delay = 0.12> <FuncUnit> <Opcode : 'and' 'or' 'xor'> <InPorts = 2> <OutPorts = 1>
ST_6 : Operation 125 [1/1] (0.24ns) (out node of the LUT)   --->   "%select_ln19_5 = select i1 %or_ln19_2, i16 %select_ln19_2, i16 %select_ln19_3" [aesl_mux_load.9i16P.i4:19->firmware/nnet_utils/nnet_dense_resource.h:139->firmware/nnet_utils/nnet_dense_resource.h:255->firmware/nnet_utils/nnet_conv_stream.h:297->firmware/nnet_utils/nnet_conv2d_stream.h:87->firmware/nnet_utils/nnet_conv2d_stream.h:103]   --->   Operation 125 'select' 'select_ln19_5' <Predicate = true> <Delay = 0.24> <Core = "Sel">   --->   Core 26 'Sel' <Latency = 0> <II = 1> <Delay = 0.22> <FuncUnit> <Opcode : 'select'> <InPorts = 3> <OutPorts = 1>
ST_6 : Operation 126 [1/1] (0.00ns) (grouped into LUT with out node select_ln19_7)   --->   "%or_ln19_5 = or i1 %or_ln19_2, %or_ln19_3" [aesl_mux_load.9i16P.i4:19->firmware/nnet_utils/nnet_dense_resource.h:139->firmware/nnet_utils/nnet_dense_resource.h:255->firmware/nnet_utils/nnet_conv_stream.h:297->firmware/nnet_utils/nnet_conv2d_stream.h:87->firmware/nnet_utils/nnet_conv2d_stream.h:103]   --->   Operation 126 'or' 'or_ln19_5' <Predicate = true> <Delay = 0.00> <Core = "LogicGate">   --->   Core 27 'LogicGate' <Latency = 0> <II = 1> <Delay = 0.12> <FuncUnit> <Opcode : 'and' 'or' 'xor'> <InPorts = 2> <OutPorts = 1>
ST_6 : Operation 127 [1/1] (0.24ns) (out node of the LUT)   --->   "%select_ln19_6 = select i1 %or_ln19_4, i16 %select_ln19_4, i16 %select_ln19_5" [aesl_mux_load.9i16P.i4:19->firmware/nnet_utils/nnet_dense_resource.h:139->firmware/nnet_utils/nnet_dense_resource.h:255->firmware/nnet_utils/nnet_conv_stream.h:297->firmware/nnet_utils/nnet_conv2d_stream.h:87->firmware/nnet_utils/nnet_conv2d_stream.h:103]   --->   Operation 127 'select' 'select_ln19_6' <Predicate = true> <Delay = 0.24> <Core = "Sel">   --->   Core 26 'Sel' <Latency = 0> <II = 1> <Delay = 0.22> <FuncUnit> <Opcode : 'select'> <InPorts = 3> <OutPorts = 1>
ST_6 : Operation 128 [1/1] (0.00ns) (grouped into LUT with out node select_ln19_7)   --->   "%or_ln19_6 = or i1 %or_ln19_4, %or_ln19_5" [aesl_mux_load.9i16P.i4:19->firmware/nnet_utils/nnet_dense_resource.h:139->firmware/nnet_utils/nnet_dense_resource.h:255->firmware/nnet_utils/nnet_conv_stream.h:297->firmware/nnet_utils/nnet_conv2d_stream.h:87->firmware/nnet_utils/nnet_conv2d_stream.h:103]   --->   Operation 128 'or' 'or_ln19_6' <Predicate = true> <Delay = 0.00> <Core = "LogicGate">   --->   Core 27 'LogicGate' <Latency = 0> <II = 1> <Delay = 0.12> <FuncUnit> <Opcode : 'and' 'or' 'xor'> <InPorts = 2> <OutPorts = 1>
ST_6 : Operation 129 [1/1] (0.24ns) (out node of the LUT)   --->   "%select_ln19_7 = select i1 %or_ln19_6, i16 %select_ln19_6, i16 %kernel_data_V_8_load_1" [aesl_mux_load.9i16P.i4:19->firmware/nnet_utils/nnet_dense_resource.h:139->firmware/nnet_utils/nnet_dense_resource.h:255->firmware/nnet_utils/nnet_conv_stream.h:297->firmware/nnet_utils/nnet_conv2d_stream.h:87->firmware/nnet_utils/nnet_conv2d_stream.h:103]   --->   Operation 129 'select' 'select_ln19_7' <Predicate = true> <Delay = 0.24> <Core = "Sel">   --->   Core 26 'Sel' <Latency = 0> <II = 1> <Delay = 0.22> <FuncUnit> <Opcode : 'select'> <InPorts = 3> <OutPorts = 1>
ST_6 : Operation 130 [1/2] (1.15ns)   --->   "%w2_V_load = load i12* %w2_V_addr, align 2" [firmware/nnet_utils/nnet_dense_resource.h:139->firmware/nnet_utils/nnet_dense_resource.h:255->firmware/nnet_utils/nnet_conv_stream.h:297->firmware/nnet_utils/nnet_conv2d_stream.h:87->firmware/nnet_utils/nnet_conv2d_stream.h:103]   --->   Operation 130 'load' 'w2_V_load' <Predicate = true> <Delay = 1.15> <Core = "ROM_nP">   --->   Core 52 'ROM_nP' <Latency = 1> <II = 1> <Delay = 1.15> <Storage> <Opcode : 'load'> <Ports = 0> <Width = 12> <Depth = 36> <ROM>
ST_6 : Operation 131 [1/1] (0.00ns)   --->   "%sext_ln1116 = sext i16 %select_ln19_7 to i26" [firmware/nnet_utils/nnet_mult.h:73->firmware/nnet_utils/nnet_dense_resource.h:139->firmware/nnet_utils/nnet_dense_resource.h:255->firmware/nnet_utils/nnet_conv_stream.h:297->firmware/nnet_utils/nnet_conv2d_stream.h:87->firmware/nnet_utils/nnet_conv2d_stream.h:103]   --->   Operation 131 'sext' 'sext_ln1116' <Predicate = true> <Delay = 0.00>
ST_6 : Operation 132 [1/1] (0.00ns)   --->   "%sext_ln1118 = sext i12 %w2_V_load to i26" [firmware/nnet_utils/nnet_mult.h:73->firmware/nnet_utils/nnet_dense_resource.h:139->firmware/nnet_utils/nnet_dense_resource.h:255->firmware/nnet_utils/nnet_conv_stream.h:297->firmware/nnet_utils/nnet_conv2d_stream.h:87->firmware/nnet_utils/nnet_conv2d_stream.h:103]   --->   Operation 132 'sext' 'sext_ln1118' <Predicate = true> <Delay = 0.00>
ST_6 : Operation 133 [1/1] (2.53ns) (root node of the DSP)   --->   "%r_V = mul i26 %sext_ln1118, %sext_ln1116" [firmware/nnet_utils/nnet_mult.h:73->firmware/nnet_utils/nnet_dense_resource.h:139->firmware/nnet_utils/nnet_dense_resource.h:255->firmware/nnet_utils/nnet_conv_stream.h:297->firmware/nnet_utils/nnet_conv2d_stream.h:87->firmware/nnet_utils/nnet_conv2d_stream.h:103]   --->   Operation 133 'mul' 'r_V' <Predicate = true> <Delay = 2.53> <Core = "DSP48">   --->   Core 88 'DSP48' <Latency = 0> <II = 1> <Delay = 2.53> <IPBlock> <Opcode : 'mul' 'add' 'sub' 'select'> <InPorts = 2> <OutPorts = 1> <Sync> <CReg>
ST_6 : Operation 134 [1/1] (0.00ns)   --->   "%trunc_ln5 = call i16 @_ssdm_op_PartSelect.i16.i26.i32.i32(i26 %r_V, i32 10, i32 25)" [firmware/nnet_utils/nnet_dense_resource.h:139->firmware/nnet_utils/nnet_dense_resource.h:255->firmware/nnet_utils/nnet_conv_stream.h:297->firmware/nnet_utils/nnet_conv2d_stream.h:87->firmware/nnet_utils/nnet_conv2d_stream.h:103]   --->   Operation 134 'partselect' 'trunc_ln5' <Predicate = true> <Delay = 0.00>
ST_6 : Operation 135 [1/1] (0.39ns)   --->   "%tmp_21 = call i16 @_ssdm_op_Mux.ap_auto.4i16.i2(i16 %tmp_data_0_V_751, i16 %tmp_data_1_V_749, i16 %tmp_data_2_V_747, i16 %tmp_data_3_V_745, i2 %out_index)" [firmware/nnet_utils/nnet_dense_resource.h:139->firmware/nnet_utils/nnet_dense_resource.h:255->firmware/nnet_utils/nnet_conv_stream.h:297->firmware/nnet_utils/nnet_conv2d_stream.h:87->firmware/nnet_utils/nnet_conv2d_stream.h:103]   --->   Operation 135 'mux' 'tmp_21' <Predicate = true> <Delay = 0.39> <Core = "MuxnS">   --->   Core 31 'MuxnS' <Latency = 0> <II = 1> <Delay = 0.39> <FuncUnit> <Opcode : 'mux'> <InPorts = 2> <OutPorts = 1>
ST_6 : Operation 136 [1/1] (0.78ns)   --->   "%acc_0_V = add i16 %tmp_21, %trunc_ln5" [firmware/nnet_utils/nnet_dense_resource.h:139->firmware/nnet_utils/nnet_dense_resource.h:255->firmware/nnet_utils/nnet_conv_stream.h:297->firmware/nnet_utils/nnet_conv2d_stream.h:87->firmware/nnet_utils/nnet_conv2d_stream.h:103]   --->   Operation 136 'add' 'acc_0_V' <Predicate = true> <Delay = 0.78> <Core = "AddSub">   --->   Core 14 'AddSub' <Latency = 0> <II = 1> <Delay = 0.88> <FuncUnit> <Opcode : 'add' 'sub'> <InPorts = 2> <OutPorts = 1>
ST_6 : Operation 137 [1/1] (0.65ns)   --->   "switch i2 %out_index, label %branch57 [
    i2 0, label %ReuseLoop_end
    i2 1, label %branch55
    i2 -2, label %branch56
  ]" [firmware/nnet_utils/nnet_dense_resource.h:139->firmware/nnet_utils/nnet_dense_resource.h:255->firmware/nnet_utils/nnet_conv_stream.h:297->firmware/nnet_utils/nnet_conv2d_stream.h:87->firmware/nnet_utils/nnet_conv2d_stream.h:103]   --->   Operation 137 'switch' <Predicate = true> <Delay = 0.65>
ST_6 : Operation 138 [1/1] (0.60ns)   --->   "br label %ReuseLoop_end" [firmware/nnet_utils/nnet_dense_resource.h:139->firmware/nnet_utils/nnet_dense_resource.h:255->firmware/nnet_utils/nnet_conv_stream.h:297->firmware/nnet_utils/nnet_conv2d_stream.h:87->firmware/nnet_utils/nnet_conv2d_stream.h:103]   --->   Operation 138 'br' <Predicate = (out_index == 2)> <Delay = 0.60>
ST_6 : Operation 139 [1/1] (0.60ns)   --->   "br label %ReuseLoop_end" [firmware/nnet_utils/nnet_dense_resource.h:139->firmware/nnet_utils/nnet_dense_resource.h:255->firmware/nnet_utils/nnet_conv_stream.h:297->firmware/nnet_utils/nnet_conv2d_stream.h:87->firmware/nnet_utils/nnet_conv2d_stream.h:103]   --->   Operation 139 'br' <Predicate = (out_index == 1)> <Delay = 0.60>
ST_6 : Operation 140 [1/1] (0.60ns)   --->   "br label %ReuseLoop_end" [firmware/nnet_utils/nnet_dense_resource.h:139->firmware/nnet_utils/nnet_dense_resource.h:255->firmware/nnet_utils/nnet_conv_stream.h:297->firmware/nnet_utils/nnet_conv2d_stream.h:87->firmware/nnet_utils/nnet_conv2d_stream.h:103]   --->   Operation 140 'br' <Predicate = (out_index == 3)> <Delay = 0.60>
ST_6 : Operation 141 [1/1] (0.00ns)   --->   "%tmp_data_3_V = phi i16 [ %acc_0_V, %branch57 ], [ %tmp_data_3_V_745, %branch56 ], [ %tmp_data_3_V_745, %branch55 ], [ %tmp_data_3_V_745, %ReuseLoop_begin ]"   --->   Operation 141 'phi' 'tmp_data_3_V' <Predicate = true> <Delay = 0.00>
ST_6 : Operation 142 [1/1] (0.00ns)   --->   "%tmp_data_2_V = phi i16 [ %tmp_data_2_V_747, %branch57 ], [ %acc_0_V, %branch56 ], [ %tmp_data_2_V_747, %branch55 ], [ %tmp_data_2_V_747, %ReuseLoop_begin ]"   --->   Operation 142 'phi' 'tmp_data_2_V' <Predicate = true> <Delay = 0.00>
ST_6 : Operation 143 [1/1] (0.00ns)   --->   "%tmp_data_1_V = phi i16 [ %tmp_data_1_V_749, %branch57 ], [ %tmp_data_1_V_749, %branch56 ], [ %acc_0_V, %branch55 ], [ %tmp_data_1_V_749, %ReuseLoop_begin ]"   --->   Operation 143 'phi' 'tmp_data_1_V' <Predicate = true> <Delay = 0.00>
ST_6 : Operation 144 [1/1] (0.00ns)   --->   "%tmp_data_0_V_2 = phi i16 [ %tmp_data_0_V_751, %branch57 ], [ %tmp_data_0_V_751, %branch56 ], [ %tmp_data_0_V_751, %branch55 ], [ %acc_0_V, %ReuseLoop_begin ]"   --->   Operation 144 'phi' 'tmp_data_0_V_2' <Predicate = true> <Delay = 0.00>
ST_6 : Operation 145 [1/1] (0.88ns)   --->   "%in_index = add nsw i32 %in_index_0_i_i_i_i53, 1" [firmware/nnet_utils/nnet_dense_resource.h:147->firmware/nnet_utils/nnet_dense_resource.h:255->firmware/nnet_utils/nnet_conv_stream.h:297->firmware/nnet_utils/nnet_conv2d_stream.h:87->firmware/nnet_utils/nnet_conv2d_stream.h:103]   --->   Operation 145 'add' 'in_index' <Predicate = true> <Delay = 0.88> <Core = "AddSub">   --->   Core 14 'AddSub' <Latency = 0> <II = 1> <Delay = 0.88> <FuncUnit> <Opcode : 'add' 'sub'> <InPorts = 2> <OutPorts = 1>
ST_6 : Operation 146 [1/1] (0.85ns)   --->   "%icmp_ln148 = icmp sgt i32 %in_index, 8" [firmware/nnet_utils/nnet_dense_resource.h:148->firmware/nnet_utils/nnet_dense_resource.h:255->firmware/nnet_utils/nnet_conv_stream.h:297->firmware/nnet_utils/nnet_conv2d_stream.h:87->firmware/nnet_utils/nnet_conv2d_stream.h:103]   --->   Operation 146 'icmp' 'icmp_ln148' <Predicate = true> <Delay = 0.85> <Core = "Cmp">   --->   Core 25 'Cmp' <Latency = 0> <II = 1> <Delay = 0.60> <FuncUnit> <Opcode : 'icmp'> <InPorts = 2> <OutPorts = 1>
ST_6 : Operation 147 [1/1] (0.22ns)   --->   "%select_ln148 = select i1 %icmp_ln148, i32 0, i32 %in_index" [firmware/nnet_utils/nnet_dense_resource.h:148->firmware/nnet_utils/nnet_dense_resource.h:255->firmware/nnet_utils/nnet_conv_stream.h:297->firmware/nnet_utils/nnet_conv2d_stream.h:87->firmware/nnet_utils/nnet_conv2d_stream.h:103]   --->   Operation 147 'select' 'select_ln148' <Predicate = true> <Delay = 0.22> <Core = "Sel">   --->   Core 26 'Sel' <Latency = 0> <II = 1> <Delay = 0.22> <FuncUnit> <Opcode : 'select'> <InPorts = 3> <OutPorts = 1>
ST_6 : Operation 148 [1/1] (0.00ns)   --->   "%empty_73 = call i32 (...)* @_ssdm_op_SpecRegionEnd([10 x i8]* @p_str25, i32 %tmp_20)" [firmware/nnet_utils/nnet_dense_resource.h:152->firmware/nnet_utils/nnet_dense_resource.h:255->firmware/nnet_utils/nnet_conv_stream.h:297->firmware/nnet_utils/nnet_conv2d_stream.h:87->firmware/nnet_utils/nnet_conv2d_stream.h:103]   --->   Operation 148 'specregionend' 'empty_73' <Predicate = true> <Delay = 0.00>
ST_6 : Operation 149 [1/1] (0.00ns)   --->   "%empty_74 = call i32 (...)* @_ssdm_op_SpecLoopTripCount(i64 36, i64 36, i64 36)"   --->   Operation 149 'speclooptripcount' 'empty_74' <Predicate = true> <Delay = 0.00>

State 7 <SV = 6> <Delay = 1.71>
ST_7 : Operation 150 [1/1] (1.45ns)   --->   "call void @_ssdm_op_Write.ap_fifo.volatile.i16P.i16P.i16P.i16P(i16* %res_V_data_0_V, i16* %res_V_data_1_V, i16* %res_V_data_2_V, i16* %res_V_data_3_V, i16 %tmp_data_0_V_2, i16 %tmp_data_1_V, i16 %tmp_data_2_V, i16 %tmp_data_3_V)" [firmware/nnet_utils/nnet_conv_stream.h:309->firmware/nnet_utils/nnet_conv2d_stream.h:87->firmware/nnet_utils/nnet_conv2d_stream.h:103]   --->   Operation 150 'write' <Predicate = (and_ln289_4)> <Delay = 1.45> <Core = "FIFO">   --->   Core 32 'FIFO' <Latency = 0> <II = 1> <Delay = 1.45> <Storage> <Opcode : 'read' 'write' 'nbread' 'nbwrite'> <Ports = 0> <Width = 16> <Depth = 4> <FIFO>
ST_7 : Operation 151 [1/1] (0.00ns)   --->   "%empty_75 = call i32 (...)* @_ssdm_op_SpecRegionEnd([12 x i8]* @p_str44, i32 %tmp_19)" [firmware/nnet_utils/nnet_conv_stream.h:310->firmware/nnet_utils/nnet_conv2d_stream.h:87->firmware/nnet_utils/nnet_conv2d_stream.h:103]   --->   Operation 151 'specregionend' 'empty_75' <Predicate = (and_ln289_4)> <Delay = 0.00>
ST_7 : Operation 152 [1/1] (0.00ns)   --->   "br label %._crit_edge22.i.i" [firmware/nnet_utils/nnet_conv_stream.h:310->firmware/nnet_utils/nnet_conv2d_stream.h:87->firmware/nnet_utils/nnet_conv2d_stream.h:103]   --->   Operation 152 'br' <Predicate = (and_ln289_4)> <Delay = 0.00>
ST_7 : Operation 153 [1/1] (0.85ns)   --->   "%icmp_ln313 = icmp eq i32 %pX_3_load, 27" [firmware/nnet_utils/nnet_conv_stream.h:313->firmware/nnet_utils/nnet_conv2d_stream.h:87->firmware/nnet_utils/nnet_conv2d_stream.h:103]   --->   Operation 153 'icmp' 'icmp_ln313' <Predicate = true> <Delay = 0.85> <Core = "Cmp">   --->   Core 25 'Cmp' <Latency = 0> <II = 1> <Delay = 0.60> <FuncUnit> <Opcode : 'icmp'> <InPorts = 2> <OutPorts = 1>
ST_7 : Operation 154 [1/1] (0.00ns)   --->   "br i1 %icmp_ln313, label %1, label %5" [firmware/nnet_utils/nnet_conv_stream.h:313->firmware/nnet_utils/nnet_conv2d_stream.h:87->firmware/nnet_utils/nnet_conv2d_stream.h:103]   --->   Operation 154 'br' <Predicate = true> <Delay = 0.00>
ST_7 : Operation 155 [1/1] (0.88ns)   --->   "%add_ln326 = add nsw i32 %pX_3_load, 1" [firmware/nnet_utils/nnet_conv_stream.h:326->firmware/nnet_utils/nnet_conv2d_stream.h:87->firmware/nnet_utils/nnet_conv2d_stream.h:103]   --->   Operation 155 'add' 'add_ln326' <Predicate = (!icmp_ln313)> <Delay = 0.88> <Core = "AddSub">   --->   Core 14 'AddSub' <Latency = 0> <II = 1> <Delay = 0.88> <FuncUnit> <Opcode : 'add' 'sub'> <InPorts = 2> <OutPorts = 1>
ST_7 : Operation 156 [1/1] (0.60ns)   --->   "store i32 %add_ln326, i32* @pX_3, align 4" [firmware/nnet_utils/nnet_conv_stream.h:326->firmware/nnet_utils/nnet_conv2d_stream.h:87->firmware/nnet_utils/nnet_conv2d_stream.h:103]   --->   Operation 156 'store' <Predicate = (!icmp_ln313)> <Delay = 0.60>
ST_7 : Operation 157 [1/1] (0.88ns)   --->   "%add_ln328 = add i32 %sX_3_load, 1" [firmware/nnet_utils/nnet_conv_stream.h:328->firmware/nnet_utils/nnet_conv2d_stream.h:87->firmware/nnet_utils/nnet_conv2d_stream.h:103]   --->   Operation 157 'add' 'add_ln328' <Predicate = (!icmp_ln313 & !icmp_ln289)> <Delay = 0.88> <Core = "AddSub">   --->   Core 14 'AddSub' <Latency = 0> <II = 1> <Delay = 0.88> <FuncUnit> <Opcode : 'add' 'sub'> <InPorts = 2> <OutPorts = 1>
ST_7 : Operation 158 [1/1] (0.22ns)   --->   "%select_ln328 = select i1 %icmp_ln289, i32 2, i32 %add_ln328" [firmware/nnet_utils/nnet_conv_stream.h:328->firmware/nnet_utils/nnet_conv2d_stream.h:87->firmware/nnet_utils/nnet_conv2d_stream.h:103]   --->   Operation 158 'select' 'select_ln328' <Predicate = (!icmp_ln313)> <Delay = 0.22> <Core = "Sel">   --->   Core 26 'Sel' <Latency = 0> <II = 1> <Delay = 0.22> <FuncUnit> <Opcode : 'select'> <InPorts = 3> <OutPorts = 1>
ST_7 : Operation 159 [1/1] (0.60ns)   --->   "store i32 %select_ln328, i32* @sX_3, align 4" [firmware/nnet_utils/nnet_conv_stream.h:328->firmware/nnet_utils/nnet_conv2d_stream.h:87->firmware/nnet_utils/nnet_conv2d_stream.h:103]   --->   Operation 159 'store' <Predicate = (!icmp_ln313)> <Delay = 0.60>
ST_7 : Operation 160 [1/1] (0.00ns)   --->   "br label %ReadInputWidth_end"   --->   Operation 160 'br' <Predicate = (!icmp_ln313)> <Delay = 0.00>
ST_7 : Operation 161 [1/1] (0.60ns)   --->   "store i32 0, i32* @pX_3, align 4" [firmware/nnet_utils/nnet_conv_stream.h:315->firmware/nnet_utils/nnet_conv2d_stream.h:87->firmware/nnet_utils/nnet_conv2d_stream.h:103]   --->   Operation 161 'store' <Predicate = (icmp_ln313)> <Delay = 0.60>
ST_7 : Operation 162 [1/1] (0.60ns)   --->   "store i32 0, i32* @sX_3, align 4" [firmware/nnet_utils/nnet_conv_stream.h:316->firmware/nnet_utils/nnet_conv2d_stream.h:87->firmware/nnet_utils/nnet_conv2d_stream.h:103]   --->   Operation 162 'store' <Predicate = (icmp_ln313)> <Delay = 0.60>
ST_7 : Operation 163 [1/1] (0.85ns)   --->   "%icmp_ln317 = icmp eq i32 %pY_3_load, 27" [firmware/nnet_utils/nnet_conv_stream.h:317->firmware/nnet_utils/nnet_conv2d_stream.h:87->firmware/nnet_utils/nnet_conv2d_stream.h:103]   --->   Operation 163 'icmp' 'icmp_ln317' <Predicate = (icmp_ln313)> <Delay = 0.85> <Core = "Cmp">   --->   Core 25 'Cmp' <Latency = 0> <II = 1> <Delay = 0.60> <FuncUnit> <Opcode : 'icmp'> <InPorts = 2> <OutPorts = 1>
ST_7 : Operation 164 [1/1] (0.00ns)   --->   "br i1 %icmp_ln317, label %2, label %3" [firmware/nnet_utils/nnet_conv_stream.h:317->firmware/nnet_utils/nnet_conv2d_stream.h:87->firmware/nnet_utils/nnet_conv2d_stream.h:103]   --->   Operation 164 'br' <Predicate = (icmp_ln313)> <Delay = 0.00>
ST_7 : Operation 165 [1/1] (0.88ns)   --->   "%add_ln321 = add nsw i32 %pY_3_load, 1" [firmware/nnet_utils/nnet_conv_stream.h:321->firmware/nnet_utils/nnet_conv2d_stream.h:87->firmware/nnet_utils/nnet_conv2d_stream.h:103]   --->   Operation 165 'add' 'add_ln321' <Predicate = (icmp_ln313 & !icmp_ln317)> <Delay = 0.88> <Core = "AddSub">   --->   Core 14 'AddSub' <Latency = 0> <II = 1> <Delay = 0.88> <FuncUnit> <Opcode : 'add' 'sub'> <InPorts = 2> <OutPorts = 1>
ST_7 : Operation 166 [1/1] (0.60ns)   --->   "store i32 %add_ln321, i32* @pY_3, align 4" [firmware/nnet_utils/nnet_conv_stream.h:321->firmware/nnet_utils/nnet_conv2d_stream.h:87->firmware/nnet_utils/nnet_conv2d_stream.h:103]   --->   Operation 166 'store' <Predicate = (icmp_ln313 & !icmp_ln317)> <Delay = 0.60>
ST_7 : Operation 167 [1/1] (0.88ns)   --->   "%add_ln323 = add i32 %sY_3_load, 1" [firmware/nnet_utils/nnet_conv_stream.h:323->firmware/nnet_utils/nnet_conv2d_stream.h:87->firmware/nnet_utils/nnet_conv2d_stream.h:103]   --->   Operation 167 'add' 'add_ln323' <Predicate = (icmp_ln313 & !icmp_ln317 & !icmp_ln289_4)> <Delay = 0.88> <Core = "AddSub">   --->   Core 14 'AddSub' <Latency = 0> <II = 1> <Delay = 0.88> <FuncUnit> <Opcode : 'add' 'sub'> <InPorts = 2> <OutPorts = 1>
ST_7 : Operation 168 [1/1] (0.22ns)   --->   "%select_ln323 = select i1 %icmp_ln289_4, i32 2, i32 %add_ln323" [firmware/nnet_utils/nnet_conv_stream.h:323->firmware/nnet_utils/nnet_conv2d_stream.h:87->firmware/nnet_utils/nnet_conv2d_stream.h:103]   --->   Operation 168 'select' 'select_ln323' <Predicate = (icmp_ln313 & !icmp_ln317)> <Delay = 0.22> <Core = "Sel">   --->   Core 26 'Sel' <Latency = 0> <II = 1> <Delay = 0.22> <FuncUnit> <Opcode : 'select'> <InPorts = 3> <OutPorts = 1>
ST_7 : Operation 169 [1/1] (0.60ns)   --->   "br label %4"   --->   Operation 169 'br' <Predicate = (icmp_ln313 & !icmp_ln317)> <Delay = 0.60>
ST_7 : Operation 170 [1/1] (0.60ns)   --->   "store i32 0, i32* @pY_3, align 4" [firmware/nnet_utils/nnet_conv_stream.h:318->firmware/nnet_utils/nnet_conv2d_stream.h:87->firmware/nnet_utils/nnet_conv2d_stream.h:103]   --->   Operation 170 'store' <Predicate = (icmp_ln313 & icmp_ln317)> <Delay = 0.60>
ST_7 : Operation 171 [1/1] (0.60ns)   --->   "br label %4" [firmware/nnet_utils/nnet_conv_stream.h:320->firmware/nnet_utils/nnet_conv2d_stream.h:87->firmware/nnet_utils/nnet_conv2d_stream.h:103]   --->   Operation 171 'br' <Predicate = (icmp_ln313 & icmp_ln317)> <Delay = 0.60>
ST_7 : Operation 172 [1/1] (0.00ns)   --->   "%storemerge_i_i = phi i32 [ %select_ln323, %3 ], [ 0, %2 ]" [firmware/nnet_utils/nnet_conv_stream.h:323->firmware/nnet_utils/nnet_conv2d_stream.h:87->firmware/nnet_utils/nnet_conv2d_stream.h:103]   --->   Operation 172 'phi' 'storemerge_i_i' <Predicate = (icmp_ln313)> <Delay = 0.00>
ST_7 : Operation 173 [1/1] (0.00ns)   --->   "store i32 %storemerge_i_i, i32* @sY_3, align 4" [firmware/nnet_utils/nnet_conv_stream.h:319->firmware/nnet_utils/nnet_conv2d_stream.h:87->firmware/nnet_utils/nnet_conv2d_stream.h:103]   --->   Operation 173 'store' <Predicate = (icmp_ln313)> <Delay = 0.00>
ST_7 : Operation 174 [1/1] (0.00ns)   --->   "br label %ReadInputWidth_end" [firmware/nnet_utils/nnet_conv_stream.h:325->firmware/nnet_utils/nnet_conv2d_stream.h:87->firmware/nnet_utils/nnet_conv2d_stream.h:103]   --->   Operation 174 'br' <Predicate = (icmp_ln313)> <Delay = 0.00>
ST_7 : Operation 175 [1/1] (0.00ns)   --->   "%empty_76 = call i32 (...)* @_ssdm_op_SpecRegionEnd([15 x i8]* @p_str29, i32 %tmp_s)" [firmware/nnet_utils/nnet_conv2d_stream.h:91->firmware/nnet_utils/nnet_conv2d_stream.h:103]   --->   Operation 175 'specregionend' 'empty_76' <Predicate = true> <Delay = 0.00>
ST_7 : Operation 176 [1/1] (0.60ns)   --->   "%icmp_ln79 = icmp eq i10 %indvar_flatten54, -241" [firmware/nnet_utils/nnet_conv2d_stream.h:79->firmware/nnet_utils/nnet_conv2d_stream.h:103]   --->   Operation 176 'icmp' 'icmp_ln79' <Predicate = true> <Delay = 0.60> <Core = "Cmp">   --->   Core 25 'Cmp' <Latency = 0> <II = 1> <Delay = 0.60> <FuncUnit> <Opcode : 'icmp'> <InPorts = 2> <OutPorts = 1>
ST_7 : Operation 177 [1/1] (0.00ns)   --->   "br i1 %icmp_ln79, label %"conv_2d_buffer_cl<array<ap_fixed<16, 6, 5, 3, 0>, 1u>, array<ap_fixed<16, 6, 5, 3, 0>, 4u>, config2>.exit", label %ReadInputWidth_begin" [firmware/nnet_utils/nnet_conv2d_stream.h:79->firmware/nnet_utils/nnet_conv2d_stream.h:103]   --->   Operation 177 'br' <Predicate = true> <Delay = 0.00>
ST_7 : Operation 178 [1/1] (0.00ns)   --->   "ret void" [firmware/nnet_utils/nnet_conv2d_stream.h:109]   --->   Operation 178 'ret' <Predicate = (icmp_ln79)> <Delay = 0.00>


============================================================
+ Verbose Summary: Timing violations
============================================================
Target clock period: 10ns, clock uncertainty: 1.25ns.

 <State 1>: 0.603ns
The critical path consists of the following:
	multiplexor before 'phi' operation ('indvar_flatten54', firmware/nnet_utils/nnet_conv2d_stream.h:79->firmware/nnet_utils/nnet_conv2d_stream.h:103) with incoming values : ('add_ln79', firmware/nnet_utils/nnet_conv2d_stream.h:79->firmware/nnet_utils/nnet_conv2d_stream.h:103) [32]  (0.603 ns)

 <State 2>: 1.22ns
The critical path consists of the following:
	axis read on port 'data_V_data_V' (firmware/nnet_utils/nnet_conv2d_stream.h:87->firmware/nnet_utils/nnet_conv2d_stream.h:103) [37]  (0 ns)
	'memshiftread' operation ('DataOut.V', firmware/nnet_utils/nnet_conv_stream.h:246->firmware/nnet_utils/nnet_conv_stream.h:286->firmware/nnet_utils/nnet_conv2d_stream.h:87->firmware/nnet_utils/nnet_conv2d_stream.h:103) [39]  (0.611 ns)
	'memshiftread' operation ('DataOut.V', firmware/nnet_utils/nnet_conv_stream.h:246->firmware/nnet_utils/nnet_conv_stream.h:286->firmware/nnet_utils/nnet_conv2d_stream.h:87->firmware/nnet_utils/nnet_conv2d_stream.h:103) [40]  (0.611 ns)

 <State 3>: 0.436ns
The critical path consists of the following:
	'phi' operation ('i_iw') with incoming values : ('i_iw', firmware/nnet_utils/nnet_conv_stream.h:201->firmware/nnet_utils/nnet_conv_stream.h:252->firmware/nnet_utils/nnet_conv_stream.h:286->firmware/nnet_utils/nnet_conv2d_stream.h:87->firmware/nnet_utils/nnet_conv2d_stream.h:103) [47]  (0 ns)
	'add' operation ('i_iw', firmware/nnet_utils/nnet_conv_stream.h:201->firmware/nnet_utils/nnet_conv_stream.h:252->firmware/nnet_utils/nnet_conv_stream.h:286->firmware/nnet_utils/nnet_conv2d_stream.h:87->firmware/nnet_utils/nnet_conv2d_stream.h:103) [50]  (0.436 ns)

 <State 4>: 1.1ns
The critical path consists of the following:
	'load' operation ('sX_3_load', firmware/nnet_utils/nnet_conv_stream.h:289->firmware/nnet_utils/nnet_conv2d_stream.h:87->firmware/nnet_utils/nnet_conv2d_stream.h:103) on static variable 'sX_3' [93]  (0 ns)
	'icmp' operation ('icmp_ln289', firmware/nnet_utils/nnet_conv_stream.h:289->firmware/nnet_utils/nnet_conv2d_stream.h:87->firmware/nnet_utils/nnet_conv2d_stream.h:103) [94]  (0.859 ns)
	'and' operation ('and_ln289', firmware/nnet_utils/nnet_conv_stream.h:289->firmware/nnet_utils/nnet_conv2d_stream.h:87->firmware/nnet_utils/nnet_conv2d_stream.h:103) [103]  (0 ns)
	'and' operation ('and_ln289_4', firmware/nnet_utils/nnet_conv_stream.h:289->firmware/nnet_utils/nnet_conv2d_stream.h:87->firmware/nnet_utils/nnet_conv2d_stream.h:103) [105]  (0.122 ns)
	blocking operation 0.122 ns on control path)

 <State 5>: 1.16ns
The critical path consists of the following:
	'phi' operation ('ir') with incoming values : ('ir', firmware/nnet_utils/nnet_dense_resource.h:129->firmware/nnet_utils/nnet_dense_resource.h:255->firmware/nnet_utils/nnet_conv_stream.h:297->firmware/nnet_utils/nnet_conv2d_stream.h:87->firmware/nnet_utils/nnet_conv2d_stream.h:103) [112]  (0 ns)
	'getelementptr' operation ('outidx_addr', firmware/nnet_utils/nnet_dense_resource.h:133->firmware/nnet_utils/nnet_dense_resource.h:255->firmware/nnet_utils/nnet_conv_stream.h:297->firmware/nnet_utils/nnet_conv2d_stream.h:87->firmware/nnet_utils/nnet_conv2d_stream.h:103) [121]  (0 ns)
	'load' operation ('out_index', firmware/nnet_utils/nnet_dense_resource.h:133->firmware/nnet_utils/nnet_dense_resource.h:255->firmware/nnet_utils/nnet_conv_stream.h:297->firmware/nnet_utils/nnet_conv2d_stream.h:87->firmware/nnet_utils/nnet_conv2d_stream.h:103) on array 'outidx' [122]  (1.16 ns)

 <State 6>: 5.6ns
The critical path consists of the following:
	'phi' operation ('in_index_0_i_i_i_i53', firmware/nnet_utils/nnet_dense_resource.h:148->firmware/nnet_utils/nnet_dense_resource.h:255->firmware/nnet_utils/nnet_conv_stream.h:297->firmware/nnet_utils/nnet_conv2d_stream.h:87->firmware/nnet_utils/nnet_conv2d_stream.h:103) with incoming values : ('select_ln148', firmware/nnet_utils/nnet_dense_resource.h:148->firmware/nnet_utils/nnet_dense_resource.h:255->firmware/nnet_utils/nnet_conv_stream.h:297->firmware/nnet_utils/nnet_conv2d_stream.h:87->firmware/nnet_utils/nnet_conv2d_stream.h:103) [111]  (0 ns)
	'icmp' operation ('icmp_ln19_5', aesl_mux_load.9i16P.i4:19->firmware/nnet_utils/nnet_dense_resource.h:139->firmware/nnet_utils/nnet_dense_resource.h:255->firmware/nnet_utils/nnet_conv_stream.h:297->firmware/nnet_utils/nnet_conv2d_stream.h:87->firmware/nnet_utils/nnet_conv2d_stream.h:103) [138]  (0.656 ns)
	'select' operation ('select_ln19_1', aesl_mux_load.9i16P.i4:19->firmware/nnet_utils/nnet_dense_resource.h:139->firmware/nnet_utils/nnet_dense_resource.h:255->firmware/nnet_utils/nnet_conv_stream.h:297->firmware/nnet_utils/nnet_conv2d_stream.h:87->firmware/nnet_utils/nnet_conv2d_stream.h:103) [143]  (0.243 ns)
	'select' operation ('select_ln19_4', aesl_mux_load.9i16P.i4:19->firmware/nnet_utils/nnet_dense_resource.h:139->firmware/nnet_utils/nnet_dense_resource.h:255->firmware/nnet_utils/nnet_conv_stream.h:297->firmware/nnet_utils/nnet_conv2d_stream.h:87->firmware/nnet_utils/nnet_conv2d_stream.h:103) [149]  (0.243 ns)
	'select' operation ('select_ln19_6', aesl_mux_load.9i16P.i4:19->firmware/nnet_utils/nnet_dense_resource.h:139->firmware/nnet_utils/nnet_dense_resource.h:255->firmware/nnet_utils/nnet_conv_stream.h:297->firmware/nnet_utils/nnet_conv2d_stream.h:87->firmware/nnet_utils/nnet_conv2d_stream.h:103) [153]  (0.243 ns)
	'select' operation ('select_ln19_7', aesl_mux_load.9i16P.i4:19->firmware/nnet_utils/nnet_dense_resource.h:139->firmware/nnet_utils/nnet_dense_resource.h:255->firmware/nnet_utils/nnet_conv_stream.h:297->firmware/nnet_utils/nnet_conv2d_stream.h:87->firmware/nnet_utils/nnet_conv2d_stream.h:103) [155]  (0.243 ns)
	'mul' operation of DSP[160] ('r.V', firmware/nnet_utils/nnet_mult.h:73->firmware/nnet_utils/nnet_dense_resource.h:139->firmware/nnet_utils/nnet_dense_resource.h:255->firmware/nnet_utils/nnet_conv_stream.h:297->firmware/nnet_utils/nnet_conv2d_stream.h:87->firmware/nnet_utils/nnet_conv2d_stream.h:103) [160]  (2.53 ns)
	'add' operation ('acc[0].V', firmware/nnet_utils/nnet_dense_resource.h:139->firmware/nnet_utils/nnet_dense_resource.h:255->firmware/nnet_utils/nnet_conv_stream.h:297->firmware/nnet_utils/nnet_conv2d_stream.h:87->firmware/nnet_utils/nnet_conv2d_stream.h:103) [163]  (0.785 ns)
	multiplexor before 'phi' operation ('acc[0].V') with incoming values : ('acc[0].V', firmware/nnet_utils/nnet_dense_resource.h:139->firmware/nnet_utils/nnet_dense_resource.h:255->firmware/nnet_utils/nnet_conv_stream.h:297->firmware/nnet_utils/nnet_conv2d_stream.h:87->firmware/nnet_utils/nnet_conv2d_stream.h:103) [176]  (0.656 ns)
	'phi' operation ('acc[0].V') with incoming values : ('acc[0].V', firmware/nnet_utils/nnet_dense_resource.h:139->firmware/nnet_utils/nnet_dense_resource.h:255->firmware/nnet_utils/nnet_conv_stream.h:297->firmware/nnet_utils/nnet_conv2d_stream.h:87->firmware/nnet_utils/nnet_conv2d_stream.h:103) [176]  (0 ns)

 <State 7>: 1.71ns
The critical path consists of the following:
	'add' operation ('add_ln328', firmware/nnet_utils/nnet_conv_stream.h:328->firmware/nnet_utils/nnet_conv2d_stream.h:87->firmware/nnet_utils/nnet_conv2d_stream.h:103) [194]  (0.88 ns)
	'select' operation ('select_ln328', firmware/nnet_utils/nnet_conv_stream.h:328->firmware/nnet_utils/nnet_conv2d_stream.h:87->firmware/nnet_utils/nnet_conv2d_stream.h:103) [195]  (0.227 ns)
	'store' operation ('store_ln328', firmware/nnet_utils/nnet_conv_stream.h:328->firmware/nnet_utils/nnet_conv2d_stream.h:87->firmware/nnet_utils/nnet_conv2d_stream.h:103) of variable 'select_ln328', firmware/nnet_utils/nnet_conv_stream.h:328->firmware/nnet_utils/nnet_conv2d_stream.h:87->firmware/nnet_utils/nnet_conv2d_stream.h:103 on static variable 'sX_3' [196]  (0.603 ns)


============================================================
+ Verbose Summary: Binding
============================================================
N/A
* FSMD analyzer results:
  - Output states:
 - Input state : 
  - Chain level:
	State 1
	State 2
	State 3
	State 4
	State 5
	State 6
	State 7


============================================================
+ Verbose Summary: Datapath Resource usage 
============================================================
N/A
