

================================================================
== Vivado HLS Report for 'dense_wrapper_ap_fixed_16_6_5_3_0_ap_fixed_16_6_5_3_0_config9_s'
================================================================
* Date:           Fri Nov 17 19:30:54 2023

* Version:        2020.1 (Build 2897737 on Wed May 27 20:21:37 MDT 2020)
* Project:        myproject_prj
* Solution:       solution1
* Product family: virtexuplus
* Target device:  xcu50-fsvh2104-2-e


================================================================
== Performance Estimates
================================================================
+ Timing: 
    * Summary: 
    +--------+----------+----------+------------+
    |  Clock |  Target  | Estimated| Uncertainty|
    +--------+----------+----------+------------+
    |ap_clk  | 10.00 ns | 4.575 ns |   1.25 ns  |
    +--------+----------+----------+------------+

+ Latency: 
    * Summary: 
    +---------+---------+----------+----------+-----+-----+---------------------------------------------+
    |  Latency (cycles) |  Latency (absolute) |  Interval |                   Pipeline                  |
    |   min   |   max   |    min   |    max   | min | max |                     Type                    |
    +---------+---------+----------+----------+-----+-----+---------------------------------------------+
    |       32|       33| 0.320 us | 0.330 us |   32|   32| loop rewind(delay=0 initiation interval(s)) |
    +---------+---------+----------+----------+-----+-----+---------------------------------------------+

    + Detail: 
        * Instance: 
        N/A

        * Loop: 
        +-------------+---------+---------+----------+-----------+-----------+------+----------+
        |             |  Latency (cycles) | Iteration|  Initiation Interval  | Trip |          |
        |  Loop Name  |   min   |   max   |  Latency |  achieved |   target  | Count| Pipelined|
        +-------------+---------+---------+----------+-----------+-----------+------+----------+
        |- ReuseLoop  |       32|       32|         2|          1|          1|    32|    yes   |
        +-------------+---------+---------+----------+-----------+-----------+------+----------+

============================================================
+ Verbose Summary: Synthesis Manager
============================================================
InlineROM: 1
ExposeGlobal: 0
============================================================
+ Verbose Summary: CDFG Model
============================================================
IsTopModel: 0
ResetActiveHigh: 1
IsCombinational: 0
IsDatapathOnly: 0
HasWiredReturn: 1
HasMFsm: 0
HasVarLatency: 1
IsPipeline: 0
IsRtlPipelined: 0
IsInstanceOverlapped: 0
IsDontTouch: 0
HasImplIP: 0
IsGatedGlobalClock: 0

+ Individual pipeline summary: 
  * Pipeline-0: initiation interval (II) = 1, depth = 2


============================================================
+ Verbose Summary: Schedule
============================================================
* Number of FSM states : 3
* Pipeline : 1
  Pipeline-0 : II = 1, D = 2, States = { 2 3 }
* Dataflow Pipeline: 0

* FSM state transitions: 
1 --> 2 
2 --> 3 
3 --> 2 

* FSM state operations: 

State 1 <SV = 0> <Delay = 0.60>
ST_1 : Operation 4 [1/1] (0.60ns)   --->   "br label %rewind_header" [firmware/nnet_utils/nnet_dense_resource.h:43->firmware/nnet_utils/nnet_dense_resource.h:253->firmware/nnet_utils/nnet_dense_stream.h:21]   --->   Operation 4 'br' <Predicate = true> <Delay = 0.60>

State 2 <SV = 1> <Delay = 1.15>
ST_2 : Operation 5 [1/1] (0.00ns)   --->   "%do_init = phi i1 [ true, %.preheader74.i.i.preheader ], [ false, %ReuseLoop ], [ true, %.preheader.i.i.0 ]"   --->   Operation 5 'phi' 'do_init' <Predicate = true> <Delay = 0.00>
ST_2 : Operation 6 [1/1] (0.00ns)   --->   "%w_index25 = phi i5 [ 0, %.preheader74.i.i.preheader ], [ %w_index, %ReuseLoop ], [ 0, %.preheader.i.i.0 ]"   --->   Operation 6 'phi' 'w_index25' <Predicate = true> <Delay = 0.00>
ST_2 : Operation 7 [1/1] (0.00ns)   --->   "%data_31_V_read_1 = call i16 @_ssdm_op_Read.ap_auto.i16(i16 %data_31_V_read)" [firmware/nnet_utils/nnet_dense_stream.h:13]   --->   Operation 7 'read' 'data_31_V_read_1' <Predicate = (do_init)> <Delay = 0.00>
ST_2 : Operation 8 [1/1] (0.00ns)   --->   "%data_30_V_read_1 = call i16 @_ssdm_op_Read.ap_auto.i16(i16 %data_30_V_read)" [firmware/nnet_utils/nnet_dense_stream.h:13]   --->   Operation 8 'read' 'data_30_V_read_1' <Predicate = (do_init)> <Delay = 0.00>
ST_2 : Operation 9 [1/1] (0.00ns)   --->   "%data_29_V_read_1 = call i16 @_ssdm_op_Read.ap_auto.i16(i16 %data_29_V_read)" [firmware/nnet_utils/nnet_dense_stream.h:13]   --->   Operation 9 'read' 'data_29_V_read_1' <Predicate = (do_init)> <Delay = 0.00>
ST_2 : Operation 10 [1/1] (0.00ns)   --->   "%data_28_V_read_1 = call i16 @_ssdm_op_Read.ap_auto.i16(i16 %data_28_V_read)" [firmware/nnet_utils/nnet_dense_stream.h:13]   --->   Operation 10 'read' 'data_28_V_read_1' <Predicate = (do_init)> <Delay = 0.00>
ST_2 : Operation 11 [1/1] (0.00ns)   --->   "%data_27_V_read_1 = call i16 @_ssdm_op_Read.ap_auto.i16(i16 %data_27_V_read)" [firmware/nnet_utils/nnet_dense_stream.h:13]   --->   Operation 11 'read' 'data_27_V_read_1' <Predicate = (do_init)> <Delay = 0.00>
ST_2 : Operation 12 [1/1] (0.00ns)   --->   "%data_26_V_read_1 = call i16 @_ssdm_op_Read.ap_auto.i16(i16 %data_26_V_read)" [firmware/nnet_utils/nnet_dense_stream.h:13]   --->   Operation 12 'read' 'data_26_V_read_1' <Predicate = (do_init)> <Delay = 0.00>
ST_2 : Operation 13 [1/1] (0.00ns)   --->   "%data_25_V_read_1 = call i16 @_ssdm_op_Read.ap_auto.i16(i16 %data_25_V_read)" [firmware/nnet_utils/nnet_dense_stream.h:13]   --->   Operation 13 'read' 'data_25_V_read_1' <Predicate = (do_init)> <Delay = 0.00>
ST_2 : Operation 14 [1/1] (0.00ns)   --->   "%data_24_V_read_1 = call i16 @_ssdm_op_Read.ap_auto.i16(i16 %data_24_V_read)" [firmware/nnet_utils/nnet_dense_stream.h:13]   --->   Operation 14 'read' 'data_24_V_read_1' <Predicate = (do_init)> <Delay = 0.00>
ST_2 : Operation 15 [1/1] (0.00ns)   --->   "%data_23_V_read_1 = call i16 @_ssdm_op_Read.ap_auto.i16(i16 %data_23_V_read)" [firmware/nnet_utils/nnet_dense_stream.h:13]   --->   Operation 15 'read' 'data_23_V_read_1' <Predicate = (do_init)> <Delay = 0.00>
ST_2 : Operation 16 [1/1] (0.00ns)   --->   "%data_22_V_read_1 = call i16 @_ssdm_op_Read.ap_auto.i16(i16 %data_22_V_read)" [firmware/nnet_utils/nnet_dense_stream.h:13]   --->   Operation 16 'read' 'data_22_V_read_1' <Predicate = (do_init)> <Delay = 0.00>
ST_2 : Operation 17 [1/1] (0.00ns)   --->   "%data_21_V_read_1 = call i16 @_ssdm_op_Read.ap_auto.i16(i16 %data_21_V_read)" [firmware/nnet_utils/nnet_dense_stream.h:13]   --->   Operation 17 'read' 'data_21_V_read_1' <Predicate = (do_init)> <Delay = 0.00>
ST_2 : Operation 18 [1/1] (0.00ns)   --->   "%data_20_V_read_1 = call i16 @_ssdm_op_Read.ap_auto.i16(i16 %data_20_V_read)" [firmware/nnet_utils/nnet_dense_stream.h:13]   --->   Operation 18 'read' 'data_20_V_read_1' <Predicate = (do_init)> <Delay = 0.00>
ST_2 : Operation 19 [1/1] (0.00ns)   --->   "%data_19_V_read_1 = call i16 @_ssdm_op_Read.ap_auto.i16(i16 %data_19_V_read)" [firmware/nnet_utils/nnet_dense_stream.h:13]   --->   Operation 19 'read' 'data_19_V_read_1' <Predicate = (do_init)> <Delay = 0.00>
ST_2 : Operation 20 [1/1] (0.00ns)   --->   "%data_18_V_read_1 = call i16 @_ssdm_op_Read.ap_auto.i16(i16 %data_18_V_read)" [firmware/nnet_utils/nnet_dense_stream.h:13]   --->   Operation 20 'read' 'data_18_V_read_1' <Predicate = (do_init)> <Delay = 0.00>
ST_2 : Operation 21 [1/1] (0.00ns)   --->   "%data_17_V_read_1 = call i16 @_ssdm_op_Read.ap_auto.i16(i16 %data_17_V_read)" [firmware/nnet_utils/nnet_dense_stream.h:13]   --->   Operation 21 'read' 'data_17_V_read_1' <Predicate = (do_init)> <Delay = 0.00>
ST_2 : Operation 22 [1/1] (0.00ns)   --->   "%data_16_V_read_1 = call i16 @_ssdm_op_Read.ap_auto.i16(i16 %data_16_V_read)" [firmware/nnet_utils/nnet_dense_stream.h:13]   --->   Operation 22 'read' 'data_16_V_read_1' <Predicate = (do_init)> <Delay = 0.00>
ST_2 : Operation 23 [1/1] (0.00ns)   --->   "%data_15_V_read_1 = call i16 @_ssdm_op_Read.ap_auto.i16(i16 %data_15_V_read)" [firmware/nnet_utils/nnet_dense_stream.h:13]   --->   Operation 23 'read' 'data_15_V_read_1' <Predicate = (do_init)> <Delay = 0.00>
ST_2 : Operation 24 [1/1] (0.00ns)   --->   "%data_14_V_read_1 = call i16 @_ssdm_op_Read.ap_auto.i16(i16 %data_14_V_read)" [firmware/nnet_utils/nnet_dense_stream.h:13]   --->   Operation 24 'read' 'data_14_V_read_1' <Predicate = (do_init)> <Delay = 0.00>
ST_2 : Operation 25 [1/1] (0.00ns)   --->   "%data_13_V_read_1 = call i16 @_ssdm_op_Read.ap_auto.i16(i16 %data_13_V_read)" [firmware/nnet_utils/nnet_dense_stream.h:13]   --->   Operation 25 'read' 'data_13_V_read_1' <Predicate = (do_init)> <Delay = 0.00>
ST_2 : Operation 26 [1/1] (0.00ns)   --->   "%data_12_V_read_1 = call i16 @_ssdm_op_Read.ap_auto.i16(i16 %data_12_V_read)" [firmware/nnet_utils/nnet_dense_stream.h:13]   --->   Operation 26 'read' 'data_12_V_read_1' <Predicate = (do_init)> <Delay = 0.00>
ST_2 : Operation 27 [1/1] (0.00ns)   --->   "%data_11_V_read_1 = call i16 @_ssdm_op_Read.ap_auto.i16(i16 %data_11_V_read)" [firmware/nnet_utils/nnet_dense_stream.h:13]   --->   Operation 27 'read' 'data_11_V_read_1' <Predicate = (do_init)> <Delay = 0.00>
ST_2 : Operation 28 [1/1] (0.00ns)   --->   "%data_10_V_read_1 = call i16 @_ssdm_op_Read.ap_auto.i16(i16 %data_10_V_read)" [firmware/nnet_utils/nnet_dense_stream.h:13]   --->   Operation 28 'read' 'data_10_V_read_1' <Predicate = (do_init)> <Delay = 0.00>
ST_2 : Operation 29 [1/1] (0.00ns)   --->   "%data_9_V_read_1 = call i16 @_ssdm_op_Read.ap_auto.i16(i16 %data_9_V_read)" [firmware/nnet_utils/nnet_dense_stream.h:13]   --->   Operation 29 'read' 'data_9_V_read_1' <Predicate = (do_init)> <Delay = 0.00>
ST_2 : Operation 30 [1/1] (0.00ns)   --->   "%data_8_V_read_1 = call i16 @_ssdm_op_Read.ap_auto.i16(i16 %data_8_V_read)" [firmware/nnet_utils/nnet_dense_stream.h:13]   --->   Operation 30 'read' 'data_8_V_read_1' <Predicate = (do_init)> <Delay = 0.00>
ST_2 : Operation 31 [1/1] (0.00ns)   --->   "%data_7_V_read_1 = call i16 @_ssdm_op_Read.ap_auto.i16(i16 %data_7_V_read)" [firmware/nnet_utils/nnet_dense_stream.h:13]   --->   Operation 31 'read' 'data_7_V_read_1' <Predicate = (do_init)> <Delay = 0.00>
ST_2 : Operation 32 [1/1] (0.00ns)   --->   "%data_6_V_read_1 = call i16 @_ssdm_op_Read.ap_auto.i16(i16 %data_6_V_read)" [firmware/nnet_utils/nnet_dense_stream.h:13]   --->   Operation 32 'read' 'data_6_V_read_1' <Predicate = (do_init)> <Delay = 0.00>
ST_2 : Operation 33 [1/1] (0.00ns)   --->   "%data_5_V_read_1 = call i16 @_ssdm_op_Read.ap_auto.i16(i16 %data_5_V_read)" [firmware/nnet_utils/nnet_dense_stream.h:13]   --->   Operation 33 'read' 'data_5_V_read_1' <Predicate = (do_init)> <Delay = 0.00>
ST_2 : Operation 34 [1/1] (0.00ns)   --->   "%data_4_V_read_1 = call i16 @_ssdm_op_Read.ap_auto.i16(i16 %data_4_V_read)" [firmware/nnet_utils/nnet_dense_stream.h:13]   --->   Operation 34 'read' 'data_4_V_read_1' <Predicate = (do_init)> <Delay = 0.00>
ST_2 : Operation 35 [1/1] (0.00ns)   --->   "%data_3_V_read_1 = call i16 @_ssdm_op_Read.ap_auto.i16(i16 %data_3_V_read)" [firmware/nnet_utils/nnet_dense_stream.h:13]   --->   Operation 35 'read' 'data_3_V_read_1' <Predicate = (do_init)> <Delay = 0.00>
ST_2 : Operation 36 [1/1] (0.00ns)   --->   "%data_2_V_read_1 = call i16 @_ssdm_op_Read.ap_auto.i16(i16 %data_2_V_read)" [firmware/nnet_utils/nnet_dense_stream.h:13]   --->   Operation 36 'read' 'data_2_V_read_1' <Predicate = (do_init)> <Delay = 0.00>
ST_2 : Operation 37 [1/1] (0.00ns)   --->   "%data_1_V_read_1 = call i16 @_ssdm_op_Read.ap_auto.i16(i16 %data_1_V_read)" [firmware/nnet_utils/nnet_dense_stream.h:13]   --->   Operation 37 'read' 'data_1_V_read_1' <Predicate = (do_init)> <Delay = 0.00>
ST_2 : Operation 38 [1/1] (0.00ns)   --->   "%data_0_V_read_1 = call i16 @_ssdm_op_Read.ap_auto.i16(i16 %data_0_V_read)" [firmware/nnet_utils/nnet_dense_stream.h:13]   --->   Operation 38 'read' 'data_0_V_read_1' <Predicate = (do_init)> <Delay = 0.00>
ST_2 : Operation 39 [1/1] (0.60ns)   --->   "br label %ReuseLoop" [firmware/nnet_utils/nnet_dense_resource.h:43->firmware/nnet_utils/nnet_dense_resource.h:253->firmware/nnet_utils/nnet_dense_stream.h:21]   --->   Operation 39 'br' <Predicate = (do_init)> <Delay = 0.60>
ST_2 : Operation 40 [1/1] (0.00ns)   --->   "%zext_ln56 = zext i5 %w_index25 to i64" [firmware/nnet_utils/nnet_dense_resource.h:56->firmware/nnet_utils/nnet_dense_resource.h:253->firmware/nnet_utils/nnet_dense_stream.h:21]   --->   Operation 40 'zext' 'zext_ln56' <Predicate = true> <Delay = 0.00>
ST_2 : Operation 41 [1/1] (0.00ns)   --->   "%w9_V_addr = getelementptr [32 x i155]* @w9_V, i64 0, i64 %zext_ln56" [firmware/nnet_utils/nnet_dense_resource.h:56->firmware/nnet_utils/nnet_dense_resource.h:253->firmware/nnet_utils/nnet_dense_stream.h:21]   --->   Operation 41 'getelementptr' 'w9_V_addr' <Predicate = true> <Delay = 0.00>
ST_2 : Operation 42 [2/2] (1.15ns)   --->   "%w9_V_load = load i155* %w9_V_addr, align 8" [firmware/nnet_utils/nnet_dense_resource.h:56->firmware/nnet_utils/nnet_dense_resource.h:253->firmware/nnet_utils/nnet_dense_stream.h:21]   --->   Operation 42 'load' 'w9_V_load' <Predicate = true> <Delay = 1.15> <Core = "ROM_nP">   --->   Core 52 'ROM_nP' <Latency = 1> <II = 1> <Delay = 1.15> <Storage> <Opcode : 'load'> <Ports = 0> <Width = 155> <Depth = 32> <ROM>
ST_2 : Operation 43 [1/1] (0.70ns)   --->   "%w_index = add i5 1, %w_index25" [firmware/nnet_utils/nnet_dense_resource.h:43->firmware/nnet_utils/nnet_dense_resource.h:253->firmware/nnet_utils/nnet_dense_stream.h:21]   --->   Operation 43 'add' 'w_index' <Predicate = true> <Delay = 0.70> <Core = "AddSub">   --->   Core 14 'AddSub' <Latency = 0> <II = 1> <Delay = 0.70> <FuncUnit> <Opcode : 'add' 'sub'> <InPorts = 2> <OutPorts = 1>
ST_2 : Operation 44 [1/1] (0.63ns)   --->   "%icmp_ln43 = icmp eq i5 %w_index25, -1" [firmware/nnet_utils/nnet_dense_resource.h:43->firmware/nnet_utils/nnet_dense_resource.h:253->firmware/nnet_utils/nnet_dense_stream.h:21]   --->   Operation 44 'icmp' 'icmp_ln43' <Predicate = true> <Delay = 0.63> <Core = "Cmp">   --->   Core 25 'Cmp' <Latency = 0> <II = 1> <Delay = 0.63> <FuncUnit> <Opcode : 'icmp'> <InPorts = 2> <OutPorts = 1>
ST_2 : Operation 45 [1/1] (0.00ns)   --->   "br i1 %icmp_ln43, label %.preheader.i.i.0, label %rewind_header" [firmware/nnet_utils/nnet_dense_resource.h:43->firmware/nnet_utils/nnet_dense_resource.h:253->firmware/nnet_utils/nnet_dense_stream.h:21]   --->   Operation 45 'br' <Predicate = true> <Delay = 0.00>
ST_2 : Operation 46 [1/1] (0.00ns)   --->   "br label %rewind_header" [firmware/nnet_utils/nnet_dense_stream.h:23]   --->   Operation 46 'br' <Predicate = (icmp_ln43)> <Delay = 0.00>

State 3 <SV = 2> <Delay = 4.57>
ST_3 : Operation 47 [1/1] (0.00ns)   --->   "%data_0_V_read26_rewind = phi i16 [ undef, %.preheader74.i.i.preheader ], [ %data_0_V_read26_phi, %ReuseLoop ], [ undef, %.preheader.i.i.0 ]" [firmware/nnet_utils/nnet_dense_stream.h:13]   --->   Operation 47 'phi' 'data_0_V_read26_rewind' <Predicate = true> <Delay = 0.00>
ST_3 : Operation 48 [1/1] (0.00ns)   --->   "%data_1_V_read27_rewind = phi i16 [ undef, %.preheader74.i.i.preheader ], [ %data_1_V_read27_phi, %ReuseLoop ], [ undef, %.preheader.i.i.0 ]" [firmware/nnet_utils/nnet_dense_stream.h:13]   --->   Operation 48 'phi' 'data_1_V_read27_rewind' <Predicate = true> <Delay = 0.00>
ST_3 : Operation 49 [1/1] (0.00ns)   --->   "%data_2_V_read28_rewind = phi i16 [ undef, %.preheader74.i.i.preheader ], [ %data_2_V_read28_phi, %ReuseLoop ], [ undef, %.preheader.i.i.0 ]" [firmware/nnet_utils/nnet_dense_stream.h:13]   --->   Operation 49 'phi' 'data_2_V_read28_rewind' <Predicate = true> <Delay = 0.00>
ST_3 : Operation 50 [1/1] (0.00ns)   --->   "%data_3_V_read29_rewind = phi i16 [ undef, %.preheader74.i.i.preheader ], [ %data_3_V_read29_phi, %ReuseLoop ], [ undef, %.preheader.i.i.0 ]" [firmware/nnet_utils/nnet_dense_stream.h:13]   --->   Operation 50 'phi' 'data_3_V_read29_rewind' <Predicate = true> <Delay = 0.00>
ST_3 : Operation 51 [1/1] (0.00ns)   --->   "%data_4_V_read30_rewind = phi i16 [ undef, %.preheader74.i.i.preheader ], [ %data_4_V_read30_phi, %ReuseLoop ], [ undef, %.preheader.i.i.0 ]" [firmware/nnet_utils/nnet_dense_stream.h:13]   --->   Operation 51 'phi' 'data_4_V_read30_rewind' <Predicate = true> <Delay = 0.00>
ST_3 : Operation 52 [1/1] (0.00ns)   --->   "%data_5_V_read31_rewind = phi i16 [ undef, %.preheader74.i.i.preheader ], [ %data_5_V_read31_phi, %ReuseLoop ], [ undef, %.preheader.i.i.0 ]" [firmware/nnet_utils/nnet_dense_stream.h:13]   --->   Operation 52 'phi' 'data_5_V_read31_rewind' <Predicate = true> <Delay = 0.00>
ST_3 : Operation 53 [1/1] (0.00ns)   --->   "%data_6_V_read32_rewind = phi i16 [ undef, %.preheader74.i.i.preheader ], [ %data_6_V_read32_phi, %ReuseLoop ], [ undef, %.preheader.i.i.0 ]" [firmware/nnet_utils/nnet_dense_stream.h:13]   --->   Operation 53 'phi' 'data_6_V_read32_rewind' <Predicate = true> <Delay = 0.00>
ST_3 : Operation 54 [1/1] (0.00ns)   --->   "%data_7_V_read33_rewind = phi i16 [ undef, %.preheader74.i.i.preheader ], [ %data_7_V_read33_phi, %ReuseLoop ], [ undef, %.preheader.i.i.0 ]" [firmware/nnet_utils/nnet_dense_stream.h:13]   --->   Operation 54 'phi' 'data_7_V_read33_rewind' <Predicate = true> <Delay = 0.00>
ST_3 : Operation 55 [1/1] (0.00ns)   --->   "%data_8_V_read34_rewind = phi i16 [ undef, %.preheader74.i.i.preheader ], [ %data_8_V_read34_phi, %ReuseLoop ], [ undef, %.preheader.i.i.0 ]" [firmware/nnet_utils/nnet_dense_stream.h:13]   --->   Operation 55 'phi' 'data_8_V_read34_rewind' <Predicate = true> <Delay = 0.00>
ST_3 : Operation 56 [1/1] (0.00ns)   --->   "%data_9_V_read35_rewind = phi i16 [ undef, %.preheader74.i.i.preheader ], [ %data_9_V_read35_phi, %ReuseLoop ], [ undef, %.preheader.i.i.0 ]" [firmware/nnet_utils/nnet_dense_stream.h:13]   --->   Operation 56 'phi' 'data_9_V_read35_rewind' <Predicate = true> <Delay = 0.00>
ST_3 : Operation 57 [1/1] (0.00ns)   --->   "%data_10_V_read36_rewind = phi i16 [ undef, %.preheader74.i.i.preheader ], [ %data_10_V_read36_phi, %ReuseLoop ], [ undef, %.preheader.i.i.0 ]" [firmware/nnet_utils/nnet_dense_stream.h:13]   --->   Operation 57 'phi' 'data_10_V_read36_rewind' <Predicate = true> <Delay = 0.00>
ST_3 : Operation 58 [1/1] (0.00ns)   --->   "%data_11_V_read37_rewind = phi i16 [ undef, %.preheader74.i.i.preheader ], [ %data_11_V_read37_phi, %ReuseLoop ], [ undef, %.preheader.i.i.0 ]" [firmware/nnet_utils/nnet_dense_stream.h:13]   --->   Operation 58 'phi' 'data_11_V_read37_rewind' <Predicate = true> <Delay = 0.00>
ST_3 : Operation 59 [1/1] (0.00ns)   --->   "%data_12_V_read38_rewind = phi i16 [ undef, %.preheader74.i.i.preheader ], [ %data_12_V_read38_phi, %ReuseLoop ], [ undef, %.preheader.i.i.0 ]" [firmware/nnet_utils/nnet_dense_stream.h:13]   --->   Operation 59 'phi' 'data_12_V_read38_rewind' <Predicate = true> <Delay = 0.00>
ST_3 : Operation 60 [1/1] (0.00ns)   --->   "%data_13_V_read39_rewind = phi i16 [ undef, %.preheader74.i.i.preheader ], [ %data_13_V_read39_phi, %ReuseLoop ], [ undef, %.preheader.i.i.0 ]" [firmware/nnet_utils/nnet_dense_stream.h:13]   --->   Operation 60 'phi' 'data_13_V_read39_rewind' <Predicate = true> <Delay = 0.00>
ST_3 : Operation 61 [1/1] (0.00ns)   --->   "%data_14_V_read40_rewind = phi i16 [ undef, %.preheader74.i.i.preheader ], [ %data_14_V_read40_phi, %ReuseLoop ], [ undef, %.preheader.i.i.0 ]" [firmware/nnet_utils/nnet_dense_stream.h:13]   --->   Operation 61 'phi' 'data_14_V_read40_rewind' <Predicate = true> <Delay = 0.00>
ST_3 : Operation 62 [1/1] (0.00ns)   --->   "%data_15_V_read41_rewind = phi i16 [ undef, %.preheader74.i.i.preheader ], [ %data_15_V_read41_phi, %ReuseLoop ], [ undef, %.preheader.i.i.0 ]" [firmware/nnet_utils/nnet_dense_stream.h:13]   --->   Operation 62 'phi' 'data_15_V_read41_rewind' <Predicate = true> <Delay = 0.00>
ST_3 : Operation 63 [1/1] (0.00ns)   --->   "%data_16_V_read42_rewind = phi i16 [ undef, %.preheader74.i.i.preheader ], [ %data_16_V_read42_phi, %ReuseLoop ], [ undef, %.preheader.i.i.0 ]" [firmware/nnet_utils/nnet_dense_stream.h:13]   --->   Operation 63 'phi' 'data_16_V_read42_rewind' <Predicate = true> <Delay = 0.00>
ST_3 : Operation 64 [1/1] (0.00ns)   --->   "%data_17_V_read43_rewind = phi i16 [ undef, %.preheader74.i.i.preheader ], [ %data_17_V_read43_phi, %ReuseLoop ], [ undef, %.preheader.i.i.0 ]" [firmware/nnet_utils/nnet_dense_stream.h:13]   --->   Operation 64 'phi' 'data_17_V_read43_rewind' <Predicate = true> <Delay = 0.00>
ST_3 : Operation 65 [1/1] (0.00ns)   --->   "%data_18_V_read44_rewind = phi i16 [ undef, %.preheader74.i.i.preheader ], [ %data_18_V_read44_phi, %ReuseLoop ], [ undef, %.preheader.i.i.0 ]" [firmware/nnet_utils/nnet_dense_stream.h:13]   --->   Operation 65 'phi' 'data_18_V_read44_rewind' <Predicate = true> <Delay = 0.00>
ST_3 : Operation 66 [1/1] (0.00ns)   --->   "%data_19_V_read45_rewind = phi i16 [ undef, %.preheader74.i.i.preheader ], [ %data_19_V_read45_phi, %ReuseLoop ], [ undef, %.preheader.i.i.0 ]" [firmware/nnet_utils/nnet_dense_stream.h:13]   --->   Operation 66 'phi' 'data_19_V_read45_rewind' <Predicate = true> <Delay = 0.00>
ST_3 : Operation 67 [1/1] (0.00ns)   --->   "%data_20_V_read46_rewind = phi i16 [ undef, %.preheader74.i.i.preheader ], [ %data_20_V_read46_phi, %ReuseLoop ], [ undef, %.preheader.i.i.0 ]" [firmware/nnet_utils/nnet_dense_stream.h:13]   --->   Operation 67 'phi' 'data_20_V_read46_rewind' <Predicate = true> <Delay = 0.00>
ST_3 : Operation 68 [1/1] (0.00ns)   --->   "%data_21_V_read47_rewind = phi i16 [ undef, %.preheader74.i.i.preheader ], [ %data_21_V_read47_phi, %ReuseLoop ], [ undef, %.preheader.i.i.0 ]" [firmware/nnet_utils/nnet_dense_stream.h:13]   --->   Operation 68 'phi' 'data_21_V_read47_rewind' <Predicate = true> <Delay = 0.00>
ST_3 : Operation 69 [1/1] (0.00ns)   --->   "%data_22_V_read48_rewind = phi i16 [ undef, %.preheader74.i.i.preheader ], [ %data_22_V_read48_phi, %ReuseLoop ], [ undef, %.preheader.i.i.0 ]" [firmware/nnet_utils/nnet_dense_stream.h:13]   --->   Operation 69 'phi' 'data_22_V_read48_rewind' <Predicate = true> <Delay = 0.00>
ST_3 : Operation 70 [1/1] (0.00ns)   --->   "%data_23_V_read49_rewind = phi i16 [ undef, %.preheader74.i.i.preheader ], [ %data_23_V_read49_phi, %ReuseLoop ], [ undef, %.preheader.i.i.0 ]" [firmware/nnet_utils/nnet_dense_stream.h:13]   --->   Operation 70 'phi' 'data_23_V_read49_rewind' <Predicate = true> <Delay = 0.00>
ST_3 : Operation 71 [1/1] (0.00ns)   --->   "%data_24_V_read50_rewind = phi i16 [ undef, %.preheader74.i.i.preheader ], [ %data_24_V_read50_phi, %ReuseLoop ], [ undef, %.preheader.i.i.0 ]" [firmware/nnet_utils/nnet_dense_stream.h:13]   --->   Operation 71 'phi' 'data_24_V_read50_rewind' <Predicate = true> <Delay = 0.00>
ST_3 : Operation 72 [1/1] (0.00ns)   --->   "%data_25_V_read51_rewind = phi i16 [ undef, %.preheader74.i.i.preheader ], [ %data_25_V_read51_phi, %ReuseLoop ], [ undef, %.preheader.i.i.0 ]" [firmware/nnet_utils/nnet_dense_stream.h:13]   --->   Operation 72 'phi' 'data_25_V_read51_rewind' <Predicate = true> <Delay = 0.00>
ST_3 : Operation 73 [1/1] (0.00ns)   --->   "%data_26_V_read52_rewind = phi i16 [ undef, %.preheader74.i.i.preheader ], [ %data_26_V_read52_phi, %ReuseLoop ], [ undef, %.preheader.i.i.0 ]" [firmware/nnet_utils/nnet_dense_stream.h:13]   --->   Operation 73 'phi' 'data_26_V_read52_rewind' <Predicate = true> <Delay = 0.00>
ST_3 : Operation 74 [1/1] (0.00ns)   --->   "%data_27_V_read53_rewind = phi i16 [ undef, %.preheader74.i.i.preheader ], [ %data_27_V_read53_phi, %ReuseLoop ], [ undef, %.preheader.i.i.0 ]" [firmware/nnet_utils/nnet_dense_stream.h:13]   --->   Operation 74 'phi' 'data_27_V_read53_rewind' <Predicate = true> <Delay = 0.00>
ST_3 : Operation 75 [1/1] (0.00ns)   --->   "%data_28_V_read54_rewind = phi i16 [ undef, %.preheader74.i.i.preheader ], [ %data_28_V_read54_phi, %ReuseLoop ], [ undef, %.preheader.i.i.0 ]" [firmware/nnet_utils/nnet_dense_stream.h:13]   --->   Operation 75 'phi' 'data_28_V_read54_rewind' <Predicate = true> <Delay = 0.00>
ST_3 : Operation 76 [1/1] (0.00ns)   --->   "%data_29_V_read55_rewind = phi i16 [ undef, %.preheader74.i.i.preheader ], [ %data_29_V_read55_phi, %ReuseLoop ], [ undef, %.preheader.i.i.0 ]" [firmware/nnet_utils/nnet_dense_stream.h:13]   --->   Operation 76 'phi' 'data_29_V_read55_rewind' <Predicate = true> <Delay = 0.00>
ST_3 : Operation 77 [1/1] (0.00ns)   --->   "%data_30_V_read56_rewind = phi i16 [ undef, %.preheader74.i.i.preheader ], [ %data_30_V_read56_phi, %ReuseLoop ], [ undef, %.preheader.i.i.0 ]" [firmware/nnet_utils/nnet_dense_stream.h:13]   --->   Operation 77 'phi' 'data_30_V_read56_rewind' <Predicate = true> <Delay = 0.00>
ST_3 : Operation 78 [1/1] (0.00ns)   --->   "%data_31_V_read57_rewind = phi i16 [ undef, %.preheader74.i.i.preheader ], [ %data_31_V_read57_phi, %ReuseLoop ], [ undef, %.preheader.i.i.0 ]" [firmware/nnet_utils/nnet_dense_stream.h:13]   --->   Operation 78 'phi' 'data_31_V_read57_rewind' <Predicate = true> <Delay = 0.00>
ST_3 : Operation 79 [1/1] (0.00ns)   --->   "%res_9_V_write_assign23 = phi i16 [ -149, %.preheader74.i.i.preheader ], [ %acc_9_V, %ReuseLoop ], [ -149, %.preheader.i.i.0 ]"   --->   Operation 79 'phi' 'res_9_V_write_assign23' <Predicate = true> <Delay = 0.00>
ST_3 : Operation 80 [1/1] (0.00ns)   --->   "%res_8_V_write_assign21 = phi i16 [ -393, %.preheader74.i.i.preheader ], [ %acc_8_V, %ReuseLoop ], [ -393, %.preheader.i.i.0 ]"   --->   Operation 80 'phi' 'res_8_V_write_assign21' <Predicate = true> <Delay = 0.00>
ST_3 : Operation 81 [1/1] (0.00ns)   --->   "%res_7_V_write_assign19 = phi i16 [ 147, %.preheader74.i.i.preheader ], [ %acc_7_V, %ReuseLoop ], [ 147, %.preheader.i.i.0 ]"   --->   Operation 81 'phi' 'res_7_V_write_assign19' <Predicate = true> <Delay = 0.00>
ST_3 : Operation 82 [1/1] (0.00ns)   --->   "%res_6_V_write_assign17 = phi i16 [ -63, %.preheader74.i.i.preheader ], [ %acc_6_V, %ReuseLoop ], [ -63, %.preheader.i.i.0 ]"   --->   Operation 82 'phi' 'res_6_V_write_assign17' <Predicate = true> <Delay = 0.00>
ST_3 : Operation 83 [1/1] (0.00ns)   --->   "%res_5_V_write_assign15 = phi i16 [ 316, %.preheader74.i.i.preheader ], [ %acc_5_V, %ReuseLoop ], [ 316, %.preheader.i.i.0 ]"   --->   Operation 83 'phi' 'res_5_V_write_assign15' <Predicate = true> <Delay = 0.00>
ST_3 : Operation 84 [1/1] (0.00ns)   --->   "%res_4_V_write_assign13 = phi i16 [ -139, %.preheader74.i.i.preheader ], [ %acc_4_V, %ReuseLoop ], [ -139, %.preheader.i.i.0 ]"   --->   Operation 84 'phi' 'res_4_V_write_assign13' <Predicate = true> <Delay = 0.00>
ST_3 : Operation 85 [1/1] (0.00ns)   --->   "%res_3_V_write_assign11 = phi i16 [ 150, %.preheader74.i.i.preheader ], [ %acc_3_V, %ReuseLoop ], [ 150, %.preheader.i.i.0 ]"   --->   Operation 85 'phi' 'res_3_V_write_assign11' <Predicate = true> <Delay = 0.00>
ST_3 : Operation 86 [1/1] (0.00ns)   --->   "%res_2_V_write_assign9 = phi i16 [ 96, %.preheader74.i.i.preheader ], [ %acc_2_V, %ReuseLoop ], [ 96, %.preheader.i.i.0 ]"   --->   Operation 86 'phi' 'res_2_V_write_assign9' <Predicate = true> <Delay = 0.00>
ST_3 : Operation 87 [1/1] (0.00ns)   --->   "%res_1_V_write_assign7 = phi i16 [ 262, %.preheader74.i.i.preheader ], [ %acc_1_V, %ReuseLoop ], [ 262, %.preheader.i.i.0 ]"   --->   Operation 87 'phi' 'res_1_V_write_assign7' <Predicate = true> <Delay = 0.00>
ST_3 : Operation 88 [1/1] (0.00ns)   --->   "%res_0_V_write_assign5 = phi i16 [ -110, %.preheader74.i.i.preheader ], [ %acc_0_V, %ReuseLoop ], [ -110, %.preheader.i.i.0 ]"   --->   Operation 88 'phi' 'res_0_V_write_assign5' <Predicate = true> <Delay = 0.00>
ST_3 : Operation 89 [1/1] (0.60ns)   --->   "br i1 %do_init, label %rewind_init, label %ReuseLoop"   --->   Operation 89 'br' <Predicate = true> <Delay = 0.60>
ST_3 : Operation 90 [1/1] (0.00ns)   --->   "%data_0_V_read26_phi = phi i16 [ %data_0_V_read_1, %rewind_init ], [ %data_0_V_read26_rewind, %rewind_header ]" [firmware/nnet_utils/nnet_dense_stream.h:13]   --->   Operation 90 'phi' 'data_0_V_read26_phi' <Predicate = true> <Delay = 0.00>
ST_3 : Operation 91 [1/1] (0.00ns)   --->   "%data_1_V_read27_phi = phi i16 [ %data_1_V_read_1, %rewind_init ], [ %data_1_V_read27_rewind, %rewind_header ]" [firmware/nnet_utils/nnet_dense_stream.h:13]   --->   Operation 91 'phi' 'data_1_V_read27_phi' <Predicate = true> <Delay = 0.00>
ST_3 : Operation 92 [1/1] (0.00ns)   --->   "%data_2_V_read28_phi = phi i16 [ %data_2_V_read_1, %rewind_init ], [ %data_2_V_read28_rewind, %rewind_header ]" [firmware/nnet_utils/nnet_dense_stream.h:13]   --->   Operation 92 'phi' 'data_2_V_read28_phi' <Predicate = true> <Delay = 0.00>
ST_3 : Operation 93 [1/1] (0.00ns)   --->   "%data_3_V_read29_phi = phi i16 [ %data_3_V_read_1, %rewind_init ], [ %data_3_V_read29_rewind, %rewind_header ]" [firmware/nnet_utils/nnet_dense_stream.h:13]   --->   Operation 93 'phi' 'data_3_V_read29_phi' <Predicate = true> <Delay = 0.00>
ST_3 : Operation 94 [1/1] (0.00ns)   --->   "%data_4_V_read30_phi = phi i16 [ %data_4_V_read_1, %rewind_init ], [ %data_4_V_read30_rewind, %rewind_header ]" [firmware/nnet_utils/nnet_dense_stream.h:13]   --->   Operation 94 'phi' 'data_4_V_read30_phi' <Predicate = true> <Delay = 0.00>
ST_3 : Operation 95 [1/1] (0.00ns)   --->   "%data_5_V_read31_phi = phi i16 [ %data_5_V_read_1, %rewind_init ], [ %data_5_V_read31_rewind, %rewind_header ]" [firmware/nnet_utils/nnet_dense_stream.h:13]   --->   Operation 95 'phi' 'data_5_V_read31_phi' <Predicate = true> <Delay = 0.00>
ST_3 : Operation 96 [1/1] (0.00ns)   --->   "%data_6_V_read32_phi = phi i16 [ %data_6_V_read_1, %rewind_init ], [ %data_6_V_read32_rewind, %rewind_header ]" [firmware/nnet_utils/nnet_dense_stream.h:13]   --->   Operation 96 'phi' 'data_6_V_read32_phi' <Predicate = true> <Delay = 0.00>
ST_3 : Operation 97 [1/1] (0.00ns)   --->   "%data_7_V_read33_phi = phi i16 [ %data_7_V_read_1, %rewind_init ], [ %data_7_V_read33_rewind, %rewind_header ]" [firmware/nnet_utils/nnet_dense_stream.h:13]   --->   Operation 97 'phi' 'data_7_V_read33_phi' <Predicate = true> <Delay = 0.00>
ST_3 : Operation 98 [1/1] (0.00ns)   --->   "%data_8_V_read34_phi = phi i16 [ %data_8_V_read_1, %rewind_init ], [ %data_8_V_read34_rewind, %rewind_header ]" [firmware/nnet_utils/nnet_dense_stream.h:13]   --->   Operation 98 'phi' 'data_8_V_read34_phi' <Predicate = true> <Delay = 0.00>
ST_3 : Operation 99 [1/1] (0.00ns)   --->   "%data_9_V_read35_phi = phi i16 [ %data_9_V_read_1, %rewind_init ], [ %data_9_V_read35_rewind, %rewind_header ]" [firmware/nnet_utils/nnet_dense_stream.h:13]   --->   Operation 99 'phi' 'data_9_V_read35_phi' <Predicate = true> <Delay = 0.00>
ST_3 : Operation 100 [1/1] (0.00ns)   --->   "%data_10_V_read36_phi = phi i16 [ %data_10_V_read_1, %rewind_init ], [ %data_10_V_read36_rewind, %rewind_header ]" [firmware/nnet_utils/nnet_dense_stream.h:13]   --->   Operation 100 'phi' 'data_10_V_read36_phi' <Predicate = true> <Delay = 0.00>
ST_3 : Operation 101 [1/1] (0.00ns)   --->   "%data_11_V_read37_phi = phi i16 [ %data_11_V_read_1, %rewind_init ], [ %data_11_V_read37_rewind, %rewind_header ]" [firmware/nnet_utils/nnet_dense_stream.h:13]   --->   Operation 101 'phi' 'data_11_V_read37_phi' <Predicate = true> <Delay = 0.00>
ST_3 : Operation 102 [1/1] (0.00ns)   --->   "%data_12_V_read38_phi = phi i16 [ %data_12_V_read_1, %rewind_init ], [ %data_12_V_read38_rewind, %rewind_header ]" [firmware/nnet_utils/nnet_dense_stream.h:13]   --->   Operation 102 'phi' 'data_12_V_read38_phi' <Predicate = true> <Delay = 0.00>
ST_3 : Operation 103 [1/1] (0.00ns)   --->   "%data_13_V_read39_phi = phi i16 [ %data_13_V_read_1, %rewind_init ], [ %data_13_V_read39_rewind, %rewind_header ]" [firmware/nnet_utils/nnet_dense_stream.h:13]   --->   Operation 103 'phi' 'data_13_V_read39_phi' <Predicate = true> <Delay = 0.00>
ST_3 : Operation 104 [1/1] (0.00ns)   --->   "%data_14_V_read40_phi = phi i16 [ %data_14_V_read_1, %rewind_init ], [ %data_14_V_read40_rewind, %rewind_header ]" [firmware/nnet_utils/nnet_dense_stream.h:13]   --->   Operation 104 'phi' 'data_14_V_read40_phi' <Predicate = true> <Delay = 0.00>
ST_3 : Operation 105 [1/1] (0.00ns)   --->   "%data_15_V_read41_phi = phi i16 [ %data_15_V_read_1, %rewind_init ], [ %data_15_V_read41_rewind, %rewind_header ]" [firmware/nnet_utils/nnet_dense_stream.h:13]   --->   Operation 105 'phi' 'data_15_V_read41_phi' <Predicate = true> <Delay = 0.00>
ST_3 : Operation 106 [1/1] (0.00ns)   --->   "%data_16_V_read42_phi = phi i16 [ %data_16_V_read_1, %rewind_init ], [ %data_16_V_read42_rewind, %rewind_header ]" [firmware/nnet_utils/nnet_dense_stream.h:13]   --->   Operation 106 'phi' 'data_16_V_read42_phi' <Predicate = true> <Delay = 0.00>
ST_3 : Operation 107 [1/1] (0.00ns)   --->   "%data_17_V_read43_phi = phi i16 [ %data_17_V_read_1, %rewind_init ], [ %data_17_V_read43_rewind, %rewind_header ]" [firmware/nnet_utils/nnet_dense_stream.h:13]   --->   Operation 107 'phi' 'data_17_V_read43_phi' <Predicate = true> <Delay = 0.00>
ST_3 : Operation 108 [1/1] (0.00ns)   --->   "%data_18_V_read44_phi = phi i16 [ %data_18_V_read_1, %rewind_init ], [ %data_18_V_read44_rewind, %rewind_header ]" [firmware/nnet_utils/nnet_dense_stream.h:13]   --->   Operation 108 'phi' 'data_18_V_read44_phi' <Predicate = true> <Delay = 0.00>
ST_3 : Operation 109 [1/1] (0.00ns)   --->   "%data_19_V_read45_phi = phi i16 [ %data_19_V_read_1, %rewind_init ], [ %data_19_V_read45_rewind, %rewind_header ]" [firmware/nnet_utils/nnet_dense_stream.h:13]   --->   Operation 109 'phi' 'data_19_V_read45_phi' <Predicate = true> <Delay = 0.00>
ST_3 : Operation 110 [1/1] (0.00ns)   --->   "%data_20_V_read46_phi = phi i16 [ %data_20_V_read_1, %rewind_init ], [ %data_20_V_read46_rewind, %rewind_header ]" [firmware/nnet_utils/nnet_dense_stream.h:13]   --->   Operation 110 'phi' 'data_20_V_read46_phi' <Predicate = true> <Delay = 0.00>
ST_3 : Operation 111 [1/1] (0.00ns)   --->   "%data_21_V_read47_phi = phi i16 [ %data_21_V_read_1, %rewind_init ], [ %data_21_V_read47_rewind, %rewind_header ]" [firmware/nnet_utils/nnet_dense_stream.h:13]   --->   Operation 111 'phi' 'data_21_V_read47_phi' <Predicate = true> <Delay = 0.00>
ST_3 : Operation 112 [1/1] (0.00ns)   --->   "%data_22_V_read48_phi = phi i16 [ %data_22_V_read_1, %rewind_init ], [ %data_22_V_read48_rewind, %rewind_header ]" [firmware/nnet_utils/nnet_dense_stream.h:13]   --->   Operation 112 'phi' 'data_22_V_read48_phi' <Predicate = true> <Delay = 0.00>
ST_3 : Operation 113 [1/1] (0.00ns)   --->   "%data_23_V_read49_phi = phi i16 [ %data_23_V_read_1, %rewind_init ], [ %data_23_V_read49_rewind, %rewind_header ]" [firmware/nnet_utils/nnet_dense_stream.h:13]   --->   Operation 113 'phi' 'data_23_V_read49_phi' <Predicate = true> <Delay = 0.00>
ST_3 : Operation 114 [1/1] (0.00ns)   --->   "%data_24_V_read50_phi = phi i16 [ %data_24_V_read_1, %rewind_init ], [ %data_24_V_read50_rewind, %rewind_header ]" [firmware/nnet_utils/nnet_dense_stream.h:13]   --->   Operation 114 'phi' 'data_24_V_read50_phi' <Predicate = true> <Delay = 0.00>
ST_3 : Operation 115 [1/1] (0.00ns)   --->   "%data_25_V_read51_phi = phi i16 [ %data_25_V_read_1, %rewind_init ], [ %data_25_V_read51_rewind, %rewind_header ]" [firmware/nnet_utils/nnet_dense_stream.h:13]   --->   Operation 115 'phi' 'data_25_V_read51_phi' <Predicate = true> <Delay = 0.00>
ST_3 : Operation 116 [1/1] (0.00ns)   --->   "%data_26_V_read52_phi = phi i16 [ %data_26_V_read_1, %rewind_init ], [ %data_26_V_read52_rewind, %rewind_header ]" [firmware/nnet_utils/nnet_dense_stream.h:13]   --->   Operation 116 'phi' 'data_26_V_read52_phi' <Predicate = true> <Delay = 0.00>
ST_3 : Operation 117 [1/1] (0.00ns)   --->   "%data_27_V_read53_phi = phi i16 [ %data_27_V_read_1, %rewind_init ], [ %data_27_V_read53_rewind, %rewind_header ]" [firmware/nnet_utils/nnet_dense_stream.h:13]   --->   Operation 117 'phi' 'data_27_V_read53_phi' <Predicate = true> <Delay = 0.00>
ST_3 : Operation 118 [1/1] (0.00ns)   --->   "%data_28_V_read54_phi = phi i16 [ %data_28_V_read_1, %rewind_init ], [ %data_28_V_read54_rewind, %rewind_header ]" [firmware/nnet_utils/nnet_dense_stream.h:13]   --->   Operation 118 'phi' 'data_28_V_read54_phi' <Predicate = true> <Delay = 0.00>
ST_3 : Operation 119 [1/1] (0.00ns)   --->   "%data_29_V_read55_phi = phi i16 [ %data_29_V_read_1, %rewind_init ], [ %data_29_V_read55_rewind, %rewind_header ]" [firmware/nnet_utils/nnet_dense_stream.h:13]   --->   Operation 119 'phi' 'data_29_V_read55_phi' <Predicate = true> <Delay = 0.00>
ST_3 : Operation 120 [1/1] (0.00ns)   --->   "%data_30_V_read56_phi = phi i16 [ %data_30_V_read_1, %rewind_init ], [ %data_30_V_read56_rewind, %rewind_header ]" [firmware/nnet_utils/nnet_dense_stream.h:13]   --->   Operation 120 'phi' 'data_30_V_read56_phi' <Predicate = true> <Delay = 0.00>
ST_3 : Operation 121 [1/1] (0.00ns)   --->   "%data_31_V_read57_phi = phi i16 [ %data_31_V_read_1, %rewind_init ], [ %data_31_V_read57_rewind, %rewind_header ]" [firmware/nnet_utils/nnet_dense_stream.h:13]   --->   Operation 121 'phi' 'data_31_V_read57_phi' <Predicate = true> <Delay = 0.00>
ST_3 : Operation 122 [1/1] (0.00ns)   --->   "call void (...)* @_ssdm_op_SpecLoopName([10 x i8]* @p_str25) nounwind" [firmware/nnet_utils/nnet_dense_resource.h:43->firmware/nnet_utils/nnet_dense_resource.h:253->firmware/nnet_utils/nnet_dense_stream.h:21]   --->   Operation 122 'specloopname' <Predicate = true> <Delay = 0.00>
ST_3 : Operation 123 [1/1] (0.00ns)   --->   "%tmp = call i32 (...)* @_ssdm_op_SpecRegionBegin([10 x i8]* @p_str25)" [firmware/nnet_utils/nnet_dense_resource.h:43->firmware/nnet_utils/nnet_dense_resource.h:253->firmware/nnet_utils/nnet_dense_stream.h:21]   --->   Operation 123 'specregionbegin' 'tmp' <Predicate = true> <Delay = 0.00>
ST_3 : Operation 124 [1/1] (0.00ns)   --->   "call void (...)* @_ssdm_op_SpecPipeline(i32 1, i32 1, i32 1, i32 0, [1 x i8]* @p_str10) nounwind" [firmware/nnet_utils/nnet_dense_resource.h:44->firmware/nnet_utils/nnet_dense_resource.h:253->firmware/nnet_utils/nnet_dense_stream.h:21]   --->   Operation 124 'specpipeline' <Predicate = true> <Delay = 0.00>
ST_3 : Operation 125 [1/1] (0.65ns)   --->   "%tmp_9 = call i16 @_ssdm_op_Mux.ap_auto.32i16.i5(i16 %data_0_V_read26_phi, i16 %data_1_V_read27_phi, i16 %data_2_V_read28_phi, i16 %data_3_V_read29_phi, i16 %data_4_V_read30_phi, i16 %data_5_V_read31_phi, i16 %data_6_V_read32_phi, i16 %data_7_V_read33_phi, i16 %data_8_V_read34_phi, i16 %data_9_V_read35_phi, i16 %data_10_V_read36_phi, i16 %data_11_V_read37_phi, i16 %data_12_V_read38_phi, i16 %data_13_V_read39_phi, i16 %data_14_V_read40_phi, i16 %data_15_V_read41_phi, i16 %data_16_V_read42_phi, i16 %data_17_V_read43_phi, i16 %data_18_V_read44_phi, i16 %data_19_V_read45_phi, i16 %data_20_V_read46_phi, i16 %data_21_V_read47_phi, i16 %data_22_V_read48_phi, i16 %data_23_V_read49_phi, i16 %data_24_V_read50_phi, i16 %data_25_V_read51_phi, i16 %data_26_V_read52_phi, i16 %data_27_V_read53_phi, i16 %data_28_V_read54_phi, i16 %data_29_V_read55_phi, i16 %data_30_V_read56_phi, i16 %data_31_V_read57_phi, i5 %w_index25)" [firmware/nnet_utils/nnet_dense_resource.h:56->firmware/nnet_utils/nnet_dense_resource.h:253->firmware/nnet_utils/nnet_dense_stream.h:21]   --->   Operation 125 'mux' 'tmp_9' <Predicate = true> <Delay = 0.65> <Core = "MuxnS">   --->   Core 31 'MuxnS' <Latency = 0> <II = 1> <Delay = 0.65> <FuncUnit> <Opcode : 'mux'> <InPorts = 2> <OutPorts = 1>
ST_3 : Operation 126 [1/2] (1.15ns)   --->   "%w9_V_load = load i155* %w9_V_addr, align 8" [firmware/nnet_utils/nnet_dense_resource.h:56->firmware/nnet_utils/nnet_dense_resource.h:253->firmware/nnet_utils/nnet_dense_stream.h:21]   --->   Operation 126 'load' 'w9_V_load' <Predicate = true> <Delay = 1.15> <Core = "ROM_nP">   --->   Core 52 'ROM_nP' <Latency = 1> <II = 1> <Delay = 1.15> <Storage> <Opcode : 'load'> <Ports = 0> <Width = 155> <Depth = 32> <ROM>
ST_3 : Operation 127 [1/1] (0.00ns)   --->   "%trunc_ln56 = trunc i155 %w9_V_load to i16" [firmware/nnet_utils/nnet_dense_resource.h:56->firmware/nnet_utils/nnet_dense_resource.h:253->firmware/nnet_utils/nnet_dense_stream.h:21]   --->   Operation 127 'trunc' 'trunc_ln56' <Predicate = true> <Delay = 0.00>
ST_3 : Operation 128 [1/1] (0.00ns)   --->   "%sext_ln1116_cast = sext i16 %tmp_9 to i26" [firmware/nnet_utils/nnet_dense_resource.h:56->firmware/nnet_utils/nnet_dense_resource.h:253->firmware/nnet_utils/nnet_dense_stream.h:21]   --->   Operation 128 'sext' 'sext_ln1116_cast' <Predicate = true> <Delay = 0.00>
ST_3 : Operation 129 [1/1] (0.00ns)   --->   "%sext_ln1118 = sext i16 %trunc_ln56 to i26" [firmware/nnet_utils/nnet_mult.h:73->firmware/nnet_utils/nnet_dense_resource.h:56->firmware/nnet_utils/nnet_dense_resource.h:253->firmware/nnet_utils/nnet_dense_stream.h:21]   --->   Operation 129 'sext' 'sext_ln1118' <Predicate = true> <Delay = 0.00>
ST_3 : Operation 130 [1/1] (2.53ns) (root node of the DSP)   --->   "%mul_ln1118 = mul i26 %sext_ln1118, %sext_ln1116_cast" [firmware/nnet_utils/nnet_mult.h:73->firmware/nnet_utils/nnet_dense_resource.h:56->firmware/nnet_utils/nnet_dense_resource.h:253->firmware/nnet_utils/nnet_dense_stream.h:21]   --->   Operation 130 'mul' 'mul_ln1118' <Predicate = true> <Delay = 2.53> <Core = "DSP48">   --->   Core 88 'DSP48' <Latency = 0> <II = 1> <Delay = 2.53> <IPBlock> <Opcode : 'mul' 'add' 'sub' 'select'> <InPorts = 2> <OutPorts = 1> <Sync> <CReg>
ST_3 : Operation 131 [1/1] (0.00ns)   --->   "%trunc_ln1 = call i16 @_ssdm_op_PartSelect.i16.i26.i32.i32(i26 %mul_ln1118, i32 10, i32 25)" [firmware/nnet_utils/nnet_dense_resource.h:56->firmware/nnet_utils/nnet_dense_resource.h:253->firmware/nnet_utils/nnet_dense_stream.h:21]   --->   Operation 131 'partselect' 'trunc_ln1' <Predicate = true> <Delay = 0.00>
ST_3 : Operation 132 [1/1] (0.78ns)   --->   "%acc_0_V = add i16 %trunc_ln1, %res_0_V_write_assign5" [firmware/nnet_utils/nnet_dense_resource.h:56->firmware/nnet_utils/nnet_dense_resource.h:253->firmware/nnet_utils/nnet_dense_stream.h:21]   --->   Operation 132 'add' 'acc_0_V' <Predicate = true> <Delay = 0.78> <Core = "AddSub">   --->   Core 14 'AddSub' <Latency = 0> <II = 1> <Delay = 0.70> <FuncUnit> <Opcode : 'add' 'sub'> <InPorts = 2> <OutPorts = 1>
ST_3 : Operation 133 [1/1] (0.00ns)   --->   "%tmp_1 = call i16 @_ssdm_op_PartSelect.i16.i155.i32.i32(i155 %w9_V_load, i32 16, i32 31)" [firmware/nnet_utils/nnet_dense_resource.h:56->firmware/nnet_utils/nnet_dense_resource.h:253->firmware/nnet_utils/nnet_dense_stream.h:21]   --->   Operation 133 'partselect' 'tmp_1' <Predicate = true> <Delay = 0.00>
ST_3 : Operation 134 [1/1] (0.00ns)   --->   "%sext_ln1118_1 = sext i16 %tmp_1 to i26" [firmware/nnet_utils/nnet_mult.h:73->firmware/nnet_utils/nnet_dense_resource.h:56->firmware/nnet_utils/nnet_dense_resource.h:253->firmware/nnet_utils/nnet_dense_stream.h:21]   --->   Operation 134 'sext' 'sext_ln1118_1' <Predicate = true> <Delay = 0.00>
ST_3 : Operation 135 [1/1] (2.53ns) (root node of the DSP)   --->   "%mul_ln1118_1 = mul i26 %sext_ln1118_1, %sext_ln1116_cast" [firmware/nnet_utils/nnet_mult.h:73->firmware/nnet_utils/nnet_dense_resource.h:56->firmware/nnet_utils/nnet_dense_resource.h:253->firmware/nnet_utils/nnet_dense_stream.h:21]   --->   Operation 135 'mul' 'mul_ln1118_1' <Predicate = true> <Delay = 2.53> <Core = "DSP48">   --->   Core 88 'DSP48' <Latency = 0> <II = 1> <Delay = 2.53> <IPBlock> <Opcode : 'mul' 'add' 'sub' 'select'> <InPorts = 2> <OutPorts = 1> <Sync> <CReg>
ST_3 : Operation 136 [1/1] (0.00ns)   --->   "%trunc_ln708_1 = call i16 @_ssdm_op_PartSelect.i16.i26.i32.i32(i26 %mul_ln1118_1, i32 10, i32 25)" [firmware/nnet_utils/nnet_dense_resource.h:56->firmware/nnet_utils/nnet_dense_resource.h:253->firmware/nnet_utils/nnet_dense_stream.h:21]   --->   Operation 136 'partselect' 'trunc_ln708_1' <Predicate = true> <Delay = 0.00>
ST_3 : Operation 137 [1/1] (0.78ns)   --->   "%acc_1_V = add i16 %trunc_ln708_1, %res_1_V_write_assign7" [firmware/nnet_utils/nnet_dense_resource.h:56->firmware/nnet_utils/nnet_dense_resource.h:253->firmware/nnet_utils/nnet_dense_stream.h:21]   --->   Operation 137 'add' 'acc_1_V' <Predicate = true> <Delay = 0.78> <Core = "AddSub">   --->   Core 14 'AddSub' <Latency = 0> <II = 1> <Delay = 0.70> <FuncUnit> <Opcode : 'add' 'sub'> <InPorts = 2> <OutPorts = 1>
ST_3 : Operation 138 [1/1] (0.00ns)   --->   "%tmp_2 = call i16 @_ssdm_op_PartSelect.i16.i155.i32.i32(i155 %w9_V_load, i32 32, i32 47)" [firmware/nnet_utils/nnet_dense_resource.h:56->firmware/nnet_utils/nnet_dense_resource.h:253->firmware/nnet_utils/nnet_dense_stream.h:21]   --->   Operation 138 'partselect' 'tmp_2' <Predicate = true> <Delay = 0.00>
ST_3 : Operation 139 [1/1] (0.00ns)   --->   "%sext_ln1118_2 = sext i16 %tmp_2 to i26" [firmware/nnet_utils/nnet_mult.h:73->firmware/nnet_utils/nnet_dense_resource.h:56->firmware/nnet_utils/nnet_dense_resource.h:253->firmware/nnet_utils/nnet_dense_stream.h:21]   --->   Operation 139 'sext' 'sext_ln1118_2' <Predicate = true> <Delay = 0.00>
ST_3 : Operation 140 [1/1] (2.53ns) (root node of the DSP)   --->   "%mul_ln1118_2 = mul i26 %sext_ln1118_2, %sext_ln1116_cast" [firmware/nnet_utils/nnet_mult.h:73->firmware/nnet_utils/nnet_dense_resource.h:56->firmware/nnet_utils/nnet_dense_resource.h:253->firmware/nnet_utils/nnet_dense_stream.h:21]   --->   Operation 140 'mul' 'mul_ln1118_2' <Predicate = true> <Delay = 2.53> <Core = "DSP48">   --->   Core 88 'DSP48' <Latency = 0> <II = 1> <Delay = 2.53> <IPBlock> <Opcode : 'mul' 'add' 'sub' 'select'> <InPorts = 2> <OutPorts = 1> <Sync> <CReg>
ST_3 : Operation 141 [1/1] (0.00ns)   --->   "%trunc_ln708_2 = call i16 @_ssdm_op_PartSelect.i16.i26.i32.i32(i26 %mul_ln1118_2, i32 10, i32 25)" [firmware/nnet_utils/nnet_dense_resource.h:56->firmware/nnet_utils/nnet_dense_resource.h:253->firmware/nnet_utils/nnet_dense_stream.h:21]   --->   Operation 141 'partselect' 'trunc_ln708_2' <Predicate = true> <Delay = 0.00>
ST_3 : Operation 142 [1/1] (0.78ns)   --->   "%acc_2_V = add i16 %trunc_ln708_2, %res_2_V_write_assign9" [firmware/nnet_utils/nnet_dense_resource.h:56->firmware/nnet_utils/nnet_dense_resource.h:253->firmware/nnet_utils/nnet_dense_stream.h:21]   --->   Operation 142 'add' 'acc_2_V' <Predicate = true> <Delay = 0.78> <Core = "AddSub">   --->   Core 14 'AddSub' <Latency = 0> <II = 1> <Delay = 0.70> <FuncUnit> <Opcode : 'add' 'sub'> <InPorts = 2> <OutPorts = 1>
ST_3 : Operation 143 [1/1] (0.00ns)   --->   "%tmp_3 = call i16 @_ssdm_op_PartSelect.i16.i155.i32.i32(i155 %w9_V_load, i32 48, i32 63)" [firmware/nnet_utils/nnet_dense_resource.h:56->firmware/nnet_utils/nnet_dense_resource.h:253->firmware/nnet_utils/nnet_dense_stream.h:21]   --->   Operation 143 'partselect' 'tmp_3' <Predicate = true> <Delay = 0.00>
ST_3 : Operation 144 [1/1] (0.00ns)   --->   "%sext_ln1118_3 = sext i16 %tmp_3 to i26" [firmware/nnet_utils/nnet_mult.h:73->firmware/nnet_utils/nnet_dense_resource.h:56->firmware/nnet_utils/nnet_dense_resource.h:253->firmware/nnet_utils/nnet_dense_stream.h:21]   --->   Operation 144 'sext' 'sext_ln1118_3' <Predicate = true> <Delay = 0.00>
ST_3 : Operation 145 [1/1] (2.53ns) (root node of the DSP)   --->   "%mul_ln1118_3 = mul i26 %sext_ln1118_3, %sext_ln1116_cast" [firmware/nnet_utils/nnet_mult.h:73->firmware/nnet_utils/nnet_dense_resource.h:56->firmware/nnet_utils/nnet_dense_resource.h:253->firmware/nnet_utils/nnet_dense_stream.h:21]   --->   Operation 145 'mul' 'mul_ln1118_3' <Predicate = true> <Delay = 2.53> <Core = "DSP48">   --->   Core 88 'DSP48' <Latency = 0> <II = 1> <Delay = 2.53> <IPBlock> <Opcode : 'mul' 'add' 'sub' 'select'> <InPorts = 2> <OutPorts = 1> <Sync> <CReg>
ST_3 : Operation 146 [1/1] (0.00ns)   --->   "%trunc_ln708_3 = call i16 @_ssdm_op_PartSelect.i16.i26.i32.i32(i26 %mul_ln1118_3, i32 10, i32 25)" [firmware/nnet_utils/nnet_dense_resource.h:56->firmware/nnet_utils/nnet_dense_resource.h:253->firmware/nnet_utils/nnet_dense_stream.h:21]   --->   Operation 146 'partselect' 'trunc_ln708_3' <Predicate = true> <Delay = 0.00>
ST_3 : Operation 147 [1/1] (0.78ns)   --->   "%acc_3_V = add i16 %trunc_ln708_3, %res_3_V_write_assign11" [firmware/nnet_utils/nnet_dense_resource.h:56->firmware/nnet_utils/nnet_dense_resource.h:253->firmware/nnet_utils/nnet_dense_stream.h:21]   --->   Operation 147 'add' 'acc_3_V' <Predicate = true> <Delay = 0.78> <Core = "AddSub">   --->   Core 14 'AddSub' <Latency = 0> <II = 1> <Delay = 0.70> <FuncUnit> <Opcode : 'add' 'sub'> <InPorts = 2> <OutPorts = 1>
ST_3 : Operation 148 [1/1] (0.00ns)   --->   "%tmp_4 = call i16 @_ssdm_op_PartSelect.i16.i155.i32.i32(i155 %w9_V_load, i32 64, i32 79)" [firmware/nnet_utils/nnet_dense_resource.h:56->firmware/nnet_utils/nnet_dense_resource.h:253->firmware/nnet_utils/nnet_dense_stream.h:21]   --->   Operation 148 'partselect' 'tmp_4' <Predicate = true> <Delay = 0.00>
ST_3 : Operation 149 [1/1] (0.00ns)   --->   "%sext_ln1118_4 = sext i16 %tmp_4 to i26" [firmware/nnet_utils/nnet_mult.h:73->firmware/nnet_utils/nnet_dense_resource.h:56->firmware/nnet_utils/nnet_dense_resource.h:253->firmware/nnet_utils/nnet_dense_stream.h:21]   --->   Operation 149 'sext' 'sext_ln1118_4' <Predicate = true> <Delay = 0.00>
ST_3 : Operation 150 [1/1] (2.53ns) (root node of the DSP)   --->   "%mul_ln1118_4 = mul i26 %sext_ln1118_4, %sext_ln1116_cast" [firmware/nnet_utils/nnet_mult.h:73->firmware/nnet_utils/nnet_dense_resource.h:56->firmware/nnet_utils/nnet_dense_resource.h:253->firmware/nnet_utils/nnet_dense_stream.h:21]   --->   Operation 150 'mul' 'mul_ln1118_4' <Predicate = true> <Delay = 2.53> <Core = "DSP48">   --->   Core 88 'DSP48' <Latency = 0> <II = 1> <Delay = 2.53> <IPBlock> <Opcode : 'mul' 'add' 'sub' 'select'> <InPorts = 2> <OutPorts = 1> <Sync> <CReg>
ST_3 : Operation 151 [1/1] (0.00ns)   --->   "%trunc_ln708_4 = call i16 @_ssdm_op_PartSelect.i16.i26.i32.i32(i26 %mul_ln1118_4, i32 10, i32 25)" [firmware/nnet_utils/nnet_dense_resource.h:56->firmware/nnet_utils/nnet_dense_resource.h:253->firmware/nnet_utils/nnet_dense_stream.h:21]   --->   Operation 151 'partselect' 'trunc_ln708_4' <Predicate = true> <Delay = 0.00>
ST_3 : Operation 152 [1/1] (0.78ns)   --->   "%acc_4_V = add i16 %trunc_ln708_4, %res_4_V_write_assign13" [firmware/nnet_utils/nnet_dense_resource.h:56->firmware/nnet_utils/nnet_dense_resource.h:253->firmware/nnet_utils/nnet_dense_stream.h:21]   --->   Operation 152 'add' 'acc_4_V' <Predicate = true> <Delay = 0.78> <Core = "AddSub">   --->   Core 14 'AddSub' <Latency = 0> <II = 1> <Delay = 0.70> <FuncUnit> <Opcode : 'add' 'sub'> <InPorts = 2> <OutPorts = 1>
ST_3 : Operation 153 [1/1] (0.00ns)   --->   "%tmp_5 = call i16 @_ssdm_op_PartSelect.i16.i155.i32.i32(i155 %w9_V_load, i32 80, i32 95)" [firmware/nnet_utils/nnet_dense_resource.h:56->firmware/nnet_utils/nnet_dense_resource.h:253->firmware/nnet_utils/nnet_dense_stream.h:21]   --->   Operation 153 'partselect' 'tmp_5' <Predicate = true> <Delay = 0.00>
ST_3 : Operation 154 [1/1] (0.00ns)   --->   "%sext_ln1118_5 = sext i16 %tmp_5 to i26" [firmware/nnet_utils/nnet_mult.h:73->firmware/nnet_utils/nnet_dense_resource.h:56->firmware/nnet_utils/nnet_dense_resource.h:253->firmware/nnet_utils/nnet_dense_stream.h:21]   --->   Operation 154 'sext' 'sext_ln1118_5' <Predicate = true> <Delay = 0.00>
ST_3 : Operation 155 [1/1] (2.53ns) (root node of the DSP)   --->   "%mul_ln1118_5 = mul i26 %sext_ln1118_5, %sext_ln1116_cast" [firmware/nnet_utils/nnet_mult.h:73->firmware/nnet_utils/nnet_dense_resource.h:56->firmware/nnet_utils/nnet_dense_resource.h:253->firmware/nnet_utils/nnet_dense_stream.h:21]   --->   Operation 155 'mul' 'mul_ln1118_5' <Predicate = true> <Delay = 2.53> <Core = "DSP48">   --->   Core 88 'DSP48' <Latency = 0> <II = 1> <Delay = 2.53> <IPBlock> <Opcode : 'mul' 'add' 'sub' 'select'> <InPorts = 2> <OutPorts = 1> <Sync> <CReg>
ST_3 : Operation 156 [1/1] (0.00ns)   --->   "%trunc_ln708_5 = call i16 @_ssdm_op_PartSelect.i16.i26.i32.i32(i26 %mul_ln1118_5, i32 10, i32 25)" [firmware/nnet_utils/nnet_dense_resource.h:56->firmware/nnet_utils/nnet_dense_resource.h:253->firmware/nnet_utils/nnet_dense_stream.h:21]   --->   Operation 156 'partselect' 'trunc_ln708_5' <Predicate = true> <Delay = 0.00>
ST_3 : Operation 157 [1/1] (0.78ns)   --->   "%acc_5_V = add i16 %trunc_ln708_5, %res_5_V_write_assign15" [firmware/nnet_utils/nnet_dense_resource.h:56->firmware/nnet_utils/nnet_dense_resource.h:253->firmware/nnet_utils/nnet_dense_stream.h:21]   --->   Operation 157 'add' 'acc_5_V' <Predicate = true> <Delay = 0.78> <Core = "AddSub">   --->   Core 14 'AddSub' <Latency = 0> <II = 1> <Delay = 0.70> <FuncUnit> <Opcode : 'add' 'sub'> <InPorts = 2> <OutPorts = 1>
ST_3 : Operation 158 [1/1] (0.00ns)   --->   "%tmp_6 = call i16 @_ssdm_op_PartSelect.i16.i155.i32.i32(i155 %w9_V_load, i32 96, i32 111)" [firmware/nnet_utils/nnet_dense_resource.h:56->firmware/nnet_utils/nnet_dense_resource.h:253->firmware/nnet_utils/nnet_dense_stream.h:21]   --->   Operation 158 'partselect' 'tmp_6' <Predicate = true> <Delay = 0.00>
ST_3 : Operation 159 [1/1] (0.00ns)   --->   "%sext_ln1118_6 = sext i16 %tmp_6 to i26" [firmware/nnet_utils/nnet_mult.h:73->firmware/nnet_utils/nnet_dense_resource.h:56->firmware/nnet_utils/nnet_dense_resource.h:253->firmware/nnet_utils/nnet_dense_stream.h:21]   --->   Operation 159 'sext' 'sext_ln1118_6' <Predicate = true> <Delay = 0.00>
ST_3 : Operation 160 [1/1] (2.53ns) (root node of the DSP)   --->   "%mul_ln1118_6 = mul i26 %sext_ln1118_6, %sext_ln1116_cast" [firmware/nnet_utils/nnet_mult.h:73->firmware/nnet_utils/nnet_dense_resource.h:56->firmware/nnet_utils/nnet_dense_resource.h:253->firmware/nnet_utils/nnet_dense_stream.h:21]   --->   Operation 160 'mul' 'mul_ln1118_6' <Predicate = true> <Delay = 2.53> <Core = "DSP48">   --->   Core 88 'DSP48' <Latency = 0> <II = 1> <Delay = 2.53> <IPBlock> <Opcode : 'mul' 'add' 'sub' 'select'> <InPorts = 2> <OutPorts = 1> <Sync> <CReg>
ST_3 : Operation 161 [1/1] (0.00ns)   --->   "%trunc_ln708_6 = call i16 @_ssdm_op_PartSelect.i16.i26.i32.i32(i26 %mul_ln1118_6, i32 10, i32 25)" [firmware/nnet_utils/nnet_dense_resource.h:56->firmware/nnet_utils/nnet_dense_resource.h:253->firmware/nnet_utils/nnet_dense_stream.h:21]   --->   Operation 161 'partselect' 'trunc_ln708_6' <Predicate = true> <Delay = 0.00>
ST_3 : Operation 162 [1/1] (0.78ns)   --->   "%acc_6_V = add i16 %trunc_ln708_6, %res_6_V_write_assign17" [firmware/nnet_utils/nnet_dense_resource.h:56->firmware/nnet_utils/nnet_dense_resource.h:253->firmware/nnet_utils/nnet_dense_stream.h:21]   --->   Operation 162 'add' 'acc_6_V' <Predicate = true> <Delay = 0.78> <Core = "AddSub">   --->   Core 14 'AddSub' <Latency = 0> <II = 1> <Delay = 0.70> <FuncUnit> <Opcode : 'add' 'sub'> <InPorts = 2> <OutPorts = 1>
ST_3 : Operation 163 [1/1] (0.00ns)   --->   "%tmp_7 = call i16 @_ssdm_op_PartSelect.i16.i155.i32.i32(i155 %w9_V_load, i32 112, i32 127)" [firmware/nnet_utils/nnet_dense_resource.h:56->firmware/nnet_utils/nnet_dense_resource.h:253->firmware/nnet_utils/nnet_dense_stream.h:21]   --->   Operation 163 'partselect' 'tmp_7' <Predicate = true> <Delay = 0.00>
ST_3 : Operation 164 [1/1] (0.00ns)   --->   "%sext_ln1118_7 = sext i16 %tmp_7 to i26" [firmware/nnet_utils/nnet_mult.h:73->firmware/nnet_utils/nnet_dense_resource.h:56->firmware/nnet_utils/nnet_dense_resource.h:253->firmware/nnet_utils/nnet_dense_stream.h:21]   --->   Operation 164 'sext' 'sext_ln1118_7' <Predicate = true> <Delay = 0.00>
ST_3 : Operation 165 [1/1] (2.53ns) (root node of the DSP)   --->   "%mul_ln1118_7 = mul i26 %sext_ln1118_7, %sext_ln1116_cast" [firmware/nnet_utils/nnet_mult.h:73->firmware/nnet_utils/nnet_dense_resource.h:56->firmware/nnet_utils/nnet_dense_resource.h:253->firmware/nnet_utils/nnet_dense_stream.h:21]   --->   Operation 165 'mul' 'mul_ln1118_7' <Predicate = true> <Delay = 2.53> <Core = "DSP48">   --->   Core 88 'DSP48' <Latency = 0> <II = 1> <Delay = 2.53> <IPBlock> <Opcode : 'mul' 'add' 'sub' 'select'> <InPorts = 2> <OutPorts = 1> <Sync> <CReg>
ST_3 : Operation 166 [1/1] (0.00ns)   --->   "%trunc_ln708_7 = call i16 @_ssdm_op_PartSelect.i16.i26.i32.i32(i26 %mul_ln1118_7, i32 10, i32 25)" [firmware/nnet_utils/nnet_dense_resource.h:56->firmware/nnet_utils/nnet_dense_resource.h:253->firmware/nnet_utils/nnet_dense_stream.h:21]   --->   Operation 166 'partselect' 'trunc_ln708_7' <Predicate = true> <Delay = 0.00>
ST_3 : Operation 167 [1/1] (0.78ns)   --->   "%acc_7_V = add i16 %trunc_ln708_7, %res_7_V_write_assign19" [firmware/nnet_utils/nnet_dense_resource.h:56->firmware/nnet_utils/nnet_dense_resource.h:253->firmware/nnet_utils/nnet_dense_stream.h:21]   --->   Operation 167 'add' 'acc_7_V' <Predicate = true> <Delay = 0.78> <Core = "AddSub">   --->   Core 14 'AddSub' <Latency = 0> <II = 1> <Delay = 0.70> <FuncUnit> <Opcode : 'add' 'sub'> <InPorts = 2> <OutPorts = 1>
ST_3 : Operation 168 [1/1] (0.00ns)   --->   "%tmp_8 = call i16 @_ssdm_op_PartSelect.i16.i155.i32.i32(i155 %w9_V_load, i32 128, i32 143)" [firmware/nnet_utils/nnet_dense_resource.h:56->firmware/nnet_utils/nnet_dense_resource.h:253->firmware/nnet_utils/nnet_dense_stream.h:21]   --->   Operation 168 'partselect' 'tmp_8' <Predicate = true> <Delay = 0.00>
ST_3 : Operation 169 [1/1] (0.00ns)   --->   "%sext_ln1118_8 = sext i16 %tmp_8 to i26" [firmware/nnet_utils/nnet_mult.h:73->firmware/nnet_utils/nnet_dense_resource.h:56->firmware/nnet_utils/nnet_dense_resource.h:253->firmware/nnet_utils/nnet_dense_stream.h:21]   --->   Operation 169 'sext' 'sext_ln1118_8' <Predicate = true> <Delay = 0.00>
ST_3 : Operation 170 [1/1] (2.53ns) (root node of the DSP)   --->   "%mul_ln1118_8 = mul i26 %sext_ln1118_8, %sext_ln1116_cast" [firmware/nnet_utils/nnet_mult.h:73->firmware/nnet_utils/nnet_dense_resource.h:56->firmware/nnet_utils/nnet_dense_resource.h:253->firmware/nnet_utils/nnet_dense_stream.h:21]   --->   Operation 170 'mul' 'mul_ln1118_8' <Predicate = true> <Delay = 2.53> <Core = "DSP48">   --->   Core 88 'DSP48' <Latency = 0> <II = 1> <Delay = 2.53> <IPBlock> <Opcode : 'mul' 'add' 'sub' 'select'> <InPorts = 2> <OutPorts = 1> <Sync> <CReg>
ST_3 : Operation 171 [1/1] (0.00ns)   --->   "%trunc_ln708_8 = call i16 @_ssdm_op_PartSelect.i16.i26.i32.i32(i26 %mul_ln1118_8, i32 10, i32 25)" [firmware/nnet_utils/nnet_dense_resource.h:56->firmware/nnet_utils/nnet_dense_resource.h:253->firmware/nnet_utils/nnet_dense_stream.h:21]   --->   Operation 171 'partselect' 'trunc_ln708_8' <Predicate = true> <Delay = 0.00>
ST_3 : Operation 172 [1/1] (0.78ns)   --->   "%acc_8_V = add i16 %trunc_ln708_8, %res_8_V_write_assign21" [firmware/nnet_utils/nnet_dense_resource.h:56->firmware/nnet_utils/nnet_dense_resource.h:253->firmware/nnet_utils/nnet_dense_stream.h:21]   --->   Operation 172 'add' 'acc_8_V' <Predicate = true> <Delay = 0.78> <Core = "AddSub">   --->   Core 14 'AddSub' <Latency = 0> <II = 1> <Delay = 0.70> <FuncUnit> <Opcode : 'add' 'sub'> <InPorts = 2> <OutPorts = 1>
ST_3 : Operation 173 [1/1] (0.00ns)   --->   "%tmp_s = call i11 @_ssdm_op_PartSelect.i11.i155.i32.i32(i155 %w9_V_load, i32 144, i32 154)" [firmware/nnet_utils/nnet_dense_resource.h:56->firmware/nnet_utils/nnet_dense_resource.h:253->firmware/nnet_utils/nnet_dense_stream.h:21]   --->   Operation 173 'partselect' 'tmp_s' <Predicate = true> <Delay = 0.00>
ST_3 : Operation 174 [1/1] (0.00ns)   --->   "%sext_ln1118_9 = sext i11 %tmp_s to i26" [firmware/nnet_utils/nnet_mult.h:73->firmware/nnet_utils/nnet_dense_resource.h:56->firmware/nnet_utils/nnet_dense_resource.h:253->firmware/nnet_utils/nnet_dense_stream.h:21]   --->   Operation 174 'sext' 'sext_ln1118_9' <Predicate = true> <Delay = 0.00>
ST_3 : Operation 175 [1/1] (2.53ns) (root node of the DSP)   --->   "%mul_ln1118_9 = mul i26 %sext_ln1116_cast, %sext_ln1118_9" [firmware/nnet_utils/nnet_mult.h:73->firmware/nnet_utils/nnet_dense_resource.h:56->firmware/nnet_utils/nnet_dense_resource.h:253->firmware/nnet_utils/nnet_dense_stream.h:21]   --->   Operation 175 'mul' 'mul_ln1118_9' <Predicate = true> <Delay = 2.53> <Core = "DSP48">   --->   Core 88 'DSP48' <Latency = 0> <II = 1> <Delay = 2.53> <IPBlock> <Opcode : 'mul' 'add' 'sub' 'select'> <InPorts = 2> <OutPorts = 1> <Sync> <CReg>
ST_3 : Operation 176 [1/1] (0.00ns)   --->   "%trunc_ln708_9 = call i16 @_ssdm_op_PartSelect.i16.i26.i32.i32(i26 %mul_ln1118_9, i32 10, i32 25)" [firmware/nnet_utils/nnet_dense_resource.h:56->firmware/nnet_utils/nnet_dense_resource.h:253->firmware/nnet_utils/nnet_dense_stream.h:21]   --->   Operation 176 'partselect' 'trunc_ln708_9' <Predicate = true> <Delay = 0.00>
ST_3 : Operation 177 [1/1] (0.78ns)   --->   "%acc_9_V = add i16 %trunc_ln708_9, %res_9_V_write_assign23" [firmware/nnet_utils/nnet_dense_resource.h:56->firmware/nnet_utils/nnet_dense_resource.h:253->firmware/nnet_utils/nnet_dense_stream.h:21]   --->   Operation 177 'add' 'acc_9_V' <Predicate = true> <Delay = 0.78> <Core = "AddSub">   --->   Core 14 'AddSub' <Latency = 0> <II = 1> <Delay = 0.70> <FuncUnit> <Opcode : 'add' 'sub'> <InPorts = 2> <OutPorts = 1>
ST_3 : Operation 178 [1/1] (0.00ns)   --->   "%empty = call i32 (...)* @_ssdm_op_SpecRegionEnd([10 x i8]* @p_str25, i32 %tmp)" [firmware/nnet_utils/nnet_dense_resource.h:73->firmware/nnet_utils/nnet_dense_resource.h:253->firmware/nnet_utils/nnet_dense_stream.h:21]   --->   Operation 178 'specregionend' 'empty' <Predicate = true> <Delay = 0.00>
ST_3 : Operation 179 [1/1] (0.00ns)   --->   "%empty_55 = call i32 (...)* @_ssdm_op_SpecLoopTripCount(i64 32, i64 32, i64 32)"   --->   Operation 179 'speclooptripcount' 'empty_55' <Predicate = true> <Delay = 0.00>
ST_3 : Operation 180 [1/1] (0.00ns)   --->   "%mrv = insertvalue { i16, i16, i16, i16, i16, i16, i16, i16, i16, i16 } undef, i16 %acc_0_V, 0" [firmware/nnet_utils/nnet_dense_stream.h:23]   --->   Operation 180 'insertvalue' 'mrv' <Predicate = (icmp_ln43)> <Delay = 0.00>
ST_3 : Operation 181 [1/1] (0.00ns)   --->   "%mrv_1 = insertvalue { i16, i16, i16, i16, i16, i16, i16, i16, i16, i16 } %mrv, i16 %acc_1_V, 1" [firmware/nnet_utils/nnet_dense_stream.h:23]   --->   Operation 181 'insertvalue' 'mrv_1' <Predicate = (icmp_ln43)> <Delay = 0.00>
ST_3 : Operation 182 [1/1] (0.00ns)   --->   "%mrv_2 = insertvalue { i16, i16, i16, i16, i16, i16, i16, i16, i16, i16 } %mrv_1, i16 %acc_2_V, 2" [firmware/nnet_utils/nnet_dense_stream.h:23]   --->   Operation 182 'insertvalue' 'mrv_2' <Predicate = (icmp_ln43)> <Delay = 0.00>
ST_3 : Operation 183 [1/1] (0.00ns)   --->   "%mrv_3 = insertvalue { i16, i16, i16, i16, i16, i16, i16, i16, i16, i16 } %mrv_2, i16 %acc_3_V, 3" [firmware/nnet_utils/nnet_dense_stream.h:23]   --->   Operation 183 'insertvalue' 'mrv_3' <Predicate = (icmp_ln43)> <Delay = 0.00>
ST_3 : Operation 184 [1/1] (0.00ns)   --->   "%mrv_4 = insertvalue { i16, i16, i16, i16, i16, i16, i16, i16, i16, i16 } %mrv_3, i16 %acc_4_V, 4" [firmware/nnet_utils/nnet_dense_stream.h:23]   --->   Operation 184 'insertvalue' 'mrv_4' <Predicate = (icmp_ln43)> <Delay = 0.00>
ST_3 : Operation 185 [1/1] (0.00ns)   --->   "%mrv_5 = insertvalue { i16, i16, i16, i16, i16, i16, i16, i16, i16, i16 } %mrv_4, i16 %acc_5_V, 5" [firmware/nnet_utils/nnet_dense_stream.h:23]   --->   Operation 185 'insertvalue' 'mrv_5' <Predicate = (icmp_ln43)> <Delay = 0.00>
ST_3 : Operation 186 [1/1] (0.00ns)   --->   "%mrv_6 = insertvalue { i16, i16, i16, i16, i16, i16, i16, i16, i16, i16 } %mrv_5, i16 %acc_6_V, 6" [firmware/nnet_utils/nnet_dense_stream.h:23]   --->   Operation 186 'insertvalue' 'mrv_6' <Predicate = (icmp_ln43)> <Delay = 0.00>
ST_3 : Operation 187 [1/1] (0.00ns)   --->   "%mrv_7 = insertvalue { i16, i16, i16, i16, i16, i16, i16, i16, i16, i16 } %mrv_6, i16 %acc_7_V, 7" [firmware/nnet_utils/nnet_dense_stream.h:23]   --->   Operation 187 'insertvalue' 'mrv_7' <Predicate = (icmp_ln43)> <Delay = 0.00>
ST_3 : Operation 188 [1/1] (0.00ns)   --->   "%mrv_8 = insertvalue { i16, i16, i16, i16, i16, i16, i16, i16, i16, i16 } %mrv_7, i16 %acc_8_V, 8" [firmware/nnet_utils/nnet_dense_stream.h:23]   --->   Operation 188 'insertvalue' 'mrv_8' <Predicate = (icmp_ln43)> <Delay = 0.00>
ST_3 : Operation 189 [1/1] (0.00ns)   --->   "%mrv_9 = insertvalue { i16, i16, i16, i16, i16, i16, i16, i16, i16, i16 } %mrv_8, i16 %acc_9_V, 9" [firmware/nnet_utils/nnet_dense_stream.h:23]   --->   Operation 189 'insertvalue' 'mrv_9' <Predicate = (icmp_ln43)> <Delay = 0.00>
ST_3 : Operation 190 [1/1] (0.00ns)   --->   "call void (...)* @_ssdm_op_Return({ i16, i16, i16, i16, i16, i16, i16, i16, i16, i16 } %mrv_9)" [firmware/nnet_utils/nnet_dense_stream.h:23]   --->   Operation 190 'return' <Predicate = (icmp_ln43)> <Delay = 0.00>


============================================================
+ Verbose Summary: Timing violations
============================================================
Target clock period: 10ns, clock uncertainty: 1.25ns.

 <State 1>: 0.603ns
The critical path consists of the following:
	multiplexor before 'phi' operation ('do_init') [37]  (0.603 ns)

 <State 2>: 1.16ns
The critical path consists of the following:
	'phi' operation ('w_index') with incoming values : ('ir', firmware/nnet_utils/nnet_dense_resource.h:43->firmware/nnet_utils/nnet_dense_resource.h:253->firmware/nnet_utils/nnet_dense_stream.h:21) [70]  (0 ns)
	'getelementptr' operation ('w9_V_addr', firmware/nnet_utils/nnet_dense_resource.h:56->firmware/nnet_utils/nnet_dense_resource.h:253->firmware/nnet_utils/nnet_dense_stream.h:21) [154]  (0 ns)
	'load' operation ('w9_V_load', firmware/nnet_utils/nnet_dense_resource.h:56->firmware/nnet_utils/nnet_dense_resource.h:253->firmware/nnet_utils/nnet_dense_stream.h:21) on array 'w9_V' [155]  (1.16 ns)

 <State 3>: 4.57ns
The critical path consists of the following:
	'phi' operation ('data_0_V_read26_rewind', firmware/nnet_utils/nnet_dense_stream.h:13) with incoming values : ('data[0].V', firmware/nnet_utils/nnet_dense_stream.h:13) [38]  (0 ns)
	multiplexor before 'phi' operation ('data_0_V_read26_phi', firmware/nnet_utils/nnet_dense_stream.h:13) with incoming values : ('data[0].V', firmware/nnet_utils/nnet_dense_stream.h:13) [117]  (0.603 ns)
	'phi' operation ('data_0_V_read26_phi', firmware/nnet_utils/nnet_dense_stream.h:13) with incoming values : ('data[0].V', firmware/nnet_utils/nnet_dense_stream.h:13) [117]  (0 ns)
	'mux' operation ('tmp_9', firmware/nnet_utils/nnet_dense_resource.h:56->firmware/nnet_utils/nnet_dense_resource.h:253->firmware/nnet_utils/nnet_dense_stream.h:21) [152]  (0.654 ns)
	'mul' operation of DSP[159] ('mul_ln1118', firmware/nnet_utils/nnet_mult.h:73->firmware/nnet_utils/nnet_dense_resource.h:56->firmware/nnet_utils/nnet_dense_resource.h:253->firmware/nnet_utils/nnet_dense_stream.h:21) [159]  (2.53 ns)
	'add' operation ('acc[0].V', firmware/nnet_utils/nnet_dense_resource.h:56->firmware/nnet_utils/nnet_dense_resource.h:253->firmware/nnet_utils/nnet_dense_stream.h:21) [161]  (0.785 ns)
	'insertvalue' operation ('mrv', firmware/nnet_utils/nnet_dense_stream.h:23) [213]  (0 ns)


============================================================
+ Verbose Summary: Binding
============================================================
N/A
* FSMD analyzer results:
  - Output states:
 - Input state : 
  - Chain level:
	State 1
	State 2
	State 3


============================================================
+ Verbose Summary: Datapath Resource usage 
============================================================
N/A
