

================================================================
== Vivado HLS Report for 'myproject'
================================================================
* Date:           Fri Nov 17 19:30:55 2023

* Version:        2020.1 (Build 2897737 on Wed May 27 20:21:37 MDT 2020)
* Project:        myproject_prj
* Solution:       solution1
* Product family: virtexuplus
* Target device:  xcu50-fsvh2104-2-e


================================================================
== Performance Estimates
================================================================
+ Timing: 
    * Summary: 
    +--------+----------+----------+------------+
    |  Clock |  Target  | Estimated| Uncertainty|
    +--------+----------+----------+------------+
    |ap_clk  | 10.00 ns | 8.381 ns |   1.25 ns  |
    +--------+----------+----------+------------+

+ Latency: 
    * Summary: 
    +---------+---------+----------+----------+------+-------+----------+
    |  Latency (cycles) |  Latency (absolute) |   Interval   | Pipeline |
    |   min   |   max   |    min   |    max   |  min |  max  |   Type   |
    +---------+---------+----------+----------+------+-------+----------+
    |    33683|    33777| 0.337 ms | 0.338 ms |  4705|  33713| dataflow |
    +---------+---------+----------+----------+------+-------+----------+

    + Detail: 
        * Instance: 
        N/A

        * Loop: 
        N/A

============================================================
+ Verbose Summary: Synthesis Manager
============================================================
InlineROM: 1
ExposeGlobal: 0
============================================================
+ Verbose Summary: CDFG Model
============================================================
IsTopModel: 1
ResetActiveHigh: 1
IsCombinational: 2
IsDatapathOnly: 0
HasWiredReturn: 1
HasMFsm: 0
HasVarLatency: 1
IsPipeline: 0
IsRtlPipelined: 0
IsInstanceOverlapped: 0
IsDontTouch: 0
HasImplIP: 0
IsGatedGlobalClock: 0


============================================================
+ Verbose Summary: Schedule
============================================================
* Number of FSM states : 16
* Pipeline : 0
* Dataflow Pipeline: 1
  DF-Pipeline-0: Size = 16, States = { 1 2 3 4 5 6 7 8 9 10 11 12 13 14 15 16 }

* FSM state transitions: 
1 --> 2 
2 --> 3 
3 --> 4 
4 --> 5 
5 --> 6 
6 --> 7 
7 --> 8 
8 --> 9 
9 --> 10 
10 --> 11 
11 --> 12 
12 --> 13 
13 --> 14 
14 --> 15 
15 --> 16 
16 --> 

* FSM state operations: 

State 1 <SV = 0> <Delay = 0.00>
ST_1 : Operation 17 [1/1] (0.00ns)   --->   "%layer2_out_V_data_0_V = alloca i16, align 2" [firmware/myproject.cpp:35]   --->   Operation 17 'alloca' 'layer2_out_V_data_0_V' <Predicate = true> <Delay = 0.00> <Core = "FIFO">   --->   Core 32 'FIFO' <Latency = 0> <II = 1> <Delay = 1.45> <Storage> <Opcode : 'read' 'write' 'nbread' 'nbwrite'> <Ports = 0> <Width = 16> <Depth = 4> <FIFO>
ST_1 : Operation 18 [1/1] (0.00ns)   --->   "%layer2_out_V_data_1_V = alloca i16, align 2" [firmware/myproject.cpp:35]   --->   Operation 18 'alloca' 'layer2_out_V_data_1_V' <Predicate = true> <Delay = 0.00> <Core = "FIFO">   --->   Core 32 'FIFO' <Latency = 0> <II = 1> <Delay = 1.45> <Storage> <Opcode : 'read' 'write' 'nbread' 'nbwrite'> <Ports = 0> <Width = 16> <Depth = 4> <FIFO>
ST_1 : Operation 19 [1/1] (0.00ns)   --->   "%layer2_out_V_data_2_V = alloca i16, align 2" [firmware/myproject.cpp:35]   --->   Operation 19 'alloca' 'layer2_out_V_data_2_V' <Predicate = true> <Delay = 0.00> <Core = "FIFO">   --->   Core 32 'FIFO' <Latency = 0> <II = 1> <Delay = 1.45> <Storage> <Opcode : 'read' 'write' 'nbread' 'nbwrite'> <Ports = 0> <Width = 16> <Depth = 4> <FIFO>
ST_1 : Operation 20 [1/1] (0.00ns)   --->   "%layer2_out_V_data_3_V = alloca i16, align 2" [firmware/myproject.cpp:35]   --->   Operation 20 'alloca' 'layer2_out_V_data_3_V' <Predicate = true> <Delay = 0.00> <Core = "FIFO">   --->   Core 32 'FIFO' <Latency = 0> <II = 1> <Delay = 1.45> <Storage> <Opcode : 'read' 'write' 'nbread' 'nbwrite'> <Ports = 0> <Width = 16> <Depth = 4> <FIFO>
ST_1 : Operation 21 [1/1] (0.00ns)   --->   "%layer3_out_V_data_0_V = alloca i16, align 2" [firmware/myproject.cpp:39]   --->   Operation 21 'alloca' 'layer3_out_V_data_0_V' <Predicate = true> <Delay = 0.00> <Core = "FIFO">   --->   Core 32 'FIFO' <Latency = 0> <II = 1> <Delay = 1.45> <Storage> <Opcode : 'read' 'write' 'nbread' 'nbwrite'> <Ports = 0> <Width = 16> <Depth = 4> <FIFO>
ST_1 : Operation 22 [1/1] (0.00ns)   --->   "%layer3_out_V_data_1_V = alloca i16, align 2" [firmware/myproject.cpp:39]   --->   Operation 22 'alloca' 'layer3_out_V_data_1_V' <Predicate = true> <Delay = 0.00> <Core = "FIFO">   --->   Core 32 'FIFO' <Latency = 0> <II = 1> <Delay = 1.45> <Storage> <Opcode : 'read' 'write' 'nbread' 'nbwrite'> <Ports = 0> <Width = 16> <Depth = 4> <FIFO>
ST_1 : Operation 23 [1/1] (0.00ns)   --->   "%layer3_out_V_data_2_V = alloca i16, align 2" [firmware/myproject.cpp:39]   --->   Operation 23 'alloca' 'layer3_out_V_data_2_V' <Predicate = true> <Delay = 0.00> <Core = "FIFO">   --->   Core 32 'FIFO' <Latency = 0> <II = 1> <Delay = 1.45> <Storage> <Opcode : 'read' 'write' 'nbread' 'nbwrite'> <Ports = 0> <Width = 16> <Depth = 4> <FIFO>
ST_1 : Operation 24 [1/1] (0.00ns)   --->   "%layer3_out_V_data_3_V = alloca i16, align 2" [firmware/myproject.cpp:39]   --->   Operation 24 'alloca' 'layer3_out_V_data_3_V' <Predicate = true> <Delay = 0.00> <Core = "FIFO">   --->   Core 32 'FIFO' <Latency = 0> <II = 1> <Delay = 1.45> <Storage> <Opcode : 'read' 'write' 'nbread' 'nbwrite'> <Ports = 0> <Width = 16> <Depth = 4> <FIFO>
ST_1 : Operation 25 [1/1] (0.00ns)   --->   "%layer4_out_V_data_0_V = alloca i16, align 2" [firmware/myproject.cpp:43]   --->   Operation 25 'alloca' 'layer4_out_V_data_0_V' <Predicate = true> <Delay = 0.00> <Core = "FIFO">   --->   Core 32 'FIFO' <Latency = 0> <II = 1> <Delay = 1.45> <Storage> <Opcode : 'read' 'write' 'nbread' 'nbwrite'> <Ports = 0> <Width = 16> <Depth = 4> <FIFO>
ST_1 : Operation 26 [1/1] (0.00ns)   --->   "%layer4_out_V_data_1_V = alloca i16, align 2" [firmware/myproject.cpp:43]   --->   Operation 26 'alloca' 'layer4_out_V_data_1_V' <Predicate = true> <Delay = 0.00> <Core = "FIFO">   --->   Core 32 'FIFO' <Latency = 0> <II = 1> <Delay = 1.45> <Storage> <Opcode : 'read' 'write' 'nbread' 'nbwrite'> <Ports = 0> <Width = 16> <Depth = 4> <FIFO>
ST_1 : Operation 27 [1/1] (0.00ns)   --->   "%layer4_out_V_data_2_V = alloca i16, align 2" [firmware/myproject.cpp:43]   --->   Operation 27 'alloca' 'layer4_out_V_data_2_V' <Predicate = true> <Delay = 0.00> <Core = "FIFO">   --->   Core 32 'FIFO' <Latency = 0> <II = 1> <Delay = 1.45> <Storage> <Opcode : 'read' 'write' 'nbread' 'nbwrite'> <Ports = 0> <Width = 16> <Depth = 4> <FIFO>
ST_1 : Operation 28 [1/1] (0.00ns)   --->   "%layer4_out_V_data_3_V = alloca i16, align 2" [firmware/myproject.cpp:43]   --->   Operation 28 'alloca' 'layer4_out_V_data_3_V' <Predicate = true> <Delay = 0.00> <Core = "FIFO">   --->   Core 32 'FIFO' <Latency = 0> <II = 1> <Delay = 1.45> <Storage> <Opcode : 'read' 'write' 'nbread' 'nbwrite'> <Ports = 0> <Width = 16> <Depth = 4> <FIFO>
ST_1 : Operation 29 [1/1] (0.00ns)   --->   "%layer5_out_V_data_0_V = alloca i16, align 2" [firmware/myproject.cpp:47]   --->   Operation 29 'alloca' 'layer5_out_V_data_0_V' <Predicate = true> <Delay = 0.00> <Core = "FIFO">   --->   Core 32 'FIFO' <Latency = 0> <II = 1> <Delay = 1.45> <Storage> <Opcode : 'read' 'write' 'nbread' 'nbwrite'> <Ports = 0> <Width = 16> <Depth = 4> <FIFO>
ST_1 : Operation 30 [1/1] (0.00ns)   --->   "%layer5_out_V_data_1_V = alloca i16, align 2" [firmware/myproject.cpp:47]   --->   Operation 30 'alloca' 'layer5_out_V_data_1_V' <Predicate = true> <Delay = 0.00> <Core = "FIFO">   --->   Core 32 'FIFO' <Latency = 0> <II = 1> <Delay = 1.45> <Storage> <Opcode : 'read' 'write' 'nbread' 'nbwrite'> <Ports = 0> <Width = 16> <Depth = 4> <FIFO>
ST_1 : Operation 31 [1/1] (0.00ns)   --->   "%layer5_out_V_data_2_V = alloca i16, align 2" [firmware/myproject.cpp:47]   --->   Operation 31 'alloca' 'layer5_out_V_data_2_V' <Predicate = true> <Delay = 0.00> <Core = "FIFO">   --->   Core 32 'FIFO' <Latency = 0> <II = 1> <Delay = 1.45> <Storage> <Opcode : 'read' 'write' 'nbread' 'nbwrite'> <Ports = 0> <Width = 16> <Depth = 4> <FIFO>
ST_1 : Operation 32 [1/1] (0.00ns)   --->   "%layer5_out_V_data_3_V = alloca i16, align 2" [firmware/myproject.cpp:47]   --->   Operation 32 'alloca' 'layer5_out_V_data_3_V' <Predicate = true> <Delay = 0.00> <Core = "FIFO">   --->   Core 32 'FIFO' <Latency = 0> <II = 1> <Delay = 1.45> <Storage> <Opcode : 'read' 'write' 'nbread' 'nbwrite'> <Ports = 0> <Width = 16> <Depth = 4> <FIFO>
ST_1 : Operation 33 [1/1] (0.00ns)   --->   "%layer5_out_V_data_4_V = alloca i16, align 2" [firmware/myproject.cpp:47]   --->   Operation 33 'alloca' 'layer5_out_V_data_4_V' <Predicate = true> <Delay = 0.00> <Core = "FIFO">   --->   Core 32 'FIFO' <Latency = 0> <II = 1> <Delay = 1.45> <Storage> <Opcode : 'read' 'write' 'nbread' 'nbwrite'> <Ports = 0> <Width = 16> <Depth = 4> <FIFO>
ST_1 : Operation 34 [1/1] (0.00ns)   --->   "%layer5_out_V_data_5_V = alloca i16, align 2" [firmware/myproject.cpp:47]   --->   Operation 34 'alloca' 'layer5_out_V_data_5_V' <Predicate = true> <Delay = 0.00> <Core = "FIFO">   --->   Core 32 'FIFO' <Latency = 0> <II = 1> <Delay = 1.45> <Storage> <Opcode : 'read' 'write' 'nbread' 'nbwrite'> <Ports = 0> <Width = 16> <Depth = 4> <FIFO>
ST_1 : Operation 35 [1/1] (0.00ns)   --->   "%layer5_out_V_data_6_V = alloca i16, align 2" [firmware/myproject.cpp:47]   --->   Operation 35 'alloca' 'layer5_out_V_data_6_V' <Predicate = true> <Delay = 0.00> <Core = "FIFO">   --->   Core 32 'FIFO' <Latency = 0> <II = 1> <Delay = 1.45> <Storage> <Opcode : 'read' 'write' 'nbread' 'nbwrite'> <Ports = 0> <Width = 16> <Depth = 4> <FIFO>
ST_1 : Operation 36 [1/1] (0.00ns)   --->   "%layer5_out_V_data_7_V = alloca i16, align 2" [firmware/myproject.cpp:47]   --->   Operation 36 'alloca' 'layer5_out_V_data_7_V' <Predicate = true> <Delay = 0.00> <Core = "FIFO">   --->   Core 32 'FIFO' <Latency = 0> <II = 1> <Delay = 1.45> <Storage> <Opcode : 'read' 'write' 'nbread' 'nbwrite'> <Ports = 0> <Width = 16> <Depth = 4> <FIFO>
ST_1 : Operation 37 [1/1] (0.00ns)   --->   "%layer6_out_V_data_0_V = alloca i16, align 2" [firmware/myproject.cpp:51]   --->   Operation 37 'alloca' 'layer6_out_V_data_0_V' <Predicate = true> <Delay = 0.00> <Core = "FIFO">   --->   Core 32 'FIFO' <Latency = 0> <II = 1> <Delay = 1.45> <Storage> <Opcode : 'read' 'write' 'nbread' 'nbwrite'> <Ports = 0> <Width = 16> <Depth = 4> <FIFO>
ST_1 : Operation 38 [1/1] (0.00ns)   --->   "%layer6_out_V_data_1_V = alloca i16, align 2" [firmware/myproject.cpp:51]   --->   Operation 38 'alloca' 'layer6_out_V_data_1_V' <Predicate = true> <Delay = 0.00> <Core = "FIFO">   --->   Core 32 'FIFO' <Latency = 0> <II = 1> <Delay = 1.45> <Storage> <Opcode : 'read' 'write' 'nbread' 'nbwrite'> <Ports = 0> <Width = 16> <Depth = 4> <FIFO>
ST_1 : Operation 39 [1/1] (0.00ns)   --->   "%layer6_out_V_data_2_V = alloca i16, align 2" [firmware/myproject.cpp:51]   --->   Operation 39 'alloca' 'layer6_out_V_data_2_V' <Predicate = true> <Delay = 0.00> <Core = "FIFO">   --->   Core 32 'FIFO' <Latency = 0> <II = 1> <Delay = 1.45> <Storage> <Opcode : 'read' 'write' 'nbread' 'nbwrite'> <Ports = 0> <Width = 16> <Depth = 4> <FIFO>
ST_1 : Operation 40 [1/1] (0.00ns)   --->   "%layer6_out_V_data_3_V = alloca i16, align 2" [firmware/myproject.cpp:51]   --->   Operation 40 'alloca' 'layer6_out_V_data_3_V' <Predicate = true> <Delay = 0.00> <Core = "FIFO">   --->   Core 32 'FIFO' <Latency = 0> <II = 1> <Delay = 1.45> <Storage> <Opcode : 'read' 'write' 'nbread' 'nbwrite'> <Ports = 0> <Width = 16> <Depth = 4> <FIFO>
ST_1 : Operation 41 [1/1] (0.00ns)   --->   "%layer6_out_V_data_4_V = alloca i16, align 2" [firmware/myproject.cpp:51]   --->   Operation 41 'alloca' 'layer6_out_V_data_4_V' <Predicate = true> <Delay = 0.00> <Core = "FIFO">   --->   Core 32 'FIFO' <Latency = 0> <II = 1> <Delay = 1.45> <Storage> <Opcode : 'read' 'write' 'nbread' 'nbwrite'> <Ports = 0> <Width = 16> <Depth = 4> <FIFO>
ST_1 : Operation 42 [1/1] (0.00ns)   --->   "%layer6_out_V_data_5_V = alloca i16, align 2" [firmware/myproject.cpp:51]   --->   Operation 42 'alloca' 'layer6_out_V_data_5_V' <Predicate = true> <Delay = 0.00> <Core = "FIFO">   --->   Core 32 'FIFO' <Latency = 0> <II = 1> <Delay = 1.45> <Storage> <Opcode : 'read' 'write' 'nbread' 'nbwrite'> <Ports = 0> <Width = 16> <Depth = 4> <FIFO>
ST_1 : Operation 43 [1/1] (0.00ns)   --->   "%layer6_out_V_data_6_V = alloca i16, align 2" [firmware/myproject.cpp:51]   --->   Operation 43 'alloca' 'layer6_out_V_data_6_V' <Predicate = true> <Delay = 0.00> <Core = "FIFO">   --->   Core 32 'FIFO' <Latency = 0> <II = 1> <Delay = 1.45> <Storage> <Opcode : 'read' 'write' 'nbread' 'nbwrite'> <Ports = 0> <Width = 16> <Depth = 4> <FIFO>
ST_1 : Operation 44 [1/1] (0.00ns)   --->   "%layer6_out_V_data_7_V = alloca i16, align 2" [firmware/myproject.cpp:51]   --->   Operation 44 'alloca' 'layer6_out_V_data_7_V' <Predicate = true> <Delay = 0.00> <Core = "FIFO">   --->   Core 32 'FIFO' <Latency = 0> <II = 1> <Delay = 1.45> <Storage> <Opcode : 'read' 'write' 'nbread' 'nbwrite'> <Ports = 0> <Width = 16> <Depth = 4> <FIFO>
ST_1 : Operation 45 [1/1] (0.00ns)   --->   "%layer7_out_V_data_0_V = alloca i16, align 2" [firmware/myproject.cpp:55]   --->   Operation 45 'alloca' 'layer7_out_V_data_0_V' <Predicate = true> <Delay = 0.00> <Core = "FIFO">   --->   Core 32 'FIFO' <Latency = 0> <II = 1> <Delay = 1.45> <Storage> <Opcode : 'read' 'write' 'nbread' 'nbwrite'> <Ports = 0> <Width = 16> <Depth = 4> <FIFO>
ST_1 : Operation 46 [1/1] (0.00ns)   --->   "%layer7_out_V_data_1_V = alloca i16, align 2" [firmware/myproject.cpp:55]   --->   Operation 46 'alloca' 'layer7_out_V_data_1_V' <Predicate = true> <Delay = 0.00> <Core = "FIFO">   --->   Core 32 'FIFO' <Latency = 0> <II = 1> <Delay = 1.45> <Storage> <Opcode : 'read' 'write' 'nbread' 'nbwrite'> <Ports = 0> <Width = 16> <Depth = 4> <FIFO>
ST_1 : Operation 47 [1/1] (0.00ns)   --->   "%layer7_out_V_data_2_V = alloca i16, align 2" [firmware/myproject.cpp:55]   --->   Operation 47 'alloca' 'layer7_out_V_data_2_V' <Predicate = true> <Delay = 0.00> <Core = "FIFO">   --->   Core 32 'FIFO' <Latency = 0> <II = 1> <Delay = 1.45> <Storage> <Opcode : 'read' 'write' 'nbread' 'nbwrite'> <Ports = 0> <Width = 16> <Depth = 4> <FIFO>
ST_1 : Operation 48 [1/1] (0.00ns)   --->   "%layer7_out_V_data_3_V = alloca i16, align 2" [firmware/myproject.cpp:55]   --->   Operation 48 'alloca' 'layer7_out_V_data_3_V' <Predicate = true> <Delay = 0.00> <Core = "FIFO">   --->   Core 32 'FIFO' <Latency = 0> <II = 1> <Delay = 1.45> <Storage> <Opcode : 'read' 'write' 'nbread' 'nbwrite'> <Ports = 0> <Width = 16> <Depth = 4> <FIFO>
ST_1 : Operation 49 [1/1] (0.00ns)   --->   "%layer7_out_V_data_4_V = alloca i16, align 2" [firmware/myproject.cpp:55]   --->   Operation 49 'alloca' 'layer7_out_V_data_4_V' <Predicate = true> <Delay = 0.00> <Core = "FIFO">   --->   Core 32 'FIFO' <Latency = 0> <II = 1> <Delay = 1.45> <Storage> <Opcode : 'read' 'write' 'nbread' 'nbwrite'> <Ports = 0> <Width = 16> <Depth = 4> <FIFO>
ST_1 : Operation 50 [1/1] (0.00ns)   --->   "%layer7_out_V_data_5_V = alloca i16, align 2" [firmware/myproject.cpp:55]   --->   Operation 50 'alloca' 'layer7_out_V_data_5_V' <Predicate = true> <Delay = 0.00> <Core = "FIFO">   --->   Core 32 'FIFO' <Latency = 0> <II = 1> <Delay = 1.45> <Storage> <Opcode : 'read' 'write' 'nbread' 'nbwrite'> <Ports = 0> <Width = 16> <Depth = 4> <FIFO>
ST_1 : Operation 51 [1/1] (0.00ns)   --->   "%layer7_out_V_data_6_V = alloca i16, align 2" [firmware/myproject.cpp:55]   --->   Operation 51 'alloca' 'layer7_out_V_data_6_V' <Predicate = true> <Delay = 0.00> <Core = "FIFO">   --->   Core 32 'FIFO' <Latency = 0> <II = 1> <Delay = 1.45> <Storage> <Opcode : 'read' 'write' 'nbread' 'nbwrite'> <Ports = 0> <Width = 16> <Depth = 4> <FIFO>
ST_1 : Operation 52 [1/1] (0.00ns)   --->   "%layer7_out_V_data_7_V = alloca i16, align 2" [firmware/myproject.cpp:55]   --->   Operation 52 'alloca' 'layer7_out_V_data_7_V' <Predicate = true> <Delay = 0.00> <Core = "FIFO">   --->   Core 32 'FIFO' <Latency = 0> <II = 1> <Delay = 1.45> <Storage> <Opcode : 'read' 'write' 'nbread' 'nbwrite'> <Ports = 0> <Width = 16> <Depth = 4> <FIFO>

State 2 <SV = 1> <Delay = 0.00>
ST_2 : Operation 53 [2/2] (0.00ns)   --->   "call fastcc void @"conv_2d_cl<array<ap_fixed,1u>,array<ap_fixed<16,6,5,3,0>,4u>,config2>"(i16* %conv2d_input_V_data_0_V, i16* %layer2_out_V_data_0_V, i16* %layer2_out_V_data_1_V, i16* %layer2_out_V_data_2_V, i16* %layer2_out_V_data_3_V)" [firmware/myproject.cpp:37]   --->   Operation 53 'call' <Predicate = true> <Delay = 0.00> <CoreType = "Generic">   --->   Core 0 '' <Latency = 0> <II = 1> <Delay = 1.00> <Generic> <Opcode : >

State 3 <SV = 2> <Delay = 0.00>
ST_3 : Operation 54 [1/2] (0.00ns)   --->   "call fastcc void @"conv_2d_cl<array<ap_fixed,1u>,array<ap_fixed<16,6,5,3,0>,4u>,config2>"(i16* %conv2d_input_V_data_0_V, i16* %layer2_out_V_data_0_V, i16* %layer2_out_V_data_1_V, i16* %layer2_out_V_data_2_V, i16* %layer2_out_V_data_3_V)" [firmware/myproject.cpp:37]   --->   Operation 54 'call' <Predicate = true> <Delay = 0.00> <CoreType = "Generic">   --->   Core 0 '' <Latency = 0> <II = 1> <Delay = 1.00> <Generic> <Opcode : >

State 4 <SV = 3> <Delay = 0.00>
ST_4 : Operation 55 [2/2] (0.00ns)   --->   "call fastcc void @"relu<array<ap_fixed,4u>,array<ap_fixed<16,6,5,3,0>,4u>,relu_config3>"(i16* %layer2_out_V_data_0_V, i16* %layer2_out_V_data_1_V, i16* %layer2_out_V_data_2_V, i16* %layer2_out_V_data_3_V, i16* %layer3_out_V_data_0_V, i16* %layer3_out_V_data_1_V, i16* %layer3_out_V_data_2_V, i16* %layer3_out_V_data_3_V)" [firmware/myproject.cpp:41]   --->   Operation 55 'call' <Predicate = true> <Delay = 0.00> <CoreType = "Generic">   --->   Core 0 '' <Latency = 0> <II = 1> <Delay = 1.00> <Generic> <Opcode : >

State 5 <SV = 4> <Delay = 0.00>
ST_5 : Operation 56 [1/2] (0.00ns)   --->   "call fastcc void @"relu<array<ap_fixed,4u>,array<ap_fixed<16,6,5,3,0>,4u>,relu_config3>"(i16* %layer2_out_V_data_0_V, i16* %layer2_out_V_data_1_V, i16* %layer2_out_V_data_2_V, i16* %layer2_out_V_data_3_V, i16* %layer3_out_V_data_0_V, i16* %layer3_out_V_data_1_V, i16* %layer3_out_V_data_2_V, i16* %layer3_out_V_data_3_V)" [firmware/myproject.cpp:41]   --->   Operation 56 'call' <Predicate = true> <Delay = 0.00> <CoreType = "Generic">   --->   Core 0 '' <Latency = 0> <II = 1> <Delay = 1.00> <Generic> <Opcode : >

State 6 <SV = 5> <Delay = 0.00>
ST_6 : Operation 57 [2/2] (0.00ns)   --->   "call fastcc void @"pooling2d_cl<array<ap_fixed,4u>,array<ap_fixed<16,6,5,3,0>,4u>,config4>"(i16* %layer3_out_V_data_0_V, i16* %layer3_out_V_data_1_V, i16* %layer3_out_V_data_2_V, i16* %layer3_out_V_data_3_V, i16* %layer4_out_V_data_0_V, i16* %layer4_out_V_data_1_V, i16* %layer4_out_V_data_2_V, i16* %layer4_out_V_data_3_V)" [firmware/myproject.cpp:45]   --->   Operation 57 'call' <Predicate = true> <Delay = 0.00> <CoreType = "Generic">   --->   Core 0 '' <Latency = 0> <II = 1> <Delay = 1.00> <Generic> <Opcode : >

State 7 <SV = 6> <Delay = 0.00>
ST_7 : Operation 58 [1/2] (0.00ns)   --->   "call fastcc void @"pooling2d_cl<array<ap_fixed,4u>,array<ap_fixed<16,6,5,3,0>,4u>,config4>"(i16* %layer3_out_V_data_0_V, i16* %layer3_out_V_data_1_V, i16* %layer3_out_V_data_2_V, i16* %layer3_out_V_data_3_V, i16* %layer4_out_V_data_0_V, i16* %layer4_out_V_data_1_V, i16* %layer4_out_V_data_2_V, i16* %layer4_out_V_data_3_V)" [firmware/myproject.cpp:45]   --->   Operation 58 'call' <Predicate = true> <Delay = 0.00> <CoreType = "Generic">   --->   Core 0 '' <Latency = 0> <II = 1> <Delay = 1.00> <Generic> <Opcode : >

State 8 <SV = 7> <Delay = 0.00>
ST_8 : Operation 59 [2/2] (0.00ns)   --->   "call fastcc void @"conv_2d_cl<array<ap_fixed,4u>,array<ap_fixed<16,6,5,3,0>,8u>,config5>"(i16* %layer4_out_V_data_0_V, i16* %layer4_out_V_data_1_V, i16* %layer4_out_V_data_2_V, i16* %layer4_out_V_data_3_V, i16* %layer5_out_V_data_0_V, i16* %layer5_out_V_data_1_V, i16* %layer5_out_V_data_2_V, i16* %layer5_out_V_data_3_V, i16* %layer5_out_V_data_4_V, i16* %layer5_out_V_data_5_V, i16* %layer5_out_V_data_6_V, i16* %layer5_out_V_data_7_V)" [firmware/myproject.cpp:49]   --->   Operation 59 'call' <Predicate = true> <Delay = 0.00> <CoreType = "Generic">   --->   Core 0 '' <Latency = 0> <II = 1> <Delay = 1.00> <Generic> <Opcode : >

State 9 <SV = 8> <Delay = 0.00>
ST_9 : Operation 60 [1/2] (0.00ns)   --->   "call fastcc void @"conv_2d_cl<array<ap_fixed,4u>,array<ap_fixed<16,6,5,3,0>,8u>,config5>"(i16* %layer4_out_V_data_0_V, i16* %layer4_out_V_data_1_V, i16* %layer4_out_V_data_2_V, i16* %layer4_out_V_data_3_V, i16* %layer5_out_V_data_0_V, i16* %layer5_out_V_data_1_V, i16* %layer5_out_V_data_2_V, i16* %layer5_out_V_data_3_V, i16* %layer5_out_V_data_4_V, i16* %layer5_out_V_data_5_V, i16* %layer5_out_V_data_6_V, i16* %layer5_out_V_data_7_V)" [firmware/myproject.cpp:49]   --->   Operation 60 'call' <Predicate = true> <Delay = 0.00> <CoreType = "Generic">   --->   Core 0 '' <Latency = 0> <II = 1> <Delay = 1.00> <Generic> <Opcode : >

State 10 <SV = 9> <Delay = 0.00>
ST_10 : Operation 61 [2/2] (0.00ns)   --->   "call fastcc void @"relu<array<ap_fixed,8u>,array<ap_fixed<16,6,5,3,0>,8u>,relu_config6>"(i16* %layer5_out_V_data_0_V, i16* %layer5_out_V_data_1_V, i16* %layer5_out_V_data_2_V, i16* %layer5_out_V_data_3_V, i16* %layer5_out_V_data_4_V, i16* %layer5_out_V_data_5_V, i16* %layer5_out_V_data_6_V, i16* %layer5_out_V_data_7_V, i16* %layer6_out_V_data_0_V, i16* %layer6_out_V_data_1_V, i16* %layer6_out_V_data_2_V, i16* %layer6_out_V_data_3_V, i16* %layer6_out_V_data_4_V, i16* %layer6_out_V_data_5_V, i16* %layer6_out_V_data_6_V, i16* %layer6_out_V_data_7_V)" [firmware/myproject.cpp:53]   --->   Operation 61 'call' <Predicate = true> <Delay = 0.00> <CoreType = "Generic">   --->   Core 0 '' <Latency = 0> <II = 1> <Delay = 1.00> <Generic> <Opcode : >

State 11 <SV = 10> <Delay = 0.00>
ST_11 : Operation 62 [1/2] (0.00ns)   --->   "call fastcc void @"relu<array<ap_fixed,8u>,array<ap_fixed<16,6,5,3,0>,8u>,relu_config6>"(i16* %layer5_out_V_data_0_V, i16* %layer5_out_V_data_1_V, i16* %layer5_out_V_data_2_V, i16* %layer5_out_V_data_3_V, i16* %layer5_out_V_data_4_V, i16* %layer5_out_V_data_5_V, i16* %layer5_out_V_data_6_V, i16* %layer5_out_V_data_7_V, i16* %layer6_out_V_data_0_V, i16* %layer6_out_V_data_1_V, i16* %layer6_out_V_data_2_V, i16* %layer6_out_V_data_3_V, i16* %layer6_out_V_data_4_V, i16* %layer6_out_V_data_5_V, i16* %layer6_out_V_data_6_V, i16* %layer6_out_V_data_7_V)" [firmware/myproject.cpp:53]   --->   Operation 62 'call' <Predicate = true> <Delay = 0.00> <CoreType = "Generic">   --->   Core 0 '' <Latency = 0> <II = 1> <Delay = 1.00> <Generic> <Opcode : >

State 12 <SV = 11> <Delay = 0.00>
ST_12 : Operation 63 [2/2] (0.00ns)   --->   "call fastcc void @"pooling2d_cl<array<ap_fixed,8u>,array<ap_fixed<16,6,5,3,0>,8u>,config7>"(i16* %layer6_out_V_data_0_V, i16* %layer6_out_V_data_1_V, i16* %layer6_out_V_data_2_V, i16* %layer6_out_V_data_3_V, i16* %layer6_out_V_data_4_V, i16* %layer6_out_V_data_5_V, i16* %layer6_out_V_data_6_V, i16* %layer6_out_V_data_7_V, i16* %layer7_out_V_data_0_V, i16* %layer7_out_V_data_1_V, i16* %layer7_out_V_data_2_V, i16* %layer7_out_V_data_3_V, i16* %layer7_out_V_data_4_V, i16* %layer7_out_V_data_5_V, i16* %layer7_out_V_data_6_V, i16* %layer7_out_V_data_7_V)" [firmware/myproject.cpp:57]   --->   Operation 63 'call' <Predicate = true> <Delay = 0.00> <CoreType = "Generic">   --->   Core 0 '' <Latency = 0> <II = 1> <Delay = 1.00> <Generic> <Opcode : >

State 13 <SV = 12> <Delay = 0.00>
ST_13 : Operation 64 [1/2] (0.00ns)   --->   "call fastcc void @"pooling2d_cl<array<ap_fixed,8u>,array<ap_fixed<16,6,5,3,0>,8u>,config7>"(i16* %layer6_out_V_data_0_V, i16* %layer6_out_V_data_1_V, i16* %layer6_out_V_data_2_V, i16* %layer6_out_V_data_3_V, i16* %layer6_out_V_data_4_V, i16* %layer6_out_V_data_5_V, i16* %layer6_out_V_data_6_V, i16* %layer6_out_V_data_7_V, i16* %layer7_out_V_data_0_V, i16* %layer7_out_V_data_1_V, i16* %layer7_out_V_data_2_V, i16* %layer7_out_V_data_3_V, i16* %layer7_out_V_data_4_V, i16* %layer7_out_V_data_5_V, i16* %layer7_out_V_data_6_V, i16* %layer7_out_V_data_7_V)" [firmware/myproject.cpp:57]   --->   Operation 64 'call' <Predicate = true> <Delay = 0.00> <CoreType = "Generic">   --->   Core 0 '' <Latency = 0> <II = 1> <Delay = 1.00> <Generic> <Opcode : >

State 14 <SV = 13> <Delay = 0.00>
ST_14 : Operation 65 [2/2] (0.00ns)   --->   "call fastcc void @"dense<array<ap_fixed,8u>,array<ap_fixed<16,6,5,3,0>,10u>,config9>"(i16* %layer7_out_V_data_0_V, i16* %layer7_out_V_data_1_V, i16* %layer7_out_V_data_2_V, i16* %layer7_out_V_data_3_V, i16* %layer7_out_V_data_4_V, i16* %layer7_out_V_data_5_V, i16* %layer7_out_V_data_6_V, i16* %layer7_out_V_data_7_V, i16* %layer9_out_V_data_0_V, i16* %layer9_out_V_data_1_V, i16* %layer9_out_V_data_2_V, i16* %layer9_out_V_data_3_V, i16* %layer9_out_V_data_4_V, i16* %layer9_out_V_data_5_V, i16* %layer9_out_V_data_6_V, i16* %layer9_out_V_data_7_V, i16* %layer9_out_V_data_8_V, i16* %layer9_out_V_data_9_V)" [firmware/myproject.cpp:60]   --->   Operation 65 'call' <Predicate = true> <Delay = 0.00> <CoreType = "Generic">   --->   Core 0 '' <Latency = 0> <II = 1> <Delay = 1.00> <Generic> <Opcode : >

State 15 <SV = 14> <Delay = 0.00>
ST_15 : Operation 66 [1/2] (0.00ns)   --->   "call fastcc void @"dense<array<ap_fixed,8u>,array<ap_fixed<16,6,5,3,0>,10u>,config9>"(i16* %layer7_out_V_data_0_V, i16* %layer7_out_V_data_1_V, i16* %layer7_out_V_data_2_V, i16* %layer7_out_V_data_3_V, i16* %layer7_out_V_data_4_V, i16* %layer7_out_V_data_5_V, i16* %layer7_out_V_data_6_V, i16* %layer7_out_V_data_7_V, i16* %layer9_out_V_data_0_V, i16* %layer9_out_V_data_1_V, i16* %layer9_out_V_data_2_V, i16* %layer9_out_V_data_3_V, i16* %layer9_out_V_data_4_V, i16* %layer9_out_V_data_5_V, i16* %layer9_out_V_data_6_V, i16* %layer9_out_V_data_7_V, i16* %layer9_out_V_data_8_V, i16* %layer9_out_V_data_9_V)" [firmware/myproject.cpp:60]   --->   Operation 66 'call' <Predicate = true> <Delay = 0.00> <CoreType = "Generic">   --->   Core 0 '' <Latency = 0> <II = 1> <Delay = 1.00> <Generic> <Opcode : >

State 16 <SV = 15> <Delay = 0.00>
ST_16 : Operation 67 [1/1] (0.00ns)   --->   "call void (...)* @_ssdm_op_SpecDataflowPipeline(i32 -1, i32 0, [1 x i8]* @p_str10) nounwind" [firmware/myproject.cpp:13]   --->   Operation 67 'specdataflowpipeline' <Predicate = true> <Delay = 0.00>
ST_16 : Operation 68 [1/1] (0.00ns)   --->   "call void (...)* @_ssdm_op_SpecBitsMap(i16* %conv2d_input_V_data_0_V), !map !171"   --->   Operation 68 'specbitsmap' <Predicate = true> <Delay = 0.00>
ST_16 : Operation 69 [1/1] (0.00ns)   --->   "call void (...)* @_ssdm_op_SpecBitsMap(i16* %layer9_out_V_data_9_V), !map !177"   --->   Operation 69 'specbitsmap' <Predicate = true> <Delay = 0.00>
ST_16 : Operation 70 [1/1] (0.00ns)   --->   "call void (...)* @_ssdm_op_SpecBitsMap(i16* %layer9_out_V_data_8_V), !map !183"   --->   Operation 70 'specbitsmap' <Predicate = true> <Delay = 0.00>
ST_16 : Operation 71 [1/1] (0.00ns)   --->   "call void (...)* @_ssdm_op_SpecBitsMap(i16* %layer9_out_V_data_7_V), !map !189"   --->   Operation 71 'specbitsmap' <Predicate = true> <Delay = 0.00>
ST_16 : Operation 72 [1/1] (0.00ns)   --->   "call void (...)* @_ssdm_op_SpecBitsMap(i16* %layer9_out_V_data_6_V), !map !195"   --->   Operation 72 'specbitsmap' <Predicate = true> <Delay = 0.00>
ST_16 : Operation 73 [1/1] (0.00ns)   --->   "call void (...)* @_ssdm_op_SpecBitsMap(i16* %layer9_out_V_data_5_V), !map !201"   --->   Operation 73 'specbitsmap' <Predicate = true> <Delay = 0.00>
ST_16 : Operation 74 [1/1] (0.00ns)   --->   "call void (...)* @_ssdm_op_SpecBitsMap(i16* %layer9_out_V_data_4_V), !map !207"   --->   Operation 74 'specbitsmap' <Predicate = true> <Delay = 0.00>
ST_16 : Operation 75 [1/1] (0.00ns)   --->   "call void (...)* @_ssdm_op_SpecBitsMap(i16* %layer9_out_V_data_3_V), !map !213"   --->   Operation 75 'specbitsmap' <Predicate = true> <Delay = 0.00>
ST_16 : Operation 76 [1/1] (0.00ns)   --->   "call void (...)* @_ssdm_op_SpecBitsMap(i16* %layer9_out_V_data_2_V), !map !219"   --->   Operation 76 'specbitsmap' <Predicate = true> <Delay = 0.00>
ST_16 : Operation 77 [1/1] (0.00ns)   --->   "call void (...)* @_ssdm_op_SpecBitsMap(i16* %layer9_out_V_data_1_V), !map !225"   --->   Operation 77 'specbitsmap' <Predicate = true> <Delay = 0.00>
ST_16 : Operation 78 [1/1] (0.00ns)   --->   "call void (...)* @_ssdm_op_SpecBitsMap(i16* %layer9_out_V_data_0_V), !map !231"   --->   Operation 78 'specbitsmap' <Predicate = true> <Delay = 0.00>
ST_16 : Operation 79 [1/1] (0.00ns)   --->   "call void (...)* @_ssdm_op_SpecTopModule([10 x i8]* @myproject_str) nounwind"   --->   Operation 79 'spectopmodule' <Predicate = true> <Delay = 0.00>
ST_16 : Operation 80 [1/1] (0.00ns)   --->   "%empty = call i32 (...)* @_ssdm_op_SpecChannel([23 x i8]* @layer2_out_OC_V_OC_data_LF_0_NF_OC_V_str, i32 1, [1 x i8]* @p_str163, [1 x i8]* @p_str163, i32 676, i32 676, i16* %layer2_out_V_data_0_V, i16* %layer2_out_V_data_0_V)"   --->   Operation 80 'specchannel' 'empty' <Predicate = true> <Delay = 0.00>
ST_16 : Operation 81 [1/1] (0.00ns)   --->   "call void (...)* @_ssdm_op_SpecInterface(i16* %layer2_out_V_data_0_V, [8 x i8]* @ap_fifo_str, i32 0, i32 0, [1 x i8]* @p_str164, i32 0, i32 0, [1 x i8]* @p_str165, [1 x i8]* @p_str166, [1 x i8]* @p_str167, i32 2, i32 2, i32 16, i32 16, [1 x i8]* @p_str168, [1 x i8]* @p_str169)"   --->   Operation 81 'specinterface' <Predicate = true> <Delay = 0.00>
ST_16 : Operation 82 [1/1] (0.00ns)   --->   "%empty_20 = call i32 (...)* @_ssdm_op_SpecChannel([23 x i8]* @layer2_out_OC_V_OC_data_LF_1_NF_OC_V_str, i32 1, [1 x i8]* @p_str170, [1 x i8]* @p_str170, i32 676, i32 676, i16* %layer2_out_V_data_1_V, i16* %layer2_out_V_data_1_V)"   --->   Operation 82 'specchannel' 'empty_20' <Predicate = true> <Delay = 0.00>
ST_16 : Operation 83 [1/1] (0.00ns)   --->   "call void (...)* @_ssdm_op_SpecInterface(i16* %layer2_out_V_data_1_V, [8 x i8]* @ap_fifo_str, i32 0, i32 0, [1 x i8]* @p_str171, i32 0, i32 0, [1 x i8]* @p_str172, [1 x i8]* @p_str173, [1 x i8]* @p_str174, i32 2, i32 2, i32 16, i32 16, [1 x i8]* @p_str175, [1 x i8]* @p_str176)"   --->   Operation 83 'specinterface' <Predicate = true> <Delay = 0.00>
ST_16 : Operation 84 [1/1] (0.00ns)   --->   "%empty_21 = call i32 (...)* @_ssdm_op_SpecChannel([23 x i8]* @layer2_out_OC_V_OC_data_LF_2_NF_OC_V_str, i32 1, [1 x i8]* @p_str177, [1 x i8]* @p_str177, i32 676, i32 676, i16* %layer2_out_V_data_2_V, i16* %layer2_out_V_data_2_V)"   --->   Operation 84 'specchannel' 'empty_21' <Predicate = true> <Delay = 0.00>
ST_16 : Operation 85 [1/1] (0.00ns)   --->   "call void (...)* @_ssdm_op_SpecInterface(i16* %layer2_out_V_data_2_V, [8 x i8]* @ap_fifo_str, i32 0, i32 0, [1 x i8]* @p_str178, i32 0, i32 0, [1 x i8]* @p_str179, [1 x i8]* @p_str180, [1 x i8]* @p_str181, i32 2, i32 2, i32 16, i32 16, [1 x i8]* @p_str182, [1 x i8]* @p_str183)"   --->   Operation 85 'specinterface' <Predicate = true> <Delay = 0.00>
ST_16 : Operation 86 [1/1] (0.00ns)   --->   "%empty_22 = call i32 (...)* @_ssdm_op_SpecChannel([23 x i8]* @layer2_out_OC_V_OC_data_LF_3_NF_OC_V_str, i32 1, [1 x i8]* @p_str184, [1 x i8]* @p_str184, i32 676, i32 676, i16* %layer2_out_V_data_3_V, i16* %layer2_out_V_data_3_V)"   --->   Operation 86 'specchannel' 'empty_22' <Predicate = true> <Delay = 0.00>
ST_16 : Operation 87 [1/1] (0.00ns)   --->   "call void (...)* @_ssdm_op_SpecInterface(i16* %layer2_out_V_data_3_V, [8 x i8]* @ap_fifo_str, i32 0, i32 0, [1 x i8]* @p_str185, i32 0, i32 0, [1 x i8]* @p_str186, [1 x i8]* @p_str187, [1 x i8]* @p_str188, i32 2, i32 2, i32 16, i32 16, [1 x i8]* @p_str189, [1 x i8]* @p_str190)"   --->   Operation 87 'specinterface' <Predicate = true> <Delay = 0.00>
ST_16 : Operation 88 [1/1] (0.00ns)   --->   "%empty_23 = call i32 (...)* @_ssdm_op_SpecChannel([23 x i8]* @layer3_out_OC_V_OC_data_LF_0_NF_OC_V_str, i32 1, [1 x i8]* @p_str191, [1 x i8]* @p_str191, i32 676, i32 676, i16* %layer3_out_V_data_0_V, i16* %layer3_out_V_data_0_V)"   --->   Operation 88 'specchannel' 'empty_23' <Predicate = true> <Delay = 0.00>
ST_16 : Operation 89 [1/1] (0.00ns)   --->   "call void (...)* @_ssdm_op_SpecInterface(i16* %layer3_out_V_data_0_V, [8 x i8]* @ap_fifo_str, i32 0, i32 0, [1 x i8]* @p_str192, i32 0, i32 0, [1 x i8]* @p_str193, [1 x i8]* @p_str194, [1 x i8]* @p_str195, i32 2, i32 2, i32 16, i32 16, [1 x i8]* @p_str196, [1 x i8]* @p_str197)"   --->   Operation 89 'specinterface' <Predicate = true> <Delay = 0.00>
ST_16 : Operation 90 [1/1] (0.00ns)   --->   "%empty_24 = call i32 (...)* @_ssdm_op_SpecChannel([23 x i8]* @layer3_out_OC_V_OC_data_LF_1_NF_OC_V_str, i32 1, [1 x i8]* @p_str198, [1 x i8]* @p_str198, i32 676, i32 676, i16* %layer3_out_V_data_1_V, i16* %layer3_out_V_data_1_V)"   --->   Operation 90 'specchannel' 'empty_24' <Predicate = true> <Delay = 0.00>
ST_16 : Operation 91 [1/1] (0.00ns)   --->   "call void (...)* @_ssdm_op_SpecInterface(i16* %layer3_out_V_data_1_V, [8 x i8]* @ap_fifo_str, i32 0, i32 0, [1 x i8]* @p_str199, i32 0, i32 0, [1 x i8]* @p_str200, [1 x i8]* @p_str201, [1 x i8]* @p_str202, i32 2, i32 2, i32 16, i32 16, [1 x i8]* @p_str203, [1 x i8]* @p_str204)"   --->   Operation 91 'specinterface' <Predicate = true> <Delay = 0.00>
ST_16 : Operation 92 [1/1] (0.00ns)   --->   "%empty_25 = call i32 (...)* @_ssdm_op_SpecChannel([23 x i8]* @layer3_out_OC_V_OC_data_LF_2_NF_OC_V_str, i32 1, [1 x i8]* @p_str205, [1 x i8]* @p_str205, i32 676, i32 676, i16* %layer3_out_V_data_2_V, i16* %layer3_out_V_data_2_V)"   --->   Operation 92 'specchannel' 'empty_25' <Predicate = true> <Delay = 0.00>
ST_16 : Operation 93 [1/1] (0.00ns)   --->   "call void (...)* @_ssdm_op_SpecInterface(i16* %layer3_out_V_data_2_V, [8 x i8]* @ap_fifo_str, i32 0, i32 0, [1 x i8]* @p_str206, i32 0, i32 0, [1 x i8]* @p_str207, [1 x i8]* @p_str208, [1 x i8]* @p_str209, i32 2, i32 2, i32 16, i32 16, [1 x i8]* @p_str210, [1 x i8]* @p_str211)"   --->   Operation 93 'specinterface' <Predicate = true> <Delay = 0.00>
ST_16 : Operation 94 [1/1] (0.00ns)   --->   "%empty_26 = call i32 (...)* @_ssdm_op_SpecChannel([23 x i8]* @layer3_out_OC_V_OC_data_LF_3_NF_OC_V_str, i32 1, [1 x i8]* @p_str212, [1 x i8]* @p_str212, i32 676, i32 676, i16* %layer3_out_V_data_3_V, i16* %layer3_out_V_data_3_V)"   --->   Operation 94 'specchannel' 'empty_26' <Predicate = true> <Delay = 0.00>
ST_16 : Operation 95 [1/1] (0.00ns)   --->   "call void (...)* @_ssdm_op_SpecInterface(i16* %layer3_out_V_data_3_V, [8 x i8]* @ap_fifo_str, i32 0, i32 0, [1 x i8]* @p_str213, i32 0, i32 0, [1 x i8]* @p_str214, [1 x i8]* @p_str215, [1 x i8]* @p_str216, i32 2, i32 2, i32 16, i32 16, [1 x i8]* @p_str217, [1 x i8]* @p_str218)"   --->   Operation 95 'specinterface' <Predicate = true> <Delay = 0.00>
ST_16 : Operation 96 [1/1] (0.00ns)   --->   "%empty_27 = call i32 (...)* @_ssdm_op_SpecChannel([23 x i8]* @layer4_out_OC_V_OC_data_LF_0_NF_OC_V_str, i32 1, [1 x i8]* @p_str219, [1 x i8]* @p_str219, i32 36, i32 36, i16* %layer4_out_V_data_0_V, i16* %layer4_out_V_data_0_V)"   --->   Operation 96 'specchannel' 'empty_27' <Predicate = true> <Delay = 0.00>
ST_16 : Operation 97 [1/1] (0.00ns)   --->   "call void (...)* @_ssdm_op_SpecInterface(i16* %layer4_out_V_data_0_V, [8 x i8]* @ap_fifo_str, i32 0, i32 0, [1 x i8]* @p_str220, i32 0, i32 0, [1 x i8]* @p_str221, [1 x i8]* @p_str222, [1 x i8]* @p_str223, i32 2, i32 2, i32 16, i32 16, [1 x i8]* @p_str224, [1 x i8]* @p_str225)"   --->   Operation 97 'specinterface' <Predicate = true> <Delay = 0.00>
ST_16 : Operation 98 [1/1] (0.00ns)   --->   "%empty_28 = call i32 (...)* @_ssdm_op_SpecChannel([23 x i8]* @layer4_out_OC_V_OC_data_LF_1_NF_OC_V_str, i32 1, [1 x i8]* @p_str226, [1 x i8]* @p_str226, i32 36, i32 36, i16* %layer4_out_V_data_1_V, i16* %layer4_out_V_data_1_V)"   --->   Operation 98 'specchannel' 'empty_28' <Predicate = true> <Delay = 0.00>
ST_16 : Operation 99 [1/1] (0.00ns)   --->   "call void (...)* @_ssdm_op_SpecInterface(i16* %layer4_out_V_data_1_V, [8 x i8]* @ap_fifo_str, i32 0, i32 0, [1 x i8]* @p_str227, i32 0, i32 0, [1 x i8]* @p_str228, [1 x i8]* @p_str229, [1 x i8]* @p_str230, i32 2, i32 2, i32 16, i32 16, [1 x i8]* @p_str231, [1 x i8]* @p_str232)"   --->   Operation 99 'specinterface' <Predicate = true> <Delay = 0.00>
ST_16 : Operation 100 [1/1] (0.00ns)   --->   "%empty_29 = call i32 (...)* @_ssdm_op_SpecChannel([23 x i8]* @layer4_out_OC_V_OC_data_LF_2_NF_OC_V_str, i32 1, [1 x i8]* @p_str233, [1 x i8]* @p_str233, i32 36, i32 36, i16* %layer4_out_V_data_2_V, i16* %layer4_out_V_data_2_V)"   --->   Operation 100 'specchannel' 'empty_29' <Predicate = true> <Delay = 0.00>
ST_16 : Operation 101 [1/1] (0.00ns)   --->   "call void (...)* @_ssdm_op_SpecInterface(i16* %layer4_out_V_data_2_V, [8 x i8]* @ap_fifo_str, i32 0, i32 0, [1 x i8]* @p_str234, i32 0, i32 0, [1 x i8]* @p_str235, [1 x i8]* @p_str236, [1 x i8]* @p_str237, i32 2, i32 2, i32 16, i32 16, [1 x i8]* @p_str238, [1 x i8]* @p_str239)"   --->   Operation 101 'specinterface' <Predicate = true> <Delay = 0.00>
ST_16 : Operation 102 [1/1] (0.00ns)   --->   "%empty_30 = call i32 (...)* @_ssdm_op_SpecChannel([23 x i8]* @layer4_out_OC_V_OC_data_LF_3_NF_OC_V_str, i32 1, [1 x i8]* @p_str240, [1 x i8]* @p_str240, i32 36, i32 36, i16* %layer4_out_V_data_3_V, i16* %layer4_out_V_data_3_V)"   --->   Operation 102 'specchannel' 'empty_30' <Predicate = true> <Delay = 0.00>
ST_16 : Operation 103 [1/1] (0.00ns)   --->   "call void (...)* @_ssdm_op_SpecInterface(i16* %layer4_out_V_data_3_V, [8 x i8]* @ap_fifo_str, i32 0, i32 0, [1 x i8]* @p_str241, i32 0, i32 0, [1 x i8]* @p_str242, [1 x i8]* @p_str243, [1 x i8]* @p_str244, i32 2, i32 2, i32 16, i32 16, [1 x i8]* @p_str245, [1 x i8]* @p_str246)"   --->   Operation 103 'specinterface' <Predicate = true> <Delay = 0.00>
ST_16 : Operation 104 [1/1] (0.00ns)   --->   "%empty_31 = call i32 (...)* @_ssdm_op_SpecChannel([23 x i8]* @layer5_out_OC_V_OC_data_LF_0_NF_OC_V_str, i32 1, [1 x i8]* @p_str247, [1 x i8]* @p_str247, i32 16, i32 16, i16* %layer5_out_V_data_0_V, i16* %layer5_out_V_data_0_V)"   --->   Operation 104 'specchannel' 'empty_31' <Predicate = true> <Delay = 0.00>
ST_16 : Operation 105 [1/1] (0.00ns)   --->   "call void (...)* @_ssdm_op_SpecInterface(i16* %layer5_out_V_data_0_V, [8 x i8]* @ap_fifo_str, i32 0, i32 0, [1 x i8]* @p_str248, i32 0, i32 0, [1 x i8]* @p_str249, [1 x i8]* @p_str250, [1 x i8]* @p_str251, i32 2, i32 2, i32 16, i32 16, [1 x i8]* @p_str252, [1 x i8]* @p_str253)"   --->   Operation 105 'specinterface' <Predicate = true> <Delay = 0.00>
ST_16 : Operation 106 [1/1] (0.00ns)   --->   "%empty_32 = call i32 (...)* @_ssdm_op_SpecChannel([23 x i8]* @layer5_out_OC_V_OC_data_LF_1_NF_OC_V_str, i32 1, [1 x i8]* @p_str254, [1 x i8]* @p_str254, i32 16, i32 16, i16* %layer5_out_V_data_1_V, i16* %layer5_out_V_data_1_V)"   --->   Operation 106 'specchannel' 'empty_32' <Predicate = true> <Delay = 0.00>
ST_16 : Operation 107 [1/1] (0.00ns)   --->   "call void (...)* @_ssdm_op_SpecInterface(i16* %layer5_out_V_data_1_V, [8 x i8]* @ap_fifo_str, i32 0, i32 0, [1 x i8]* @p_str255, i32 0, i32 0, [1 x i8]* @p_str256, [1 x i8]* @p_str257, [1 x i8]* @p_str258, i32 2, i32 2, i32 16, i32 16, [1 x i8]* @p_str259, [1 x i8]* @p_str260)"   --->   Operation 107 'specinterface' <Predicate = true> <Delay = 0.00>
ST_16 : Operation 108 [1/1] (0.00ns)   --->   "%empty_33 = call i32 (...)* @_ssdm_op_SpecChannel([23 x i8]* @layer5_out_OC_V_OC_data_LF_2_NF_OC_V_str, i32 1, [1 x i8]* @p_str261, [1 x i8]* @p_str261, i32 16, i32 16, i16* %layer5_out_V_data_2_V, i16* %layer5_out_V_data_2_V)"   --->   Operation 108 'specchannel' 'empty_33' <Predicate = true> <Delay = 0.00>
ST_16 : Operation 109 [1/1] (0.00ns)   --->   "call void (...)* @_ssdm_op_SpecInterface(i16* %layer5_out_V_data_2_V, [8 x i8]* @ap_fifo_str, i32 0, i32 0, [1 x i8]* @p_str262, i32 0, i32 0, [1 x i8]* @p_str263, [1 x i8]* @p_str264, [1 x i8]* @p_str265, i32 2, i32 2, i32 16, i32 16, [1 x i8]* @p_str266, [1 x i8]* @p_str267)"   --->   Operation 109 'specinterface' <Predicate = true> <Delay = 0.00>
ST_16 : Operation 110 [1/1] (0.00ns)   --->   "%empty_34 = call i32 (...)* @_ssdm_op_SpecChannel([23 x i8]* @layer5_out_OC_V_OC_data_LF_3_NF_OC_V_str, i32 1, [1 x i8]* @p_str268, [1 x i8]* @p_str268, i32 16, i32 16, i16* %layer5_out_V_data_3_V, i16* %layer5_out_V_data_3_V)"   --->   Operation 110 'specchannel' 'empty_34' <Predicate = true> <Delay = 0.00>
ST_16 : Operation 111 [1/1] (0.00ns)   --->   "call void (...)* @_ssdm_op_SpecInterface(i16* %layer5_out_V_data_3_V, [8 x i8]* @ap_fifo_str, i32 0, i32 0, [1 x i8]* @p_str269, i32 0, i32 0, [1 x i8]* @p_str270, [1 x i8]* @p_str271, [1 x i8]* @p_str272, i32 2, i32 2, i32 16, i32 16, [1 x i8]* @p_str273, [1 x i8]* @p_str274)"   --->   Operation 111 'specinterface' <Predicate = true> <Delay = 0.00>
ST_16 : Operation 112 [1/1] (0.00ns)   --->   "%empty_35 = call i32 (...)* @_ssdm_op_SpecChannel([23 x i8]* @layer5_out_OC_V_OC_data_LF_4_NF_OC_V_str, i32 1, [1 x i8]* @p_str275, [1 x i8]* @p_str275, i32 16, i32 16, i16* %layer5_out_V_data_4_V, i16* %layer5_out_V_data_4_V)"   --->   Operation 112 'specchannel' 'empty_35' <Predicate = true> <Delay = 0.00>
ST_16 : Operation 113 [1/1] (0.00ns)   --->   "call void (...)* @_ssdm_op_SpecInterface(i16* %layer5_out_V_data_4_V, [8 x i8]* @ap_fifo_str, i32 0, i32 0, [1 x i8]* @p_str276, i32 0, i32 0, [1 x i8]* @p_str277, [1 x i8]* @p_str278, [1 x i8]* @p_str279, i32 2, i32 2, i32 16, i32 16, [1 x i8]* @p_str280, [1 x i8]* @p_str281)"   --->   Operation 113 'specinterface' <Predicate = true> <Delay = 0.00>
ST_16 : Operation 114 [1/1] (0.00ns)   --->   "%empty_36 = call i32 (...)* @_ssdm_op_SpecChannel([23 x i8]* @layer5_out_OC_V_OC_data_LF_5_NF_OC_V_str, i32 1, [1 x i8]* @p_str282, [1 x i8]* @p_str282, i32 16, i32 16, i16* %layer5_out_V_data_5_V, i16* %layer5_out_V_data_5_V)"   --->   Operation 114 'specchannel' 'empty_36' <Predicate = true> <Delay = 0.00>
ST_16 : Operation 115 [1/1] (0.00ns)   --->   "call void (...)* @_ssdm_op_SpecInterface(i16* %layer5_out_V_data_5_V, [8 x i8]* @ap_fifo_str, i32 0, i32 0, [1 x i8]* @p_str283, i32 0, i32 0, [1 x i8]* @p_str284, [1 x i8]* @p_str285, [1 x i8]* @p_str286, i32 2, i32 2, i32 16, i32 16, [1 x i8]* @p_str287, [1 x i8]* @p_str288)"   --->   Operation 115 'specinterface' <Predicate = true> <Delay = 0.00>
ST_16 : Operation 116 [1/1] (0.00ns)   --->   "%empty_37 = call i32 (...)* @_ssdm_op_SpecChannel([23 x i8]* @layer5_out_OC_V_OC_data_LF_6_NF_OC_V_str, i32 1, [1 x i8]* @p_str289, [1 x i8]* @p_str289, i32 16, i32 16, i16* %layer5_out_V_data_6_V, i16* %layer5_out_V_data_6_V)"   --->   Operation 116 'specchannel' 'empty_37' <Predicate = true> <Delay = 0.00>
ST_16 : Operation 117 [1/1] (0.00ns)   --->   "call void (...)* @_ssdm_op_SpecInterface(i16* %layer5_out_V_data_6_V, [8 x i8]* @ap_fifo_str, i32 0, i32 0, [1 x i8]* @p_str290, i32 0, i32 0, [1 x i8]* @p_str291, [1 x i8]* @p_str292, [1 x i8]* @p_str293, i32 2, i32 2, i32 16, i32 16, [1 x i8]* @p_str294, [1 x i8]* @p_str295)"   --->   Operation 117 'specinterface' <Predicate = true> <Delay = 0.00>
ST_16 : Operation 118 [1/1] (0.00ns)   --->   "%empty_38 = call i32 (...)* @_ssdm_op_SpecChannel([23 x i8]* @layer5_out_OC_V_OC_data_LF_7_NF_OC_V_str, i32 1, [1 x i8]* @p_str296, [1 x i8]* @p_str296, i32 16, i32 16, i16* %layer5_out_V_data_7_V, i16* %layer5_out_V_data_7_V)"   --->   Operation 118 'specchannel' 'empty_38' <Predicate = true> <Delay = 0.00>
ST_16 : Operation 119 [1/1] (0.00ns)   --->   "call void (...)* @_ssdm_op_SpecInterface(i16* %layer5_out_V_data_7_V, [8 x i8]* @ap_fifo_str, i32 0, i32 0, [1 x i8]* @p_str297, i32 0, i32 0, [1 x i8]* @p_str298, [1 x i8]* @p_str299, [1 x i8]* @p_str300, i32 2, i32 2, i32 16, i32 16, [1 x i8]* @p_str301, [1 x i8]* @p_str302)"   --->   Operation 119 'specinterface' <Predicate = true> <Delay = 0.00>
ST_16 : Operation 120 [1/1] (0.00ns)   --->   "%empty_39 = call i32 (...)* @_ssdm_op_SpecChannel([23 x i8]* @layer6_out_OC_V_OC_data_LF_0_NF_OC_V_str, i32 1, [1 x i8]* @p_str303, [1 x i8]* @p_str303, i32 16, i32 16, i16* %layer6_out_V_data_0_V, i16* %layer6_out_V_data_0_V)"   --->   Operation 120 'specchannel' 'empty_39' <Predicate = true> <Delay = 0.00>
ST_16 : Operation 121 [1/1] (0.00ns)   --->   "call void (...)* @_ssdm_op_SpecInterface(i16* %layer6_out_V_data_0_V, [8 x i8]* @ap_fifo_str, i32 0, i32 0, [1 x i8]* @p_str304, i32 0, i32 0, [1 x i8]* @p_str305, [1 x i8]* @p_str306, [1 x i8]* @p_str307, i32 2, i32 2, i32 16, i32 16, [1 x i8]* @p_str308, [1 x i8]* @p_str309)"   --->   Operation 121 'specinterface' <Predicate = true> <Delay = 0.00>
ST_16 : Operation 122 [1/1] (0.00ns)   --->   "%empty_40 = call i32 (...)* @_ssdm_op_SpecChannel([23 x i8]* @layer6_out_OC_V_OC_data_LF_1_NF_OC_V_str, i32 1, [1 x i8]* @p_str310, [1 x i8]* @p_str310, i32 16, i32 16, i16* %layer6_out_V_data_1_V, i16* %layer6_out_V_data_1_V)"   --->   Operation 122 'specchannel' 'empty_40' <Predicate = true> <Delay = 0.00>
ST_16 : Operation 123 [1/1] (0.00ns)   --->   "call void (...)* @_ssdm_op_SpecInterface(i16* %layer6_out_V_data_1_V, [8 x i8]* @ap_fifo_str, i32 0, i32 0, [1 x i8]* @p_str311, i32 0, i32 0, [1 x i8]* @p_str312, [1 x i8]* @p_str313, [1 x i8]* @p_str314, i32 2, i32 2, i32 16, i32 16, [1 x i8]* @p_str315, [1 x i8]* @p_str316)"   --->   Operation 123 'specinterface' <Predicate = true> <Delay = 0.00>
ST_16 : Operation 124 [1/1] (0.00ns)   --->   "%empty_41 = call i32 (...)* @_ssdm_op_SpecChannel([23 x i8]* @layer6_out_OC_V_OC_data_LF_2_NF_OC_V_str, i32 1, [1 x i8]* @p_str317, [1 x i8]* @p_str317, i32 16, i32 16, i16* %layer6_out_V_data_2_V, i16* %layer6_out_V_data_2_V)"   --->   Operation 124 'specchannel' 'empty_41' <Predicate = true> <Delay = 0.00>
ST_16 : Operation 125 [1/1] (0.00ns)   --->   "call void (...)* @_ssdm_op_SpecInterface(i16* %layer6_out_V_data_2_V, [8 x i8]* @ap_fifo_str, i32 0, i32 0, [1 x i8]* @p_str318, i32 0, i32 0, [1 x i8]* @p_str319, [1 x i8]* @p_str320, [1 x i8]* @p_str321, i32 2, i32 2, i32 16, i32 16, [1 x i8]* @p_str322, [1 x i8]* @p_str323)"   --->   Operation 125 'specinterface' <Predicate = true> <Delay = 0.00>
ST_16 : Operation 126 [1/1] (0.00ns)   --->   "%empty_42 = call i32 (...)* @_ssdm_op_SpecChannel([23 x i8]* @layer6_out_OC_V_OC_data_LF_3_NF_OC_V_str, i32 1, [1 x i8]* @p_str324, [1 x i8]* @p_str324, i32 16, i32 16, i16* %layer6_out_V_data_3_V, i16* %layer6_out_V_data_3_V)"   --->   Operation 126 'specchannel' 'empty_42' <Predicate = true> <Delay = 0.00>
ST_16 : Operation 127 [1/1] (0.00ns)   --->   "call void (...)* @_ssdm_op_SpecInterface(i16* %layer6_out_V_data_3_V, [8 x i8]* @ap_fifo_str, i32 0, i32 0, [1 x i8]* @p_str325, i32 0, i32 0, [1 x i8]* @p_str326, [1 x i8]* @p_str327, [1 x i8]* @p_str328, i32 2, i32 2, i32 16, i32 16, [1 x i8]* @p_str329, [1 x i8]* @p_str330)"   --->   Operation 127 'specinterface' <Predicate = true> <Delay = 0.00>
ST_16 : Operation 128 [1/1] (0.00ns)   --->   "%empty_43 = call i32 (...)* @_ssdm_op_SpecChannel([23 x i8]* @layer6_out_OC_V_OC_data_LF_4_NF_OC_V_str, i32 1, [1 x i8]* @p_str331, [1 x i8]* @p_str331, i32 16, i32 16, i16* %layer6_out_V_data_4_V, i16* %layer6_out_V_data_4_V)"   --->   Operation 128 'specchannel' 'empty_43' <Predicate = true> <Delay = 0.00>
ST_16 : Operation 129 [1/1] (0.00ns)   --->   "call void (...)* @_ssdm_op_SpecInterface(i16* %layer6_out_V_data_4_V, [8 x i8]* @ap_fifo_str, i32 0, i32 0, [1 x i8]* @p_str332, i32 0, i32 0, [1 x i8]* @p_str333, [1 x i8]* @p_str334, [1 x i8]* @p_str335, i32 2, i32 2, i32 16, i32 16, [1 x i8]* @p_str336, [1 x i8]* @p_str337)"   --->   Operation 129 'specinterface' <Predicate = true> <Delay = 0.00>
ST_16 : Operation 130 [1/1] (0.00ns)   --->   "%empty_44 = call i32 (...)* @_ssdm_op_SpecChannel([23 x i8]* @layer6_out_OC_V_OC_data_LF_5_NF_OC_V_str, i32 1, [1 x i8]* @p_str338, [1 x i8]* @p_str338, i32 16, i32 16, i16* %layer6_out_V_data_5_V, i16* %layer6_out_V_data_5_V)"   --->   Operation 130 'specchannel' 'empty_44' <Predicate = true> <Delay = 0.00>
ST_16 : Operation 131 [1/1] (0.00ns)   --->   "call void (...)* @_ssdm_op_SpecInterface(i16* %layer6_out_V_data_5_V, [8 x i8]* @ap_fifo_str, i32 0, i32 0, [1 x i8]* @p_str339, i32 0, i32 0, [1 x i8]* @p_str340, [1 x i8]* @p_str341, [1 x i8]* @p_str342, i32 2, i32 2, i32 16, i32 16, [1 x i8]* @p_str343, [1 x i8]* @p_str344)"   --->   Operation 131 'specinterface' <Predicate = true> <Delay = 0.00>
ST_16 : Operation 132 [1/1] (0.00ns)   --->   "%empty_45 = call i32 (...)* @_ssdm_op_SpecChannel([23 x i8]* @layer6_out_OC_V_OC_data_LF_6_NF_OC_V_str, i32 1, [1 x i8]* @p_str345, [1 x i8]* @p_str345, i32 16, i32 16, i16* %layer6_out_V_data_6_V, i16* %layer6_out_V_data_6_V)"   --->   Operation 132 'specchannel' 'empty_45' <Predicate = true> <Delay = 0.00>
ST_16 : Operation 133 [1/1] (0.00ns)   --->   "call void (...)* @_ssdm_op_SpecInterface(i16* %layer6_out_V_data_6_V, [8 x i8]* @ap_fifo_str, i32 0, i32 0, [1 x i8]* @p_str346, i32 0, i32 0, [1 x i8]* @p_str347, [1 x i8]* @p_str348, [1 x i8]* @p_str349, i32 2, i32 2, i32 16, i32 16, [1 x i8]* @p_str350, [1 x i8]* @p_str351)"   --->   Operation 133 'specinterface' <Predicate = true> <Delay = 0.00>
ST_16 : Operation 134 [1/1] (0.00ns)   --->   "%empty_46 = call i32 (...)* @_ssdm_op_SpecChannel([23 x i8]* @layer6_out_OC_V_OC_data_LF_7_NF_OC_V_str, i32 1, [1 x i8]* @p_str352, [1 x i8]* @p_str352, i32 16, i32 16, i16* %layer6_out_V_data_7_V, i16* %layer6_out_V_data_7_V)"   --->   Operation 134 'specchannel' 'empty_46' <Predicate = true> <Delay = 0.00>
ST_16 : Operation 135 [1/1] (0.00ns)   --->   "call void (...)* @_ssdm_op_SpecInterface(i16* %layer6_out_V_data_7_V, [8 x i8]* @ap_fifo_str, i32 0, i32 0, [1 x i8]* @p_str353, i32 0, i32 0, [1 x i8]* @p_str354, [1 x i8]* @p_str355, [1 x i8]* @p_str356, i32 2, i32 2, i32 16, i32 16, [1 x i8]* @p_str357, [1 x i8]* @p_str358)"   --->   Operation 135 'specinterface' <Predicate = true> <Delay = 0.00>
ST_16 : Operation 136 [1/1] (0.00ns)   --->   "%empty_47 = call i32 (...)* @_ssdm_op_SpecChannel([23 x i8]* @layer7_out_OC_V_OC_data_LF_0_NF_OC_V_str, i32 1, [1 x i8]* @p_str359, [1 x i8]* @p_str359, i32 4, i32 4, i16* %layer7_out_V_data_0_V, i16* %layer7_out_V_data_0_V)"   --->   Operation 136 'specchannel' 'empty_47' <Predicate = true> <Delay = 0.00>
ST_16 : Operation 137 [1/1] (0.00ns)   --->   "call void (...)* @_ssdm_op_SpecInterface(i16* %layer7_out_V_data_0_V, [8 x i8]* @ap_fifo_str, i32 0, i32 0, [1 x i8]* @p_str360, i32 0, i32 0, [1 x i8]* @p_str361, [1 x i8]* @p_str362, [1 x i8]* @p_str363, i32 2, i32 2, i32 16, i32 16, [1 x i8]* @p_str364, [1 x i8]* @p_str365)"   --->   Operation 137 'specinterface' <Predicate = true> <Delay = 0.00>
ST_16 : Operation 138 [1/1] (0.00ns)   --->   "%empty_48 = call i32 (...)* @_ssdm_op_SpecChannel([23 x i8]* @layer7_out_OC_V_OC_data_LF_1_NF_OC_V_str, i32 1, [1 x i8]* @p_str366, [1 x i8]* @p_str366, i32 4, i32 4, i16* %layer7_out_V_data_1_V, i16* %layer7_out_V_data_1_V)"   --->   Operation 138 'specchannel' 'empty_48' <Predicate = true> <Delay = 0.00>
ST_16 : Operation 139 [1/1] (0.00ns)   --->   "call void (...)* @_ssdm_op_SpecInterface(i16* %layer7_out_V_data_1_V, [8 x i8]* @ap_fifo_str, i32 0, i32 0, [1 x i8]* @p_str367, i32 0, i32 0, [1 x i8]* @p_str368, [1 x i8]* @p_str369, [1 x i8]* @p_str370, i32 2, i32 2, i32 16, i32 16, [1 x i8]* @p_str371, [1 x i8]* @p_str372)"   --->   Operation 139 'specinterface' <Predicate = true> <Delay = 0.00>
ST_16 : Operation 140 [1/1] (0.00ns)   --->   "%empty_49 = call i32 (...)* @_ssdm_op_SpecChannel([23 x i8]* @layer7_out_OC_V_OC_data_LF_2_NF_OC_V_str, i32 1, [1 x i8]* @p_str373, [1 x i8]* @p_str373, i32 4, i32 4, i16* %layer7_out_V_data_2_V, i16* %layer7_out_V_data_2_V)"   --->   Operation 140 'specchannel' 'empty_49' <Predicate = true> <Delay = 0.00>
ST_16 : Operation 141 [1/1] (0.00ns)   --->   "call void (...)* @_ssdm_op_SpecInterface(i16* %layer7_out_V_data_2_V, [8 x i8]* @ap_fifo_str, i32 0, i32 0, [1 x i8]* @p_str374, i32 0, i32 0, [1 x i8]* @p_str375, [1 x i8]* @p_str376, [1 x i8]* @p_str377, i32 2, i32 2, i32 16, i32 16, [1 x i8]* @p_str378, [1 x i8]* @p_str379)"   --->   Operation 141 'specinterface' <Predicate = true> <Delay = 0.00>
ST_16 : Operation 142 [1/1] (0.00ns)   --->   "%empty_50 = call i32 (...)* @_ssdm_op_SpecChannel([23 x i8]* @layer7_out_OC_V_OC_data_LF_3_NF_OC_V_str, i32 1, [1 x i8]* @p_str380, [1 x i8]* @p_str380, i32 4, i32 4, i16* %layer7_out_V_data_3_V, i16* %layer7_out_V_data_3_V)"   --->   Operation 142 'specchannel' 'empty_50' <Predicate = true> <Delay = 0.00>
ST_16 : Operation 143 [1/1] (0.00ns)   --->   "call void (...)* @_ssdm_op_SpecInterface(i16* %layer7_out_V_data_3_V, [8 x i8]* @ap_fifo_str, i32 0, i32 0, [1 x i8]* @p_str381, i32 0, i32 0, [1 x i8]* @p_str382, [1 x i8]* @p_str383, [1 x i8]* @p_str384, i32 2, i32 2, i32 16, i32 16, [1 x i8]* @p_str385, [1 x i8]* @p_str386)"   --->   Operation 143 'specinterface' <Predicate = true> <Delay = 0.00>
ST_16 : Operation 144 [1/1] (0.00ns)   --->   "%empty_51 = call i32 (...)* @_ssdm_op_SpecChannel([23 x i8]* @layer7_out_OC_V_OC_data_LF_4_NF_OC_V_str, i32 1, [1 x i8]* @p_str387, [1 x i8]* @p_str387, i32 4, i32 4, i16* %layer7_out_V_data_4_V, i16* %layer7_out_V_data_4_V)"   --->   Operation 144 'specchannel' 'empty_51' <Predicate = true> <Delay = 0.00>
ST_16 : Operation 145 [1/1] (0.00ns)   --->   "call void (...)* @_ssdm_op_SpecInterface(i16* %layer7_out_V_data_4_V, [8 x i8]* @ap_fifo_str, i32 0, i32 0, [1 x i8]* @p_str388, i32 0, i32 0, [1 x i8]* @p_str389, [1 x i8]* @p_str390, [1 x i8]* @p_str391, i32 2, i32 2, i32 16, i32 16, [1 x i8]* @p_str392, [1 x i8]* @p_str393)"   --->   Operation 145 'specinterface' <Predicate = true> <Delay = 0.00>
ST_16 : Operation 146 [1/1] (0.00ns)   --->   "%empty_52 = call i32 (...)* @_ssdm_op_SpecChannel([23 x i8]* @layer7_out_OC_V_OC_data_LF_5_NF_OC_V_str, i32 1, [1 x i8]* @p_str394, [1 x i8]* @p_str394, i32 4, i32 4, i16* %layer7_out_V_data_5_V, i16* %layer7_out_V_data_5_V)"   --->   Operation 146 'specchannel' 'empty_52' <Predicate = true> <Delay = 0.00>
ST_16 : Operation 147 [1/1] (0.00ns)   --->   "call void (...)* @_ssdm_op_SpecInterface(i16* %layer7_out_V_data_5_V, [8 x i8]* @ap_fifo_str, i32 0, i32 0, [1 x i8]* @p_str395, i32 0, i32 0, [1 x i8]* @p_str396, [1 x i8]* @p_str397, [1 x i8]* @p_str398, i32 2, i32 2, i32 16, i32 16, [1 x i8]* @p_str399, [1 x i8]* @p_str400)"   --->   Operation 147 'specinterface' <Predicate = true> <Delay = 0.00>
ST_16 : Operation 148 [1/1] (0.00ns)   --->   "%empty_53 = call i32 (...)* @_ssdm_op_SpecChannel([23 x i8]* @layer7_out_OC_V_OC_data_LF_6_NF_OC_V_str, i32 1, [1 x i8]* @p_str401, [1 x i8]* @p_str401, i32 4, i32 4, i16* %layer7_out_V_data_6_V, i16* %layer7_out_V_data_6_V)"   --->   Operation 148 'specchannel' 'empty_53' <Predicate = true> <Delay = 0.00>
ST_16 : Operation 149 [1/1] (0.00ns)   --->   "call void (...)* @_ssdm_op_SpecInterface(i16* %layer7_out_V_data_6_V, [8 x i8]* @ap_fifo_str, i32 0, i32 0, [1 x i8]* @p_str402, i32 0, i32 0, [1 x i8]* @p_str403, [1 x i8]* @p_str404, [1 x i8]* @p_str405, i32 2, i32 2, i32 16, i32 16, [1 x i8]* @p_str406, [1 x i8]* @p_str407)"   --->   Operation 149 'specinterface' <Predicate = true> <Delay = 0.00>
ST_16 : Operation 150 [1/1] (0.00ns)   --->   "%empty_54 = call i32 (...)* @_ssdm_op_SpecChannel([23 x i8]* @layer7_out_OC_V_OC_data_LF_7_NF_OC_V_str, i32 1, [1 x i8]* @p_str408, [1 x i8]* @p_str408, i32 4, i32 4, i16* %layer7_out_V_data_7_V, i16* %layer7_out_V_data_7_V)"   --->   Operation 150 'specchannel' 'empty_54' <Predicate = true> <Delay = 0.00>
ST_16 : Operation 151 [1/1] (0.00ns)   --->   "call void (...)* @_ssdm_op_SpecInterface(i16* %layer7_out_V_data_7_V, [8 x i8]* @ap_fifo_str, i32 0, i32 0, [1 x i8]* @p_str409, i32 0, i32 0, [1 x i8]* @p_str410, [1 x i8]* @p_str411, [1 x i8]* @p_str412, i32 2, i32 2, i32 16, i32 16, [1 x i8]* @p_str413, [1 x i8]* @p_str414)"   --->   Operation 151 'specinterface' <Predicate = true> <Delay = 0.00>
ST_16 : Operation 152 [1/1] (0.00ns)   --->   "call void (...)* @_ssdm_op_SpecInterface(i16* %conv2d_input_V_data_0_V, [5 x i8]* @p_str, i32 1, i32 1, [5 x i8]* @p_str9, i32 0, i32 0, [1 x i8]* @p_str10, [1 x i8]* @p_str10, [1 x i8]* @p_str10, i32 0, i32 0, i32 0, i32 0, [1 x i8]* @p_str10, [1 x i8]* @p_str10)"   --->   Operation 152 'specinterface' <Predicate = true> <Delay = 0.00>
ST_16 : Operation 153 [1/1] (0.00ns)   --->   "call void (...)* @_ssdm_op_SpecInterface(i16* %layer9_out_V_data_0_V, [5 x i8]* @p_str, i32 1, i32 1, [5 x i8]* @p_str9, i32 0, i32 0, [1 x i8]* @p_str10, [1 x i8]* @p_str10, [1 x i8]* @p_str10, i32 0, i32 0, i32 0, i32 0, [1 x i8]* @p_str10, [1 x i8]* @p_str10)"   --->   Operation 153 'specinterface' <Predicate = true> <Delay = 0.00>
ST_16 : Operation 154 [1/1] (0.00ns)   --->   "call void (...)* @_ssdm_op_SpecInterface(i16* %layer9_out_V_data_1_V, [5 x i8]* @p_str, i32 1, i32 1, [5 x i8]* @p_str9, i32 0, i32 0, [1 x i8]* @p_str10, [1 x i8]* @p_str10, [1 x i8]* @p_str10, i32 0, i32 0, i32 0, i32 0, [1 x i8]* @p_str10, [1 x i8]* @p_str10)"   --->   Operation 154 'specinterface' <Predicate = true> <Delay = 0.00>
ST_16 : Operation 155 [1/1] (0.00ns)   --->   "call void (...)* @_ssdm_op_SpecInterface(i16* %layer9_out_V_data_2_V, [5 x i8]* @p_str, i32 1, i32 1, [5 x i8]* @p_str9, i32 0, i32 0, [1 x i8]* @p_str10, [1 x i8]* @p_str10, [1 x i8]* @p_str10, i32 0, i32 0, i32 0, i32 0, [1 x i8]* @p_str10, [1 x i8]* @p_str10)"   --->   Operation 155 'specinterface' <Predicate = true> <Delay = 0.00>
ST_16 : Operation 156 [1/1] (0.00ns)   --->   "call void (...)* @_ssdm_op_SpecInterface(i16* %layer9_out_V_data_3_V, [5 x i8]* @p_str, i32 1, i32 1, [5 x i8]* @p_str9, i32 0, i32 0, [1 x i8]* @p_str10, [1 x i8]* @p_str10, [1 x i8]* @p_str10, i32 0, i32 0, i32 0, i32 0, [1 x i8]* @p_str10, [1 x i8]* @p_str10)"   --->   Operation 156 'specinterface' <Predicate = true> <Delay = 0.00>
ST_16 : Operation 157 [1/1] (0.00ns)   --->   "call void (...)* @_ssdm_op_SpecInterface(i16* %layer9_out_V_data_4_V, [5 x i8]* @p_str, i32 1, i32 1, [5 x i8]* @p_str9, i32 0, i32 0, [1 x i8]* @p_str10, [1 x i8]* @p_str10, [1 x i8]* @p_str10, i32 0, i32 0, i32 0, i32 0, [1 x i8]* @p_str10, [1 x i8]* @p_str10)"   --->   Operation 157 'specinterface' <Predicate = true> <Delay = 0.00>
ST_16 : Operation 158 [1/1] (0.00ns)   --->   "call void (...)* @_ssdm_op_SpecInterface(i16* %layer9_out_V_data_5_V, [5 x i8]* @p_str, i32 1, i32 1, [5 x i8]* @p_str9, i32 0, i32 0, [1 x i8]* @p_str10, [1 x i8]* @p_str10, [1 x i8]* @p_str10, i32 0, i32 0, i32 0, i32 0, [1 x i8]* @p_str10, [1 x i8]* @p_str10)"   --->   Operation 158 'specinterface' <Predicate = true> <Delay = 0.00>
ST_16 : Operation 159 [1/1] (0.00ns)   --->   "call void (...)* @_ssdm_op_SpecInterface(i16* %layer9_out_V_data_6_V, [5 x i8]* @p_str, i32 1, i32 1, [5 x i8]* @p_str9, i32 0, i32 0, [1 x i8]* @p_str10, [1 x i8]* @p_str10, [1 x i8]* @p_str10, i32 0, i32 0, i32 0, i32 0, [1 x i8]* @p_str10, [1 x i8]* @p_str10)"   --->   Operation 159 'specinterface' <Predicate = true> <Delay = 0.00>
ST_16 : Operation 160 [1/1] (0.00ns)   --->   "call void (...)* @_ssdm_op_SpecInterface(i16* %layer9_out_V_data_7_V, [5 x i8]* @p_str, i32 1, i32 1, [5 x i8]* @p_str9, i32 0, i32 0, [1 x i8]* @p_str10, [1 x i8]* @p_str10, [1 x i8]* @p_str10, i32 0, i32 0, i32 0, i32 0, [1 x i8]* @p_str10, [1 x i8]* @p_str10)"   --->   Operation 160 'specinterface' <Predicate = true> <Delay = 0.00>
ST_16 : Operation 161 [1/1] (0.00ns)   --->   "call void (...)* @_ssdm_op_SpecInterface(i16* %layer9_out_V_data_8_V, [5 x i8]* @p_str, i32 1, i32 1, [5 x i8]* @p_str9, i32 0, i32 0, [1 x i8]* @p_str10, [1 x i8]* @p_str10, [1 x i8]* @p_str10, i32 0, i32 0, i32 0, i32 0, [1 x i8]* @p_str10, [1 x i8]* @p_str10)"   --->   Operation 161 'specinterface' <Predicate = true> <Delay = 0.00>
ST_16 : Operation 162 [1/1] (0.00ns)   --->   "call void (...)* @_ssdm_op_SpecInterface(i16* %layer9_out_V_data_9_V, [5 x i8]* @p_str, i32 1, i32 1, [5 x i8]* @p_str9, i32 0, i32 0, [1 x i8]* @p_str10, [1 x i8]* @p_str10, [1 x i8]* @p_str10, i32 0, i32 0, i32 0, i32 0, [1 x i8]* @p_str10, [1 x i8]* @p_str10)"   --->   Operation 162 'specinterface' <Predicate = true> <Delay = 0.00>
ST_16 : Operation 163 [1/1] (0.00ns)   --->   "ret void" [firmware/myproject.cpp:62]   --->   Operation 163 'ret' <Predicate = true> <Delay = 0.00>


============================================================
+ Verbose Summary: Timing violations
============================================================
Target clock period: 10ns, clock uncertainty: 1.25ns.

 <State 1>: 0ns
The critical path consists of the following:

 <State 2>: 0ns
The critical path consists of the following:

 <State 3>: 0ns
The critical path consists of the following:

 <State 4>: 0ns
The critical path consists of the following:

 <State 5>: 0ns
The critical path consists of the following:

 <State 6>: 0ns
The critical path consists of the following:

 <State 7>: 0ns
The critical path consists of the following:

 <State 8>: 0ns
The critical path consists of the following:

 <State 9>: 0ns
The critical path consists of the following:

 <State 10>: 0ns
The critical path consists of the following:

 <State 11>: 0ns
The critical path consists of the following:

 <State 12>: 0ns
The critical path consists of the following:

 <State 13>: 0ns
The critical path consists of the following:

 <State 14>: 0ns
The critical path consists of the following:

 <State 15>: 0ns
The critical path consists of the following:

 <State 16>: 0ns
The critical path consists of the following:


============================================================
+ Verbose Summary: Binding
============================================================
N/A
* FSMD analyzer results:
  - Output states:
 - Input state : 
  - Chain level:
	State 1
	State 2
	State 3
	State 4
	State 5
	State 6
	State 7
	State 8
	State 9
	State 10
	State 11
	State 12
	State 13
	State 14
	State 15
	State 16


============================================================
+ Verbose Summary: Datapath Resource usage 
============================================================
N/A
