

================================================================
== Vivado HLS Report for 'separable_conv_2d_cl_array_array_array_ap_fixed_64u_config10_s'
================================================================
* Date:           Fri Mar  1 15:57:51 2024

* Version:        2020.1 (Build 2897737 on Wed May 27 20:21:37 MDT 2020)
* Project:        myproject_prj
* Solution:       solution1
* Product family: zynq
* Target device:  xc7z020-clg400-1


================================================================
== Performance Estimates
================================================================
+ Timing: 
    * Summary: 
    +--------+---------+-----------+------------+
    |  Clock |  Target | Estimated | Uncertainty|
    +--------+---------+-----------+------------+
    |ap_clk  | 2.50 ns | 14.333 ns |   3.12 ns  |
    +--------+---------+-----------+------------+

+ Latency: 
    * Summary: 
    +---------+---------+----------+----------+-----+-----+----------+
    |  Latency (cycles) |  Latency (absolute) |  Interval | Pipeline |
    |   min   |   max   |    min   |    max   | min | max |   Type   |
    +---------+---------+----------+----------+-----+-----+----------+
    |       56|       56| 0.803 us | 0.803 us |   57|   57| dataflow |
    +---------+---------+----------+----------+-----+-----+----------+

    + Detail: 
        * Instance: 
        +---------------------------------------------------------------------+--------------------------------------------------------------------+---------+---------+----------+----------+-----+-----+----------+
        |                                                                     |                                                                    |  Latency (cycles) |  Latency (absolute) |  Interval | Pipeline |
        |                               Instance                              |                               Module                               |   min   |   max   |    min   |    max   | min | max |   Type   |
        +---------------------------------------------------------------------+--------------------------------------------------------------------+---------+---------+----------+----------+-----+-----+----------+
        |pointwise_conv_2d_cl_array_array_ap_fixed_64u_config10_pointwise_U0  |pointwise_conv_2d_cl_array_array_ap_fixed_64u_config10_pointwise_s  |       16|       16| 0.229 us | 0.229 us |   16|   16| function |
        |depthwise_conv_2d_cl_array_array_ap_fixed_64u_config10_depthwise_U0  |depthwise_conv_2d_cl_array_array_ap_fixed_64u_config10_depthwise_s  |       56|       56| 0.803 us | 0.803 us |   56|   56|   none   |
        +---------------------------------------------------------------------+--------------------------------------------------------------------+---------+---------+----------+----------+-----+-----+----------+

        * Loop: 
        N/A



================================================================
== Utilization Estimates
================================================================
* Summary: 
+-----------------+---------+-------+--------+--------+-----+
|       Name      | BRAM_18K| DSP48E|   FF   |   LUT  | URAM|
+-----------------+---------+-------+--------+--------+-----+
|DSP              |        -|      -|       -|       -|    -|
|Expression       |        -|      -|       0|       2|    -|
|FIFO             |        0|      -|     320|    1792|    -|
|Instance         |        0|    661|  188988|  128710|    -|
|Memory           |        -|      -|       -|       -|    -|
|Multiplexer      |        -|      -|       -|       9|    -|
|Register         |        -|      -|       1|       -|    -|
+-----------------+---------+-------+--------+--------+-----+
|Total            |        0|    661|  189309|  130513|    0|
+-----------------+---------+-------+--------+--------+-----+
|Available        |      280|    220|  106400|   53200|    0|
+-----------------+---------+-------+--------+--------+-----+
|Utilization (%)  |        0|    300|     177|     245|    0|
+-----------------+---------+-------+--------+--------+-----+

+ Detail: 
    * Instance: 
    +---------------------------------------------------------------------+--------------------------------------------------------------------+---------+-------+--------+--------+-----+
    |                               Instance                              |                               Module                               | BRAM_18K| DSP48E|   FF   |   LUT  | URAM|
    +---------------------------------------------------------------------+--------------------------------------------------------------------+---------+-------+--------+--------+-----+
    |depthwise_conv_2d_cl_array_array_ap_fixed_64u_config10_depthwise_U0  |depthwise_conv_2d_cl_array_array_ap_fixed_64u_config10_depthwise_s  |        0|    469|   70165|   21744|    0|
    |pointwise_conv_2d_cl_array_array_ap_fixed_64u_config10_pointwise_U0  |pointwise_conv_2d_cl_array_array_ap_fixed_64u_config10_pointwise_s  |        0|    192|  118823|  106966|    0|
    +---------------------------------------------------------------------+--------------------------------------------------------------------+---------+-------+--------+--------+-----+
    |Total                                                                |                                                                    |        0|    661|  188988|  128710|    0|
    +---------------------------------------------------------------------+--------------------------------------------------------------------+---------+-------+--------+--------+-----+

    * DSP48E: 
    N/A

    * Memory: 
    N/A

    * FIFO: 
    +-----------------------------+---------+---+----+-----+------+-----+---------+
    |             Name            | BRAM_18K| FF| LUT| URAM| Depth| Bits| Size:D*B|
    +-----------------------------+---------+---+----+-----+------+-----+---------+
    |depthwise_res_V_data_0_V_U   |        0|  5|   0|    -|     1|   16|       16|
    |depthwise_res_V_data_10_V_U  |        0|  5|   0|    -|     1|   16|       16|
    |depthwise_res_V_data_11_V_U  |        0|  5|   0|    -|     1|   16|       16|
    |depthwise_res_V_data_12_V_U  |        0|  5|   0|    -|     1|   16|       16|
    |depthwise_res_V_data_13_V_U  |        0|  5|   0|    -|     1|   16|       16|
    |depthwise_res_V_data_14_V_U  |        0|  5|   0|    -|     1|   16|       16|
    |depthwise_res_V_data_15_V_U  |        0|  5|   0|    -|     1|   16|       16|
    |depthwise_res_V_data_16_V_U  |        0|  5|   0|    -|     1|   16|       16|
    |depthwise_res_V_data_17_V_U  |        0|  5|   0|    -|     1|   16|       16|
    |depthwise_res_V_data_18_V_U  |        0|  5|   0|    -|     1|   16|       16|
    |depthwise_res_V_data_19_V_U  |        0|  5|   0|    -|     1|   16|       16|
    |depthwise_res_V_data_1_V_U   |        0|  5|   0|    -|     1|   16|       16|
    |depthwise_res_V_data_20_V_U  |        0|  5|   0|    -|     1|   16|       16|
    |depthwise_res_V_data_21_V_U  |        0|  5|   0|    -|     1|   16|       16|
    |depthwise_res_V_data_22_V_U  |        0|  5|   0|    -|     1|   16|       16|
    |depthwise_res_V_data_23_V_U  |        0|  5|   0|    -|     1|   16|       16|
    |depthwise_res_V_data_24_V_U  |        0|  5|   0|    -|     1|   16|       16|
    |depthwise_res_V_data_25_V_U  |        0|  5|   0|    -|     1|   16|       16|
    |depthwise_res_V_data_26_V_U  |        0|  5|   0|    -|     1|   16|       16|
    |depthwise_res_V_data_27_V_U  |        0|  5|   0|    -|     1|   16|       16|
    |depthwise_res_V_data_28_V_U  |        0|  5|   0|    -|     1|   16|       16|
    |depthwise_res_V_data_29_V_U  |        0|  5|   0|    -|     1|   16|       16|
    |depthwise_res_V_data_2_V_U   |        0|  5|   0|    -|     1|   16|       16|
    |depthwise_res_V_data_30_V_U  |        0|  5|   0|    -|     1|   16|       16|
    |depthwise_res_V_data_31_V_U  |        0|  5|   0|    -|     1|   16|       16|
    |depthwise_res_V_data_32_V_U  |        0|  5|   0|    -|     1|   16|       16|
    |depthwise_res_V_data_33_V_U  |        0|  5|   0|    -|     1|   16|       16|
    |depthwise_res_V_data_34_V_U  |        0|  5|   0|    -|     1|   16|       16|
    |depthwise_res_V_data_35_V_U  |        0|  5|   0|    -|     1|   16|       16|
    |depthwise_res_V_data_36_V_U  |        0|  5|   0|    -|     1|   16|       16|
    |depthwise_res_V_data_37_V_U  |        0|  5|   0|    -|     1|   16|       16|
    |depthwise_res_V_data_38_V_U  |        0|  5|   0|    -|     1|   16|       16|
    |depthwise_res_V_data_39_V_U  |        0|  5|   0|    -|     1|   16|       16|
    |depthwise_res_V_data_3_V_U   |        0|  5|   0|    -|     1|   16|       16|
    |depthwise_res_V_data_40_V_U  |        0|  5|   0|    -|     1|   16|       16|
    |depthwise_res_V_data_41_V_U  |        0|  5|   0|    -|     1|   16|       16|
    |depthwise_res_V_data_42_V_U  |        0|  5|   0|    -|     1|   16|       16|
    |depthwise_res_V_data_43_V_U  |        0|  5|   0|    -|     1|   16|       16|
    |depthwise_res_V_data_44_V_U  |        0|  5|   0|    -|     1|   16|       16|
    |depthwise_res_V_data_45_V_U  |        0|  5|   0|    -|     1|   16|       16|
    |depthwise_res_V_data_46_V_U  |        0|  5|   0|    -|     1|   16|       16|
    |depthwise_res_V_data_47_V_U  |        0|  5|   0|    -|     1|   16|       16|
    |depthwise_res_V_data_48_V_U  |        0|  5|   0|    -|     1|   16|       16|
    |depthwise_res_V_data_49_V_U  |        0|  5|   0|    -|     1|   16|       16|
    |depthwise_res_V_data_4_V_U   |        0|  5|   0|    -|     1|   16|       16|
    |depthwise_res_V_data_50_V_U  |        0|  5|   0|    -|     1|   16|       16|
    |depthwise_res_V_data_51_V_U  |        0|  5|   0|    -|     1|   16|       16|
    |depthwise_res_V_data_52_V_U  |        0|  5|   0|    -|     1|   16|       16|
    |depthwise_res_V_data_53_V_U  |        0|  5|   0|    -|     1|   16|       16|
    |depthwise_res_V_data_54_V_U  |        0|  5|   0|    -|     1|   16|       16|
    |depthwise_res_V_data_55_V_U  |        0|  5|   0|    -|     1|   16|       16|
    |depthwise_res_V_data_56_V_U  |        0|  5|   0|    -|     1|   16|       16|
    |depthwise_res_V_data_57_V_U  |        0|  5|   0|    -|     1|   16|       16|
    |depthwise_res_V_data_58_V_U  |        0|  5|   0|    -|     1|   16|       16|
    |depthwise_res_V_data_59_V_U  |        0|  5|   0|    -|     1|   16|       16|
    |depthwise_res_V_data_5_V_U   |        0|  5|   0|    -|     1|   16|       16|
    |depthwise_res_V_data_60_V_U  |        0|  5|   0|    -|     1|   16|       16|
    |depthwise_res_V_data_61_V_U  |        0|  5|   0|    -|     1|   16|       16|
    |depthwise_res_V_data_62_V_U  |        0|  5|   0|    -|     1|   16|       16|
    |depthwise_res_V_data_63_V_U  |        0|  5|   0|    -|     1|   16|       16|
    |depthwise_res_V_data_6_V_U   |        0|  5|   0|    -|     1|   16|       16|
    |depthwise_res_V_data_7_V_U   |        0|  5|   0|    -|     1|   16|       16|
    |depthwise_res_V_data_8_V_U   |        0|  5|   0|    -|     1|   16|       16|
    |depthwise_res_V_data_9_V_U   |        0|  5|   0|    -|     1|   16|       16|
    +-----------------------------+---------+---+----+-----+------+-----+---------+
    |Total                        |        0|320|   0|    0|    64| 1024|     1024|
    +-----------------------------+---------+---+----+-----+------+-----+---------+

    * Expression: 
    +--------------+----------+-------+---+----+------------+------------+
    | Variable Name| Operation| DSP48E| FF| LUT| Bitwidth P0| Bitwidth P1|
    +--------------+----------+-------+---+----+------------+------------+
    |ap_idle       |    and   |      0|  0|   2|           1|           1|
    +--------------+----------+-------+---+----+------------+------------+
    |Total         |          |      0|  0|   2|           1|           1|
    +--------------+----------+-------+---+----+------------+------------+

    * Multiplexer: 
    +------------+----+-----------+-----+-----------+
    |    Name    | LUT| Input Size| Bits| Total Bits|
    +------------+----+-----------+-----+-----------+
    |real_start  |   9|          2|    1|          2|
    +------------+----+-----------+-----+-----------+
    |Total       |   9|          2|    1|          2|
    +------------+----+-----------+-----+-----------+

    * Register: 
    +----------------+---+----+-----+-----------+
    |      Name      | FF| LUT| Bits| Const Bits|
    +----------------+---+----+-----+-----------+
    |start_once_reg  |  1|   0|    1|          0|
    +----------------+---+----+-----+-----------+
    |Total           |  1|   0|    1|          0|
    +----------------+---+----+-----+-----------+



================================================================
== Interface
================================================================
* Summary: 
+--------------------------+-----+-----+------------+----------------------------------------------------------------+--------------+
|         RTL Ports        | Dir | Bits|  Protocol  |                          Source Object                         |    C Type    |
+--------------------------+-----+-----+------------+----------------------------------------------------------------+--------------+
|ap_start                  |  in |    1| ap_ctrl_hs | separable_conv_2d_cl<array,array,array<ap_fixed,64u>,config10> | return value |
|start_full_n              |  in |    1| ap_ctrl_hs | separable_conv_2d_cl<array,array,array<ap_fixed,64u>,config10> | return value |
|start_out                 | out |    1| ap_ctrl_hs | separable_conv_2d_cl<array,array,array<ap_fixed,64u>,config10> | return value |
|start_write               | out |    1| ap_ctrl_hs | separable_conv_2d_cl<array,array,array<ap_fixed,64u>,config10> | return value |
|ap_clk                    |  in |    1| ap_ctrl_hs | separable_conv_2d_cl<array,array,array<ap_fixed,64u>,config10> | return value |
|ap_rst                    |  in |    1| ap_ctrl_hs | separable_conv_2d_cl<array,array,array<ap_fixed,64u>,config10> | return value |
|ap_done                   | out |    1| ap_ctrl_hs | separable_conv_2d_cl<array,array,array<ap_fixed,64u>,config10> | return value |
|ap_ready                  | out |    1| ap_ctrl_hs | separable_conv_2d_cl<array,array,array<ap_fixed,64u>,config10> | return value |
|ap_idle                   | out |    1| ap_ctrl_hs | separable_conv_2d_cl<array,array,array<ap_fixed,64u>,config10> | return value |
|ap_continue               |  in |    1| ap_ctrl_hs | separable_conv_2d_cl<array,array,array<ap_fixed,64u>,config10> | return value |
|data_V_data_0_V_dout      |  in |   16|   ap_fifo  |                         data_V_data_0_V                        |    pointer   |
|data_V_data_0_V_empty_n   |  in |    1|   ap_fifo  |                         data_V_data_0_V                        |    pointer   |
|data_V_data_0_V_read      | out |    1|   ap_fifo  |                         data_V_data_0_V                        |    pointer   |
|data_V_data_1_V_dout      |  in |   16|   ap_fifo  |                         data_V_data_1_V                        |    pointer   |
|data_V_data_1_V_empty_n   |  in |    1|   ap_fifo  |                         data_V_data_1_V                        |    pointer   |
|data_V_data_1_V_read      | out |    1|   ap_fifo  |                         data_V_data_1_V                        |    pointer   |
|data_V_data_2_V_dout      |  in |   16|   ap_fifo  |                         data_V_data_2_V                        |    pointer   |
|data_V_data_2_V_empty_n   |  in |    1|   ap_fifo  |                         data_V_data_2_V                        |    pointer   |
|data_V_data_2_V_read      | out |    1|   ap_fifo  |                         data_V_data_2_V                        |    pointer   |
|data_V_data_3_V_dout      |  in |   16|   ap_fifo  |                         data_V_data_3_V                        |    pointer   |
|data_V_data_3_V_empty_n   |  in |    1|   ap_fifo  |                         data_V_data_3_V                        |    pointer   |
|data_V_data_3_V_read      | out |    1|   ap_fifo  |                         data_V_data_3_V                        |    pointer   |
|data_V_data_4_V_dout      |  in |   16|   ap_fifo  |                         data_V_data_4_V                        |    pointer   |
|data_V_data_4_V_empty_n   |  in |    1|   ap_fifo  |                         data_V_data_4_V                        |    pointer   |
|data_V_data_4_V_read      | out |    1|   ap_fifo  |                         data_V_data_4_V                        |    pointer   |
|data_V_data_5_V_dout      |  in |   16|   ap_fifo  |                         data_V_data_5_V                        |    pointer   |
|data_V_data_5_V_empty_n   |  in |    1|   ap_fifo  |                         data_V_data_5_V                        |    pointer   |
|data_V_data_5_V_read      | out |    1|   ap_fifo  |                         data_V_data_5_V                        |    pointer   |
|data_V_data_6_V_dout      |  in |   16|   ap_fifo  |                         data_V_data_6_V                        |    pointer   |
|data_V_data_6_V_empty_n   |  in |    1|   ap_fifo  |                         data_V_data_6_V                        |    pointer   |
|data_V_data_6_V_read      | out |    1|   ap_fifo  |                         data_V_data_6_V                        |    pointer   |
|data_V_data_7_V_dout      |  in |   16|   ap_fifo  |                         data_V_data_7_V                        |    pointer   |
|data_V_data_7_V_empty_n   |  in |    1|   ap_fifo  |                         data_V_data_7_V                        |    pointer   |
|data_V_data_7_V_read      | out |    1|   ap_fifo  |                         data_V_data_7_V                        |    pointer   |
|data_V_data_8_V_dout      |  in |   16|   ap_fifo  |                         data_V_data_8_V                        |    pointer   |
|data_V_data_8_V_empty_n   |  in |    1|   ap_fifo  |                         data_V_data_8_V                        |    pointer   |
|data_V_data_8_V_read      | out |    1|   ap_fifo  |                         data_V_data_8_V                        |    pointer   |
|data_V_data_9_V_dout      |  in |   16|   ap_fifo  |                         data_V_data_9_V                        |    pointer   |
|data_V_data_9_V_empty_n   |  in |    1|   ap_fifo  |                         data_V_data_9_V                        |    pointer   |
|data_V_data_9_V_read      | out |    1|   ap_fifo  |                         data_V_data_9_V                        |    pointer   |
|data_V_data_10_V_dout     |  in |   16|   ap_fifo  |                        data_V_data_10_V                        |    pointer   |
|data_V_data_10_V_empty_n  |  in |    1|   ap_fifo  |                        data_V_data_10_V                        |    pointer   |
|data_V_data_10_V_read     | out |    1|   ap_fifo  |                        data_V_data_10_V                        |    pointer   |
|data_V_data_11_V_dout     |  in |   16|   ap_fifo  |                        data_V_data_11_V                        |    pointer   |
|data_V_data_11_V_empty_n  |  in |    1|   ap_fifo  |                        data_V_data_11_V                        |    pointer   |
|data_V_data_11_V_read     | out |    1|   ap_fifo  |                        data_V_data_11_V                        |    pointer   |
|data_V_data_12_V_dout     |  in |   16|   ap_fifo  |                        data_V_data_12_V                        |    pointer   |
|data_V_data_12_V_empty_n  |  in |    1|   ap_fifo  |                        data_V_data_12_V                        |    pointer   |
|data_V_data_12_V_read     | out |    1|   ap_fifo  |                        data_V_data_12_V                        |    pointer   |
|data_V_data_13_V_dout     |  in |   16|   ap_fifo  |                        data_V_data_13_V                        |    pointer   |
|data_V_data_13_V_empty_n  |  in |    1|   ap_fifo  |                        data_V_data_13_V                        |    pointer   |
|data_V_data_13_V_read     | out |    1|   ap_fifo  |                        data_V_data_13_V                        |    pointer   |
|data_V_data_14_V_dout     |  in |   16|   ap_fifo  |                        data_V_data_14_V                        |    pointer   |
|data_V_data_14_V_empty_n  |  in |    1|   ap_fifo  |                        data_V_data_14_V                        |    pointer   |
|data_V_data_14_V_read     | out |    1|   ap_fifo  |                        data_V_data_14_V                        |    pointer   |
|data_V_data_15_V_dout     |  in |   16|   ap_fifo  |                        data_V_data_15_V                        |    pointer   |
|data_V_data_15_V_empty_n  |  in |    1|   ap_fifo  |                        data_V_data_15_V                        |    pointer   |
|data_V_data_15_V_read     | out |    1|   ap_fifo  |                        data_V_data_15_V                        |    pointer   |
|data_V_data_16_V_dout     |  in |   16|   ap_fifo  |                        data_V_data_16_V                        |    pointer   |
|data_V_data_16_V_empty_n  |  in |    1|   ap_fifo  |                        data_V_data_16_V                        |    pointer   |
|data_V_data_16_V_read     | out |    1|   ap_fifo  |                        data_V_data_16_V                        |    pointer   |
|data_V_data_17_V_dout     |  in |   16|   ap_fifo  |                        data_V_data_17_V                        |    pointer   |
|data_V_data_17_V_empty_n  |  in |    1|   ap_fifo  |                        data_V_data_17_V                        |    pointer   |
|data_V_data_17_V_read     | out |    1|   ap_fifo  |                        data_V_data_17_V                        |    pointer   |
|data_V_data_18_V_dout     |  in |   16|   ap_fifo  |                        data_V_data_18_V                        |    pointer   |
|data_V_data_18_V_empty_n  |  in |    1|   ap_fifo  |                        data_V_data_18_V                        |    pointer   |
|data_V_data_18_V_read     | out |    1|   ap_fifo  |                        data_V_data_18_V                        |    pointer   |
|data_V_data_19_V_dout     |  in |   16|   ap_fifo  |                        data_V_data_19_V                        |    pointer   |
|data_V_data_19_V_empty_n  |  in |    1|   ap_fifo  |                        data_V_data_19_V                        |    pointer   |
|data_V_data_19_V_read     | out |    1|   ap_fifo  |                        data_V_data_19_V                        |    pointer   |
|data_V_data_20_V_dout     |  in |   16|   ap_fifo  |                        data_V_data_20_V                        |    pointer   |
|data_V_data_20_V_empty_n  |  in |    1|   ap_fifo  |                        data_V_data_20_V                        |    pointer   |
|data_V_data_20_V_read     | out |    1|   ap_fifo  |                        data_V_data_20_V                        |    pointer   |
|data_V_data_21_V_dout     |  in |   16|   ap_fifo  |                        data_V_data_21_V                        |    pointer   |
|data_V_data_21_V_empty_n  |  in |    1|   ap_fifo  |                        data_V_data_21_V                        |    pointer   |
|data_V_data_21_V_read     | out |    1|   ap_fifo  |                        data_V_data_21_V                        |    pointer   |
|data_V_data_22_V_dout     |  in |   16|   ap_fifo  |                        data_V_data_22_V                        |    pointer   |
|data_V_data_22_V_empty_n  |  in |    1|   ap_fifo  |                        data_V_data_22_V                        |    pointer   |
|data_V_data_22_V_read     | out |    1|   ap_fifo  |                        data_V_data_22_V                        |    pointer   |
|data_V_data_23_V_dout     |  in |   16|   ap_fifo  |                        data_V_data_23_V                        |    pointer   |
|data_V_data_23_V_empty_n  |  in |    1|   ap_fifo  |                        data_V_data_23_V                        |    pointer   |
|data_V_data_23_V_read     | out |    1|   ap_fifo  |                        data_V_data_23_V                        |    pointer   |
|data_V_data_24_V_dout     |  in |   16|   ap_fifo  |                        data_V_data_24_V                        |    pointer   |
|data_V_data_24_V_empty_n  |  in |    1|   ap_fifo  |                        data_V_data_24_V                        |    pointer   |
|data_V_data_24_V_read     | out |    1|   ap_fifo  |                        data_V_data_24_V                        |    pointer   |
|data_V_data_25_V_dout     |  in |   16|   ap_fifo  |                        data_V_data_25_V                        |    pointer   |
|data_V_data_25_V_empty_n  |  in |    1|   ap_fifo  |                        data_V_data_25_V                        |    pointer   |
|data_V_data_25_V_read     | out |    1|   ap_fifo  |                        data_V_data_25_V                        |    pointer   |
|data_V_data_26_V_dout     |  in |   16|   ap_fifo  |                        data_V_data_26_V                        |    pointer   |
|data_V_data_26_V_empty_n  |  in |    1|   ap_fifo  |                        data_V_data_26_V                        |    pointer   |
|data_V_data_26_V_read     | out |    1|   ap_fifo  |                        data_V_data_26_V                        |    pointer   |
|data_V_data_27_V_dout     |  in |   16|   ap_fifo  |                        data_V_data_27_V                        |    pointer   |
|data_V_data_27_V_empty_n  |  in |    1|   ap_fifo  |                        data_V_data_27_V                        |    pointer   |
|data_V_data_27_V_read     | out |    1|   ap_fifo  |                        data_V_data_27_V                        |    pointer   |
|data_V_data_28_V_dout     |  in |   16|   ap_fifo  |                        data_V_data_28_V                        |    pointer   |
|data_V_data_28_V_empty_n  |  in |    1|   ap_fifo  |                        data_V_data_28_V                        |    pointer   |
|data_V_data_28_V_read     | out |    1|   ap_fifo  |                        data_V_data_28_V                        |    pointer   |
|data_V_data_29_V_dout     |  in |   16|   ap_fifo  |                        data_V_data_29_V                        |    pointer   |
|data_V_data_29_V_empty_n  |  in |    1|   ap_fifo  |                        data_V_data_29_V                        |    pointer   |
|data_V_data_29_V_read     | out |    1|   ap_fifo  |                        data_V_data_29_V                        |    pointer   |
|data_V_data_30_V_dout     |  in |   16|   ap_fifo  |                        data_V_data_30_V                        |    pointer   |
|data_V_data_30_V_empty_n  |  in |    1|   ap_fifo  |                        data_V_data_30_V                        |    pointer   |
|data_V_data_30_V_read     | out |    1|   ap_fifo  |                        data_V_data_30_V                        |    pointer   |
|data_V_data_31_V_dout     |  in |   16|   ap_fifo  |                        data_V_data_31_V                        |    pointer   |
|data_V_data_31_V_empty_n  |  in |    1|   ap_fifo  |                        data_V_data_31_V                        |    pointer   |
|data_V_data_31_V_read     | out |    1|   ap_fifo  |                        data_V_data_31_V                        |    pointer   |
|data_V_data_32_V_dout     |  in |   16|   ap_fifo  |                        data_V_data_32_V                        |    pointer   |
|data_V_data_32_V_empty_n  |  in |    1|   ap_fifo  |                        data_V_data_32_V                        |    pointer   |
|data_V_data_32_V_read     | out |    1|   ap_fifo  |                        data_V_data_32_V                        |    pointer   |
|data_V_data_33_V_dout     |  in |   16|   ap_fifo  |                        data_V_data_33_V                        |    pointer   |
|data_V_data_33_V_empty_n  |  in |    1|   ap_fifo  |                        data_V_data_33_V                        |    pointer   |
|data_V_data_33_V_read     | out |    1|   ap_fifo  |                        data_V_data_33_V                        |    pointer   |
|data_V_data_34_V_dout     |  in |   16|   ap_fifo  |                        data_V_data_34_V                        |    pointer   |
|data_V_data_34_V_empty_n  |  in |    1|   ap_fifo  |                        data_V_data_34_V                        |    pointer   |
|data_V_data_34_V_read     | out |    1|   ap_fifo  |                        data_V_data_34_V                        |    pointer   |
|data_V_data_35_V_dout     |  in |   16|   ap_fifo  |                        data_V_data_35_V                        |    pointer   |
|data_V_data_35_V_empty_n  |  in |    1|   ap_fifo  |                        data_V_data_35_V                        |    pointer   |
|data_V_data_35_V_read     | out |    1|   ap_fifo  |                        data_V_data_35_V                        |    pointer   |
|data_V_data_36_V_dout     |  in |   16|   ap_fifo  |                        data_V_data_36_V                        |    pointer   |
|data_V_data_36_V_empty_n  |  in |    1|   ap_fifo  |                        data_V_data_36_V                        |    pointer   |
|data_V_data_36_V_read     | out |    1|   ap_fifo  |                        data_V_data_36_V                        |    pointer   |
|data_V_data_37_V_dout     |  in |   16|   ap_fifo  |                        data_V_data_37_V                        |    pointer   |
|data_V_data_37_V_empty_n  |  in |    1|   ap_fifo  |                        data_V_data_37_V                        |    pointer   |
|data_V_data_37_V_read     | out |    1|   ap_fifo  |                        data_V_data_37_V                        |    pointer   |
|data_V_data_38_V_dout     |  in |   16|   ap_fifo  |                        data_V_data_38_V                        |    pointer   |
|data_V_data_38_V_empty_n  |  in |    1|   ap_fifo  |                        data_V_data_38_V                        |    pointer   |
|data_V_data_38_V_read     | out |    1|   ap_fifo  |                        data_V_data_38_V                        |    pointer   |
|data_V_data_39_V_dout     |  in |   16|   ap_fifo  |                        data_V_data_39_V                        |    pointer   |
|data_V_data_39_V_empty_n  |  in |    1|   ap_fifo  |                        data_V_data_39_V                        |    pointer   |
|data_V_data_39_V_read     | out |    1|   ap_fifo  |                        data_V_data_39_V                        |    pointer   |
|data_V_data_40_V_dout     |  in |   16|   ap_fifo  |                        data_V_data_40_V                        |    pointer   |
|data_V_data_40_V_empty_n  |  in |    1|   ap_fifo  |                        data_V_data_40_V                        |    pointer   |
|data_V_data_40_V_read     | out |    1|   ap_fifo  |                        data_V_data_40_V                        |    pointer   |
|data_V_data_41_V_dout     |  in |   16|   ap_fifo  |                        data_V_data_41_V                        |    pointer   |
|data_V_data_41_V_empty_n  |  in |    1|   ap_fifo  |                        data_V_data_41_V                        |    pointer   |
|data_V_data_41_V_read     | out |    1|   ap_fifo  |                        data_V_data_41_V                        |    pointer   |
|data_V_data_42_V_dout     |  in |   16|   ap_fifo  |                        data_V_data_42_V                        |    pointer   |
|data_V_data_42_V_empty_n  |  in |    1|   ap_fifo  |                        data_V_data_42_V                        |    pointer   |
|data_V_data_42_V_read     | out |    1|   ap_fifo  |                        data_V_data_42_V                        |    pointer   |
|data_V_data_43_V_dout     |  in |   16|   ap_fifo  |                        data_V_data_43_V                        |    pointer   |
|data_V_data_43_V_empty_n  |  in |    1|   ap_fifo  |                        data_V_data_43_V                        |    pointer   |
|data_V_data_43_V_read     | out |    1|   ap_fifo  |                        data_V_data_43_V                        |    pointer   |
|data_V_data_44_V_dout     |  in |   16|   ap_fifo  |                        data_V_data_44_V                        |    pointer   |
|data_V_data_44_V_empty_n  |  in |    1|   ap_fifo  |                        data_V_data_44_V                        |    pointer   |
|data_V_data_44_V_read     | out |    1|   ap_fifo  |                        data_V_data_44_V                        |    pointer   |
|data_V_data_45_V_dout     |  in |   16|   ap_fifo  |                        data_V_data_45_V                        |    pointer   |
|data_V_data_45_V_empty_n  |  in |    1|   ap_fifo  |                        data_V_data_45_V                        |    pointer   |
|data_V_data_45_V_read     | out |    1|   ap_fifo  |                        data_V_data_45_V                        |    pointer   |
|data_V_data_46_V_dout     |  in |   16|   ap_fifo  |                        data_V_data_46_V                        |    pointer   |
|data_V_data_46_V_empty_n  |  in |    1|   ap_fifo  |                        data_V_data_46_V                        |    pointer   |
|data_V_data_46_V_read     | out |    1|   ap_fifo  |                        data_V_data_46_V                        |    pointer   |
|data_V_data_47_V_dout     |  in |   16|   ap_fifo  |                        data_V_data_47_V                        |    pointer   |
|data_V_data_47_V_empty_n  |  in |    1|   ap_fifo  |                        data_V_data_47_V                        |    pointer   |
|data_V_data_47_V_read     | out |    1|   ap_fifo  |                        data_V_data_47_V                        |    pointer   |
|data_V_data_48_V_dout     |  in |   16|   ap_fifo  |                        data_V_data_48_V                        |    pointer   |
|data_V_data_48_V_empty_n  |  in |    1|   ap_fifo  |                        data_V_data_48_V                        |    pointer   |
|data_V_data_48_V_read     | out |    1|   ap_fifo  |                        data_V_data_48_V                        |    pointer   |
|data_V_data_49_V_dout     |  in |   16|   ap_fifo  |                        data_V_data_49_V                        |    pointer   |
|data_V_data_49_V_empty_n  |  in |    1|   ap_fifo  |                        data_V_data_49_V                        |    pointer   |
|data_V_data_49_V_read     | out |    1|   ap_fifo  |                        data_V_data_49_V                        |    pointer   |
|data_V_data_50_V_dout     |  in |   16|   ap_fifo  |                        data_V_data_50_V                        |    pointer   |
|data_V_data_50_V_empty_n  |  in |    1|   ap_fifo  |                        data_V_data_50_V                        |    pointer   |
|data_V_data_50_V_read     | out |    1|   ap_fifo  |                        data_V_data_50_V                        |    pointer   |
|data_V_data_51_V_dout     |  in |   16|   ap_fifo  |                        data_V_data_51_V                        |    pointer   |
|data_V_data_51_V_empty_n  |  in |    1|   ap_fifo  |                        data_V_data_51_V                        |    pointer   |
|data_V_data_51_V_read     | out |    1|   ap_fifo  |                        data_V_data_51_V                        |    pointer   |
|data_V_data_52_V_dout     |  in |   16|   ap_fifo  |                        data_V_data_52_V                        |    pointer   |
|data_V_data_52_V_empty_n  |  in |    1|   ap_fifo  |                        data_V_data_52_V                        |    pointer   |
|data_V_data_52_V_read     | out |    1|   ap_fifo  |                        data_V_data_52_V                        |    pointer   |
|data_V_data_53_V_dout     |  in |   16|   ap_fifo  |                        data_V_data_53_V                        |    pointer   |
|data_V_data_53_V_empty_n  |  in |    1|   ap_fifo  |                        data_V_data_53_V                        |    pointer   |
|data_V_data_53_V_read     | out |    1|   ap_fifo  |                        data_V_data_53_V                        |    pointer   |
|data_V_data_54_V_dout     |  in |   16|   ap_fifo  |                        data_V_data_54_V                        |    pointer   |
|data_V_data_54_V_empty_n  |  in |    1|   ap_fifo  |                        data_V_data_54_V                        |    pointer   |
|data_V_data_54_V_read     | out |    1|   ap_fifo  |                        data_V_data_54_V                        |    pointer   |
|data_V_data_55_V_dout     |  in |   16|   ap_fifo  |                        data_V_data_55_V                        |    pointer   |
|data_V_data_55_V_empty_n  |  in |    1|   ap_fifo  |                        data_V_data_55_V                        |    pointer   |
|data_V_data_55_V_read     | out |    1|   ap_fifo  |                        data_V_data_55_V                        |    pointer   |
|data_V_data_56_V_dout     |  in |   16|   ap_fifo  |                        data_V_data_56_V                        |    pointer   |
|data_V_data_56_V_empty_n  |  in |    1|   ap_fifo  |                        data_V_data_56_V                        |    pointer   |
|data_V_data_56_V_read     | out |    1|   ap_fifo  |                        data_V_data_56_V                        |    pointer   |
|data_V_data_57_V_dout     |  in |   16|   ap_fifo  |                        data_V_data_57_V                        |    pointer   |
|data_V_data_57_V_empty_n  |  in |    1|   ap_fifo  |                        data_V_data_57_V                        |    pointer   |
|data_V_data_57_V_read     | out |    1|   ap_fifo  |                        data_V_data_57_V                        |    pointer   |
|data_V_data_58_V_dout     |  in |   16|   ap_fifo  |                        data_V_data_58_V                        |    pointer   |
|data_V_data_58_V_empty_n  |  in |    1|   ap_fifo  |                        data_V_data_58_V                        |    pointer   |
|data_V_data_58_V_read     | out |    1|   ap_fifo  |                        data_V_data_58_V                        |    pointer   |
|data_V_data_59_V_dout     |  in |   16|   ap_fifo  |                        data_V_data_59_V                        |    pointer   |
|data_V_data_59_V_empty_n  |  in |    1|   ap_fifo  |                        data_V_data_59_V                        |    pointer   |
|data_V_data_59_V_read     | out |    1|   ap_fifo  |                        data_V_data_59_V                        |    pointer   |
|data_V_data_60_V_dout     |  in |   16|   ap_fifo  |                        data_V_data_60_V                        |    pointer   |
|data_V_data_60_V_empty_n  |  in |    1|   ap_fifo  |                        data_V_data_60_V                        |    pointer   |
|data_V_data_60_V_read     | out |    1|   ap_fifo  |                        data_V_data_60_V                        |    pointer   |
|data_V_data_61_V_dout     |  in |   16|   ap_fifo  |                        data_V_data_61_V                        |    pointer   |
|data_V_data_61_V_empty_n  |  in |    1|   ap_fifo  |                        data_V_data_61_V                        |    pointer   |
|data_V_data_61_V_read     | out |    1|   ap_fifo  |                        data_V_data_61_V                        |    pointer   |
|data_V_data_62_V_dout     |  in |   16|   ap_fifo  |                        data_V_data_62_V                        |    pointer   |
|data_V_data_62_V_empty_n  |  in |    1|   ap_fifo  |                        data_V_data_62_V                        |    pointer   |
|data_V_data_62_V_read     | out |    1|   ap_fifo  |                        data_V_data_62_V                        |    pointer   |
|data_V_data_63_V_dout     |  in |   16|   ap_fifo  |                        data_V_data_63_V                        |    pointer   |
|data_V_data_63_V_empty_n  |  in |    1|   ap_fifo  |                        data_V_data_63_V                        |    pointer   |
|data_V_data_63_V_read     | out |    1|   ap_fifo  |                        data_V_data_63_V                        |    pointer   |
|res_V_data_0_V_din        | out |   16|   ap_fifo  |                         res_V_data_0_V                         |    pointer   |
|res_V_data_0_V_full_n     |  in |    1|   ap_fifo  |                         res_V_data_0_V                         |    pointer   |
|res_V_data_0_V_write      | out |    1|   ap_fifo  |                         res_V_data_0_V                         |    pointer   |
|res_V_data_1_V_din        | out |   16|   ap_fifo  |                         res_V_data_1_V                         |    pointer   |
|res_V_data_1_V_full_n     |  in |    1|   ap_fifo  |                         res_V_data_1_V                         |    pointer   |
|res_V_data_1_V_write      | out |    1|   ap_fifo  |                         res_V_data_1_V                         |    pointer   |
|res_V_data_2_V_din        | out |   16|   ap_fifo  |                         res_V_data_2_V                         |    pointer   |
|res_V_data_2_V_full_n     |  in |    1|   ap_fifo  |                         res_V_data_2_V                         |    pointer   |
|res_V_data_2_V_write      | out |    1|   ap_fifo  |                         res_V_data_2_V                         |    pointer   |
|res_V_data_3_V_din        | out |   16|   ap_fifo  |                         res_V_data_3_V                         |    pointer   |
|res_V_data_3_V_full_n     |  in |    1|   ap_fifo  |                         res_V_data_3_V                         |    pointer   |
|res_V_data_3_V_write      | out |    1|   ap_fifo  |                         res_V_data_3_V                         |    pointer   |
|res_V_data_4_V_din        | out |   16|   ap_fifo  |                         res_V_data_4_V                         |    pointer   |
|res_V_data_4_V_full_n     |  in |    1|   ap_fifo  |                         res_V_data_4_V                         |    pointer   |
|res_V_data_4_V_write      | out |    1|   ap_fifo  |                         res_V_data_4_V                         |    pointer   |
|res_V_data_5_V_din        | out |   16|   ap_fifo  |                         res_V_data_5_V                         |    pointer   |
|res_V_data_5_V_full_n     |  in |    1|   ap_fifo  |                         res_V_data_5_V                         |    pointer   |
|res_V_data_5_V_write      | out |    1|   ap_fifo  |                         res_V_data_5_V                         |    pointer   |
|res_V_data_6_V_din        | out |   16|   ap_fifo  |                         res_V_data_6_V                         |    pointer   |
|res_V_data_6_V_full_n     |  in |    1|   ap_fifo  |                         res_V_data_6_V                         |    pointer   |
|res_V_data_6_V_write      | out |    1|   ap_fifo  |                         res_V_data_6_V                         |    pointer   |
|res_V_data_7_V_din        | out |   16|   ap_fifo  |                         res_V_data_7_V                         |    pointer   |
|res_V_data_7_V_full_n     |  in |    1|   ap_fifo  |                         res_V_data_7_V                         |    pointer   |
|res_V_data_7_V_write      | out |    1|   ap_fifo  |                         res_V_data_7_V                         |    pointer   |
|res_V_data_8_V_din        | out |   16|   ap_fifo  |                         res_V_data_8_V                         |    pointer   |
|res_V_data_8_V_full_n     |  in |    1|   ap_fifo  |                         res_V_data_8_V                         |    pointer   |
|res_V_data_8_V_write      | out |    1|   ap_fifo  |                         res_V_data_8_V                         |    pointer   |
|res_V_data_9_V_din        | out |   16|   ap_fifo  |                         res_V_data_9_V                         |    pointer   |
|res_V_data_9_V_full_n     |  in |    1|   ap_fifo  |                         res_V_data_9_V                         |    pointer   |
|res_V_data_9_V_write      | out |    1|   ap_fifo  |                         res_V_data_9_V                         |    pointer   |
|res_V_data_10_V_din       | out |   16|   ap_fifo  |                         res_V_data_10_V                        |    pointer   |
|res_V_data_10_V_full_n    |  in |    1|   ap_fifo  |                         res_V_data_10_V                        |    pointer   |
|res_V_data_10_V_write     | out |    1|   ap_fifo  |                         res_V_data_10_V                        |    pointer   |
|res_V_data_11_V_din       | out |   16|   ap_fifo  |                         res_V_data_11_V                        |    pointer   |
|res_V_data_11_V_full_n    |  in |    1|   ap_fifo  |                         res_V_data_11_V                        |    pointer   |
|res_V_data_11_V_write     | out |    1|   ap_fifo  |                         res_V_data_11_V                        |    pointer   |
|res_V_data_12_V_din       | out |   16|   ap_fifo  |                         res_V_data_12_V                        |    pointer   |
|res_V_data_12_V_full_n    |  in |    1|   ap_fifo  |                         res_V_data_12_V                        |    pointer   |
|res_V_data_12_V_write     | out |    1|   ap_fifo  |                         res_V_data_12_V                        |    pointer   |
|res_V_data_13_V_din       | out |   16|   ap_fifo  |                         res_V_data_13_V                        |    pointer   |
|res_V_data_13_V_full_n    |  in |    1|   ap_fifo  |                         res_V_data_13_V                        |    pointer   |
|res_V_data_13_V_write     | out |    1|   ap_fifo  |                         res_V_data_13_V                        |    pointer   |
|res_V_data_14_V_din       | out |   16|   ap_fifo  |                         res_V_data_14_V                        |    pointer   |
|res_V_data_14_V_full_n    |  in |    1|   ap_fifo  |                         res_V_data_14_V                        |    pointer   |
|res_V_data_14_V_write     | out |    1|   ap_fifo  |                         res_V_data_14_V                        |    pointer   |
|res_V_data_15_V_din       | out |   16|   ap_fifo  |                         res_V_data_15_V                        |    pointer   |
|res_V_data_15_V_full_n    |  in |    1|   ap_fifo  |                         res_V_data_15_V                        |    pointer   |
|res_V_data_15_V_write     | out |    1|   ap_fifo  |                         res_V_data_15_V                        |    pointer   |
|res_V_data_16_V_din       | out |   16|   ap_fifo  |                         res_V_data_16_V                        |    pointer   |
|res_V_data_16_V_full_n    |  in |    1|   ap_fifo  |                         res_V_data_16_V                        |    pointer   |
|res_V_data_16_V_write     | out |    1|   ap_fifo  |                         res_V_data_16_V                        |    pointer   |
|res_V_data_17_V_din       | out |   16|   ap_fifo  |                         res_V_data_17_V                        |    pointer   |
|res_V_data_17_V_full_n    |  in |    1|   ap_fifo  |                         res_V_data_17_V                        |    pointer   |
|res_V_data_17_V_write     | out |    1|   ap_fifo  |                         res_V_data_17_V                        |    pointer   |
|res_V_data_18_V_din       | out |   16|   ap_fifo  |                         res_V_data_18_V                        |    pointer   |
|res_V_data_18_V_full_n    |  in |    1|   ap_fifo  |                         res_V_data_18_V                        |    pointer   |
|res_V_data_18_V_write     | out |    1|   ap_fifo  |                         res_V_data_18_V                        |    pointer   |
|res_V_data_19_V_din       | out |   16|   ap_fifo  |                         res_V_data_19_V                        |    pointer   |
|res_V_data_19_V_full_n    |  in |    1|   ap_fifo  |                         res_V_data_19_V                        |    pointer   |
|res_V_data_19_V_write     | out |    1|   ap_fifo  |                         res_V_data_19_V                        |    pointer   |
|res_V_data_20_V_din       | out |   16|   ap_fifo  |                         res_V_data_20_V                        |    pointer   |
|res_V_data_20_V_full_n    |  in |    1|   ap_fifo  |                         res_V_data_20_V                        |    pointer   |
|res_V_data_20_V_write     | out |    1|   ap_fifo  |                         res_V_data_20_V                        |    pointer   |
|res_V_data_21_V_din       | out |   16|   ap_fifo  |                         res_V_data_21_V                        |    pointer   |
|res_V_data_21_V_full_n    |  in |    1|   ap_fifo  |                         res_V_data_21_V                        |    pointer   |
|res_V_data_21_V_write     | out |    1|   ap_fifo  |                         res_V_data_21_V                        |    pointer   |
|res_V_data_22_V_din       | out |   16|   ap_fifo  |                         res_V_data_22_V                        |    pointer   |
|res_V_data_22_V_full_n    |  in |    1|   ap_fifo  |                         res_V_data_22_V                        |    pointer   |
|res_V_data_22_V_write     | out |    1|   ap_fifo  |                         res_V_data_22_V                        |    pointer   |
|res_V_data_23_V_din       | out |   16|   ap_fifo  |                         res_V_data_23_V                        |    pointer   |
|res_V_data_23_V_full_n    |  in |    1|   ap_fifo  |                         res_V_data_23_V                        |    pointer   |
|res_V_data_23_V_write     | out |    1|   ap_fifo  |                         res_V_data_23_V                        |    pointer   |
|res_V_data_24_V_din       | out |   16|   ap_fifo  |                         res_V_data_24_V                        |    pointer   |
|res_V_data_24_V_full_n    |  in |    1|   ap_fifo  |                         res_V_data_24_V                        |    pointer   |
|res_V_data_24_V_write     | out |    1|   ap_fifo  |                         res_V_data_24_V                        |    pointer   |
|res_V_data_25_V_din       | out |   16|   ap_fifo  |                         res_V_data_25_V                        |    pointer   |
|res_V_data_25_V_full_n    |  in |    1|   ap_fifo  |                         res_V_data_25_V                        |    pointer   |
|res_V_data_25_V_write     | out |    1|   ap_fifo  |                         res_V_data_25_V                        |    pointer   |
|res_V_data_26_V_din       | out |   16|   ap_fifo  |                         res_V_data_26_V                        |    pointer   |
|res_V_data_26_V_full_n    |  in |    1|   ap_fifo  |                         res_V_data_26_V                        |    pointer   |
|res_V_data_26_V_write     | out |    1|   ap_fifo  |                         res_V_data_26_V                        |    pointer   |
|res_V_data_27_V_din       | out |   16|   ap_fifo  |                         res_V_data_27_V                        |    pointer   |
|res_V_data_27_V_full_n    |  in |    1|   ap_fifo  |                         res_V_data_27_V                        |    pointer   |
|res_V_data_27_V_write     | out |    1|   ap_fifo  |                         res_V_data_27_V                        |    pointer   |
|res_V_data_28_V_din       | out |   16|   ap_fifo  |                         res_V_data_28_V                        |    pointer   |
|res_V_data_28_V_full_n    |  in |    1|   ap_fifo  |                         res_V_data_28_V                        |    pointer   |
|res_V_data_28_V_write     | out |    1|   ap_fifo  |                         res_V_data_28_V                        |    pointer   |
|res_V_data_29_V_din       | out |   16|   ap_fifo  |                         res_V_data_29_V                        |    pointer   |
|res_V_data_29_V_full_n    |  in |    1|   ap_fifo  |                         res_V_data_29_V                        |    pointer   |
|res_V_data_29_V_write     | out |    1|   ap_fifo  |                         res_V_data_29_V                        |    pointer   |
|res_V_data_30_V_din       | out |   16|   ap_fifo  |                         res_V_data_30_V                        |    pointer   |
|res_V_data_30_V_full_n    |  in |    1|   ap_fifo  |                         res_V_data_30_V                        |    pointer   |
|res_V_data_30_V_write     | out |    1|   ap_fifo  |                         res_V_data_30_V                        |    pointer   |
|res_V_data_31_V_din       | out |   16|   ap_fifo  |                         res_V_data_31_V                        |    pointer   |
|res_V_data_31_V_full_n    |  in |    1|   ap_fifo  |                         res_V_data_31_V                        |    pointer   |
|res_V_data_31_V_write     | out |    1|   ap_fifo  |                         res_V_data_31_V                        |    pointer   |
|res_V_data_32_V_din       | out |   16|   ap_fifo  |                         res_V_data_32_V                        |    pointer   |
|res_V_data_32_V_full_n    |  in |    1|   ap_fifo  |                         res_V_data_32_V                        |    pointer   |
|res_V_data_32_V_write     | out |    1|   ap_fifo  |                         res_V_data_32_V                        |    pointer   |
|res_V_data_33_V_din       | out |   16|   ap_fifo  |                         res_V_data_33_V                        |    pointer   |
|res_V_data_33_V_full_n    |  in |    1|   ap_fifo  |                         res_V_data_33_V                        |    pointer   |
|res_V_data_33_V_write     | out |    1|   ap_fifo  |                         res_V_data_33_V                        |    pointer   |
|res_V_data_34_V_din       | out |   16|   ap_fifo  |                         res_V_data_34_V                        |    pointer   |
|res_V_data_34_V_full_n    |  in |    1|   ap_fifo  |                         res_V_data_34_V                        |    pointer   |
|res_V_data_34_V_write     | out |    1|   ap_fifo  |                         res_V_data_34_V                        |    pointer   |
|res_V_data_35_V_din       | out |   16|   ap_fifo  |                         res_V_data_35_V                        |    pointer   |
|res_V_data_35_V_full_n    |  in |    1|   ap_fifo  |                         res_V_data_35_V                        |    pointer   |
|res_V_data_35_V_write     | out |    1|   ap_fifo  |                         res_V_data_35_V                        |    pointer   |
|res_V_data_36_V_din       | out |   16|   ap_fifo  |                         res_V_data_36_V                        |    pointer   |
|res_V_data_36_V_full_n    |  in |    1|   ap_fifo  |                         res_V_data_36_V                        |    pointer   |
|res_V_data_36_V_write     | out |    1|   ap_fifo  |                         res_V_data_36_V                        |    pointer   |
|res_V_data_37_V_din       | out |   16|   ap_fifo  |                         res_V_data_37_V                        |    pointer   |
|res_V_data_37_V_full_n    |  in |    1|   ap_fifo  |                         res_V_data_37_V                        |    pointer   |
|res_V_data_37_V_write     | out |    1|   ap_fifo  |                         res_V_data_37_V                        |    pointer   |
|res_V_data_38_V_din       | out |   16|   ap_fifo  |                         res_V_data_38_V                        |    pointer   |
|res_V_data_38_V_full_n    |  in |    1|   ap_fifo  |                         res_V_data_38_V                        |    pointer   |
|res_V_data_38_V_write     | out |    1|   ap_fifo  |                         res_V_data_38_V                        |    pointer   |
|res_V_data_39_V_din       | out |   16|   ap_fifo  |                         res_V_data_39_V                        |    pointer   |
|res_V_data_39_V_full_n    |  in |    1|   ap_fifo  |                         res_V_data_39_V                        |    pointer   |
|res_V_data_39_V_write     | out |    1|   ap_fifo  |                         res_V_data_39_V                        |    pointer   |
|res_V_data_40_V_din       | out |   16|   ap_fifo  |                         res_V_data_40_V                        |    pointer   |
|res_V_data_40_V_full_n    |  in |    1|   ap_fifo  |                         res_V_data_40_V                        |    pointer   |
|res_V_data_40_V_write     | out |    1|   ap_fifo  |                         res_V_data_40_V                        |    pointer   |
|res_V_data_41_V_din       | out |   16|   ap_fifo  |                         res_V_data_41_V                        |    pointer   |
|res_V_data_41_V_full_n    |  in |    1|   ap_fifo  |                         res_V_data_41_V                        |    pointer   |
|res_V_data_41_V_write     | out |    1|   ap_fifo  |                         res_V_data_41_V                        |    pointer   |
|res_V_data_42_V_din       | out |   16|   ap_fifo  |                         res_V_data_42_V                        |    pointer   |
|res_V_data_42_V_full_n    |  in |    1|   ap_fifo  |                         res_V_data_42_V                        |    pointer   |
|res_V_data_42_V_write     | out |    1|   ap_fifo  |                         res_V_data_42_V                        |    pointer   |
|res_V_data_43_V_din       | out |   16|   ap_fifo  |                         res_V_data_43_V                        |    pointer   |
|res_V_data_43_V_full_n    |  in |    1|   ap_fifo  |                         res_V_data_43_V                        |    pointer   |
|res_V_data_43_V_write     | out |    1|   ap_fifo  |                         res_V_data_43_V                        |    pointer   |
|res_V_data_44_V_din       | out |   16|   ap_fifo  |                         res_V_data_44_V                        |    pointer   |
|res_V_data_44_V_full_n    |  in |    1|   ap_fifo  |                         res_V_data_44_V                        |    pointer   |
|res_V_data_44_V_write     | out |    1|   ap_fifo  |                         res_V_data_44_V                        |    pointer   |
|res_V_data_45_V_din       | out |   16|   ap_fifo  |                         res_V_data_45_V                        |    pointer   |
|res_V_data_45_V_full_n    |  in |    1|   ap_fifo  |                         res_V_data_45_V                        |    pointer   |
|res_V_data_45_V_write     | out |    1|   ap_fifo  |                         res_V_data_45_V                        |    pointer   |
|res_V_data_46_V_din       | out |   16|   ap_fifo  |                         res_V_data_46_V                        |    pointer   |
|res_V_data_46_V_full_n    |  in |    1|   ap_fifo  |                         res_V_data_46_V                        |    pointer   |
|res_V_data_46_V_write     | out |    1|   ap_fifo  |                         res_V_data_46_V                        |    pointer   |
|res_V_data_47_V_din       | out |   16|   ap_fifo  |                         res_V_data_47_V                        |    pointer   |
|res_V_data_47_V_full_n    |  in |    1|   ap_fifo  |                         res_V_data_47_V                        |    pointer   |
|res_V_data_47_V_write     | out |    1|   ap_fifo  |                         res_V_data_47_V                        |    pointer   |
|res_V_data_48_V_din       | out |   16|   ap_fifo  |                         res_V_data_48_V                        |    pointer   |
|res_V_data_48_V_full_n    |  in |    1|   ap_fifo  |                         res_V_data_48_V                        |    pointer   |
|res_V_data_48_V_write     | out |    1|   ap_fifo  |                         res_V_data_48_V                        |    pointer   |
|res_V_data_49_V_din       | out |   16|   ap_fifo  |                         res_V_data_49_V                        |    pointer   |
|res_V_data_49_V_full_n    |  in |    1|   ap_fifo  |                         res_V_data_49_V                        |    pointer   |
|res_V_data_49_V_write     | out |    1|   ap_fifo  |                         res_V_data_49_V                        |    pointer   |
|res_V_data_50_V_din       | out |   16|   ap_fifo  |                         res_V_data_50_V                        |    pointer   |
|res_V_data_50_V_full_n    |  in |    1|   ap_fifo  |                         res_V_data_50_V                        |    pointer   |
|res_V_data_50_V_write     | out |    1|   ap_fifo  |                         res_V_data_50_V                        |    pointer   |
|res_V_data_51_V_din       | out |   16|   ap_fifo  |                         res_V_data_51_V                        |    pointer   |
|res_V_data_51_V_full_n    |  in |    1|   ap_fifo  |                         res_V_data_51_V                        |    pointer   |
|res_V_data_51_V_write     | out |    1|   ap_fifo  |                         res_V_data_51_V                        |    pointer   |
|res_V_data_52_V_din       | out |   16|   ap_fifo  |                         res_V_data_52_V                        |    pointer   |
|res_V_data_52_V_full_n    |  in |    1|   ap_fifo  |                         res_V_data_52_V                        |    pointer   |
|res_V_data_52_V_write     | out |    1|   ap_fifo  |                         res_V_data_52_V                        |    pointer   |
|res_V_data_53_V_din       | out |   16|   ap_fifo  |                         res_V_data_53_V                        |    pointer   |
|res_V_data_53_V_full_n    |  in |    1|   ap_fifo  |                         res_V_data_53_V                        |    pointer   |
|res_V_data_53_V_write     | out |    1|   ap_fifo  |                         res_V_data_53_V                        |    pointer   |
|res_V_data_54_V_din       | out |   16|   ap_fifo  |                         res_V_data_54_V                        |    pointer   |
|res_V_data_54_V_full_n    |  in |    1|   ap_fifo  |                         res_V_data_54_V                        |    pointer   |
|res_V_data_54_V_write     | out |    1|   ap_fifo  |                         res_V_data_54_V                        |    pointer   |
|res_V_data_55_V_din       | out |   16|   ap_fifo  |                         res_V_data_55_V                        |    pointer   |
|res_V_data_55_V_full_n    |  in |    1|   ap_fifo  |                         res_V_data_55_V                        |    pointer   |
|res_V_data_55_V_write     | out |    1|   ap_fifo  |                         res_V_data_55_V                        |    pointer   |
|res_V_data_56_V_din       | out |   16|   ap_fifo  |                         res_V_data_56_V                        |    pointer   |
|res_V_data_56_V_full_n    |  in |    1|   ap_fifo  |                         res_V_data_56_V                        |    pointer   |
|res_V_data_56_V_write     | out |    1|   ap_fifo  |                         res_V_data_56_V                        |    pointer   |
|res_V_data_57_V_din       | out |   16|   ap_fifo  |                         res_V_data_57_V                        |    pointer   |
|res_V_data_57_V_full_n    |  in |    1|   ap_fifo  |                         res_V_data_57_V                        |    pointer   |
|res_V_data_57_V_write     | out |    1|   ap_fifo  |                         res_V_data_57_V                        |    pointer   |
|res_V_data_58_V_din       | out |   16|   ap_fifo  |                         res_V_data_58_V                        |    pointer   |
|res_V_data_58_V_full_n    |  in |    1|   ap_fifo  |                         res_V_data_58_V                        |    pointer   |
|res_V_data_58_V_write     | out |    1|   ap_fifo  |                         res_V_data_58_V                        |    pointer   |
|res_V_data_59_V_din       | out |   16|   ap_fifo  |                         res_V_data_59_V                        |    pointer   |
|res_V_data_59_V_full_n    |  in |    1|   ap_fifo  |                         res_V_data_59_V                        |    pointer   |
|res_V_data_59_V_write     | out |    1|   ap_fifo  |                         res_V_data_59_V                        |    pointer   |
|res_V_data_60_V_din       | out |   16|   ap_fifo  |                         res_V_data_60_V                        |    pointer   |
|res_V_data_60_V_full_n    |  in |    1|   ap_fifo  |                         res_V_data_60_V                        |    pointer   |
|res_V_data_60_V_write     | out |    1|   ap_fifo  |                         res_V_data_60_V                        |    pointer   |
|res_V_data_61_V_din       | out |   16|   ap_fifo  |                         res_V_data_61_V                        |    pointer   |
|res_V_data_61_V_full_n    |  in |    1|   ap_fifo  |                         res_V_data_61_V                        |    pointer   |
|res_V_data_61_V_write     | out |    1|   ap_fifo  |                         res_V_data_61_V                        |    pointer   |
|res_V_data_62_V_din       | out |   16|   ap_fifo  |                         res_V_data_62_V                        |    pointer   |
|res_V_data_62_V_full_n    |  in |    1|   ap_fifo  |                         res_V_data_62_V                        |    pointer   |
|res_V_data_62_V_write     | out |    1|   ap_fifo  |                         res_V_data_62_V                        |    pointer   |
|res_V_data_63_V_din       | out |   16|   ap_fifo  |                         res_V_data_63_V                        |    pointer   |
|res_V_data_63_V_full_n    |  in |    1|   ap_fifo  |                         res_V_data_63_V                        |    pointer   |
|res_V_data_63_V_write     | out |    1|   ap_fifo  |                         res_V_data_63_V                        |    pointer   |
+--------------------------+-----+-----+------------+----------------------------------------------------------------+--------------+

