

================================================================
== Vivado HLS Report for 'compute_global_pool_array_array_ap_fixed_16_6_5_3_0_8u_config6_s'
================================================================
* Date:           Tue Dec 19 17:51:06 2023

* Version:        2020.1 (Build 2897737 on Wed May 27 20:21:37 MDT 2020)
* Project:        myproject_prj
* Solution:       solution1
* Product family: zynq
* Target device:  xc7z020-clg400-1


================================================================
== Performance Estimates
================================================================
+ Timing: 
    * Summary: 
    +--------+----------+----------+------------+
    |  Clock |  Target  | Estimated| Uncertainty|
    +--------+----------+----------+------------+
    |ap_clk  | 25.00 ns | 2.077 ns |   3.12 ns  |
    +--------+----------+----------+------------+

+ Latency: 
    * Summary: 
    +---------+---------+----------+----------+-----+-----+----------+
    |  Latency (cycles) |  Latency (absolute) |  Interval | Pipeline |
    |   min   |   max   |    min   |    max   | min | max |   Type   |
    +---------+---------+----------+----------+-----+-----+----------+
    |        0|        0|   0 ns   |   0 ns   |    1|    1| function |
    +---------+---------+----------+----------+-----+-----+----------+

    + Detail: 
        * Instance: 
        N/A

        * Loop: 
        N/A



================================================================
== Utilization Estimates
================================================================
* Summary: 
+-----------------+---------+-------+--------+-------+-----+
|       Name      | BRAM_18K| DSP48E|   FF   |  LUT  | URAM|
+-----------------+---------+-------+--------+-------+-----+
|DSP              |        -|      -|       -|      -|    -|
|Expression       |        -|      -|       0|    184|    -|
|FIFO             |        -|      -|       -|      -|    -|
|Instance         |        -|      -|       -|      -|    -|
|Memory           |        -|      -|       -|      -|    -|
|Multiplexer      |        -|      -|       -|      -|    -|
|Register         |        -|      -|       -|      -|    -|
+-----------------+---------+-------+--------+-------+-----+
|Total            |        0|      0|       0|    184|    0|
+-----------------+---------+-------+--------+-------+-----+
|Available        |      280|    220|  106400|  53200|    0|
+-----------------+---------+-------+--------+-------+-----+
|Utilization (%)  |        0|      0|       0|   ~0  |    0|
+-----------------+---------+-------+--------+-------+-----+

+ Detail: 
    * Instance: 
    N/A

    * DSP48E: 
    N/A

    * Memory: 
    N/A

    * FIFO: 
    N/A

    * Expression: 
    +-------------------------+----------+-------+---+----+------------+------------+
    |      Variable Name      | Operation| DSP48E| FF| LUT| Bitwidth P0| Bitwidth P1|
    +-------------------------+----------+-------+---+----+------------+------------+
    |add_ln703_212_fu_138_p2  |     +    |      0|  0|  23|          16|          16|
    |add_ln703_213_fu_144_p2  |     +    |      0|  0|  23|          16|          16|
    |add_ln703_214_fu_150_p2  |     +    |      0|  0|  23|          16|          16|
    |add_ln703_215_fu_156_p2  |     +    |      0|  0|  23|          16|          16|
    |add_ln703_216_fu_162_p2  |     +    |      0|  0|  23|          16|          16|
    |add_ln703_217_fu_168_p2  |     +    |      0|  0|  23|          16|          16|
    |add_ln703_218_fu_174_p2  |     +    |      0|  0|  23|          16|          16|
    |add_ln703_fu_132_p2      |     +    |      0|  0|  23|          16|          16|
    +-------------------------+----------+-------+---+----+------------+------------+
    |Total                    |          |      0|  0| 184|         128|         128|
    +-------------------------+----------+-------+---+----+------------+------------+

    * Multiplexer: 
    N/A

    * Register: 
    N/A



================================================================
== Interface
================================================================
* Summary: 
+-----------------------+-----+-----+------------+-------------------------------------------------------------------+--------------+
|       RTL Ports       | Dir | Bits|  Protocol  |                           Source Object                           |    C Type    |
+-----------------------+-----+-----+------------+-------------------------------------------------------------------+--------------+
|ap_ready               | out |    1| ap_ctrl_hs | compute_global_pool<array,array<ap_fixed<16,6,5,3,0>,8u>,config6> | return value |
|ap_return_0            | out |   16| ap_ctrl_hs | compute_global_pool<array,array<ap_fixed<16,6,5,3,0>,8u>,config6> | return value |
|ap_return_1            | out |   16| ap_ctrl_hs | compute_global_pool<array,array<ap_fixed<16,6,5,3,0>,8u>,config6> | return value |
|ap_return_2            | out |   16| ap_ctrl_hs | compute_global_pool<array,array<ap_fixed<16,6,5,3,0>,8u>,config6> | return value |
|ap_return_3            | out |   16| ap_ctrl_hs | compute_global_pool<array,array<ap_fixed<16,6,5,3,0>,8u>,config6> | return value |
|ap_return_4            | out |   16| ap_ctrl_hs | compute_global_pool<array,array<ap_fixed<16,6,5,3,0>,8u>,config6> | return value |
|ap_return_5            | out |   16| ap_ctrl_hs | compute_global_pool<array,array<ap_fixed<16,6,5,3,0>,8u>,config6> | return value |
|ap_return_6            | out |   16| ap_ctrl_hs | compute_global_pool<array,array<ap_fixed<16,6,5,3,0>,8u>,config6> | return value |
|ap_return_7            | out |   16| ap_ctrl_hs | compute_global_pool<array,array<ap_fixed<16,6,5,3,0>,8u>,config6> | return value |
|in_elem_data_0_V_read  |  in |   16|   ap_none  |                       in_elem_data_0_V_read                       |    scalar    |
|in_elem_data_1_V_read  |  in |   16|   ap_none  |                       in_elem_data_1_V_read                       |    scalar    |
|in_elem_data_2_V_read  |  in |   16|   ap_none  |                       in_elem_data_2_V_read                       |    scalar    |
|in_elem_data_3_V_read  |  in |   16|   ap_none  |                       in_elem_data_3_V_read                       |    scalar    |
|in_elem_data_4_V_read  |  in |   16|   ap_none  |                       in_elem_data_4_V_read                       |    scalar    |
|in_elem_data_5_V_read  |  in |   16|   ap_none  |                       in_elem_data_5_V_read                       |    scalar    |
|in_elem_data_6_V_read  |  in |   16|   ap_none  |                       in_elem_data_6_V_read                       |    scalar    |
|in_elem_data_7_V_read  |  in |   16|   ap_none  |                       in_elem_data_7_V_read                       |    scalar    |
|data_window_0_V_read   |  in |   16|   ap_none  |                        data_window_0_V_read                       |    scalar    |
|data_window_1_V_read   |  in |   16|   ap_none  |                        data_window_1_V_read                       |    scalar    |
|data_window_2_V_read   |  in |   16|   ap_none  |                        data_window_2_V_read                       |    scalar    |
|data_window_3_V_read   |  in |   16|   ap_none  |                        data_window_3_V_read                       |    scalar    |
|data_window_4_V_read   |  in |   16|   ap_none  |                        data_window_4_V_read                       |    scalar    |
|data_window_5_V_read   |  in |   16|   ap_none  |                        data_window_5_V_read                       |    scalar    |
|data_window_6_V_read   |  in |   16|   ap_none  |                        data_window_6_V_read                       |    scalar    |
|data_window_7_V_read   |  in |   16|   ap_none  |                        data_window_7_V_read                       |    scalar    |
+-----------------------+-----+-----+------------+-------------------------------------------------------------------+--------------+

============================================================
+ Verbose Summary: Synthesis Manager
============================================================
InlineROM: 1
ExposeGlobal: 0
============================================================
+ Verbose Summary: CDFG Model
============================================================
IsTopModel: 0
ResetActiveHigh: 1
IsCombinational: 1
IsDatapathOnly: 2
HasWiredReturn: 1
HasMFsm: 2
HasVarLatency: 0
IsPipeline: 1
IsRtlPipelined: 0
IsInstanceOverlapped: 0
IsDontTouch: 0
HasImplIP: 0
IsGatedGlobalClock: 0

+ Individual pipeline summary: 
  * Pipeline-0: initiation interval (II) = 1, depth = 1


============================================================
+ Verbose Summary: Schedule
============================================================
* Number of FSM states : 1
* Pipeline : 1
  Pipeline-0 : II = 1, D = 1, States = { 1 }
* Dataflow Pipeline: 0

* FSM state transitions: 
1 --> 

* FSM state operations: 

State 1 <SV = 0> <Delay = 2.07>
ST_1 : Operation 2 [1/1] (0.00ns)   --->   "%data_window_7_V_read_1 = call i16 @_ssdm_op_Read.ap_auto.i16(i16 %data_window_7_V_read)" [firmware/nnet_utils/nnet_pooling_stream.h:474]   --->   Operation 2 'read' 'data_window_7_V_read_1' <Predicate = true> <Delay = 0.00>
ST_1 : Operation 3 [1/1] (0.00ns)   --->   "%data_window_6_V_read_1 = call i16 @_ssdm_op_Read.ap_auto.i16(i16 %data_window_6_V_read)" [firmware/nnet_utils/nnet_pooling_stream.h:474]   --->   Operation 3 'read' 'data_window_6_V_read_1' <Predicate = true> <Delay = 0.00>
ST_1 : Operation 4 [1/1] (0.00ns)   --->   "%data_window_5_V_read_1 = call i16 @_ssdm_op_Read.ap_auto.i16(i16 %data_window_5_V_read)" [firmware/nnet_utils/nnet_pooling_stream.h:474]   --->   Operation 4 'read' 'data_window_5_V_read_1' <Predicate = true> <Delay = 0.00>
ST_1 : Operation 5 [1/1] (0.00ns)   --->   "%data_window_4_V_read_1 = call i16 @_ssdm_op_Read.ap_auto.i16(i16 %data_window_4_V_read)" [firmware/nnet_utils/nnet_pooling_stream.h:474]   --->   Operation 5 'read' 'data_window_4_V_read_1' <Predicate = true> <Delay = 0.00>
ST_1 : Operation 6 [1/1] (0.00ns)   --->   "%data_window_3_V_read_1 = call i16 @_ssdm_op_Read.ap_auto.i16(i16 %data_window_3_V_read)" [firmware/nnet_utils/nnet_pooling_stream.h:474]   --->   Operation 6 'read' 'data_window_3_V_read_1' <Predicate = true> <Delay = 0.00>
ST_1 : Operation 7 [1/1] (0.00ns)   --->   "%data_window_2_V_read_1 = call i16 @_ssdm_op_Read.ap_auto.i16(i16 %data_window_2_V_read)" [firmware/nnet_utils/nnet_pooling_stream.h:474]   --->   Operation 7 'read' 'data_window_2_V_read_1' <Predicate = true> <Delay = 0.00>
ST_1 : Operation 8 [1/1] (0.00ns)   --->   "%data_window_1_V_read_1 = call i16 @_ssdm_op_Read.ap_auto.i16(i16 %data_window_1_V_read)" [firmware/nnet_utils/nnet_pooling_stream.h:474]   --->   Operation 8 'read' 'data_window_1_V_read_1' <Predicate = true> <Delay = 0.00>
ST_1 : Operation 9 [1/1] (0.00ns)   --->   "%data_window_0_V_read_1 = call i16 @_ssdm_op_Read.ap_auto.i16(i16 %data_window_0_V_read)" [firmware/nnet_utils/nnet_pooling_stream.h:474]   --->   Operation 9 'read' 'data_window_0_V_read_1' <Predicate = true> <Delay = 0.00>
ST_1 : Operation 10 [1/1] (0.00ns)   --->   "%in_elem_data_7_V_read_1 = call i16 @_ssdm_op_Read.ap_auto.i16(i16 %in_elem_data_7_V_read)" [firmware/nnet_utils/nnet_pooling_stream.h:474]   --->   Operation 10 'read' 'in_elem_data_7_V_read_1' <Predicate = true> <Delay = 0.00>
ST_1 : Operation 11 [1/1] (0.00ns)   --->   "%in_elem_data_6_V_read_1 = call i16 @_ssdm_op_Read.ap_auto.i16(i16 %in_elem_data_6_V_read)" [firmware/nnet_utils/nnet_pooling_stream.h:474]   --->   Operation 11 'read' 'in_elem_data_6_V_read_1' <Predicate = true> <Delay = 0.00>
ST_1 : Operation 12 [1/1] (0.00ns)   --->   "%in_elem_data_5_V_read_1 = call i16 @_ssdm_op_Read.ap_auto.i16(i16 %in_elem_data_5_V_read)" [firmware/nnet_utils/nnet_pooling_stream.h:474]   --->   Operation 12 'read' 'in_elem_data_5_V_read_1' <Predicate = true> <Delay = 0.00>
ST_1 : Operation 13 [1/1] (0.00ns)   --->   "%in_elem_data_4_V_read_1 = call i16 @_ssdm_op_Read.ap_auto.i16(i16 %in_elem_data_4_V_read)" [firmware/nnet_utils/nnet_pooling_stream.h:474]   --->   Operation 13 'read' 'in_elem_data_4_V_read_1' <Predicate = true> <Delay = 0.00>
ST_1 : Operation 14 [1/1] (0.00ns)   --->   "%in_elem_data_3_V_read_1 = call i16 @_ssdm_op_Read.ap_auto.i16(i16 %in_elem_data_3_V_read)" [firmware/nnet_utils/nnet_pooling_stream.h:474]   --->   Operation 14 'read' 'in_elem_data_3_V_read_1' <Predicate = true> <Delay = 0.00>
ST_1 : Operation 15 [1/1] (0.00ns)   --->   "%in_elem_data_2_V_read_1 = call i16 @_ssdm_op_Read.ap_auto.i16(i16 %in_elem_data_2_V_read)" [firmware/nnet_utils/nnet_pooling_stream.h:474]   --->   Operation 15 'read' 'in_elem_data_2_V_read_1' <Predicate = true> <Delay = 0.00>
ST_1 : Operation 16 [1/1] (0.00ns)   --->   "%in_elem_data_1_V_read_1 = call i16 @_ssdm_op_Read.ap_auto.i16(i16 %in_elem_data_1_V_read)" [firmware/nnet_utils/nnet_pooling_stream.h:474]   --->   Operation 16 'read' 'in_elem_data_1_V_read_1' <Predicate = true> <Delay = 0.00>
ST_1 : Operation 17 [1/1] (0.00ns)   --->   "%in_elem_data_0_V_read_1 = call i16 @_ssdm_op_Read.ap_auto.i16(i16 %in_elem_data_0_V_read)" [firmware/nnet_utils/nnet_pooling_stream.h:474]   --->   Operation 17 'read' 'in_elem_data_0_V_read_1' <Predicate = true> <Delay = 0.00>
ST_1 : Operation 18 [1/1] (2.07ns)   --->   "%add_ln703 = add i16 %in_elem_data_0_V_read_1, %data_window_0_V_read_1" [firmware/nnet_utils/nnet_pooling_stream.h:469->firmware/nnet_utils/nnet_pooling_stream.h:487]   --->   Operation 18 'add' 'add_ln703' <Predicate = true> <Delay = 2.07> <Core = "AddSub">   --->   Core 14 'AddSub' <Latency = 0> <II = 1> <Delay = 2.07> <FuncUnit> <Opcode : 'add' 'sub'> <InPorts = 2> <OutPorts = 1>
ST_1 : Operation 19 [1/1] (2.07ns)   --->   "%add_ln703_212 = add i16 %in_elem_data_1_V_read_1, %data_window_1_V_read_1" [firmware/nnet_utils/nnet_pooling_stream.h:469->firmware/nnet_utils/nnet_pooling_stream.h:487]   --->   Operation 19 'add' 'add_ln703_212' <Predicate = true> <Delay = 2.07> <Core = "AddSub">   --->   Core 14 'AddSub' <Latency = 0> <II = 1> <Delay = 2.07> <FuncUnit> <Opcode : 'add' 'sub'> <InPorts = 2> <OutPorts = 1>
ST_1 : Operation 20 [1/1] (2.07ns)   --->   "%add_ln703_213 = add i16 %in_elem_data_2_V_read_1, %data_window_2_V_read_1" [firmware/nnet_utils/nnet_pooling_stream.h:469->firmware/nnet_utils/nnet_pooling_stream.h:487]   --->   Operation 20 'add' 'add_ln703_213' <Predicate = true> <Delay = 2.07> <Core = "AddSub">   --->   Core 14 'AddSub' <Latency = 0> <II = 1> <Delay = 2.07> <FuncUnit> <Opcode : 'add' 'sub'> <InPorts = 2> <OutPorts = 1>
ST_1 : Operation 21 [1/1] (2.07ns)   --->   "%add_ln703_214 = add i16 %in_elem_data_3_V_read_1, %data_window_3_V_read_1" [firmware/nnet_utils/nnet_pooling_stream.h:469->firmware/nnet_utils/nnet_pooling_stream.h:487]   --->   Operation 21 'add' 'add_ln703_214' <Predicate = true> <Delay = 2.07> <Core = "AddSub">   --->   Core 14 'AddSub' <Latency = 0> <II = 1> <Delay = 2.07> <FuncUnit> <Opcode : 'add' 'sub'> <InPorts = 2> <OutPorts = 1>
ST_1 : Operation 22 [1/1] (2.07ns)   --->   "%add_ln703_215 = add i16 %in_elem_data_4_V_read_1, %data_window_4_V_read_1" [firmware/nnet_utils/nnet_pooling_stream.h:469->firmware/nnet_utils/nnet_pooling_stream.h:487]   --->   Operation 22 'add' 'add_ln703_215' <Predicate = true> <Delay = 2.07> <Core = "AddSub">   --->   Core 14 'AddSub' <Latency = 0> <II = 1> <Delay = 2.07> <FuncUnit> <Opcode : 'add' 'sub'> <InPorts = 2> <OutPorts = 1>
ST_1 : Operation 23 [1/1] (2.07ns)   --->   "%add_ln703_216 = add i16 %in_elem_data_5_V_read_1, %data_window_5_V_read_1" [firmware/nnet_utils/nnet_pooling_stream.h:469->firmware/nnet_utils/nnet_pooling_stream.h:487]   --->   Operation 23 'add' 'add_ln703_216' <Predicate = true> <Delay = 2.07> <Core = "AddSub">   --->   Core 14 'AddSub' <Latency = 0> <II = 1> <Delay = 2.07> <FuncUnit> <Opcode : 'add' 'sub'> <InPorts = 2> <OutPorts = 1>
ST_1 : Operation 24 [1/1] (2.07ns)   --->   "%add_ln703_217 = add i16 %in_elem_data_6_V_read_1, %data_window_6_V_read_1" [firmware/nnet_utils/nnet_pooling_stream.h:469->firmware/nnet_utils/nnet_pooling_stream.h:487]   --->   Operation 24 'add' 'add_ln703_217' <Predicate = true> <Delay = 2.07> <Core = "AddSub">   --->   Core 14 'AddSub' <Latency = 0> <II = 1> <Delay = 2.07> <FuncUnit> <Opcode : 'add' 'sub'> <InPorts = 2> <OutPorts = 1>
ST_1 : Operation 25 [1/1] (2.07ns)   --->   "%add_ln703_218 = add i16 %in_elem_data_7_V_read_1, %data_window_7_V_read_1" [firmware/nnet_utils/nnet_pooling_stream.h:469->firmware/nnet_utils/nnet_pooling_stream.h:487]   --->   Operation 25 'add' 'add_ln703_218' <Predicate = true> <Delay = 2.07> <Core = "AddSub">   --->   Core 14 'AddSub' <Latency = 0> <II = 1> <Delay = 2.07> <FuncUnit> <Opcode : 'add' 'sub'> <InPorts = 2> <OutPorts = 1>
ST_1 : Operation 26 [1/1] (0.00ns)   --->   "%mrv = insertvalue { i16, i16, i16, i16, i16, i16, i16, i16 } undef, i16 %add_ln703, 0" [firmware/nnet_utils/nnet_pooling_stream.h:490]   --->   Operation 26 'insertvalue' 'mrv' <Predicate = true> <Delay = 0.00>
ST_1 : Operation 27 [1/1] (0.00ns)   --->   "%mrv_1 = insertvalue { i16, i16, i16, i16, i16, i16, i16, i16 } %mrv, i16 %add_ln703_212, 1" [firmware/nnet_utils/nnet_pooling_stream.h:490]   --->   Operation 27 'insertvalue' 'mrv_1' <Predicate = true> <Delay = 0.00>
ST_1 : Operation 28 [1/1] (0.00ns)   --->   "%mrv_2 = insertvalue { i16, i16, i16, i16, i16, i16, i16, i16 } %mrv_1, i16 %add_ln703_213, 2" [firmware/nnet_utils/nnet_pooling_stream.h:490]   --->   Operation 28 'insertvalue' 'mrv_2' <Predicate = true> <Delay = 0.00>
ST_1 : Operation 29 [1/1] (0.00ns)   --->   "%mrv_3 = insertvalue { i16, i16, i16, i16, i16, i16, i16, i16 } %mrv_2, i16 %add_ln703_214, 3" [firmware/nnet_utils/nnet_pooling_stream.h:490]   --->   Operation 29 'insertvalue' 'mrv_3' <Predicate = true> <Delay = 0.00>
ST_1 : Operation 30 [1/1] (0.00ns)   --->   "%mrv_4 = insertvalue { i16, i16, i16, i16, i16, i16, i16, i16 } %mrv_3, i16 %add_ln703_215, 4" [firmware/nnet_utils/nnet_pooling_stream.h:490]   --->   Operation 30 'insertvalue' 'mrv_4' <Predicate = true> <Delay = 0.00>
ST_1 : Operation 31 [1/1] (0.00ns)   --->   "%mrv_5 = insertvalue { i16, i16, i16, i16, i16, i16, i16, i16 } %mrv_4, i16 %add_ln703_216, 5" [firmware/nnet_utils/nnet_pooling_stream.h:490]   --->   Operation 31 'insertvalue' 'mrv_5' <Predicate = true> <Delay = 0.00>
ST_1 : Operation 32 [1/1] (0.00ns)   --->   "%mrv_6 = insertvalue { i16, i16, i16, i16, i16, i16, i16, i16 } %mrv_5, i16 %add_ln703_217, 6" [firmware/nnet_utils/nnet_pooling_stream.h:490]   --->   Operation 32 'insertvalue' 'mrv_6' <Predicate = true> <Delay = 0.00>
ST_1 : Operation 33 [1/1] (0.00ns)   --->   "%mrv_7 = insertvalue { i16, i16, i16, i16, i16, i16, i16, i16 } %mrv_6, i16 %add_ln703_218, 7" [firmware/nnet_utils/nnet_pooling_stream.h:490]   --->   Operation 33 'insertvalue' 'mrv_7' <Predicate = true> <Delay = 0.00>
ST_1 : Operation 34 [1/1] (0.00ns)   --->   "ret { i16, i16, i16, i16, i16, i16, i16, i16 } %mrv_7" [firmware/nnet_utils/nnet_pooling_stream.h:490]   --->   Operation 34 'ret' <Predicate = true> <Delay = 0.00>


============================================================
+ Verbose Summary: Binding
============================================================
STG Binding: 
---------------- STG Properties BEGIN ----------------
- Is combinational: 1
- Is one-state seq: 0
- Is datapath-only: 0
- Is pipelined: 1
- Is top level: 0
Port [ Return ] is wired: 1; IO mode=ap_ctrl_hs:ce=0
Port [ in_elem_data_0_V_read]:  wired=1; compound=0; hidden=0; nouse=0; global=0; static=0; extern=0; dir=0; type=0; pingpong=0; private_global=0; IO mode=ap_none:ce=0
Port [ in_elem_data_1_V_read]:  wired=1; compound=0; hidden=0; nouse=0; global=0; static=0; extern=0; dir=0; type=0; pingpong=0; private_global=0; IO mode=ap_none:ce=0
Port [ in_elem_data_2_V_read]:  wired=1; compound=0; hidden=0; nouse=0; global=0; static=0; extern=0; dir=0; type=0; pingpong=0; private_global=0; IO mode=ap_none:ce=0
Port [ in_elem_data_3_V_read]:  wired=1; compound=0; hidden=0; nouse=0; global=0; static=0; extern=0; dir=0; type=0; pingpong=0; private_global=0; IO mode=ap_none:ce=0
Port [ in_elem_data_4_V_read]:  wired=1; compound=0; hidden=0; nouse=0; global=0; static=0; extern=0; dir=0; type=0; pingpong=0; private_global=0; IO mode=ap_none:ce=0
Port [ in_elem_data_5_V_read]:  wired=1; compound=0; hidden=0; nouse=0; global=0; static=0; extern=0; dir=0; type=0; pingpong=0; private_global=0; IO mode=ap_none:ce=0
Port [ in_elem_data_6_V_read]:  wired=1; compound=0; hidden=0; nouse=0; global=0; static=0; extern=0; dir=0; type=0; pingpong=0; private_global=0; IO mode=ap_none:ce=0
Port [ in_elem_data_7_V_read]:  wired=1; compound=0; hidden=0; nouse=0; global=0; static=0; extern=0; dir=0; type=0; pingpong=0; private_global=0; IO mode=ap_none:ce=0
Port [ data_window_0_V_read]:  wired=1; compound=0; hidden=0; nouse=0; global=0; static=0; extern=0; dir=0; type=0; pingpong=0; private_global=0; IO mode=ap_none:ce=0
Port [ data_window_1_V_read]:  wired=1; compound=0; hidden=0; nouse=0; global=0; static=0; extern=0; dir=0; type=0; pingpong=0; private_global=0; IO mode=ap_none:ce=0
Port [ data_window_2_V_read]:  wired=1; compound=0; hidden=0; nouse=0; global=0; static=0; extern=0; dir=0; type=0; pingpong=0; private_global=0; IO mode=ap_none:ce=0
Port [ data_window_3_V_read]:  wired=1; compound=0; hidden=0; nouse=0; global=0; static=0; extern=0; dir=0; type=0; pingpong=0; private_global=0; IO mode=ap_none:ce=0
Port [ data_window_4_V_read]:  wired=1; compound=0; hidden=0; nouse=0; global=0; static=0; extern=0; dir=0; type=0; pingpong=0; private_global=0; IO mode=ap_none:ce=0
Port [ data_window_5_V_read]:  wired=1; compound=0; hidden=0; nouse=0; global=0; static=0; extern=0; dir=0; type=0; pingpong=0; private_global=0; IO mode=ap_none:ce=0
Port [ data_window_6_V_read]:  wired=1; compound=0; hidden=0; nouse=0; global=0; static=0; extern=0; dir=0; type=0; pingpong=0; private_global=0; IO mode=ap_none:ce=0
Port [ data_window_7_V_read]:  wired=1; compound=0; hidden=0; nouse=0; global=0; static=0; extern=0; dir=0; type=0; pingpong=0; private_global=0; IO mode=ap_none:ce=0
---------------- STG Properties END ------------------

---------------- Datapath Model BEGIN ----------------

<LifeTime>
<method=bitvector/>
data_window_7_V_read_1  (read       ) [ 00]
data_window_6_V_read_1  (read       ) [ 00]
data_window_5_V_read_1  (read       ) [ 00]
data_window_4_V_read_1  (read       ) [ 00]
data_window_3_V_read_1  (read       ) [ 00]
data_window_2_V_read_1  (read       ) [ 00]
data_window_1_V_read_1  (read       ) [ 00]
data_window_0_V_read_1  (read       ) [ 00]
in_elem_data_7_V_read_1 (read       ) [ 00]
in_elem_data_6_V_read_1 (read       ) [ 00]
in_elem_data_5_V_read_1 (read       ) [ 00]
in_elem_data_4_V_read_1 (read       ) [ 00]
in_elem_data_3_V_read_1 (read       ) [ 00]
in_elem_data_2_V_read_1 (read       ) [ 00]
in_elem_data_1_V_read_1 (read       ) [ 00]
in_elem_data_0_V_read_1 (read       ) [ 00]
add_ln703               (add        ) [ 00]
add_ln703_212           (add        ) [ 00]
add_ln703_213           (add        ) [ 00]
add_ln703_214           (add        ) [ 00]
add_ln703_215           (add        ) [ 00]
add_ln703_216           (add        ) [ 00]
add_ln703_217           (add        ) [ 00]
add_ln703_218           (add        ) [ 00]
mrv                     (insertvalue) [ 00]
mrv_1                   (insertvalue) [ 00]
mrv_2                   (insertvalue) [ 00]
mrv_3                   (insertvalue) [ 00]
mrv_4                   (insertvalue) [ 00]
mrv_5                   (insertvalue) [ 00]
mrv_6                   (insertvalue) [ 00]
mrv_7                   (insertvalue) [ 00]
ret_ln490               (ret        ) [ 00]
</LifeTime>

<model>

<comp_list>
<comp id="0" class="1000" name="in_elem_data_0_V_read">
<pin_list>
<pin id="1" dir="1" index="0" bw="1" slack="0"/>
</pin_list>
<bind>
<StgValue><ssdm name="in_elem_data_0_V_read"/></StgValue>
</bind>
</comp>

<comp id="2" class="1000" name="in_elem_data_1_V_read">
<pin_list>
<pin id="3" dir="1" index="0" bw="1" slack="0"/>
</pin_list>
<bind>
<StgValue><ssdm name="in_elem_data_1_V_read"/></StgValue>
</bind>
</comp>

<comp id="4" class="1000" name="in_elem_data_2_V_read">
<pin_list>
<pin id="5" dir="1" index="0" bw="1" slack="0"/>
</pin_list>
<bind>
<StgValue><ssdm name="in_elem_data_2_V_read"/></StgValue>
</bind>
</comp>

<comp id="6" class="1000" name="in_elem_data_3_V_read">
<pin_list>
<pin id="7" dir="1" index="0" bw="1" slack="0"/>
</pin_list>
<bind>
<StgValue><ssdm name="in_elem_data_3_V_read"/></StgValue>
</bind>
</comp>

<comp id="8" class="1000" name="in_elem_data_4_V_read">
<pin_list>
<pin id="9" dir="1" index="0" bw="1" slack="0"/>
</pin_list>
<bind>
<StgValue><ssdm name="in_elem_data_4_V_read"/></StgValue>
</bind>
</comp>

<comp id="10" class="1000" name="in_elem_data_5_V_read">
<pin_list>
<pin id="11" dir="1" index="0" bw="1" slack="0"/>
</pin_list>
<bind>
<StgValue><ssdm name="in_elem_data_5_V_read"/></StgValue>
</bind>
</comp>

<comp id="12" class="1000" name="in_elem_data_6_V_read">
<pin_list>
<pin id="13" dir="1" index="0" bw="1" slack="0"/>
</pin_list>
<bind>
<StgValue><ssdm name="in_elem_data_6_V_read"/></StgValue>
</bind>
</comp>

<comp id="14" class="1000" name="in_elem_data_7_V_read">
<pin_list>
<pin id="15" dir="1" index="0" bw="1" slack="0"/>
</pin_list>
<bind>
<StgValue><ssdm name="in_elem_data_7_V_read"/></StgValue>
</bind>
</comp>

<comp id="16" class="1000" name="data_window_0_V_read">
<pin_list>
<pin id="17" dir="1" index="0" bw="1" slack="0"/>
</pin_list>
<bind>
<StgValue><ssdm name="data_window_0_V_read"/></StgValue>
</bind>
</comp>

<comp id="18" class="1000" name="data_window_1_V_read">
<pin_list>
<pin id="19" dir="1" index="0" bw="1" slack="0"/>
</pin_list>
<bind>
<StgValue><ssdm name="data_window_1_V_read"/></StgValue>
</bind>
</comp>

<comp id="20" class="1000" name="data_window_2_V_read">
<pin_list>
<pin id="21" dir="1" index="0" bw="1" slack="0"/>
</pin_list>
<bind>
<StgValue><ssdm name="data_window_2_V_read"/></StgValue>
</bind>
</comp>

<comp id="22" class="1000" name="data_window_3_V_read">
<pin_list>
<pin id="23" dir="1" index="0" bw="1" slack="0"/>
</pin_list>
<bind>
<StgValue><ssdm name="data_window_3_V_read"/></StgValue>
</bind>
</comp>

<comp id="24" class="1000" name="data_window_4_V_read">
<pin_list>
<pin id="25" dir="1" index="0" bw="1" slack="0"/>
</pin_list>
<bind>
<StgValue><ssdm name="data_window_4_V_read"/></StgValue>
</bind>
</comp>

<comp id="26" class="1000" name="data_window_5_V_read">
<pin_list>
<pin id="27" dir="1" index="0" bw="1" slack="0"/>
</pin_list>
<bind>
<StgValue><ssdm name="data_window_5_V_read"/></StgValue>
</bind>
</comp>

<comp id="28" class="1000" name="data_window_6_V_read">
<pin_list>
<pin id="29" dir="1" index="0" bw="1" slack="0"/>
</pin_list>
<bind>
<StgValue><ssdm name="data_window_6_V_read"/></StgValue>
</bind>
</comp>

<comp id="30" class="1000" name="data_window_7_V_read">
<pin_list>
<pin id="31" dir="1" index="0" bw="1" slack="0"/>
</pin_list>
<bind>
<StgValue><ssdm name="data_window_7_V_read"/></StgValue>
</bind>
</comp>

<comp id="32" class="1001" name="const_32">
<pin_list>
<pin id="33" dir="1" index="0" bw="1" slack="0"/>
</pin_list>
<bind>
<StgValue><ssdm name="_ssdm_op_Read.ap_auto.i16"/></StgValue>
</bind>
</comp>

<comp id="34" class="1001" name="const_34">
<pin_list>
<pin id="35" dir="1" index="0" bw="1" slack="0"/>
</pin_list>
<bind>
<StgValue><ssdm name=""/></StgValue>
</bind>
</comp>

<comp id="36" class="1004" name="data_window_7_V_read_1_read_fu_36">
<pin_list>
<pin id="37" dir="0" index="0" bw="16" slack="0"/>
<pin id="38" dir="0" index="1" bw="16" slack="0"/>
<pin id="39" dir="1" index="2" bw="16" slack="0"/>
</pin_list>
<bind>
<opcode="read(1150) " fcode="read"/>
<opset="data_window_7_V_read_1/1 "/>
</bind>
</comp>

<comp id="42" class="1004" name="data_window_6_V_read_1_read_fu_42">
<pin_list>
<pin id="43" dir="0" index="0" bw="16" slack="0"/>
<pin id="44" dir="0" index="1" bw="16" slack="0"/>
<pin id="45" dir="1" index="2" bw="16" slack="0"/>
</pin_list>
<bind>
<opcode="read(1150) " fcode="read"/>
<opset="data_window_6_V_read_1/1 "/>
</bind>
</comp>

<comp id="48" class="1004" name="data_window_5_V_read_1_read_fu_48">
<pin_list>
<pin id="49" dir="0" index="0" bw="16" slack="0"/>
<pin id="50" dir="0" index="1" bw="16" slack="0"/>
<pin id="51" dir="1" index="2" bw="16" slack="0"/>
</pin_list>
<bind>
<opcode="read(1150) " fcode="read"/>
<opset="data_window_5_V_read_1/1 "/>
</bind>
</comp>

<comp id="54" class="1004" name="data_window_4_V_read_1_read_fu_54">
<pin_list>
<pin id="55" dir="0" index="0" bw="16" slack="0"/>
<pin id="56" dir="0" index="1" bw="16" slack="0"/>
<pin id="57" dir="1" index="2" bw="16" slack="0"/>
</pin_list>
<bind>
<opcode="read(1150) " fcode="read"/>
<opset="data_window_4_V_read_1/1 "/>
</bind>
</comp>

<comp id="60" class="1004" name="data_window_3_V_read_1_read_fu_60">
<pin_list>
<pin id="61" dir="0" index="0" bw="16" slack="0"/>
<pin id="62" dir="0" index="1" bw="16" slack="0"/>
<pin id="63" dir="1" index="2" bw="16" slack="0"/>
</pin_list>
<bind>
<opcode="read(1150) " fcode="read"/>
<opset="data_window_3_V_read_1/1 "/>
</bind>
</comp>

<comp id="66" class="1004" name="data_window_2_V_read_1_read_fu_66">
<pin_list>
<pin id="67" dir="0" index="0" bw="16" slack="0"/>
<pin id="68" dir="0" index="1" bw="16" slack="0"/>
<pin id="69" dir="1" index="2" bw="16" slack="0"/>
</pin_list>
<bind>
<opcode="read(1150) " fcode="read"/>
<opset="data_window_2_V_read_1/1 "/>
</bind>
</comp>

<comp id="72" class="1004" name="data_window_1_V_read_1_read_fu_72">
<pin_list>
<pin id="73" dir="0" index="0" bw="16" slack="0"/>
<pin id="74" dir="0" index="1" bw="16" slack="0"/>
<pin id="75" dir="1" index="2" bw="16" slack="0"/>
</pin_list>
<bind>
<opcode="read(1150) " fcode="read"/>
<opset="data_window_1_V_read_1/1 "/>
</bind>
</comp>

<comp id="78" class="1004" name="data_window_0_V_read_1_read_fu_78">
<pin_list>
<pin id="79" dir="0" index="0" bw="16" slack="0"/>
<pin id="80" dir="0" index="1" bw="16" slack="0"/>
<pin id="81" dir="1" index="2" bw="16" slack="0"/>
</pin_list>
<bind>
<opcode="read(1150) " fcode="read"/>
<opset="data_window_0_V_read_1/1 "/>
</bind>
</comp>

<comp id="84" class="1004" name="in_elem_data_7_V_read_1_read_fu_84">
<pin_list>
<pin id="85" dir="0" index="0" bw="16" slack="0"/>
<pin id="86" dir="0" index="1" bw="16" slack="0"/>
<pin id="87" dir="1" index="2" bw="16" slack="0"/>
</pin_list>
<bind>
<opcode="read(1150) " fcode="read"/>
<opset="in_elem_data_7_V_read_1/1 "/>
</bind>
</comp>

<comp id="90" class="1004" name="in_elem_data_6_V_read_1_read_fu_90">
<pin_list>
<pin id="91" dir="0" index="0" bw="16" slack="0"/>
<pin id="92" dir="0" index="1" bw="16" slack="0"/>
<pin id="93" dir="1" index="2" bw="16" slack="0"/>
</pin_list>
<bind>
<opcode="read(1150) " fcode="read"/>
<opset="in_elem_data_6_V_read_1/1 "/>
</bind>
</comp>

<comp id="96" class="1004" name="in_elem_data_5_V_read_1_read_fu_96">
<pin_list>
<pin id="97" dir="0" index="0" bw="16" slack="0"/>
<pin id="98" dir="0" index="1" bw="16" slack="0"/>
<pin id="99" dir="1" index="2" bw="16" slack="0"/>
</pin_list>
<bind>
<opcode="read(1150) " fcode="read"/>
<opset="in_elem_data_5_V_read_1/1 "/>
</bind>
</comp>

<comp id="102" class="1004" name="in_elem_data_4_V_read_1_read_fu_102">
<pin_list>
<pin id="103" dir="0" index="0" bw="16" slack="0"/>
<pin id="104" dir="0" index="1" bw="16" slack="0"/>
<pin id="105" dir="1" index="2" bw="16" slack="0"/>
</pin_list>
<bind>
<opcode="read(1150) " fcode="read"/>
<opset="in_elem_data_4_V_read_1/1 "/>
</bind>
</comp>

<comp id="108" class="1004" name="in_elem_data_3_V_read_1_read_fu_108">
<pin_list>
<pin id="109" dir="0" index="0" bw="16" slack="0"/>
<pin id="110" dir="0" index="1" bw="16" slack="0"/>
<pin id="111" dir="1" index="2" bw="16" slack="0"/>
</pin_list>
<bind>
<opcode="read(1150) " fcode="read"/>
<opset="in_elem_data_3_V_read_1/1 "/>
</bind>
</comp>

<comp id="114" class="1004" name="in_elem_data_2_V_read_1_read_fu_114">
<pin_list>
<pin id="115" dir="0" index="0" bw="16" slack="0"/>
<pin id="116" dir="0" index="1" bw="16" slack="0"/>
<pin id="117" dir="1" index="2" bw="16" slack="0"/>
</pin_list>
<bind>
<opcode="read(1150) " fcode="read"/>
<opset="in_elem_data_2_V_read_1/1 "/>
</bind>
</comp>

<comp id="120" class="1004" name="in_elem_data_1_V_read_1_read_fu_120">
<pin_list>
<pin id="121" dir="0" index="0" bw="16" slack="0"/>
<pin id="122" dir="0" index="1" bw="16" slack="0"/>
<pin id="123" dir="1" index="2" bw="16" slack="0"/>
</pin_list>
<bind>
<opcode="read(1150) " fcode="read"/>
<opset="in_elem_data_1_V_read_1/1 "/>
</bind>
</comp>

<comp id="126" class="1004" name="in_elem_data_0_V_read_1_read_fu_126">
<pin_list>
<pin id="127" dir="0" index="0" bw="16" slack="0"/>
<pin id="128" dir="0" index="1" bw="16" slack="0"/>
<pin id="129" dir="1" index="2" bw="16" slack="0"/>
</pin_list>
<bind>
<opcode="read(1150) " fcode="read"/>
<opset="in_elem_data_0_V_read_1/1 "/>
</bind>
</comp>

<comp id="132" class="1004" name="add_ln703_fu_132">
<pin_list>
<pin id="133" dir="0" index="0" bw="16" slack="0"/>
<pin id="134" dir="0" index="1" bw="16" slack="0"/>
<pin id="135" dir="1" index="2" bw="16" slack="0"/>
</pin_list>
<bind>
<opcode="add(8) " fcode="add"/>
<opset="add_ln703/1 "/>
</bind>
</comp>

<comp id="138" class="1004" name="add_ln703_212_fu_138">
<pin_list>
<pin id="139" dir="0" index="0" bw="16" slack="0"/>
<pin id="140" dir="0" index="1" bw="16" slack="0"/>
<pin id="141" dir="1" index="2" bw="16" slack="0"/>
</pin_list>
<bind>
<opcode="add(8) " fcode="add"/>
<opset="add_ln703_212/1 "/>
</bind>
</comp>

<comp id="144" class="1004" name="add_ln703_213_fu_144">
<pin_list>
<pin id="145" dir="0" index="0" bw="16" slack="0"/>
<pin id="146" dir="0" index="1" bw="16" slack="0"/>
<pin id="147" dir="1" index="2" bw="16" slack="0"/>
</pin_list>
<bind>
<opcode="add(8) " fcode="add"/>
<opset="add_ln703_213/1 "/>
</bind>
</comp>

<comp id="150" class="1004" name="add_ln703_214_fu_150">
<pin_list>
<pin id="151" dir="0" index="0" bw="16" slack="0"/>
<pin id="152" dir="0" index="1" bw="16" slack="0"/>
<pin id="153" dir="1" index="2" bw="16" slack="0"/>
</pin_list>
<bind>
<opcode="add(8) " fcode="add"/>
<opset="add_ln703_214/1 "/>
</bind>
</comp>

<comp id="156" class="1004" name="add_ln703_215_fu_156">
<pin_list>
<pin id="157" dir="0" index="0" bw="16" slack="0"/>
<pin id="158" dir="0" index="1" bw="16" slack="0"/>
<pin id="159" dir="1" index="2" bw="16" slack="0"/>
</pin_list>
<bind>
<opcode="add(8) " fcode="add"/>
<opset="add_ln703_215/1 "/>
</bind>
</comp>

<comp id="162" class="1004" name="add_ln703_216_fu_162">
<pin_list>
<pin id="163" dir="0" index="0" bw="16" slack="0"/>
<pin id="164" dir="0" index="1" bw="16" slack="0"/>
<pin id="165" dir="1" index="2" bw="16" slack="0"/>
</pin_list>
<bind>
<opcode="add(8) " fcode="add"/>
<opset="add_ln703_216/1 "/>
</bind>
</comp>

<comp id="168" class="1004" name="add_ln703_217_fu_168">
<pin_list>
<pin id="169" dir="0" index="0" bw="16" slack="0"/>
<pin id="170" dir="0" index="1" bw="16" slack="0"/>
<pin id="171" dir="1" index="2" bw="16" slack="0"/>
</pin_list>
<bind>
<opcode="add(8) " fcode="add"/>
<opset="add_ln703_217/1 "/>
</bind>
</comp>

<comp id="174" class="1004" name="add_ln703_218_fu_174">
<pin_list>
<pin id="175" dir="0" index="0" bw="16" slack="0"/>
<pin id="176" dir="0" index="1" bw="16" slack="0"/>
<pin id="177" dir="1" index="2" bw="16" slack="0"/>
</pin_list>
<bind>
<opcode="add(8) " fcode="add"/>
<opset="add_ln703_218/1 "/>
</bind>
</comp>

<comp id="180" class="1004" name="mrv_fu_180">
<pin_list>
<pin id="181" dir="0" index="0" bw="128" slack="0"/>
<pin id="182" dir="0" index="1" bw="16" slack="0"/>
<pin id="183" dir="1" index="2" bw="128" slack="0"/>
</pin_list>
<bind>
<opcode="insertvalue(57) " fcode="insertvalue"/>
<opset="mrv/1 "/>
</bind>
</comp>

<comp id="186" class="1004" name="mrv_1_fu_186">
<pin_list>
<pin id="187" dir="0" index="0" bw="128" slack="0"/>
<pin id="188" dir="0" index="1" bw="16" slack="0"/>
<pin id="189" dir="1" index="2" bw="128" slack="0"/>
</pin_list>
<bind>
<opcode="insertvalue(57) " fcode="insertvalue"/>
<opset="mrv_1/1 "/>
</bind>
</comp>

<comp id="192" class="1004" name="mrv_2_fu_192">
<pin_list>
<pin id="193" dir="0" index="0" bw="128" slack="0"/>
<pin id="194" dir="0" index="1" bw="16" slack="0"/>
<pin id="195" dir="1" index="2" bw="128" slack="0"/>
</pin_list>
<bind>
<opcode="insertvalue(57) " fcode="insertvalue"/>
<opset="mrv_2/1 "/>
</bind>
</comp>

<comp id="198" class="1004" name="mrv_3_fu_198">
<pin_list>
<pin id="199" dir="0" index="0" bw="128" slack="0"/>
<pin id="200" dir="0" index="1" bw="16" slack="0"/>
<pin id="201" dir="1" index="2" bw="128" slack="0"/>
</pin_list>
<bind>
<opcode="insertvalue(57) " fcode="insertvalue"/>
<opset="mrv_3/1 "/>
</bind>
</comp>

<comp id="204" class="1004" name="mrv_4_fu_204">
<pin_list>
<pin id="205" dir="0" index="0" bw="128" slack="0"/>
<pin id="206" dir="0" index="1" bw="16" slack="0"/>
<pin id="207" dir="1" index="2" bw="128" slack="0"/>
</pin_list>
<bind>
<opcode="insertvalue(57) " fcode="insertvalue"/>
<opset="mrv_4/1 "/>
</bind>
</comp>

<comp id="210" class="1004" name="mrv_5_fu_210">
<pin_list>
<pin id="211" dir="0" index="0" bw="128" slack="0"/>
<pin id="212" dir="0" index="1" bw="16" slack="0"/>
<pin id="213" dir="1" index="2" bw="128" slack="0"/>
</pin_list>
<bind>
<opcode="insertvalue(57) " fcode="insertvalue"/>
<opset="mrv_5/1 "/>
</bind>
</comp>

<comp id="216" class="1004" name="mrv_6_fu_216">
<pin_list>
<pin id="217" dir="0" index="0" bw="128" slack="0"/>
<pin id="218" dir="0" index="1" bw="16" slack="0"/>
<pin id="219" dir="1" index="2" bw="128" slack="0"/>
</pin_list>
<bind>
<opcode="insertvalue(57) " fcode="insertvalue"/>
<opset="mrv_6/1 "/>
</bind>
</comp>

<comp id="222" class="1004" name="mrv_7_fu_222">
<pin_list>
<pin id="223" dir="0" index="0" bw="128" slack="0"/>
<pin id="224" dir="0" index="1" bw="16" slack="0"/>
<pin id="225" dir="1" index="2" bw="128" slack="2147483647"/>
</pin_list>
<bind>
<opcode="insertvalue(57) " fcode="insertvalue"/>
<opset="mrv_7/1 "/>
</bind>
</comp>

</comp_list>

<net_list>
<net id="40"><net_src comp="32" pin="0"/><net_sink comp="36" pin=0"/></net>

<net id="41"><net_src comp="30" pin="0"/><net_sink comp="36" pin=1"/></net>

<net id="46"><net_src comp="32" pin="0"/><net_sink comp="42" pin=0"/></net>

<net id="47"><net_src comp="28" pin="0"/><net_sink comp="42" pin=1"/></net>

<net id="52"><net_src comp="32" pin="0"/><net_sink comp="48" pin=0"/></net>

<net id="53"><net_src comp="26" pin="0"/><net_sink comp="48" pin=1"/></net>

<net id="58"><net_src comp="32" pin="0"/><net_sink comp="54" pin=0"/></net>

<net id="59"><net_src comp="24" pin="0"/><net_sink comp="54" pin=1"/></net>

<net id="64"><net_src comp="32" pin="0"/><net_sink comp="60" pin=0"/></net>

<net id="65"><net_src comp="22" pin="0"/><net_sink comp="60" pin=1"/></net>

<net id="70"><net_src comp="32" pin="0"/><net_sink comp="66" pin=0"/></net>

<net id="71"><net_src comp="20" pin="0"/><net_sink comp="66" pin=1"/></net>

<net id="76"><net_src comp="32" pin="0"/><net_sink comp="72" pin=0"/></net>

<net id="77"><net_src comp="18" pin="0"/><net_sink comp="72" pin=1"/></net>

<net id="82"><net_src comp="32" pin="0"/><net_sink comp="78" pin=0"/></net>

<net id="83"><net_src comp="16" pin="0"/><net_sink comp="78" pin=1"/></net>

<net id="88"><net_src comp="32" pin="0"/><net_sink comp="84" pin=0"/></net>

<net id="89"><net_src comp="14" pin="0"/><net_sink comp="84" pin=1"/></net>

<net id="94"><net_src comp="32" pin="0"/><net_sink comp="90" pin=0"/></net>

<net id="95"><net_src comp="12" pin="0"/><net_sink comp="90" pin=1"/></net>

<net id="100"><net_src comp="32" pin="0"/><net_sink comp="96" pin=0"/></net>

<net id="101"><net_src comp="10" pin="0"/><net_sink comp="96" pin=1"/></net>

<net id="106"><net_src comp="32" pin="0"/><net_sink comp="102" pin=0"/></net>

<net id="107"><net_src comp="8" pin="0"/><net_sink comp="102" pin=1"/></net>

<net id="112"><net_src comp="32" pin="0"/><net_sink comp="108" pin=0"/></net>

<net id="113"><net_src comp="6" pin="0"/><net_sink comp="108" pin=1"/></net>

<net id="118"><net_src comp="32" pin="0"/><net_sink comp="114" pin=0"/></net>

<net id="119"><net_src comp="4" pin="0"/><net_sink comp="114" pin=1"/></net>

<net id="124"><net_src comp="32" pin="0"/><net_sink comp="120" pin=0"/></net>

<net id="125"><net_src comp="2" pin="0"/><net_sink comp="120" pin=1"/></net>

<net id="130"><net_src comp="32" pin="0"/><net_sink comp="126" pin=0"/></net>

<net id="131"><net_src comp="0" pin="0"/><net_sink comp="126" pin=1"/></net>

<net id="136"><net_src comp="126" pin="2"/><net_sink comp="132" pin=0"/></net>

<net id="137"><net_src comp="78" pin="2"/><net_sink comp="132" pin=1"/></net>

<net id="142"><net_src comp="120" pin="2"/><net_sink comp="138" pin=0"/></net>

<net id="143"><net_src comp="72" pin="2"/><net_sink comp="138" pin=1"/></net>

<net id="148"><net_src comp="114" pin="2"/><net_sink comp="144" pin=0"/></net>

<net id="149"><net_src comp="66" pin="2"/><net_sink comp="144" pin=1"/></net>

<net id="154"><net_src comp="108" pin="2"/><net_sink comp="150" pin=0"/></net>

<net id="155"><net_src comp="60" pin="2"/><net_sink comp="150" pin=1"/></net>

<net id="160"><net_src comp="102" pin="2"/><net_sink comp="156" pin=0"/></net>

<net id="161"><net_src comp="54" pin="2"/><net_sink comp="156" pin=1"/></net>

<net id="166"><net_src comp="96" pin="2"/><net_sink comp="162" pin=0"/></net>

<net id="167"><net_src comp="48" pin="2"/><net_sink comp="162" pin=1"/></net>

<net id="172"><net_src comp="90" pin="2"/><net_sink comp="168" pin=0"/></net>

<net id="173"><net_src comp="42" pin="2"/><net_sink comp="168" pin=1"/></net>

<net id="178"><net_src comp="84" pin="2"/><net_sink comp="174" pin=0"/></net>

<net id="179"><net_src comp="36" pin="2"/><net_sink comp="174" pin=1"/></net>

<net id="184"><net_src comp="34" pin="0"/><net_sink comp="180" pin=0"/></net>

<net id="185"><net_src comp="132" pin="2"/><net_sink comp="180" pin=1"/></net>

<net id="190"><net_src comp="180" pin="2"/><net_sink comp="186" pin=0"/></net>

<net id="191"><net_src comp="138" pin="2"/><net_sink comp="186" pin=1"/></net>

<net id="196"><net_src comp="186" pin="2"/><net_sink comp="192" pin=0"/></net>

<net id="197"><net_src comp="144" pin="2"/><net_sink comp="192" pin=1"/></net>

<net id="202"><net_src comp="192" pin="2"/><net_sink comp="198" pin=0"/></net>

<net id="203"><net_src comp="150" pin="2"/><net_sink comp="198" pin=1"/></net>

<net id="208"><net_src comp="198" pin="2"/><net_sink comp="204" pin=0"/></net>

<net id="209"><net_src comp="156" pin="2"/><net_sink comp="204" pin=1"/></net>

<net id="214"><net_src comp="204" pin="2"/><net_sink comp="210" pin=0"/></net>

<net id="215"><net_src comp="162" pin="2"/><net_sink comp="210" pin=1"/></net>

<net id="220"><net_src comp="210" pin="2"/><net_sink comp="216" pin=0"/></net>

<net id="221"><net_src comp="168" pin="2"/><net_sink comp="216" pin=1"/></net>

<net id="226"><net_src comp="216" pin="2"/><net_sink comp="222" pin=0"/></net>

<net id="227"><net_src comp="174" pin="2"/><net_sink comp="222" pin=1"/></net>

</net_list>

</model> 
---------------- Datapath Model END ------------------

* FSMD analyzer results:
  - Output states:
 - Input state : 
	Port: compute_global_pool<array,array<ap_fixed<16,6,5,3,0>,8u>,config6> : in_elem_data_0_V_read | {1 }
	Port: compute_global_pool<array,array<ap_fixed<16,6,5,3,0>,8u>,config6> : in_elem_data_1_V_read | {1 }
	Port: compute_global_pool<array,array<ap_fixed<16,6,5,3,0>,8u>,config6> : in_elem_data_2_V_read | {1 }
	Port: compute_global_pool<array,array<ap_fixed<16,6,5,3,0>,8u>,config6> : in_elem_data_3_V_read | {1 }
	Port: compute_global_pool<array,array<ap_fixed<16,6,5,3,0>,8u>,config6> : in_elem_data_4_V_read | {1 }
	Port: compute_global_pool<array,array<ap_fixed<16,6,5,3,0>,8u>,config6> : in_elem_data_5_V_read | {1 }
	Port: compute_global_pool<array,array<ap_fixed<16,6,5,3,0>,8u>,config6> : in_elem_data_6_V_read | {1 }
	Port: compute_global_pool<array,array<ap_fixed<16,6,5,3,0>,8u>,config6> : in_elem_data_7_V_read | {1 }
	Port: compute_global_pool<array,array<ap_fixed<16,6,5,3,0>,8u>,config6> : data_window_0_V_read | {1 }
	Port: compute_global_pool<array,array<ap_fixed<16,6,5,3,0>,8u>,config6> : data_window_1_V_read | {1 }
	Port: compute_global_pool<array,array<ap_fixed<16,6,5,3,0>,8u>,config6> : data_window_2_V_read | {1 }
	Port: compute_global_pool<array,array<ap_fixed<16,6,5,3,0>,8u>,config6> : data_window_3_V_read | {1 }
	Port: compute_global_pool<array,array<ap_fixed<16,6,5,3,0>,8u>,config6> : data_window_4_V_read | {1 }
	Port: compute_global_pool<array,array<ap_fixed<16,6,5,3,0>,8u>,config6> : data_window_5_V_read | {1 }
	Port: compute_global_pool<array,array<ap_fixed<16,6,5,3,0>,8u>,config6> : data_window_6_V_read | {1 }
	Port: compute_global_pool<array,array<ap_fixed<16,6,5,3,0>,8u>,config6> : data_window_7_V_read | {1 }
  - Chain level:
	State 1
		mrv : 1
		mrv_1 : 2
		mrv_2 : 3
		mrv_3 : 4
		mrv_4 : 5
		mrv_5 : 6
		mrv_6 : 7
		mrv_7 : 8
		ret_ln490 : 9


============================================================
+ Verbose Summary: Datapath Resource usage 
============================================================

* Functional unit list:
|----------|-------------------------------------|---------|---------|
| Operation|           Functional Unit           |    FF   |   LUT   |
|----------|-------------------------------------|---------|---------|
|          |           add_ln703_fu_132          |    0    |    23   |
|          |         add_ln703_212_fu_138        |    0    |    23   |
|          |         add_ln703_213_fu_144        |    0    |    23   |
|    add   |         add_ln703_214_fu_150        |    0    |    23   |
|          |         add_ln703_215_fu_156        |    0    |    23   |
|          |         add_ln703_216_fu_162        |    0    |    23   |
|          |         add_ln703_217_fu_168        |    0    |    23   |
|          |         add_ln703_218_fu_174        |    0    |    23   |
|----------|-------------------------------------|---------|---------|
|          |  data_window_7_V_read_1_read_fu_36  |    0    |    0    |
|          |  data_window_6_V_read_1_read_fu_42  |    0    |    0    |
|          |  data_window_5_V_read_1_read_fu_48  |    0    |    0    |
|          |  data_window_4_V_read_1_read_fu_54  |    0    |    0    |
|          |  data_window_3_V_read_1_read_fu_60  |    0    |    0    |
|          |  data_window_2_V_read_1_read_fu_66  |    0    |    0    |
|          |  data_window_1_V_read_1_read_fu_72  |    0    |    0    |
|   read   |  data_window_0_V_read_1_read_fu_78  |    0    |    0    |
|          |  in_elem_data_7_V_read_1_read_fu_84 |    0    |    0    |
|          |  in_elem_data_6_V_read_1_read_fu_90 |    0    |    0    |
|          |  in_elem_data_5_V_read_1_read_fu_96 |    0    |    0    |
|          | in_elem_data_4_V_read_1_read_fu_102 |    0    |    0    |
|          | in_elem_data_3_V_read_1_read_fu_108 |    0    |    0    |
|          | in_elem_data_2_V_read_1_read_fu_114 |    0    |    0    |
|          | in_elem_data_1_V_read_1_read_fu_120 |    0    |    0    |
|          | in_elem_data_0_V_read_1_read_fu_126 |    0    |    0    |
|----------|-------------------------------------|---------|---------|
|          |              mrv_fu_180             |    0    |    0    |
|          |             mrv_1_fu_186            |    0    |    0    |
|          |             mrv_2_fu_192            |    0    |    0    |
|insertvalue|             mrv_3_fu_198            |    0    |    0    |
|          |             mrv_4_fu_204            |    0    |    0    |
|          |             mrv_5_fu_210            |    0    |    0    |
|          |             mrv_6_fu_216            |    0    |    0    |
|          |             mrv_7_fu_222            |    0    |    0    |
|----------|-------------------------------------|---------|---------|
|   Total  |                                     |    0    |   184   |
|----------|-------------------------------------|---------|---------|

Memories:
N/A

* Register list:
N/A

* Multiplexer (MUX) list: 
|--------|------|------|------|--------|
|  Comp  |  Pin | Size |  BW  | S x BW |
|--------|------|------|------|--------|
|  Total |      |      |      |    0   |
|--------|------|------|------|--------|



* Summary:
+-----------+--------+--------+
|           |   FF   |   LUT  |
+-----------+--------+--------+
|  Function |    0   |   184  |
|   Memory  |    -   |    -   |
|Multiplexer|    -   |    -   |
|  Register |    -   |    -   |
+-----------+--------+--------+
|   Total   |    0   |   184  |
+-----------+--------+--------+
