

================================================================
== Vivado HLS Report for 'conv_2d_cl_array_ap_fixed_1u_array_ap_fixed_16_6_5_3_0_8u_config2_s'
================================================================
* Date:           Tue Dec 19 20:17:49 2023

* Version:        2020.1 (Build 2897737 on Wed May 27 20:21:37 MDT 2020)
* Project:        myproject_prj
* Solution:       solution1
* Product family: zynq
* Target device:  xc7z020-clg400-1


================================================================
== Performance Estimates
================================================================
+ Timing: 
    * Summary: 
    +--------+----------+-----------+------------+
    |  Clock |  Target  | Estimated | Uncertainty|
    +--------+----------+-----------+------------+
    |ap_clk  | 25.00 ns | 19.097 ns |   3.12 ns  |
    +--------+----------+-----------+------------+

+ Latency: 
    * Summary: 
    +---------+---------+----------+----------+------+------+---------+
    |  Latency (cycles) |  Latency (absolute) |   Interval  | Pipeline|
    |   min   |   max   |    min   |    max   |  min |  max |   Type  |
    +---------+---------+----------+----------+------+------+---------+
    |     6275|     6275| 0.157 ms | 0.157 ms |  6275|  6275|   none  |
    +---------+---------+----------+----------+------+------+---------+

    + Detail: 
        * Instance: 
        N/A

        * Loop: 
        +----------------------------------+---------+---------+----------+-----------+-----------+------+----------+
        |                                  |  Latency (cycles) | Iteration|  Initiation Interval  | Trip |          |
        |             Loop Name            |   min   |   max   |  Latency |  achieved |   target  | Count| Pipelined|
        +----------------------------------+---------+---------+----------+-----------+-----------+------+----------+
        |- ReadInputHeight_ReadInputWidth  |     6273|     6273|        10|          8|          8|   784|    yes   |
        +----------------------------------+---------+---------+----------+-----------+-----------+------+----------+

============================================================
+ Verbose Summary: Synthesis Manager
============================================================
InlineROM: 1
ExposeGlobal: 0
============================================================
+ Verbose Summary: CDFG Model
============================================================
IsTopModel: 0
ResetActiveHigh: 1
IsCombinational: 2
IsDatapathOnly: 0
HasWiredReturn: 1
HasMFsm: 0
HasVarLatency: 1
IsPipeline: 0
IsRtlPipelined: 0
IsInstanceOverlapped: 0
IsDontTouch: 0
HasImplIP: 0
IsGatedGlobalClock: 0

+ Individual pipeline summary: 
  * Pipeline-0: initiation interval (II) = 8, depth = 10


============================================================
+ Verbose Summary: Schedule
============================================================
* Number of FSM states : 12
* Pipeline : 1
  Pipeline-0 : II = 8, D = 10, States = { 2 3 4 5 6 7 8 9 10 11 }
* Dataflow Pipeline: 0

* FSM state transitions: 
1 --> 2 
2 --> 12 3 
3 --> 4 
4 --> 5 
5 --> 6 
6 --> 7 
7 --> 8 
8 --> 9 
9 --> 10 
10 --> 11 
11 --> 2 
12 --> 

* FSM state operations: 

State 1 <SV = 0> <Delay = 1.76>
ST_1 : Operation 13 [1/1] (0.00ns)   --->   "call void (...)* @_ssdm_op_SpecInterface(i16* %res_V_data_7_V, [8 x i8]* @ap_fifo_str, i32 0, i32 0, [1 x i8]* @p_str327, i32 0, i32 0, [1 x i8]* @p_str328, [1 x i8]* @p_str329, [1 x i8]* @p_str330, i32 2, i32 2, i32 16, i32 16, [1 x i8]* @p_str331, [1 x i8]* @p_str332)"   --->   Operation 13 'specinterface' <Predicate = true> <Delay = 0.00>
ST_1 : Operation 14 [1/1] (0.00ns)   --->   "call void (...)* @_ssdm_op_SpecInterface(i16* %res_V_data_6_V, [8 x i8]* @ap_fifo_str, i32 0, i32 0, [1 x i8]* @p_str320, i32 0, i32 0, [1 x i8]* @p_str321, [1 x i8]* @p_str322, [1 x i8]* @p_str323, i32 2, i32 2, i32 16, i32 16, [1 x i8]* @p_str324, [1 x i8]* @p_str325)"   --->   Operation 14 'specinterface' <Predicate = true> <Delay = 0.00>
ST_1 : Operation 15 [1/1] (0.00ns)   --->   "call void (...)* @_ssdm_op_SpecInterface(i16* %res_V_data_5_V, [8 x i8]* @ap_fifo_str, i32 0, i32 0, [1 x i8]* @p_str313, i32 0, i32 0, [1 x i8]* @p_str314, [1 x i8]* @p_str315, [1 x i8]* @p_str316, i32 2, i32 2, i32 16, i32 16, [1 x i8]* @p_str317, [1 x i8]* @p_str318)"   --->   Operation 15 'specinterface' <Predicate = true> <Delay = 0.00>
ST_1 : Operation 16 [1/1] (0.00ns)   --->   "call void (...)* @_ssdm_op_SpecInterface(i16* %res_V_data_4_V, [8 x i8]* @ap_fifo_str, i32 0, i32 0, [1 x i8]* @p_str306, i32 0, i32 0, [1 x i8]* @p_str307, [1 x i8]* @p_str308, [1 x i8]* @p_str309, i32 2, i32 2, i32 16, i32 16, [1 x i8]* @p_str310, [1 x i8]* @p_str311)"   --->   Operation 16 'specinterface' <Predicate = true> <Delay = 0.00>
ST_1 : Operation 17 [1/1] (0.00ns)   --->   "call void (...)* @_ssdm_op_SpecInterface(i16* %res_V_data_3_V, [8 x i8]* @ap_fifo_str, i32 0, i32 0, [1 x i8]* @p_str299, i32 0, i32 0, [1 x i8]* @p_str300, [1 x i8]* @p_str301, [1 x i8]* @p_str302, i32 2, i32 2, i32 16, i32 16, [1 x i8]* @p_str303, [1 x i8]* @p_str304)"   --->   Operation 17 'specinterface' <Predicate = true> <Delay = 0.00>
ST_1 : Operation 18 [1/1] (0.00ns)   --->   "call void (...)* @_ssdm_op_SpecInterface(i16* %res_V_data_2_V, [8 x i8]* @ap_fifo_str, i32 0, i32 0, [1 x i8]* @p_str292, i32 0, i32 0, [1 x i8]* @p_str293, [1 x i8]* @p_str294, [1 x i8]* @p_str295, i32 2, i32 2, i32 16, i32 16, [1 x i8]* @p_str296, [1 x i8]* @p_str297)"   --->   Operation 18 'specinterface' <Predicate = true> <Delay = 0.00>
ST_1 : Operation 19 [1/1] (0.00ns)   --->   "call void (...)* @_ssdm_op_SpecInterface(i16* %res_V_data_1_V, [8 x i8]* @ap_fifo_str, i32 0, i32 0, [1 x i8]* @p_str285, i32 0, i32 0, [1 x i8]* @p_str286, [1 x i8]* @p_str287, [1 x i8]* @p_str288, i32 2, i32 2, i32 16, i32 16, [1 x i8]* @p_str289, [1 x i8]* @p_str290)"   --->   Operation 19 'specinterface' <Predicate = true> <Delay = 0.00>
ST_1 : Operation 20 [1/1] (0.00ns)   --->   "call void (...)* @_ssdm_op_SpecInterface(i16* %res_V_data_0_V, [8 x i8]* @ap_fifo_str, i32 0, i32 0, [1 x i8]* @p_str278, i32 0, i32 0, [1 x i8]* @p_str279, [1 x i8]* @p_str280, [1 x i8]* @p_str281, i32 2, i32 2, i32 16, i32 16, [1 x i8]* @p_str282, [1 x i8]* @p_str283)"   --->   Operation 20 'specinterface' <Predicate = true> <Delay = 0.00>
ST_1 : Operation 21 [1/1] (0.00ns)   --->   "call void (...)* @_ssdm_op_SpecInterface(i16* %data_V_data_V, [5 x i8]* @p_str, i32 1, i32 1, [5 x i8]* @p_str9, i32 0, i32 0, [1 x i8]* @p_str10, [1 x i8]* @p_str10, [1 x i8]* @p_str10, i32 0, i32 0, i32 0, i32 0, [1 x i8]* @p_str10, [1 x i8]* @p_str10)"   --->   Operation 21 'specinterface' <Predicate = true> <Delay = 0.00>
ST_1 : Operation 22 [1/1] (1.76ns)   --->   "br label %0" [firmware/nnet_utils/nnet_conv2d_stream.h:79->firmware/nnet_utils/nnet_conv2d_stream.h:103]   --->   Operation 22 'br' <Predicate = true> <Delay = 1.76>

State 2 <SV = 1> <Delay = 1.77>
ST_2 : Operation 23 [1/1] (0.00ns)   --->   "%indvar_flatten = phi i10 [ 0, %codeRepl ], [ %add_ln79, %hls_label_0 ]" [firmware/nnet_utils/nnet_conv2d_stream.h:79->firmware/nnet_utils/nnet_conv2d_stream.h:103]   --->   Operation 23 'phi' 'indvar_flatten' <Predicate = true> <Delay = 0.00>
ST_2 : Operation 24 [1/1] (1.77ns)   --->   "%icmp_ln79 = icmp eq i10 %indvar_flatten, -240" [firmware/nnet_utils/nnet_conv2d_stream.h:79->firmware/nnet_utils/nnet_conv2d_stream.h:103]   --->   Operation 24 'icmp' 'icmp_ln79' <Predicate = true> <Delay = 1.77> <Core = "Cmp">   --->   Core 25 'Cmp' <Latency = 0> <II = 1> <Delay = 1.77> <FuncUnit> <Opcode : 'icmp'> <InPorts = 2> <OutPorts = 1>
ST_2 : Operation 25 [1/1] (1.73ns)   --->   "%add_ln79 = add i10 %indvar_flatten, 1" [firmware/nnet_utils/nnet_conv2d_stream.h:79->firmware/nnet_utils/nnet_conv2d_stream.h:103]   --->   Operation 25 'add' 'add_ln79' <Predicate = true> <Delay = 1.73> <Core = "AddSub">   --->   Core 14 'AddSub' <Latency = 0> <II = 1> <Delay = 1.73> <FuncUnit> <Opcode : 'add' 'sub'> <InPorts = 2> <OutPorts = 1>
ST_2 : Operation 26 [1/1] (0.00ns)   --->   "br i1 %icmp_ln79, label %"conv_2d_buffer_cl<array<ap_fixed<16, 6, 5, 3, 0>, 1u>, array<ap_fixed<16, 6, 5, 3, 0>, 8u>, config2>.exit", label %hls_label_0" [firmware/nnet_utils/nnet_conv2d_stream.h:79->firmware/nnet_utils/nnet_conv2d_stream.h:103]   --->   Operation 26 'br' <Predicate = true> <Delay = 0.00>

State 3 <SV = 2> <Delay = 18.7>
ST_3 : Operation 27 [1/1] (0.00ns)   --->   "%tmp_data_0_V = call i16 @_ssdm_op_Read.axis.volatile.i16P(i16* %data_V_data_V)" [firmware/nnet_utils/nnet_conv2d_stream.h:87->firmware/nnet_utils/nnet_conv2d_stream.h:103]   --->   Operation 27 'read' 'tmp_data_0_V' <Predicate = (!icmp_ln79)> <Delay = 0.00> <Core = "AXI4Stream">   --->   Core 5 'AXI4Stream' <Latency = 0> <II = 1> <Delay = 1.00> <Adapter> <Opcode : >
ST_3 : Operation 28 [9/9] (18.7ns)   --->   "call fastcc void @"compute_output_buffer_2d<array,array<ap_fixed<16,6,5,3,0>,8u>,config2>"(i16 %tmp_data_0_V, i16* %res_V_data_0_V, i16* %res_V_data_1_V, i16* %res_V_data_2_V, i16* %res_V_data_3_V, i16* %res_V_data_4_V, i16* %res_V_data_5_V, i16* %res_V_data_6_V, i16* %res_V_data_7_V)" [firmware/nnet_utils/nnet_conv2d_stream.h:87->firmware/nnet_utils/nnet_conv2d_stream.h:103]   --->   Operation 28 'call' <Predicate = (!icmp_ln79)> <Delay = 18.7> <CoreType = "Generic">   --->   Core 0 '' <Latency = 0> <II = 1> <Delay = 1.00> <Generic> <Opcode : >

State 4 <SV = 3> <Delay = 0.00>
ST_4 : Operation 29 [8/9] (0.00ns)   --->   "call fastcc void @"compute_output_buffer_2d<array,array<ap_fixed<16,6,5,3,0>,8u>,config2>"(i16 %tmp_data_0_V, i16* %res_V_data_0_V, i16* %res_V_data_1_V, i16* %res_V_data_2_V, i16* %res_V_data_3_V, i16* %res_V_data_4_V, i16* %res_V_data_5_V, i16* %res_V_data_6_V, i16* %res_V_data_7_V)" [firmware/nnet_utils/nnet_conv2d_stream.h:87->firmware/nnet_utils/nnet_conv2d_stream.h:103]   --->   Operation 29 'call' <Predicate = (!icmp_ln79)> <Delay = 0.00> <CoreType = "Generic">   --->   Core 0 '' <Latency = 0> <II = 1> <Delay = 1.00> <Generic> <Opcode : >

State 5 <SV = 4> <Delay = 0.00>
ST_5 : Operation 30 [7/9] (0.00ns)   --->   "call fastcc void @"compute_output_buffer_2d<array,array<ap_fixed<16,6,5,3,0>,8u>,config2>"(i16 %tmp_data_0_V, i16* %res_V_data_0_V, i16* %res_V_data_1_V, i16* %res_V_data_2_V, i16* %res_V_data_3_V, i16* %res_V_data_4_V, i16* %res_V_data_5_V, i16* %res_V_data_6_V, i16* %res_V_data_7_V)" [firmware/nnet_utils/nnet_conv2d_stream.h:87->firmware/nnet_utils/nnet_conv2d_stream.h:103]   --->   Operation 30 'call' <Predicate = (!icmp_ln79)> <Delay = 0.00> <CoreType = "Generic">   --->   Core 0 '' <Latency = 0> <II = 1> <Delay = 1.00> <Generic> <Opcode : >

State 6 <SV = 5> <Delay = 0.00>
ST_6 : Operation 31 [6/9] (0.00ns)   --->   "call fastcc void @"compute_output_buffer_2d<array,array<ap_fixed<16,6,5,3,0>,8u>,config2>"(i16 %tmp_data_0_V, i16* %res_V_data_0_V, i16* %res_V_data_1_V, i16* %res_V_data_2_V, i16* %res_V_data_3_V, i16* %res_V_data_4_V, i16* %res_V_data_5_V, i16* %res_V_data_6_V, i16* %res_V_data_7_V)" [firmware/nnet_utils/nnet_conv2d_stream.h:87->firmware/nnet_utils/nnet_conv2d_stream.h:103]   --->   Operation 31 'call' <Predicate = (!icmp_ln79)> <Delay = 0.00> <CoreType = "Generic">   --->   Core 0 '' <Latency = 0> <II = 1> <Delay = 1.00> <Generic> <Opcode : >

State 7 <SV = 6> <Delay = 0.00>
ST_7 : Operation 32 [5/9] (0.00ns)   --->   "call fastcc void @"compute_output_buffer_2d<array,array<ap_fixed<16,6,5,3,0>,8u>,config2>"(i16 %tmp_data_0_V, i16* %res_V_data_0_V, i16* %res_V_data_1_V, i16* %res_V_data_2_V, i16* %res_V_data_3_V, i16* %res_V_data_4_V, i16* %res_V_data_5_V, i16* %res_V_data_6_V, i16* %res_V_data_7_V)" [firmware/nnet_utils/nnet_conv2d_stream.h:87->firmware/nnet_utils/nnet_conv2d_stream.h:103]   --->   Operation 32 'call' <Predicate = (!icmp_ln79)> <Delay = 0.00> <CoreType = "Generic">   --->   Core 0 '' <Latency = 0> <II = 1> <Delay = 1.00> <Generic> <Opcode : >

State 8 <SV = 7> <Delay = 0.00>
ST_8 : Operation 33 [4/9] (0.00ns)   --->   "call fastcc void @"compute_output_buffer_2d<array,array<ap_fixed<16,6,5,3,0>,8u>,config2>"(i16 %tmp_data_0_V, i16* %res_V_data_0_V, i16* %res_V_data_1_V, i16* %res_V_data_2_V, i16* %res_V_data_3_V, i16* %res_V_data_4_V, i16* %res_V_data_5_V, i16* %res_V_data_6_V, i16* %res_V_data_7_V)" [firmware/nnet_utils/nnet_conv2d_stream.h:87->firmware/nnet_utils/nnet_conv2d_stream.h:103]   --->   Operation 33 'call' <Predicate = (!icmp_ln79)> <Delay = 0.00> <CoreType = "Generic">   --->   Core 0 '' <Latency = 0> <II = 1> <Delay = 1.00> <Generic> <Opcode : >

State 9 <SV = 8> <Delay = 0.00>
ST_9 : Operation 34 [3/9] (0.00ns)   --->   "call fastcc void @"compute_output_buffer_2d<array,array<ap_fixed<16,6,5,3,0>,8u>,config2>"(i16 %tmp_data_0_V, i16* %res_V_data_0_V, i16* %res_V_data_1_V, i16* %res_V_data_2_V, i16* %res_V_data_3_V, i16* %res_V_data_4_V, i16* %res_V_data_5_V, i16* %res_V_data_6_V, i16* %res_V_data_7_V)" [firmware/nnet_utils/nnet_conv2d_stream.h:87->firmware/nnet_utils/nnet_conv2d_stream.h:103]   --->   Operation 34 'call' <Predicate = (!icmp_ln79)> <Delay = 0.00> <CoreType = "Generic">   --->   Core 0 '' <Latency = 0> <II = 1> <Delay = 1.00> <Generic> <Opcode : >

State 10 <SV = 9> <Delay = 0.00>
ST_10 : Operation 35 [2/9] (0.00ns)   --->   "call fastcc void @"compute_output_buffer_2d<array,array<ap_fixed<16,6,5,3,0>,8u>,config2>"(i16 %tmp_data_0_V, i16* %res_V_data_0_V, i16* %res_V_data_1_V, i16* %res_V_data_2_V, i16* %res_V_data_3_V, i16* %res_V_data_4_V, i16* %res_V_data_5_V, i16* %res_V_data_6_V, i16* %res_V_data_7_V)" [firmware/nnet_utils/nnet_conv2d_stream.h:87->firmware/nnet_utils/nnet_conv2d_stream.h:103]   --->   Operation 35 'call' <Predicate = (!icmp_ln79)> <Delay = 0.00> <CoreType = "Generic">   --->   Core 0 '' <Latency = 0> <II = 1> <Delay = 1.00> <Generic> <Opcode : >

State 11 <SV = 10> <Delay = 0.00>
ST_11 : Operation 36 [1/1] (0.00ns)   --->   "call void (...)* @_ssdm_op_SpecLoopName([31 x i8]* @ReadInputHeight_ReadInputWidth_str)"   --->   Operation 36 'specloopname' <Predicate = (!icmp_ln79)> <Delay = 0.00>
ST_11 : Operation 37 [1/1] (0.00ns)   --->   "%empty = call i32 (...)* @_ssdm_op_SpecLoopTripCount(i64 784, i64 784, i64 784)"   --->   Operation 37 'speclooptripcount' 'empty' <Predicate = (!icmp_ln79)> <Delay = 0.00>
ST_11 : Operation 38 [1/1] (0.00ns)   --->   "call void (...)* @_ssdm_op_SpecLoopName([15 x i8]* @p_str37) nounwind" [firmware/nnet_utils/nnet_conv2d_stream.h:81->firmware/nnet_utils/nnet_conv2d_stream.h:103]   --->   Operation 38 'specloopname' <Predicate = (!icmp_ln79)> <Delay = 0.00>
ST_11 : Operation 39 [1/1] (0.00ns)   --->   "%tmp_s = call i32 (...)* @_ssdm_op_SpecRegionBegin([12 x i8]* @p_str58)" [firmware/nnet_utils/nnet_conv2d_stream.h:83->firmware/nnet_utils/nnet_conv2d_stream.h:103]   --->   Operation 39 'specregionbegin' 'tmp_s' <Predicate = (!icmp_ln79)> <Delay = 0.00>
ST_11 : Operation 40 [1/1] (0.00ns)   --->   "call void (...)* @_ssdm_op_SpecPipeline(i32 8, i32 1, i32 1, i32 0, [1 x i8]* @p_str10) nounwind" [firmware/nnet_utils/nnet_conv2d_stream.h:84->firmware/nnet_utils/nnet_conv2d_stream.h:103]   --->   Operation 40 'specpipeline' <Predicate = (!icmp_ln79)> <Delay = 0.00>
ST_11 : Operation 41 [1/1] (0.00ns)   --->   "%empty_665 = call i32 (...)* @_ssdm_op_SpecRegionEnd([12 x i8]* @p_str58, i32 %tmp_s)" [firmware/nnet_utils/nnet_conv2d_stream.h:85->firmware/nnet_utils/nnet_conv2d_stream.h:103]   --->   Operation 41 'specregionend' 'empty_665' <Predicate = (!icmp_ln79)> <Delay = 0.00>
ST_11 : Operation 42 [1/9] (0.00ns)   --->   "call fastcc void @"compute_output_buffer_2d<array,array<ap_fixed<16,6,5,3,0>,8u>,config2>"(i16 %tmp_data_0_V, i16* %res_V_data_0_V, i16* %res_V_data_1_V, i16* %res_V_data_2_V, i16* %res_V_data_3_V, i16* %res_V_data_4_V, i16* %res_V_data_5_V, i16* %res_V_data_6_V, i16* %res_V_data_7_V)" [firmware/nnet_utils/nnet_conv2d_stream.h:87->firmware/nnet_utils/nnet_conv2d_stream.h:103]   --->   Operation 42 'call' <Predicate = (!icmp_ln79)> <Delay = 0.00> <CoreType = "Generic">   --->   Core 0 '' <Latency = 0> <II = 1> <Delay = 1.00> <Generic> <Opcode : >
ST_11 : Operation 43 [1/1] (0.00ns)   --->   "br label %0"   --->   Operation 43 'br' <Predicate = (!icmp_ln79)> <Delay = 0.00>

State 12 <SV = 2> <Delay = 0.00>
ST_12 : Operation 44 [1/1] (0.00ns)   --->   "ret void" [firmware/nnet_utils/nnet_conv2d_stream.h:109]   --->   Operation 44 'ret' <Predicate = true> <Delay = 0.00>


============================================================
+ Verbose Summary: Timing violations
============================================================
Target clock period: 25ns, clock uncertainty: 3.12ns.

 <State 1>: 1.77ns
The critical path consists of the following:
	multiplexor before 'phi' operation ('indvar_flatten', firmware/nnet_utils/nnet_conv2d_stream.h:79->firmware/nnet_utils/nnet_conv2d_stream.h:103) with incoming values : ('add_ln79', firmware/nnet_utils/nnet_conv2d_stream.h:79->firmware/nnet_utils/nnet_conv2d_stream.h:103) [36]  (1.77 ns)

 <State 2>: 1.77ns
The critical path consists of the following:
	'phi' operation ('indvar_flatten', firmware/nnet_utils/nnet_conv2d_stream.h:79->firmware/nnet_utils/nnet_conv2d_stream.h:103) with incoming values : ('add_ln79', firmware/nnet_utils/nnet_conv2d_stream.h:79->firmware/nnet_utils/nnet_conv2d_stream.h:103) [36]  (0 ns)
	'icmp' operation ('icmp_ln79', firmware/nnet_utils/nnet_conv2d_stream.h:79->firmware/nnet_utils/nnet_conv2d_stream.h:103) [37]  (1.77 ns)

 <State 3>: 18.7ns
The critical path consists of the following:
	axis read on port 'data_V_data_V' (firmware/nnet_utils/nnet_conv2d_stream.h:87->firmware/nnet_utils/nnet_conv2d_stream.h:103) [47]  (0 ns)
	'call' operation ('call_ln87', firmware/nnet_utils/nnet_conv2d_stream.h:87->firmware/nnet_utils/nnet_conv2d_stream.h:103) to 'compute_output_buffer_2d<array,array<ap_fixed<16,6,5,3,0>,8u>,config2>' [48]  (18.7 ns)

 <State 4>: 0ns
The critical path consists of the following:

 <State 5>: 0ns
The critical path consists of the following:

 <State 6>: 0ns
The critical path consists of the following:

 <State 7>: 0ns
The critical path consists of the following:

 <State 8>: 0ns
The critical path consists of the following:

 <State 9>: 0ns
The critical path consists of the following:

 <State 10>: 0ns
The critical path consists of the following:

 <State 11>: 0ns
The critical path consists of the following:

 <State 12>: 0ns
The critical path consists of the following:


============================================================
+ Verbose Summary: Binding
============================================================
N/A
* FSMD analyzer results:
  - Output states:
 - Input state : 
  - Chain level:
	State 1
	State 2
	State 3
	State 4
	State 5
	State 6
	State 7
	State 8
	State 9
	State 10
	State 11
	State 12


============================================================
+ Verbose Summary: Datapath Resource usage 
============================================================
N/A
