

================================================================
== Vivado HLS Report for 'dense_array_ap_fixed_8u_array_ap_fixed_16_6_5_3_0_10u_config7_s'
================================================================
* Date:           Tue Dec 19 20:24:21 2023

* Version:        2020.1 (Build 2897737 on Wed May 27 20:21:37 MDT 2020)
* Project:        myproject_prj
* Solution:       solution1
* Product family: zynq
* Target device:  xc7z020-clg400-1


================================================================
== Performance Estimates
================================================================
+ Timing: 
    * Summary: 
    +--------+----------+-----------+------------+
    |  Clock |  Target  | Estimated | Uncertainty|
    +--------+----------+-----------+------------+
    |ap_clk  | 25.00 ns | 15.194 ns |   3.12 ns  |
    +--------+----------+-----------+------------+

+ Latency: 
    * Summary: 
    +---------+---------+----------+----------+-----+-----+---------+
    |  Latency (cycles) |  Latency (absolute) |  Interval | Pipeline|
    |   min   |   max   |    min   |    max   | min | max |   Type  |
    +---------+---------+----------+----------+-----+-----+---------+
    |        7|        7| 0.175 us | 0.175 us |    7|    7|   none  |
    +---------+---------+----------+----------+-----+-----+---------+

    + Detail: 
        * Instance: 
        +----------------------------------------------------------------------------+-----------------------------------------------------------------+---------+---------+----------+----------+-----+-----+----------+
        |                                                                            |                                                                 |  Latency (cycles) |  Latency (absolute) |  Interval | Pipeline |
        |                                  Instance                                  |                              Module                             |   min   |   max   |    min   |    max   | min | max |   Type   |
        +----------------------------------------------------------------------------+-----------------------------------------------------------------+---------+---------+----------+----------+-----+-----+----------+
        |grp_dense_wrapper_ap_fixed_16_6_5_3_0_ap_fixed_16_6_5_3_0_config7_s_fu_331  |dense_wrapper_ap_fixed_16_6_5_3_0_ap_fixed_16_6_5_3_0_config7_s  |        7|        7| 0.175 us | 0.175 us |    8|    8| function |
        +----------------------------------------------------------------------------+-----------------------------------------------------------------+---------+---------+----------+----------+-----+-----+----------+

        * Loop: 
        N/A

============================================================
+ Verbose Summary: Synthesis Manager
============================================================
InlineROM: 1
ExposeGlobal: 0
============================================================
+ Verbose Summary: CDFG Model
============================================================
IsTopModel: 0
ResetActiveHigh: 1
IsCombinational: 2
IsDatapathOnly: 0
HasWiredReturn: 1
HasMFsm: 0
HasVarLatency: 1
IsPipeline: 0
IsRtlPipelined: 0
IsInstanceOverlapped: 0
IsDontTouch: 0
HasImplIP: 0
IsGatedGlobalClock: 0


============================================================
+ Verbose Summary: Schedule
============================================================
* Number of FSM states : 8
* Pipeline : 0
* Dataflow Pipeline: 0

* FSM state transitions: 
1 --> 2 
2 --> 3 
3 --> 4 
4 --> 5 
5 --> 6 
6 --> 7 
7 --> 8 
8 --> 

* FSM state operations: 

State 1 <SV = 0> <Delay = 15.1>
ST_1 : Operation 9 [1/1] (3.63ns)   --->   "%empty = call { i16, i16, i16, i16, i16, i16, i16, i16 } @_ssdm_op_Read.ap_fifo.volatile.i16P.i16P.i16P.i16P.i16P.i16P.i16P.i16P(i16* %data_stream_V_data_0_V, i16* %data_stream_V_data_1_V, i16* %data_stream_V_data_2_V, i16* %data_stream_V_data_3_V, i16* %data_stream_V_data_4_V, i16* %data_stream_V_data_5_V, i16* %data_stream_V_data_6_V, i16* %data_stream_V_data_7_V)" [firmware/nnet_utils/nnet_dense_stream.h:40]   --->   Operation 9 'read' 'empty' <Predicate = true> <Delay = 3.63> <Core = "FIFO">   --->   Core 32 'FIFO' <Latency = 0> <II = 1> <Delay = 3.63> <Storage> <Opcode : 'read' 'write' 'nbread' 'nbwrite'> <Ports = 0> <Width = 16> <Depth = 1> <FIFO>
ST_1 : Operation 10 [1/1] (0.00ns)   --->   "%data_0_V = extractvalue { i16, i16, i16, i16, i16, i16, i16, i16 } %empty, 0" [firmware/nnet_utils/nnet_dense_stream.h:40]   --->   Operation 10 'extractvalue' 'data_0_V' <Predicate = true> <Delay = 0.00>
ST_1 : Operation 11 [1/1] (0.00ns)   --->   "%data_1_V = extractvalue { i16, i16, i16, i16, i16, i16, i16, i16 } %empty, 1" [firmware/nnet_utils/nnet_dense_stream.h:40]   --->   Operation 11 'extractvalue' 'data_1_V' <Predicate = true> <Delay = 0.00>
ST_1 : Operation 12 [1/1] (0.00ns)   --->   "%data_2_V = extractvalue { i16, i16, i16, i16, i16, i16, i16, i16 } %empty, 2" [firmware/nnet_utils/nnet_dense_stream.h:40]   --->   Operation 12 'extractvalue' 'data_2_V' <Predicate = true> <Delay = 0.00>
ST_1 : Operation 13 [1/1] (0.00ns)   --->   "%data_3_V = extractvalue { i16, i16, i16, i16, i16, i16, i16, i16 } %empty, 3" [firmware/nnet_utils/nnet_dense_stream.h:40]   --->   Operation 13 'extractvalue' 'data_3_V' <Predicate = true> <Delay = 0.00>
ST_1 : Operation 14 [1/1] (0.00ns)   --->   "%data_4_V = extractvalue { i16, i16, i16, i16, i16, i16, i16, i16 } %empty, 4" [firmware/nnet_utils/nnet_dense_stream.h:40]   --->   Operation 14 'extractvalue' 'data_4_V' <Predicate = true> <Delay = 0.00>
ST_1 : Operation 15 [1/1] (0.00ns)   --->   "%data_5_V = extractvalue { i16, i16, i16, i16, i16, i16, i16, i16 } %empty, 5" [firmware/nnet_utils/nnet_dense_stream.h:40]   --->   Operation 15 'extractvalue' 'data_5_V' <Predicate = true> <Delay = 0.00>
ST_1 : Operation 16 [1/1] (0.00ns)   --->   "%data_6_V = extractvalue { i16, i16, i16, i16, i16, i16, i16, i16 } %empty, 6" [firmware/nnet_utils/nnet_dense_stream.h:40]   --->   Operation 16 'extractvalue' 'data_6_V' <Predicate = true> <Delay = 0.00>
ST_1 : Operation 17 [1/1] (0.00ns)   --->   "%data_7_V = extractvalue { i16, i16, i16, i16, i16, i16, i16, i16 } %empty, 7" [firmware/nnet_utils/nnet_dense_stream.h:40]   --->   Operation 17 'extractvalue' 'data_7_V' <Predicate = true> <Delay = 0.00>
ST_1 : Operation 18 [8/8] (11.5ns)   --->   "%call_ret = call fastcc { i16, i16, i16, i16, i16, i16, i16, i16, i16 } @"dense_wrapper<ap_fixed<16, 6, 5, 3, 0>, ap_fixed<16, 6, 5, 3, 0>, config7>"(i16 %data_0_V, i16 %data_1_V, i16 %data_2_V, i16 %data_3_V, i16 %data_4_V, i16 %data_5_V, i16 %data_6_V, i16 %data_7_V)" [firmware/nnet_utils/nnet_dense_stream.h:48]   --->   Operation 18 'call' 'call_ret' <Predicate = true> <Delay = 11.5> <CoreType = "Generic">   --->   Core 0 '' <Latency = 0> <II = 1> <Delay = 1.00> <Generic> <Opcode : >

State 2 <SV = 1> <Delay = 11.5>
ST_2 : Operation 19 [7/8] (11.5ns)   --->   "%call_ret = call fastcc { i16, i16, i16, i16, i16, i16, i16, i16, i16 } @"dense_wrapper<ap_fixed<16, 6, 5, 3, 0>, ap_fixed<16, 6, 5, 3, 0>, config7>"(i16 %data_0_V, i16 %data_1_V, i16 %data_2_V, i16 %data_3_V, i16 %data_4_V, i16 %data_5_V, i16 %data_6_V, i16 %data_7_V)" [firmware/nnet_utils/nnet_dense_stream.h:48]   --->   Operation 19 'call' 'call_ret' <Predicate = true> <Delay = 11.5> <CoreType = "Generic">   --->   Core 0 '' <Latency = 0> <II = 1> <Delay = 1.00> <Generic> <Opcode : >

State 3 <SV = 2> <Delay = 11.5>
ST_3 : Operation 20 [6/8] (11.5ns)   --->   "%call_ret = call fastcc { i16, i16, i16, i16, i16, i16, i16, i16, i16 } @"dense_wrapper<ap_fixed<16, 6, 5, 3, 0>, ap_fixed<16, 6, 5, 3, 0>, config7>"(i16 %data_0_V, i16 %data_1_V, i16 %data_2_V, i16 %data_3_V, i16 %data_4_V, i16 %data_5_V, i16 %data_6_V, i16 %data_7_V)" [firmware/nnet_utils/nnet_dense_stream.h:48]   --->   Operation 20 'call' 'call_ret' <Predicate = true> <Delay = 11.5> <CoreType = "Generic">   --->   Core 0 '' <Latency = 0> <II = 1> <Delay = 1.00> <Generic> <Opcode : >

State 4 <SV = 3> <Delay = 11.5>
ST_4 : Operation 21 [5/8] (11.5ns)   --->   "%call_ret = call fastcc { i16, i16, i16, i16, i16, i16, i16, i16, i16 } @"dense_wrapper<ap_fixed<16, 6, 5, 3, 0>, ap_fixed<16, 6, 5, 3, 0>, config7>"(i16 %data_0_V, i16 %data_1_V, i16 %data_2_V, i16 %data_3_V, i16 %data_4_V, i16 %data_5_V, i16 %data_6_V, i16 %data_7_V)" [firmware/nnet_utils/nnet_dense_stream.h:48]   --->   Operation 21 'call' 'call_ret' <Predicate = true> <Delay = 11.5> <CoreType = "Generic">   --->   Core 0 '' <Latency = 0> <II = 1> <Delay = 1.00> <Generic> <Opcode : >

State 5 <SV = 4> <Delay = 11.5>
ST_5 : Operation 22 [4/8] (11.5ns)   --->   "%call_ret = call fastcc { i16, i16, i16, i16, i16, i16, i16, i16, i16 } @"dense_wrapper<ap_fixed<16, 6, 5, 3, 0>, ap_fixed<16, 6, 5, 3, 0>, config7>"(i16 %data_0_V, i16 %data_1_V, i16 %data_2_V, i16 %data_3_V, i16 %data_4_V, i16 %data_5_V, i16 %data_6_V, i16 %data_7_V)" [firmware/nnet_utils/nnet_dense_stream.h:48]   --->   Operation 22 'call' 'call_ret' <Predicate = true> <Delay = 11.5> <CoreType = "Generic">   --->   Core 0 '' <Latency = 0> <II = 1> <Delay = 1.00> <Generic> <Opcode : >

State 6 <SV = 5> <Delay = 11.5>
ST_6 : Operation 23 [3/8] (11.5ns)   --->   "%call_ret = call fastcc { i16, i16, i16, i16, i16, i16, i16, i16, i16 } @"dense_wrapper<ap_fixed<16, 6, 5, 3, 0>, ap_fixed<16, 6, 5, 3, 0>, config7>"(i16 %data_0_V, i16 %data_1_V, i16 %data_2_V, i16 %data_3_V, i16 %data_4_V, i16 %data_5_V, i16 %data_6_V, i16 %data_7_V)" [firmware/nnet_utils/nnet_dense_stream.h:48]   --->   Operation 23 'call' 'call_ret' <Predicate = true> <Delay = 11.5> <CoreType = "Generic">   --->   Core 0 '' <Latency = 0> <II = 1> <Delay = 1.00> <Generic> <Opcode : >

State 7 <SV = 6> <Delay = 11.5>
ST_7 : Operation 24 [2/8] (11.5ns)   --->   "%call_ret = call fastcc { i16, i16, i16, i16, i16, i16, i16, i16, i16 } @"dense_wrapper<ap_fixed<16, 6, 5, 3, 0>, ap_fixed<16, 6, 5, 3, 0>, config7>"(i16 %data_0_V, i16 %data_1_V, i16 %data_2_V, i16 %data_3_V, i16 %data_4_V, i16 %data_5_V, i16 %data_6_V, i16 %data_7_V)" [firmware/nnet_utils/nnet_dense_stream.h:48]   --->   Operation 24 'call' 'call_ret' <Predicate = true> <Delay = 11.5> <CoreType = "Generic">   --->   Core 0 '' <Latency = 0> <II = 1> <Delay = 1.00> <Generic> <Opcode : >

State 8 <SV = 7> <Delay = 15.1>
ST_8 : Operation 25 [1/1] (0.00ns)   --->   "call void (...)* @_ssdm_op_SpecInterface(i16* %res_stream_V_data_9_V, [8 x i8]* @ap_fifo_str, i32 0, i32 0, [1 x i8]* @p_str621, i32 0, i32 0, [1 x i8]* @p_str622, [1 x i8]* @p_str623, [1 x i8]* @p_str624, i32 2, i32 2, i32 16, i32 16, [1 x i8]* @p_str625, [1 x i8]* @p_str626)"   --->   Operation 25 'specinterface' <Predicate = true> <Delay = 0.00>
ST_8 : Operation 26 [1/1] (0.00ns)   --->   "call void (...)* @_ssdm_op_SpecInterface(i16* %res_stream_V_data_8_V, [8 x i8]* @ap_fifo_str, i32 0, i32 0, [1 x i8]* @p_str614, i32 0, i32 0, [1 x i8]* @p_str615, [1 x i8]* @p_str616, [1 x i8]* @p_str617, i32 2, i32 2, i32 16, i32 16, [1 x i8]* @p_str618, [1 x i8]* @p_str619)"   --->   Operation 26 'specinterface' <Predicate = true> <Delay = 0.00>
ST_8 : Operation 27 [1/1] (0.00ns)   --->   "call void (...)* @_ssdm_op_SpecInterface(i16* %res_stream_V_data_7_V, [8 x i8]* @ap_fifo_str, i32 0, i32 0, [1 x i8]* @p_str607, i32 0, i32 0, [1 x i8]* @p_str608, [1 x i8]* @p_str609, [1 x i8]* @p_str610, i32 2, i32 2, i32 16, i32 16, [1 x i8]* @p_str611, [1 x i8]* @p_str612)"   --->   Operation 27 'specinterface' <Predicate = true> <Delay = 0.00>
ST_8 : Operation 28 [1/1] (0.00ns)   --->   "call void (...)* @_ssdm_op_SpecInterface(i16* %res_stream_V_data_6_V, [8 x i8]* @ap_fifo_str, i32 0, i32 0, [1 x i8]* @p_str600, i32 0, i32 0, [1 x i8]* @p_str601, [1 x i8]* @p_str602, [1 x i8]* @p_str603, i32 2, i32 2, i32 16, i32 16, [1 x i8]* @p_str604, [1 x i8]* @p_str605)"   --->   Operation 28 'specinterface' <Predicate = true> <Delay = 0.00>
ST_8 : Operation 29 [1/1] (0.00ns)   --->   "call void (...)* @_ssdm_op_SpecInterface(i16* %res_stream_V_data_5_V, [8 x i8]* @ap_fifo_str, i32 0, i32 0, [1 x i8]* @p_str593, i32 0, i32 0, [1 x i8]* @p_str594, [1 x i8]* @p_str595, [1 x i8]* @p_str596, i32 2, i32 2, i32 16, i32 16, [1 x i8]* @p_str597, [1 x i8]* @p_str598)"   --->   Operation 29 'specinterface' <Predicate = true> <Delay = 0.00>
ST_8 : Operation 30 [1/1] (0.00ns)   --->   "call void (...)* @_ssdm_op_SpecInterface(i16* %res_stream_V_data_4_V, [8 x i8]* @ap_fifo_str, i32 0, i32 0, [1 x i8]* @p_str586, i32 0, i32 0, [1 x i8]* @p_str587, [1 x i8]* @p_str588, [1 x i8]* @p_str589, i32 2, i32 2, i32 16, i32 16, [1 x i8]* @p_str590, [1 x i8]* @p_str591)"   --->   Operation 30 'specinterface' <Predicate = true> <Delay = 0.00>
ST_8 : Operation 31 [1/1] (0.00ns)   --->   "call void (...)* @_ssdm_op_SpecInterface(i16* %res_stream_V_data_3_V, [8 x i8]* @ap_fifo_str, i32 0, i32 0, [1 x i8]* @p_str579, i32 0, i32 0, [1 x i8]* @p_str580, [1 x i8]* @p_str581, [1 x i8]* @p_str582, i32 2, i32 2, i32 16, i32 16, [1 x i8]* @p_str583, [1 x i8]* @p_str584)"   --->   Operation 31 'specinterface' <Predicate = true> <Delay = 0.00>
ST_8 : Operation 32 [1/1] (0.00ns)   --->   "call void (...)* @_ssdm_op_SpecInterface(i16* %res_stream_V_data_2_V, [8 x i8]* @ap_fifo_str, i32 0, i32 0, [1 x i8]* @p_str572, i32 0, i32 0, [1 x i8]* @p_str573, [1 x i8]* @p_str574, [1 x i8]* @p_str575, i32 2, i32 2, i32 16, i32 16, [1 x i8]* @p_str576, [1 x i8]* @p_str577)"   --->   Operation 32 'specinterface' <Predicate = true> <Delay = 0.00>
ST_8 : Operation 33 [1/1] (0.00ns)   --->   "call void (...)* @_ssdm_op_SpecInterface(i16* %res_stream_V_data_1_V, [8 x i8]* @ap_fifo_str, i32 0, i32 0, [1 x i8]* @p_str565, i32 0, i32 0, [1 x i8]* @p_str566, [1 x i8]* @p_str567, [1 x i8]* @p_str568, i32 2, i32 2, i32 16, i32 16, [1 x i8]* @p_str569, [1 x i8]* @p_str570)"   --->   Operation 33 'specinterface' <Predicate = true> <Delay = 0.00>
ST_8 : Operation 34 [1/1] (0.00ns)   --->   "call void (...)* @_ssdm_op_SpecInterface(i16* %res_stream_V_data_0_V, [8 x i8]* @ap_fifo_str, i32 0, i32 0, [1 x i8]* @p_str558, i32 0, i32 0, [1 x i8]* @p_str559, [1 x i8]* @p_str560, [1 x i8]* @p_str561, i32 2, i32 2, i32 16, i32 16, [1 x i8]* @p_str562, [1 x i8]* @p_str563)"   --->   Operation 34 'specinterface' <Predicate = true> <Delay = 0.00>
ST_8 : Operation 35 [1/1] (0.00ns)   --->   "call void (...)* @_ssdm_op_SpecInterface(i16* %data_stream_V_data_7_V, [8 x i8]* @ap_fifo_str, i32 0, i32 0, [1 x i8]* @p_str551, i32 0, i32 0, [1 x i8]* @p_str552, [1 x i8]* @p_str553, [1 x i8]* @p_str554, i32 2, i32 2, i32 16, i32 16, [1 x i8]* @p_str555, [1 x i8]* @p_str556)"   --->   Operation 35 'specinterface' <Predicate = true> <Delay = 0.00>
ST_8 : Operation 36 [1/1] (0.00ns)   --->   "call void (...)* @_ssdm_op_SpecInterface(i16* %data_stream_V_data_6_V, [8 x i8]* @ap_fifo_str, i32 0, i32 0, [1 x i8]* @p_str544, i32 0, i32 0, [1 x i8]* @p_str545, [1 x i8]* @p_str546, [1 x i8]* @p_str547, i32 2, i32 2, i32 16, i32 16, [1 x i8]* @p_str548, [1 x i8]* @p_str549)"   --->   Operation 36 'specinterface' <Predicate = true> <Delay = 0.00>
ST_8 : Operation 37 [1/1] (0.00ns)   --->   "call void (...)* @_ssdm_op_SpecInterface(i16* %data_stream_V_data_5_V, [8 x i8]* @ap_fifo_str, i32 0, i32 0, [1 x i8]* @p_str537, i32 0, i32 0, [1 x i8]* @p_str538, [1 x i8]* @p_str539, [1 x i8]* @p_str540, i32 2, i32 2, i32 16, i32 16, [1 x i8]* @p_str541, [1 x i8]* @p_str542)"   --->   Operation 37 'specinterface' <Predicate = true> <Delay = 0.00>
ST_8 : Operation 38 [1/1] (0.00ns)   --->   "call void (...)* @_ssdm_op_SpecInterface(i16* %data_stream_V_data_4_V, [8 x i8]* @ap_fifo_str, i32 0, i32 0, [1 x i8]* @p_str530, i32 0, i32 0, [1 x i8]* @p_str531, [1 x i8]* @p_str532, [1 x i8]* @p_str533, i32 2, i32 2, i32 16, i32 16, [1 x i8]* @p_str534, [1 x i8]* @p_str535)"   --->   Operation 38 'specinterface' <Predicate = true> <Delay = 0.00>
ST_8 : Operation 39 [1/1] (0.00ns)   --->   "call void (...)* @_ssdm_op_SpecInterface(i16* %data_stream_V_data_3_V, [8 x i8]* @ap_fifo_str, i32 0, i32 0, [1 x i8]* @p_str523, i32 0, i32 0, [1 x i8]* @p_str524, [1 x i8]* @p_str525, [1 x i8]* @p_str526, i32 2, i32 2, i32 16, i32 16, [1 x i8]* @p_str527, [1 x i8]* @p_str528)"   --->   Operation 39 'specinterface' <Predicate = true> <Delay = 0.00>
ST_8 : Operation 40 [1/1] (0.00ns)   --->   "call void (...)* @_ssdm_op_SpecInterface(i16* %data_stream_V_data_2_V, [8 x i8]* @ap_fifo_str, i32 0, i32 0, [1 x i8]* @p_str516, i32 0, i32 0, [1 x i8]* @p_str517, [1 x i8]* @p_str518, [1 x i8]* @p_str519, i32 2, i32 2, i32 16, i32 16, [1 x i8]* @p_str520, [1 x i8]* @p_str521)"   --->   Operation 40 'specinterface' <Predicate = true> <Delay = 0.00>
ST_8 : Operation 41 [1/1] (0.00ns)   --->   "call void (...)* @_ssdm_op_SpecInterface(i16* %data_stream_V_data_1_V, [8 x i8]* @ap_fifo_str, i32 0, i32 0, [1 x i8]* @p_str509, i32 0, i32 0, [1 x i8]* @p_str510, [1 x i8]* @p_str511, [1 x i8]* @p_str512, i32 2, i32 2, i32 16, i32 16, [1 x i8]* @p_str513, [1 x i8]* @p_str514)"   --->   Operation 41 'specinterface' <Predicate = true> <Delay = 0.00>
ST_8 : Operation 42 [1/1] (0.00ns)   --->   "call void (...)* @_ssdm_op_SpecInterface(i16* %data_stream_V_data_0_V, [8 x i8]* @ap_fifo_str, i32 0, i32 0, [1 x i8]* @p_str502, i32 0, i32 0, [1 x i8]* @p_str503, [1 x i8]* @p_str504, [1 x i8]* @p_str505, i32 2, i32 2, i32 16, i32 16, [1 x i8]* @p_str506, [1 x i8]* @p_str507)"   --->   Operation 42 'specinterface' <Predicate = true> <Delay = 0.00>
ST_8 : Operation 43 [1/1] (0.00ns)   --->   "call void (...)* @_ssdm_op_SpecLoopName([12 x i8]* @p_str24) nounwind" [firmware/nnet_utils/nnet_dense_stream.h:36]   --->   Operation 43 'specloopname' <Predicate = true> <Delay = 0.00>
ST_8 : Operation 44 [1/8] (11.5ns)   --->   "%call_ret = call fastcc { i16, i16, i16, i16, i16, i16, i16, i16, i16 } @"dense_wrapper<ap_fixed<16, 6, 5, 3, 0>, ap_fixed<16, 6, 5, 3, 0>, config7>"(i16 %data_0_V, i16 %data_1_V, i16 %data_2_V, i16 %data_3_V, i16 %data_4_V, i16 %data_5_V, i16 %data_6_V, i16 %data_7_V)" [firmware/nnet_utils/nnet_dense_stream.h:48]   --->   Operation 44 'call' 'call_ret' <Predicate = true> <Delay = 11.5> <CoreType = "Generic">   --->   Core 0 '' <Latency = 0> <II = 1> <Delay = 1.00> <Generic> <Opcode : >
ST_8 : Operation 45 [1/1] (0.00ns)   --->   "%tmp_data_0_V = extractvalue { i16, i16, i16, i16, i16, i16, i16, i16, i16 } %call_ret, 0" [firmware/nnet_utils/nnet_dense_stream.h:48]   --->   Operation 45 'extractvalue' 'tmp_data_0_V' <Predicate = true> <Delay = 0.00>
ST_8 : Operation 46 [1/1] (0.00ns)   --->   "%tmp_data_1_V = extractvalue { i16, i16, i16, i16, i16, i16, i16, i16, i16 } %call_ret, 1" [firmware/nnet_utils/nnet_dense_stream.h:48]   --->   Operation 46 'extractvalue' 'tmp_data_1_V' <Predicate = true> <Delay = 0.00>
ST_8 : Operation 47 [1/1] (0.00ns)   --->   "%tmp_data_2_V = extractvalue { i16, i16, i16, i16, i16, i16, i16, i16, i16 } %call_ret, 2" [firmware/nnet_utils/nnet_dense_stream.h:48]   --->   Operation 47 'extractvalue' 'tmp_data_2_V' <Predicate = true> <Delay = 0.00>
ST_8 : Operation 48 [1/1] (0.00ns)   --->   "%tmp_data_3_V = extractvalue { i16, i16, i16, i16, i16, i16, i16, i16, i16 } %call_ret, 3" [firmware/nnet_utils/nnet_dense_stream.h:48]   --->   Operation 48 'extractvalue' 'tmp_data_3_V' <Predicate = true> <Delay = 0.00>
ST_8 : Operation 49 [1/1] (0.00ns)   --->   "%tmp_data_4_V = extractvalue { i16, i16, i16, i16, i16, i16, i16, i16, i16 } %call_ret, 4" [firmware/nnet_utils/nnet_dense_stream.h:48]   --->   Operation 49 'extractvalue' 'tmp_data_4_V' <Predicate = true> <Delay = 0.00>
ST_8 : Operation 50 [1/1] (0.00ns)   --->   "%tmp_data_5_V = extractvalue { i16, i16, i16, i16, i16, i16, i16, i16, i16 } %call_ret, 5" [firmware/nnet_utils/nnet_dense_stream.h:48]   --->   Operation 50 'extractvalue' 'tmp_data_5_V' <Predicate = true> <Delay = 0.00>
ST_8 : Operation 51 [1/1] (0.00ns)   --->   "%tmp_data_7_V = extractvalue { i16, i16, i16, i16, i16, i16, i16, i16, i16 } %call_ret, 6" [firmware/nnet_utils/nnet_dense_stream.h:48]   --->   Operation 51 'extractvalue' 'tmp_data_7_V' <Predicate = true> <Delay = 0.00>
ST_8 : Operation 52 [1/1] (0.00ns)   --->   "%tmp_data_8_V = extractvalue { i16, i16, i16, i16, i16, i16, i16, i16, i16 } %call_ret, 7" [firmware/nnet_utils/nnet_dense_stream.h:48]   --->   Operation 52 'extractvalue' 'tmp_data_8_V' <Predicate = true> <Delay = 0.00>
ST_8 : Operation 53 [1/1] (0.00ns)   --->   "%tmp_data_9_V = extractvalue { i16, i16, i16, i16, i16, i16, i16, i16, i16 } %call_ret, 8" [firmware/nnet_utils/nnet_dense_stream.h:48]   --->   Operation 53 'extractvalue' 'tmp_data_9_V' <Predicate = true> <Delay = 0.00>
ST_8 : Operation 54 [1/1] (0.00ns)   --->   "call void (...)* @_ssdm_op_SpecLoopName([9 x i8]* @p_str26) nounwind" [firmware/nnet_utils/nnet_dense_stream.h:51]   --->   Operation 54 'specloopname' <Predicate = true> <Delay = 0.00>
ST_8 : Operation 55 [1/1] (3.63ns)   --->   "call void @_ssdm_op_Write.ap_fifo.volatile.i16P.i16P.i16P.i16P.i16P.i16P.i16P.i16P.i16P.i16P(i16* %res_stream_V_data_0_V, i16* %res_stream_V_data_1_V, i16* %res_stream_V_data_2_V, i16* %res_stream_V_data_3_V, i16* %res_stream_V_data_4_V, i16* %res_stream_V_data_5_V, i16* %res_stream_V_data_6_V, i16* %res_stream_V_data_7_V, i16* %res_stream_V_data_8_V, i16* %res_stream_V_data_9_V, i16 %tmp_data_0_V, i16 %tmp_data_1_V, i16 %tmp_data_2_V, i16 %tmp_data_3_V, i16 %tmp_data_4_V, i16 %tmp_data_5_V, i16 0, i16 %tmp_data_7_V, i16 %tmp_data_8_V, i16 %tmp_data_9_V)" [firmware/nnet_utils/nnet_dense_stream.h:62]   --->   Operation 55 'write' <Predicate = true> <Delay = 3.63> <Core = "FIFO">   --->   Core 32 'FIFO' <Latency = 0> <II = 1> <Delay = 3.63> <Storage> <Opcode : 'read' 'write' 'nbread' 'nbwrite'> <Ports = 0> <Width = 16> <Depth = 1> <FIFO>
ST_8 : Operation 56 [1/1] (0.00ns)   --->   "ret void" [firmware/nnet_utils/nnet_dense_stream.h:64]   --->   Operation 56 'ret' <Predicate = true> <Delay = 0.00>


============================================================
+ Verbose Summary: Binding
============================================================
STG Binding: 
---------------- STG Properties BEGIN ----------------
- Is combinational: 0
- Is one-state seq: 0
- Is datapath-only: 0
- Is pipelined: 0
- Is top level: 0
Port [ Return ] is wired: 1; IO mode=ap_ctrl_hs:ce=0
Port [ data_stream_V_data_0_V]:  wired=1; compound=1; hidden=0; nouse=0; global=0; static=0; extern=0; dir=0; type=3; pingpong=0; private_global=0; IO mode=ap_fifo:ce=0
Port [ data_stream_V_data_1_V]:  wired=1; compound=1; hidden=0; nouse=0; global=0; static=0; extern=0; dir=0; type=3; pingpong=0; private_global=0; IO mode=ap_fifo:ce=0
Port [ data_stream_V_data_2_V]:  wired=1; compound=1; hidden=0; nouse=0; global=0; static=0; extern=0; dir=0; type=3; pingpong=0; private_global=0; IO mode=ap_fifo:ce=0
Port [ data_stream_V_data_3_V]:  wired=1; compound=1; hidden=0; nouse=0; global=0; static=0; extern=0; dir=0; type=3; pingpong=0; private_global=0; IO mode=ap_fifo:ce=0
Port [ data_stream_V_data_4_V]:  wired=1; compound=1; hidden=0; nouse=0; global=0; static=0; extern=0; dir=0; type=3; pingpong=0; private_global=0; IO mode=ap_fifo:ce=0
Port [ data_stream_V_data_5_V]:  wired=1; compound=1; hidden=0; nouse=0; global=0; static=0; extern=0; dir=0; type=3; pingpong=0; private_global=0; IO mode=ap_fifo:ce=0
Port [ data_stream_V_data_6_V]:  wired=1; compound=1; hidden=0; nouse=0; global=0; static=0; extern=0; dir=0; type=3; pingpong=0; private_global=0; IO mode=ap_fifo:ce=0
Port [ data_stream_V_data_7_V]:  wired=1; compound=1; hidden=0; nouse=0; global=0; static=0; extern=0; dir=0; type=3; pingpong=0; private_global=0; IO mode=ap_fifo:ce=0
Port [ res_stream_V_data_0_V]:  wired=1; compound=1; hidden=0; nouse=0; global=0; static=0; extern=0; dir=1; type=3; pingpong=0; private_global=0; IO mode=ap_fifo:ce=0
Port [ res_stream_V_data_1_V]:  wired=1; compound=1; hidden=0; nouse=0; global=0; static=0; extern=0; dir=1; type=3; pingpong=0; private_global=0; IO mode=ap_fifo:ce=0
Port [ res_stream_V_data_2_V]:  wired=1; compound=1; hidden=0; nouse=0; global=0; static=0; extern=0; dir=1; type=3; pingpong=0; private_global=0; IO mode=ap_fifo:ce=0
Port [ res_stream_V_data_3_V]:  wired=1; compound=1; hidden=0; nouse=0; global=0; static=0; extern=0; dir=1; type=3; pingpong=0; private_global=0; IO mode=ap_fifo:ce=0
Port [ res_stream_V_data_4_V]:  wired=1; compound=1; hidden=0; nouse=0; global=0; static=0; extern=0; dir=1; type=3; pingpong=0; private_global=0; IO mode=ap_fifo:ce=0
Port [ res_stream_V_data_5_V]:  wired=1; compound=1; hidden=0; nouse=0; global=0; static=0; extern=0; dir=1; type=3; pingpong=0; private_global=0; IO mode=ap_fifo:ce=0
Port [ res_stream_V_data_6_V]:  wired=1; compound=1; hidden=0; nouse=0; global=0; static=0; extern=0; dir=1; type=3; pingpong=0; private_global=0; IO mode=ap_fifo:ce=0
Port [ res_stream_V_data_7_V]:  wired=1; compound=1; hidden=0; nouse=0; global=0; static=0; extern=0; dir=1; type=3; pingpong=0; private_global=0; IO mode=ap_fifo:ce=0
Port [ res_stream_V_data_8_V]:  wired=1; compound=1; hidden=0; nouse=0; global=0; static=0; extern=0; dir=1; type=3; pingpong=0; private_global=0; IO mode=ap_fifo:ce=0
Port [ res_stream_V_data_9_V]:  wired=1; compound=1; hidden=0; nouse=0; global=0; static=0; extern=0; dir=1; type=3; pingpong=0; private_global=0; IO mode=ap_fifo:ce=0
---------------- STG Properties END ------------------

---------------- Datapath Model BEGIN ----------------

<LifeTime>
<method=bitvector/>
empty             (read         ) [ 000000000]
data_0_V          (extractvalue ) [ 000000000]
data_1_V          (extractvalue ) [ 000000000]
data_2_V          (extractvalue ) [ 001000000]
data_3_V          (extractvalue ) [ 001100000]
data_4_V          (extractvalue ) [ 001111000]
data_5_V          (extractvalue ) [ 001111000]
data_6_V          (extractvalue ) [ 001111110]
data_7_V          (extractvalue ) [ 001111110]
specinterface_ln0 (specinterface) [ 000000000]
specinterface_ln0 (specinterface) [ 000000000]
specinterface_ln0 (specinterface) [ 000000000]
specinterface_ln0 (specinterface) [ 000000000]
specinterface_ln0 (specinterface) [ 000000000]
specinterface_ln0 (specinterface) [ 000000000]
specinterface_ln0 (specinterface) [ 000000000]
specinterface_ln0 (specinterface) [ 000000000]
specinterface_ln0 (specinterface) [ 000000000]
specinterface_ln0 (specinterface) [ 000000000]
specinterface_ln0 (specinterface) [ 000000000]
specinterface_ln0 (specinterface) [ 000000000]
specinterface_ln0 (specinterface) [ 000000000]
specinterface_ln0 (specinterface) [ 000000000]
specinterface_ln0 (specinterface) [ 000000000]
specinterface_ln0 (specinterface) [ 000000000]
specinterface_ln0 (specinterface) [ 000000000]
specinterface_ln0 (specinterface) [ 000000000]
specloopname_ln36 (specloopname ) [ 000000000]
call_ret          (call         ) [ 000000000]
tmp_data_0_V      (extractvalue ) [ 000000000]
tmp_data_1_V      (extractvalue ) [ 000000000]
tmp_data_2_V      (extractvalue ) [ 000000000]
tmp_data_3_V      (extractvalue ) [ 000000000]
tmp_data_4_V      (extractvalue ) [ 000000000]
tmp_data_5_V      (extractvalue ) [ 000000000]
tmp_data_7_V      (extractvalue ) [ 000000000]
tmp_data_8_V      (extractvalue ) [ 000000000]
tmp_data_9_V      (extractvalue ) [ 000000000]
specloopname_ln51 (specloopname ) [ 000000000]
write_ln62        (write        ) [ 000000000]
ret_ln64          (ret          ) [ 000000000]
</LifeTime>

<model>

<comp_list>
<comp id="0" class="1000" name="data_stream_V_data_0_V">
<pin_list>
<pin id="1" dir="1" index="0" bw="1" slack="0"/>
</pin_list>
<bind>
<StgValue><ssdm name="data_stream_V_data_0_V"/></StgValue>
</bind>
</comp>

<comp id="2" class="1000" name="data_stream_V_data_1_V">
<pin_list>
<pin id="3" dir="1" index="0" bw="1" slack="0"/>
</pin_list>
<bind>
<StgValue><ssdm name="data_stream_V_data_1_V"/></StgValue>
</bind>
</comp>

<comp id="4" class="1000" name="data_stream_V_data_2_V">
<pin_list>
<pin id="5" dir="1" index="0" bw="1" slack="0"/>
</pin_list>
<bind>
<StgValue><ssdm name="data_stream_V_data_2_V"/></StgValue>
</bind>
</comp>

<comp id="6" class="1000" name="data_stream_V_data_3_V">
<pin_list>
<pin id="7" dir="1" index="0" bw="1" slack="0"/>
</pin_list>
<bind>
<StgValue><ssdm name="data_stream_V_data_3_V"/></StgValue>
</bind>
</comp>

<comp id="8" class="1000" name="data_stream_V_data_4_V">
<pin_list>
<pin id="9" dir="1" index="0" bw="1" slack="0"/>
</pin_list>
<bind>
<StgValue><ssdm name="data_stream_V_data_4_V"/></StgValue>
</bind>
</comp>

<comp id="10" class="1000" name="data_stream_V_data_5_V">
<pin_list>
<pin id="11" dir="1" index="0" bw="1" slack="0"/>
</pin_list>
<bind>
<StgValue><ssdm name="data_stream_V_data_5_V"/></StgValue>
</bind>
</comp>

<comp id="12" class="1000" name="data_stream_V_data_6_V">
<pin_list>
<pin id="13" dir="1" index="0" bw="1" slack="0"/>
</pin_list>
<bind>
<StgValue><ssdm name="data_stream_V_data_6_V"/></StgValue>
</bind>
</comp>

<comp id="14" class="1000" name="data_stream_V_data_7_V">
<pin_list>
<pin id="15" dir="1" index="0" bw="1" slack="0"/>
</pin_list>
<bind>
<StgValue><ssdm name="data_stream_V_data_7_V"/></StgValue>
</bind>
</comp>

<comp id="16" class="1000" name="res_stream_V_data_0_V">
<pin_list>
<pin id="17" dir="1" index="0" bw="1" slack="0"/>
</pin_list>
<bind>
<StgValue><ssdm name="res_stream_V_data_0_V"/></StgValue>
</bind>
</comp>

<comp id="18" class="1000" name="res_stream_V_data_1_V">
<pin_list>
<pin id="19" dir="1" index="0" bw="1" slack="0"/>
</pin_list>
<bind>
<StgValue><ssdm name="res_stream_V_data_1_V"/></StgValue>
</bind>
</comp>

<comp id="20" class="1000" name="res_stream_V_data_2_V">
<pin_list>
<pin id="21" dir="1" index="0" bw="1" slack="0"/>
</pin_list>
<bind>
<StgValue><ssdm name="res_stream_V_data_2_V"/></StgValue>
</bind>
</comp>

<comp id="22" class="1000" name="res_stream_V_data_3_V">
<pin_list>
<pin id="23" dir="1" index="0" bw="1" slack="0"/>
</pin_list>
<bind>
<StgValue><ssdm name="res_stream_V_data_3_V"/></StgValue>
</bind>
</comp>

<comp id="24" class="1000" name="res_stream_V_data_4_V">
<pin_list>
<pin id="25" dir="1" index="0" bw="1" slack="0"/>
</pin_list>
<bind>
<StgValue><ssdm name="res_stream_V_data_4_V"/></StgValue>
</bind>
</comp>

<comp id="26" class="1000" name="res_stream_V_data_5_V">
<pin_list>
<pin id="27" dir="1" index="0" bw="1" slack="0"/>
</pin_list>
<bind>
<StgValue><ssdm name="res_stream_V_data_5_V"/></StgValue>
</bind>
</comp>

<comp id="28" class="1000" name="res_stream_V_data_6_V">
<pin_list>
<pin id="29" dir="1" index="0" bw="1" slack="0"/>
</pin_list>
<bind>
<StgValue><ssdm name="res_stream_V_data_6_V"/></StgValue>
</bind>
</comp>

<comp id="30" class="1000" name="res_stream_V_data_7_V">
<pin_list>
<pin id="31" dir="1" index="0" bw="1" slack="0"/>
</pin_list>
<bind>
<StgValue><ssdm name="res_stream_V_data_7_V"/></StgValue>
</bind>
</comp>

<comp id="32" class="1000" name="res_stream_V_data_8_V">
<pin_list>
<pin id="33" dir="1" index="0" bw="1" slack="0"/>
</pin_list>
<bind>
<StgValue><ssdm name="res_stream_V_data_8_V"/></StgValue>
</bind>
</comp>

<comp id="34" class="1000" name="res_stream_V_data_9_V">
<pin_list>
<pin id="35" dir="1" index="0" bw="1" slack="0"/>
</pin_list>
<bind>
<StgValue><ssdm name="res_stream_V_data_9_V"/></StgValue>
</bind>
</comp>

<comp id="36" class="1001" name="const_36">
<pin_list>
<pin id="37" dir="1" index="0" bw="1" slack="0"/>
</pin_list>
<bind>
<StgValue><ssdm name="_ssdm_op_Read.ap_fifo.volatile.i16P.i16P.i16P.i16P.i16P.i16P.i16P.i16P"/></StgValue>
</bind>
</comp>

<comp id="38" class="1001" name="const_38">
<pin_list>
<pin id="39" dir="1" index="0" bw="1" slack="0"/>
</pin_list>
<bind>
<StgValue><ssdm name="dense_wrapper<ap_fixed<16, 6, 5, 3, 0>, ap_fixed<16, 6, 5, 3, 0>, config7>"/></StgValue>
</bind>
</comp>

<comp id="40" class="1001" name="const_40">
<pin_list>
<pin id="41" dir="1" index="0" bw="1" slack="2147483647"/>
</pin_list>
<bind>
<StgValue><ssdm name="_ssdm_op_SpecInterface"/></StgValue>
</bind>
</comp>

<comp id="42" class="1001" name="const_42">
<pin_list>
<pin id="43" dir="1" index="0" bw="1" slack="2147483647"/>
</pin_list>
<bind>
<StgValue><ssdm name="ap_fifo_str"/></StgValue>
</bind>
</comp>

<comp id="44" class="1001" name="const_44">
<pin_list>
<pin id="45" dir="1" index="0" bw="1" slack="2147483647"/>
</pin_list>
<bind>
<StgValue><ssdm name=""/></StgValue>
</bind>
</comp>

<comp id="46" class="1001" name="const_46">
<pin_list>
<pin id="47" dir="1" index="0" bw="1" slack="2147483647"/>
</pin_list>
<bind>
<StgValue><ssdm name="p_str621"/></StgValue>
</bind>
</comp>

<comp id="48" class="1001" name="const_48">
<pin_list>
<pin id="49" dir="1" index="0" bw="1" slack="2147483647"/>
</pin_list>
<bind>
<StgValue><ssdm name="p_str622"/></StgValue>
</bind>
</comp>

<comp id="50" class="1001" name="const_50">
<pin_list>
<pin id="51" dir="1" index="0" bw="1" slack="2147483647"/>
</pin_list>
<bind>
<StgValue><ssdm name="p_str623"/></StgValue>
</bind>
</comp>

<comp id="52" class="1001" name="const_52">
<pin_list>
<pin id="53" dir="1" index="0" bw="1" slack="2147483647"/>
</pin_list>
<bind>
<StgValue><ssdm name="p_str624"/></StgValue>
</bind>
</comp>

<comp id="54" class="1001" name="const_54">
<pin_list>
<pin id="55" dir="1" index="0" bw="1" slack="2147483647"/>
</pin_list>
<bind>
<StgValue><ssdm name=""/></StgValue>
</bind>
</comp>

<comp id="56" class="1001" name="const_56">
<pin_list>
<pin id="57" dir="1" index="0" bw="1" slack="2147483647"/>
</pin_list>
<bind>
<StgValue><ssdm name=""/></StgValue>
</bind>
</comp>

<comp id="58" class="1001" name="const_58">
<pin_list>
<pin id="59" dir="1" index="0" bw="1" slack="2147483647"/>
</pin_list>
<bind>
<StgValue><ssdm name="p_str625"/></StgValue>
</bind>
</comp>

<comp id="60" class="1001" name="const_60">
<pin_list>
<pin id="61" dir="1" index="0" bw="1" slack="2147483647"/>
</pin_list>
<bind>
<StgValue><ssdm name="p_str626"/></StgValue>
</bind>
</comp>

<comp id="62" class="1001" name="const_62">
<pin_list>
<pin id="63" dir="1" index="0" bw="1" slack="2147483647"/>
</pin_list>
<bind>
<StgValue><ssdm name="p_str614"/></StgValue>
</bind>
</comp>

<comp id="64" class="1001" name="const_64">
<pin_list>
<pin id="65" dir="1" index="0" bw="1" slack="2147483647"/>
</pin_list>
<bind>
<StgValue><ssdm name="p_str615"/></StgValue>
</bind>
</comp>

<comp id="66" class="1001" name="const_66">
<pin_list>
<pin id="67" dir="1" index="0" bw="1" slack="2147483647"/>
</pin_list>
<bind>
<StgValue><ssdm name="p_str616"/></StgValue>
</bind>
</comp>

<comp id="68" class="1001" name="const_68">
<pin_list>
<pin id="69" dir="1" index="0" bw="1" slack="2147483647"/>
</pin_list>
<bind>
<StgValue><ssdm name="p_str617"/></StgValue>
</bind>
</comp>

<comp id="70" class="1001" name="const_70">
<pin_list>
<pin id="71" dir="1" index="0" bw="1" slack="2147483647"/>
</pin_list>
<bind>
<StgValue><ssdm name="p_str618"/></StgValue>
</bind>
</comp>

<comp id="72" class="1001" name="const_72">
<pin_list>
<pin id="73" dir="1" index="0" bw="1" slack="2147483647"/>
</pin_list>
<bind>
<StgValue><ssdm name="p_str619"/></StgValue>
</bind>
</comp>

<comp id="74" class="1001" name="const_74">
<pin_list>
<pin id="75" dir="1" index="0" bw="1" slack="2147483647"/>
</pin_list>
<bind>
<StgValue><ssdm name="p_str607"/></StgValue>
</bind>
</comp>

<comp id="76" class="1001" name="const_76">
<pin_list>
<pin id="77" dir="1" index="0" bw="1" slack="2147483647"/>
</pin_list>
<bind>
<StgValue><ssdm name="p_str608"/></StgValue>
</bind>
</comp>

<comp id="78" class="1001" name="const_78">
<pin_list>
<pin id="79" dir="1" index="0" bw="1" slack="2147483647"/>
</pin_list>
<bind>
<StgValue><ssdm name="p_str609"/></StgValue>
</bind>
</comp>

<comp id="80" class="1001" name="const_80">
<pin_list>
<pin id="81" dir="1" index="0" bw="1" slack="2147483647"/>
</pin_list>
<bind>
<StgValue><ssdm name="p_str610"/></StgValue>
</bind>
</comp>

<comp id="82" class="1001" name="const_82">
<pin_list>
<pin id="83" dir="1" index="0" bw="1" slack="2147483647"/>
</pin_list>
<bind>
<StgValue><ssdm name="p_str611"/></StgValue>
</bind>
</comp>

<comp id="84" class="1001" name="const_84">
<pin_list>
<pin id="85" dir="1" index="0" bw="1" slack="2147483647"/>
</pin_list>
<bind>
<StgValue><ssdm name="p_str612"/></StgValue>
</bind>
</comp>

<comp id="86" class="1001" name="const_86">
<pin_list>
<pin id="87" dir="1" index="0" bw="1" slack="2147483647"/>
</pin_list>
<bind>
<StgValue><ssdm name="p_str600"/></StgValue>
</bind>
</comp>

<comp id="88" class="1001" name="const_88">
<pin_list>
<pin id="89" dir="1" index="0" bw="1" slack="2147483647"/>
</pin_list>
<bind>
<StgValue><ssdm name="p_str601"/></StgValue>
</bind>
</comp>

<comp id="90" class="1001" name="const_90">
<pin_list>
<pin id="91" dir="1" index="0" bw="1" slack="2147483647"/>
</pin_list>
<bind>
<StgValue><ssdm name="p_str602"/></StgValue>
</bind>
</comp>

<comp id="92" class="1001" name="const_92">
<pin_list>
<pin id="93" dir="1" index="0" bw="1" slack="2147483647"/>
</pin_list>
<bind>
<StgValue><ssdm name="p_str603"/></StgValue>
</bind>
</comp>

<comp id="94" class="1001" name="const_94">
<pin_list>
<pin id="95" dir="1" index="0" bw="1" slack="2147483647"/>
</pin_list>
<bind>
<StgValue><ssdm name="p_str604"/></StgValue>
</bind>
</comp>

<comp id="96" class="1001" name="const_96">
<pin_list>
<pin id="97" dir="1" index="0" bw="1" slack="2147483647"/>
</pin_list>
<bind>
<StgValue><ssdm name="p_str605"/></StgValue>
</bind>
</comp>

<comp id="98" class="1001" name="const_98">
<pin_list>
<pin id="99" dir="1" index="0" bw="1" slack="2147483647"/>
</pin_list>
<bind>
<StgValue><ssdm name="p_str593"/></StgValue>
</bind>
</comp>

<comp id="100" class="1001" name="const_100">
<pin_list>
<pin id="101" dir="1" index="0" bw="1" slack="2147483647"/>
</pin_list>
<bind>
<StgValue><ssdm name="p_str594"/></StgValue>
</bind>
</comp>

<comp id="102" class="1001" name="const_102">
<pin_list>
<pin id="103" dir="1" index="0" bw="1" slack="2147483647"/>
</pin_list>
<bind>
<StgValue><ssdm name="p_str595"/></StgValue>
</bind>
</comp>

<comp id="104" class="1001" name="const_104">
<pin_list>
<pin id="105" dir="1" index="0" bw="1" slack="2147483647"/>
</pin_list>
<bind>
<StgValue><ssdm name="p_str596"/></StgValue>
</bind>
</comp>

<comp id="106" class="1001" name="const_106">
<pin_list>
<pin id="107" dir="1" index="0" bw="1" slack="2147483647"/>
</pin_list>
<bind>
<StgValue><ssdm name="p_str597"/></StgValue>
</bind>
</comp>

<comp id="108" class="1001" name="const_108">
<pin_list>
<pin id="109" dir="1" index="0" bw="1" slack="2147483647"/>
</pin_list>
<bind>
<StgValue><ssdm name="p_str598"/></StgValue>
</bind>
</comp>

<comp id="110" class="1001" name="const_110">
<pin_list>
<pin id="111" dir="1" index="0" bw="1" slack="2147483647"/>
</pin_list>
<bind>
<StgValue><ssdm name="p_str586"/></StgValue>
</bind>
</comp>

<comp id="112" class="1001" name="const_112">
<pin_list>
<pin id="113" dir="1" index="0" bw="1" slack="2147483647"/>
</pin_list>
<bind>
<StgValue><ssdm name="p_str587"/></StgValue>
</bind>
</comp>

<comp id="114" class="1001" name="const_114">
<pin_list>
<pin id="115" dir="1" index="0" bw="1" slack="2147483647"/>
</pin_list>
<bind>
<StgValue><ssdm name="p_str588"/></StgValue>
</bind>
</comp>

<comp id="116" class="1001" name="const_116">
<pin_list>
<pin id="117" dir="1" index="0" bw="1" slack="2147483647"/>
</pin_list>
<bind>
<StgValue><ssdm name="p_str589"/></StgValue>
</bind>
</comp>

<comp id="118" class="1001" name="const_118">
<pin_list>
<pin id="119" dir="1" index="0" bw="1" slack="2147483647"/>
</pin_list>
<bind>
<StgValue><ssdm name="p_str590"/></StgValue>
</bind>
</comp>

<comp id="120" class="1001" name="const_120">
<pin_list>
<pin id="121" dir="1" index="0" bw="1" slack="2147483647"/>
</pin_list>
<bind>
<StgValue><ssdm name="p_str591"/></StgValue>
</bind>
</comp>

<comp id="122" class="1001" name="const_122">
<pin_list>
<pin id="123" dir="1" index="0" bw="1" slack="2147483647"/>
</pin_list>
<bind>
<StgValue><ssdm name="p_str579"/></StgValue>
</bind>
</comp>

<comp id="124" class="1001" name="const_124">
<pin_list>
<pin id="125" dir="1" index="0" bw="1" slack="2147483647"/>
</pin_list>
<bind>
<StgValue><ssdm name="p_str580"/></StgValue>
</bind>
</comp>

<comp id="126" class="1001" name="const_126">
<pin_list>
<pin id="127" dir="1" index="0" bw="1" slack="2147483647"/>
</pin_list>
<bind>
<StgValue><ssdm name="p_str581"/></StgValue>
</bind>
</comp>

<comp id="128" class="1001" name="const_128">
<pin_list>
<pin id="129" dir="1" index="0" bw="1" slack="2147483647"/>
</pin_list>
<bind>
<StgValue><ssdm name="p_str582"/></StgValue>
</bind>
</comp>

<comp id="130" class="1001" name="const_130">
<pin_list>
<pin id="131" dir="1" index="0" bw="1" slack="2147483647"/>
</pin_list>
<bind>
<StgValue><ssdm name="p_str583"/></StgValue>
</bind>
</comp>

<comp id="132" class="1001" name="const_132">
<pin_list>
<pin id="133" dir="1" index="0" bw="1" slack="2147483647"/>
</pin_list>
<bind>
<StgValue><ssdm name="p_str584"/></StgValue>
</bind>
</comp>

<comp id="134" class="1001" name="const_134">
<pin_list>
<pin id="135" dir="1" index="0" bw="1" slack="2147483647"/>
</pin_list>
<bind>
<StgValue><ssdm name="p_str572"/></StgValue>
</bind>
</comp>

<comp id="136" class="1001" name="const_136">
<pin_list>
<pin id="137" dir="1" index="0" bw="1" slack="2147483647"/>
</pin_list>
<bind>
<StgValue><ssdm name="p_str573"/></StgValue>
</bind>
</comp>

<comp id="138" class="1001" name="const_138">
<pin_list>
<pin id="139" dir="1" index="0" bw="1" slack="2147483647"/>
</pin_list>
<bind>
<StgValue><ssdm name="p_str574"/></StgValue>
</bind>
</comp>

<comp id="140" class="1001" name="const_140">
<pin_list>
<pin id="141" dir="1" index="0" bw="1" slack="2147483647"/>
</pin_list>
<bind>
<StgValue><ssdm name="p_str575"/></StgValue>
</bind>
</comp>

<comp id="142" class="1001" name="const_142">
<pin_list>
<pin id="143" dir="1" index="0" bw="1" slack="2147483647"/>
</pin_list>
<bind>
<StgValue><ssdm name="p_str576"/></StgValue>
</bind>
</comp>

<comp id="144" class="1001" name="const_144">
<pin_list>
<pin id="145" dir="1" index="0" bw="1" slack="2147483647"/>
</pin_list>
<bind>
<StgValue><ssdm name="p_str577"/></StgValue>
</bind>
</comp>

<comp id="146" class="1001" name="const_146">
<pin_list>
<pin id="147" dir="1" index="0" bw="1" slack="2147483647"/>
</pin_list>
<bind>
<StgValue><ssdm name="p_str565"/></StgValue>
</bind>
</comp>

<comp id="148" class="1001" name="const_148">
<pin_list>
<pin id="149" dir="1" index="0" bw="1" slack="2147483647"/>
</pin_list>
<bind>
<StgValue><ssdm name="p_str566"/></StgValue>
</bind>
</comp>

<comp id="150" class="1001" name="const_150">
<pin_list>
<pin id="151" dir="1" index="0" bw="1" slack="2147483647"/>
</pin_list>
<bind>
<StgValue><ssdm name="p_str567"/></StgValue>
</bind>
</comp>

<comp id="152" class="1001" name="const_152">
<pin_list>
<pin id="153" dir="1" index="0" bw="1" slack="2147483647"/>
</pin_list>
<bind>
<StgValue><ssdm name="p_str568"/></StgValue>
</bind>
</comp>

<comp id="154" class="1001" name="const_154">
<pin_list>
<pin id="155" dir="1" index="0" bw="1" slack="2147483647"/>
</pin_list>
<bind>
<StgValue><ssdm name="p_str569"/></StgValue>
</bind>
</comp>

<comp id="156" class="1001" name="const_156">
<pin_list>
<pin id="157" dir="1" index="0" bw="1" slack="2147483647"/>
</pin_list>
<bind>
<StgValue><ssdm name="p_str570"/></StgValue>
</bind>
</comp>

<comp id="158" class="1001" name="const_158">
<pin_list>
<pin id="159" dir="1" index="0" bw="1" slack="2147483647"/>
</pin_list>
<bind>
<StgValue><ssdm name="p_str558"/></StgValue>
</bind>
</comp>

<comp id="160" class="1001" name="const_160">
<pin_list>
<pin id="161" dir="1" index="0" bw="1" slack="2147483647"/>
</pin_list>
<bind>
<StgValue><ssdm name="p_str559"/></StgValue>
</bind>
</comp>

<comp id="162" class="1001" name="const_162">
<pin_list>
<pin id="163" dir="1" index="0" bw="1" slack="2147483647"/>
</pin_list>
<bind>
<StgValue><ssdm name="p_str560"/></StgValue>
</bind>
</comp>

<comp id="164" class="1001" name="const_164">
<pin_list>
<pin id="165" dir="1" index="0" bw="1" slack="2147483647"/>
</pin_list>
<bind>
<StgValue><ssdm name="p_str561"/></StgValue>
</bind>
</comp>

<comp id="166" class="1001" name="const_166">
<pin_list>
<pin id="167" dir="1" index="0" bw="1" slack="2147483647"/>
</pin_list>
<bind>
<StgValue><ssdm name="p_str562"/></StgValue>
</bind>
</comp>

<comp id="168" class="1001" name="const_168">
<pin_list>
<pin id="169" dir="1" index="0" bw="1" slack="2147483647"/>
</pin_list>
<bind>
<StgValue><ssdm name="p_str563"/></StgValue>
</bind>
</comp>

<comp id="170" class="1001" name="const_170">
<pin_list>
<pin id="171" dir="1" index="0" bw="1" slack="2147483647"/>
</pin_list>
<bind>
<StgValue><ssdm name="p_str551"/></StgValue>
</bind>
</comp>

<comp id="172" class="1001" name="const_172">
<pin_list>
<pin id="173" dir="1" index="0" bw="1" slack="2147483647"/>
</pin_list>
<bind>
<StgValue><ssdm name="p_str552"/></StgValue>
</bind>
</comp>

<comp id="174" class="1001" name="const_174">
<pin_list>
<pin id="175" dir="1" index="0" bw="1" slack="2147483647"/>
</pin_list>
<bind>
<StgValue><ssdm name="p_str553"/></StgValue>
</bind>
</comp>

<comp id="176" class="1001" name="const_176">
<pin_list>
<pin id="177" dir="1" index="0" bw="1" slack="2147483647"/>
</pin_list>
<bind>
<StgValue><ssdm name="p_str554"/></StgValue>
</bind>
</comp>

<comp id="178" class="1001" name="const_178">
<pin_list>
<pin id="179" dir="1" index="0" bw="1" slack="2147483647"/>
</pin_list>
<bind>
<StgValue><ssdm name="p_str555"/></StgValue>
</bind>
</comp>

<comp id="180" class="1001" name="const_180">
<pin_list>
<pin id="181" dir="1" index="0" bw="1" slack="2147483647"/>
</pin_list>
<bind>
<StgValue><ssdm name="p_str556"/></StgValue>
</bind>
</comp>

<comp id="182" class="1001" name="const_182">
<pin_list>
<pin id="183" dir="1" index="0" bw="1" slack="2147483647"/>
</pin_list>
<bind>
<StgValue><ssdm name="p_str544"/></StgValue>
</bind>
</comp>

<comp id="184" class="1001" name="const_184">
<pin_list>
<pin id="185" dir="1" index="0" bw="1" slack="2147483647"/>
</pin_list>
<bind>
<StgValue><ssdm name="p_str545"/></StgValue>
</bind>
</comp>

<comp id="186" class="1001" name="const_186">
<pin_list>
<pin id="187" dir="1" index="0" bw="1" slack="2147483647"/>
</pin_list>
<bind>
<StgValue><ssdm name="p_str546"/></StgValue>
</bind>
</comp>

<comp id="188" class="1001" name="const_188">
<pin_list>
<pin id="189" dir="1" index="0" bw="1" slack="2147483647"/>
</pin_list>
<bind>
<StgValue><ssdm name="p_str547"/></StgValue>
</bind>
</comp>

<comp id="190" class="1001" name="const_190">
<pin_list>
<pin id="191" dir="1" index="0" bw="1" slack="2147483647"/>
</pin_list>
<bind>
<StgValue><ssdm name="p_str548"/></StgValue>
</bind>
</comp>

<comp id="192" class="1001" name="const_192">
<pin_list>
<pin id="193" dir="1" index="0" bw="1" slack="2147483647"/>
</pin_list>
<bind>
<StgValue><ssdm name="p_str549"/></StgValue>
</bind>
</comp>

<comp id="194" class="1001" name="const_194">
<pin_list>
<pin id="195" dir="1" index="0" bw="1" slack="2147483647"/>
</pin_list>
<bind>
<StgValue><ssdm name="p_str537"/></StgValue>
</bind>
</comp>

<comp id="196" class="1001" name="const_196">
<pin_list>
<pin id="197" dir="1" index="0" bw="1" slack="2147483647"/>
</pin_list>
<bind>
<StgValue><ssdm name="p_str538"/></StgValue>
</bind>
</comp>

<comp id="198" class="1001" name="const_198">
<pin_list>
<pin id="199" dir="1" index="0" bw="1" slack="2147483647"/>
</pin_list>
<bind>
<StgValue><ssdm name="p_str539"/></StgValue>
</bind>
</comp>

<comp id="200" class="1001" name="const_200">
<pin_list>
<pin id="201" dir="1" index="0" bw="1" slack="2147483647"/>
</pin_list>
<bind>
<StgValue><ssdm name="p_str540"/></StgValue>
</bind>
</comp>

<comp id="202" class="1001" name="const_202">
<pin_list>
<pin id="203" dir="1" index="0" bw="1" slack="2147483647"/>
</pin_list>
<bind>
<StgValue><ssdm name="p_str541"/></StgValue>
</bind>
</comp>

<comp id="204" class="1001" name="const_204">
<pin_list>
<pin id="205" dir="1" index="0" bw="1" slack="2147483647"/>
</pin_list>
<bind>
<StgValue><ssdm name="p_str542"/></StgValue>
</bind>
</comp>

<comp id="206" class="1001" name="const_206">
<pin_list>
<pin id="207" dir="1" index="0" bw="1" slack="2147483647"/>
</pin_list>
<bind>
<StgValue><ssdm name="p_str530"/></StgValue>
</bind>
</comp>

<comp id="208" class="1001" name="const_208">
<pin_list>
<pin id="209" dir="1" index="0" bw="1" slack="2147483647"/>
</pin_list>
<bind>
<StgValue><ssdm name="p_str531"/></StgValue>
</bind>
</comp>

<comp id="210" class="1001" name="const_210">
<pin_list>
<pin id="211" dir="1" index="0" bw="1" slack="2147483647"/>
</pin_list>
<bind>
<StgValue><ssdm name="p_str532"/></StgValue>
</bind>
</comp>

<comp id="212" class="1001" name="const_212">
<pin_list>
<pin id="213" dir="1" index="0" bw="1" slack="2147483647"/>
</pin_list>
<bind>
<StgValue><ssdm name="p_str533"/></StgValue>
</bind>
</comp>

<comp id="214" class="1001" name="const_214">
<pin_list>
<pin id="215" dir="1" index="0" bw="1" slack="2147483647"/>
</pin_list>
<bind>
<StgValue><ssdm name="p_str534"/></StgValue>
</bind>
</comp>

<comp id="216" class="1001" name="const_216">
<pin_list>
<pin id="217" dir="1" index="0" bw="1" slack="2147483647"/>
</pin_list>
<bind>
<StgValue><ssdm name="p_str535"/></StgValue>
</bind>
</comp>

<comp id="218" class="1001" name="const_218">
<pin_list>
<pin id="219" dir="1" index="0" bw="1" slack="2147483647"/>
</pin_list>
<bind>
<StgValue><ssdm name="p_str523"/></StgValue>
</bind>
</comp>

<comp id="220" class="1001" name="const_220">
<pin_list>
<pin id="221" dir="1" index="0" bw="1" slack="2147483647"/>
</pin_list>
<bind>
<StgValue><ssdm name="p_str524"/></StgValue>
</bind>
</comp>

<comp id="222" class="1001" name="const_222">
<pin_list>
<pin id="223" dir="1" index="0" bw="1" slack="2147483647"/>
</pin_list>
<bind>
<StgValue><ssdm name="p_str525"/></StgValue>
</bind>
</comp>

<comp id="224" class="1001" name="const_224">
<pin_list>
<pin id="225" dir="1" index="0" bw="1" slack="2147483647"/>
</pin_list>
<bind>
<StgValue><ssdm name="p_str526"/></StgValue>
</bind>
</comp>

<comp id="226" class="1001" name="const_226">
<pin_list>
<pin id="227" dir="1" index="0" bw="1" slack="2147483647"/>
</pin_list>
<bind>
<StgValue><ssdm name="p_str527"/></StgValue>
</bind>
</comp>

<comp id="228" class="1001" name="const_228">
<pin_list>
<pin id="229" dir="1" index="0" bw="1" slack="2147483647"/>
</pin_list>
<bind>
<StgValue><ssdm name="p_str528"/></StgValue>
</bind>
</comp>

<comp id="230" class="1001" name="const_230">
<pin_list>
<pin id="231" dir="1" index="0" bw="1" slack="2147483647"/>
</pin_list>
<bind>
<StgValue><ssdm name="p_str516"/></StgValue>
</bind>
</comp>

<comp id="232" class="1001" name="const_232">
<pin_list>
<pin id="233" dir="1" index="0" bw="1" slack="2147483647"/>
</pin_list>
<bind>
<StgValue><ssdm name="p_str517"/></StgValue>
</bind>
</comp>

<comp id="234" class="1001" name="const_234">
<pin_list>
<pin id="235" dir="1" index="0" bw="1" slack="2147483647"/>
</pin_list>
<bind>
<StgValue><ssdm name="p_str518"/></StgValue>
</bind>
</comp>

<comp id="236" class="1001" name="const_236">
<pin_list>
<pin id="237" dir="1" index="0" bw="1" slack="2147483647"/>
</pin_list>
<bind>
<StgValue><ssdm name="p_str519"/></StgValue>
</bind>
</comp>

<comp id="238" class="1001" name="const_238">
<pin_list>
<pin id="239" dir="1" index="0" bw="1" slack="2147483647"/>
</pin_list>
<bind>
<StgValue><ssdm name="p_str520"/></StgValue>
</bind>
</comp>

<comp id="240" class="1001" name="const_240">
<pin_list>
<pin id="241" dir="1" index="0" bw="1" slack="2147483647"/>
</pin_list>
<bind>
<StgValue><ssdm name="p_str521"/></StgValue>
</bind>
</comp>

<comp id="242" class="1001" name="const_242">
<pin_list>
<pin id="243" dir="1" index="0" bw="1" slack="2147483647"/>
</pin_list>
<bind>
<StgValue><ssdm name="p_str509"/></StgValue>
</bind>
</comp>

<comp id="244" class="1001" name="const_244">
<pin_list>
<pin id="245" dir="1" index="0" bw="1" slack="2147483647"/>
</pin_list>
<bind>
<StgValue><ssdm name="p_str510"/></StgValue>
</bind>
</comp>

<comp id="246" class="1001" name="const_246">
<pin_list>
<pin id="247" dir="1" index="0" bw="1" slack="2147483647"/>
</pin_list>
<bind>
<StgValue><ssdm name="p_str511"/></StgValue>
</bind>
</comp>

<comp id="248" class="1001" name="const_248">
<pin_list>
<pin id="249" dir="1" index="0" bw="1" slack="2147483647"/>
</pin_list>
<bind>
<StgValue><ssdm name="p_str512"/></StgValue>
</bind>
</comp>

<comp id="250" class="1001" name="const_250">
<pin_list>
<pin id="251" dir="1" index="0" bw="1" slack="2147483647"/>
</pin_list>
<bind>
<StgValue><ssdm name="p_str513"/></StgValue>
</bind>
</comp>

<comp id="252" class="1001" name="const_252">
<pin_list>
<pin id="253" dir="1" index="0" bw="1" slack="2147483647"/>
</pin_list>
<bind>
<StgValue><ssdm name="p_str514"/></StgValue>
</bind>
</comp>

<comp id="254" class="1001" name="const_254">
<pin_list>
<pin id="255" dir="1" index="0" bw="1" slack="2147483647"/>
</pin_list>
<bind>
<StgValue><ssdm name="p_str502"/></StgValue>
</bind>
</comp>

<comp id="256" class="1001" name="const_256">
<pin_list>
<pin id="257" dir="1" index="0" bw="1" slack="2147483647"/>
</pin_list>
<bind>
<StgValue><ssdm name="p_str503"/></StgValue>
</bind>
</comp>

<comp id="258" class="1001" name="const_258">
<pin_list>
<pin id="259" dir="1" index="0" bw="1" slack="2147483647"/>
</pin_list>
<bind>
<StgValue><ssdm name="p_str504"/></StgValue>
</bind>
</comp>

<comp id="260" class="1001" name="const_260">
<pin_list>
<pin id="261" dir="1" index="0" bw="1" slack="2147483647"/>
</pin_list>
<bind>
<StgValue><ssdm name="p_str505"/></StgValue>
</bind>
</comp>

<comp id="262" class="1001" name="const_262">
<pin_list>
<pin id="263" dir="1" index="0" bw="1" slack="2147483647"/>
</pin_list>
<bind>
<StgValue><ssdm name="p_str506"/></StgValue>
</bind>
</comp>

<comp id="264" class="1001" name="const_264">
<pin_list>
<pin id="265" dir="1" index="0" bw="1" slack="2147483647"/>
</pin_list>
<bind>
<StgValue><ssdm name="p_str507"/></StgValue>
</bind>
</comp>

<comp id="266" class="1001" name="const_266">
<pin_list>
<pin id="267" dir="1" index="0" bw="1" slack="2147483647"/>
</pin_list>
<bind>
<StgValue><ssdm name="_ssdm_op_SpecLoopName"/></StgValue>
</bind>
</comp>

<comp id="268" class="1001" name="const_268">
<pin_list>
<pin id="269" dir="1" index="0" bw="1" slack="2147483647"/>
</pin_list>
<bind>
<StgValue><ssdm name="p_str24"/></StgValue>
</bind>
</comp>

<comp id="270" class="1001" name="const_270">
<pin_list>
<pin id="271" dir="1" index="0" bw="1" slack="2147483647"/>
</pin_list>
<bind>
<StgValue><ssdm name="p_str26"/></StgValue>
</bind>
</comp>

<comp id="272" class="1001" name="const_272">
<pin_list>
<pin id="273" dir="1" index="0" bw="1" slack="0"/>
</pin_list>
<bind>
<StgValue><ssdm name="_ssdm_op_Write.ap_fifo.volatile.i16P.i16P.i16P.i16P.i16P.i16P.i16P.i16P.i16P.i16P"/></StgValue>
</bind>
</comp>

<comp id="274" class="1001" name="const_274">
<pin_list>
<pin id="275" dir="1" index="0" bw="1" slack="0"/>
</pin_list>
<bind>
<StgValue><ssdm name=""/></StgValue>
</bind>
</comp>

<comp id="276" class="1004" name="empty_read_fu_276">
<pin_list>
<pin id="277" dir="0" index="0" bw="128" slack="0"/>
<pin id="278" dir="0" index="1" bw="16" slack="0"/>
<pin id="279" dir="0" index="2" bw="16" slack="0"/>
<pin id="280" dir="0" index="3" bw="16" slack="0"/>
<pin id="281" dir="0" index="4" bw="16" slack="0"/>
<pin id="282" dir="0" index="5" bw="16" slack="0"/>
<pin id="283" dir="0" index="6" bw="16" slack="0"/>
<pin id="284" dir="0" index="7" bw="16" slack="0"/>
<pin id="285" dir="0" index="8" bw="16" slack="0"/>
<pin id="286" dir="1" index="9" bw="128" slack="0"/>
</pin_list>
<bind>
<opcode="read(1150) " fcode="read"/>
<opset="empty/1 "/>
</bind>
</comp>

<comp id="296" class="1004" name="write_ln62_write_fu_296">
<pin_list>
<pin id="297" dir="0" index="0" bw="0" slack="0"/>
<pin id="298" dir="0" index="1" bw="16" slack="0"/>
<pin id="299" dir="0" index="2" bw="16" slack="0"/>
<pin id="300" dir="0" index="3" bw="16" slack="0"/>
<pin id="301" dir="0" index="4" bw="16" slack="0"/>
<pin id="302" dir="0" index="5" bw="16" slack="0"/>
<pin id="303" dir="0" index="6" bw="16" slack="0"/>
<pin id="304" dir="0" index="7" bw="16" slack="0"/>
<pin id="305" dir="0" index="8" bw="16" slack="0"/>
<pin id="306" dir="0" index="9" bw="16" slack="0"/>
<pin id="307" dir="0" index="10" bw="16" slack="0"/>
<pin id="308" dir="0" index="11" bw="16" slack="0"/>
<pin id="309" dir="0" index="12" bw="16" slack="0"/>
<pin id="310" dir="0" index="13" bw="16" slack="0"/>
<pin id="311" dir="0" index="14" bw="16" slack="0"/>
<pin id="312" dir="0" index="15" bw="16" slack="0"/>
<pin id="313" dir="0" index="16" bw="16" slack="0"/>
<pin id="314" dir="0" index="17" bw="1" slack="0"/>
<pin id="315" dir="0" index="18" bw="16" slack="0"/>
<pin id="316" dir="0" index="19" bw="16" slack="0"/>
<pin id="317" dir="0" index="20" bw="16" slack="0"/>
<pin id="318" dir="1" index="21" bw="0" slack="2147483647"/>
</pin_list>
<bind>
<opcode="write(1151) " fcode="write"/>
<opset="write_ln62/8 "/>
</bind>
</comp>

<comp id="331" class="1004" name="grp_dense_wrapper_ap_fixed_16_6_5_3_0_ap_fixed_16_6_5_3_0_config7_s_fu_331">
<pin_list>
<pin id="332" dir="0" index="0" bw="144" slack="0"/>
<pin id="333" dir="0" index="1" bw="16" slack="0"/>
<pin id="334" dir="0" index="2" bw="16" slack="0"/>
<pin id="335" dir="0" index="3" bw="16" slack="0"/>
<pin id="336" dir="0" index="4" bw="16" slack="0"/>
<pin id="337" dir="0" index="5" bw="16" slack="0"/>
<pin id="338" dir="0" index="6" bw="16" slack="0"/>
<pin id="339" dir="0" index="7" bw="16" slack="0"/>
<pin id="340" dir="0" index="8" bw="16" slack="0"/>
<pin id="341" dir="1" index="9" bw="144" slack="0"/>
</pin_list>
<bind>
<opcode="call(48) " fcode="call"/>
<opset="call_ret/1 "/>
</bind>
</comp>

<comp id="343" class="1004" name="data_0_V_fu_343">
<pin_list>
<pin id="344" dir="0" index="0" bw="128" slack="0"/>
<pin id="345" dir="1" index="1" bw="16" slack="0"/>
</pin_list>
<bind>
<opcode="extractvalue(56) " fcode="extractvalue"/>
<opset="data_0_V/1 "/>
</bind>
</comp>

<comp id="348" class="1004" name="data_1_V_fu_348">
<pin_list>
<pin id="349" dir="0" index="0" bw="128" slack="0"/>
<pin id="350" dir="1" index="1" bw="16" slack="0"/>
</pin_list>
<bind>
<opcode="extractvalue(56) " fcode="extractvalue"/>
<opset="data_1_V/1 "/>
</bind>
</comp>

<comp id="353" class="1004" name="data_2_V_fu_353">
<pin_list>
<pin id="354" dir="0" index="0" bw="128" slack="0"/>
<pin id="355" dir="1" index="1" bw="16" slack="0"/>
</pin_list>
<bind>
<opcode="extractvalue(56) " fcode="extractvalue"/>
<opset="data_2_V/1 "/>
</bind>
</comp>

<comp id="358" class="1004" name="data_3_V_fu_358">
<pin_list>
<pin id="359" dir="0" index="0" bw="128" slack="0"/>
<pin id="360" dir="1" index="1" bw="16" slack="0"/>
</pin_list>
<bind>
<opcode="extractvalue(56) " fcode="extractvalue"/>
<opset="data_3_V/1 "/>
</bind>
</comp>

<comp id="363" class="1004" name="data_4_V_fu_363">
<pin_list>
<pin id="364" dir="0" index="0" bw="128" slack="0"/>
<pin id="365" dir="1" index="1" bw="16" slack="0"/>
</pin_list>
<bind>
<opcode="extractvalue(56) " fcode="extractvalue"/>
<opset="data_4_V/1 "/>
</bind>
</comp>

<comp id="368" class="1004" name="data_5_V_fu_368">
<pin_list>
<pin id="369" dir="0" index="0" bw="128" slack="0"/>
<pin id="370" dir="1" index="1" bw="16" slack="0"/>
</pin_list>
<bind>
<opcode="extractvalue(56) " fcode="extractvalue"/>
<opset="data_5_V/1 "/>
</bind>
</comp>

<comp id="373" class="1004" name="data_6_V_fu_373">
<pin_list>
<pin id="374" dir="0" index="0" bw="128" slack="0"/>
<pin id="375" dir="1" index="1" bw="16" slack="0"/>
</pin_list>
<bind>
<opcode="extractvalue(56) " fcode="extractvalue"/>
<opset="data_6_V/1 "/>
</bind>
</comp>

<comp id="378" class="1004" name="data_7_V_fu_378">
<pin_list>
<pin id="379" dir="0" index="0" bw="128" slack="0"/>
<pin id="380" dir="1" index="1" bw="16" slack="0"/>
</pin_list>
<bind>
<opcode="extractvalue(56) " fcode="extractvalue"/>
<opset="data_7_V/1 "/>
</bind>
</comp>

<comp id="383" class="1004" name="tmp_data_0_V_fu_383">
<pin_list>
<pin id="384" dir="0" index="0" bw="144" slack="0"/>
<pin id="385" dir="1" index="1" bw="16" slack="0"/>
</pin_list>
<bind>
<opcode="extractvalue(56) " fcode="extractvalue"/>
<opset="tmp_data_0_V/8 "/>
</bind>
</comp>

<comp id="388" class="1004" name="tmp_data_1_V_fu_388">
<pin_list>
<pin id="389" dir="0" index="0" bw="144" slack="0"/>
<pin id="390" dir="1" index="1" bw="16" slack="0"/>
</pin_list>
<bind>
<opcode="extractvalue(56) " fcode="extractvalue"/>
<opset="tmp_data_1_V/8 "/>
</bind>
</comp>

<comp id="393" class="1004" name="tmp_data_2_V_fu_393">
<pin_list>
<pin id="394" dir="0" index="0" bw="144" slack="0"/>
<pin id="395" dir="1" index="1" bw="16" slack="0"/>
</pin_list>
<bind>
<opcode="extractvalue(56) " fcode="extractvalue"/>
<opset="tmp_data_2_V/8 "/>
</bind>
</comp>

<comp id="398" class="1004" name="tmp_data_3_V_fu_398">
<pin_list>
<pin id="399" dir="0" index="0" bw="144" slack="0"/>
<pin id="400" dir="1" index="1" bw="16" slack="0"/>
</pin_list>
<bind>
<opcode="extractvalue(56) " fcode="extractvalue"/>
<opset="tmp_data_3_V/8 "/>
</bind>
</comp>

<comp id="403" class="1004" name="tmp_data_4_V_fu_403">
<pin_list>
<pin id="404" dir="0" index="0" bw="144" slack="0"/>
<pin id="405" dir="1" index="1" bw="16" slack="0"/>
</pin_list>
<bind>
<opcode="extractvalue(56) " fcode="extractvalue"/>
<opset="tmp_data_4_V/8 "/>
</bind>
</comp>

<comp id="408" class="1004" name="tmp_data_5_V_fu_408">
<pin_list>
<pin id="409" dir="0" index="0" bw="144" slack="0"/>
<pin id="410" dir="1" index="1" bw="16" slack="0"/>
</pin_list>
<bind>
<opcode="extractvalue(56) " fcode="extractvalue"/>
<opset="tmp_data_5_V/8 "/>
</bind>
</comp>

<comp id="413" class="1004" name="tmp_data_7_V_fu_413">
<pin_list>
<pin id="414" dir="0" index="0" bw="144" slack="0"/>
<pin id="415" dir="1" index="1" bw="16" slack="0"/>
</pin_list>
<bind>
<opcode="extractvalue(56) " fcode="extractvalue"/>
<opset="tmp_data_7_V/8 "/>
</bind>
</comp>

<comp id="418" class="1004" name="tmp_data_8_V_fu_418">
<pin_list>
<pin id="419" dir="0" index="0" bw="144" slack="0"/>
<pin id="420" dir="1" index="1" bw="16" slack="0"/>
</pin_list>
<bind>
<opcode="extractvalue(56) " fcode="extractvalue"/>
<opset="tmp_data_8_V/8 "/>
</bind>
</comp>

<comp id="423" class="1004" name="tmp_data_9_V_fu_423">
<pin_list>
<pin id="424" dir="0" index="0" bw="144" slack="0"/>
<pin id="425" dir="1" index="1" bw="16" slack="0"/>
</pin_list>
<bind>
<opcode="extractvalue(56) " fcode="extractvalue"/>
<opset="tmp_data_9_V/8 "/>
</bind>
</comp>

<comp id="428" class="1005" name="data_2_V_reg_428">
<pin_list>
<pin id="429" dir="0" index="0" bw="16" slack="1"/>
<pin id="430" dir="1" index="1" bw="16" slack="1"/>
</pin_list>
<bind>
<opset="data_2_V "/>
</bind>
</comp>

<comp id="433" class="1005" name="data_3_V_reg_433">
<pin_list>
<pin id="434" dir="0" index="0" bw="16" slack="1"/>
<pin id="435" dir="1" index="1" bw="16" slack="1"/>
</pin_list>
<bind>
<opset="data_3_V "/>
</bind>
</comp>

<comp id="438" class="1005" name="data_4_V_reg_438">
<pin_list>
<pin id="439" dir="0" index="0" bw="16" slack="1"/>
<pin id="440" dir="1" index="1" bw="16" slack="1"/>
</pin_list>
<bind>
<opset="data_4_V "/>
</bind>
</comp>

<comp id="443" class="1005" name="data_5_V_reg_443">
<pin_list>
<pin id="444" dir="0" index="0" bw="16" slack="1"/>
<pin id="445" dir="1" index="1" bw="16" slack="1"/>
</pin_list>
<bind>
<opset="data_5_V "/>
</bind>
</comp>

<comp id="448" class="1005" name="data_6_V_reg_448">
<pin_list>
<pin id="449" dir="0" index="0" bw="16" slack="1"/>
<pin id="450" dir="1" index="1" bw="16" slack="1"/>
</pin_list>
<bind>
<opset="data_6_V "/>
</bind>
</comp>

<comp id="453" class="1005" name="data_7_V_reg_453">
<pin_list>
<pin id="454" dir="0" index="0" bw="16" slack="1"/>
<pin id="455" dir="1" index="1" bw="16" slack="1"/>
</pin_list>
<bind>
<opset="data_7_V "/>
</bind>
</comp>

</comp_list>

<net_list>
<net id="287"><net_src comp="36" pin="0"/><net_sink comp="276" pin=0"/></net>

<net id="288"><net_src comp="0" pin="0"/><net_sink comp="276" pin=1"/></net>

<net id="289"><net_src comp="2" pin="0"/><net_sink comp="276" pin=2"/></net>

<net id="290"><net_src comp="4" pin="0"/><net_sink comp="276" pin=3"/></net>

<net id="291"><net_src comp="6" pin="0"/><net_sink comp="276" pin=4"/></net>

<net id="292"><net_src comp="8" pin="0"/><net_sink comp="276" pin=5"/></net>

<net id="293"><net_src comp="10" pin="0"/><net_sink comp="276" pin=6"/></net>

<net id="294"><net_src comp="12" pin="0"/><net_sink comp="276" pin=7"/></net>

<net id="295"><net_src comp="14" pin="0"/><net_sink comp="276" pin=8"/></net>

<net id="319"><net_src comp="272" pin="0"/><net_sink comp="296" pin=0"/></net>

<net id="320"><net_src comp="16" pin="0"/><net_sink comp="296" pin=1"/></net>

<net id="321"><net_src comp="18" pin="0"/><net_sink comp="296" pin=2"/></net>

<net id="322"><net_src comp="20" pin="0"/><net_sink comp="296" pin=3"/></net>

<net id="323"><net_src comp="22" pin="0"/><net_sink comp="296" pin=4"/></net>

<net id="324"><net_src comp="24" pin="0"/><net_sink comp="296" pin=5"/></net>

<net id="325"><net_src comp="26" pin="0"/><net_sink comp="296" pin=6"/></net>

<net id="326"><net_src comp="28" pin="0"/><net_sink comp="296" pin=7"/></net>

<net id="327"><net_src comp="30" pin="0"/><net_sink comp="296" pin=8"/></net>

<net id="328"><net_src comp="32" pin="0"/><net_sink comp="296" pin=9"/></net>

<net id="329"><net_src comp="34" pin="0"/><net_sink comp="296" pin=10"/></net>

<net id="330"><net_src comp="274" pin="0"/><net_sink comp="296" pin=17"/></net>

<net id="342"><net_src comp="38" pin="0"/><net_sink comp="331" pin=0"/></net>

<net id="346"><net_src comp="276" pin="9"/><net_sink comp="343" pin=0"/></net>

<net id="347"><net_src comp="343" pin="1"/><net_sink comp="331" pin=1"/></net>

<net id="351"><net_src comp="276" pin="9"/><net_sink comp="348" pin=0"/></net>

<net id="352"><net_src comp="348" pin="1"/><net_sink comp="331" pin=2"/></net>

<net id="356"><net_src comp="276" pin="9"/><net_sink comp="353" pin=0"/></net>

<net id="357"><net_src comp="353" pin="1"/><net_sink comp="331" pin=3"/></net>

<net id="361"><net_src comp="276" pin="9"/><net_sink comp="358" pin=0"/></net>

<net id="362"><net_src comp="358" pin="1"/><net_sink comp="331" pin=4"/></net>

<net id="366"><net_src comp="276" pin="9"/><net_sink comp="363" pin=0"/></net>

<net id="367"><net_src comp="363" pin="1"/><net_sink comp="331" pin=5"/></net>

<net id="371"><net_src comp="276" pin="9"/><net_sink comp="368" pin=0"/></net>

<net id="372"><net_src comp="368" pin="1"/><net_sink comp="331" pin=6"/></net>

<net id="376"><net_src comp="276" pin="9"/><net_sink comp="373" pin=0"/></net>

<net id="377"><net_src comp="373" pin="1"/><net_sink comp="331" pin=7"/></net>

<net id="381"><net_src comp="276" pin="9"/><net_sink comp="378" pin=0"/></net>

<net id="382"><net_src comp="378" pin="1"/><net_sink comp="331" pin=8"/></net>

<net id="386"><net_src comp="331" pin="9"/><net_sink comp="383" pin=0"/></net>

<net id="387"><net_src comp="383" pin="1"/><net_sink comp="296" pin=11"/></net>

<net id="391"><net_src comp="331" pin="9"/><net_sink comp="388" pin=0"/></net>

<net id="392"><net_src comp="388" pin="1"/><net_sink comp="296" pin=12"/></net>

<net id="396"><net_src comp="331" pin="9"/><net_sink comp="393" pin=0"/></net>

<net id="397"><net_src comp="393" pin="1"/><net_sink comp="296" pin=13"/></net>

<net id="401"><net_src comp="331" pin="9"/><net_sink comp="398" pin=0"/></net>

<net id="402"><net_src comp="398" pin="1"/><net_sink comp="296" pin=14"/></net>

<net id="406"><net_src comp="331" pin="9"/><net_sink comp="403" pin=0"/></net>

<net id="407"><net_src comp="403" pin="1"/><net_sink comp="296" pin=15"/></net>

<net id="411"><net_src comp="331" pin="9"/><net_sink comp="408" pin=0"/></net>

<net id="412"><net_src comp="408" pin="1"/><net_sink comp="296" pin=16"/></net>

<net id="416"><net_src comp="331" pin="9"/><net_sink comp="413" pin=0"/></net>

<net id="417"><net_src comp="413" pin="1"/><net_sink comp="296" pin=18"/></net>

<net id="421"><net_src comp="331" pin="9"/><net_sink comp="418" pin=0"/></net>

<net id="422"><net_src comp="418" pin="1"/><net_sink comp="296" pin=19"/></net>

<net id="426"><net_src comp="331" pin="9"/><net_sink comp="423" pin=0"/></net>

<net id="427"><net_src comp="423" pin="1"/><net_sink comp="296" pin=20"/></net>

<net id="431"><net_src comp="353" pin="1"/><net_sink comp="428" pin=0"/></net>

<net id="432"><net_src comp="428" pin="1"/><net_sink comp="331" pin=3"/></net>

<net id="436"><net_src comp="358" pin="1"/><net_sink comp="433" pin=0"/></net>

<net id="437"><net_src comp="433" pin="1"/><net_sink comp="331" pin=4"/></net>

<net id="441"><net_src comp="363" pin="1"/><net_sink comp="438" pin=0"/></net>

<net id="442"><net_src comp="438" pin="1"/><net_sink comp="331" pin=5"/></net>

<net id="446"><net_src comp="368" pin="1"/><net_sink comp="443" pin=0"/></net>

<net id="447"><net_src comp="443" pin="1"/><net_sink comp="331" pin=6"/></net>

<net id="451"><net_src comp="373" pin="1"/><net_sink comp="448" pin=0"/></net>

<net id="452"><net_src comp="448" pin="1"/><net_sink comp="331" pin=7"/></net>

<net id="456"><net_src comp="378" pin="1"/><net_sink comp="453" pin=0"/></net>

<net id="457"><net_src comp="453" pin="1"/><net_sink comp="331" pin=8"/></net>

</net_list>

</model> 
---------------- Datapath Model END ------------------

* FSMD analyzer results:
  - Output states:
	Port: res_stream_V_data_0_V | {8 }
	Port: res_stream_V_data_1_V | {8 }
	Port: res_stream_V_data_2_V | {8 }
	Port: res_stream_V_data_3_V | {8 }
	Port: res_stream_V_data_4_V | {8 }
	Port: res_stream_V_data_5_V | {8 }
	Port: res_stream_V_data_6_V | {8 }
	Port: res_stream_V_data_7_V | {8 }
	Port: res_stream_V_data_8_V | {8 }
	Port: res_stream_V_data_9_V | {8 }
 - Input state : 
	Port: dense<array<ap_fixed,8u>,array<ap_fixed<16,6,5,3,0>,10u>,config7> : data_stream_V_data_0_V | {1 }
	Port: dense<array<ap_fixed,8u>,array<ap_fixed<16,6,5,3,0>,10u>,config7> : data_stream_V_data_1_V | {1 }
	Port: dense<array<ap_fixed,8u>,array<ap_fixed<16,6,5,3,0>,10u>,config7> : data_stream_V_data_2_V | {1 }
	Port: dense<array<ap_fixed,8u>,array<ap_fixed<16,6,5,3,0>,10u>,config7> : data_stream_V_data_3_V | {1 }
	Port: dense<array<ap_fixed,8u>,array<ap_fixed<16,6,5,3,0>,10u>,config7> : data_stream_V_data_4_V | {1 }
	Port: dense<array<ap_fixed,8u>,array<ap_fixed<16,6,5,3,0>,10u>,config7> : data_stream_V_data_5_V | {1 }
	Port: dense<array<ap_fixed,8u>,array<ap_fixed<16,6,5,3,0>,10u>,config7> : data_stream_V_data_6_V | {1 }
	Port: dense<array<ap_fixed,8u>,array<ap_fixed<16,6,5,3,0>,10u>,config7> : data_stream_V_data_7_V | {1 }
  - Chain level:
	State 1
		call_ret : 1
	State 2
	State 3
	State 4
	State 5
	State 6
	State 7
	State 8
		tmp_data_0_V : 1
		tmp_data_1_V : 1
		tmp_data_2_V : 1
		tmp_data_3_V : 1
		tmp_data_4_V : 1
		tmp_data_5_V : 1
		tmp_data_7_V : 1
		tmp_data_8_V : 1
		tmp_data_9_V : 1
		write_ln62 : 2


============================================================
+ Verbose Summary: Datapath Resource usage 
============================================================

* Functional unit list:
|----------|----------------------------------------------------------------------------|---------|---------|---------|---------|
| Operation|                               Functional Unit                              |  DSP48E |  Delay  |    FF   |   LUT   |
|----------|----------------------------------------------------------------------------|---------|---------|---------|---------|
|   call   | grp_dense_wrapper_ap_fixed_16_6_5_3_0_ap_fixed_16_6_5_3_0_config7_s_fu_331 |    5    | 19.9399 |   546   |   909   |
|----------|----------------------------------------------------------------------------|---------|---------|---------|---------|
|   read   |                              empty_read_fu_276                             |    0    |    0    |    0    |    0    |
|----------|----------------------------------------------------------------------------|---------|---------|---------|---------|
|   write  |                           write_ln62_write_fu_296                          |    0    |    0    |    0    |    0    |
|----------|----------------------------------------------------------------------------|---------|---------|---------|---------|
|          |                               data_0_V_fu_343                              |    0    |    0    |    0    |    0    |
|          |                               data_1_V_fu_348                              |    0    |    0    |    0    |    0    |
|          |                               data_2_V_fu_353                              |    0    |    0    |    0    |    0    |
|          |                               data_3_V_fu_358                              |    0    |    0    |    0    |    0    |
|          |                               data_4_V_fu_363                              |    0    |    0    |    0    |    0    |
|          |                               data_5_V_fu_368                              |    0    |    0    |    0    |    0    |
|          |                               data_6_V_fu_373                              |    0    |    0    |    0    |    0    |
|          |                               data_7_V_fu_378                              |    0    |    0    |    0    |    0    |
|extractvalue|                             tmp_data_0_V_fu_383                            |    0    |    0    |    0    |    0    |
|          |                             tmp_data_1_V_fu_388                            |    0    |    0    |    0    |    0    |
|          |                             tmp_data_2_V_fu_393                            |    0    |    0    |    0    |    0    |
|          |                             tmp_data_3_V_fu_398                            |    0    |    0    |    0    |    0    |
|          |                             tmp_data_4_V_fu_403                            |    0    |    0    |    0    |    0    |
|          |                             tmp_data_5_V_fu_408                            |    0    |    0    |    0    |    0    |
|          |                             tmp_data_7_V_fu_413                            |    0    |    0    |    0    |    0    |
|          |                             tmp_data_8_V_fu_418                            |    0    |    0    |    0    |    0    |
|          |                             tmp_data_9_V_fu_423                            |    0    |    0    |    0    |    0    |
|----------|----------------------------------------------------------------------------|---------|---------|---------|---------|
|   Total  |                                                                            |    5    | 19.9399 |   546   |   909   |
|----------|----------------------------------------------------------------------------|---------|---------|---------|---------|

Memories:
N/A

* Register list:
+----------------+--------+
|                |   FF   |
+----------------+--------+
|data_2_V_reg_428|   16   |
|data_3_V_reg_433|   16   |
|data_4_V_reg_438|   16   |
|data_5_V_reg_443|   16   |
|data_6_V_reg_448|   16   |
|data_7_V_reg_453|   16   |
+----------------+--------+
|      Total     |   96   |
+----------------+--------+

* Multiplexer (MUX) list: 
|----------------------------------------------------------------------------|------|------|------|--------||---------||---------|
|                                    Comp                                    |  Pin | Size |  BW  | S x BW ||  Delay  ||   LUT   |
|----------------------------------------------------------------------------|------|------|------|--------||---------||---------|
| grp_dense_wrapper_ap_fixed_16_6_5_3_0_ap_fixed_16_6_5_3_0_config7_s_fu_331 |  p3  |   2  |  16  |   32   ||    9    |
| grp_dense_wrapper_ap_fixed_16_6_5_3_0_ap_fixed_16_6_5_3_0_config7_s_fu_331 |  p4  |   2  |  16  |   32   ||    9    |
| grp_dense_wrapper_ap_fixed_16_6_5_3_0_ap_fixed_16_6_5_3_0_config7_s_fu_331 |  p5  |   2  |  16  |   32   ||    9    |
| grp_dense_wrapper_ap_fixed_16_6_5_3_0_ap_fixed_16_6_5_3_0_config7_s_fu_331 |  p6  |   2  |  16  |   32   ||    9    |
| grp_dense_wrapper_ap_fixed_16_6_5_3_0_ap_fixed_16_6_5_3_0_config7_s_fu_331 |  p7  |   2  |  16  |   32   ||    9    |
| grp_dense_wrapper_ap_fixed_16_6_5_3_0_ap_fixed_16_6_5_3_0_config7_s_fu_331 |  p8  |   2  |  16  |   32   ||    9    |
|----------------------------------------------------------------------------|------|------|------|--------||---------||---------|
|                                    Total                                   |      |      |      |   192  ||  10.614 ||    54   |
|----------------------------------------------------------------------------|------|------|------|--------||---------||---------|



* Summary:
+-----------+--------+--------+--------+--------+
|           | DSP48E |  Delay |   FF   |   LUT  |
+-----------+--------+--------+--------+--------+
|  Function |    5   |   19   |   546  |   909  |
|   Memory  |    -   |    -   |    -   |    -   |
|Multiplexer|    -   |   10   |    -   |   54   |
|  Register |    -   |    -   |   96   |    -   |
+-----------+--------+--------+--------+--------+
|   Total   |    5   |   30   |   642  |   963  |
+-----------+--------+--------+--------+--------+
