

================================================================
== Vivado HLS Report for 'dense_latency_ap_fixed_ap_fixed_config2_mult_0_0_0_0_0_0_0_0_0'
================================================================
* Date:           Tue Dec 19 20:17:47 2023

* Version:        2020.1 (Build 2897737 on Wed May 27 20:21:37 MDT 2020)
* Project:        myproject_prj
* Solution:       solution1
* Product family: zynq
* Target device:  xc7z020-clg400-1


================================================================
== Performance Estimates
================================================================
+ Timing: 
    * Summary: 
    +--------+----------+-----------+------------+
    |  Clock |  Target  | Estimated | Uncertainty|
    +--------+----------+-----------+------------+
    |ap_clk  | 25.00 ns | 17.289 ns |   3.12 ns  |
    +--------+----------+-----------+------------+

+ Latency: 
    * Summary: 
    +---------+---------+----------+----------+-----+-----+----------+
    |  Latency (cycles) |  Latency (absolute) |  Interval | Pipeline |
    |   min   |   max   |    min   |    max   | min | max |   Type   |
    +---------+---------+----------+----------+-----+-----+----------+
    |        7|        7| 0.175 us | 0.175 us |    8|    8| function |
    +---------+---------+----------+----------+-----+-----+----------+

    + Detail: 
        * Instance: 
        N/A

        * Loop: 
        N/A

============================================================
+ Verbose Summary: Synthesis Manager
============================================================
InlineROM: 1
ExposeGlobal: 0
============================================================
+ Verbose Summary: CDFG Model
============================================================
IsTopModel: 0
ResetActiveHigh: 1
IsCombinational: 0
IsDatapathOnly: 0
HasWiredReturn: 1
HasMFsm: 2
HasVarLatency: 0
IsPipeline: 1
IsRtlPipelined: 0
IsInstanceOverlapped: 0
IsDontTouch: 0
HasImplIP: 0
IsGatedGlobalClock: 0

+ Individual pipeline summary: 
  * Pipeline-0: initiation interval (II) = 8, depth = 8


============================================================
+ Verbose Summary: Schedule
============================================================
* Number of FSM states : 8
* Pipeline : 1
  Pipeline-0 : II = 8, D = 8, States = { 1 2 3 4 5 6 7 8 }
* Dataflow Pipeline: 0

* FSM state transitions: 
1 --> 2 
2 --> 3 
3 --> 4 
4 --> 5 
5 --> 6 
6 --> 7 
7 --> 8 
8 --> 

* FSM state operations: 

State 1 <SV = 0> <Delay = 5.58>
ST_1 : Operation 9 [1/1] (0.00ns)   --->   "%data_0_V_read_2 = call i16 @_ssdm_op_Read.ap_auto.i16(i16 %data_0_V_read)" [firmware/nnet_utils/nnet_dense_latency.h:13]   --->   Operation 9 'read' 'data_0_V_read_2' <Predicate = true> <Delay = 0.00>
ST_1 : Operation 10 [1/1] (0.00ns)   --->   "%sext_ln1116_cast = sext i16 %data_0_V_read_2 to i26" [firmware/nnet_utils/nnet_dense_latency.h:13]   --->   Operation 10 'sext' 'sext_ln1116_cast' <Predicate = true> <Delay = 0.00>
ST_1 : Operation 11 [1/1] (5.58ns)   --->   "%mul_ln1118 = mul i26 %sext_ln1116_cast, -1715" [firmware/nnet_utils/nnet_mult.h:73->firmware/nnet_utils/nnet_dense_latency.h:42]   --->   Operation 11 'mul' 'mul_ln1118' <Predicate = true> <Delay = 5.58> <Core = "Mul">   --->   Core 16 'Mul' <Latency = 0> <II = 1> <Delay = 5.58> <FuncUnit> <Opcode : 'mul'> <InPorts = 2> <OutPorts = 1>
ST_1 : Operation 12 [1/1] (0.00ns)   --->   "%trunc_ln = call i16 @_ssdm_op_PartSelect.i16.i26.i32.i32(i26 %mul_ln1118, i32 10, i32 25)" [firmware/nnet_utils/nnet_dense_latency.h:42]   --->   Operation 12 'partselect' 'trunc_ln' <Predicate = true> <Delay = 0.00>
ST_1 : Operation 13 [1/1] (5.58ns)   --->   "%mul_ln1118_116 = mul i26 %sext_ln1116_cast, 318" [firmware/nnet_utils/nnet_mult.h:73->firmware/nnet_utils/nnet_dense_latency.h:42]   --->   Operation 13 'mul' 'mul_ln1118_116' <Predicate = true> <Delay = 5.58> <Core = "Mul">   --->   Core 16 'Mul' <Latency = 0> <II = 1> <Delay = 5.58> <FuncUnit> <Opcode : 'mul'> <InPorts = 2> <OutPorts = 1>
ST_1 : Operation 14 [1/1] (0.00ns)   --->   "%trunc_ln708_s = call i16 @_ssdm_op_PartSelect.i16.i26.i32.i32(i26 %mul_ln1118_116, i32 10, i32 25)" [firmware/nnet_utils/nnet_dense_latency.h:42]   --->   Operation 14 'partselect' 'trunc_ln708_s' <Predicate = true> <Delay = 0.00>
ST_1 : Operation 15 [1/1] (5.58ns)   --->   "%mul_ln1118_117 = mul i26 %sext_ln1116_cast, 2970" [firmware/nnet_utils/nnet_mult.h:73->firmware/nnet_utils/nnet_dense_latency.h:42]   --->   Operation 15 'mul' 'mul_ln1118_117' <Predicate = true> <Delay = 5.58> <Core = "Mul">   --->   Core 16 'Mul' <Latency = 0> <II = 1> <Delay = 5.58> <FuncUnit> <Opcode : 'mul'> <InPorts = 2> <OutPorts = 1>
ST_1 : Operation 16 [1/1] (0.00ns)   --->   "%trunc_ln708_109 = call i16 @_ssdm_op_PartSelect.i16.i26.i32.i32(i26 %mul_ln1118_117, i32 10, i32 25)" [firmware/nnet_utils/nnet_dense_latency.h:42]   --->   Operation 16 'partselect' 'trunc_ln708_109' <Predicate = true> <Delay = 0.00>
ST_1 : Operation 17 [1/1] (5.58ns)   --->   "%mul_ln1118_118 = mul i26 %sext_ln1116_cast, -927" [firmware/nnet_utils/nnet_mult.h:73->firmware/nnet_utils/nnet_dense_latency.h:42]   --->   Operation 17 'mul' 'mul_ln1118_118' <Predicate = true> <Delay = 5.58> <Core = "Mul">   --->   Core 16 'Mul' <Latency = 0> <II = 1> <Delay = 5.58> <FuncUnit> <Opcode : 'mul'> <InPorts = 2> <OutPorts = 1>
ST_1 : Operation 18 [1/1] (0.00ns)   --->   "%trunc_ln708_110 = call i16 @_ssdm_op_PartSelect.i16.i26.i32.i32(i26 %mul_ln1118_118, i32 10, i32 25)" [firmware/nnet_utils/nnet_dense_latency.h:42]   --->   Operation 18 'partselect' 'trunc_ln708_110' <Predicate = true> <Delay = 0.00>
ST_1 : Operation 19 [1/1] (5.58ns)   --->   "%mul_ln1118_119 = mul i26 %sext_ln1116_cast, -1898" [firmware/nnet_utils/nnet_mult.h:73->firmware/nnet_utils/nnet_dense_latency.h:42]   --->   Operation 19 'mul' 'mul_ln1118_119' <Predicate = true> <Delay = 5.58> <Core = "Mul">   --->   Core 16 'Mul' <Latency = 0> <II = 1> <Delay = 5.58> <FuncUnit> <Opcode : 'mul'> <InPorts = 2> <OutPorts = 1>
ST_1 : Operation 20 [1/1] (0.00ns)   --->   "%trunc_ln708_111 = call i16 @_ssdm_op_PartSelect.i16.i26.i32.i32(i26 %mul_ln1118_119, i32 10, i32 25)" [firmware/nnet_utils/nnet_dense_latency.h:42]   --->   Operation 20 'partselect' 'trunc_ln708_111' <Predicate = true> <Delay = 0.00>

State 2 <SV = 1> <Delay = 7.65>
ST_2 : Operation 21 [1/1] (0.00ns)   --->   "%data_2_V_read_2 = call i16 @_ssdm_op_Read.ap_auto.i16(i16 %data_2_V_read)" [firmware/nnet_utils/nnet_dense_latency.h:13]   --->   Operation 21 'read' 'data_2_V_read_2' <Predicate = true> <Delay = 0.00>
ST_2 : Operation 22 [1/1] (0.00ns)   --->   "%data_1_V_read_2 = call i16 @_ssdm_op_Read.ap_auto.i16(i16 %data_1_V_read)" [firmware/nnet_utils/nnet_dense_latency.h:13]   --->   Operation 22 'read' 'data_1_V_read_2' <Predicate = true> <Delay = 0.00>
ST_2 : Operation 23 [1/1] (0.00ns)   --->   "%sext_ln1116_88_cast = sext i16 %data_1_V_read_2 to i26" [firmware/nnet_utils/nnet_dense_latency.h:13]   --->   Operation 23 'sext' 'sext_ln1116_88_cast' <Predicate = true> <Delay = 0.00>
ST_2 : Operation 24 [1/1] (5.58ns)   --->   "%mul_ln1118_120 = mul i26 %sext_ln1116_88_cast, 2708" [firmware/nnet_utils/nnet_mult.h:73->firmware/nnet_utils/nnet_dense_latency.h:42]   --->   Operation 24 'mul' 'mul_ln1118_120' <Predicate = true> <Delay = 5.58> <Core = "Mul">   --->   Core 16 'Mul' <Latency = 0> <II = 1> <Delay = 5.58> <FuncUnit> <Opcode : 'mul'> <InPorts = 2> <OutPorts = 1>
ST_2 : Operation 25 [1/1] (0.00ns)   --->   "%trunc_ln708_112 = call i16 @_ssdm_op_PartSelect.i16.i26.i32.i32(i26 %mul_ln1118_120, i32 10, i32 25)" [firmware/nnet_utils/nnet_dense_latency.h:42]   --->   Operation 25 'partselect' 'trunc_ln708_112' <Predicate = true> <Delay = 0.00>
ST_2 : Operation 26 [1/1] (5.58ns)   --->   "%mul_ln1118_121 = mul i26 %sext_ln1116_88_cast, 1110" [firmware/nnet_utils/nnet_mult.h:73->firmware/nnet_utils/nnet_dense_latency.h:42]   --->   Operation 26 'mul' 'mul_ln1118_121' <Predicate = true> <Delay = 5.58> <Core = "Mul">   --->   Core 16 'Mul' <Latency = 0> <II = 1> <Delay = 5.58> <FuncUnit> <Opcode : 'mul'> <InPorts = 2> <OutPorts = 1>
ST_2 : Operation 27 [1/1] (0.00ns)   --->   "%trunc_ln708_113 = call i16 @_ssdm_op_PartSelect.i16.i26.i32.i32(i26 %mul_ln1118_121, i32 10, i32 25)" [firmware/nnet_utils/nnet_dense_latency.h:42]   --->   Operation 27 'partselect' 'trunc_ln708_113' <Predicate = true> <Delay = 0.00>
ST_2 : Operation 28 [1/1] (0.00ns)   --->   "%sext_ln1116_89_cast = sext i16 %data_2_V_read_2 to i26" [firmware/nnet_utils/nnet_dense_latency.h:13]   --->   Operation 28 'sext' 'sext_ln1116_89_cast' <Predicate = true> <Delay = 0.00>
ST_2 : Operation 29 [1/1] (5.58ns)   --->   "%mul_ln1118_122 = mul i26 %sext_ln1116_89_cast, 670" [firmware/nnet_utils/nnet_mult.h:73->firmware/nnet_utils/nnet_dense_latency.h:42]   --->   Operation 29 'mul' 'mul_ln1118_122' <Predicate = true> <Delay = 5.58> <Core = "Mul">   --->   Core 16 'Mul' <Latency = 0> <II = 1> <Delay = 5.58> <FuncUnit> <Opcode : 'mul'> <InPorts = 2> <OutPorts = 1>
ST_2 : Operation 30 [1/1] (0.00ns)   --->   "%trunc_ln708_114 = call i16 @_ssdm_op_PartSelect.i16.i26.i32.i32(i26 %mul_ln1118_122, i32 10, i32 25)" [firmware/nnet_utils/nnet_dense_latency.h:42]   --->   Operation 30 'partselect' 'trunc_ln708_114' <Predicate = true> <Delay = 0.00>
ST_2 : Operation 31 [1/1] (5.58ns)   --->   "%mul_ln1118_123 = mul i26 %sext_ln1116_89_cast, 1198" [firmware/nnet_utils/nnet_mult.h:73->firmware/nnet_utils/nnet_dense_latency.h:42]   --->   Operation 31 'mul' 'mul_ln1118_123' <Predicate = true> <Delay = 5.58> <Core = "Mul">   --->   Core 16 'Mul' <Latency = 0> <II = 1> <Delay = 5.58> <FuncUnit> <Opcode : 'mul'> <InPorts = 2> <OutPorts = 1>
ST_2 : Operation 32 [1/1] (0.00ns)   --->   "%trunc_ln708_115 = call i16 @_ssdm_op_PartSelect.i16.i26.i32.i32(i26 %mul_ln1118_123, i32 10, i32 25)" [firmware/nnet_utils/nnet_dense_latency.h:42]   --->   Operation 32 'partselect' 'trunc_ln708_115' <Predicate = true> <Delay = 0.00>
ST_2 : Operation 33 [1/1] (5.58ns)   --->   "%mul_ln1118_124 = mul i26 %sext_ln1116_89_cast, 1699" [firmware/nnet_utils/nnet_mult.h:73->firmware/nnet_utils/nnet_dense_latency.h:42]   --->   Operation 33 'mul' 'mul_ln1118_124' <Predicate = true> <Delay = 5.58> <Core = "Mul">   --->   Core 16 'Mul' <Latency = 0> <II = 1> <Delay = 5.58> <FuncUnit> <Opcode : 'mul'> <InPorts = 2> <OutPorts = 1>
ST_2 : Operation 34 [1/1] (0.00ns)   --->   "%trunc_ln708_116 = call i16 @_ssdm_op_PartSelect.i16.i26.i32.i32(i26 %mul_ln1118_124, i32 10, i32 25)" [firmware/nnet_utils/nnet_dense_latency.h:42]   --->   Operation 34 'partselect' 'trunc_ln708_116' <Predicate = true> <Delay = 0.00>
ST_2 : Operation 35 [1/1] (2.07ns)   --->   "%add_ln703_112 = add i16 %trunc_ln708_109, %trunc_ln708_112" [firmware/nnet_utils/nnet_dense_latency.h:58]   --->   Operation 35 'add' 'add_ln703_112' <Predicate = true> <Delay = 2.07> <Core = "AddSub">   --->   Core 14 'AddSub' <Latency = 0> <II = 1> <Delay = 2.07> <FuncUnit> <Opcode : 'add' 'sub'> <InPorts = 2> <OutPorts = 1>

State 3 <SV = 2> <Delay = 9.48>
ST_3 : Operation 36 [1/1] (0.00ns)   --->   "%data_4_V_read_2 = call i16 @_ssdm_op_Read.ap_auto.i16(i16 %data_4_V_read)" [firmware/nnet_utils/nnet_dense_latency.h:13]   --->   Operation 36 'read' 'data_4_V_read_2' <Predicate = true> <Delay = 0.00>
ST_3 : Operation 37 [1/1] (0.00ns)   --->   "%data_3_V_read_2 = call i16 @_ssdm_op_Read.ap_auto.i16(i16 %data_3_V_read)" [firmware/nnet_utils/nnet_dense_latency.h:13]   --->   Operation 37 'read' 'data_3_V_read_2' <Predicate = true> <Delay = 0.00>
ST_3 : Operation 38 [1/1] (5.58ns)   --->   "%mul_ln1118_125 = mul i26 %sext_ln1116_89_cast, 1067" [firmware/nnet_utils/nnet_mult.h:73->firmware/nnet_utils/nnet_dense_latency.h:42]   --->   Operation 38 'mul' 'mul_ln1118_125' <Predicate = true> <Delay = 5.58> <Core = "Mul">   --->   Core 16 'Mul' <Latency = 0> <II = 1> <Delay = 5.58> <FuncUnit> <Opcode : 'mul'> <InPorts = 2> <OutPorts = 1>
ST_3 : Operation 39 [1/1] (0.00ns)   --->   "%trunc_ln708_117 = call i16 @_ssdm_op_PartSelect.i16.i26.i32.i32(i26 %mul_ln1118_125, i32 10, i32 25)" [firmware/nnet_utils/nnet_dense_latency.h:42]   --->   Operation 39 'partselect' 'trunc_ln708_117' <Predicate = true> <Delay = 0.00>
ST_3 : Operation 40 [1/1] (5.58ns)   --->   "%mul_ln1118_126 = mul i26 %sext_ln1116_89_cast, 2974" [firmware/nnet_utils/nnet_mult.h:73->firmware/nnet_utils/nnet_dense_latency.h:42]   --->   Operation 40 'mul' 'mul_ln1118_126' <Predicate = true> <Delay = 5.58> <Core = "Mul">   --->   Core 16 'Mul' <Latency = 0> <II = 1> <Delay = 5.58> <FuncUnit> <Opcode : 'mul'> <InPorts = 2> <OutPorts = 1>
ST_3 : Operation 41 [1/1] (0.00ns)   --->   "%trunc_ln708_118 = call i16 @_ssdm_op_PartSelect.i16.i26.i32.i32(i26 %mul_ln1118_126, i32 10, i32 25)" [firmware/nnet_utils/nnet_dense_latency.h:42]   --->   Operation 41 'partselect' 'trunc_ln708_118' <Predicate = true> <Delay = 0.00>
ST_3 : Operation 42 [1/1] (0.00ns)   --->   "%sext_ln1116_90_cast = sext i16 %data_3_V_read_2 to i26" [firmware/nnet_utils/nnet_dense_latency.h:13]   --->   Operation 42 'sext' 'sext_ln1116_90_cast' <Predicate = true> <Delay = 0.00>
ST_3 : Operation 43 [1/1] (5.58ns)   --->   "%mul_ln1118_127 = mul i26 %sext_ln1116_90_cast, -1331" [firmware/nnet_utils/nnet_mult.h:73->firmware/nnet_utils/nnet_dense_latency.h:42]   --->   Operation 43 'mul' 'mul_ln1118_127' <Predicate = true> <Delay = 5.58> <Core = "Mul">   --->   Core 16 'Mul' <Latency = 0> <II = 1> <Delay = 5.58> <FuncUnit> <Opcode : 'mul'> <InPorts = 2> <OutPorts = 1>
ST_3 : Operation 44 [1/1] (0.00ns)   --->   "%trunc_ln708_119 = call i16 @_ssdm_op_PartSelect.i16.i26.i32.i32(i26 %mul_ln1118_127, i32 10, i32 25)" [firmware/nnet_utils/nnet_dense_latency.h:42]   --->   Operation 44 'partselect' 'trunc_ln708_119' <Predicate = true> <Delay = 0.00>
ST_3 : Operation 45 [1/1] (5.58ns)   --->   "%mul_ln1118_128 = mul i26 %sext_ln1116_90_cast, 3836" [firmware/nnet_utils/nnet_mult.h:73->firmware/nnet_utils/nnet_dense_latency.h:42]   --->   Operation 45 'mul' 'mul_ln1118_128' <Predicate = true> <Delay = 5.58> <Core = "Mul">   --->   Core 16 'Mul' <Latency = 0> <II = 1> <Delay = 5.58> <FuncUnit> <Opcode : 'mul'> <InPorts = 2> <OutPorts = 1>
ST_3 : Operation 46 [1/1] (0.00ns)   --->   "%trunc_ln708_120 = call i16 @_ssdm_op_PartSelect.i16.i26.i32.i32(i26 %mul_ln1118_128, i32 10, i32 25)" [firmware/nnet_utils/nnet_dense_latency.h:42]   --->   Operation 46 'partselect' 'trunc_ln708_120' <Predicate = true> <Delay = 0.00>
ST_3 : Operation 47 [1/1] (0.00ns)   --->   "%sext_ln1116_91_cast = sext i16 %data_4_V_read_2 to i26" [firmware/nnet_utils/nnet_dense_latency.h:13]   --->   Operation 47 'sext' 'sext_ln1116_91_cast' <Predicate = true> <Delay = 0.00>
ST_3 : Operation 48 [1/1] (5.58ns)   --->   "%mul_ln1118_129 = mul i26 %sext_ln1116_91_cast, 3716" [firmware/nnet_utils/nnet_mult.h:73->firmware/nnet_utils/nnet_dense_latency.h:42]   --->   Operation 48 'mul' 'mul_ln1118_129' <Predicate = true> <Delay = 5.58> <Core = "Mul">   --->   Core 16 'Mul' <Latency = 0> <II = 1> <Delay = 5.58> <FuncUnit> <Opcode : 'mul'> <InPorts = 2> <OutPorts = 1>
ST_3 : Operation 49 [1/1] (0.00ns)   --->   "%trunc_ln708_121 = call i16 @_ssdm_op_PartSelect.i16.i26.i32.i32(i26 %mul_ln1118_129, i32 10, i32 25)" [firmware/nnet_utils/nnet_dense_latency.h:42]   --->   Operation 49 'partselect' 'trunc_ln708_121' <Predicate = true> <Delay = 0.00>
ST_3 : Operation 50 [1/1] (2.07ns)   --->   "%add_ln703_103 = add i16 %trunc_ln708_115, %trunc_ln708_119" [firmware/nnet_utils/nnet_dense_latency.h:58]   --->   Operation 50 'add' 'add_ln703_103' <Predicate = true> <Delay = 2.07> <Core = "AddSub">   --->   Core 14 'AddSub' <Latency = 0> <II = 1> <Delay = 2.07> <FuncUnit> <Opcode : 'add' 'sub'> <InPorts = 2> <OutPorts = 1>
ST_3 : Operation 51 [1/1] (0.00ns) (grouped into TernaryAdder)   --->   "%add_ln703_113 = add i16 %trunc_ln708_120, %trunc_ln708_121" [firmware/nnet_utils/nnet_dense_latency.h:58]   --->   Operation 51 'add' 'add_ln703_113' <Predicate = true> <Delay = 0.00> <Core = "TAddSub">   --->   Core 83 'TAddSub' <Latency = 0> <II = 1> <Delay = 1.95> <IPBlock> <Opcode : 'add' 'sub'> <InPorts = 3> <OutPorts = 1> <Sync> <CReg>
ST_3 : Operation 52 [1/1] (3.90ns) (root node of TernaryAdder)   --->   "%add_ln703_114 = add i16 %add_ln703_113, %trunc_ln708_116" [firmware/nnet_utils/nnet_dense_latency.h:58]   --->   Operation 52 'add' 'add_ln703_114' <Predicate = true> <Delay = 3.90> <Core = "TAddSub">   --->   Core 83 'TAddSub' <Latency = 0> <II = 1> <Delay = 1.95> <IPBlock> <Opcode : 'add' 'sub'> <InPorts = 3> <OutPorts = 1> <Sync> <CReg>

State 4 <SV = 3> <Delay = 7.65>
ST_4 : Operation 53 [1/1] (0.00ns)   --->   "%data_5_V_read_2 = call i16 @_ssdm_op_Read.ap_auto.i16(i16 %data_5_V_read)" [firmware/nnet_utils/nnet_dense_latency.h:13]   --->   Operation 53 'read' 'data_5_V_read_2' <Predicate = true> <Delay = 0.00>
ST_4 : Operation 54 [1/1] (5.58ns)   --->   "%mul_ln1118_130 = mul i26 %sext_ln1116_91_cast, 1689" [firmware/nnet_utils/nnet_mult.h:73->firmware/nnet_utils/nnet_dense_latency.h:42]   --->   Operation 54 'mul' 'mul_ln1118_130' <Predicate = true> <Delay = 5.58> <Core = "Mul">   --->   Core 16 'Mul' <Latency = 0> <II = 1> <Delay = 5.58> <FuncUnit> <Opcode : 'mul'> <InPorts = 2> <OutPorts = 1>
ST_4 : Operation 55 [1/1] (0.00ns)   --->   "%trunc_ln708_122 = call i16 @_ssdm_op_PartSelect.i16.i26.i32.i32(i26 %mul_ln1118_130, i32 10, i32 25)" [firmware/nnet_utils/nnet_dense_latency.h:42]   --->   Operation 55 'partselect' 'trunc_ln708_122' <Predicate = true> <Delay = 0.00>
ST_4 : Operation 56 [1/1] (0.00ns)   --->   "%sext_ln1116_92_cast = sext i16 %data_5_V_read_2 to i26" [firmware/nnet_utils/nnet_dense_latency.h:13]   --->   Operation 56 'sext' 'sext_ln1116_92_cast' <Predicate = true> <Delay = 0.00>
ST_4 : Operation 57 [1/1] (5.58ns)   --->   "%mul_ln1118_131 = mul i26 %sext_ln1116_92_cast, 1081" [firmware/nnet_utils/nnet_mult.h:73->firmware/nnet_utils/nnet_dense_latency.h:42]   --->   Operation 57 'mul' 'mul_ln1118_131' <Predicate = true> <Delay = 5.58> <Core = "Mul">   --->   Core 16 'Mul' <Latency = 0> <II = 1> <Delay = 5.58> <FuncUnit> <Opcode : 'mul'> <InPorts = 2> <OutPorts = 1>
ST_4 : Operation 58 [1/1] (0.00ns)   --->   "%trunc_ln708_123 = call i16 @_ssdm_op_PartSelect.i16.i26.i32.i32(i26 %mul_ln1118_131, i32 10, i32 25)" [firmware/nnet_utils/nnet_dense_latency.h:42]   --->   Operation 58 'partselect' 'trunc_ln708_123' <Predicate = true> <Delay = 0.00>
ST_4 : Operation 59 [1/1] (5.58ns)   --->   "%mul_ln1118_132 = mul i26 %sext_ln1116_92_cast, 3088" [firmware/nnet_utils/nnet_mult.h:73->firmware/nnet_utils/nnet_dense_latency.h:42]   --->   Operation 59 'mul' 'mul_ln1118_132' <Predicate = true> <Delay = 5.58> <Core = "Mul">   --->   Core 16 'Mul' <Latency = 0> <II = 1> <Delay = 5.58> <FuncUnit> <Opcode : 'mul'> <InPorts = 2> <OutPorts = 1>
ST_4 : Operation 60 [1/1] (0.00ns)   --->   "%trunc_ln708_124 = call i16 @_ssdm_op_PartSelect.i16.i26.i32.i32(i26 %mul_ln1118_132, i32 10, i32 25)" [firmware/nnet_utils/nnet_dense_latency.h:42]   --->   Operation 60 'partselect' 'trunc_ln708_124' <Predicate = true> <Delay = 0.00>
ST_4 : Operation 61 [1/1] (5.58ns)   --->   "%mul_ln1118_133 = mul i26 %sext_ln1116_92_cast, -478" [firmware/nnet_utils/nnet_mult.h:73->firmware/nnet_utils/nnet_dense_latency.h:42]   --->   Operation 61 'mul' 'mul_ln1118_133' <Predicate = true> <Delay = 5.58> <Core = "Mul">   --->   Core 16 'Mul' <Latency = 0> <II = 1> <Delay = 5.58> <FuncUnit> <Opcode : 'mul'> <InPorts = 2> <OutPorts = 1>
ST_4 : Operation 62 [1/1] (0.00ns)   --->   "%trunc_ln708_125 = call i16 @_ssdm_op_PartSelect.i16.i26.i32.i32(i26 %mul_ln1118_133, i32 10, i32 25)" [firmware/nnet_utils/nnet_dense_latency.h:42]   --->   Operation 62 'partselect' 'trunc_ln708_125' <Predicate = true> <Delay = 0.00>
ST_4 : Operation 63 [1/1] (5.58ns)   --->   "%mul_ln1118_134 = mul i26 %sext_ln1116_92_cast, 2290" [firmware/nnet_utils/nnet_mult.h:73->firmware/nnet_utils/nnet_dense_latency.h:42]   --->   Operation 63 'mul' 'mul_ln1118_134' <Predicate = true> <Delay = 5.58> <Core = "Mul">   --->   Core 16 'Mul' <Latency = 0> <II = 1> <Delay = 5.58> <FuncUnit> <Opcode : 'mul'> <InPorts = 2> <OutPorts = 1>
ST_4 : Operation 64 [1/1] (0.00ns)   --->   "%trunc_ln708_126 = call i16 @_ssdm_op_PartSelect.i16.i26.i32.i32(i26 %mul_ln1118_134, i32 10, i32 25)" [firmware/nnet_utils/nnet_dense_latency.h:42]   --->   Operation 64 'partselect' 'trunc_ln708_126' <Predicate = true> <Delay = 0.00>
ST_4 : Operation 65 [1/1] (2.07ns)   --->   "%add_ln703_131 = add i16 %trunc_ln708_118, %trunc_ln708_122" [firmware/nnet_utils/nnet_dense_latency.h:58]   --->   Operation 65 'add' 'add_ln703_131' <Predicate = true> <Delay = 2.07> <Core = "AddSub">   --->   Core 14 'AddSub' <Latency = 0> <II = 1> <Delay = 2.07> <FuncUnit> <Opcode : 'add' 'sub'> <InPorts = 2> <OutPorts = 1>

State 5 <SV = 4> <Delay = 5.58>
ST_5 : Operation 66 [1/1] (0.00ns)   --->   "%data_6_V_read_2 = call i16 @_ssdm_op_Read.ap_auto.i16(i16 %data_6_V_read)" [firmware/nnet_utils/nnet_dense_latency.h:13]   --->   Operation 66 'read' 'data_6_V_read_2' <Predicate = true> <Delay = 0.00>
ST_5 : Operation 67 [1/1] (0.00ns)   --->   "%sext_ln1116_93_cast = sext i16 %data_6_V_read_2 to i26" [firmware/nnet_utils/nnet_dense_latency.h:13]   --->   Operation 67 'sext' 'sext_ln1116_93_cast' <Predicate = true> <Delay = 0.00>
ST_5 : Operation 68 [1/1] (5.58ns)   --->   "%mul_ln1118_135 = mul i26 %sext_ln1116_93_cast, -1057" [firmware/nnet_utils/nnet_mult.h:73->firmware/nnet_utils/nnet_dense_latency.h:42]   --->   Operation 68 'mul' 'mul_ln1118_135' <Predicate = true> <Delay = 5.58> <Core = "Mul">   --->   Core 16 'Mul' <Latency = 0> <II = 1> <Delay = 5.58> <FuncUnit> <Opcode : 'mul'> <InPorts = 2> <OutPorts = 1>
ST_5 : Operation 69 [1/1] (0.00ns)   --->   "%trunc_ln708_127 = call i16 @_ssdm_op_PartSelect.i16.i26.i32.i32(i26 %mul_ln1118_135, i32 10, i32 25)" [firmware/nnet_utils/nnet_dense_latency.h:42]   --->   Operation 69 'partselect' 'trunc_ln708_127' <Predicate = true> <Delay = 0.00>
ST_5 : Operation 70 [1/1] (5.58ns)   --->   "%mul_ln1118_136 = mul i26 %sext_ln1116_93_cast, 391" [firmware/nnet_utils/nnet_mult.h:73->firmware/nnet_utils/nnet_dense_latency.h:42]   --->   Operation 70 'mul' 'mul_ln1118_136' <Predicate = true> <Delay = 5.58> <Core = "Mul">   --->   Core 16 'Mul' <Latency = 0> <II = 1> <Delay = 5.58> <FuncUnit> <Opcode : 'mul'> <InPorts = 2> <OutPorts = 1>
ST_5 : Operation 71 [1/1] (0.00ns)   --->   "%trunc_ln708_128 = call i16 @_ssdm_op_PartSelect.i16.i26.i32.i32(i26 %mul_ln1118_136, i32 10, i32 25)" [firmware/nnet_utils/nnet_dense_latency.h:42]   --->   Operation 71 'partselect' 'trunc_ln708_128' <Predicate = true> <Delay = 0.00>
ST_5 : Operation 72 [1/1] (5.58ns)   --->   "%mul_ln1118_137 = mul i26 %sext_ln1116_93_cast, 1395" [firmware/nnet_utils/nnet_mult.h:73->firmware/nnet_utils/nnet_dense_latency.h:42]   --->   Operation 72 'mul' 'mul_ln1118_137' <Predicate = true> <Delay = 5.58> <Core = "Mul">   --->   Core 16 'Mul' <Latency = 0> <II = 1> <Delay = 5.58> <FuncUnit> <Opcode : 'mul'> <InPorts = 2> <OutPorts = 1>
ST_5 : Operation 73 [1/1] (0.00ns)   --->   "%trunc_ln708_129 = call i16 @_ssdm_op_PartSelect.i16.i26.i32.i32(i26 %mul_ln1118_137, i32 10, i32 25)" [firmware/nnet_utils/nnet_dense_latency.h:42]   --->   Operation 73 'partselect' 'trunc_ln708_129' <Predicate = true> <Delay = 0.00>
ST_5 : Operation 74 [1/1] (5.58ns)   --->   "%mul_ln1118_138 = mul i26 %sext_ln1116_93_cast, 440" [firmware/nnet_utils/nnet_mult.h:73->firmware/nnet_utils/nnet_dense_latency.h:42]   --->   Operation 74 'mul' 'mul_ln1118_138' <Predicate = true> <Delay = 5.58> <Core = "Mul">   --->   Core 16 'Mul' <Latency = 0> <II = 1> <Delay = 5.58> <FuncUnit> <Opcode : 'mul'> <InPorts = 2> <OutPorts = 1>
ST_5 : Operation 75 [1/1] (0.00ns)   --->   "%trunc_ln708_130 = call i16 @_ssdm_op_PartSelect.i16.i26.i32.i32(i26 %mul_ln1118_138, i32 10, i32 25)" [firmware/nnet_utils/nnet_dense_latency.h:42]   --->   Operation 75 'partselect' 'trunc_ln708_130' <Predicate = true> <Delay = 0.00>
ST_5 : Operation 76 [1/1] (5.58ns)   --->   "%mul_ln1118_139 = mul i26 %sext_ln1116_93_cast, -702" [firmware/nnet_utils/nnet_mult.h:73->firmware/nnet_utils/nnet_dense_latency.h:42]   --->   Operation 76 'mul' 'mul_ln1118_139' <Predicate = true> <Delay = 5.58> <Core = "Mul">   --->   Core 16 'Mul' <Latency = 0> <II = 1> <Delay = 5.58> <FuncUnit> <Opcode : 'mul'> <InPorts = 2> <OutPorts = 1>
ST_5 : Operation 77 [1/1] (0.00ns)   --->   "%trunc_ln708_131 = call i16 @_ssdm_op_PartSelect.i16.i26.i32.i32(i26 %mul_ln1118_139, i32 10, i32 25)" [firmware/nnet_utils/nnet_dense_latency.h:42]   --->   Operation 77 'partselect' 'trunc_ln708_131' <Predicate = true> <Delay = 0.00>

State 6 <SV = 5> <Delay = 15.4>
ST_6 : Operation 78 [1/1] (0.00ns)   --->   "%data_8_V_read_1 = call i16 @_ssdm_op_Read.ap_auto.i16(i16 %data_8_V_read)" [firmware/nnet_utils/nnet_dense_latency.h:13]   --->   Operation 78 'read' 'data_8_V_read_1' <Predicate = true> <Delay = 0.00>
ST_6 : Operation 79 [1/1] (0.00ns)   --->   "%data_7_V_read_2 = call i16 @_ssdm_op_Read.ap_auto.i16(i16 %data_7_V_read)" [firmware/nnet_utils/nnet_dense_latency.h:13]   --->   Operation 79 'read' 'data_7_V_read_2' <Predicate = true> <Delay = 0.00>
ST_6 : Operation 80 [1/1] (5.58ns)   --->   "%mul_ln1118_140 = mul i26 %sext_ln1116_93_cast, -1200" [firmware/nnet_utils/nnet_mult.h:73->firmware/nnet_utils/nnet_dense_latency.h:42]   --->   Operation 80 'mul' 'mul_ln1118_140' <Predicate = true> <Delay = 5.58> <Core = "Mul">   --->   Core 16 'Mul' <Latency = 0> <II = 1> <Delay = 5.58> <FuncUnit> <Opcode : 'mul'> <InPorts = 2> <OutPorts = 1>
ST_6 : Operation 81 [1/1] (0.00ns)   --->   "%trunc_ln708_132 = call i16 @_ssdm_op_PartSelect.i16.i26.i32.i32(i26 %mul_ln1118_140, i32 10, i32 25)" [firmware/nnet_utils/nnet_dense_latency.h:42]   --->   Operation 81 'partselect' 'trunc_ln708_132' <Predicate = true> <Delay = 0.00>
ST_6 : Operation 82 [1/1] (0.00ns)   --->   "%sext_ln1116_94_cast = sext i16 %data_7_V_read_2 to i26" [firmware/nnet_utils/nnet_dense_latency.h:13]   --->   Operation 82 'sext' 'sext_ln1116_94_cast' <Predicate = true> <Delay = 0.00>
ST_6 : Operation 83 [1/1] (5.58ns)   --->   "%mul_ln1118_141 = mul i26 %sext_ln1116_94_cast, 786" [firmware/nnet_utils/nnet_mult.h:73->firmware/nnet_utils/nnet_dense_latency.h:42]   --->   Operation 83 'mul' 'mul_ln1118_141' <Predicate = true> <Delay = 5.58> <Core = "Mul">   --->   Core 16 'Mul' <Latency = 0> <II = 1> <Delay = 5.58> <FuncUnit> <Opcode : 'mul'> <InPorts = 2> <OutPorts = 1>
ST_6 : Operation 84 [1/1] (0.00ns)   --->   "%trunc_ln708_133 = call i16 @_ssdm_op_PartSelect.i16.i26.i32.i32(i26 %mul_ln1118_141, i32 10, i32 25)" [firmware/nnet_utils/nnet_dense_latency.h:42]   --->   Operation 84 'partselect' 'trunc_ln708_133' <Predicate = true> <Delay = 0.00>
ST_6 : Operation 85 [1/1] (5.58ns)   --->   "%mul_ln1118_142 = mul i26 %sext_ln1116_94_cast, 2232" [firmware/nnet_utils/nnet_mult.h:73->firmware/nnet_utils/nnet_dense_latency.h:42]   --->   Operation 85 'mul' 'mul_ln1118_142' <Predicate = true> <Delay = 5.58> <Core = "Mul">   --->   Core 16 'Mul' <Latency = 0> <II = 1> <Delay = 5.58> <FuncUnit> <Opcode : 'mul'> <InPorts = 2> <OutPorts = 1>
ST_6 : Operation 86 [1/1] (0.00ns)   --->   "%trunc_ln708_134 = call i16 @_ssdm_op_PartSelect.i16.i26.i32.i32(i26 %mul_ln1118_142, i32 10, i32 25)" [firmware/nnet_utils/nnet_dense_latency.h:42]   --->   Operation 86 'partselect' 'trunc_ln708_134' <Predicate = true> <Delay = 0.00>
ST_6 : Operation 87 [1/1] (5.58ns)   --->   "%mul_ln1118_143 = mul i26 %sext_ln1116_94_cast, 3090" [firmware/nnet_utils/nnet_mult.h:73->firmware/nnet_utils/nnet_dense_latency.h:42]   --->   Operation 87 'mul' 'mul_ln1118_143' <Predicate = true> <Delay = 5.58> <Core = "Mul">   --->   Core 16 'Mul' <Latency = 0> <II = 1> <Delay = 5.58> <FuncUnit> <Opcode : 'mul'> <InPorts = 2> <OutPorts = 1>
ST_6 : Operation 88 [1/1] (0.00ns)   --->   "%trunc_ln708_135 = call i16 @_ssdm_op_PartSelect.i16.i26.i32.i32(i26 %mul_ln1118_143, i32 10, i32 25)" [firmware/nnet_utils/nnet_dense_latency.h:42]   --->   Operation 88 'partselect' 'trunc_ln708_135' <Predicate = true> <Delay = 0.00>
ST_6 : Operation 89 [1/1] (0.00ns)   --->   "%sext_ln1116_95_cast = sext i16 %data_8_V_read_1 to i26" [firmware/nnet_utils/nnet_dense_latency.h:13]   --->   Operation 89 'sext' 'sext_ln1116_95_cast' <Predicate = true> <Delay = 0.00>
ST_6 : Operation 90 [1/1] (5.58ns)   --->   "%mul_ln1118_144 = mul i26 %sext_ln1116_95_cast, 1027" [firmware/nnet_utils/nnet_mult.h:73->firmware/nnet_utils/nnet_dense_latency.h:42]   --->   Operation 90 'mul' 'mul_ln1118_144' <Predicate = true> <Delay = 5.58> <Core = "Mul">   --->   Core 16 'Mul' <Latency = 0> <II = 1> <Delay = 5.58> <FuncUnit> <Opcode : 'mul'> <InPorts = 2> <OutPorts = 1>
ST_6 : Operation 91 [1/1] (0.00ns)   --->   "%trunc_ln708_136 = call i16 @_ssdm_op_PartSelect.i16.i26.i32.i32(i26 %mul_ln1118_144, i32 10, i32 25)" [firmware/nnet_utils/nnet_dense_latency.h:42]   --->   Operation 91 'partselect' 'trunc_ln708_136' <Predicate = true> <Delay = 0.00>
ST_6 : Operation 92 [1/1] (0.00ns) (grouped into TernaryAdder)   --->   "%add_ln703 = add i16 %trunc_ln708_133, -3" [firmware/nnet_utils/nnet_dense_latency.h:58]   --->   Operation 92 'add' 'add_ln703' <Predicate = true> <Delay = 0.00> <Core = "TAddSub">   --->   Core 83 'TAddSub' <Latency = 0> <II = 1> <Delay = 1.95> <IPBlock> <Opcode : 'add' 'sub'> <InPorts = 3> <OutPorts = 1> <Sync> <CReg>
ST_6 : Operation 93 [1/1] (3.90ns) (root node of TernaryAdder)   --->   "%add_ln703_102 = add i16 %add_ln703, %trunc_ln708_114" [firmware/nnet_utils/nnet_dense_latency.h:58]   --->   Operation 93 'add' 'add_ln703_102' <Predicate = true> <Delay = 3.90> <Core = "TAddSub">   --->   Core 83 'TAddSub' <Latency = 0> <II = 1> <Delay = 1.95> <IPBlock> <Opcode : 'add' 'sub'> <InPorts = 3> <OutPorts = 1> <Sync> <CReg>
ST_6 : Operation 94 [1/1] (0.00ns) (grouped into TernaryAdder)   --->   "%add_ln703_104 = add i16 %add_ln703_103, %trunc_ln" [firmware/nnet_utils/nnet_dense_latency.h:58]   --->   Operation 94 'add' 'add_ln703_104' <Predicate = true> <Delay = 0.00> <Core = "TAddSub">   --->   Core 83 'TAddSub' <Latency = 0> <II = 1> <Delay = 1.95> <IPBlock> <Opcode : 'add' 'sub'> <InPorts = 3> <OutPorts = 1> <Sync> <CReg>
ST_6 : Operation 95 [1/1] (0.00ns) (grouped into TernaryAdder)   --->   "%add_ln703_105 = add i16 %trunc_ln708_123, %trunc_ln708_127" [firmware/nnet_utils/nnet_dense_latency.h:58]   --->   Operation 95 'add' 'add_ln703_105' <Predicate = true> <Delay = 0.00> <Core = "TAddSub">   --->   Core 83 'TAddSub' <Latency = 0> <II = 1> <Delay = 1.95> <IPBlock> <Opcode : 'add' 'sub'> <InPorts = 3> <OutPorts = 1> <Sync> <CReg>
ST_6 : Operation 96 [1/1] (2.07ns)   --->   "%add_ln703_106 = add i16 %trunc_ln708_136, -160" [firmware/nnet_utils/nnet_dense_latency.h:58]   --->   Operation 96 'add' 'add_ln703_106' <Predicate = true> <Delay = 2.07> <Core = "AddSub">   --->   Core 14 'AddSub' <Latency = 0> <II = 1> <Delay = 2.07> <FuncUnit> <Opcode : 'add' 'sub'> <InPorts = 2> <OutPorts = 1>
ST_6 : Operation 97 [1/1] (3.90ns) (root node of TernaryAdder)   --->   "%add_ln703_107 = add i16 %add_ln703_106, %add_ln703_105" [firmware/nnet_utils/nnet_dense_latency.h:58]   --->   Operation 97 'add' 'add_ln703_107' <Predicate = true> <Delay = 3.90> <Core = "TAddSub">   --->   Core 83 'TAddSub' <Latency = 0> <II = 1> <Delay = 1.95> <IPBlock> <Opcode : 'add' 'sub'> <InPorts = 3> <OutPorts = 1> <Sync> <CReg>
ST_6 : Operation 98 [1/1] (3.90ns) (root node of TernaryAdder)   --->   "%acc_1_V = add i16 %add_ln703_107, %add_ln703_104" [firmware/nnet_utils/nnet_dense_latency.h:58]   --->   Operation 98 'add' 'acc_1_V' <Predicate = true> <Delay = 3.90> <Core = "TAddSub">   --->   Core 83 'TAddSub' <Latency = 0> <II = 1> <Delay = 1.95> <IPBlock> <Opcode : 'add' 'sub'> <InPorts = 3> <OutPorts = 1> <Sync> <CReg>

State 7 <SV = 6> <Delay = 17.2>
ST_7 : Operation 99 [1/1] (5.58ns)   --->   "%mul_ln1118_145 = mul i26 %sext_ln1116_95_cast, 324" [firmware/nnet_utils/nnet_mult.h:73->firmware/nnet_utils/nnet_dense_latency.h:42]   --->   Operation 99 'mul' 'mul_ln1118_145' <Predicate = true> <Delay = 5.58> <Core = "Mul">   --->   Core 16 'Mul' <Latency = 0> <II = 1> <Delay = 5.58> <FuncUnit> <Opcode : 'mul'> <InPorts = 2> <OutPorts = 1>
ST_7 : Operation 100 [1/1] (0.00ns)   --->   "%trunc_ln708_137 = call i16 @_ssdm_op_PartSelect.i16.i26.i32.i32(i26 %mul_ln1118_145, i32 10, i32 25)" [firmware/nnet_utils/nnet_dense_latency.h:42]   --->   Operation 100 'partselect' 'trunc_ln708_137' <Predicate = true> <Delay = 0.00>
ST_7 : Operation 101 [1/1] (5.58ns)   --->   "%mul_ln1118_146 = mul i26 %sext_ln1116_95_cast, 2328" [firmware/nnet_utils/nnet_mult.h:73->firmware/nnet_utils/nnet_dense_latency.h:42]   --->   Operation 101 'mul' 'mul_ln1118_146' <Predicate = true> <Delay = 5.58> <Core = "Mul">   --->   Core 16 'Mul' <Latency = 0> <II = 1> <Delay = 5.58> <FuncUnit> <Opcode : 'mul'> <InPorts = 2> <OutPorts = 1>
ST_7 : Operation 102 [1/1] (0.00ns)   --->   "%trunc_ln708_138 = call i16 @_ssdm_op_PartSelect.i16.i26.i32.i32(i26 %mul_ln1118_146, i32 10, i32 25)" [firmware/nnet_utils/nnet_dense_latency.h:42]   --->   Operation 102 'partselect' 'trunc_ln708_138' <Predicate = true> <Delay = 0.00>
ST_7 : Operation 103 [1/1] (5.58ns)   --->   "%mul_ln1118_147 = mul i26 %sext_ln1116_95_cast, 421" [firmware/nnet_utils/nnet_mult.h:73->firmware/nnet_utils/nnet_dense_latency.h:42]   --->   Operation 103 'mul' 'mul_ln1118_147' <Predicate = true> <Delay = 5.58> <Core = "Mul">   --->   Core 16 'Mul' <Latency = 0> <II = 1> <Delay = 5.58> <FuncUnit> <Opcode : 'mul'> <InPorts = 2> <OutPorts = 1>
ST_7 : Operation 104 [1/1] (0.00ns)   --->   "%trunc_ln708_139 = call i16 @_ssdm_op_PartSelect.i16.i26.i32.i32(i26 %mul_ln1118_147, i32 10, i32 25)" [firmware/nnet_utils/nnet_dense_latency.h:42]   --->   Operation 104 'partselect' 'trunc_ln708_139' <Predicate = true> <Delay = 0.00>
ST_7 : Operation 105 [1/1] (5.58ns)   --->   "%mul_ln1118_148 = mul i26 %sext_ln1116_95_cast, 934" [firmware/nnet_utils/nnet_mult.h:73->firmware/nnet_utils/nnet_dense_latency.h:42]   --->   Operation 105 'mul' 'mul_ln1118_148' <Predicate = true> <Delay = 5.58> <Core = "Mul">   --->   Core 16 'Mul' <Latency = 0> <II = 1> <Delay = 5.58> <FuncUnit> <Opcode : 'mul'> <InPorts = 2> <OutPorts = 1>
ST_7 : Operation 106 [1/1] (0.00ns)   --->   "%trunc_ln708_140 = call i16 @_ssdm_op_PartSelect.i16.i26.i32.i32(i26 %mul_ln1118_148, i32 10, i32 25)" [firmware/nnet_utils/nnet_dense_latency.h:42]   --->   Operation 106 'partselect' 'trunc_ln708_140' <Predicate = true> <Delay = 0.00>
ST_7 : Operation 107 [1/1] (5.58ns)   --->   "%mul_ln1118_149 = mul i26 %sext_ln1116_95_cast, -1762" [firmware/nnet_utils/nnet_mult.h:73->firmware/nnet_utils/nnet_dense_latency.h:42]   --->   Operation 107 'mul' 'mul_ln1118_149' <Predicate = true> <Delay = 5.58> <Core = "Mul">   --->   Core 16 'Mul' <Latency = 0> <II = 1> <Delay = 5.58> <FuncUnit> <Opcode : 'mul'> <InPorts = 2> <OutPorts = 1>
ST_7 : Operation 108 [1/1] (0.00ns)   --->   "%trunc_ln708_141 = call i16 @_ssdm_op_PartSelect.i16.i26.i32.i32(i26 %mul_ln1118_149, i32 10, i32 25)" [firmware/nnet_utils/nnet_dense_latency.h:42]   --->   Operation 108 'partselect' 'trunc_ln708_141' <Predicate = true> <Delay = 0.00>
ST_7 : Operation 109 [1/1] (0.00ns) (grouped into TernaryAdder)   --->   "%add_ln703_109 = add i16 %trunc_ln708_s, %trunc_ln708_128" [firmware/nnet_utils/nnet_dense_latency.h:58]   --->   Operation 109 'add' 'add_ln703_109' <Predicate = true> <Delay = 0.00> <Core = "TAddSub">   --->   Core 83 'TAddSub' <Latency = 0> <II = 1> <Delay = 1.95> <IPBlock> <Opcode : 'add' 'sub'> <InPorts = 3> <OutPorts = 1> <Sync> <CReg>
ST_7 : Operation 110 [1/1] (2.07ns)   --->   "%add_ln703_110 = add i16 %trunc_ln708_137, 370" [firmware/nnet_utils/nnet_dense_latency.h:58]   --->   Operation 110 'add' 'add_ln703_110' <Predicate = true> <Delay = 2.07> <Core = "AddSub">   --->   Core 14 'AddSub' <Latency = 0> <II = 1> <Delay = 2.07> <FuncUnit> <Opcode : 'add' 'sub'> <InPorts = 2> <OutPorts = 1>
ST_7 : Operation 111 [1/1] (3.90ns) (root node of TernaryAdder)   --->   "%acc_2_V = add i16 %add_ln703_110, %add_ln703_109" [firmware/nnet_utils/nnet_dense_latency.h:58]   --->   Operation 111 'add' 'acc_2_V' <Predicate = true> <Delay = 3.90> <Core = "TAddSub">   --->   Core 83 'TAddSub' <Latency = 0> <II = 1> <Delay = 1.95> <IPBlock> <Opcode : 'add' 'sub'> <InPorts = 3> <OutPorts = 1> <Sync> <CReg>
ST_7 : Operation 112 [1/1] (0.00ns) (grouped into TernaryAdder)   --->   "%add_ln703_115 = add i16 %add_ln703_114, %add_ln703_112" [firmware/nnet_utils/nnet_dense_latency.h:58]   --->   Operation 112 'add' 'add_ln703_115' <Predicate = true> <Delay = 0.00> <Core = "TAddSub">   --->   Core 83 'TAddSub' <Latency = 0> <II = 1> <Delay = 1.95> <IPBlock> <Opcode : 'add' 'sub'> <InPorts = 3> <OutPorts = 1> <Sync> <CReg>
ST_7 : Operation 113 [1/1] (0.00ns) (grouped into TernaryAdder)   --->   "%add_ln703_116 = add i16 %trunc_ln708_124, %trunc_ln708_129" [firmware/nnet_utils/nnet_dense_latency.h:58]   --->   Operation 113 'add' 'add_ln703_116' <Predicate = true> <Delay = 0.00> <Core = "TAddSub">   --->   Core 83 'TAddSub' <Latency = 0> <II = 1> <Delay = 1.95> <IPBlock> <Opcode : 'add' 'sub'> <InPorts = 3> <OutPorts = 1> <Sync> <CReg>
ST_7 : Operation 114 [1/1] (0.00ns) (grouped into TernaryAdder)   --->   "%add_ln703_117 = add i16 %trunc_ln708_138, -8" [firmware/nnet_utils/nnet_dense_latency.h:58]   --->   Operation 114 'add' 'add_ln703_117' <Predicate = true> <Delay = 0.00> <Core = "TAddSub">   --->   Core 83 'TAddSub' <Latency = 0> <II = 1> <Delay = 1.95> <IPBlock> <Opcode : 'add' 'sub'> <InPorts = 3> <OutPorts = 1> <Sync> <CReg>
ST_7 : Operation 115 [1/1] (3.90ns) (root node of TernaryAdder)   --->   "%add_ln703_118 = add i16 %add_ln703_117, %trunc_ln708_134" [firmware/nnet_utils/nnet_dense_latency.h:58]   --->   Operation 115 'add' 'add_ln703_118' <Predicate = true> <Delay = 3.90> <Core = "TAddSub">   --->   Core 83 'TAddSub' <Latency = 0> <II = 1> <Delay = 1.95> <IPBlock> <Opcode : 'add' 'sub'> <InPorts = 3> <OutPorts = 1> <Sync> <CReg>
ST_7 : Operation 116 [1/1] (3.90ns) (root node of TernaryAdder)   --->   "%add_ln703_119 = add i16 %add_ln703_118, %add_ln703_116" [firmware/nnet_utils/nnet_dense_latency.h:58]   --->   Operation 116 'add' 'add_ln703_119' <Predicate = true> <Delay = 3.90> <Core = "TAddSub">   --->   Core 83 'TAddSub' <Latency = 0> <II = 1> <Delay = 1.95> <IPBlock> <Opcode : 'add' 'sub'> <InPorts = 3> <OutPorts = 1> <Sync> <CReg>
ST_7 : Operation 117 [1/1] (3.90ns) (root node of TernaryAdder)   --->   "%acc_3_V = add i16 %add_ln703_119, %add_ln703_115" [firmware/nnet_utils/nnet_dense_latency.h:58]   --->   Operation 117 'add' 'acc_3_V' <Predicate = true> <Delay = 3.90> <Core = "TAddSub">   --->   Core 83 'TAddSub' <Latency = 0> <II = 1> <Delay = 1.95> <IPBlock> <Opcode : 'add' 'sub'> <InPorts = 3> <OutPorts = 1> <Sync> <CReg>
ST_7 : Operation 118 [1/1] (0.00ns) (grouped into TernaryAdder)   --->   "%add_ln703_121 = add i16 %trunc_ln708_139, 270" [firmware/nnet_utils/nnet_dense_latency.h:58]   --->   Operation 118 'add' 'add_ln703_121' <Predicate = true> <Delay = 0.00> <Core = "TAddSub">   --->   Core 83 'TAddSub' <Latency = 0> <II = 1> <Delay = 1.95> <IPBlock> <Opcode : 'add' 'sub'> <InPorts = 3> <OutPorts = 1> <Sync> <CReg>
ST_7 : Operation 119 [1/1] (3.90ns) (root node of TernaryAdder)   --->   "%acc_4_V = add i16 %add_ln703_121, %trunc_ln708_130" [firmware/nnet_utils/nnet_dense_latency.h:58]   --->   Operation 119 'add' 'acc_4_V' <Predicate = true> <Delay = 3.90> <Core = "TAddSub">   --->   Core 83 'TAddSub' <Latency = 0> <II = 1> <Delay = 1.95> <IPBlock> <Opcode : 'add' 'sub'> <InPorts = 3> <OutPorts = 1> <Sync> <CReg>
ST_7 : Operation 120 [1/1] (0.00ns) (grouped into TernaryAdder)   --->   "%add_ln703_123 = add i16 %trunc_ln708_110, %trunc_ln708_117" [firmware/nnet_utils/nnet_dense_latency.h:58]   --->   Operation 120 'add' 'add_ln703_123' <Predicate = true> <Delay = 0.00> <Core = "TAddSub">   --->   Core 83 'TAddSub' <Latency = 0> <II = 1> <Delay = 1.95> <IPBlock> <Opcode : 'add' 'sub'> <InPorts = 3> <OutPorts = 1> <Sync> <CReg>
ST_7 : Operation 121 [1/1] (0.00ns) (grouped into TernaryAdder)   --->   "%add_ln703_124 = add i16 %trunc_ln708_140, -271" [firmware/nnet_utils/nnet_dense_latency.h:58]   --->   Operation 121 'add' 'add_ln703_124' <Predicate = true> <Delay = 0.00> <Core = "TAddSub">   --->   Core 83 'TAddSub' <Latency = 0> <II = 1> <Delay = 1.95> <IPBlock> <Opcode : 'add' 'sub'> <InPorts = 3> <OutPorts = 1> <Sync> <CReg>
ST_7 : Operation 122 [1/1] (3.90ns) (root node of TernaryAdder)   --->   "%add_ln703_125 = add i16 %add_ln703_124, %trunc_ln708_131" [firmware/nnet_utils/nnet_dense_latency.h:58]   --->   Operation 122 'add' 'add_ln703_125' <Predicate = true> <Delay = 3.90> <Core = "TAddSub">   --->   Core 83 'TAddSub' <Latency = 0> <II = 1> <Delay = 1.95> <IPBlock> <Opcode : 'add' 'sub'> <InPorts = 3> <OutPorts = 1> <Sync> <CReg>
ST_7 : Operation 123 [1/1] (3.90ns) (root node of TernaryAdder)   --->   "%acc_5_V = add i16 %add_ln703_125, %add_ln703_123" [firmware/nnet_utils/nnet_dense_latency.h:58]   --->   Operation 123 'add' 'acc_5_V' <Predicate = true> <Delay = 3.90> <Core = "TAddSub">   --->   Core 83 'TAddSub' <Latency = 0> <II = 1> <Delay = 1.95> <IPBlock> <Opcode : 'add' 'sub'> <InPorts = 3> <OutPorts = 1> <Sync> <CReg>
ST_7 : Operation 124 [1/1] (0.00ns) (grouped into TernaryAdder)   --->   "%add_ln703_127 = add i16 %trunc_ln708_111, %trunc_ln708_125" [firmware/nnet_utils/nnet_dense_latency.h:58]   --->   Operation 124 'add' 'add_ln703_127' <Predicate = true> <Delay = 0.00> <Core = "TAddSub">   --->   Core 83 'TAddSub' <Latency = 0> <II = 1> <Delay = 1.95> <IPBlock> <Opcode : 'add' 'sub'> <InPorts = 3> <OutPorts = 1> <Sync> <CReg>
ST_7 : Operation 125 [1/1] (0.00ns) (grouped into TernaryAdder)   --->   "%add_ln703_128 = add i16 %trunc_ln708_141, 780" [firmware/nnet_utils/nnet_dense_latency.h:58]   --->   Operation 125 'add' 'add_ln703_128' <Predicate = true> <Delay = 0.00> <Core = "TAddSub">   --->   Core 83 'TAddSub' <Latency = 0> <II = 1> <Delay = 1.95> <IPBlock> <Opcode : 'add' 'sub'> <InPorts = 3> <OutPorts = 1> <Sync> <CReg>
ST_7 : Operation 126 [1/1] (3.90ns) (root node of TernaryAdder)   --->   "%add_ln703_129 = add i16 %add_ln703_128, %trunc_ln708_132" [firmware/nnet_utils/nnet_dense_latency.h:58]   --->   Operation 126 'add' 'add_ln703_129' <Predicate = true> <Delay = 3.90> <Core = "TAddSub">   --->   Core 83 'TAddSub' <Latency = 0> <II = 1> <Delay = 1.95> <IPBlock> <Opcode : 'add' 'sub'> <InPorts = 3> <OutPorts = 1> <Sync> <CReg>
ST_7 : Operation 127 [1/1] (3.90ns) (root node of TernaryAdder)   --->   "%acc_6_V = add i16 %add_ln703_129, %add_ln703_127" [firmware/nnet_utils/nnet_dense_latency.h:58]   --->   Operation 127 'add' 'acc_6_V' <Predicate = true> <Delay = 3.90> <Core = "TAddSub">   --->   Core 83 'TAddSub' <Latency = 0> <II = 1> <Delay = 1.95> <IPBlock> <Opcode : 'add' 'sub'> <InPorts = 3> <OutPorts = 1> <Sync> <CReg>

State 8 <SV = 7> <Delay = 15.4>
ST_8 : Operation 128 [1/1] (0.00ns)   --->   "call void (...)* @_ssdm_op_SpecPipeline(i32 8, i32 1, i32 1, i32 0, [1 x i8]* @p_str10) nounwind" [firmware/nnet_utils/nnet_dense_latency.h:26]   --->   Operation 128 'specpipeline' <Predicate = true> <Delay = 0.00>
ST_8 : Operation 129 [1/1] (0.00ns)   --->   "call void (...)* @_ssdm_op_SpecResourceLimit(i32 5, [4 x i8]* @p_str23, [1 x i8]* @p_str10, [1 x i8]* @p_str10, [1 x i8]* @p_str10) nounwind" [firmware/nnet_utils/nnet_dense_latency.h:33]   --->   Operation 129 'specresourcelimit' <Predicate = true> <Delay = 0.00>
ST_8 : Operation 130 [1/1] (5.58ns)   --->   "%mul_ln1118_150 = mul i26 %sext_ln1116_95_cast, 2988" [firmware/nnet_utils/nnet_mult.h:73->firmware/nnet_utils/nnet_dense_latency.h:42]   --->   Operation 130 'mul' 'mul_ln1118_150' <Predicate = true> <Delay = 5.58> <Core = "Mul">   --->   Core 16 'Mul' <Latency = 0> <II = 1> <Delay = 5.58> <FuncUnit> <Opcode : 'mul'> <InPorts = 2> <OutPorts = 1>
ST_8 : Operation 131 [1/1] (0.00ns)   --->   "%trunc_ln708_142 = call i16 @_ssdm_op_PartSelect.i16.i26.i32.i32(i26 %mul_ln1118_150, i32 10, i32 25)" [firmware/nnet_utils/nnet_dense_latency.h:42]   --->   Operation 131 'partselect' 'trunc_ln708_142' <Predicate = true> <Delay = 0.00>
ST_8 : Operation 132 [1/1] (0.00ns) (grouped into TernaryAdder)   --->   "%add_ln703_132 = add i16 %add_ln703_131, %trunc_ln708_113" [firmware/nnet_utils/nnet_dense_latency.h:58]   --->   Operation 132 'add' 'add_ln703_132' <Predicate = true> <Delay = 0.00> <Core = "TAddSub">   --->   Core 83 'TAddSub' <Latency = 0> <II = 1> <Delay = 1.95> <IPBlock> <Opcode : 'add' 'sub'> <InPorts = 3> <OutPorts = 1> <Sync> <CReg>
ST_8 : Operation 133 [1/1] (0.00ns) (grouped into TernaryAdder)   --->   "%add_ln703_133 = add i16 %trunc_ln708_126, %trunc_ln708_135" [firmware/nnet_utils/nnet_dense_latency.h:58]   --->   Operation 133 'add' 'add_ln703_133' <Predicate = true> <Delay = 0.00> <Core = "TAddSub">   --->   Core 83 'TAddSub' <Latency = 0> <II = 1> <Delay = 1.95> <IPBlock> <Opcode : 'add' 'sub'> <InPorts = 3> <OutPorts = 1> <Sync> <CReg>
ST_8 : Operation 134 [1/1] (2.07ns)   --->   "%add_ln703_134 = add i16 %trunc_ln708_142, -13" [firmware/nnet_utils/nnet_dense_latency.h:58]   --->   Operation 134 'add' 'add_ln703_134' <Predicate = true> <Delay = 2.07> <Core = "AddSub">   --->   Core 14 'AddSub' <Latency = 0> <II = 1> <Delay = 2.07> <FuncUnit> <Opcode : 'add' 'sub'> <InPorts = 2> <OutPorts = 1>
ST_8 : Operation 135 [1/1] (3.90ns) (root node of TernaryAdder)   --->   "%add_ln703_135 = add i16 %add_ln703_134, %add_ln703_133" [firmware/nnet_utils/nnet_dense_latency.h:58]   --->   Operation 135 'add' 'add_ln703_135' <Predicate = true> <Delay = 3.90> <Core = "TAddSub">   --->   Core 83 'TAddSub' <Latency = 0> <II = 1> <Delay = 1.95> <IPBlock> <Opcode : 'add' 'sub'> <InPorts = 3> <OutPorts = 1> <Sync> <CReg>
ST_8 : Operation 136 [1/1] (3.90ns) (root node of TernaryAdder)   --->   "%acc_7_V = add i16 %add_ln703_135, %add_ln703_132" [firmware/nnet_utils/nnet_dense_latency.h:58]   --->   Operation 136 'add' 'acc_7_V' <Predicate = true> <Delay = 3.90> <Core = "TAddSub">   --->   Core 83 'TAddSub' <Latency = 0> <II = 1> <Delay = 1.95> <IPBlock> <Opcode : 'add' 'sub'> <InPorts = 3> <OutPorts = 1> <Sync> <CReg>
ST_8 : Operation 137 [1/1] (0.00ns)   --->   "%mrv = insertvalue { i16, i16, i16, i16, i16, i16, i16, i16 } undef, i16 %add_ln703_102, 0" [firmware/nnet_utils/nnet_dense_latency.h:68]   --->   Operation 137 'insertvalue' 'mrv' <Predicate = true> <Delay = 0.00>
ST_8 : Operation 138 [1/1] (0.00ns)   --->   "%mrv_1 = insertvalue { i16, i16, i16, i16, i16, i16, i16, i16 } %mrv, i16 %acc_1_V, 1" [firmware/nnet_utils/nnet_dense_latency.h:68]   --->   Operation 138 'insertvalue' 'mrv_1' <Predicate = true> <Delay = 0.00>
ST_8 : Operation 139 [1/1] (0.00ns)   --->   "%mrv_2 = insertvalue { i16, i16, i16, i16, i16, i16, i16, i16 } %mrv_1, i16 %acc_2_V, 2" [firmware/nnet_utils/nnet_dense_latency.h:68]   --->   Operation 139 'insertvalue' 'mrv_2' <Predicate = true> <Delay = 0.00>
ST_8 : Operation 140 [1/1] (0.00ns)   --->   "%mrv_3 = insertvalue { i16, i16, i16, i16, i16, i16, i16, i16 } %mrv_2, i16 %acc_3_V, 3" [firmware/nnet_utils/nnet_dense_latency.h:68]   --->   Operation 140 'insertvalue' 'mrv_3' <Predicate = true> <Delay = 0.00>
ST_8 : Operation 141 [1/1] (0.00ns)   --->   "%mrv_4 = insertvalue { i16, i16, i16, i16, i16, i16, i16, i16 } %mrv_3, i16 %acc_4_V, 4" [firmware/nnet_utils/nnet_dense_latency.h:68]   --->   Operation 141 'insertvalue' 'mrv_4' <Predicate = true> <Delay = 0.00>
ST_8 : Operation 142 [1/1] (0.00ns)   --->   "%mrv_5 = insertvalue { i16, i16, i16, i16, i16, i16, i16, i16 } %mrv_4, i16 %acc_5_V, 5" [firmware/nnet_utils/nnet_dense_latency.h:68]   --->   Operation 142 'insertvalue' 'mrv_5' <Predicate = true> <Delay = 0.00>
ST_8 : Operation 143 [1/1] (0.00ns)   --->   "%mrv_6 = insertvalue { i16, i16, i16, i16, i16, i16, i16, i16 } %mrv_5, i16 %acc_6_V, 6" [firmware/nnet_utils/nnet_dense_latency.h:68]   --->   Operation 143 'insertvalue' 'mrv_6' <Predicate = true> <Delay = 0.00>
ST_8 : Operation 144 [1/1] (0.00ns)   --->   "%mrv_7 = insertvalue { i16, i16, i16, i16, i16, i16, i16, i16 } %mrv_6, i16 %acc_7_V, 7" [firmware/nnet_utils/nnet_dense_latency.h:68]   --->   Operation 144 'insertvalue' 'mrv_7' <Predicate = true> <Delay = 0.00>
ST_8 : Operation 145 [1/1] (0.00ns)   --->   "ret { i16, i16, i16, i16, i16, i16, i16, i16 } %mrv_7" [firmware/nnet_utils/nnet_dense_latency.h:68]   --->   Operation 145 'ret' <Predicate = true> <Delay = 0.00>


============================================================
+ Verbose Summary: Timing violations
============================================================
Target clock period: 25ns, clock uncertainty: 3.12ns.

 <State 1>: 5.58ns
The critical path consists of the following:
	wire read on port 'data_0_V_read' (firmware/nnet_utils/nnet_dense_latency.h:13) [18]  (0 ns)
	'mul' operation ('mul_ln1118', firmware/nnet_utils/nnet_mult.h:73->firmware/nnet_utils/nnet_dense_latency.h:42) [22]  (5.58 ns)

 <State 2>: 7.66ns
The critical path consists of the following:
	wire read on port 'data_1_V_read' (firmware/nnet_utils/nnet_dense_latency.h:13) [17]  (0 ns)
	'mul' operation ('mul_ln1118_120', firmware/nnet_utils/nnet_mult.h:73->firmware/nnet_utils/nnet_dense_latency.h:42) [33]  (5.58 ns)
	'add' operation ('add_ln703_112', firmware/nnet_utils/nnet_dense_latency.h:58) [113]  (2.08 ns)

 <State 3>: 9.48ns
The critical path consists of the following:
	wire read on port 'data_4_V_read' (firmware/nnet_utils/nnet_dense_latency.h:13) [14]  (0 ns)
	'mul' operation ('mul_ln1118_129', firmware/nnet_utils/nnet_mult.h:73->firmware/nnet_utils/nnet_dense_latency.h:42) [54]  (5.58 ns)
	'add' operation ('add_ln703_113', firmware/nnet_utils/nnet_dense_latency.h:58) [114]  (0 ns)
	'add' operation ('add_ln703_114', firmware/nnet_utils/nnet_dense_latency.h:58) [115]  (3.9 ns)

 <State 4>: 7.66ns
The critical path consists of the following:
	'mul' operation ('mul_ln1118_130', firmware/nnet_utils/nnet_mult.h:73->firmware/nnet_utils/nnet_dense_latency.h:42) [56]  (5.58 ns)
	'add' operation ('add_ln703_131', firmware/nnet_utils/nnet_dense_latency.h:58) [132]  (2.08 ns)

 <State 5>: 5.58ns
The critical path consists of the following:
	wire read on port 'data_6_V_read' (firmware/nnet_utils/nnet_dense_latency.h:13) [12]  (0 ns)
	'mul' operation ('mul_ln1118_135', firmware/nnet_utils/nnet_mult.h:73->firmware/nnet_utils/nnet_dense_latency.h:42) [68]  (5.58 ns)

 <State 6>: 15.5ns
The critical path consists of the following:
	wire read on port 'data_8_V_read' (firmware/nnet_utils/nnet_dense_latency.h:13) [10]  (0 ns)
	'mul' operation ('mul_ln1118_144', firmware/nnet_utils/nnet_mult.h:73->firmware/nnet_utils/nnet_dense_latency.h:42) [88]  (5.58 ns)
	'add' operation ('add_ln703_106', firmware/nnet_utils/nnet_dense_latency.h:58) [107]  (2.08 ns)
	'add' operation ('add_ln703_107', firmware/nnet_utils/nnet_dense_latency.h:58) [108]  (3.9 ns)
	'add' operation ('acc[1].V', firmware/nnet_utils/nnet_dense_latency.h:58) [109]  (3.9 ns)

 <State 7>: 17.3ns
The critical path consists of the following:
	'mul' operation ('mul_ln1118_146', firmware/nnet_utils/nnet_mult.h:73->firmware/nnet_utils/nnet_dense_latency.h:42) [92]  (5.58 ns)
	'add' operation ('add_ln703_117', firmware/nnet_utils/nnet_dense_latency.h:58) [118]  (0 ns)
	'add' operation ('add_ln703_118', firmware/nnet_utils/nnet_dense_latency.h:58) [119]  (3.9 ns)
	'add' operation ('add_ln703_119', firmware/nnet_utils/nnet_dense_latency.h:58) [120]  (3.9 ns)
	'add' operation ('acc[3].V', firmware/nnet_utils/nnet_dense_latency.h:58) [121]  (3.9 ns)

 <State 8>: 15.5ns
The critical path consists of the following:
	'mul' operation ('mul_ln1118_150', firmware/nnet_utils/nnet_mult.h:73->firmware/nnet_utils/nnet_dense_latency.h:42) [100]  (5.58 ns)
	'add' operation ('add_ln703_134', firmware/nnet_utils/nnet_dense_latency.h:58) [135]  (2.08 ns)
	'add' operation ('add_ln703_135', firmware/nnet_utils/nnet_dense_latency.h:58) [136]  (3.9 ns)
	'add' operation ('acc[7].V', firmware/nnet_utils/nnet_dense_latency.h:58) [137]  (3.9 ns)


============================================================
+ Verbose Summary: Binding
============================================================
N/A
* FSMD analyzer results:
  - Output states:
 - Input state : 
  - Chain level:
	State 1
	State 2
	State 3
	State 4
	State 5
	State 6
	State 7
	State 8


============================================================
+ Verbose Summary: Datapath Resource usage 
============================================================
N/A
