

================================================================
== Vivado HLS Report for 'dense_wrapper_ap_fixed_16_6_5_3_0_ap_fixed_16_6_5_3_0_config9_s'
================================================================
* Date:           Sun Dec 10 17:37:25 2023

* Version:        2020.1 (Build 2897737 on Wed May 27 20:21:37 MDT 2020)
* Project:        myproject_prj
* Solution:       solution1
* Product family: zynq
* Target device:  xc7z020-clg400-1


================================================================
== Performance Estimates
================================================================
+ Timing: 
    * Summary: 
    +--------+----------+----------+------------+
    |  Clock |  Target  | Estimated| Uncertainty|
    +--------+----------+----------+------------+
    |ap_clk  | 10.00 ns | 8.324 ns |   1.25 ns  |
    +--------+----------+----------+------------+

+ Latency: 
    * Summary: 
    +---------+---------+----------+----------+-----+-----+----------+
    |  Latency (cycles) |  Latency (absolute) |  Interval | Pipeline |
    |   min   |   max   |    min   |    max   | min | max |   Type   |
    +---------+---------+----------+----------+-----+-----+----------+
    |       60|       60| 0.600 us | 0.600 us |   61|   61| function |
    +---------+---------+----------+----------+-----+-----+----------+

    + Detail: 
        * Instance: 
        N/A

        * Loop: 
        N/A



================================================================
== Utilization Estimates
================================================================
* Summary: 
+-----------------+---------+-------+--------+-------+-----+
|       Name      | BRAM_18K| DSP48E|   FF   |  LUT  | URAM|
+-----------------+---------+-------+--------+-------+-----+
|DSP              |        -|      -|       -|      -|    -|
|Expression       |        -|      5|       0|   5702|    -|
|FIFO             |        -|      -|       -|      -|    -|
|Instance         |        -|      -|       -|      -|    -|
|Memory           |        -|      -|       -|      -|    -|
|Multiplexer      |        -|      -|       -|   2667|    -|
|Register         |        -|      -|    5105|      -|    -|
+-----------------+---------+-------+--------+-------+-----+
|Total            |        0|      5|    5105|   8369|    0|
+-----------------+---------+-------+--------+-------+-----+
|Available        |      280|    220|  106400|  53200|    0|
+-----------------+---------+-------+--------+-------+-----+
|Utilization (%)  |        0|      2|       4|     15|    0|
+-----------------+---------+-------+--------+-------+-----+

+ Detail: 
    * Instance: 
    N/A

    * DSP48E: 
    N/A

    * Memory: 
    N/A

    * FIFO: 
    N/A

    * Expression: 
    +--------------------------+----------+-------+---+----+------------+------------+
    |       Variable Name      | Operation| DSP48E| FF| LUT| Bitwidth P0| Bitwidth P1|
    +--------------------------+----------+-------+---+----+------------+------------+
    |grp_fu_974_p2             |     *    |      1|  0|   6|          14|          16|
    |grp_fu_975_p2             |     *    |      1|  0|   6|          14|          16|
    |grp_fu_976_p2             |     *    |      1|  0|   6|          14|          16|
    |grp_fu_977_p2             |     *    |      1|  0|   6|          14|          16|
    |grp_fu_978_p2             |     *    |      1|  0|   6|          14|          16|
    |add_ln1118_1_fu_4432_p2   |     +    |      0|  0|  32|          25|          25|
    |add_ln1118_2_fu_4611_p2   |     +    |      0|  0|  31|          24|          24|
    |add_ln1118_3_fu_4956_p2   |     +    |      0|  0|  30|          23|          23|
    |add_ln1118_fu_4404_p2     |     +    |      0|  0|  30|          23|          23|
    |add_ln703_100_fu_4560_p2  |     +    |      0|  0|  23|          16|          16|
    |add_ln703_101_fu_4641_p2  |     +    |      0|  0|  16|          16|          16|
    |add_ln703_102_fu_6524_p2  |     +    |      0|  0|  16|          16|          16|
    |add_ln703_103_fu_6649_p2  |     +    |      0|  0|  23|          16|          16|
    |add_ln703_104_fu_6702_p2  |     +    |      0|  0|  23|          16|          16|
    |add_ln703_105_fu_6774_p2  |     +    |      0|  0|  16|          16|          16|
    |add_ln703_106_fu_5033_p2  |     +    |      0|  0|  16|          16|          16|
    |add_ln703_107_fu_5018_p2  |     +    |      0|  0|  23|          16|          16|
    |add_ln703_108_fu_5039_p2  |     +    |      0|  0|  16|          16|          16|
    |add_ln703_109_fu_6778_p2  |     +    |      0|  0|  16|          16|          16|
    |add_ln703_10_fu_5239_p2   |     +    |      0|  0|  16|          16|          16|
    |add_ln703_110_fu_6783_p2  |     +    |      0|  0|  16|          16|          16|
    |add_ln703_111_fu_5530_p2  |     +    |      0|  0|  16|          16|          16|
    |add_ln703_113_fu_5536_p2  |     +    |      0|  0|  16|          16|          16|
    |add_ln703_114_fu_5997_p2  |     +    |      0|  0|  16|          16|          16|
    |add_ln703_115_fu_5929_p2  |     +    |      0|  0|  23|          16|          16|
    |add_ln703_116_fu_6003_p2  |     +    |      0|  0|  16|          16|          16|
    |add_ln703_117_fu_6271_p2  |     +    |      0|  0|  16|          16|          16|
    |add_ln703_119_fu_4723_p2  |     +    |      0|  0|  23|          16|          16|
    |add_ln703_120_fu_6275_p2  |     +    |      0|  0|  16|          16|          16|
    |add_ln703_121_fu_5178_p2  |     +    |      0|  0|  21|          15|          15|
    |add_ln703_122_fu_5862_p2  |     +    |      0|  0|  21|           9|          15|
    |add_ln703_123_fu_5872_p2  |     +    |      0|  0|  16|          16|          16|
    |add_ln703_124_fu_5878_p2  |     +    |      0|  0|  16|          16|          16|
    |add_ln703_125_fu_6280_p2  |     +    |      0|  0|  16|          16|          16|
    |add_ln703_126_fu_6285_p2  |     +    |      0|  0|  16|          16|          16|
    |add_ln703_127_fu_6788_p2  |     +    |      0|  0|  16|          16|          16|
    |add_ln703_12_fu_5245_p2   |     +    |      0|  0|  16|          16|          16|
    |add_ln703_130_fu_6569_p2  |     +    |      0|  0|  16|          16|          16|
    |add_ln703_132_fu_4452_p2  |     +    |      0|  0|  23|          16|          16|
    |add_ln703_133_fu_4527_p2  |     +    |      0|  0|  16|          16|          16|
    |add_ln703_134_fu_6575_p2  |     +    |      0|  0|  16|          16|          16|
    |add_ln703_137_fu_6661_p2  |     +    |      0|  0|  16|          16|          16|
    |add_ln703_138_fu_4890_p2  |     +    |      0|  0|  16|          16|          16|
    |add_ln703_13_fu_6862_p2   |     +    |      0|  0|  16|          16|          16|
    |add_ln703_140_fu_4896_p2  |     +    |      0|  0|  16|          16|          16|
    |add_ln703_141_fu_6667_p2  |     +    |      0|  0|  16|          16|          16|
    |add_ln703_142_fu_6672_p2  |     +    |      0|  0|  16|          16|          16|
    |add_ln703_143_fu_5218_p2  |     +    |      0|  0|  16|          16|          16|
    |add_ln703_144_fu_5184_p2  |     +    |      0|  0|  23|          16|          16|
    |add_ln703_145_fu_5224_p2  |     +    |      0|  0|  16|          16|          16|
    |add_ln703_146_fu_5428_p2  |     +    |      0|  0|  16|          16|          16|
    |add_ln703_147_fu_5386_p2  |     +    |      0|  0|  23|          16|          16|
    |add_ln703_148_fu_5434_p2  |     +    |      0|  0|  16|          16|          16|
    |add_ln703_149_fu_6372_p2  |     +    |      0|  0|  16|          16|          16|
    |add_ln703_14_fu_6867_p2   |     +    |      0|  0|  16|          16|          16|
    |add_ln703_151_fu_6034_p2  |     +    |      0|  0|  23|          16|          16|
    |add_ln703_152_fu_6291_p2  |     +    |      0|  0|  16|          16|          16|
    |add_ln703_153_fu_6184_p2  |     +    |      0|  0|  21|          15|          15|
    |add_ln703_154_fu_5935_p2  |     +    |      0|  0|  12|          10|          12|
    |add_ln703_155_fu_5945_p2  |     +    |      0|  0|  17|          13|          13|
    |add_ln703_156_fu_6302_p2  |     +    |      0|  0|  23|          16|          16|
    |add_ln703_157_fu_6308_p2  |     +    |      0|  0|  16|          16|          16|
    |add_ln703_158_fu_6376_p2  |     +    |      0|  0|  16|          16|          16|
    |add_ln703_159_fu_6677_p2  |     +    |      0|  0|  16|          16|          16|
    |add_ln703_15_fu_5498_p2   |     +    |      0|  0|  16|          16|          16|
    |add_ln703_160_fu_6461_p2  |     +    |      0|  0|  23|          16|          16|
    |add_ln703_162_fu_6633_p2  |     +    |      0|  0|  16|          16|          16|
    |add_ln703_163_fu_4779_p2  |     +    |      0|  0|  16|          16|          16|
    |add_ln703_165_fu_4785_p2  |     +    |      0|  0|  16|          16|          16|
    |add_ln703_166_fu_6638_p2  |     +    |      0|  0|  16|          16|          16|
    |add_ln703_167_fu_6793_p2  |     +    |      0|  0|  23|          16|          16|
    |add_ln703_168_fu_6811_p2  |     +    |      0|  0|  23|          16|          16|
    |add_ln703_169_fu_6877_p2  |     +    |      0|  0|  16|          16|          16|
    |add_ln703_170_fu_5333_p2  |     +    |      0|  0|  16|          16|          16|
    |add_ln703_172_fu_5339_p2  |     +    |      0|  0|  16|          16|          16|
    |add_ln703_173_fu_6881_p2  |     +    |      0|  0|  16|          16|          16|
    |add_ln703_174_fu_6886_p2  |     +    |      0|  0|  16|          16|          16|
    |add_ln703_175_fu_5558_p2  |     +    |      0|  0|  16|          16|          16|
    |add_ln703_177_fu_5563_p2  |     +    |      0|  0|  16|          16|          16|
    |add_ln703_178_fu_6008_p2  |     +    |      0|  0|  16|          16|          16|
    |add_ln703_179_fu_5951_p2  |     +    |      0|  0|  23|          16|          16|
    |add_ln703_17_fu_5504_p2   |     +    |      0|  0|  16|          16|          16|
    |add_ln703_180_fu_6014_p2  |     +    |      0|  0|  16|          16|          16|
    |add_ln703_181_fu_6314_p2  |     +    |      0|  0|  16|          16|          16|
    |add_ln703_183_fu_4332_p2  |     +    |      0|  0|  23|          16|          16|
    |add_ln703_184_fu_6318_p2  |     +    |      0|  0|  16|          16|          16|
    |add_ln703_185_fu_5294_p2  |     +    |      0|  0|  16|          16|          16|
    |add_ln703_186_fu_5300_p2  |     +    |      0|  0|  15|           6|           9|
    |add_ln703_187_fu_5310_p2  |     +    |      0|  0|  19|          14|          14|
    |add_ln703_188_fu_5320_p2  |     +    |      0|  0|  16|          16|          16|
    |add_ln703_189_fu_6323_p2  |     +    |      0|  0|  16|          16|          16|
    |add_ln703_18_fu_6023_p2   |     +    |      0|  0|  16|          16|          16|
    |add_ln703_190_fu_6328_p2  |     +    |      0|  0|  16|          16|          16|
    |add_ln703_191_fu_6891_p2  |     +    |      0|  0|  16|          16|          16|
    |add_ln703_194_fu_6586_p2  |     +    |      0|  0|  16|          16|          16|
    |add_ln703_195_fu_4646_p2  |     +    |      0|  0|  16|          16|          16|
    |add_ln703_197_fu_4652_p2  |     +    |      0|  0|  16|          16|          16|
    |add_ln703_198_fu_6592_p2  |     +    |      0|  0|  16|          16|          16|
    |add_ln703_19_fu_5992_p2   |     +    |      0|  0|  23|          16|          16|
    |add_ln703_200_fu_6799_p2  |     +    |      0|  0|  23|          16|          16|
    |add_ln703_201_fu_6817_p2  |     +    |      0|  0|  16|          16|          16|
    |add_ln703_202_fu_5126_p2  |     +    |      0|  0|  16|          16|          16|
    |add_ln703_203_fu_5044_p2  |     +    |      0|  0|  23|          16|          16|
    |add_ln703_204_fu_5132_p2  |     +    |      0|  0|  16|          16|          16|
    |add_ln703_205_fu_6822_p2  |     +    |      0|  0|  16|          16|          16|
    |add_ln703_206_fu_6827_p2  |     +    |      0|  0|  16|          16|          16|
    |add_ln703_207_fu_5345_p2  |     +    |      0|  0|  16|          16|          16|
    |add_ln703_209_fu_5351_p2  |     +    |      0|  0|  16|          16|          16|
    |add_ln703_20_fu_6029_p2   |     +    |      0|  0|  16|          16|          16|
    |add_ln703_210_fu_5569_p2  |     +    |      0|  0|  16|          16|          16|
    |add_ln703_212_fu_5575_p2  |     +    |      0|  0|  16|          16|          16|
    |add_ln703_213_fu_6334_p2  |     +    |      0|  0|  16|          16|          16|
    |add_ln703_214_fu_5957_p2  |     +    |      0|  0|  23|          16|          16|
    |add_ln703_216_fu_6338_p2  |     +    |      0|  0|  16|          16|          16|
    |add_ln703_217_fu_5750_p2  |     +    |      0|  0|  16|          16|          16|
    |add_ln703_218_fu_4658_p2  |     +    |      0|  0|  19|           6|          14|
    |add_ln703_219_fu_4668_p2  |     +    |      0|  0|  21|          15|          15|
    |add_ln703_21_fu_6129_p2   |     +    |      0|  0|  16|          16|          16|
    |add_ln703_220_fu_5759_p2  |     +    |      0|  0|  16|          16|          16|
    |add_ln703_221_fu_6343_p2  |     +    |      0|  0|  16|          16|          16|
    |add_ln703_222_fu_6348_p2  |     +    |      0|  0|  16|          16|          16|
    |add_ln703_223_fu_6832_p2  |     +    |      0|  0|  16|          16|          16|
    |add_ln703_224_fu_6467_p2  |     +    |      0|  0|  23|          16|          16|
    |add_ln703_226_fu_6597_p2  |     +    |      0|  0|  16|          16|          16|
    |add_ln703_227_fu_4729_p2  |     +    |      0|  0|  16|          16|          16|
    |add_ln703_229_fu_4735_p2  |     +    |      0|  0|  16|          16|          16|
    |add_ln703_22_fu_6064_p2   |     +    |      0|  0|  23|          16|          16|
    |add_ln703_230_fu_6602_p2  |     +    |      0|  0|  16|          16|          16|
    |add_ln703_231_fu_6708_p2  |     +    |      0|  0|  23|          16|          16|
    |add_ln703_233_fu_6896_p2  |     +    |      0|  0|  16|          16|          16|
    |add_ln703_236_fu_5229_p2  |     +    |      0|  0|  16|          16|          16|
    |add_ln703_237_fu_6901_p2  |     +    |      0|  0|  16|          16|          16|
    |add_ln703_238_fu_6906_p2  |     +    |      0|  0|  16|          16|          16|
    |add_ln703_239_fu_5439_p2  |     +    |      0|  0|  16|          16|          16|
    |add_ln703_23_fu_4804_p2   |     +    |      0|  0|  23|          16|          16|
    |add_ln703_240_fu_5392_p2  |     +    |      0|  0|  23|          16|          16|
    |add_ln703_241_fu_5445_p2  |     +    |      0|  0|  16|          16|          16|
    |add_ln703_242_fu_5963_p2  |     +    |      0|  0|  16|          16|          16|
    |add_ln703_244_fu_5969_p2  |     +    |      0|  0|  16|          16|          16|
    |add_ln703_245_fu_6381_p2  |     +    |      0|  0|  16|          16|          16|
    |add_ln703_247_fu_4458_p2  |     +    |      0|  0|  23|          16|          16|
    |add_ln703_248_fu_6385_p2  |     +    |      0|  0|  16|          16|          16|
    |add_ln703_249_fu_6190_p2  |     +    |      0|  0|  16|          16|          16|
    |add_ln703_24_fu_6133_p2   |     +    |      0|  0|  16|          16|          16|
    |add_ln703_250_fu_6076_p2  |     +    |      0|  0|  21|          10|          15|
    |add_ln703_251_fu_6086_p2  |     +    |      0|  0|  23|          16|          16|
    |add_ln703_252_fu_6196_p2  |     +    |      0|  0|  16|          16|          16|
    |add_ln703_253_fu_6390_p2  |     +    |      0|  0|  16|          16|          16|
    |add_ln703_254_fu_6395_p2  |     +    |      0|  0|  16|          16|          16|
    |add_ln703_255_fu_6911_p2  |     +    |      0|  0|  16|          16|          16|
    |add_ln703_256_fu_6472_p2  |     +    |      0|  0|  23|          16|          16|
    |add_ln703_257_fu_6580_p2  |     +    |      0|  0|  23|          16|          16|
    |add_ln703_258_fu_6607_p2  |     +    |      0|  0|  16|          16|          16|
    |add_ln703_259_fu_4674_p2  |     +    |      0|  0|  16|          16|          16|
    |add_ln703_25_fu_5914_p2   |     +    |      0|  0|  16|          16|          16|
    |add_ln703_260_fu_4565_p2  |     +    |      0|  0|  23|          16|          16|
    |add_ln703_261_fu_4680_p2  |     +    |      0|  0|  16|          16|          16|
    |add_ln703_262_fu_6611_p2  |     +    |      0|  0|  16|          16|          16|
    |add_ln703_265_fu_6837_p2  |     +    |      0|  0|  16|          16|          16|
    |add_ln703_266_fu_5189_p2  |     +    |      0|  0|  16|          16|          16|
    |add_ln703_267_fu_5150_p2  |     +    |      0|  0|  23|          16|          16|
    |add_ln703_268_fu_5195_p2  |     +    |      0|  0|  16|          16|          16|
    |add_ln703_269_fu_6843_p2  |     +    |      0|  0|  16|          16|          16|
    |add_ln703_26_fu_5843_p2   |     +    |      0|  0|  19|           9|          14|
    |add_ln703_270_fu_6848_p2  |     +    |      0|  0|  16|          16|          16|
    |add_ln703_271_fu_5398_p2  |     +    |      0|  0|  16|          16|          16|
    |add_ln703_273_fu_5404_p2  |     +    |      0|  0|  16|          16|          16|
    |add_ln703_276_fu_5633_p2  |     +    |      0|  0|  16|          16|          16|
    |add_ln703_277_fu_6452_p2  |     +    |      0|  0|  16|          16|          16|
    |add_ln703_278_fu_5884_p2  |     +    |      0|  0|  23|          16|          16|
    |add_ln703_27_fu_5853_p2   |     +    |      0|  0|  21|          15|          15|
    |add_ln703_280_fu_6401_p2  |     +    |      0|  0|  16|          16|          16|
    |add_ln703_281_fu_6406_p2  |     +    |      0|  0|  16|          16|          16|
    |add_ln703_282_fu_4902_p2  |     +    |      0|  0|  21|           7|          15|
    |add_ln703_283_fu_4912_p2  |     +    |      0|  0|  23|          16|          16|
    |add_ln703_284_fu_6412_p2  |     +    |      0|  0|  16|          16|          16|
    |add_ln703_285_fu_6417_p2  |     +    |      0|  0|  16|          16|          16|
    |add_ln703_286_fu_6456_p2  |     +    |      0|  0|  16|          16|          16|
    |add_ln703_287_fu_6853_p2  |     +    |      0|  0|  16|          16|          16|
    |add_ln703_28_fu_5923_p2   |     +    |      0|  0|  16|          16|          16|
    |add_ln703_290_fu_6616_p2  |     +    |      0|  0|  16|          16|          16|
    |add_ln703_291_fu_4741_p2  |     +    |      0|  0|  16|          16|          16|
    |add_ln703_293_fu_4747_p2  |     +    |      0|  0|  16|          16|          16|
    |add_ln703_294_fu_6622_p2  |     +    |      0|  0|  16|          16|          16|
    |add_ln703_297_fu_6916_p2  |     +    |      0|  0|  16|          16|          16|
    |add_ln703_298_fu_5200_p2  |     +    |      0|  0|  16|          16|          16|
    |add_ln703_299_fu_5156_p2  |     +    |      0|  0|  23|          16|          16|
    |add_ln703_29_fu_6137_p2   |     +    |      0|  0|  16|          16|          16|
    |add_ln703_2_fu_6537_p2    |     +    |      0|  0|  16|          16|          16|
    |add_ln703_300_fu_5206_p2  |     +    |      0|  0|  16|          16|          16|
    |add_ln703_301_fu_6922_p2  |     +    |      0|  0|  16|          16|          16|
    |add_ln703_302_fu_6927_p2  |     +    |      0|  0|  16|          16|          16|
    |add_ln703_303_fu_5410_p2  |     +    |      0|  0|  16|          16|          16|
    |add_ln703_304_fu_5368_p2  |     +    |      0|  0|  23|          16|          16|
    |add_ln703_305_fu_5416_p2  |     +    |      0|  0|  16|          16|          16|
    |add_ln703_306_fu_5975_p2  |     +    |      0|  0|  16|          16|          16|
    |add_ln703_307_fu_5890_p2  |     +    |      0|  0|  23|          16|          16|
    |add_ln703_308_fu_5981_p2  |     +    |      0|  0|  16|          16|          16|
    |add_ln703_309_fu_6423_p2  |     +    |      0|  0|  16|          16|          16|
    |add_ln703_30_fu_6142_p2   |     +    |      0|  0|  16|          16|          16|
    |add_ln703_310_fu_6092_p2  |     +    |      0|  0|  23|          16|          16|
    |add_ln703_311_fu_6354_p2  |     +    |      0|  0|  23|          16|          16|
    |add_ln703_312_fu_6427_p2  |     +    |      0|  0|  16|          16|          16|
    |add_ln703_313_fu_5805_p2  |     +    |      0|  0|  16|          15|          15|
    |add_ln703_314_fu_5765_p2  |     +    |      0|  0|  16|          12|          12|
    |add_ln703_315_fu_5771_p2  |     +    |      0|  0|  16|          11|          12|
    |add_ln703_316_fu_5814_p2  |     +    |      0|  0|  16|          15|          15|
    |add_ln703_317_fu_6434_p2  |     +    |      0|  0|  16|          16|          16|
    |add_ln703_318_fu_6440_p2  |     +    |      0|  0|  16|          16|          16|
    |add_ln703_319_fu_6932_p2  |     +    |      0|  0|  16|          16|          16|
    |add_ln703_31_fu_6872_p2   |     +    |      0|  0|  16|          16|          16|
    |add_ln703_34_fu_6548_p2   |     +    |      0|  0|  16|          16|          16|
    |add_ln703_35_fu_4543_p2   |     +    |      0|  0|  16|          16|          16|
    |add_ln703_36_fu_4521_p2   |     +    |      0|  0|  23|          16|          16|
    |add_ln703_37_fu_4549_p2   |     +    |      0|  0|  16|          16|          16|
    |add_ln703_38_fu_6553_p2   |     +    |      0|  0|  16|          16|          16|
    |add_ln703_39_fu_6627_p2   |     +    |      0|  0|  23|          16|          16|
    |add_ln703_3_fu_4532_p2    |     +    |      0|  0|  16|          16|          16|
    |add_ln703_41_fu_6754_p2   |     +    |      0|  0|  16|          16|          16|
    |add_ln703_43_fu_5144_p2   |     +    |      0|  0|  23|          16|          16|
    |add_ln703_44_fu_5173_p2   |     +    |      0|  0|  16|          16|          16|
    |add_ln703_45_fu_6759_p2   |     +    |      0|  0|  16|          16|          16|
    |add_ln703_46_fu_6764_p2   |     +    |      0|  0|  16|          16|          16|
    |add_ln703_47_fu_5374_p2   |     +    |      0|  0|  16|          16|          16|
    |add_ln703_49_fu_5380_p2   |     +    |      0|  0|  16|          16|          16|
    |add_ln703_4_fu_4515_p2    |     +    |      0|  0|  23|          16|          16|
    |add_ln703_50_fu_5788_p2   |     +    |      0|  0|  16|          16|          16|
    |add_ln703_51_fu_5744_p2   |     +    |      0|  0|  23|          16|          16|
    |add_ln703_52_fu_5794_p2   |     +    |      0|  0|  16|          16|          16|
    |add_ln703_53_fu_6148_p2   |     +    |      0|  0|  16|          16|          16|
    |add_ln703_55_fu_6070_p2   |     +    |      0|  0|  23|          16|          16|
    |add_ln703_56_fu_6152_p2   |     +    |      0|  0|  16|          16|          16|
    |add_ln703_57_fu_5622_p2   |     +    |      0|  0|  16|          16|          16|
    |add_ln703_58_fu_5594_p2   |     +    |      0|  0|  17|           9|          13|
    |add_ln703_59_fu_5604_p2   |     +    |      0|  0|  23|          16|          16|
    |add_ln703_5_fu_4538_p2    |     +    |      0|  0|  16|          16|          16|
    |add_ln703_60_fu_5628_p2   |     +    |      0|  0|  16|          16|          16|
    |add_ln703_61_fu_6157_p2   |     +    |      0|  0|  16|          16|          16|
    |add_ln703_62_fu_6162_p2   |     +    |      0|  0|  16|          16|          16|
    |add_ln703_63_fu_6769_p2   |     +    |      0|  0|  16|          16|          16|
    |add_ln703_66_fu_6558_p2   |     +    |      0|  0|  16|          16|          16|
    |add_ln703_69_fu_4554_p2   |     +    |      0|  0|  16|          16|          16|
    |add_ln703_6_fu_6543_p2    |     +    |      0|  0|  16|          16|          16|
    |add_ln703_70_fu_6564_p2   |     +    |      0|  0|  16|          16|          16|
    |add_ln703_71_fu_6643_p2   |     +    |      0|  0|  23|          16|          16|
    |add_ln703_73_fu_6682_p2   |     +    |      0|  0|  16|          16|          16|
    |add_ln703_76_fu_4918_p2   |     +    |      0|  0|  16|          16|          16|
    |add_ln703_77_fu_6687_p2   |     +    |      0|  0|  16|          16|          16|
    |add_ln703_78_fu_6692_p2   |     +    |      0|  0|  16|          16|          16|
    |add_ln703_79_fu_5251_p2   |     +    |      0|  0|  16|          16|          16|
    |add_ln703_7_fu_6655_p2    |     +    |      0|  0|  23|          16|          16|
    |add_ln703_81_fu_5257_p2   |     +    |      0|  0|  16|          16|          16|
    |add_ln703_82_fu_5510_p2   |     +    |      0|  0|  16|          16|          16|
    |add_ln703_84_fu_5516_p2   |     +    |      0|  0|  16|          16|          16|
    |add_ln703_85_fu_6363_p2   |     +    |      0|  0|  16|          16|          16|
    |add_ln703_86_fu_5552_p2   |     +    |      0|  0|  23|          16|          16|
    |add_ln703_87_fu_5799_p2   |     +    |      0|  0|  23|          16|          16|
    |add_ln703_88_fu_6250_p2   |     +    |      0|  0|  16|          16|          16|
    |add_ln703_89_fu_6254_p2   |     +    |      0|  0|  16|          16|          16|
    |add_ln703_8_fu_6805_p2    |     +    |      0|  0|  23|          16|          16|
    |add_ln703_90_fu_6168_p2   |     +    |      0|  0|  21|          10|          15|
    |add_ln703_91_fu_6178_p2   |     +    |      0|  0|  23|          16|          16|
    |add_ln703_92_fu_6260_p2   |     +    |      0|  0|  16|          16|          16|
    |add_ln703_93_fu_6265_p2   |     +    |      0|  0|  16|          16|          16|
    |add_ln703_94_fu_6367_p2   |     +    |      0|  0|  16|          16|          16|
    |add_ln703_95_fu_6697_p2   |     +    |      0|  0|  16|          16|          16|
    |add_ln703_97_fu_6512_p2   |     +    |      0|  0|  23|          16|          16|
    |add_ln703_98_fu_6518_p2   |     +    |      0|  0|  16|          16|          16|
    |add_ln703_99_fu_4635_p2   |     +    |      0|  0|  16|          16|          16|
    |add_ln703_9_fu_6858_p2    |     +    |      0|  0|  16|          16|          16|
    |grp_fu_4022_p2            |     +    |      0|  0|  23|          16|          16|
    |grp_fu_4028_p2            |     +    |      0|  0|  16|          16|          16|
    |grp_fu_4034_p2            |     +    |      0|  0|  16|          16|          16|
    |grp_fu_4040_p2            |     +    |      0|  0|  23|          16|          16|
    |grp_fu_4046_p2            |     +    |      0|  0|  23|          16|          16|
    |grp_fu_4052_p2            |     +    |      0|  0|  23|          16|          16|
    |grp_fu_4058_p2            |     +    |      0|  0|  23|          16|          16|
    |grp_fu_4064_p2            |     +    |      0|  0|  23|          16|          16|
    |grp_fu_4070_p2            |     +    |      0|  0|  23|          16|          16|
    |grp_fu_4076_p2            |     +    |      0|  0|  23|          16|          16|
    |grp_fu_4082_p2            |     +    |      0|  0|  23|          16|          16|
    |grp_fu_4088_p2            |     +    |      0|  0|  16|          16|          16|
    |grp_fu_4094_p2            |     +    |      0|  0|  23|          16|          16|
    |grp_fu_4100_p2            |     +    |      0|  0|  23|          16|          16|
    |grp_fu_4106_p2            |     +    |      0|  0|  23|          16|          16|
    |grp_fu_4112_p2            |     +    |      0|  0|  23|          16|          16|
    |grp_fu_4118_p2            |     +    |      0|  0|  23|          16|          16|
    |grp_fu_4124_p2            |     +    |      0|  0|  23|          16|          16|
    |grp_fu_4130_p2            |     +    |      0|  0|  23|          16|          16|
    |grp_fu_4136_p2            |     +    |      0|  0|  23|          16|          16|
    |grp_fu_4142_p2            |     +    |      0|  0|  23|          16|          16|
    |grp_fu_4148_p2            |     +    |      0|  0|  23|          16|          16|
    |grp_fu_4154_p2            |     +    |      0|  0|  23|          16|          16|
    |grp_fu_4160_p2            |     +    |      0|  0|  23|          16|          16|
    |grp_fu_4166_p2            |     +    |      0|  0|  23|          16|          16|
    |grp_fu_4172_p2            |     +    |      0|  0|  23|          16|          16|
    |sub_ln1118_10_fu_5670_p2  |     -    |      0|  0|  16|          21|          21|
    |sub_ln1118_11_fu_4984_p2  |     -    |      0|  0|  16|           1|          26|
    |sub_ln1118_12_fu_5002_p2  |     -    |      0|  0|  16|          26|          26|
    |sub_ln1118_13_fu_5072_p2  |     -    |      0|  0|  33|          26|          26|
    |sub_ln1118_14_fu_5110_p2  |     -    |      0|  0|  31|          24|          24|
    |sub_ln1118_15_fu_5465_p2  |     -    |      0|  0|  16|           1|          21|
    |sub_ln1118_16_fu_5482_p2  |     -    |      0|  0|  16|          21|          21|
    |sub_ln1118_17_fu_5712_p2  |     -    |      0|  0|  33|          26|          26|
    |sub_ln1118_1_fu_6496_p2   |     -    |      0|  0|  33|           1|          26|
    |sub_ln1118_2_fu_4475_p2   |     -    |      0|  0|  16|           1|          26|
    |sub_ln1118_3_fu_4492_p2   |     -    |      0|  0|  16|          26|          26|
    |sub_ln1118_4_fu_4839_p2   |     -    |      0|  0|  31|          24|          24|
    |sub_ln1118_5_fu_4855_p2   |     -    |      0|  0|  16|           1|          24|
    |sub_ln1118_6_fu_4861_p2   |     -    |      0|  0|  16|          24|          24|
    |sub_ln1118_7_fu_6721_p2   |     -    |      0|  0|  16|           1|          26|
    |sub_ln1118_8_fu_6738_p2   |     -    |      0|  0|  16|          26|          26|
    |sub_ln1118_9_fu_5653_p2   |     -    |      0|  0|  16|           1|          21|
    |sub_ln1118_fu_6231_p2     |     -    |      0|  0|  33|          26|          26|
    +--------------------------+----------+-------+---+----+------------+------------+
    |Total                     |          |      5|  0|5702|        4946|        5166|
    +--------------------------+----------+-------+---+----+------------+------------+

    * Multiplexer: 
    +---------------+-----+-----------+-----+-----------+
    |      Name     | LUT | Input Size| Bits| Total Bits|
    +---------------+-----+-----------+-----+-----------+
    |ap_NS_fsm      |  265|         62|    1|         62|
    |grp_fu_974_p0  |  253|         59|   14|        826|
    |grp_fu_974_p1  |  245|         57|   16|        912|
    |grp_fu_975_p0  |  249|         58|   14|        812|
    |grp_fu_975_p1  |  209|         48|   16|        768|
    |grp_fu_976_p0  |  253|         59|   14|        826|
    |grp_fu_976_p1  |  237|         55|   16|        880|
    |grp_fu_977_p0  |  257|         60|   14|        840|
    |grp_fu_977_p1  |  217|         50|   16|        800|
    |grp_fu_978_p0  |  257|         60|   14|        840|
    |grp_fu_978_p1  |  225|         52|   16|        832|
    +---------------+-----+-----------+-----+-----------+
    |Total          | 2667|        620|  151|       8398|
    +---------------+-----+-----------+-----+-----------+

    * Register: 
    +----------------------------+----+----+-----+-----------+
    |            Name            | FF | LUT| Bits| Const Bits|
    +----------------------------+----+----+-----+-----------+
    |add_ln703_100_reg_7171      |  16|   0|   16|          0|
    |add_ln703_101_reg_7210      |  16|   0|   16|          0|
    |add_ln703_102_reg_8062      |  16|   0|   16|          0|
    |add_ln703_103_reg_8139      |  16|   0|   16|          0|
    |add_ln703_104_reg_8159      |  16|   0|   16|          0|
    |add_ln703_107_reg_7385      |  16|   0|   16|          0|
    |add_ln703_108_reg_7411      |  16|   0|   16|          0|
    |add_ln703_113_reg_7670      |  16|   0|   16|          0|
    |add_ln703_115_reg_7827      |  16|   0|   16|          0|
    |add_ln703_116_reg_7876      |  16|   0|   16|          0|
    |add_ln703_119_reg_7258      |  16|   0|   16|          0|
    |add_ln703_121_reg_7470      |  15|   0|   15|          0|
    |add_ln703_124_reg_7807      |  16|   0|   16|          0|
    |add_ln703_126_reg_7974      |  16|   0|   16|          0|
    |add_ln703_127_reg_8174      |  16|   0|   16|          0|
    |add_ln703_12_reg_7513       |  16|   0|   16|          0|
    |add_ln703_132_reg_7117      |  16|   0|   16|          0|
    |add_ln703_133_reg_7151      |  16|   0|   16|          0|
    |add_ln703_134_reg_8094      |  16|   0|   16|          0|
    |add_ln703_140_reg_7352      |  16|   0|   16|          0|
    |add_ln703_144_reg_7475      |  16|   0|   16|          0|
    |add_ln703_145_reg_7503      |  16|   0|   16|          0|
    |add_ln703_147_reg_7596      |  16|   0|   16|          0|
    |add_ln703_148_reg_7631      |  16|   0|   16|          0|
    |add_ln703_151_reg_7891      |  16|   0|   16|          0|
    |add_ln703_153_reg_7945      |  15|   0|   15|          0|
    |add_ln703_155_reg_7832      |  13|   0|   13|          0|
    |add_ln703_157_reg_7979      |  16|   0|   16|          0|
    |add_ln703_158_reg_8004      |  16|   0|   16|          0|
    |add_ln703_159_reg_8149      |  16|   0|   16|          0|
    |add_ln703_160_reg_8038      |  16|   0|   16|          0|
    |add_ln703_165_reg_7305      |  16|   0|   16|          0|
    |add_ln703_166_reg_8129      |  16|   0|   16|          0|
    |add_ln703_167_reg_8179      |  16|   0|   16|          0|
    |add_ln703_168_reg_8194      |  16|   0|   16|          0|
    |add_ln703_172_reg_7557      |  16|   0|   16|          0|
    |add_ln703_177_reg_7687      |  16|   0|   16|          0|
    |add_ln703_179_reg_7837      |  16|   0|   16|          0|
    |add_ln703_17_reg_7651       |  16|   0|   16|          0|
    |add_ln703_180_reg_7881      |  16|   0|   16|          0|
    |add_ln703_183_reg_7062      |  16|   0|   16|          0|
    |add_ln703_188_reg_7538      |  16|   0|   16|          0|
    |add_ln703_190_reg_7984      |  16|   0|   16|          0|
    |add_ln703_197_reg_7215      |  16|   0|   16|          0|
    |add_ln703_198_reg_8104      |  16|   0|   16|          0|
    |add_ln703_19_reg_7871       |  16|   0|   16|          0|
    |add_ln703_200_reg_8184      |  16|   0|   16|          0|
    |add_ln703_203_reg_7416      |  16|   0|   16|          0|
    |add_ln703_204_reg_7431      |  16|   0|   16|          0|
    |add_ln703_209_reg_7562      |  16|   0|   16|          0|
    |add_ln703_20_reg_7886       |  16|   0|   16|          0|
    |add_ln703_212_reg_7692      |  16|   0|   16|          0|
    |add_ln703_214_reg_7842      |  16|   0|   16|          0|
    |add_ln703_219_reg_7220      |  15|   0|   15|          0|
    |add_ln703_220_reg_7759      |  16|   0|   16|          0|
    |add_ln703_222_reg_7989      |  16|   0|   16|          0|
    |add_ln703_223_reg_8199      |  16|   0|   16|          0|
    |add_ln703_224_reg_8043      |  16|   0|   16|          0|
    |add_ln703_229_reg_7263      |  16|   0|   16|          0|
    |add_ln703_22_reg_7910       |  16|   0|   16|          0|
    |add_ln703_230_reg_8109      |  16|   0|   16|          0|
    |add_ln703_231_reg_8164      |  16|   0|   16|          0|
    |add_ln703_236_reg_7508      |  16|   0|   16|          0|
    |add_ln703_23_reg_7321       |  16|   0|   16|          0|
    |add_ln703_240_reg_7601      |  16|   0|   16|          0|
    |add_ln703_241_reg_7636      |  16|   0|   16|          0|
    |add_ln703_244_reg_7847      |  16|   0|   16|          0|
    |add_ln703_247_reg_7122      |  16|   0|   16|          0|
    |add_ln703_251_reg_7920      |  16|   0|   16|          0|
    |add_ln703_252_reg_7950      |  16|   0|   16|          0|
    |add_ln703_254_reg_8009      |  16|   0|   16|          0|
    |add_ln703_256_reg_8048      |  16|   0|   16|          0|
    |add_ln703_257_reg_8099      |  16|   0|   16|          0|
    |add_ln703_260_reg_7176      |  16|   0|   16|          0|
    |add_ln703_261_reg_7225      |  16|   0|   16|          0|
    |add_ln703_262_reg_8114      |  16|   0|   16|          0|
    |add_ln703_267_reg_7455      |  16|   0|   16|          0|
    |add_ln703_268_reg_7480      |  16|   0|   16|          0|
    |add_ln703_273_reg_7606      |  16|   0|   16|          0|
    |add_ln703_276_reg_7730      |  16|   0|   16|          0|
    |add_ln703_278_reg_7812      |  16|   0|   16|          0|
    |add_ln703_27_reg_7802       |  15|   0|   15|          0|
    |add_ln703_283_reg_7357      |  16|   0|   16|          0|
    |add_ln703_285_reg_8014      |  16|   0|   16|          0|
    |add_ln703_286_reg_8033      |  16|   0|   16|          0|
    |add_ln703_287_reg_8204      |  16|   0|   16|          0|
    |add_ln703_28_reg_7822       |  16|   0|   16|          0|
    |add_ln703_293_reg_7268      |  16|   0|   16|          0|
    |add_ln703_294_reg_8119      |  16|   0|   16|          0|
    |add_ln703_299_reg_7460      |  16|   0|   16|          0|
    |add_ln703_300_reg_7485      |  16|   0|   16|          0|
    |add_ln703_304_reg_7581      |  16|   0|   16|          0|
    |add_ln703_305_reg_7611      |  16|   0|   16|          0|
    |add_ln703_307_reg_7817      |  16|   0|   16|          0|
    |add_ln703_308_reg_7852      |  16|   0|   16|          0|
    |add_ln703_30_reg_7930       |  16|   0|   16|          0|
    |add_ln703_310_reg_7925      |  16|   0|   16|          0|
    |add_ln703_311_reg_7994      |  16|   0|   16|          0|
    |add_ln703_315_reg_7764      |  12|   0|   12|          0|
    |add_ln703_316_reg_7784      |  15|   0|   15|          0|
    |add_ln703_318_reg_8019      |  16|   0|   16|          0|
    |add_ln703_33_reg_8074       |  16|   0|   16|          0|
    |add_ln703_36_reg_7146       |  16|   0|   16|          0|
    |add_ln703_37_reg_7161       |  16|   0|   16|          0|
    |add_ln703_38_reg_8084       |  16|   0|   16|          0|
    |add_ln703_39_reg_8124       |  16|   0|   16|          0|
    |add_ln703_43_reg_7450       |  16|   0|   16|          0|
    |add_ln703_44_reg_7465       |  16|   0|   16|          0|
    |add_ln703_49_reg_7591       |  16|   0|   16|          0|
    |add_ln703_4_reg_7141        |  16|   0|   16|          0|
    |add_ln703_51_reg_7754       |  16|   0|   16|          0|
    |add_ln703_52_reg_7774       |  16|   0|   16|          0|
    |add_ln703_55_reg_7915       |  16|   0|   16|          0|
    |add_ln703_59_reg_7709       |  16|   0|   16|          0|
    |add_ln703_5_reg_7156        |  16|   0|   16|          0|
    |add_ln703_60_reg_7725       |  16|   0|   16|          0|
    |add_ln703_62_reg_7935       |  16|   0|   16|          0|
    |add_ln703_63_reg_8169       |  16|   0|   16|          0|
    |add_ln703_69_reg_7166       |  16|   0|   16|          0|
    |add_ln703_6_reg_8079        |  16|   0|   16|          0|
    |add_ln703_70_reg_8089       |  16|   0|   16|          0|
    |add_ln703_71_reg_8134       |  16|   0|   16|          0|
    |add_ln703_76_reg_7362       |  16|   0|   16|          0|
    |add_ln703_7_reg_8144        |  16|   0|   16|          0|
    |add_ln703_81_reg_7518       |  16|   0|   16|          0|
    |add_ln703_84_reg_7656       |  16|   0|   16|          0|
    |add_ln703_86_reg_7682       |  16|   0|   16|          0|
    |add_ln703_87_reg_7779       |  16|   0|   16|          0|
    |add_ln703_8_reg_8189        |  16|   0|   16|          0|
    |add_ln703_91_reg_7940       |  16|   0|   16|          0|
    |add_ln703_93_reg_7969       |  16|   0|   16|          0|
    |add_ln703_94_reg_7999       |  16|   0|   16|          0|
    |add_ln703_95_reg_8154       |  16|   0|   16|          0|
    |ap_CS_fsm                   |  61|   0|   61|          0|
    |ap_port_reg_data_0_V_read   |  16|   0|   16|          0|
    |ap_port_reg_data_10_V_read  |  16|   0|   16|          0|
    |ap_port_reg_data_11_V_read  |  16|   0|   16|          0|
    |ap_port_reg_data_12_V_read  |  16|   0|   16|          0|
    |ap_port_reg_data_13_V_read  |  16|   0|   16|          0|
    |ap_port_reg_data_14_V_read  |  16|   0|   16|          0|
    |ap_port_reg_data_15_V_read  |  16|   0|   16|          0|
    |ap_port_reg_data_17_V_read  |  16|   0|   16|          0|
    |ap_port_reg_data_18_V_read  |  16|   0|   16|          0|
    |ap_port_reg_data_19_V_read  |  16|   0|   16|          0|
    |ap_port_reg_data_20_V_read  |  16|   0|   16|          0|
    |ap_port_reg_data_21_V_read  |  16|   0|   16|          0|
    |ap_port_reg_data_22_V_read  |  16|   0|   16|          0|
    |ap_port_reg_data_23_V_read  |  16|   0|   16|          0|
    |ap_port_reg_data_24_V_read  |  16|   0|   16|          0|
    |ap_port_reg_data_25_V_read  |  16|   0|   16|          0|
    |ap_port_reg_data_27_V_read  |  16|   0|   16|          0|
    |ap_port_reg_data_28_V_read  |  16|   0|   16|          0|
    |ap_port_reg_data_29_V_read  |  16|   0|   16|          0|
    |ap_port_reg_data_30_V_read  |  16|   0|   16|          0|
    |ap_port_reg_data_31_V_read  |  16|   0|   16|          0|
    |ap_port_reg_data_3_V_read   |  16|   0|   16|          0|
    |ap_port_reg_data_5_V_read   |  16|   0|   16|          0|
    |ap_port_reg_data_6_V_read   |  16|   0|   16|          0|
    |ap_port_reg_data_7_V_read   |  16|   0|   16|          0|
    |ap_port_reg_data_8_V_read   |  16|   0|   16|          0|
    |ap_port_reg_data_9_V_read   |  16|   0|   16|          0|
    |data_12_V_read_1_reg_7230   |  16|   0|   16|          0|
    |data_15_V_read_1_reg_7310   |  16|   0|   16|          0|
    |data_16_V_read_1_reg_6999   |  16|   0|   16|          0|
    |data_18_V_read_1_reg_7390   |  16|   0|   16|          0|
    |data_19_V_read_1_reg_7436   |  16|   0|   16|          0|
    |data_1_V_read_1_reg_7015    |  16|   0|   16|          0|
    |data_20_V_read_1_reg_7490   |  16|   0|   16|          0|
    |data_22_V_read_1_reg_7543   |  16|   0|   16|          0|
    |data_24_V_read_1_reg_7616   |  16|   0|   16|          0|
    |data_26_V_read_1_reg_6991   |  16|   0|   16|          0|
    |data_27_V_read_1_reg_7697   |  16|   0|   16|          0|
    |data_28_V_read_1_reg_7735   |  16|   0|   16|          0|
    |data_29_V_read_1_reg_7789   |  16|   0|   16|          0|
    |data_2_V_read_1_reg_7010    |  16|   0|   16|          0|
    |data_30_V_read_1_reg_7857   |  16|   0|   16|          0|
    |data_31_V_read_1_reg_7896   |  16|   0|   16|          0|
    |data_3_V_read_1_reg_7523    |  16|   0|   16|          0|
    |data_4_V_read_1_reg_7004    |  16|   0|   16|          0|
    |data_5_V_read_1_reg_7044    |  16|   0|   16|          0|
    |data_6_V_read_1_reg_7067    |  16|   0|   16|          0|
    |data_9_V_read_1_reg_7181    |  16|   0|   16|          0|
    |mult_179_V_reg_7380         |  16|   0|   16|          0|
    |mult_184_V_reg_7421         |  16|   0|   16|          0|
    |mult_235_V_reg_7586         |  16|   0|   16|          0|
    |mult_280_V_reg_7749         |  16|   0|   16|          0|
    |mult_73_V_reg_7107          |  16|   0|   16|          0|
    |mult_7_V_reg_7964           |  16|   0|   16|          0|
    |reg_3902                    |  15|   0|   15|          0|
    |reg_3906                    |  16|   0|   16|          0|
    |reg_3910                    |  13|   0|   13|          0|
    |reg_3914                    |  16|   0|   16|          0|
    |reg_3918                    |  16|   0|   16|          0|
    |reg_3922                    |  16|   0|   16|          0|
    |reg_3926                    |  16|   0|   16|          0|
    |reg_3930                    |  15|   0|   15|          0|
    |reg_3934                    |  16|   0|   16|          0|
    |reg_3938                    |  16|   0|   16|          0|
    |reg_3942                    |  16|   0|   16|          0|
    |reg_3946                    |  16|   0|   16|          0|
    |reg_3950                    |  16|   0|   16|          0|
    |reg_3954                    |  16|   0|   16|          0|
    |reg_3958                    |  16|   0|   16|          0|
    |reg_3962                    |  16|   0|   16|          0|
    |reg_3966                    |  16|   0|   16|          0|
    |reg_3970                    |  16|   0|   16|          0|
    |reg_3974                    |  16|   0|   16|          0|
    |reg_3978                    |  16|   0|   16|          0|
    |reg_3982                    |  16|   0|   16|          0|
    |reg_3986                    |  16|   0|   16|          0|
    |reg_3990                    |  16|   0|   16|          0|
    |reg_3994                    |  16|   0|   16|          0|
    |reg_3998                    |  16|   0|   16|          0|
    |reg_4002                    |  16|   0|   16|          0|
    |reg_4006                    |  15|   0|   15|          0|
    |reg_4010                    |  16|   0|   16|          0|
    |reg_4014                    |  14|   0|   14|          0|
    |reg_4018                    |  16|   0|   16|          0|
    |reg_4178                    |  16|   0|   16|          0|
    |reg_4182                    |  16|   0|   16|          0|
    |reg_4186                    |  16|   0|   16|          0|
    |reg_4190                    |  16|   0|   16|          0|
    |reg_4194                    |  16|   0|   16|          0|
    |reg_4198                    |  16|   0|   16|          0|
    |reg_4202                    |  16|   0|   16|          0|
    |reg_4206                    |  16|   0|   16|          0|
    |reg_4210                    |  16|   0|   16|          0|
    |reg_4214                    |  16|   0|   16|          0|
    |reg_4218                    |  16|   0|   16|          0|
    |reg_4222                    |  16|   0|   16|          0|
    |reg_4226                    |  16|   0|   16|          0|
    |reg_4230                    |  16|   0|   16|          0|
    |reg_4234                    |  16|   0|   16|          0|
    |reg_4238                    |  16|   0|   16|          0|
    |reg_4242                    |  16|   0|   16|          0|
    |reg_4246                    |  16|   0|   16|          0|
    |reg_4250                    |  16|   0|   16|          0|
    |reg_4254                    |  16|   0|   16|          0|
    |reg_4258                    |  16|   0|   16|          0|
    |reg_4262                    |  16|   0|   16|          0|
    |reg_4266                    |  16|   0|   16|          0|
    |sext_ln1118_10_reg_7025     |  26|   0|   26|          0|
    |sext_ln1118_12_reg_7054     |  26|   0|   26|          0|
    |sext_ln1118_13_reg_7073     |  26|   0|   26|          0|
    |sext_ln1118_17_reg_7087     |  26|   0|   26|          0|
    |sext_ln1118_18_reg_7092     |  25|   0|   25|          0|
    |sext_ln1118_23_reg_7132     |  26|   0|   26|          0|
    |sext_ln1118_25_reg_7187     |  26|   0|   26|          0|
    |sext_ln1118_28_reg_7201     |  26|   0|   26|          0|
    |sext_ln1118_32_reg_7239     |  26|   0|   26|          0|
    |sext_ln1118_35_reg_7273     |  26|   0|   26|          0|
    |sext_ln1118_39_reg_7282     |  26|   0|   26|          0|
    |sext_ln1118_3_reg_8024      |  26|   0|   26|          0|
    |sext_ln1118_40_reg_7291     |  26|   0|   26|          0|
    |sext_ln1118_41_reg_7326     |  26|   0|   26|          0|
    |sext_ln1118_42_reg_7315     |  25|   0|   25|          0|
    |sext_ln1118_44_reg_7343     |  26|   0|   26|          0|
    |sext_ln1118_45_reg_7367     |  26|   0|   26|          0|
    |sext_ln1118_50_reg_7398     |  26|   0|   26|          0|
    |sext_ln1118_55_reg_7441     |  26|   0|   26|          0|
    |sext_ln1118_57_reg_7495     |  26|   0|   26|          0|
    |sext_ln1118_58_reg_7529     |  26|   0|   26|          0|
    |sext_ln1118_5_reg_8053      |  26|   0|   26|          0|
    |sext_ln1118_60_reg_7548     |  26|   0|   26|          0|
    |sext_ln1118_61_reg_7572     |  26|   0|   26|          0|
    |sext_ln1118_63_reg_7623     |  26|   0|   26|          0|
    |sext_ln1118_66_reg_7661     |  26|   0|   26|          0|
    |sext_ln1118_68_reg_7675     |  26|   0|   26|          0|
    |sext_ln1118_6_reg_8067      |  26|   0|   26|          0|
    |sext_ln1118_73_reg_7714     |  26|   0|   26|          0|
    |sext_ln1118_74_reg_7703     |  25|   0|   25|          0|
    |sext_ln1118_76_reg_7740     |  26|   0|   26|          0|
    |sext_ln1118_78_reg_7794     |  26|   0|   26|          0|
    |sext_ln1118_81_reg_7862     |  26|   0|   26|          0|
    |sext_ln1118_83_reg_7901     |  26|   0|   26|          0|
    |sext_ln1118_reg_7955        |  26|   0|   26|          0|
    |trunc_ln1118_2_reg_7406     |  15|   0|   15|          0|
    |trunc_ln708_11_reg_7127     |  15|   0|   15|          0|
    |trunc_ln708_12_reg_7338     |  14|   0|   14|          0|
    |trunc_ln708_13_reg_7196     |  15|   0|   15|          0|
    |trunc_ln708_17_reg_7248     |  15|   0|   15|          0|
    |trunc_ln708_18_reg_7253     |  14|   0|   14|          0|
    |trunc_ln708_21_reg_7300     |  13|   0|   13|          0|
    |trunc_ln708_23_reg_7333     |  15|   0|   15|          0|
    |trunc_ln708_25_reg_7034     |  12|   0|   12|          0|
    |trunc_ln708_26_reg_7375     |  13|   0|   13|          0|
    |trunc_ln708_28_reg_7426     |  14|   0|   14|          0|
    |trunc_ln708_31_reg_7567     |  14|   0|   14|          0|
    |trunc_ln708_32_reg_7641     |  11|   0|   11|          0|
    |trunc_ln708_33_reg_7646     |  15|   0|   15|          0|
    |trunc_ln708_36_reg_7039     |   7|   0|    7|          0|
    |trunc_ln708_3_reg_7049      |  14|   0|   14|          0|
    |trunc_ln708_40_reg_7720     |  15|   0|   15|          0|
    |trunc_ln708_42_reg_7769     |  14|   0|   14|          0|
    |trunc_ln708_5_reg_7082      |  15|   0|   15|          0|
    |trunc_ln708_6_reg_7097      |  15|   0|   15|          0|
    |trunc_ln708_8_reg_7102      |  14|   0|   14|          0|
    |trunc_ln708_9_reg_7112      |  13|   0|   13|          0|
    |trunc_ln708_s_reg_7020      |  15|   0|   15|          0|
    +----------------------------+----+----+-----+-----------+
    |Total                       |5105|   0| 5105|          0|
    +----------------------------+----+----+-----+-----------+



================================================================
== Interface
================================================================
* Summary: 
+----------------+-----+-----+------------+----------------------------------------------------------------------------+--------------+
|    RTL Ports   | Dir | Bits|  Protocol  |                                Source Object                               |    C Type    |
+----------------+-----+-----+------------+----------------------------------------------------------------------------+--------------+
|ap_clk          |  in |    1| ap_ctrl_hs | dense_wrapper<ap_fixed<16, 6, 5, 3, 0>, ap_fixed<16, 6, 5, 3, 0>, config9> | return value |
|ap_rst          |  in |    1| ap_ctrl_hs | dense_wrapper<ap_fixed<16, 6, 5, 3, 0>, ap_fixed<16, 6, 5, 3, 0>, config9> | return value |
|ap_start        |  in |    1| ap_ctrl_hs | dense_wrapper<ap_fixed<16, 6, 5, 3, 0>, ap_fixed<16, 6, 5, 3, 0>, config9> | return value |
|ap_done         | out |    1| ap_ctrl_hs | dense_wrapper<ap_fixed<16, 6, 5, 3, 0>, ap_fixed<16, 6, 5, 3, 0>, config9> | return value |
|ap_idle         | out |    1| ap_ctrl_hs | dense_wrapper<ap_fixed<16, 6, 5, 3, 0>, ap_fixed<16, 6, 5, 3, 0>, config9> | return value |
|ap_ready        | out |    1| ap_ctrl_hs | dense_wrapper<ap_fixed<16, 6, 5, 3, 0>, ap_fixed<16, 6, 5, 3, 0>, config9> | return value |
|ap_return_0     | out |   16| ap_ctrl_hs | dense_wrapper<ap_fixed<16, 6, 5, 3, 0>, ap_fixed<16, 6, 5, 3, 0>, config9> | return value |
|ap_return_1     | out |   16| ap_ctrl_hs | dense_wrapper<ap_fixed<16, 6, 5, 3, 0>, ap_fixed<16, 6, 5, 3, 0>, config9> | return value |
|ap_return_2     | out |   16| ap_ctrl_hs | dense_wrapper<ap_fixed<16, 6, 5, 3, 0>, ap_fixed<16, 6, 5, 3, 0>, config9> | return value |
|ap_return_3     | out |   16| ap_ctrl_hs | dense_wrapper<ap_fixed<16, 6, 5, 3, 0>, ap_fixed<16, 6, 5, 3, 0>, config9> | return value |
|ap_return_4     | out |   16| ap_ctrl_hs | dense_wrapper<ap_fixed<16, 6, 5, 3, 0>, ap_fixed<16, 6, 5, 3, 0>, config9> | return value |
|ap_return_5     | out |   16| ap_ctrl_hs | dense_wrapper<ap_fixed<16, 6, 5, 3, 0>, ap_fixed<16, 6, 5, 3, 0>, config9> | return value |
|ap_return_6     | out |   16| ap_ctrl_hs | dense_wrapper<ap_fixed<16, 6, 5, 3, 0>, ap_fixed<16, 6, 5, 3, 0>, config9> | return value |
|ap_return_7     | out |   16| ap_ctrl_hs | dense_wrapper<ap_fixed<16, 6, 5, 3, 0>, ap_fixed<16, 6, 5, 3, 0>, config9> | return value |
|ap_return_8     | out |   16| ap_ctrl_hs | dense_wrapper<ap_fixed<16, 6, 5, 3, 0>, ap_fixed<16, 6, 5, 3, 0>, config9> | return value |
|ap_return_9     | out |   16| ap_ctrl_hs | dense_wrapper<ap_fixed<16, 6, 5, 3, 0>, ap_fixed<16, 6, 5, 3, 0>, config9> | return value |
|data_0_V_read   |  in |   16|   ap_none  |                                data_0_V_read                               |    scalar    |
|data_1_V_read   |  in |   16|   ap_none  |                                data_1_V_read                               |    scalar    |
|data_2_V_read   |  in |   16|   ap_none  |                                data_2_V_read                               |    scalar    |
|data_3_V_read   |  in |   16|   ap_none  |                                data_3_V_read                               |    scalar    |
|data_4_V_read   |  in |   16|   ap_none  |                                data_4_V_read                               |    scalar    |
|data_5_V_read   |  in |   16|   ap_none  |                                data_5_V_read                               |    scalar    |
|data_6_V_read   |  in |   16|   ap_none  |                                data_6_V_read                               |    scalar    |
|data_7_V_read   |  in |   16|   ap_none  |                                data_7_V_read                               |    scalar    |
|data_8_V_read   |  in |   16|   ap_none  |                                data_8_V_read                               |    scalar    |
|data_9_V_read   |  in |   16|   ap_none  |                                data_9_V_read                               |    scalar    |
|data_10_V_read  |  in |   16|   ap_none  |                               data_10_V_read                               |    scalar    |
|data_11_V_read  |  in |   16|   ap_none  |                               data_11_V_read                               |    scalar    |
|data_12_V_read  |  in |   16|   ap_none  |                               data_12_V_read                               |    scalar    |
|data_13_V_read  |  in |   16|   ap_none  |                               data_13_V_read                               |    scalar    |
|data_14_V_read  |  in |   16|   ap_none  |                               data_14_V_read                               |    scalar    |
|data_15_V_read  |  in |   16|   ap_none  |                               data_15_V_read                               |    scalar    |
|data_16_V_read  |  in |   16|   ap_none  |                               data_16_V_read                               |    scalar    |
|data_17_V_read  |  in |   16|   ap_none  |                               data_17_V_read                               |    scalar    |
|data_18_V_read  |  in |   16|   ap_none  |                               data_18_V_read                               |    scalar    |
|data_19_V_read  |  in |   16|   ap_none  |                               data_19_V_read                               |    scalar    |
|data_20_V_read  |  in |   16|   ap_none  |                               data_20_V_read                               |    scalar    |
|data_21_V_read  |  in |   16|   ap_none  |                               data_21_V_read                               |    scalar    |
|data_22_V_read  |  in |   16|   ap_none  |                               data_22_V_read                               |    scalar    |
|data_23_V_read  |  in |   16|   ap_none  |                               data_23_V_read                               |    scalar    |
|data_24_V_read  |  in |   16|   ap_none  |                               data_24_V_read                               |    scalar    |
|data_25_V_read  |  in |   16|   ap_none  |                               data_25_V_read                               |    scalar    |
|data_26_V_read  |  in |   16|   ap_none  |                               data_26_V_read                               |    scalar    |
|data_27_V_read  |  in |   16|   ap_none  |                               data_27_V_read                               |    scalar    |
|data_28_V_read  |  in |   16|   ap_none  |                               data_28_V_read                               |    scalar    |
|data_29_V_read  |  in |   16|   ap_none  |                               data_29_V_read                               |    scalar    |
|data_30_V_read  |  in |   16|   ap_none  |                               data_30_V_read                               |    scalar    |
|data_31_V_read  |  in |   16|   ap_none  |                               data_31_V_read                               |    scalar    |
+----------------+-----+-----+------------+----------------------------------------------------------------------------+--------------+

