

================================================================
== Vivado HLS Report for 'dense_latency_ap_fixed_ap_fixed_16_6_5_3_0_config4_0_0_0_0'
================================================================
* Date:           Wed Dec 27 16:11:06 2023

* Version:        2020.1 (Build 2897737 on Wed May 27 20:21:37 MDT 2020)
* Project:        myproject_prj
* Solution:       solution1
* Product family: zynq
* Target device:  xc7z020-clg400-1


================================================================
== Performance Estimates
================================================================
+ Timing: 
    * Summary: 
    +--------+----------+-----------+------------+
    |  Clock |  Target  | Estimated | Uncertainty|
    +--------+----------+-----------+------------+
    |ap_clk  | 25.00 ns | 17.289 ns |   3.12 ns  |
    +--------+----------+-----------+------------+

+ Latency: 
    * Summary: 
    +---------+---------+----------+----------+-----+-----+----------+
    |  Latency (cycles) |  Latency (absolute) |  Interval | Pipeline |
    |   min   |   max   |    min   |    max   | min | max |   Type   |
    +---------+---------+----------+----------+-----+-----+----------+
    |        5|        5| 0.125 us | 0.125 us |    6|    6| function |
    +---------+---------+----------+----------+-----+-----+----------+

    + Detail: 
        * Instance: 
        N/A

        * Loop: 
        N/A



================================================================
== Utilization Estimates
================================================================
* Summary: 
+-----------------+---------+-------+--------+-------+-----+
|       Name      | BRAM_18K| DSP48E|   FF   |  LUT  | URAM|
+-----------------+---------+-------+--------+-------+-----+
|DSP              |        -|      -|       -|      -|    -|
|Expression       |        -|     12|       0|   1678|    -|
|FIFO             |        -|      -|       -|      -|    -|
|Instance         |        -|      -|       -|      -|    -|
|Memory           |        -|      -|       -|      -|    -|
|Multiplexer      |        -|      -|       -|    787|    -|
|Register         |        -|      -|     976|      -|    -|
+-----------------+---------+-------+--------+-------+-----+
|Total            |        0|     12|     976|   2465|    0|
+-----------------+---------+-------+--------+-------+-----+
|Available        |      280|    220|  106400|  53200|    0|
+-----------------+---------+-------+--------+-------+-----+
|Utilization (%)  |        0|      5|   ~0   |      4|    0|
+-----------------+---------+-------+--------+-------+-----+

+ Detail: 
    * Instance: 
    N/A

    * DSP48E: 
    N/A

    * Memory: 
    N/A

    * FIFO: 
    N/A

    * Expression: 
    +-------------------------+----------+-------+---+----+------------+------------+
    |      Variable Name      | Operation| DSP48E| FF| LUT| Bitwidth P0| Bitwidth P1|
    +-------------------------+----------+-------+---+----+------------+------------+
    |grp_fu_592_p2            |     *    |      1|  0|   6|          16|          11|
    |grp_fu_593_p2            |     *    |      1|  0|   6|          16|          11|
    |grp_fu_594_p2            |     *    |      1|  0|   6|          16|          10|
    |grp_fu_595_p2            |     *    |      1|  0|   6|          16|          11|
    |grp_fu_596_p2            |     *    |      1|  0|   6|          16|          11|
    |grp_fu_597_p2            |     *    |      1|  0|   6|          16|          11|
    |grp_fu_598_p2            |     *    |      1|  0|   6|          16|          10|
    |grp_fu_599_p2            |     *    |      1|  0|   6|          16|          11|
    |grp_fu_600_p2            |     *    |      1|  0|   6|          16|          11|
    |grp_fu_601_p2            |     *    |      1|  0|   6|          16|          11|
    |grp_fu_602_p2            |     *    |      1|  0|   6|          16|          11|
    |grp_fu_603_p2            |     *    |      1|  0|   6|          16|          10|
    |acc_1_V_fu_3078_p2       |     +    |      0|  0|  16|          16|          16|
    |acc_2_V_fu_3126_p2       |     +    |      0|  0|  16|          16|          16|
    |add_ln1118_fu_2556_p2    |     +    |      0|  0|  32|          25|          25|
    |add_ln703_10_fu_2729_p2  |     +    |      0|  0|  16|          16|          16|
    |add_ln703_11_fu_2735_p2  |     +    |      0|  0|  16|          16|          16|
    |add_ln703_12_fu_2741_p2  |     +    |      0|  0|  16|          16|          16|
    |add_ln703_13_fu_2848_p2  |     +    |      0|  0|  23|          16|           9|
    |add_ln703_14_fu_2854_p2  |     +    |      0|  0|  23|          16|          16|
    |add_ln703_15_fu_2860_p2  |     +    |      0|  0|  23|          16|          16|
    |add_ln703_16_fu_2866_p2  |     +    |      0|  0|  16|          16|          16|
    |add_ln703_17_fu_2872_p2  |     +    |      0|  0|  16|          16|          16|
    |add_ln703_18_fu_3009_p2  |     +    |      0|  0|  23|          16|          16|
    |add_ln703_19_fu_3015_p2  |     +    |      0|  0|  16|          16|          16|
    |add_ln703_1_fu_2335_p2   |     +    |      0|  0|  16|          16|          16|
    |add_ln703_20_fu_3021_p2  |     +    |      0|  0|  16|          16|          10|
    |add_ln703_21_fu_3027_p2  |     +    |      0|  0|  16|          16|          16|
    |add_ln703_22_fu_3032_p2  |     +    |      0|  0|  16|          16|          16|
    |add_ln703_24_fu_2341_p2  |     +    |      0|  0|  16|          16|          16|
    |add_ln703_25_fu_2347_p2  |     +    |      0|  0|  16|          16|          16|
    |add_ln703_26_fu_2353_p2  |     +    |      0|  0|  16|          16|           7|
    |add_ln703_27_fu_2359_p2  |     +    |      0|  0|  16|          16|          16|
    |add_ln703_28_fu_2474_p2  |     +    |      0|  0|  23|          16|          16|
    |add_ln703_29_fu_2480_p2  |     +    |      0|  0|  16|          16|          16|
    |add_ln703_2_fu_2451_p2   |     +    |      0|  0|  23|          16|           8|
    |add_ln703_30_fu_2486_p2  |     +    |      0|  0|  16|          16|          16|
    |add_ln703_31_fu_2746_p2  |     +    |      0|  0|  23|          16|          16|
    |add_ln703_33_fu_2752_p2  |     +    |      0|  0|  16|          16|          16|
    |add_ln703_34_fu_2758_p2  |     +    |      0|  0|  16|          16|          16|
    |add_ln703_35_fu_2764_p2  |     +    |      0|  0|  16|          16|          16|
    |add_ln703_36_fu_2769_p2  |     +    |      0|  0|  16|          16|          16|
    |add_ln703_37_fu_2878_p2  |     +    |      0|  0|  23|          16|          16|
    |add_ln703_38_fu_2884_p2  |     +    |      0|  0|  23|          16|          16|
    |add_ln703_39_fu_2890_p2  |     +    |      0|  0|  16|          16|           8|
    |add_ln703_3_fu_2457_p2   |     +    |      0|  0|  23|          16|          16|
    |add_ln703_40_fu_2896_p2  |     +    |      0|  0|  16|          16|          16|
    |add_ln703_41_fu_3037_p2  |     +    |      0|  0|  16|          16|          16|
    |add_ln703_42_fu_3043_p2  |     +    |      0|  0|  16|          16|           7|
    |add_ln703_43_fu_3049_p2  |     +    |      0|  0|  23|          16|          16|
    |add_ln703_44_fu_3055_p2  |     +    |      0|  0|  23|          16|           8|
    |add_ln703_45_fu_3061_p2  |     +    |      0|  0|  16|          16|          16|
    |add_ln703_46_fu_3067_p2  |     +    |      0|  0|  16|          16|          16|
    |add_ln703_47_fu_3073_p2  |     +    |      0|  0|  16|          16|          16|
    |add_ln703_49_fu_2365_p2  |     +    |      0|  0|  23|          16|          16|
    |add_ln703_4_fu_2463_p2   |     +    |      0|  0|  16|          16|          16|
    |add_ln703_50_fu_2371_p2  |     +    |      0|  0|  16|          16|          16|
    |add_ln703_51_fu_2377_p2  |     +    |      0|  0|  16|          16|          16|
    |add_ln703_52_fu_2383_p2  |     +    |      0|  0|  23|          16|          16|
    |add_ln703_53_fu_2389_p2  |     +    |      0|  0|  23|          16|          16|
    |add_ln703_54_fu_2395_p2  |     +    |      0|  0|  16|          16|          16|
    |add_ln703_55_fu_2401_p2  |     +    |      0|  0|  16|          16|          16|
    |add_ln703_56_fu_2492_p2  |     +    |      0|  0|  16|          16|          16|
    |add_ln703_57_fu_2498_p2  |     +    |      0|  0|  16|          16|           7|
    |add_ln703_59_fu_2504_p2  |     +    |      0|  0|  16|          16|           7|
    |add_ln703_5_fu_2469_p2   |     +    |      0|  0|  16|          16|          16|
    |add_ln703_60_fu_2510_p2  |     +    |      0|  0|  16|          16|          16|
    |add_ln703_61_fu_2516_p2  |     +    |      0|  0|  16|          16|          16|
    |add_ln703_62_fu_2522_p2  |     +    |      0|  0|  16|          16|          16|
    |add_ln703_63_fu_2774_p2  |     +    |      0|  0|  23|          16|          16|
    |add_ln703_64_fu_2780_p2  |     +    |      0|  0|  16|          16|          16|
    |add_ln703_65_fu_2786_p2  |     +    |      0|  0|  16|          16|          16|
    |add_ln703_66_fu_2902_p2  |     +    |      0|  0|  23|          16|          16|
    |add_ln703_67_fu_2908_p2  |     +    |      0|  0|  16|          16|           9|
    |add_ln703_68_fu_2914_p2  |     +    |      0|  0|  16|          16|          16|
    |add_ln703_6_fu_2705_p2   |     +    |      0|  0|  16|          16|          16|
    |add_ln703_70_fu_3083_p2  |     +    |      0|  0|  16|          16|          16|
    |add_ln703_71_fu_3089_p2  |     +    |      0|  0|  16|          16|          16|
    |add_ln703_72_fu_3094_p2  |     +    |      0|  0|  23|          16|           7|
    |add_ln703_73_fu_3099_p2  |     +    |      0|  0|  16|          16|           8|
    |add_ln703_74_fu_3105_p2  |     +    |      0|  0|  16|          16|          16|
    |add_ln703_75_fu_3110_p2  |     +    |      0|  0|  16|          16|          16|
    |add_ln703_76_fu_3116_p2  |     +    |      0|  0|  16|          16|          16|
    |add_ln703_77_fu_3121_p2  |     +    |      0|  0|  16|          16|          16|
    |add_ln703_7_fu_2711_p2   |     +    |      0|  0|  16|          16|          16|
    |add_ln703_8_fu_2717_p2   |     +    |      0|  0|  23|          16|          16|
    |add_ln703_9_fu_2723_p2   |     +    |      0|  0|  16|          16|           8|
    |add_ln703_fu_2329_p2     |     +    |      0|  0|  16|          16|           8|
    |grp_fu_2151_p2           |     +    |      0|  0|  23|          16|          16|
    |grp_fu_2157_p2           |     +    |      0|  0|  23|          16|          16|
    |sub_ln1118_1_fu_2240_p2  |     -    |      0|  0|  16|           1|          26|
    |sub_ln1118_2_fu_2258_p2  |     -    |      0|  0|  16|          26|          26|
    |sub_ln1118_3_fu_2308_p2  |     -    |      0|  0|  33|          26|          26|
    |sub_ln1118_4_fu_2622_p2  |     -    |      0|  0|  33|          26|          26|
    |sub_ln1118_5_fu_2671_p2  |     -    |      0|  0|  16|           1|          26|
    |sub_ln1118_6_fu_2689_p2  |     -    |      0|  0|  16|          26|          26|
    |sub_ln1118_7_fu_2941_p2  |     -    |      0|  0|  33|          26|          26|
    |sub_ln1118_fu_2198_p2    |     -    |      0|  0|  32|           1|          25|
    +-------------------------+----------+-------+---+----+------------+------------+
    |Total                    |          |     12|  0|1678|        1582|        1480|
    +-------------------------+----------+-------+---+----+------------+------------+

    * Multiplexer: 
    +---------------+----+-----------+-----+-----------+
    |      Name     | LUT| Input Size| Bits| Total Bits|
    +---------------+----+-----------+-----+-----------+
    |ap_NS_fsm      |  38|          7|    1|          7|
    |grp_fu_592_p0  |  33|          6|   16|         96|
    |grp_fu_592_p1  |  27|          5|   11|         55|
    |grp_fu_593_p0  |  33|          6|   16|         96|
    |grp_fu_593_p1  |  33|          6|   11|         66|
    |grp_fu_594_p0  |  33|          6|   16|         96|
    |grp_fu_594_p1  |  33|          6|   10|         60|
    |grp_fu_595_p0  |  33|          6|   16|         96|
    |grp_fu_595_p1  |  33|          6|   11|         66|
    |grp_fu_596_p0  |  33|          6|   16|         96|
    |grp_fu_596_p1  |  21|          4|   11|         44|
    |grp_fu_597_p0  |  33|          6|   16|         96|
    |grp_fu_597_p1  |  33|          6|   11|         66|
    |grp_fu_598_p0  |  33|          6|   16|         96|
    |grp_fu_598_p1  |  27|          5|   10|         50|
    |grp_fu_599_p0  |  33|          6|   16|         96|
    |grp_fu_599_p1  |  27|          5|   11|         55|
    |grp_fu_600_p0  |  33|          6|   16|         96|
    |grp_fu_600_p1  |  33|          6|   11|         66|
    |grp_fu_601_p0  |  33|          6|   16|         96|
    |grp_fu_601_p1  |  33|          6|   11|         66|
    |grp_fu_602_p0  |  33|          6|   16|         96|
    |grp_fu_602_p1  |  21|          4|   11|         44|
    |grp_fu_603_p0  |  38|          7|   16|        112|
    |grp_fu_603_p1  |  27|          5|   10|         50|
    +---------------+----+-----------+-----+-----------+
    |Total          | 787|        144|  322|       1863|
    +---------------+----+-----------+-----+-----------+

    * Register: 
    +-----------------------------+----+----+-----+-----------+
    |             Name            | FF | LUT| Bits| Const Bits|
    +-----------------------------+----+----+-----+-----------+
    |acc_1_V_reg_3238             |  16|   0|   16|          0|
    |add_ln703_12_reg_3177        |  16|   0|   16|          0|
    |add_ln703_17_reg_3203        |  16|   0|   16|          0|
    |add_ln703_1_reg_3147         |  16|   0|   16|          0|
    |add_ln703_22_reg_3233        |  16|   0|   16|          0|
    |add_ln703_27_reg_3152        |  16|   0|   16|          0|
    |add_ln703_30_reg_3167        |  16|   0|   16|          0|
    |add_ln703_36_reg_3182        |  16|   0|   16|          0|
    |add_ln703_40_reg_3208        |  16|   0|   16|          0|
    |add_ln703_55_reg_3157        |  16|   0|   16|          0|
    |add_ln703_5_reg_3162         |  16|   0|   16|          0|
    |add_ln703_62_reg_3172        |  16|   0|   16|          0|
    |add_ln703_65_reg_3187        |  16|   0|   16|          0|
    |add_ln703_68_reg_3213        |  16|   0|   16|          0|
    |add_ln703_71_reg_3243        |  16|   0|   16|          0|
    |ap_CS_fsm                    |   6|   0|    6|          0|
    |ap_port_reg_data_102_V_read  |  16|   0|   16|          0|
    |ap_port_reg_data_103_V_read  |  16|   0|   16|          0|
    |ap_port_reg_data_104_V_read  |  16|   0|   16|          0|
    |ap_port_reg_data_105_V_read  |  16|   0|   16|          0|
    |ap_port_reg_data_110_V_read  |  16|   0|   16|          0|
    |ap_port_reg_data_114_V_read  |  16|   0|   16|          0|
    |ap_port_reg_data_116_V_read  |  16|   0|   16|          0|
    |ap_port_reg_data_118_V_read  |  16|   0|   16|          0|
    |ap_port_reg_data_123_V_read  |  16|   0|   16|          0|
    |ap_port_reg_data_125_V_read  |  16|   0|   16|          0|
    |ap_port_reg_data_19_V_read   |  16|   0|   16|          0|
    |ap_port_reg_data_23_V_read   |  16|   0|   16|          0|
    |ap_port_reg_data_28_V_read   |  16|   0|   16|          0|
    |ap_port_reg_data_30_V_read   |  16|   0|   16|          0|
    |ap_port_reg_data_31_V_read   |  16|   0|   16|          0|
    |ap_port_reg_data_32_V_read   |  16|   0|   16|          0|
    |ap_port_reg_data_33_V_read   |  16|   0|   16|          0|
    |ap_port_reg_data_37_V_read   |  16|   0|   16|          0|
    |ap_port_reg_data_41_V_read   |  16|   0|   16|          0|
    |ap_port_reg_data_42_V_read   |  16|   0|   16|          0|
    |ap_port_reg_data_44_V_read   |  16|   0|   16|          0|
    |ap_port_reg_data_45_V_read   |  16|   0|   16|          0|
    |ap_port_reg_data_46_V_read   |  16|   0|   16|          0|
    |ap_port_reg_data_48_V_read   |  16|   0|   16|          0|
    |ap_port_reg_data_50_V_read   |  16|   0|   16|          0|
    |ap_port_reg_data_52_V_read   |  16|   0|   16|          0|
    |ap_port_reg_data_55_V_read   |  16|   0|   16|          0|
    |ap_port_reg_data_57_V_read   |  16|   0|   16|          0|
    |ap_port_reg_data_63_V_read   |  16|   0|   16|          0|
    |ap_port_reg_data_64_V_read   |  16|   0|   16|          0|
    |ap_port_reg_data_65_V_read   |  16|   0|   16|          0|
    |ap_port_reg_data_70_V_read   |  16|   0|   16|          0|
    |ap_port_reg_data_72_V_read   |  16|   0|   16|          0|
    |ap_port_reg_data_76_V_read   |  16|   0|   16|          0|
    |ap_port_reg_data_88_V_read   |  16|   0|   16|          0|
    |ap_port_reg_data_89_V_read   |  16|   0|   16|          0|
    |ap_port_reg_data_90_V_read   |  16|   0|   16|          0|
    |ap_port_reg_data_91_V_read   |  16|   0|   16|          0|
    |ap_port_reg_data_96_V_read   |  16|   0|   16|          0|
    |ap_port_reg_data_99_V_read   |  16|   0|   16|          0|
    |data_96_V_read_2_reg_3192    |  16|   0|   16|          0|
    |mult_290_V_reg_3198          |  16|   0|   16|          0|
    |mult_332_V_reg_3218          |  16|   0|   16|          0|
    |mult_350_V_reg_3223          |  16|   0|   16|          0|
    |sext_ln1118_59_reg_3228      |  26|   0|   26|          0|
    +-----------------------------+----+----+-----+-----------+
    |Total                        | 976|   0|  976|          0|
    +-----------------------------+----+----+-----+-----------+



================================================================
== Interface
================================================================
* Summary: 
+-----------------+-----+-----+------------+--------------------------------------------------------------+--------------+
|    RTL Ports    | Dir | Bits|  Protocol  |                         Source Object                        |    C Type    |
+-----------------+-----+-----+------------+--------------------------------------------------------------+--------------+
|ap_clk           |  in |    1| ap_ctrl_hs | dense_latency<ap_fixed,ap_fixed<16,6,5,3,0>,config4>.0.0.0.0 | return value |
|ap_rst           |  in |    1| ap_ctrl_hs | dense_latency<ap_fixed,ap_fixed<16,6,5,3,0>,config4>.0.0.0.0 | return value |
|ap_start         |  in |    1| ap_ctrl_hs | dense_latency<ap_fixed,ap_fixed<16,6,5,3,0>,config4>.0.0.0.0 | return value |
|ap_done          | out |    1| ap_ctrl_hs | dense_latency<ap_fixed,ap_fixed<16,6,5,3,0>,config4>.0.0.0.0 | return value |
|ap_idle          | out |    1| ap_ctrl_hs | dense_latency<ap_fixed,ap_fixed<16,6,5,3,0>,config4>.0.0.0.0 | return value |
|ap_ready         | out |    1| ap_ctrl_hs | dense_latency<ap_fixed,ap_fixed<16,6,5,3,0>,config4>.0.0.0.0 | return value |
|ap_return_0      | out |   16| ap_ctrl_hs | dense_latency<ap_fixed,ap_fixed<16,6,5,3,0>,config4>.0.0.0.0 | return value |
|ap_return_1      | out |   16| ap_ctrl_hs | dense_latency<ap_fixed,ap_fixed<16,6,5,3,0>,config4>.0.0.0.0 | return value |
|ap_return_2      | out |   16| ap_ctrl_hs | dense_latency<ap_fixed,ap_fixed<16,6,5,3,0>,config4>.0.0.0.0 | return value |
|ap_ce            |  in |    1| ap_ctrl_hs | dense_latency<ap_fixed,ap_fixed<16,6,5,3,0>,config4>.0.0.0.0 | return value |
|data_0_V_read    |  in |   16|   ap_none  |                         data_0_V_read                        |    scalar    |
|data_1_V_read    |  in |   16|   ap_none  |                         data_1_V_read                        |    scalar    |
|data_2_V_read    |  in |   16|   ap_none  |                         data_2_V_read                        |    scalar    |
|data_3_V_read    |  in |   16|   ap_none  |                         data_3_V_read                        |    scalar    |
|data_5_V_read    |  in |   16|   ap_none  |                         data_5_V_read                        |    scalar    |
|data_7_V_read    |  in |   16|   ap_none  |                         data_7_V_read                        |    scalar    |
|data_8_V_read    |  in |   16|   ap_none  |                         data_8_V_read                        |    scalar    |
|data_10_V_read   |  in |   16|   ap_none  |                        data_10_V_read                        |    scalar    |
|data_12_V_read   |  in |   16|   ap_none  |                        data_12_V_read                        |    scalar    |
|data_15_V_read   |  in |   16|   ap_none  |                        data_15_V_read                        |    scalar    |
|data_16_V_read   |  in |   16|   ap_none  |                        data_16_V_read                        |    scalar    |
|data_19_V_read   |  in |   16|   ap_none  |                        data_19_V_read                        |    scalar    |
|data_23_V_read   |  in |   16|   ap_none  |                        data_23_V_read                        |    scalar    |
|data_28_V_read   |  in |   16|   ap_none  |                        data_28_V_read                        |    scalar    |
|data_30_V_read   |  in |   16|   ap_none  |                        data_30_V_read                        |    scalar    |
|data_31_V_read   |  in |   16|   ap_none  |                        data_31_V_read                        |    scalar    |
|data_32_V_read   |  in |   16|   ap_none  |                        data_32_V_read                        |    scalar    |
|data_33_V_read   |  in |   16|   ap_none  |                        data_33_V_read                        |    scalar    |
|data_37_V_read   |  in |   16|   ap_none  |                        data_37_V_read                        |    scalar    |
|data_41_V_read   |  in |   16|   ap_none  |                        data_41_V_read                        |    scalar    |
|data_42_V_read   |  in |   16|   ap_none  |                        data_42_V_read                        |    scalar    |
|data_44_V_read   |  in |   16|   ap_none  |                        data_44_V_read                        |    scalar    |
|data_45_V_read   |  in |   16|   ap_none  |                        data_45_V_read                        |    scalar    |
|data_46_V_read   |  in |   16|   ap_none  |                        data_46_V_read                        |    scalar    |
|data_48_V_read   |  in |   16|   ap_none  |                        data_48_V_read                        |    scalar    |
|data_50_V_read   |  in |   16|   ap_none  |                        data_50_V_read                        |    scalar    |
|data_52_V_read   |  in |   16|   ap_none  |                        data_52_V_read                        |    scalar    |
|data_55_V_read   |  in |   16|   ap_none  |                        data_55_V_read                        |    scalar    |
|data_57_V_read   |  in |   16|   ap_none  |                        data_57_V_read                        |    scalar    |
|data_63_V_read   |  in |   16|   ap_none  |                        data_63_V_read                        |    scalar    |
|data_64_V_read   |  in |   16|   ap_none  |                        data_64_V_read                        |    scalar    |
|data_65_V_read   |  in |   16|   ap_none  |                        data_65_V_read                        |    scalar    |
|data_70_V_read   |  in |   16|   ap_none  |                        data_70_V_read                        |    scalar    |
|data_72_V_read   |  in |   16|   ap_none  |                        data_72_V_read                        |    scalar    |
|data_76_V_read   |  in |   16|   ap_none  |                        data_76_V_read                        |    scalar    |
|data_88_V_read   |  in |   16|   ap_none  |                        data_88_V_read                        |    scalar    |
|data_89_V_read   |  in |   16|   ap_none  |                        data_89_V_read                        |    scalar    |
|data_90_V_read   |  in |   16|   ap_none  |                        data_90_V_read                        |    scalar    |
|data_91_V_read   |  in |   16|   ap_none  |                        data_91_V_read                        |    scalar    |
|data_96_V_read   |  in |   16|   ap_none  |                        data_96_V_read                        |    scalar    |
|data_99_V_read   |  in |   16|   ap_none  |                        data_99_V_read                        |    scalar    |
|data_102_V_read  |  in |   16|   ap_none  |                        data_102_V_read                       |    scalar    |
|data_103_V_read  |  in |   16|   ap_none  |                        data_103_V_read                       |    scalar    |
|data_104_V_read  |  in |   16|   ap_none  |                        data_104_V_read                       |    scalar    |
|data_105_V_read  |  in |   16|   ap_none  |                        data_105_V_read                       |    scalar    |
|data_110_V_read  |  in |   16|   ap_none  |                        data_110_V_read                       |    scalar    |
|data_114_V_read  |  in |   16|   ap_none  |                        data_114_V_read                       |    scalar    |
|data_116_V_read  |  in |   16|   ap_none  |                        data_116_V_read                       |    scalar    |
|data_118_V_read  |  in |   16|   ap_none  |                        data_118_V_read                       |    scalar    |
|data_123_V_read  |  in |   16|   ap_none  |                        data_123_V_read                       |    scalar    |
|data_125_V_read  |  in |   16|   ap_none  |                        data_125_V_read                       |    scalar    |
+-----------------+-----+-----+------------+--------------------------------------------------------------+--------------+

