

================================================================
== Vivado HLS Report for 'relu_ap_fixed_16_6_5_3_0_ap_fixed_16_6_5_3_0_relu_config3_s'
================================================================
* Date:           Wed Dec 27 16:11:04 2023

* Version:        2020.1 (Build 2897737 on Wed May 27 20:21:37 MDT 2020)
* Project:        myproject_prj
* Solution:       solution1
* Product family: zynq
* Target device:  xc7z020-clg400-1


================================================================
== Performance Estimates
================================================================
+ Timing: 
    * Summary: 
    +--------+----------+----------+------------+
    |  Clock |  Target  | Estimated| Uncertainty|
    +--------+----------+----------+------------+
    |ap_clk  | 25.00 ns | 3.183 ns |   3.12 ns  |
    +--------+----------+----------+------------+

+ Latency: 
    * Summary: 
    +---------+---------+----------+----------+-----+-----+----------+
    |  Latency (cycles) |  Latency (absolute) |  Interval | Pipeline |
    |   min   |   max   |    min   |    max   | min | max |   Type   |
    +---------+---------+----------+----------+-----+-----+----------+
    |        0|        0|   0 ns   |   0 ns   |    1|    1| function |
    +---------+---------+----------+----------+-----+-----+----------+

    + Detail: 
        * Instance: 
        N/A

        * Loop: 
        N/A



================================================================
== Utilization Estimates
================================================================
* Summary: 
+-----------------+---------+-------+--------+-------+-----+
|       Name      | BRAM_18K| DSP48E|   FF   |  LUT  | URAM|
+-----------------+---------+-------+--------+-------+-----+
|DSP              |        -|      -|       -|      -|    -|
|Expression       |        -|      -|       0|   1428|    -|
|FIFO             |        -|      -|       -|      -|    -|
|Instance         |        -|      -|       -|      -|    -|
|Memory           |        -|      -|       -|      -|    -|
|Multiplexer      |        -|      -|       -|      -|    -|
|Register         |        -|      -|       -|      -|    -|
+-----------------+---------+-------+--------+-------+-----+
|Total            |        0|      0|       0|   1428|    0|
+-----------------+---------+-------+--------+-------+-----+
|Available        |      280|    220|  106400|  53200|    0|
+-----------------+---------+-------+--------+-------+-----+
|Utilization (%)  |        0|      0|       0|      2|    0|
+-----------------+---------+-------+--------+-------+-----+

+ Detail: 
    * Instance: 
    N/A

    * DSP48E: 
    N/A

    * Memory: 
    N/A

    * FIFO: 
    N/A

    * Expression: 
    +---------------------------+----------+-------+---+----+------------+------------+
    |       Variable Name       | Operation| DSP48E| FF| LUT| Bitwidth P0| Bitwidth P1|
    +---------------------------+----------+-------+---+----+------------+------------+
    |icmp_ln1494_10_fu_646_p2   |   icmp   |      0|  0|  13|          16|           1|
    |icmp_ln1494_11_fu_668_p2   |   icmp   |      0|  0|  13|          16|           1|
    |icmp_ln1494_12_fu_690_p2   |   icmp   |      0|  0|  13|          16|           1|
    |icmp_ln1494_13_fu_712_p2   |   icmp   |      0|  0|  13|          16|           1|
    |icmp_ln1494_14_fu_734_p2   |   icmp   |      0|  0|  13|          16|           1|
    |icmp_ln1494_15_fu_756_p2   |   icmp   |      0|  0|  13|          16|           1|
    |icmp_ln1494_16_fu_778_p2   |   icmp   |      0|  0|  13|          16|           1|
    |icmp_ln1494_17_fu_800_p2   |   icmp   |      0|  0|  13|          16|           1|
    |icmp_ln1494_18_fu_822_p2   |   icmp   |      0|  0|  13|          16|           1|
    |icmp_ln1494_19_fu_844_p2   |   icmp   |      0|  0|  13|          16|           1|
    |icmp_ln1494_1_fu_448_p2    |   icmp   |      0|  0|  13|          16|           1|
    |icmp_ln1494_20_fu_866_p2   |   icmp   |      0|  0|  13|          16|           1|
    |icmp_ln1494_21_fu_888_p2   |   icmp   |      0|  0|  13|          16|           1|
    |icmp_ln1494_22_fu_910_p2   |   icmp   |      0|  0|  13|          16|           1|
    |icmp_ln1494_23_fu_932_p2   |   icmp   |      0|  0|  13|          16|           1|
    |icmp_ln1494_24_fu_954_p2   |   icmp   |      0|  0|  13|          16|           1|
    |icmp_ln1494_25_fu_976_p2   |   icmp   |      0|  0|  13|          16|           1|
    |icmp_ln1494_26_fu_998_p2   |   icmp   |      0|  0|  13|          16|           1|
    |icmp_ln1494_27_fu_1020_p2  |   icmp   |      0|  0|  13|          16|           1|
    |icmp_ln1494_28_fu_1042_p2  |   icmp   |      0|  0|  13|          16|           1|
    |icmp_ln1494_29_fu_1064_p2  |   icmp   |      0|  0|  13|          16|           1|
    |icmp_ln1494_2_fu_470_p2    |   icmp   |      0|  0|  13|          16|           1|
    |icmp_ln1494_30_fu_1086_p2  |   icmp   |      0|  0|  13|          16|           1|
    |icmp_ln1494_31_fu_1108_p2  |   icmp   |      0|  0|  13|          16|           1|
    |icmp_ln1494_32_fu_1130_p2  |   icmp   |      0|  0|  13|          16|           1|
    |icmp_ln1494_33_fu_1152_p2  |   icmp   |      0|  0|  13|          16|           1|
    |icmp_ln1494_34_fu_1174_p2  |   icmp   |      0|  0|  13|          16|           1|
    |icmp_ln1494_35_fu_1196_p2  |   icmp   |      0|  0|  13|          16|           1|
    |icmp_ln1494_36_fu_1218_p2  |   icmp   |      0|  0|  13|          16|           1|
    |icmp_ln1494_37_fu_1240_p2  |   icmp   |      0|  0|  13|          16|           1|
    |icmp_ln1494_38_fu_1262_p2  |   icmp   |      0|  0|  13|          16|           1|
    |icmp_ln1494_39_fu_1284_p2  |   icmp   |      0|  0|  13|          16|           1|
    |icmp_ln1494_3_fu_492_p2    |   icmp   |      0|  0|  13|          16|           1|
    |icmp_ln1494_40_fu_1306_p2  |   icmp   |      0|  0|  13|          16|           1|
    |icmp_ln1494_41_fu_1328_p2  |   icmp   |      0|  0|  13|          16|           1|
    |icmp_ln1494_42_fu_1350_p2  |   icmp   |      0|  0|  13|          16|           1|
    |icmp_ln1494_43_fu_1372_p2  |   icmp   |      0|  0|  13|          16|           1|
    |icmp_ln1494_44_fu_1394_p2  |   icmp   |      0|  0|  13|          16|           1|
    |icmp_ln1494_45_fu_1416_p2  |   icmp   |      0|  0|  13|          16|           1|
    |icmp_ln1494_46_fu_1438_p2  |   icmp   |      0|  0|  13|          16|           1|
    |icmp_ln1494_47_fu_1460_p2  |   icmp   |      0|  0|  13|          16|           1|
    |icmp_ln1494_48_fu_1482_p2  |   icmp   |      0|  0|  13|          16|           1|
    |icmp_ln1494_49_fu_1504_p2  |   icmp   |      0|  0|  13|          16|           1|
    |icmp_ln1494_4_fu_514_p2    |   icmp   |      0|  0|  13|          16|           1|
    |icmp_ln1494_50_fu_1526_p2  |   icmp   |      0|  0|  13|          16|           1|
    |icmp_ln1494_5_fu_536_p2    |   icmp   |      0|  0|  13|          16|           1|
    |icmp_ln1494_6_fu_558_p2    |   icmp   |      0|  0|  13|          16|           1|
    |icmp_ln1494_7_fu_580_p2    |   icmp   |      0|  0|  13|          16|           1|
    |icmp_ln1494_8_fu_602_p2    |   icmp   |      0|  0|  13|          16|           1|
    |icmp_ln1494_9_fu_624_p2    |   icmp   |      0|  0|  13|          16|           1|
    |icmp_ln1494_fu_426_p2      |   icmp   |      0|  0|  13|          16|           1|
    |select_ln45_10_fu_656_p3   |  select  |      0|  0|  15|           1|          15|
    |select_ln45_11_fu_678_p3   |  select  |      0|  0|  15|           1|          15|
    |select_ln45_12_fu_700_p3   |  select  |      0|  0|  15|           1|          15|
    |select_ln45_13_fu_722_p3   |  select  |      0|  0|  15|           1|          15|
    |select_ln45_14_fu_744_p3   |  select  |      0|  0|  15|           1|          15|
    |select_ln45_15_fu_766_p3   |  select  |      0|  0|  15|           1|          15|
    |select_ln45_16_fu_788_p3   |  select  |      0|  0|  15|           1|          15|
    |select_ln45_17_fu_810_p3   |  select  |      0|  0|  15|           1|          15|
    |select_ln45_18_fu_832_p3   |  select  |      0|  0|  15|           1|          15|
    |select_ln45_19_fu_854_p3   |  select  |      0|  0|  15|           1|          15|
    |select_ln45_1_fu_458_p3    |  select  |      0|  0|  15|           1|          15|
    |select_ln45_20_fu_876_p3   |  select  |      0|  0|  15|           1|          15|
    |select_ln45_21_fu_898_p3   |  select  |      0|  0|  15|           1|          15|
    |select_ln45_22_fu_920_p3   |  select  |      0|  0|  15|           1|          15|
    |select_ln45_23_fu_942_p3   |  select  |      0|  0|  15|           1|          15|
    |select_ln45_24_fu_964_p3   |  select  |      0|  0|  15|           1|          15|
    |select_ln45_25_fu_986_p3   |  select  |      0|  0|  15|           1|          15|
    |select_ln45_26_fu_1008_p3  |  select  |      0|  0|  15|           1|          15|
    |select_ln45_27_fu_1030_p3  |  select  |      0|  0|  15|           1|          15|
    |select_ln45_28_fu_1052_p3  |  select  |      0|  0|  15|           1|          15|
    |select_ln45_29_fu_1074_p3  |  select  |      0|  0|  15|           1|          15|
    |select_ln45_2_fu_480_p3    |  select  |      0|  0|  15|           1|          15|
    |select_ln45_30_fu_1096_p3  |  select  |      0|  0|  15|           1|          15|
    |select_ln45_31_fu_1118_p3  |  select  |      0|  0|  15|           1|          15|
    |select_ln45_32_fu_1140_p3  |  select  |      0|  0|  15|           1|          15|
    |select_ln45_33_fu_1162_p3  |  select  |      0|  0|  15|           1|          15|
    |select_ln45_34_fu_1184_p3  |  select  |      0|  0|  15|           1|          15|
    |select_ln45_35_fu_1206_p3  |  select  |      0|  0|  15|           1|          15|
    |select_ln45_36_fu_1228_p3  |  select  |      0|  0|  15|           1|          15|
    |select_ln45_37_fu_1250_p3  |  select  |      0|  0|  15|           1|          15|
    |select_ln45_38_fu_1272_p3  |  select  |      0|  0|  15|           1|          15|
    |select_ln45_39_fu_1294_p3  |  select  |      0|  0|  15|           1|          15|
    |select_ln45_3_fu_502_p3    |  select  |      0|  0|  15|           1|          15|
    |select_ln45_40_fu_1316_p3  |  select  |      0|  0|  15|           1|          15|
    |select_ln45_41_fu_1338_p3  |  select  |      0|  0|  15|           1|          15|
    |select_ln45_42_fu_1360_p3  |  select  |      0|  0|  15|           1|          15|
    |select_ln45_43_fu_1382_p3  |  select  |      0|  0|  15|           1|          15|
    |select_ln45_44_fu_1404_p3  |  select  |      0|  0|  15|           1|          15|
    |select_ln45_45_fu_1426_p3  |  select  |      0|  0|  15|           1|          15|
    |select_ln45_46_fu_1448_p3  |  select  |      0|  0|  15|           1|          15|
    |select_ln45_47_fu_1470_p3  |  select  |      0|  0|  15|           1|          15|
    |select_ln45_48_fu_1492_p3  |  select  |      0|  0|  15|           1|          15|
    |select_ln45_49_fu_1514_p3  |  select  |      0|  0|  15|           1|          15|
    |select_ln45_4_fu_524_p3    |  select  |      0|  0|  15|           1|          15|
    |select_ln45_50_fu_1536_p3  |  select  |      0|  0|  15|           1|          15|
    |select_ln45_5_fu_546_p3    |  select  |      0|  0|  15|           1|          15|
    |select_ln45_6_fu_568_p3    |  select  |      0|  0|  15|           1|          15|
    |select_ln45_7_fu_590_p3    |  select  |      0|  0|  15|           1|          15|
    |select_ln45_8_fu_612_p3    |  select  |      0|  0|  15|           1|          15|
    |select_ln45_9_fu_634_p3    |  select  |      0|  0|  15|           1|          15|
    |select_ln45_fu_436_p3      |  select  |      0|  0|  15|           1|          15|
    +---------------------------+----------+-------+---+----+------------+------------+
    |Total                      |          |      0|  0|1428|         867|         816|
    +---------------------------+----------+-------+---+----+------------+------------+

    * Multiplexer: 
    N/A

    * Register: 
    N/A



================================================================
== Interface
================================================================
* Summary: 
+-----------------+-----+-----+------------+------------------------------------------------------------------------+--------------+
|    RTL Ports    | Dir | Bits|  Protocol  |                              Source Object                             |    C Type    |
+-----------------+-----+-----+------------+------------------------------------------------------------------------+--------------+
|ap_ready         | out |    1| ap_ctrl_hs | relu<ap_fixed<16, 6, 5, 3, 0>, ap_fixed<16, 6, 5, 3, 0>, relu_config3> | return value |
|ap_return_0      | out |   16| ap_ctrl_hs | relu<ap_fixed<16, 6, 5, 3, 0>, ap_fixed<16, 6, 5, 3, 0>, relu_config3> | return value |
|ap_return_1      | out |   16| ap_ctrl_hs | relu<ap_fixed<16, 6, 5, 3, 0>, ap_fixed<16, 6, 5, 3, 0>, relu_config3> | return value |
|ap_return_2      | out |   16| ap_ctrl_hs | relu<ap_fixed<16, 6, 5, 3, 0>, ap_fixed<16, 6, 5, 3, 0>, relu_config3> | return value |
|ap_return_3      | out |   16| ap_ctrl_hs | relu<ap_fixed<16, 6, 5, 3, 0>, ap_fixed<16, 6, 5, 3, 0>, relu_config3> | return value |
|ap_return_4      | out |   16| ap_ctrl_hs | relu<ap_fixed<16, 6, 5, 3, 0>, ap_fixed<16, 6, 5, 3, 0>, relu_config3> | return value |
|ap_return_5      | out |   16| ap_ctrl_hs | relu<ap_fixed<16, 6, 5, 3, 0>, ap_fixed<16, 6, 5, 3, 0>, relu_config3> | return value |
|ap_return_6      | out |   16| ap_ctrl_hs | relu<ap_fixed<16, 6, 5, 3, 0>, ap_fixed<16, 6, 5, 3, 0>, relu_config3> | return value |
|ap_return_7      | out |   16| ap_ctrl_hs | relu<ap_fixed<16, 6, 5, 3, 0>, ap_fixed<16, 6, 5, 3, 0>, relu_config3> | return value |
|ap_return_8      | out |   16| ap_ctrl_hs | relu<ap_fixed<16, 6, 5, 3, 0>, ap_fixed<16, 6, 5, 3, 0>, relu_config3> | return value |
|ap_return_9      | out |   16| ap_ctrl_hs | relu<ap_fixed<16, 6, 5, 3, 0>, ap_fixed<16, 6, 5, 3, 0>, relu_config3> | return value |
|ap_return_10     | out |   16| ap_ctrl_hs | relu<ap_fixed<16, 6, 5, 3, 0>, ap_fixed<16, 6, 5, 3, 0>, relu_config3> | return value |
|ap_return_11     | out |   16| ap_ctrl_hs | relu<ap_fixed<16, 6, 5, 3, 0>, ap_fixed<16, 6, 5, 3, 0>, relu_config3> | return value |
|ap_return_12     | out |   16| ap_ctrl_hs | relu<ap_fixed<16, 6, 5, 3, 0>, ap_fixed<16, 6, 5, 3, 0>, relu_config3> | return value |
|ap_return_13     | out |   16| ap_ctrl_hs | relu<ap_fixed<16, 6, 5, 3, 0>, ap_fixed<16, 6, 5, 3, 0>, relu_config3> | return value |
|ap_return_14     | out |   16| ap_ctrl_hs | relu<ap_fixed<16, 6, 5, 3, 0>, ap_fixed<16, 6, 5, 3, 0>, relu_config3> | return value |
|ap_return_15     | out |   16| ap_ctrl_hs | relu<ap_fixed<16, 6, 5, 3, 0>, ap_fixed<16, 6, 5, 3, 0>, relu_config3> | return value |
|ap_return_16     | out |   16| ap_ctrl_hs | relu<ap_fixed<16, 6, 5, 3, 0>, ap_fixed<16, 6, 5, 3, 0>, relu_config3> | return value |
|ap_return_17     | out |   16| ap_ctrl_hs | relu<ap_fixed<16, 6, 5, 3, 0>, ap_fixed<16, 6, 5, 3, 0>, relu_config3> | return value |
|ap_return_18     | out |   16| ap_ctrl_hs | relu<ap_fixed<16, 6, 5, 3, 0>, ap_fixed<16, 6, 5, 3, 0>, relu_config3> | return value |
|ap_return_19     | out |   16| ap_ctrl_hs | relu<ap_fixed<16, 6, 5, 3, 0>, ap_fixed<16, 6, 5, 3, 0>, relu_config3> | return value |
|ap_return_20     | out |   16| ap_ctrl_hs | relu<ap_fixed<16, 6, 5, 3, 0>, ap_fixed<16, 6, 5, 3, 0>, relu_config3> | return value |
|ap_return_21     | out |   16| ap_ctrl_hs | relu<ap_fixed<16, 6, 5, 3, 0>, ap_fixed<16, 6, 5, 3, 0>, relu_config3> | return value |
|ap_return_22     | out |   16| ap_ctrl_hs | relu<ap_fixed<16, 6, 5, 3, 0>, ap_fixed<16, 6, 5, 3, 0>, relu_config3> | return value |
|ap_return_23     | out |   16| ap_ctrl_hs | relu<ap_fixed<16, 6, 5, 3, 0>, ap_fixed<16, 6, 5, 3, 0>, relu_config3> | return value |
|ap_return_24     | out |   16| ap_ctrl_hs | relu<ap_fixed<16, 6, 5, 3, 0>, ap_fixed<16, 6, 5, 3, 0>, relu_config3> | return value |
|ap_return_25     | out |   16| ap_ctrl_hs | relu<ap_fixed<16, 6, 5, 3, 0>, ap_fixed<16, 6, 5, 3, 0>, relu_config3> | return value |
|ap_return_26     | out |   16| ap_ctrl_hs | relu<ap_fixed<16, 6, 5, 3, 0>, ap_fixed<16, 6, 5, 3, 0>, relu_config3> | return value |
|ap_return_27     | out |   16| ap_ctrl_hs | relu<ap_fixed<16, 6, 5, 3, 0>, ap_fixed<16, 6, 5, 3, 0>, relu_config3> | return value |
|ap_return_28     | out |   16| ap_ctrl_hs | relu<ap_fixed<16, 6, 5, 3, 0>, ap_fixed<16, 6, 5, 3, 0>, relu_config3> | return value |
|ap_return_29     | out |   16| ap_ctrl_hs | relu<ap_fixed<16, 6, 5, 3, 0>, ap_fixed<16, 6, 5, 3, 0>, relu_config3> | return value |
|ap_return_30     | out |   16| ap_ctrl_hs | relu<ap_fixed<16, 6, 5, 3, 0>, ap_fixed<16, 6, 5, 3, 0>, relu_config3> | return value |
|ap_return_31     | out |   16| ap_ctrl_hs | relu<ap_fixed<16, 6, 5, 3, 0>, ap_fixed<16, 6, 5, 3, 0>, relu_config3> | return value |
|ap_return_32     | out |   16| ap_ctrl_hs | relu<ap_fixed<16, 6, 5, 3, 0>, ap_fixed<16, 6, 5, 3, 0>, relu_config3> | return value |
|ap_return_33     | out |   16| ap_ctrl_hs | relu<ap_fixed<16, 6, 5, 3, 0>, ap_fixed<16, 6, 5, 3, 0>, relu_config3> | return value |
|ap_return_34     | out |   16| ap_ctrl_hs | relu<ap_fixed<16, 6, 5, 3, 0>, ap_fixed<16, 6, 5, 3, 0>, relu_config3> | return value |
|ap_return_35     | out |   16| ap_ctrl_hs | relu<ap_fixed<16, 6, 5, 3, 0>, ap_fixed<16, 6, 5, 3, 0>, relu_config3> | return value |
|ap_return_36     | out |   16| ap_ctrl_hs | relu<ap_fixed<16, 6, 5, 3, 0>, ap_fixed<16, 6, 5, 3, 0>, relu_config3> | return value |
|ap_return_37     | out |   16| ap_ctrl_hs | relu<ap_fixed<16, 6, 5, 3, 0>, ap_fixed<16, 6, 5, 3, 0>, relu_config3> | return value |
|ap_return_38     | out |   16| ap_ctrl_hs | relu<ap_fixed<16, 6, 5, 3, 0>, ap_fixed<16, 6, 5, 3, 0>, relu_config3> | return value |
|ap_return_39     | out |   16| ap_ctrl_hs | relu<ap_fixed<16, 6, 5, 3, 0>, ap_fixed<16, 6, 5, 3, 0>, relu_config3> | return value |
|ap_return_40     | out |   16| ap_ctrl_hs | relu<ap_fixed<16, 6, 5, 3, 0>, ap_fixed<16, 6, 5, 3, 0>, relu_config3> | return value |
|ap_return_41     | out |   16| ap_ctrl_hs | relu<ap_fixed<16, 6, 5, 3, 0>, ap_fixed<16, 6, 5, 3, 0>, relu_config3> | return value |
|ap_return_42     | out |   16| ap_ctrl_hs | relu<ap_fixed<16, 6, 5, 3, 0>, ap_fixed<16, 6, 5, 3, 0>, relu_config3> | return value |
|ap_return_43     | out |   16| ap_ctrl_hs | relu<ap_fixed<16, 6, 5, 3, 0>, ap_fixed<16, 6, 5, 3, 0>, relu_config3> | return value |
|ap_return_44     | out |   16| ap_ctrl_hs | relu<ap_fixed<16, 6, 5, 3, 0>, ap_fixed<16, 6, 5, 3, 0>, relu_config3> | return value |
|ap_return_45     | out |   16| ap_ctrl_hs | relu<ap_fixed<16, 6, 5, 3, 0>, ap_fixed<16, 6, 5, 3, 0>, relu_config3> | return value |
|ap_return_46     | out |   16| ap_ctrl_hs | relu<ap_fixed<16, 6, 5, 3, 0>, ap_fixed<16, 6, 5, 3, 0>, relu_config3> | return value |
|ap_return_47     | out |   16| ap_ctrl_hs | relu<ap_fixed<16, 6, 5, 3, 0>, ap_fixed<16, 6, 5, 3, 0>, relu_config3> | return value |
|ap_return_48     | out |   16| ap_ctrl_hs | relu<ap_fixed<16, 6, 5, 3, 0>, ap_fixed<16, 6, 5, 3, 0>, relu_config3> | return value |
|ap_return_49     | out |   16| ap_ctrl_hs | relu<ap_fixed<16, 6, 5, 3, 0>, ap_fixed<16, 6, 5, 3, 0>, relu_config3> | return value |
|ap_return_50     | out |   16| ap_ctrl_hs | relu<ap_fixed<16, 6, 5, 3, 0>, ap_fixed<16, 6, 5, 3, 0>, relu_config3> | return value |
|data_0_V_read    |  in |   16|   ap_none  |                              data_0_V_read                             |    scalar    |
|data_1_V_read    |  in |   16|   ap_none  |                              data_1_V_read                             |    scalar    |
|data_2_V_read    |  in |   16|   ap_none  |                              data_2_V_read                             |    scalar    |
|data_3_V_read    |  in |   16|   ap_none  |                              data_3_V_read                             |    scalar    |
|data_5_V_read    |  in |   16|   ap_none  |                              data_5_V_read                             |    scalar    |
|data_7_V_read    |  in |   16|   ap_none  |                              data_7_V_read                             |    scalar    |
|data_8_V_read    |  in |   16|   ap_none  |                              data_8_V_read                             |    scalar    |
|data_10_V_read   |  in |   16|   ap_none  |                             data_10_V_read                             |    scalar    |
|data_12_V_read   |  in |   16|   ap_none  |                             data_12_V_read                             |    scalar    |
|data_15_V_read   |  in |   16|   ap_none  |                             data_15_V_read                             |    scalar    |
|data_16_V_read   |  in |   16|   ap_none  |                             data_16_V_read                             |    scalar    |
|data_19_V_read   |  in |   16|   ap_none  |                             data_19_V_read                             |    scalar    |
|data_23_V_read   |  in |   16|   ap_none  |                             data_23_V_read                             |    scalar    |
|data_28_V_read   |  in |   16|   ap_none  |                             data_28_V_read                             |    scalar    |
|data_30_V_read   |  in |   16|   ap_none  |                             data_30_V_read                             |    scalar    |
|data_31_V_read   |  in |   16|   ap_none  |                             data_31_V_read                             |    scalar    |
|data_32_V_read   |  in |   16|   ap_none  |                             data_32_V_read                             |    scalar    |
|data_33_V_read   |  in |   16|   ap_none  |                             data_33_V_read                             |    scalar    |
|data_37_V_read   |  in |   16|   ap_none  |                             data_37_V_read                             |    scalar    |
|data_41_V_read   |  in |   16|   ap_none  |                             data_41_V_read                             |    scalar    |
|data_42_V_read   |  in |   16|   ap_none  |                             data_42_V_read                             |    scalar    |
|data_44_V_read   |  in |   16|   ap_none  |                             data_44_V_read                             |    scalar    |
|data_45_V_read   |  in |   16|   ap_none  |                             data_45_V_read                             |    scalar    |
|data_46_V_read   |  in |   16|   ap_none  |                             data_46_V_read                             |    scalar    |
|data_48_V_read   |  in |   16|   ap_none  |                             data_48_V_read                             |    scalar    |
|data_50_V_read   |  in |   16|   ap_none  |                             data_50_V_read                             |    scalar    |
|data_52_V_read   |  in |   16|   ap_none  |                             data_52_V_read                             |    scalar    |
|data_55_V_read   |  in |   16|   ap_none  |                             data_55_V_read                             |    scalar    |
|data_57_V_read   |  in |   16|   ap_none  |                             data_57_V_read                             |    scalar    |
|data_63_V_read   |  in |   16|   ap_none  |                             data_63_V_read                             |    scalar    |
|data_64_V_read   |  in |   16|   ap_none  |                             data_64_V_read                             |    scalar    |
|data_65_V_read   |  in |   16|   ap_none  |                             data_65_V_read                             |    scalar    |
|data_70_V_read   |  in |   16|   ap_none  |                             data_70_V_read                             |    scalar    |
|data_72_V_read   |  in |   16|   ap_none  |                             data_72_V_read                             |    scalar    |
|data_76_V_read   |  in |   16|   ap_none  |                             data_76_V_read                             |    scalar    |
|data_88_V_read   |  in |   16|   ap_none  |                             data_88_V_read                             |    scalar    |
|data_89_V_read   |  in |   16|   ap_none  |                             data_89_V_read                             |    scalar    |
|data_90_V_read   |  in |   16|   ap_none  |                             data_90_V_read                             |    scalar    |
|data_91_V_read   |  in |   16|   ap_none  |                             data_91_V_read                             |    scalar    |
|data_96_V_read   |  in |   16|   ap_none  |                             data_96_V_read                             |    scalar    |
|data_99_V_read   |  in |   16|   ap_none  |                             data_99_V_read                             |    scalar    |
|data_102_V_read  |  in |   16|   ap_none  |                             data_102_V_read                            |    scalar    |
|data_103_V_read  |  in |   16|   ap_none  |                             data_103_V_read                            |    scalar    |
|data_104_V_read  |  in |   16|   ap_none  |                             data_104_V_read                            |    scalar    |
|data_105_V_read  |  in |   16|   ap_none  |                             data_105_V_read                            |    scalar    |
|data_110_V_read  |  in |   16|   ap_none  |                             data_110_V_read                            |    scalar    |
|data_114_V_read  |  in |   16|   ap_none  |                             data_114_V_read                            |    scalar    |
|data_116_V_read  |  in |   16|   ap_none  |                             data_116_V_read                            |    scalar    |
|data_118_V_read  |  in |   16|   ap_none  |                             data_118_V_read                            |    scalar    |
|data_123_V_read  |  in |   16|   ap_none  |                             data_123_V_read                            |    scalar    |
|data_125_V_read  |  in |   16|   ap_none  |                             data_125_V_read                            |    scalar    |
+-----------------+-----+-----+------------+------------------------------------------------------------------------+--------------+

