
****** Vivado(TM) HLS - High-Level Synthesis from C, C++ and SystemC v2020.1 (64-bit)
  **** SW Build 2902540 on Wed May 27 19:54:35 MDT 2020
  **** IP Build 2902112 on Wed May 27 22:43:36 MDT 2020
    ** Copyright 1986-2020 Xilinx, Inc. All Rights Reserved.

source /home/pominiq/Vivado/2020.1/scripts/vivado_hls/hls.tcl -notrace
INFO: [HLS 200-10] Running '/home/pominiq/Vivado/2020.1/bin/unwrapped/lnx64.o/vivado_hls'
INFO: [HLS 200-10] For user 'pominiq' on host 'Lenovo-ideapad-510S-14IKB' (Linux_x86_64 version 6.2.0-36-generic) on Mon Nov 06 20:15:16 CET 2023
INFO: [HLS 200-10] On os Ubuntu 22.04.3 LTS
INFO: [HLS 200-10] In directory '/home/pominiq/ProjectFolder/model_1/hls4ml_prj'
Sourcing Tcl script 'build_prj.tcl'
INFO: [HLS 200-10] Opening project '/home/pominiq/ProjectFolder/model_1/hls4ml_prj/myproject_prj'.
INFO: [HLS 200-10] Adding design file 'firmware/myproject.cpp' to the project
INFO: [HLS 200-10] Adding test bench file 'myproject_test.cpp' to the project
INFO: [HLS 200-10] Adding test bench file 'firmware/weights' to the project
INFO: [HLS 200-10] Adding test bench file 'tb_data' to the project
INFO: [HLS 200-10] Opening solution '/home/pominiq/ProjectFolder/model_1/hls4ml_prj/myproject_prj/solution1'.
INFO: [SYN 201-201] Setting up clock 'default' with a period of 10ns.
INFO: [SYN 201-201] Setting up clock 'default' with an uncertainty of 1.25ns.
INFO: [HLS 200-10] Setting target device to 'xc7z020-clg400-1'
INFO: [XFORM 203-101] Allowed max sub elements number after partition is 4096.
INFO: [XFORM 203-1161] The maximum of name length is set into 80.
INFO: [XFORM 203-101] Allowed max sub elements number after partition is 4096.
INFO: [XFORM 203-1161] The maximum of name length is set into 80.
***** C/RTL SYNTHESIS *****
INFO: [SCHED 204-61] Option 'relax_ii_for_timing' is enabled, will increase II to preserve clock frequency constraints.
INFO: [HLS 200-10] Analyzing design file 'firmware/myproject.cpp' ... 
WARNING: [HLS 214-113] Either use an argument of the function or declare the variable inside the dataflow loop body: firmware/myproject.cpp:35:72
WARNING: [HLS 214-113] Either use an argument of the function or declare the variable inside the dataflow loop body: firmware/myproject.cpp:35:76
WARNING: [HLS 214-113] Either use an argument of the function or declare the variable inside the dataflow loop body: firmware/myproject.cpp:48:67
WARNING: [HLS 214-113] Either use an argument of the function or declare the variable inside the dataflow loop body: firmware/myproject.cpp:48:71
WARNING: [HLS 200-471] Dataflow form checks found 4 issue(s) in file firmware/myproject.cpp
INFO: [HLS 200-111] Finished Linking Time (s): cpu = 00:00:31 ; elapsed = 00:00:32 . Memory (MB): peak = 1629.246 ; gain = 1225.754 ; free physical = 748 ; free virtual = 4452
INFO: [HLS 200-111] Finished Checking Pragmas Time (s): cpu = 00:00:31 ; elapsed = 00:00:32 . Memory (MB): peak = 1629.246 ; gain = 1225.754 ; free physical = 747 ; free virtual = 4452
INFO: [HLS 200-10] Starting code transformations ...
INFO: [HLS 200-489] Unrolling loop 'LineBufferShift' (firmware/nnet_utils/nnet_conv_stream.h:244) in function 'void nnet::shift_line_buffer<nnet::array<ap_fixed<16, 8, (ap_q_mode)5, (ap_o_mode)3, 0>, 4u>, config4>(FORWARD_REFERENCE const&, ap_shift_reg<FORWARD_REFERENCE::value_type, FORWARD_REFERENCE::in_width> (*) [FORWARD_REFERENCE::n_chan], FORWARD_REFERENCE::value_type*)' completely with a factor of 1.
INFO: [HLS 200-489] Unrolling loop 'UpdateBuffer' (firmware/nnet_utils/nnet_conv_stream.h:233) in function 'void nnet::shift_line_buffer<nnet::array<ap_fixed<16, 8, (ap_q_mode)5, (ap_o_mode)3, 0>, 1u>, config2>(FORWARD_REFERENCE const&, ap_shift_reg<FORWARD_REFERENCE::value_type, FORWARD_REFERENCE::in_width> (*) [FORWARD_REFERENCE::n_chan], FORWARD_REFERENCE::value_type*)' completely with a factor of 1.
INFO: [XFORM 203-603] Inlining function 'nnet::array<ap_fixed<16, 8, (ap_q_mode)5, (ap_o_mode)3, 0>, 1u>::operator[]' into 'nnet::shift_line_buffer<nnet::array<ap_fixed<16, 8, (ap_q_mode)5, (ap_o_mode)3, 0>, 1u>, config2>' (firmware/nnet_utils/nnet_conv_stream.h:237).
INFO: [XFORM 203-603] Inlining function 'nnet::kernel_shift_2d<nnet::array<ap_fixed<16, 8, (ap_q_mode)5, (ap_o_mode)3, 0>, 1u>, config2>' into 'nnet::shift_line_buffer<nnet::array<ap_fixed<16, 8, (ap_q_mode)5, (ap_o_mode)3, 0>, 1u>, config2>' (firmware/nnet_utils/nnet_conv_stream.h:252).
INFO: [XFORM 203-603] Inlining function 'nnet::product::mult<ap_fixed<16, 8, (ap_q_mode)5, (ap_o_mode)3, 0>, ap_fixed<16, 8, (ap_q_mode)5, (ap_o_mode)3, 0> >::product' into 'nnet::dense_latency<ap_fixed<16, 8, (ap_q_mode)5, (ap_o_mode)3, 0>, ap_fixed<16, 8, (ap_q_mode)5, (ap_o_mode)3, 0>, config2_mult>' (firmware/nnet_utils/nnet_dense_latency.h:42).
INFO: [XFORM 203-603] Inlining function 'nnet::product::mult<ap_fixed<16, 8, (ap_q_mode)5, (ap_o_mode)3, 0>, ap_fixed<16, 8, (ap_q_mode)5, (ap_o_mode)3, 0> >::product' into 'nnet::dense_latency<ap_fixed<16, 8, (ap_q_mode)5, (ap_o_mode)3, 0>, ap_fixed<16, 8, (ap_q_mode)5, (ap_o_mode)3, 0>, config6>' (firmware/nnet_utils/nnet_dense_latency.h:42).
INFO: [XFORM 203-603] Inlining function 'nnet::array<ap_fixed<16, 8, (ap_q_mode)5, (ap_o_mode)3, 0>, 4u>::operator[]' into 'nnet::compute_output_buffer_2d<nnet::array<ap_fixed<16, 8, (ap_q_mode)5, (ap_o_mode)3, 0>, 1u>, nnet::array<ap_fixed<16, 8, (ap_q_mode)5, (ap_o_mode)3, 0>, 4u>, config2>' (firmware/nnet_utils/nnet_conv_stream.h:305).
INFO: [XFORM 203-603] Inlining function 'nnet::array<ap_fixed<16, 8, (ap_q_mode)5, (ap_o_mode)3, 0>, 4u>::operator[]' into 'nnet::compute_pool_buffer_2d<nnet::array<ap_fixed<16, 8, (ap_q_mode)5, (ap_o_mode)3, 0>, 4u>, nnet::array<ap_fixed<16, 8, (ap_q_mode)5, (ap_o_mode)3, 0>, 4u>, config4>' (firmware/nnet_utils/nnet_pooling_stream.h:203).
INFO: [XFORM 203-603] Inlining function 'nnet::array<ap_fixed<16, 8, (ap_q_mode)5, (ap_o_mode)3, 0>, 4u>::operator[]' into 'nnet::dense<nnet::array<ap_fixed<16, 8, (ap_q_mode)5, (ap_o_mode)3, 0>, 4u>, nnet::array<ap_fixed<16, 8, (ap_q_mode)5, (ap_o_mode)3, 0>, 12u>, config6>' (firmware/nnet_utils/nnet_dense_stream.h:44).
INFO: [XFORM 203-603] Inlining function 'nnet::array<ap_fixed<16, 8, (ap_q_mode)5, (ap_o_mode)3, 0>, 4u>::operator[]' into 'nnet::relu<nnet::array<ap_fixed<16, 8, (ap_q_mode)5, (ap_o_mode)3, 0>, 4u>, nnet::array<ap_fixed<16, 8, (ap_q_mode)5, (ap_o_mode)3, 0>, 4u>, relu_config3>' (firmware/nnet_utils/nnet_activation_stream.h:54).
INFO: [XFORM 203-603] Inlining function 'nnet::array<ap_fixed<16, 8, (ap_q_mode)5, (ap_o_mode)3, 0>, 4u>::operator[]' into 'nnet::relu<nnet::array<ap_fixed<16, 8, (ap_q_mode)5, (ap_o_mode)3, 0>, 4u>, nnet::array<ap_fixed<16, 8, (ap_q_mode)5, (ap_o_mode)3, 0>, 4u>, relu_config3>' (firmware/nnet_utils/nnet_activation_stream.h:52).
INFO: [XFORM 203-603] Inlining function 'nnet::array<ap_fixed<16, 8, (ap_q_mode)5, (ap_o_mode)3, 0>, 4u>::operator[]' into 'nnet::relu<nnet::array<ap_fixed<16, 8, (ap_q_mode)5, (ap_o_mode)3, 0>, 4u>, nnet::array<ap_fixed<16, 8, (ap_q_mode)5, (ap_o_mode)3, 0>, 4u>, relu_config3>' (firmware/nnet_utils/nnet_activation_stream.h:52).
INFO: [XFORM 203-603] Inlining function 'nnet::array<ap_fixed<16, 8, (ap_q_mode)5, (ap_o_mode)3, 0>, 4u>::operator[]' into 'nnet::relu<nnet::array<ap_fixed<16, 8, (ap_q_mode)5, (ap_o_mode)3, 0>, 4u>, nnet::array<ap_fixed<16, 8, (ap_q_mode)5, (ap_o_mode)3, 0>, 4u>, relu_config3>' (firmware/nnet_utils/nnet_activation_stream.h:51).
INFO: [XFORM 203-603] Inlining function 'nnet::conv_2d_buffer_cl<nnet::array<ap_fixed<16, 8, (ap_q_mode)5, (ap_o_mode)3, 0>, 1u>, nnet::array<ap_fixed<16, 8, (ap_q_mode)5, (ap_o_mode)3, 0>, 4u>, config2>' into 'nnet::conv_2d_cl<nnet::array<ap_fixed<16, 8, (ap_q_mode)5, (ap_o_mode)3, 0>, 1u>, nnet::array<ap_fixed<16, 8, (ap_q_mode)5, (ap_o_mode)3, 0>, 4u>, config2>' (firmware/nnet_utils/nnet_conv2d_stream.h:103).
INFO: [XFORM 203-603] Inlining function 'nnet::array<ap_fixed<16, 8, (ap_q_mode)5, (ap_o_mode)3, 0>, 4u>::operator[].1' into 'nnet::shift_line_buffer<nnet::array<ap_fixed<16, 8, (ap_q_mode)5, (ap_o_mode)3, 0>, 4u>, config4>' (firmware/nnet_utils/nnet_conv_stream.h:237).
INFO: [XFORM 203-603] Inlining function 'nnet::kernel_shift_2d<nnet::array<ap_fixed<16, 8, (ap_q_mode)5, (ap_o_mode)3, 0>, 4u>, config4>' into 'nnet::shift_line_buffer<nnet::array<ap_fixed<16, 8, (ap_q_mode)5, (ap_o_mode)3, 0>, 4u>, config4>' (firmware/nnet_utils/nnet_conv_stream.h:252).
INFO: [XFORM 203-603] Inlining function 'nnet::reduce_pool<ap_fixed<16, 8, (ap_q_mode)5, (ap_o_mode)3, 0>, 4, config4>' into 'nnet::compute_pool_buffer_2d<nnet::array<ap_fixed<16, 8, (ap_q_mode)5, (ap_o_mode)3, 0>, 4u>, nnet::array<ap_fixed<16, 8, (ap_q_mode)5, (ap_o_mode)3, 0>, 4u>, config4>' (firmware/nnet_utils/nnet_pooling_stream.h:204).
INFO: [XFORM 203-603] Inlining function 'nnet::compute_pool_buffer_2d<nnet::array<ap_fixed<16, 8, (ap_q_mode)5, (ap_o_mode)3, 0>, 4u>, nnet::array<ap_fixed<16, 8, (ap_q_mode)5, (ap_o_mode)3, 0>, 4u>, config4>' into 'nnet::pooling2d_buffer_cl<nnet::array<ap_fixed<16, 8, (ap_q_mode)5, (ap_o_mode)3, 0>, 4u>, nnet::array<ap_fixed<16, 8, (ap_q_mode)5, (ap_o_mode)3, 0>, 4u>, config4>' (firmware/nnet_utils/nnet_pooling_stream.h:247).
INFO: [XFORM 203-603] Inlining function 'nnet::pooling2d_buffer_cl<nnet::array<ap_fixed<16, 8, (ap_q_mode)5, (ap_o_mode)3, 0>, 4u>, nnet::array<ap_fixed<16, 8, (ap_q_mode)5, (ap_o_mode)3, 0>, 4u>, config4>' into 'nnet::pooling2d_cl<nnet::array<ap_fixed<16, 8, (ap_q_mode)5, (ap_o_mode)3, 0>, 4u>, nnet::array<ap_fixed<16, 8, (ap_q_mode)5, (ap_o_mode)3, 0>, 4u>, config4>' (firmware/nnet_utils/nnet_pooling_stream.h:257).
INFO: [XFORM 203-603] Inlining function 'nnet::shift_line_buffer<nnet::array<ap_fixed<16, 8, (ap_q_mode)5, (ap_o_mode)3, 0>, 4u>, config4>' into 'nnet::pooling2d_cl<nnet::array<ap_fixed<16, 8, (ap_q_mode)5, (ap_o_mode)3, 0>, 4u>, nnet::array<ap_fixed<16, 8, (ap_q_mode)5, (ap_o_mode)3, 0>, 4u>, config4>' (firmware/nnet_utils/nnet_pooling_stream.h:188->firmware/nnet_utils/nnet_pooling_stream.h:247->firmware/nnet_utils/nnet_pooling_stream.h:257).
INFO: [XFORM 203-603] Inlining function 'nnet::reduce<ap_fixed<16, 8, (ap_q_mode)5, (ap_o_mode)3, 0>, 4, nnet::Op_max<ap_fixed<16, 8, (ap_q_mode)5, (ap_o_mode)3, 0> > >' into 'nnet::pooling2d_cl<nnet::array<ap_fixed<16, 8, (ap_q_mode)5, (ap_o_mode)3, 0>, 4u>, nnet::array<ap_fixed<16, 8, (ap_q_mode)5, (ap_o_mode)3, 0>, 4u>, config4>' (firmware/nnet_utils/nnet_pooling_stream.h:21->firmware/nnet_utils/nnet_pooling_stream.h:204->firmware/nnet_utils/nnet_pooling_stream.h:247->firmware/nnet_utils/nnet_pooling_stream.h:257).
INFO: [XFORM 203-603] Inlining function 'nnet::reduce<ap_fixed<16, 8, (ap_q_mode)5, (ap_o_mode)3, 0>, 2, nnet::Op_max<ap_fixed<16, 8, (ap_q_mode)5, (ap_o_mode)3, 0> > >' into 'nnet::pooling2d_cl<nnet::array<ap_fixed<16, 8, (ap_q_mode)5, (ap_o_mode)3, 0>, 4u>, nnet::array<ap_fixed<16, 8, (ap_q_mode)5, (ap_o_mode)3, 0>, 4u>, config4>' (firmware/nnet_utils/nnet_common.h:45->firmware/nnet_utils/nnet_pooling_stream.h:21->firmware/nnet_utils/nnet_pooling_stream.h:204->firmware/nnet_utils/nnet_pooling_stream.h:247->firmware/nnet_utils/nnet_pooling_stream.h:257).
INFO: [XFORM 203-603] Inlining function 'nnet::reduce<ap_fixed<16, 8, (ap_q_mode)5, (ap_o_mode)3, 0>, 2, nnet::Op_max<ap_fixed<16, 8, (ap_q_mode)5, (ap_o_mode)3, 0> > >' into 'nnet::pooling2d_cl<nnet::array<ap_fixed<16, 8, (ap_q_mode)5, (ap_o_mode)3, 0>, 4u>, nnet::array<ap_fixed<16, 8, (ap_q_mode)5, (ap_o_mode)3, 0>, 4u>, config4>' (firmware/nnet_utils/nnet_common.h:45->firmware/nnet_utils/nnet_pooling_stream.h:21->firmware/nnet_utils/nnet_pooling_stream.h:204->firmware/nnet_utils/nnet_pooling_stream.h:247->firmware/nnet_utils/nnet_pooling_stream.h:257).
INFO: [XFORM 203-603] Inlining function 'nnet::Op_max<ap_fixed<16, 8, (ap_q_mode)5, (ap_o_mode)3, 0> >::operator()' into 'nnet::pooling2d_cl<nnet::array<ap_fixed<16, 8, (ap_q_mode)5, (ap_o_mode)3, 0>, 4u>, nnet::array<ap_fixed<16, 8, (ap_q_mode)5, (ap_o_mode)3, 0>, 4u>, config4>' (firmware/nnet_utils/nnet_common.h:45->firmware/nnet_utils/nnet_pooling_stream.h:21->firmware/nnet_utils/nnet_pooling_stream.h:204->firmware/nnet_utils/nnet_pooling_stream.h:247->firmware/nnet_utils/nnet_pooling_stream.h:257).
INFO: [XFORM 203-603] Inlining function 'nnet::Op_max<ap_fixed<16, 8, (ap_q_mode)5, (ap_o_mode)3, 0> >::operator()' into 'nnet::pooling2d_cl<nnet::array<ap_fixed<16, 8, (ap_q_mode)5, (ap_o_mode)3, 0>, 4u>, nnet::array<ap_fixed<16, 8, (ap_q_mode)5, (ap_o_mode)3, 0>, 4u>, config4>' (firmware/nnet_utils/nnet_common.h:43->firmware/nnet_utils/nnet_common.h:45->firmware/nnet_utils/nnet_pooling_stream.h:21->firmware/nnet_utils/nnet_pooling_stream.h:204->firmware/nnet_utils/nnet_pooling_stream.h:247->firmware/nnet_utils/nnet_pooling_stream.h:257).
INFO: [XFORM 203-603] Inlining function 'nnet::Op_max<ap_fixed<16, 8, (ap_q_mode)5, (ap_o_mode)3, 0> >::operator()' into 'nnet::pooling2d_cl<nnet::array<ap_fixed<16, 8, (ap_q_mode)5, (ap_o_mode)3, 0>, 4u>, nnet::array<ap_fixed<16, 8, (ap_q_mode)5, (ap_o_mode)3, 0>, 4u>, config4>' (firmware/nnet_utils/nnet_common.h:43->firmware/nnet_utils/nnet_common.h:45->firmware/nnet_utils/nnet_pooling_stream.h:21->firmware/nnet_utils/nnet_pooling_stream.h:204->firmware/nnet_utils/nnet_pooling_stream.h:247->firmware/nnet_utils/nnet_pooling_stream.h:257).
INFO: [XFORM 203-603] Inlining function 'nnet::dense_latency<ap_fixed<16, 8, (ap_q_mode)5, (ap_o_mode)3, 0>, ap_fixed<16, 8, (ap_q_mode)5, (ap_o_mode)3, 0>, config6>' into 'nnet::dense_wrapper<ap_fixed<16, 8, (ap_q_mode)5, (ap_o_mode)3, 0>, ap_fixed<16, 8, (ap_q_mode)5, (ap_o_mode)3, 0>, config6>' (firmware/nnet_utils/nnet_dense_stream.h:19).
INFO: [XFORM 203-603] Inlining function 'nnet::cast<ap_fixed<16, 8, (ap_q_mode)5, (ap_o_mode)3, 0>, ap_fixed<16, 8, (ap_q_mode)5, (ap_o_mode)3, 0>, config6>' into 'nnet::dense_wrapper<ap_fixed<16, 8, (ap_q_mode)5, (ap_o_mode)3, 0>, ap_fixed<16, 8, (ap_q_mode)5, (ap_o_mode)3, 0>, config6>' (firmware/nnet_utils/nnet_dense_latency.h:66->firmware/nnet_utils/nnet_dense_stream.h:19).
INFO: [XFORM 203-603] Inlining function 'nnet::array<ap_fixed<16, 8, (ap_q_mode)5, (ap_o_mode)3, 0>, 12u>::operator[]' into 'nnet::softmax_stable<nnet::array<ap_fixed<16, 8, (ap_q_mode)5, (ap_o_mode)3, 0>, 12u>, nnet::array<ap_fixed<16, 8, (ap_q_mode)5, (ap_o_mode)3, 0>, 12u>, softmax_config7>' (firmware/nnet_utils/nnet_activation_stream.h:244).
INFO: [XFORM 203-603] Inlining function 'nnet::array<ap_fixed<16, 8, (ap_q_mode)5, (ap_o_mode)3, 0>, 12u>::operator[]' into 'nnet::softmax_stable<nnet::array<ap_fixed<16, 8, (ap_q_mode)5, (ap_o_mode)3, 0>, 12u>, nnet::array<ap_fixed<16, 8, (ap_q_mode)5, (ap_o_mode)3, 0>, 12u>, softmax_config7>' (firmware/nnet_utils/nnet_activation_stream.h:203).
INFO: [XFORM 203-603] Inlining function 'nnet::array<ap_fixed<16, 8, (ap_q_mode)5, (ap_o_mode)3, 0>, 12u>::operator[]' into 'nnet::dense<nnet::array<ap_fixed<16, 8, (ap_q_mode)5, (ap_o_mode)3, 0>, 4u>, nnet::array<ap_fixed<16, 8, (ap_q_mode)5, (ap_o_mode)3, 0>, 12u>, config6>' (firmware/nnet_utils/nnet_dense_stream.h:60).
INFO: [HLS 200-111] Finished Standard Transforms Time (s): cpu = 00:00:37 ; elapsed = 00:00:38 . Memory (MB): peak = 1629.246 ; gain = 1225.754 ; free physical = 630 ; free virtual = 4351
INFO: [HLS 200-10] Checking synthesizability ...
INFO: [XFORM 203-602] Inlining function 'nnet::cast<ap_fixed<16, 8, (ap_q_mode)5, (ap_o_mode)3, 0>, ap_fixed<16, 8, (ap_q_mode)5, (ap_o_mode)3, 0>, config2_mult>' into 'nnet::dense_latency<ap_fixed<16, 8, (ap_q_mode)5, (ap_o_mode)3, 0>, ap_fixed<16, 8, (ap_q_mode)5, (ap_o_mode)3, 0>, config2_mult>' (firmware/nnet_utils/nnet_dense_latency.h:66) automatically.
INFO: [XFORM 203-602] Inlining function 'nnet::Op_max<ap_fixed<16, 8, (ap_q_mode)5, (ap_o_mode)3, 0> >::operator()' into 'nnet::reduce<ap_fixed<16, 8, (ap_q_mode)5, (ap_o_mode)3, 0>, 2, nnet::Op_max<ap_fixed<16, 8, (ap_q_mode)5, (ap_o_mode)3, 0> > >' (firmware/nnet_utils/nnet_common.h:43) automatically.
INFO: [XFORM 203-602] Inlining function 'nnet::reduce<ap_fixed<16, 8, (ap_q_mode)5, (ap_o_mode)3, 0>, 2, nnet::Op_max<ap_fixed<16, 8, (ap_q_mode)5, (ap_o_mode)3, 0> > >' into 'nnet::reduce<ap_fixed<16, 8, (ap_q_mode)5, (ap_o_mode)3, 0>, 4, nnet::Op_max<ap_fixed<16, 8, (ap_q_mode)5, (ap_o_mode)3, 0> > >' (firmware/nnet_utils/nnet_common.h:45) automatically.
INFO: [XFORM 203-602] Inlining function 'nnet::Op_max<ap_fixed<16, 8, (ap_q_mode)5, (ap_o_mode)3, 0> >::operator()' into 'nnet::reduce<ap_fixed<16, 8, (ap_q_mode)5, (ap_o_mode)3, 0>, 4, nnet::Op_max<ap_fixed<16, 8, (ap_q_mode)5, (ap_o_mode)3, 0> > >' (firmware/nnet_utils/nnet_common.h:45) automatically.
INFO: [XFORM 203-602] Inlining function 'nnet::Op_max<ap_fixed<16, 8, (ap_q_mode)5, (ap_o_mode)3, 0> >::operator()' into 'nnet::reduce<ap_fixed<16, 8, (ap_q_mode)5, (ap_o_mode)3, 0>, 8, nnet::Op_max<ap_fixed<16, 8, (ap_q_mode)5, (ap_o_mode)3, 0> > >' (firmware/nnet_utils/nnet_common.h:45) automatically.
INFO: [XFORM 203-602] Inlining function 'nnet::reduce<ap_fixed<16, 8, (ap_q_mode)5, (ap_o_mode)3, 0>, 8, nnet::Op_max<ap_fixed<16, 8, (ap_q_mode)5, (ap_o_mode)3, 0> > >' into 'nnet::reduce<ap_fixed<16, 8, (ap_q_mode)5, (ap_o_mode)3, 0>, 12, nnet::Op_max<ap_fixed<16, 8, (ap_q_mode)5, (ap_o_mode)3, 0> > >' (firmware/nnet_utils/nnet_common.h:45) automatically.
INFO: [XFORM 203-602] Inlining function 'nnet::reduce<ap_fixed<16, 8, (ap_q_mode)5, (ap_o_mode)3, 0>, 4, nnet::Op_max<ap_fixed<16, 8, (ap_q_mode)5, (ap_o_mode)3, 0> > >' into 'nnet::reduce<ap_fixed<16, 8, (ap_q_mode)5, (ap_o_mode)3, 0>, 12, nnet::Op_max<ap_fixed<16, 8, (ap_q_mode)5, (ap_o_mode)3, 0> > >' (firmware/nnet_utils/nnet_common.h:45) automatically.
INFO: [XFORM 203-602] Inlining function 'nnet::Op_max<ap_fixed<16, 8, (ap_q_mode)5, (ap_o_mode)3, 0> >::operator()' into 'nnet::reduce<ap_fixed<16, 8, (ap_q_mode)5, (ap_o_mode)3, 0>, 12, nnet::Op_max<ap_fixed<16, 8, (ap_q_mode)5, (ap_o_mode)3, 0> > >' (firmware/nnet_utils/nnet_common.h:45) automatically.
INFO: [XFORM 203-602] Inlining function 'nnet::reduce<ap_fixed<18, 8, (ap_q_mode)0, (ap_o_mode)0, 0>, 2, nnet::Op_add<ap_fixed<18, 8, (ap_q_mode)0, (ap_o_mode)0, 0> > >' into 'nnet::reduce<ap_fixed<18, 8, (ap_q_mode)0, (ap_o_mode)0, 0>, 4, nnet::Op_add<ap_fixed<18, 8, (ap_q_mode)0, (ap_o_mode)0, 0> > >' (firmware/nnet_utils/nnet_common.h:45) automatically.
INFO: [XFORM 203-602] Inlining function 'nnet::reduce<ap_fixed<18, 8, (ap_q_mode)0, (ap_o_mode)0, 0>, 4, nnet::Op_add<ap_fixed<18, 8, (ap_q_mode)0, (ap_o_mode)0, 0> > >' into 'nnet::reduce<ap_fixed<18, 8, (ap_q_mode)0, (ap_o_mode)0, 0>, 8, nnet::Op_add<ap_fixed<18, 8, (ap_q_mode)0, (ap_o_mode)0, 0> > >' (firmware/nnet_utils/nnet_common.h:45) automatically.
INFO: [XFORM 203-602] Inlining function 'nnet::reduce<ap_fixed<18, 8, (ap_q_mode)0, (ap_o_mode)0, 0>, 8, nnet::Op_add<ap_fixed<18, 8, (ap_q_mode)0, (ap_o_mode)0, 0> > >' into 'nnet::reduce<ap_fixed<18, 8, (ap_q_mode)0, (ap_o_mode)0, 0>, 12, nnet::Op_add<ap_fixed<18, 8, (ap_q_mode)0, (ap_o_mode)0, 0> > >' (firmware/nnet_utils/nnet_common.h:45) automatically.
INFO: [XFORM 203-602] Inlining function 'nnet::reduce<ap_fixed<18, 8, (ap_q_mode)0, (ap_o_mode)0, 0>, 4, nnet::Op_add<ap_fixed<18, 8, (ap_q_mode)0, (ap_o_mode)0, 0> > >' into 'nnet::reduce<ap_fixed<18, 8, (ap_q_mode)0, (ap_o_mode)0, 0>, 12, nnet::Op_add<ap_fixed<18, 8, (ap_q_mode)0, (ap_o_mode)0, 0> > >' (firmware/nnet_utils/nnet_common.h:45) automatically.
INFO: [XFORM 203-602] Inlining function 'nnet::reduce<ap_fixed<16, 8, (ap_q_mode)5, (ap_o_mode)3, 0>, 12, nnet::Op_max<ap_fixed<16, 8, (ap_q_mode)5, (ap_o_mode)3, 0> > >' into 'nnet::softmax_stable<nnet::array<ap_fixed<16, 8, (ap_q_mode)5, (ap_o_mode)3, 0>, 12u>, nnet::array<ap_fixed<16, 8, (ap_q_mode)5, (ap_o_mode)3, 0>, 12u>, softmax_config7>' (firmware/nnet_utils/nnet_activation_stream.h:209) automatically.
INFO: [XFORM 203-602] Inlining function 'nnet::softmax_idx_from_real_val<ap_fixed<16, 8, (ap_q_mode)5, (ap_o_mode)3, 0>, softmax_config7>' into 'nnet::softmax_stable<nnet::array<ap_fixed<16, 8, (ap_q_mode)5, (ap_o_mode)3, 0>, 12u>, nnet::array<ap_fixed<16, 8, (ap_q_mode)5, (ap_o_mode)3, 0>, 12u>, softmax_config7>' (firmware/nnet_utils/nnet_activation_stream.h:224) automatically.
INFO: [XFORM 203-602] Inlining function 'nnet::reduce<ap_fixed<18, 8, (ap_q_mode)0, (ap_o_mode)0, 0>, 12, nnet::Op_add<ap_fixed<18, 8, (ap_q_mode)0, (ap_o_mode)0, 0> > >' into 'nnet::softmax_stable<nnet::array<ap_fixed<16, 8, (ap_q_mode)5, (ap_o_mode)3, 0>, 12u>, nnet::array<ap_fixed<16, 8, (ap_q_mode)5, (ap_o_mode)3, 0>, 12u>, softmax_config7>' (firmware/nnet_utils/nnet_activation_stream.h:232) automatically.
INFO: [XFORM 203-602] Inlining function 'nnet::softmax_idx_from_real_val<ap_fixed<18, 8, (ap_q_mode)0, (ap_o_mode)0, 0>, softmax_config7>' into 'nnet::softmax_stable<nnet::array<ap_fixed<16, 8, (ap_q_mode)5, (ap_o_mode)3, 0>, 12u>, nnet::array<ap_fixed<16, 8, (ap_q_mode)5, (ap_o_mode)3, 0>, 12u>, softmax_config7>' (firmware/nnet_utils/nnet_activation_stream.h:235) automatically.
INFO: [HLS 200-111] Finished Checking Synthesizability Time (s): cpu = 00:00:39 ; elapsed = 00:00:40 . Memory (MB): peak = 1629.246 ; gain = 1225.754 ; free physical = 649 ; free virtual = 4371
INFO: [XFORM 203-1101] Packing variable 'out_pack.data.V' (firmware/nnet_utils/nnet_activation_stream.h:237) into a 192-bit variable.
INFO: [XFORM 203-1101] Packing variable 'out_data.data.V' (firmware/nnet_utils/nnet_activation_stream.h:45) into a 64-bit variable.
INFO: [XFORM 203-1101] Packing variable 'res_pack.data.V' (firmware/nnet_utils/nnet_pooling_stream.h:184) into a 64-bit variable.
INFO: [XFORM 203-1101] Packing variable 'res_pack.data.V' (firmware/nnet_utils/nnet_dense_stream.h:55) into a 192-bit variable.
INFO: [XFORM 203-1101] Packing variable 'res_pack.data.V' (firmware/nnet_utils/nnet_conv_stream.h:282) into a 64-bit variable.
WARNING: [XFORM 203-505] Ignore pipeline pragma in Loop whose tripcount is only 1 (firmware/nnet_utils/nnet_conv_stream.h:195) in function 'nnet::pooling2d_cl<nnet::array<ap_fixed<16, 8, (ap_q_mode)5, (ap_o_mode)3, 0>, 4u>, nnet::array<ap_fixed<16, 8, (ap_q_mode)5, (ap_o_mode)3, 0>, 4u>, config4>'.
INFO: [XFORM 203-502] Unrolling all loops for pipelining in function 'nnet::softmax_stable<nnet::array<ap_fixed<16, 8, (ap_q_mode)5, (ap_o_mode)3, 0>, 12u>, nnet::array<ap_fixed<16, 8, (ap_q_mode)5, (ap_o_mode)3, 0>, 12u>, softmax_config7>' (firmware/nnet_utils/nnet_activation_stream.h:193:47).
INFO: [XFORM 203-502] Unrolling all sub-loops inside loop 'ReLUActLoop' (firmware/nnet_utils/nnet_activation_stream.h:41) in function 'nnet::relu<nnet::array<ap_fixed<16, 8, (ap_q_mode)5, (ap_o_mode)3, 0>, 4u>, nnet::array<ap_fixed<16, 8, (ap_q_mode)5, (ap_o_mode)3, 0>, 4u>, relu_config3>' for pipelining.
INFO: [XFORM 203-502] Unrolling all sub-loops inside loop 'ReadInputWidth' (firmware/nnet_utils/nnet_pooling_stream.h:243) in function 'nnet::pooling2d_cl<nnet::array<ap_fixed<16, 8, (ap_q_mode)5, (ap_o_mode)3, 0>, 4u>, nnet::array<ap_fixed<16, 8, (ap_q_mode)5, (ap_o_mode)3, 0>, 4u>, config4>' for pipelining.
WARNING: [XFORM 203-505] Ignored pipeline directive for loop 'FiltLoop' (firmware/nnet_utils/nnet_pooling_stream.h:193) because its parent loop or function is pipelined.
INFO: [XFORM 203-502] Unrolling all sub-loops inside loop 'DataPrepare' (firmware/nnet_utils/nnet_dense_stream.h:36) in function 'nnet::dense<nnet::array<ap_fixed<16, 8, (ap_q_mode)5, (ap_o_mode)3, 0>, 4u>, nnet::array<ap_fixed<16, 8, (ap_q_mode)5, (ap_o_mode)3, 0>, 12u>, config6>' for pipelining.
INFO: [XFORM 203-502] Unrolling all loops for pipelining in function 'nnet::dense_wrapper<ap_fixed<16, 8, (ap_q_mode)5, (ap_o_mode)3, 0>, ap_fixed<16, 8, (ap_q_mode)5, (ap_o_mode)3, 0>, config6>' (firmware/nnet_utils/nnet_dense_latency.h:17:48).
INFO: [XFORM 203-502] Unrolling all loops for pipelining in function 'nnet::compute_output_buffer_2d<nnet::array<ap_fixed<16, 8, (ap_q_mode)5, (ap_o_mode)3, 0>, 1u>, nnet::array<ap_fixed<16, 8, (ap_q_mode)5, (ap_o_mode)3, 0>, 4u>, config2>' (firmware/nnet_utils/nnet_conv_stream.h:263:5).
INFO: [XFORM 203-502] Unrolling all loops for pipelining in function 'nnet::dense_latency<ap_fixed<16, 8, (ap_q_mode)5, (ap_o_mode)3, 0>, ap_fixed<16, 8, (ap_q_mode)5, (ap_o_mode)3, 0>, config2_mult>' (firmware/nnet_utils/nnet_dense_latency.h:17:48).
INFO: [XFORM 203-502] Unrolling all loops for pipelining in function 'nnet::shift_line_buffer<nnet::array<ap_fixed<16, 8, (ap_q_mode)5, (ap_o_mode)3, 0>, 1u>, config2>' (firmware/nnet_utils/nnet_conv_stream.h:194:63).
WARNING: [XFORM 203-505] Ignored pipeline directive for loop 'KernelShiftWidth' (firmware/nnet_utils/nnet_conv_stream.h:194) because its parent loop or function is pipelined.
INFO: [HLS 200-489] Unrolling loop 'SoftmaxArrayPackLoop' (firmware/nnet_utils/nnet_activation_stream.h:201) in function 'nnet::softmax_stable<nnet::array<ap_fixed<16, 8, (ap_q_mode)5, (ap_o_mode)3, 0>, 12u>, nnet::array<ap_fixed<16, 8, (ap_q_mode)5, (ap_o_mode)3, 0>, 12u>, softmax_config7>' completely with a factor of 12.
INFO: [HLS 200-489] Unrolling loop 'Loop-2' (firmware/nnet_utils/nnet_activation_stream.h:213) in function 'nnet::softmax_stable<nnet::array<ap_fixed<16, 8, (ap_q_mode)5, (ap_o_mode)3, 0>, 12u>, nnet::array<ap_fixed<16, 8, (ap_q_mode)5, (ap_o_mode)3, 0>, 12u>, softmax_config7>' completely with a factor of 12.
INFO: [HLS 200-489] Unrolling loop 'Loop-3' (firmware/nnet_utils/nnet_activation_stream.h:222) in function 'nnet::softmax_stable<nnet::array<ap_fixed<16, 8, (ap_q_mode)5, (ap_o_mode)3, 0>, 12u>, nnet::array<ap_fixed<16, 8, (ap_q_mode)5, (ap_o_mode)3, 0>, 12u>, softmax_config7>' completely with a factor of 12.
INFO: [HLS 200-489] Unrolling loop 'SoftmaxInvPackLoop' (firmware/nnet_utils/nnet_activation_stream.h:241) in function 'nnet::softmax_stable<nnet::array<ap_fixed<16, 8, (ap_q_mode)5, (ap_o_mode)3, 0>, 12u>, nnet::array<ap_fixed<16, 8, (ap_q_mode)5, (ap_o_mode)3, 0>, 12u>, softmax_config7>' completely with a factor of 12.
INFO: [HLS 200-489] Unrolling loop 'ReLUPackLoop' (firmware/nnet_utils/nnet_activation_stream.h:49) in function 'nnet::relu<nnet::array<ap_fixed<16, 8, (ap_q_mode)5, (ap_o_mode)3, 0>, 4u>, nnet::array<ap_fixed<16, 8, (ap_q_mode)5, (ap_o_mode)3, 0>, 4u>, relu_config3>' completely with a factor of 4.
INFO: [HLS 200-489] Unrolling loop 'UpdateBuffer' (firmware/nnet_utils/nnet_conv_stream.h:233) in function 'nnet::pooling2d_cl<nnet::array<ap_fixed<16, 8, (ap_q_mode)5, (ap_o_mode)3, 0>, 4u>, nnet::array<ap_fixed<16, 8, (ap_q_mode)5, (ap_o_mode)3, 0>, 4u>, config4>' completely with a factor of 4.
INFO: [HLS 200-489] Unrolling loop 'LineBufferDataIn' (firmware/nnet_utils/nnet_conv_stream.h:241) in function 'nnet::pooling2d_cl<nnet::array<ap_fixed<16, 8, (ap_q_mode)5, (ap_o_mode)3, 0>, 4u>, nnet::array<ap_fixed<16, 8, (ap_q_mode)5, (ap_o_mode)3, 0>, 4u>, config4>' completely with a factor of 4.
INFO: [HLS 200-489] Unrolling loop 'KernelShiftWidth' (firmware/nnet_utils/nnet_conv_stream.h:194) in function 'nnet::pooling2d_cl<nnet::array<ap_fixed<16, 8, (ap_q_mode)5, (ap_o_mode)3, 0>, 4u>, nnet::array<ap_fixed<16, 8, (ap_q_mode)5, (ap_o_mode)3, 0>, 4u>, config4>' completely with a factor of 1.
INFO: [HLS 200-489] Unrolling loop 'KernelShiftHeight' (firmware/nnet_utils/nnet_conv_stream.h:197) in function 'nnet::pooling2d_cl<nnet::array<ap_fixed<16, 8, (ap_q_mode)5, (ap_o_mode)3, 0>, 4u>, nnet::array<ap_fixed<16, 8, (ap_q_mode)5, (ap_o_mode)3, 0>, 4u>, config4>' completely with a factor of 2.
INFO: [HLS 200-489] Unrolling loop 'KernelShiftChannel' (firmware/nnet_utils/nnet_conv_stream.h:199) in function 'nnet::pooling2d_cl<nnet::array<ap_fixed<16, 8, (ap_q_mode)5, (ap_o_mode)3, 0>, 4u>, nnet::array<ap_fixed<16, 8, (ap_q_mode)5, (ap_o_mode)3, 0>, 4u>, config4>' completely with a factor of 4.
INFO: [HLS 200-489] Unrolling loop 'KernelPushHeight' (firmware/nnet_utils/nnet_conv_stream.h:210) in function 'nnet::pooling2d_cl<nnet::array<ap_fixed<16, 8, (ap_q_mode)5, (ap_o_mode)3, 0>, 4u>, nnet::array<ap_fixed<16, 8, (ap_q_mode)5, (ap_o_mode)3, 0>, 4u>, config4>' completely with a factor of 2.
INFO: [HLS 200-489] Unrolling loop 'KernelPushChannel' (firmware/nnet_utils/nnet_conv_stream.h:213) in function 'nnet::pooling2d_cl<nnet::array<ap_fixed<16, 8, (ap_q_mode)5, (ap_o_mode)3, 0>, 4u>, nnet::array<ap_fixed<16, 8, (ap_q_mode)5, (ap_o_mode)3, 0>, 4u>, config4>' completely with a factor of 4.
INFO: [HLS 200-489] Unrolling loop 'FiltLoop' (firmware/nnet_utils/nnet_pooling_stream.h:193) in function 'nnet::pooling2d_cl<nnet::array<ap_fixed<16, 8, (ap_q_mode)5, (ap_o_mode)3, 0>, 4u>, nnet::array<ap_fixed<16, 8, (ap_q_mode)5, (ap_o_mode)3, 0>, 4u>, config4>' completely with a factor of 4.
INFO: [HLS 200-489] Unrolling loop 'PoolLoop' (firmware/nnet_utils/nnet_pooling_stream.h:198) in function 'nnet::pooling2d_cl<nnet::array<ap_fixed<16, 8, (ap_q_mode)5, (ap_o_mode)3, 0>, 4u>, nnet::array<ap_fixed<16, 8, (ap_q_mode)5, (ap_o_mode)3, 0>, 4u>, config4>' completely with a factor of 4.
INFO: [HLS 200-489] Unrolling loop 'DataPack' (firmware/nnet_utils/nnet_dense_stream.h:42) in function 'nnet::dense<nnet::array<ap_fixed<16, 8, (ap_q_mode)5, (ap_o_mode)3, 0>, 4u>, nnet::array<ap_fixed<16, 8, (ap_q_mode)5, (ap_o_mode)3, 0>, 12u>, config6>' completely with a factor of 4.
INFO: [HLS 200-489] Unrolling loop 'ResPack' (firmware/nnet_utils/nnet_dense_stream.h:58) in function 'nnet::dense<nnet::array<ap_fixed<16, 8, (ap_q_mode)5, (ap_o_mode)3, 0>, 4u>, nnet::array<ap_fixed<16, 8, (ap_q_mode)5, (ap_o_mode)3, 0>, 12u>, config6>' completely with a factor of 12.
INFO: [HLS 200-489] Unrolling loop 'Product1' (firmware/nnet_utils/nnet_dense_latency.h:37) in function 'nnet::dense_wrapper<ap_fixed<16, 8, (ap_q_mode)5, (ap_o_mode)3, 0>, ap_fixed<16, 8, (ap_q_mode)5, (ap_o_mode)3, 0>, config6>' completely with a factor of 576.
INFO: [HLS 200-489] Unrolling loop 'Product2' (firmware/nnet_utils/nnet_dense_latency.h:40) in function 'nnet::dense_wrapper<ap_fixed<16, 8, (ap_q_mode)5, (ap_o_mode)3, 0>, ap_fixed<16, 8, (ap_q_mode)5, (ap_o_mode)3, 0>, config6>' completely with a factor of 12.
INFO: [HLS 200-489] Unrolling loop 'ResetAccum' (firmware/nnet_utils/nnet_dense_latency.h:48) in function 'nnet::dense_wrapper<ap_fixed<16, 8, (ap_q_mode)5, (ap_o_mode)3, 0>, ap_fixed<16, 8, (ap_q_mode)5, (ap_o_mode)3, 0>, config6>' completely with a factor of 12.
INFO: [HLS 200-489] Unrolling loop 'Accum1' (firmware/nnet_utils/nnet_dense_latency.h:54) in function 'nnet::dense_wrapper<ap_fixed<16, 8, (ap_q_mode)5, (ap_o_mode)3, 0>, ap_fixed<16, 8, (ap_q_mode)5, (ap_o_mode)3, 0>, config6>' completely with a factor of 576.
INFO: [HLS 200-489] Unrolling loop 'Accum2' (firmware/nnet_utils/nnet_dense_latency.h:56) in function 'nnet::dense_wrapper<ap_fixed<16, 8, (ap_q_mode)5, (ap_o_mode)3, 0>, ap_fixed<16, 8, (ap_q_mode)5, (ap_o_mode)3, 0>, config6>' completely with a factor of 12.
INFO: [HLS 200-489] Unrolling loop 'Result' (firmware/nnet_utils/nnet_dense_latency.h:64) in function 'nnet::dense_wrapper<ap_fixed<16, 8, (ap_q_mode)5, (ap_o_mode)3, 0>, ap_fixed<16, 8, (ap_q_mode)5, (ap_o_mode)3, 0>, config6>' completely with a factor of 12.
INFO: [HLS 200-489] Unrolling loop 'CastLoop' (firmware/nnet_utils/nnet_conv_stream.h:303) in function 'nnet::compute_output_buffer_2d<nnet::array<ap_fixed<16, 8, (ap_q_mode)5, (ap_o_mode)3, 0>, 1u>, nnet::array<ap_fixed<16, 8, (ap_q_mode)5, (ap_o_mode)3, 0>, 4u>, config2>' completely with a factor of 4.
INFO: [HLS 200-489] Unrolling loop 'Product1' (firmware/nnet_utils/nnet_dense_latency.h:37) in function 'nnet::dense_latency<ap_fixed<16, 8, (ap_q_mode)5, (ap_o_mode)3, 0>, ap_fixed<16, 8, (ap_q_mode)5, (ap_o_mode)3, 0>, config2_mult>' completely with a factor of 16.
INFO: [HLS 200-489] Unrolling loop 'Product2' (firmware/nnet_utils/nnet_dense_latency.h:40) in function 'nnet::dense_latency<ap_fixed<16, 8, (ap_q_mode)5, (ap_o_mode)3, 0>, ap_fixed<16, 8, (ap_q_mode)5, (ap_o_mode)3, 0>, config2_mult>' completely with a factor of 4.
INFO: [HLS 200-489] Unrolling loop 'ResetAccum' (firmware/nnet_utils/nnet_dense_latency.h:48) in function 'nnet::dense_latency<ap_fixed<16, 8, (ap_q_mode)5, (ap_o_mode)3, 0>, ap_fixed<16, 8, (ap_q_mode)5, (ap_o_mode)3, 0>, config2_mult>' completely with a factor of 4.
INFO: [HLS 200-489] Unrolling loop 'Accum1' (firmware/nnet_utils/nnet_dense_latency.h:54) in function 'nnet::dense_latency<ap_fixed<16, 8, (ap_q_mode)5, (ap_o_mode)3, 0>, ap_fixed<16, 8, (ap_q_mode)5, (ap_o_mode)3, 0>, config2_mult>' completely with a factor of 16.
INFO: [HLS 200-489] Unrolling loop 'Accum2' (firmware/nnet_utils/nnet_dense_latency.h:56) in function 'nnet::dense_latency<ap_fixed<16, 8, (ap_q_mode)5, (ap_o_mode)3, 0>, ap_fixed<16, 8, (ap_q_mode)5, (ap_o_mode)3, 0>, config2_mult>' completely with a factor of 4.
INFO: [HLS 200-489] Unrolling loop 'Result' (firmware/nnet_utils/nnet_dense_latency.h:64) in function 'nnet::dense_latency<ap_fixed<16, 8, (ap_q_mode)5, (ap_o_mode)3, 0>, ap_fixed<16, 8, (ap_q_mode)5, (ap_o_mode)3, 0>, config2_mult>' completely with a factor of 4.
INFO: [HLS 200-489] Unrolling loop 'LineBufferShift' (firmware/nnet_utils/nnet_conv_stream.h:244) in function 'nnet::shift_line_buffer<nnet::array<ap_fixed<16, 8, (ap_q_mode)5, (ap_o_mode)3, 0>, 1u>, config2>' completely with a factor of 3.
INFO: [HLS 200-489] Unrolling loop 'KernelShiftWidth' (firmware/nnet_utils/nnet_conv_stream.h:194) in function 'nnet::shift_line_buffer<nnet::array<ap_fixed<16, 8, (ap_q_mode)5, (ap_o_mode)3, 0>, 1u>, config2>' completely with a factor of 3.
INFO: [HLS 200-489] Unrolling loop 'KernelShiftHeight' (firmware/nnet_utils/nnet_conv_stream.h:197) in function 'nnet::shift_line_buffer<nnet::array<ap_fixed<16, 8, (ap_q_mode)5, (ap_o_mode)3, 0>, 1u>, config2>' completely with a factor of 4.
INFO: [HLS 200-489] Unrolling loop 'KernelPushHeight' (firmware/nnet_utils/nnet_conv_stream.h:210) in function 'nnet::shift_line_buffer<nnet::array<ap_fixed<16, 8, (ap_q_mode)5, (ap_o_mode)3, 0>, 1u>, config2>' completely with a factor of 4.
INFO: [XFORM 203-102] Partitioning array 'd_xi_xmax.V' (firmware/nnet_utils/nnet_activation_stream.h:212) automatically.
INFO: [XFORM 203-102] Automatically partitioning shift register array 'line_buffer.Array.V.1' .
INFO: [XFORM 203-102] Automatically partitioning shift register array 'line_buffer.Array.V' .
INFO: [XFORM 203-102] Automatically partitioning streamed array 'layer6_out.V.data.V' (firmware/myproject.cpp:46) .
INFO: [XFORM 203-102] Automatically partitioning streamed array 'layer7_out.V.data.V' (firmware/myproject.cpp:8) .
INFO: [XFORM 203-102] Automatically partitioning streamed array 'layer2_out.V.data.V' (firmware/myproject.cpp:33) .
INFO: [XFORM 203-102] Automatically partitioning streamed array 'layer3_out.V.data.V' (firmware/myproject.cpp:37) .
INFO: [XFORM 203-102] Automatically partitioning streamed array 'layer4_out.V.data.V' (firmware/myproject.cpp:41) .
INFO: [XFORM 203-102] Automatically partitioning streamed array 'input_layer.V.data.V' (firmware/myproject.cpp:7) .
INFO: [XFORM 203-101] Partitioning array 'data_array.V' (firmware/nnet_utils/nnet_activation_stream.h:193) in dimension 1 completely.
INFO: [XFORM 203-101] Partitioning array 'tmp.data.V' in dimension 1 completely.
INFO: [XFORM 203-101] Partitioning array 'exp_res.V' (firmware/nnet_utils/nnet_activation_stream.h:219) in dimension 1 completely.
INFO: [XFORM 203-101] Partitioning array 'line_buffer.Array.V.1' in dimension 1 completely.
INFO: [XFORM 203-101] Partitioning array 'pool_window.V' (firmware/nnet_utils/nnet_pooling_stream.h:178) in dimension 1 completely.
INFO: [XFORM 203-101] Partitioning array 'kernel_data.V.1'  in dimension 1 completely.
INFO: [XFORM 203-101] Partitioning array 'shift_buffer.V' (firmware/nnet_utils/nnet_conv_stream.h:229) in dimension 1 completely.
WARNING: [XFORM 203-104] Completely partitioning array 'data.V' (firmware/nnet_utils/nnet_dense_stream.h:29) accessed through non-constant indices on dimension 1 (firmware/nnet_utils/nnet_dense_stream.h:44:39), which may result in long runtime and suboptimal QoR due to large multiplexers. Please consider wrapping the array access into a function or using a register file core instead.
INFO: [XFORM 203-101] Partitioning array 'data.V' (firmware/nnet_utils/nnet_dense_stream.h:29) in dimension 1 completely.
INFO: [XFORM 203-101] Partitioning array 'res'  in dimension 1 completely.
INFO: [XFORM 203-101] Partitioning array 'line_buffer.Array.V' in dimension 1 completely.
INFO: [XFORM 203-101] Partitioning array 'b6.V'  in dimension 1 completely.
ERROR: [XFORM 203-103] Array 'mult.V' (firmware/nnet_utils/nnet_dense_latency.h:17): partitioned elements number (6912) has exeeded the threshold (4096), which may cause long run-time.
ERROR: [HLS 200-70] Pre-synthesis failed.
command 'ap_source' returned error code
    while executing
"source build_prj.tcl"
    ("uplevel" body line 1)
    invoked from within
"uplevel \#0 [list source $arg] "

INFO: [Common 17-206] Exiting vivado_hls at Mon Nov  6 20:19:47 2023...
