

================================================================
== Vivado HLS Report for 'dense_latency_ap_fixed_ap_fixed_16_6_5_3_0_config4_0_0_0_0'
================================================================
* Date:           Sat Feb 24 15:57:18 2024

* Version:        2020.1 (Build 2897737 on Wed May 27 20:21:37 MDT 2020)
* Project:        myproject_prj
* Solution:       solution1
* Product family: zynq
* Target device:  xc7z020-clg400-1


================================================================
== Performance Estimates
================================================================
+ Timing: 
    * Summary: 
    +--------+----------+-----------+------------+
    |  Clock |  Target  | Estimated | Uncertainty|
    +--------+----------+-----------+------------+
    |ap_clk  | 25.00 ns | 21.192 ns |   3.12 ns  |
    +--------+----------+-----------+------------+

+ Latency: 
    * Summary: 
    +---------+---------+----------+----------+-----+-----+----------+
    |  Latency (cycles) |  Latency (absolute) |  Interval | Pipeline |
    |   min   |   max   |    min   |    max   | min | max |   Type   |
    +---------+---------+----------+----------+-----+-----+----------+
    |       11|       11| 0.275 us | 0.275 us |   12|   12| function |
    +---------+---------+----------+----------+-----+-----+----------+

    + Detail: 
        * Instance: 
        N/A

        * Loop: 
        N/A



================================================================
== Utilization Estimates
================================================================
* Summary: 
+-----------------+---------+-------+--------+-------+-----+
|       Name      | BRAM_18K| DSP48E|   FF   |  LUT  | URAM|
+-----------------+---------+-------+--------+-------+-----+
|DSP              |        -|      -|       -|      -|    -|
|Expression       |        -|      6|       0|   1481|    -|
|FIFO             |        -|      -|       -|      -|    -|
|Instance         |        -|      -|       -|      -|    -|
|Memory           |        -|      -|       -|      -|    -|
|Multiplexer      |        -|      -|       -|    713|    -|
|Register         |        -|      -|    1376|      -|    -|
+-----------------+---------+-------+--------+-------+-----+
|Total            |        0|      6|    1376|   2194|    0|
+-----------------+---------+-------+--------+-------+-----+
|Available        |      280|    220|  106400|  53200|    0|
+-----------------+---------+-------+--------+-------+-----+
|Utilization (%)  |        0|      2|       1|      4|    0|
+-----------------+---------+-------+--------+-------+-----+

+ Detail: 
    * Instance: 
    N/A

    * DSP48E: 
    N/A

    * Memory: 
    N/A

    * FIFO: 
    N/A

    * Expression: 
    +-------------------------+----------+-------+---+----+------------+------------+
    |      Variable Name      | Operation| DSP48E| FF| LUT| Bitwidth P0| Bitwidth P1|
    +-------------------------+----------+-------+---+----+------------+------------+
    |grp_fu_660_p2            |     *    |      1|  0|   6|          16|          11|
    |grp_fu_661_p2            |     *    |      1|  0|   6|          16|          11|
    |grp_fu_662_p2            |     *    |      1|  0|   6|          16|          11|
    |grp_fu_663_p2            |     *    |      1|  0|   6|          16|          11|
    |grp_fu_664_p2            |     *    |      1|  0|   6|          16|          11|
    |grp_fu_665_p2            |     *    |      1|  0|   6|          16|          11|
    |acc_1_V_fu_2243_p2       |     +    |      0|  0|  16|          16|          16|
    |acc_2_V_fu_2371_p2       |     +    |      0|  0|  16|          16|          16|
    |add_ln703_11_fu_1959_p2  |     +    |      0|  0|  16|          16|           3|
    |add_ln703_12_fu_1965_p2  |     +    |      0|  0|  16|          16|          16|
    |add_ln703_13_fu_1971_p2  |     +    |      0|  0|  16|          16|          16|
    |add_ln703_14_fu_1977_p2  |     +    |      0|  0|  16|          16|          16|
    |add_ln703_15_fu_2285_p2  |     +    |      0|  0|  16|          16|          16|
    |add_ln703_16_fu_2015_p2  |     +    |      0|  0|  16|          16|          16|
    |add_ln703_17_fu_2021_p2  |     +    |      0|  0|  23|          16|           7|
    |add_ln703_18_fu_2027_p2  |     +    |      0|  0|  16|          16|          16|
    |add_ln703_19_fu_2134_p2  |     +    |      0|  0|  16|          16|          16|
    |add_ln703_1_fu_1707_p2   |     +    |      0|  0|  16|          16|          16|
    |add_ln703_20_fu_2140_p2  |     +    |      0|  0|  16|          16|          16|
    |add_ln703_21_fu_2289_p2  |     +    |      0|  0|  16|          16|          16|
    |add_ln703_22_fu_2200_p2  |     +    |      0|  0|  23|          16|          16|
    |add_ln703_23_fu_2293_p2  |     +    |      0|  0|  23|          16|          16|
    |add_ln703_24_fu_2299_p2  |     +    |      0|  0|  16|          16|          16|
    |add_ln703_25_fu_2304_p2  |     +    |      0|  0|  16|          16|          16|
    |add_ln703_26_fu_2310_p2  |     +    |      0|  0|  16|          16|           9|
    |add_ln703_27_fu_2316_p2  |     +    |      0|  0|  16|          16|          16|
    |add_ln703_28_fu_2322_p2  |     +    |      0|  0|  16|          16|          16|
    |add_ln703_29_fu_2328_p2  |     +    |      0|  0|  16|          16|          16|
    |add_ln703_2_fu_1712_p2   |     +    |      0|  0|  16|          16|           8|
    |add_ln703_30_fu_1615_p2  |     +    |      0|  0|  23|          16|          16|
    |add_ln703_31_fu_1652_p2  |     +    |      0|  0|  16|          16|          16|
    |add_ln703_32_fu_1657_p2  |     +    |      0|  0|  16|          16|          16|
    |add_ln703_33_fu_1663_p2  |     +    |      0|  0|  16|          16|          16|
    |add_ln703_34_fu_1669_p2  |     +    |      0|  0|  16|          16|          16|
    |add_ln703_35_fu_1778_p2  |     +    |      0|  0|  16|          16|           7|
    |add_ln703_36_fu_1784_p2  |     +    |      0|  0|  16|          16|          16|
    |add_ln703_37_fu_1790_p2  |     +    |      0|  0|  23|          16|           7|
    |add_ln703_38_fu_1796_p2  |     +    |      0|  0|  16|          16|          16|
    |add_ln703_39_fu_1802_p2  |     +    |      0|  0|  16|          16|          16|
    |add_ln703_3_fu_1718_p2   |     +    |      0|  0|  16|          16|          16|
    |add_ln703_40_fu_2206_p2  |     +    |      0|  0|  16|          16|          16|
    |add_ln703_41_fu_1833_p2  |     +    |      0|  0|  16|          16|          16|
    |add_ln703_42_fu_1839_p2  |     +    |      0|  0|  16|          16|          16|
    |add_ln703_44_fu_1910_p2  |     +    |      0|  0|  23|          16|           4|
    |add_ln703_45_fu_1916_p2  |     +    |      0|  0|  16|          16|          16|
    |add_ln703_46_fu_2210_p2  |     +    |      0|  0|  16|          16|          16|
    |add_ln703_47_fu_2146_p2  |     +    |      0|  0|  23|          16|          16|
    |add_ln703_48_fu_2214_p2  |     +    |      0|  0|  16|          16|          16|
    |add_ln703_49_fu_2219_p2  |     +    |      0|  0|  16|          16|          16|
    |add_ln703_4_fu_1724_p2   |     +    |      0|  0|  16|          16|          16|
    |add_ln703_50_fu_2225_p2  |     +    |      0|  0|  16|          16|           9|
    |add_ln703_51_fu_2231_p2  |     +    |      0|  0|  16|          16|          16|
    |add_ln703_52_fu_2237_p2  |     +    |      0|  0|  16|          16|          16|
    |add_ln703_54_fu_1675_p2  |     +    |      0|  0|  23|          16|          16|
    |add_ln703_55_fu_1845_p2  |     +    |      0|  0|  16|          16|          16|
    |add_ln703_56_fu_1849_p2  |     +    |      0|  0|  16|          16|          16|
    |add_ln703_57_fu_1854_p2  |     +    |      0|  0|  16|          16|           8|
    |add_ln703_58_fu_1860_p2  |     +    |      0|  0|  16|          16|          16|
    |add_ln703_59_fu_1866_p2  |     +    |      0|  0|  16|          16|          16|
    |add_ln703_5_fu_1730_p2   |     +    |      0|  0|  16|          16|          16|
    |add_ln703_60_fu_1872_p2  |     +    |      0|  0|  16|          16|          16|
    |add_ln703_61_fu_2033_p2  |     +    |      0|  0|  23|          16|           7|
    |add_ln703_62_fu_1983_p2  |     +    |      0|  0|  23|          16|          16|
    |add_ln703_63_fu_2039_p2  |     +    |      0|  0|  16|          16|          16|
    |add_ln703_64_fu_2044_p2  |     +    |      0|  0|  16|          16|           4|
    |add_ln703_65_fu_2050_p2  |     +    |      0|  0|  23|          16|          16|
    |add_ln703_66_fu_2056_p2  |     +    |      0|  0|  16|          16|          16|
    |add_ln703_67_fu_2062_p2  |     +    |      0|  0|  16|          16|          16|
    |add_ln703_68_fu_2334_p2  |     +    |      0|  0|  16|          16|          16|
    |add_ln703_69_fu_2090_p2  |     +    |      0|  0|  16|          16|          16|
    |add_ln703_6_fu_1736_p2   |     +    |      0|  0|  16|          16|          16|
    |add_ln703_70_fu_2096_p2  |     +    |      0|  0|  23|          16|          16|
    |add_ln703_71_fu_2102_p2  |     +    |      0|  0|  16|          16|          16|
    |add_ln703_72_fu_2152_p2  |     +    |      0|  0|  23|          16|          16|
    |add_ln703_73_fu_2158_p2  |     +    |      0|  0|  16|          16|           8|
    |add_ln703_74_fu_2164_p2  |     +    |      0|  0|  16|          16|          16|
    |add_ln703_75_fu_2338_p2  |     +    |      0|  0|  16|          16|          16|
    |add_ln703_76_fu_2249_p2  |     +    |      0|  0|  23|          16|          16|
    |add_ln703_77_fu_2342_p2  |     +    |      0|  0|  23|          16|          16|
    |add_ln703_78_fu_2348_p2  |     +    |      0|  0|  16|          16|          16|
    |add_ln703_79_fu_2353_p2  |     +    |      0|  0|  23|          16|          10|
    |add_ln703_7_fu_1948_p2   |     +    |      0|  0|  23|          16|           8|
    |add_ln703_80_fu_2359_p2  |     +    |      0|  0|  16|          16|          16|
    |add_ln703_81_fu_2365_p2  |     +    |      0|  0|  16|          16|          16|
    |add_ln703_8_fu_1904_p2   |     +    |      0|  0|  23|          16|          16|
    |add_ln703_9_fu_1954_p2   |     +    |      0|  0|  16|          16|          16|
    |add_ln703_fu_1646_p2     |     +    |      0|  0|  23|          16|          16|
    |grp_fu_1583_p2           |     +    |      0|  0|  16|          16|          16|
    +-------------------------+----------+-------+---+----+------------+------------+
    |Total                    |          |      6|  0|1481|        1408|        1253|
    +-------------------------+----------+-------+---+----+------------+------------+

    * Multiplexer: 
    +---------------+----+-----------+-----+-----------+
    |      Name     | LUT| Input Size| Bits| Total Bits|
    +---------------+----+-----------+-----+-----------+
    |ap_NS_fsm      |  56|         13|    1|         13|
    |grp_fu_660_p0  |  56|         13|   16|        208|
    |grp_fu_660_p1  |  56|         13|   11|        143|
    |grp_fu_661_p0  |  56|         13|   16|        208|
    |grp_fu_661_p1  |  50|         11|   11|        121|
    |grp_fu_662_p0  |  56|         13|   16|        208|
    |grp_fu_662_p1  |  53|         12|   11|        132|
    |grp_fu_663_p0  |  56|         13|   16|        208|
    |grp_fu_663_p1  |  53|         12|   11|        132|
    |grp_fu_664_p0  |  56|         13|   16|        208|
    |grp_fu_664_p1  |  53|         12|   11|        132|
    |grp_fu_665_p0  |  56|         13|   16|        208|
    |grp_fu_665_p1  |  56|         13|   11|        143|
    +---------------+----+-----------+-----+-----------+
    |Total          | 713|        164|  163|       2064|
    +---------------+----+-----------+-----+-----------+

    * Register: 
    +-----------------------------+----+----+-----+-----------+
    |             Name            | FF | LUT| Bits| Const Bits|
    +-----------------------------+----+----+-----+-----------+
    |acc_1_V_reg_2509             |  16|   0|   16|          0|
    |add_ln703_14_reg_2464        |  16|   0|   16|          0|
    |add_ln703_18_reg_2474        |  16|   0|   16|          0|
    |add_ln703_20_reg_2489        |  16|   0|   16|          0|
    |add_ln703_22_reg_2504        |  16|   0|   16|          0|
    |add_ln703_30_reg_2399        |  16|   0|   16|          0|
    |add_ln703_34_reg_2414        |  16|   0|   16|          0|
    |add_ln703_39_reg_2439        |  16|   0|   16|          0|
    |add_ln703_42_reg_2444        |  16|   0|   16|          0|
    |add_ln703_45_reg_2459        |  16|   0|   16|          0|
    |add_ln703_47_reg_2494        |  16|   0|   16|          0|
    |add_ln703_54_reg_2419        |  16|   0|   16|          0|
    |add_ln703_60_reg_2449        |  16|   0|   16|          0|
    |add_ln703_62_reg_2469        |  16|   0|   16|          0|
    |add_ln703_67_reg_2479        |  16|   0|   16|          0|
    |add_ln703_6_reg_2424         |  16|   0|   16|          0|
    |add_ln703_71_reg_2484        |  16|   0|   16|          0|
    |add_ln703_74_reg_2499        |  16|   0|   16|          0|
    |add_ln703_76_reg_2514        |  16|   0|   16|          0|
    |add_ln703_8_reg_2454         |  16|   0|   16|          0|
    |add_ln703_reg_2409           |  16|   0|   16|          0|
    |ap_CS_fsm                    |  12|   0|   12|          0|
    |ap_port_reg_data_102_V_read  |  16|   0|   16|          0|
    |ap_port_reg_data_103_V_read  |  16|   0|   16|          0|
    |ap_port_reg_data_105_V_read  |  16|   0|   16|          0|
    |ap_port_reg_data_107_V_read  |  16|   0|   16|          0|
    |ap_port_reg_data_10_V_read   |  16|   0|   16|          0|
    |ap_port_reg_data_125_V_read  |  16|   0|   16|          0|
    |ap_port_reg_data_14_V_read   |  16|   0|   16|          0|
    |ap_port_reg_data_15_V_read   |  16|   0|   16|          0|
    |ap_port_reg_data_17_V_read   |  16|   0|   16|          0|
    |ap_port_reg_data_18_V_read   |  16|   0|   16|          0|
    |ap_port_reg_data_19_V_read   |  16|   0|   16|          0|
    |ap_port_reg_data_21_V_read   |  16|   0|   16|          0|
    |ap_port_reg_data_23_V_read   |  16|   0|   16|          0|
    |ap_port_reg_data_24_V_read   |  16|   0|   16|          0|
    |ap_port_reg_data_26_V_read   |  16|   0|   16|          0|
    |ap_port_reg_data_27_V_read   |  16|   0|   16|          0|
    |ap_port_reg_data_29_V_read   |  16|   0|   16|          0|
    |ap_port_reg_data_30_V_read   |  16|   0|   16|          0|
    |ap_port_reg_data_32_V_read   |  16|   0|   16|          0|
    |ap_port_reg_data_34_V_read   |  16|   0|   16|          0|
    |ap_port_reg_data_35_V_read   |  16|   0|   16|          0|
    |ap_port_reg_data_40_V_read   |  16|   0|   16|          0|
    |ap_port_reg_data_42_V_read   |  16|   0|   16|          0|
    |ap_port_reg_data_43_V_read   |  16|   0|   16|          0|
    |ap_port_reg_data_45_V_read   |  16|   0|   16|          0|
    |ap_port_reg_data_47_V_read   |  16|   0|   16|          0|
    |ap_port_reg_data_48_V_read   |  16|   0|   16|          0|
    |ap_port_reg_data_52_V_read   |  16|   0|   16|          0|
    |ap_port_reg_data_53_V_read   |  16|   0|   16|          0|
    |ap_port_reg_data_54_V_read   |  16|   0|   16|          0|
    |ap_port_reg_data_56_V_read   |  16|   0|   16|          0|
    |ap_port_reg_data_57_V_read   |  16|   0|   16|          0|
    |ap_port_reg_data_62_V_read   |  16|   0|   16|          0|
    |ap_port_reg_data_63_V_read   |  16|   0|   16|          0|
    |ap_port_reg_data_64_V_read   |  16|   0|   16|          0|
    |ap_port_reg_data_66_V_read   |  16|   0|   16|          0|
    |ap_port_reg_data_67_V_read   |  16|   0|   16|          0|
    |ap_port_reg_data_69_V_read   |  16|   0|   16|          0|
    |ap_port_reg_data_6_V_read    |  16|   0|   16|          0|
    |ap_port_reg_data_73_V_read   |  16|   0|   16|          0|
    |ap_port_reg_data_75_V_read   |  16|   0|   16|          0|
    |ap_port_reg_data_79_V_read   |  16|   0|   16|          0|
    |ap_port_reg_data_80_V_read   |  16|   0|   16|          0|
    |ap_port_reg_data_82_V_read   |  16|   0|   16|          0|
    |ap_port_reg_data_83_V_read   |  16|   0|   16|          0|
    |ap_port_reg_data_84_V_read   |  16|   0|   16|          0|
    |ap_port_reg_data_85_V_read   |  16|   0|   16|          0|
    |ap_port_reg_data_87_V_read   |  16|   0|   16|          0|
    |ap_port_reg_data_88_V_read   |  16|   0|   16|          0|
    |ap_port_reg_data_8_V_read    |  16|   0|   16|          0|
    |ap_port_reg_data_91_V_read   |  16|   0|   16|          0|
    |ap_port_reg_data_93_V_read   |  16|   0|   16|          0|
    |ap_port_reg_data_94_V_read   |  16|   0|   16|          0|
    |ap_port_reg_data_98_V_read   |  16|   0|   16|          0|
    |mult_17_V_reg_2404           |  16|   0|   16|          0|
    |mult_74_V_reg_2429           |  16|   0|   16|          0|
    |reg_1563                     |  16|   0|   16|          0|
    |reg_1567                     |  16|   0|   16|          0|
    |reg_1571                     |  16|   0|   16|          0|
    |reg_1575                     |  16|   0|   16|          0|
    |reg_1579                     |  16|   0|   16|          0|
    |sext_ln1118_18_reg_2434      |  26|   0|   26|          0|
    |sext_ln1118_4_reg_2394       |  26|   0|   26|          0|
    +-----------------------------+----+----+-----+-----------+
    |Total                        |1376|   0| 1376|          0|
    +-----------------------------+----+----+-----+-----------+



================================================================
== Interface
================================================================
* Summary: 
+-----------------+-----+-----+------------+--------------------------------------------------------------+--------------+
|    RTL Ports    | Dir | Bits|  Protocol  |                         Source Object                        |    C Type    |
+-----------------+-----+-----+------------+--------------------------------------------------------------+--------------+
|ap_clk           |  in |    1| ap_ctrl_hs | dense_latency<ap_fixed,ap_fixed<16,6,5,3,0>,config4>.0.0.0.0 | return value |
|ap_rst           |  in |    1| ap_ctrl_hs | dense_latency<ap_fixed,ap_fixed<16,6,5,3,0>,config4>.0.0.0.0 | return value |
|ap_start         |  in |    1| ap_ctrl_hs | dense_latency<ap_fixed,ap_fixed<16,6,5,3,0>,config4>.0.0.0.0 | return value |
|ap_done          | out |    1| ap_ctrl_hs | dense_latency<ap_fixed,ap_fixed<16,6,5,3,0>,config4>.0.0.0.0 | return value |
|ap_idle          | out |    1| ap_ctrl_hs | dense_latency<ap_fixed,ap_fixed<16,6,5,3,0>,config4>.0.0.0.0 | return value |
|ap_ready         | out |    1| ap_ctrl_hs | dense_latency<ap_fixed,ap_fixed<16,6,5,3,0>,config4>.0.0.0.0 | return value |
|ap_return_0      | out |   16| ap_ctrl_hs | dense_latency<ap_fixed,ap_fixed<16,6,5,3,0>,config4>.0.0.0.0 | return value |
|ap_return_1      | out |   16| ap_ctrl_hs | dense_latency<ap_fixed,ap_fixed<16,6,5,3,0>,config4>.0.0.0.0 | return value |
|ap_return_2      | out |   16| ap_ctrl_hs | dense_latency<ap_fixed,ap_fixed<16,6,5,3,0>,config4>.0.0.0.0 | return value |
|ap_ce            |  in |    1| ap_ctrl_hs | dense_latency<ap_fixed,ap_fixed<16,6,5,3,0>,config4>.0.0.0.0 | return value |
|data_0_V_read    |  in |   16|   ap_none  |                         data_0_V_read                        |    scalar    |
|data_2_V_read    |  in |   16|   ap_none  |                         data_2_V_read                        |    scalar    |
|data_3_V_read    |  in |   16|   ap_none  |                         data_3_V_read                        |    scalar    |
|data_4_V_read    |  in |   16|   ap_none  |                         data_4_V_read                        |    scalar    |
|data_5_V_read    |  in |   16|   ap_none  |                         data_5_V_read                        |    scalar    |
|data_6_V_read    |  in |   16|   ap_none  |                         data_6_V_read                        |    scalar    |
|data_8_V_read    |  in |   16|   ap_none  |                         data_8_V_read                        |    scalar    |
|data_10_V_read   |  in |   16|   ap_none  |                        data_10_V_read                        |    scalar    |
|data_14_V_read   |  in |   16|   ap_none  |                        data_14_V_read                        |    scalar    |
|data_15_V_read   |  in |   16|   ap_none  |                        data_15_V_read                        |    scalar    |
|data_17_V_read   |  in |   16|   ap_none  |                        data_17_V_read                        |    scalar    |
|data_18_V_read   |  in |   16|   ap_none  |                        data_18_V_read                        |    scalar    |
|data_19_V_read   |  in |   16|   ap_none  |                        data_19_V_read                        |    scalar    |
|data_21_V_read   |  in |   16|   ap_none  |                        data_21_V_read                        |    scalar    |
|data_23_V_read   |  in |   16|   ap_none  |                        data_23_V_read                        |    scalar    |
|data_24_V_read   |  in |   16|   ap_none  |                        data_24_V_read                        |    scalar    |
|data_26_V_read   |  in |   16|   ap_none  |                        data_26_V_read                        |    scalar    |
|data_27_V_read   |  in |   16|   ap_none  |                        data_27_V_read                        |    scalar    |
|data_29_V_read   |  in |   16|   ap_none  |                        data_29_V_read                        |    scalar    |
|data_30_V_read   |  in |   16|   ap_none  |                        data_30_V_read                        |    scalar    |
|data_32_V_read   |  in |   16|   ap_none  |                        data_32_V_read                        |    scalar    |
|data_34_V_read   |  in |   16|   ap_none  |                        data_34_V_read                        |    scalar    |
|data_35_V_read   |  in |   16|   ap_none  |                        data_35_V_read                        |    scalar    |
|data_40_V_read   |  in |   16|   ap_none  |                        data_40_V_read                        |    scalar    |
|data_42_V_read   |  in |   16|   ap_none  |                        data_42_V_read                        |    scalar    |
|data_43_V_read   |  in |   16|   ap_none  |                        data_43_V_read                        |    scalar    |
|data_45_V_read   |  in |   16|   ap_none  |                        data_45_V_read                        |    scalar    |
|data_47_V_read   |  in |   16|   ap_none  |                        data_47_V_read                        |    scalar    |
|data_48_V_read   |  in |   16|   ap_none  |                        data_48_V_read                        |    scalar    |
|data_52_V_read   |  in |   16|   ap_none  |                        data_52_V_read                        |    scalar    |
|data_53_V_read   |  in |   16|   ap_none  |                        data_53_V_read                        |    scalar    |
|data_54_V_read   |  in |   16|   ap_none  |                        data_54_V_read                        |    scalar    |
|data_56_V_read   |  in |   16|   ap_none  |                        data_56_V_read                        |    scalar    |
|data_57_V_read   |  in |   16|   ap_none  |                        data_57_V_read                        |    scalar    |
|data_62_V_read   |  in |   16|   ap_none  |                        data_62_V_read                        |    scalar    |
|data_63_V_read   |  in |   16|   ap_none  |                        data_63_V_read                        |    scalar    |
|data_64_V_read   |  in |   16|   ap_none  |                        data_64_V_read                        |    scalar    |
|data_66_V_read   |  in |   16|   ap_none  |                        data_66_V_read                        |    scalar    |
|data_67_V_read   |  in |   16|   ap_none  |                        data_67_V_read                        |    scalar    |
|data_69_V_read   |  in |   16|   ap_none  |                        data_69_V_read                        |    scalar    |
|data_73_V_read   |  in |   16|   ap_none  |                        data_73_V_read                        |    scalar    |
|data_75_V_read   |  in |   16|   ap_none  |                        data_75_V_read                        |    scalar    |
|data_79_V_read   |  in |   16|   ap_none  |                        data_79_V_read                        |    scalar    |
|data_80_V_read   |  in |   16|   ap_none  |                        data_80_V_read                        |    scalar    |
|data_82_V_read   |  in |   16|   ap_none  |                        data_82_V_read                        |    scalar    |
|data_83_V_read   |  in |   16|   ap_none  |                        data_83_V_read                        |    scalar    |
|data_84_V_read   |  in |   16|   ap_none  |                        data_84_V_read                        |    scalar    |
|data_85_V_read   |  in |   16|   ap_none  |                        data_85_V_read                        |    scalar    |
|data_87_V_read   |  in |   16|   ap_none  |                        data_87_V_read                        |    scalar    |
|data_88_V_read   |  in |   16|   ap_none  |                        data_88_V_read                        |    scalar    |
|data_91_V_read   |  in |   16|   ap_none  |                        data_91_V_read                        |    scalar    |
|data_93_V_read   |  in |   16|   ap_none  |                        data_93_V_read                        |    scalar    |
|data_94_V_read   |  in |   16|   ap_none  |                        data_94_V_read                        |    scalar    |
|data_98_V_read   |  in |   16|   ap_none  |                        data_98_V_read                        |    scalar    |
|data_102_V_read  |  in |   16|   ap_none  |                        data_102_V_read                       |    scalar    |
|data_103_V_read  |  in |   16|   ap_none  |                        data_103_V_read                       |    scalar    |
|data_105_V_read  |  in |   16|   ap_none  |                        data_105_V_read                       |    scalar    |
|data_107_V_read  |  in |   16|   ap_none  |                        data_107_V_read                       |    scalar    |
|data_125_V_read  |  in |   16|   ap_none  |                        data_125_V_read                       |    scalar    |
+-----------------+-----+-----+------------+--------------------------------------------------------------+--------------+

