

================================================================
== Vivado HLS Report for 'relu_array_ap_fixed_8u_array_ap_fixed_16_6_5_3_0_8u_relu_config6_s'
================================================================
* Date:           Thu Nov 16 17:46:24 2023

* Version:        2020.1 (Build 2897737 on Wed May 27 20:21:37 MDT 2020)
* Project:        myproject_prj
* Solution:       solution1
* Product family: zynq
* Target device:  xc7z020-clg400-1


================================================================
== Performance Estimates
================================================================
+ Timing: 
    * Summary: 
    +--------+----------+----------+------------+
    |  Clock |  Target  | Estimated| Uncertainty|
    +--------+----------+----------+------------+
    |ap_clk  | 10.00 ns | 6.868 ns |   1.25 ns  |
    +--------+----------+----------+------------+

+ Latency: 
    * Summary: 
    +---------+---------+----------+----------+-----+-----+---------+
    |  Latency (cycles) |  Latency (absolute) |  Interval | Pipeline|
    |   min   |   max   |    min   |    max   | min | max |   Type  |
    +---------+---------+----------+----------+-----+-----+---------+
    |       19|       19| 0.190 us | 0.190 us |   19|   19|   none  |
    +---------+---------+----------+----------+-----+-----+---------+

    + Detail: 
        * Instance: 
        N/A

        * Loop: 
        +---------------+---------+---------+----------+-----------+-----------+------+----------+
        |               |  Latency (cycles) | Iteration|  Initiation Interval  | Trip |          |
        |   Loop Name   |   min   |   max   |  Latency |  achieved |   target  | Count| Pipelined|
        +---------------+---------+---------+----------+-----------+-----------+------+----------+
        |- ReLUActLoop  |       17|       17|         3|          1|          1|    16|    yes   |
        +---------------+---------+---------+----------+-----------+-----------+------+----------+

============================================================
+ Verbose Summary: Synthesis Manager
============================================================
InlineROM: 1
ExposeGlobal: 0
============================================================
+ Verbose Summary: CDFG Model
============================================================
IsTopModel: 0
ResetActiveHigh: 1
IsCombinational: 2
IsDatapathOnly: 0
HasWiredReturn: 1
HasMFsm: 0
HasVarLatency: 1
IsPipeline: 0
IsRtlPipelined: 0
IsInstanceOverlapped: 0
IsDontTouch: 0
HasImplIP: 0
IsGatedGlobalClock: 0

+ Individual pipeline summary: 
  * Pipeline-0: initiation interval (II) = 1, depth = 3


============================================================
+ Verbose Summary: Schedule
============================================================
* Number of FSM states : 5
* Pipeline : 1
  Pipeline-0 : II = 1, D = 3, States = { 2 3 4 }
* Dataflow Pipeline: 0

* FSM state transitions: 
1 --> 2 
2 --> 5 3 
3 --> 4 
4 --> 2 
5 --> 

* FSM state operations: 

State 1 <SV = 0> <Delay = 1.76>
ST_1 : Operation 6 [1/1] (0.00ns)   --->   "call void (...)* @_ssdm_op_SpecInterface(i16* %res_V_data_7_V, [8 x i8]* @ap_fifo_str, i32 0, i32 0, [1 x i8]* @p_str353, i32 0, i32 0, [1 x i8]* @p_str354, [1 x i8]* @p_str355, [1 x i8]* @p_str356, i32 2, i32 2, i32 16, i32 16, [1 x i8]* @p_str357, [1 x i8]* @p_str358)"   --->   Operation 6 'specinterface' <Predicate = true> <Delay = 0.00>
ST_1 : Operation 7 [1/1] (0.00ns)   --->   "call void (...)* @_ssdm_op_SpecInterface(i16* %res_V_data_6_V, [8 x i8]* @ap_fifo_str, i32 0, i32 0, [1 x i8]* @p_str346, i32 0, i32 0, [1 x i8]* @p_str347, [1 x i8]* @p_str348, [1 x i8]* @p_str349, i32 2, i32 2, i32 16, i32 16, [1 x i8]* @p_str350, [1 x i8]* @p_str351)"   --->   Operation 7 'specinterface' <Predicate = true> <Delay = 0.00>
ST_1 : Operation 8 [1/1] (0.00ns)   --->   "call void (...)* @_ssdm_op_SpecInterface(i16* %res_V_data_5_V, [8 x i8]* @ap_fifo_str, i32 0, i32 0, [1 x i8]* @p_str339, i32 0, i32 0, [1 x i8]* @p_str340, [1 x i8]* @p_str341, [1 x i8]* @p_str342, i32 2, i32 2, i32 16, i32 16, [1 x i8]* @p_str343, [1 x i8]* @p_str344)"   --->   Operation 8 'specinterface' <Predicate = true> <Delay = 0.00>
ST_1 : Operation 9 [1/1] (0.00ns)   --->   "call void (...)* @_ssdm_op_SpecInterface(i16* %res_V_data_4_V, [8 x i8]* @ap_fifo_str, i32 0, i32 0, [1 x i8]* @p_str332, i32 0, i32 0, [1 x i8]* @p_str333, [1 x i8]* @p_str334, [1 x i8]* @p_str335, i32 2, i32 2, i32 16, i32 16, [1 x i8]* @p_str336, [1 x i8]* @p_str337)"   --->   Operation 9 'specinterface' <Predicate = true> <Delay = 0.00>
ST_1 : Operation 10 [1/1] (0.00ns)   --->   "call void (...)* @_ssdm_op_SpecInterface(i16* %res_V_data_3_V, [8 x i8]* @ap_fifo_str, i32 0, i32 0, [1 x i8]* @p_str325, i32 0, i32 0, [1 x i8]* @p_str326, [1 x i8]* @p_str327, [1 x i8]* @p_str328, i32 2, i32 2, i32 16, i32 16, [1 x i8]* @p_str329, [1 x i8]* @p_str330)"   --->   Operation 10 'specinterface' <Predicate = true> <Delay = 0.00>
ST_1 : Operation 11 [1/1] (0.00ns)   --->   "call void (...)* @_ssdm_op_SpecInterface(i16* %res_V_data_2_V, [8 x i8]* @ap_fifo_str, i32 0, i32 0, [1 x i8]* @p_str318, i32 0, i32 0, [1 x i8]* @p_str319, [1 x i8]* @p_str320, [1 x i8]* @p_str321, i32 2, i32 2, i32 16, i32 16, [1 x i8]* @p_str322, [1 x i8]* @p_str323)"   --->   Operation 11 'specinterface' <Predicate = true> <Delay = 0.00>
ST_1 : Operation 12 [1/1] (0.00ns)   --->   "call void (...)* @_ssdm_op_SpecInterface(i16* %res_V_data_1_V, [8 x i8]* @ap_fifo_str, i32 0, i32 0, [1 x i8]* @p_str311, i32 0, i32 0, [1 x i8]* @p_str312, [1 x i8]* @p_str313, [1 x i8]* @p_str314, i32 2, i32 2, i32 16, i32 16, [1 x i8]* @p_str315, [1 x i8]* @p_str316)"   --->   Operation 12 'specinterface' <Predicate = true> <Delay = 0.00>
ST_1 : Operation 13 [1/1] (0.00ns)   --->   "call void (...)* @_ssdm_op_SpecInterface(i16* %res_V_data_0_V, [8 x i8]* @ap_fifo_str, i32 0, i32 0, [1 x i8]* @p_str304, i32 0, i32 0, [1 x i8]* @p_str305, [1 x i8]* @p_str306, [1 x i8]* @p_str307, i32 2, i32 2, i32 16, i32 16, [1 x i8]* @p_str308, [1 x i8]* @p_str309)"   --->   Operation 13 'specinterface' <Predicate = true> <Delay = 0.00>
ST_1 : Operation 14 [1/1] (0.00ns)   --->   "call void (...)* @_ssdm_op_SpecInterface(i16* %data_V_data_7_V, [8 x i8]* @ap_fifo_str, i32 0, i32 0, [1 x i8]* @p_str297, i32 0, i32 0, [1 x i8]* @p_str298, [1 x i8]* @p_str299, [1 x i8]* @p_str300, i32 2, i32 2, i32 16, i32 16, [1 x i8]* @p_str301, [1 x i8]* @p_str302)"   --->   Operation 14 'specinterface' <Predicate = true> <Delay = 0.00>
ST_1 : Operation 15 [1/1] (0.00ns)   --->   "call void (...)* @_ssdm_op_SpecInterface(i16* %data_V_data_6_V, [8 x i8]* @ap_fifo_str, i32 0, i32 0, [1 x i8]* @p_str290, i32 0, i32 0, [1 x i8]* @p_str291, [1 x i8]* @p_str292, [1 x i8]* @p_str293, i32 2, i32 2, i32 16, i32 16, [1 x i8]* @p_str294, [1 x i8]* @p_str295)"   --->   Operation 15 'specinterface' <Predicate = true> <Delay = 0.00>
ST_1 : Operation 16 [1/1] (0.00ns)   --->   "call void (...)* @_ssdm_op_SpecInterface(i16* %data_V_data_5_V, [8 x i8]* @ap_fifo_str, i32 0, i32 0, [1 x i8]* @p_str283, i32 0, i32 0, [1 x i8]* @p_str284, [1 x i8]* @p_str285, [1 x i8]* @p_str286, i32 2, i32 2, i32 16, i32 16, [1 x i8]* @p_str287, [1 x i8]* @p_str288)"   --->   Operation 16 'specinterface' <Predicate = true> <Delay = 0.00>
ST_1 : Operation 17 [1/1] (0.00ns)   --->   "call void (...)* @_ssdm_op_SpecInterface(i16* %data_V_data_4_V, [8 x i8]* @ap_fifo_str, i32 0, i32 0, [1 x i8]* @p_str276, i32 0, i32 0, [1 x i8]* @p_str277, [1 x i8]* @p_str278, [1 x i8]* @p_str279, i32 2, i32 2, i32 16, i32 16, [1 x i8]* @p_str280, [1 x i8]* @p_str281)"   --->   Operation 17 'specinterface' <Predicate = true> <Delay = 0.00>
ST_1 : Operation 18 [1/1] (0.00ns)   --->   "call void (...)* @_ssdm_op_SpecInterface(i16* %data_V_data_3_V, [8 x i8]* @ap_fifo_str, i32 0, i32 0, [1 x i8]* @p_str269, i32 0, i32 0, [1 x i8]* @p_str270, [1 x i8]* @p_str271, [1 x i8]* @p_str272, i32 2, i32 2, i32 16, i32 16, [1 x i8]* @p_str273, [1 x i8]* @p_str274)"   --->   Operation 18 'specinterface' <Predicate = true> <Delay = 0.00>
ST_1 : Operation 19 [1/1] (0.00ns)   --->   "call void (...)* @_ssdm_op_SpecInterface(i16* %data_V_data_2_V, [8 x i8]* @ap_fifo_str, i32 0, i32 0, [1 x i8]* @p_str262, i32 0, i32 0, [1 x i8]* @p_str263, [1 x i8]* @p_str264, [1 x i8]* @p_str265, i32 2, i32 2, i32 16, i32 16, [1 x i8]* @p_str266, [1 x i8]* @p_str267)"   --->   Operation 19 'specinterface' <Predicate = true> <Delay = 0.00>
ST_1 : Operation 20 [1/1] (0.00ns)   --->   "call void (...)* @_ssdm_op_SpecInterface(i16* %data_V_data_1_V, [8 x i8]* @ap_fifo_str, i32 0, i32 0, [1 x i8]* @p_str255, i32 0, i32 0, [1 x i8]* @p_str256, [1 x i8]* @p_str257, [1 x i8]* @p_str258, i32 2, i32 2, i32 16, i32 16, [1 x i8]* @p_str259, [1 x i8]* @p_str260)"   --->   Operation 20 'specinterface' <Predicate = true> <Delay = 0.00>
ST_1 : Operation 21 [1/1] (0.00ns)   --->   "call void (...)* @_ssdm_op_SpecInterface(i16* %data_V_data_0_V, [8 x i8]* @ap_fifo_str, i32 0, i32 0, [1 x i8]* @p_str248, i32 0, i32 0, [1 x i8]* @p_str249, [1 x i8]* @p_str250, [1 x i8]* @p_str251, i32 2, i32 2, i32 16, i32 16, [1 x i8]* @p_str252, [1 x i8]* @p_str253)"   --->   Operation 21 'specinterface' <Predicate = true> <Delay = 0.00>
ST_1 : Operation 22 [1/1] (1.76ns)   --->   "br label %1" [firmware/nnet_utils/nnet_activation_stream.h:41]   --->   Operation 22 'br' <Predicate = true> <Delay = 1.76>

State 2 <SV = 1> <Delay = 1.78>
ST_2 : Operation 23 [1/1] (0.00ns)   --->   "%i_0 = phi i5 [ 0, %0 ], [ %i, %ReLUActLoop ]"   --->   Operation 23 'phi' 'i_0' <Predicate = true> <Delay = 0.00>
ST_2 : Operation 24 [1/1] (1.36ns)   --->   "%icmp_ln41 = icmp eq i5 %i_0, -16" [firmware/nnet_utils/nnet_activation_stream.h:41]   --->   Operation 24 'icmp' 'icmp_ln41' <Predicate = true> <Delay = 1.36> <Core = "Cmp">   --->   Core 25 'Cmp' <Latency = 0> <II = 1> <Delay = 2.42> <FuncUnit> <Opcode : 'icmp'> <InPorts = 2> <OutPorts = 1>
ST_2 : Operation 25 [1/1] (0.00ns)   --->   "%empty = call i32 (...)* @_ssdm_op_SpecLoopTripCount(i64 16, i64 16, i64 16)"   --->   Operation 25 'speclooptripcount' 'empty' <Predicate = true> <Delay = 0.00>
ST_2 : Operation 26 [1/1] (1.78ns)   --->   "%i = add i5 %i_0, 1" [firmware/nnet_utils/nnet_activation_stream.h:41]   --->   Operation 26 'add' 'i' <Predicate = true> <Delay = 1.78> <Core = "AddSub">   --->   Core 14 'AddSub' <Latency = 0> <II = 1> <Delay = 1.78> <FuncUnit> <Opcode : 'add' 'sub'> <InPorts = 2> <OutPorts = 1>
ST_2 : Operation 27 [1/1] (0.00ns)   --->   "br i1 %icmp_ln41, label %2, label %ReLUActLoop" [firmware/nnet_utils/nnet_activation_stream.h:41]   --->   Operation 27 'br' <Predicate = true> <Delay = 0.00>

State 3 <SV = 2> <Delay = 3.63>
ST_3 : Operation 28 [1/1] (3.63ns)   --->   "%empty_14 = call { i16, i16, i16, i16, i16, i16, i16, i16 } @_ssdm_op_Read.ap_fifo.volatile.i16P.i16P.i16P.i16P.i16P.i16P.i16P.i16P(i16* %data_V_data_0_V, i16* %data_V_data_1_V, i16* %data_V_data_2_V, i16* %data_V_data_3_V, i16* %data_V_data_4_V, i16* %data_V_data_5_V, i16* %data_V_data_6_V, i16* %data_V_data_7_V)" [firmware/nnet_utils/nnet_activation_stream.h:44]   --->   Operation 28 'read' 'empty_14' <Predicate = (!icmp_ln41)> <Delay = 3.63> <Core = "FIFO">   --->   Core 32 'FIFO' <Latency = 0> <II = 1> <Delay = 3.63> <Storage> <Opcode : 'read' 'write' 'nbread' 'nbwrite'> <Ports = 0> <Width = 16> <Depth = 4> <FIFO>
ST_3 : Operation 29 [1/1] (0.00ns)   --->   "%tmp_data_V_0 = extractvalue { i16, i16, i16, i16, i16, i16, i16, i16 } %empty_14, 0" [firmware/nnet_utils/nnet_activation_stream.h:44]   --->   Operation 29 'extractvalue' 'tmp_data_V_0' <Predicate = (!icmp_ln41)> <Delay = 0.00>
ST_3 : Operation 30 [1/1] (0.00ns)   --->   "%tmp_data_V_113 = extractvalue { i16, i16, i16, i16, i16, i16, i16, i16 } %empty_14, 1" [firmware/nnet_utils/nnet_activation_stream.h:44]   --->   Operation 30 'extractvalue' 'tmp_data_V_113' <Predicate = (!icmp_ln41)> <Delay = 0.00>
ST_3 : Operation 31 [1/1] (0.00ns)   --->   "%tmp_data_V_2 = extractvalue { i16, i16, i16, i16, i16, i16, i16, i16 } %empty_14, 2" [firmware/nnet_utils/nnet_activation_stream.h:44]   --->   Operation 31 'extractvalue' 'tmp_data_V_2' <Predicate = (!icmp_ln41)> <Delay = 0.00>
ST_3 : Operation 32 [1/1] (0.00ns)   --->   "%tmp_data_V_3 = extractvalue { i16, i16, i16, i16, i16, i16, i16, i16 } %empty_14, 3" [firmware/nnet_utils/nnet_activation_stream.h:44]   --->   Operation 32 'extractvalue' 'tmp_data_V_3' <Predicate = (!icmp_ln41)> <Delay = 0.00>
ST_3 : Operation 33 [1/1] (0.00ns)   --->   "%tmp_data_V_4 = extractvalue { i16, i16, i16, i16, i16, i16, i16, i16 } %empty_14, 4" [firmware/nnet_utils/nnet_activation_stream.h:44]   --->   Operation 33 'extractvalue' 'tmp_data_V_4' <Predicate = (!icmp_ln41)> <Delay = 0.00>
ST_3 : Operation 34 [1/1] (0.00ns)   --->   "%tmp_data_V_5 = extractvalue { i16, i16, i16, i16, i16, i16, i16, i16 } %empty_14, 5" [firmware/nnet_utils/nnet_activation_stream.h:44]   --->   Operation 34 'extractvalue' 'tmp_data_V_5' <Predicate = (!icmp_ln41)> <Delay = 0.00>
ST_3 : Operation 35 [1/1] (0.00ns)   --->   "%tmp_data_V_6 = extractvalue { i16, i16, i16, i16, i16, i16, i16, i16 } %empty_14, 6" [firmware/nnet_utils/nnet_activation_stream.h:44]   --->   Operation 35 'extractvalue' 'tmp_data_V_6' <Predicate = (!icmp_ln41)> <Delay = 0.00>
ST_3 : Operation 36 [1/1] (0.00ns)   --->   "%tmp_data_V_7 = extractvalue { i16, i16, i16, i16, i16, i16, i16, i16 } %empty_14, 7" [firmware/nnet_utils/nnet_activation_stream.h:44]   --->   Operation 36 'extractvalue' 'tmp_data_V_7' <Predicate = (!icmp_ln41)> <Delay = 0.00>

State 4 <SV = 3> <Delay = 6.86>
ST_4 : Operation 37 [1/1] (0.00ns)   --->   "call void (...)* @_ssdm_op_SpecLoopName([12 x i8]* @p_str40) nounwind" [firmware/nnet_utils/nnet_activation_stream.h:41]   --->   Operation 37 'specloopname' <Predicate = (!icmp_ln41)> <Delay = 0.00>
ST_4 : Operation 38 [1/1] (0.00ns)   --->   "%tmp = call i32 (...)* @_ssdm_op_SpecRegionBegin([12 x i8]* @p_str40)" [firmware/nnet_utils/nnet_activation_stream.h:41]   --->   Operation 38 'specregionbegin' 'tmp' <Predicate = (!icmp_ln41)> <Delay = 0.00>
ST_4 : Operation 39 [1/1] (0.00ns)   --->   "call void (...)* @_ssdm_op_SpecPipeline(i32 -1, i32 1, i32 1, i32 0, [1 x i8]* @p_str10) nounwind" [firmware/nnet_utils/nnet_activation_stream.h:42]   --->   Operation 39 'specpipeline' <Predicate = (!icmp_ln41)> <Delay = 0.00>
ST_4 : Operation 40 [1/1] (2.42ns)   --->   "%icmp_ln1494 = icmp sgt i16 %tmp_data_V_0, 0" [firmware/nnet_utils/nnet_activation_stream.h:51]   --->   Operation 40 'icmp' 'icmp_ln1494' <Predicate = (!icmp_ln41)> <Delay = 2.42> <Core = "Cmp">   --->   Core 25 'Cmp' <Latency = 0> <II = 1> <Delay = 2.42> <FuncUnit> <Opcode : 'icmp'> <InPorts = 2> <OutPorts = 1>
ST_4 : Operation 41 [1/1] (0.80ns)   --->   "%tmp_data_0_V = select i1 %icmp_ln1494, i16 %tmp_data_V_0, i16 0" [firmware/nnet_utils/nnet_activation_stream.h:51]   --->   Operation 41 'select' 'tmp_data_0_V' <Predicate = (!icmp_ln41)> <Delay = 0.80> <Core = "Sel">   --->   Core 26 'Sel' <Latency = 0> <II = 1> <Delay = 0.80> <FuncUnit> <Opcode : 'select'> <InPorts = 3> <OutPorts = 1>
ST_4 : Operation 42 [1/1] (2.42ns)   --->   "%icmp_ln1494_1 = icmp sgt i16 %tmp_data_V_113, 0" [firmware/nnet_utils/nnet_activation_stream.h:51]   --->   Operation 42 'icmp' 'icmp_ln1494_1' <Predicate = (!icmp_ln41)> <Delay = 2.42> <Core = "Cmp">   --->   Core 25 'Cmp' <Latency = 0> <II = 1> <Delay = 2.42> <FuncUnit> <Opcode : 'icmp'> <InPorts = 2> <OutPorts = 1>
ST_4 : Operation 43 [1/1] (0.80ns)   --->   "%tmp_data_1_V = select i1 %icmp_ln1494_1, i16 %tmp_data_V_113, i16 0" [firmware/nnet_utils/nnet_activation_stream.h:51]   --->   Operation 43 'select' 'tmp_data_1_V' <Predicate = (!icmp_ln41)> <Delay = 0.80> <Core = "Sel">   --->   Core 26 'Sel' <Latency = 0> <II = 1> <Delay = 0.80> <FuncUnit> <Opcode : 'select'> <InPorts = 3> <OutPorts = 1>
ST_4 : Operation 44 [1/1] (2.42ns)   --->   "%icmp_ln1494_2 = icmp sgt i16 %tmp_data_V_2, 0" [firmware/nnet_utils/nnet_activation_stream.h:51]   --->   Operation 44 'icmp' 'icmp_ln1494_2' <Predicate = (!icmp_ln41)> <Delay = 2.42> <Core = "Cmp">   --->   Core 25 'Cmp' <Latency = 0> <II = 1> <Delay = 2.42> <FuncUnit> <Opcode : 'icmp'> <InPorts = 2> <OutPorts = 1>
ST_4 : Operation 45 [1/1] (0.80ns)   --->   "%tmp_data_2_V = select i1 %icmp_ln1494_2, i16 %tmp_data_V_2, i16 0" [firmware/nnet_utils/nnet_activation_stream.h:51]   --->   Operation 45 'select' 'tmp_data_2_V' <Predicate = (!icmp_ln41)> <Delay = 0.80> <Core = "Sel">   --->   Core 26 'Sel' <Latency = 0> <II = 1> <Delay = 0.80> <FuncUnit> <Opcode : 'select'> <InPorts = 3> <OutPorts = 1>
ST_4 : Operation 46 [1/1] (2.42ns)   --->   "%icmp_ln1494_3 = icmp sgt i16 %tmp_data_V_3, 0" [firmware/nnet_utils/nnet_activation_stream.h:51]   --->   Operation 46 'icmp' 'icmp_ln1494_3' <Predicate = (!icmp_ln41)> <Delay = 2.42> <Core = "Cmp">   --->   Core 25 'Cmp' <Latency = 0> <II = 1> <Delay = 2.42> <FuncUnit> <Opcode : 'icmp'> <InPorts = 2> <OutPorts = 1>
ST_4 : Operation 47 [1/1] (0.80ns)   --->   "%tmp_data_3_V = select i1 %icmp_ln1494_3, i16 %tmp_data_V_3, i16 0" [firmware/nnet_utils/nnet_activation_stream.h:51]   --->   Operation 47 'select' 'tmp_data_3_V' <Predicate = (!icmp_ln41)> <Delay = 0.80> <Core = "Sel">   --->   Core 26 'Sel' <Latency = 0> <II = 1> <Delay = 0.80> <FuncUnit> <Opcode : 'select'> <InPorts = 3> <OutPorts = 1>
ST_4 : Operation 48 [1/1] (2.42ns)   --->   "%icmp_ln1494_4 = icmp sgt i16 %tmp_data_V_4, 0" [firmware/nnet_utils/nnet_activation_stream.h:51]   --->   Operation 48 'icmp' 'icmp_ln1494_4' <Predicate = (!icmp_ln41)> <Delay = 2.42> <Core = "Cmp">   --->   Core 25 'Cmp' <Latency = 0> <II = 1> <Delay = 2.42> <FuncUnit> <Opcode : 'icmp'> <InPorts = 2> <OutPorts = 1>
ST_4 : Operation 49 [1/1] (0.80ns)   --->   "%tmp_data_4_V = select i1 %icmp_ln1494_4, i16 %tmp_data_V_4, i16 0" [firmware/nnet_utils/nnet_activation_stream.h:51]   --->   Operation 49 'select' 'tmp_data_4_V' <Predicate = (!icmp_ln41)> <Delay = 0.80> <Core = "Sel">   --->   Core 26 'Sel' <Latency = 0> <II = 1> <Delay = 0.80> <FuncUnit> <Opcode : 'select'> <InPorts = 3> <OutPorts = 1>
ST_4 : Operation 50 [1/1] (2.42ns)   --->   "%icmp_ln1494_5 = icmp sgt i16 %tmp_data_V_5, 0" [firmware/nnet_utils/nnet_activation_stream.h:51]   --->   Operation 50 'icmp' 'icmp_ln1494_5' <Predicate = (!icmp_ln41)> <Delay = 2.42> <Core = "Cmp">   --->   Core 25 'Cmp' <Latency = 0> <II = 1> <Delay = 2.42> <FuncUnit> <Opcode : 'icmp'> <InPorts = 2> <OutPorts = 1>
ST_4 : Operation 51 [1/1] (0.80ns)   --->   "%tmp_data_5_V = select i1 %icmp_ln1494_5, i16 %tmp_data_V_5, i16 0" [firmware/nnet_utils/nnet_activation_stream.h:51]   --->   Operation 51 'select' 'tmp_data_5_V' <Predicate = (!icmp_ln41)> <Delay = 0.80> <Core = "Sel">   --->   Core 26 'Sel' <Latency = 0> <II = 1> <Delay = 0.80> <FuncUnit> <Opcode : 'select'> <InPorts = 3> <OutPorts = 1>
ST_4 : Operation 52 [1/1] (2.42ns)   --->   "%icmp_ln1494_6 = icmp sgt i16 %tmp_data_V_6, 0" [firmware/nnet_utils/nnet_activation_stream.h:51]   --->   Operation 52 'icmp' 'icmp_ln1494_6' <Predicate = (!icmp_ln41)> <Delay = 2.42> <Core = "Cmp">   --->   Core 25 'Cmp' <Latency = 0> <II = 1> <Delay = 2.42> <FuncUnit> <Opcode : 'icmp'> <InPorts = 2> <OutPorts = 1>
ST_4 : Operation 53 [1/1] (0.80ns)   --->   "%tmp_data_6_V = select i1 %icmp_ln1494_6, i16 %tmp_data_V_6, i16 0" [firmware/nnet_utils/nnet_activation_stream.h:51]   --->   Operation 53 'select' 'tmp_data_6_V' <Predicate = (!icmp_ln41)> <Delay = 0.80> <Core = "Sel">   --->   Core 26 'Sel' <Latency = 0> <II = 1> <Delay = 0.80> <FuncUnit> <Opcode : 'select'> <InPorts = 3> <OutPorts = 1>
ST_4 : Operation 54 [1/1] (2.42ns)   --->   "%icmp_ln1494_7 = icmp sgt i16 %tmp_data_V_7, 0" [firmware/nnet_utils/nnet_activation_stream.h:51]   --->   Operation 54 'icmp' 'icmp_ln1494_7' <Predicate = (!icmp_ln41)> <Delay = 2.42> <Core = "Cmp">   --->   Core 25 'Cmp' <Latency = 0> <II = 1> <Delay = 2.42> <FuncUnit> <Opcode : 'icmp'> <InPorts = 2> <OutPorts = 1>
ST_4 : Operation 55 [1/1] (0.80ns)   --->   "%tmp_data_7_V = select i1 %icmp_ln1494_7, i16 %tmp_data_V_7, i16 0" [firmware/nnet_utils/nnet_activation_stream.h:51]   --->   Operation 55 'select' 'tmp_data_7_V' <Predicate = (!icmp_ln41)> <Delay = 0.80> <Core = "Sel">   --->   Core 26 'Sel' <Latency = 0> <II = 1> <Delay = 0.80> <FuncUnit> <Opcode : 'select'> <InPorts = 3> <OutPorts = 1>
ST_4 : Operation 56 [1/1] (3.63ns)   --->   "call void @_ssdm_op_Write.ap_fifo.volatile.i16P.i16P.i16P.i16P.i16P.i16P.i16P.i16P(i16* %res_V_data_0_V, i16* %res_V_data_1_V, i16* %res_V_data_2_V, i16* %res_V_data_3_V, i16* %res_V_data_4_V, i16* %res_V_data_5_V, i16* %res_V_data_6_V, i16* %res_V_data_7_V, i16 %tmp_data_0_V, i16 %tmp_data_1_V, i16 %tmp_data_2_V, i16 %tmp_data_3_V, i16 %tmp_data_4_V, i16 %tmp_data_5_V, i16 %tmp_data_6_V, i16 %tmp_data_7_V)" [firmware/nnet_utils/nnet_activation_stream.h:57]   --->   Operation 56 'write' <Predicate = (!icmp_ln41)> <Delay = 3.63> <Core = "FIFO">   --->   Core 32 'FIFO' <Latency = 0> <II = 1> <Delay = 3.63> <Storage> <Opcode : 'read' 'write' 'nbread' 'nbwrite'> <Ports = 0> <Width = 16> <Depth = 4> <FIFO>
ST_4 : Operation 57 [1/1] (0.00ns)   --->   "%empty_15 = call i32 (...)* @_ssdm_op_SpecRegionEnd([12 x i8]* @p_str40, i32 %tmp)" [firmware/nnet_utils/nnet_activation_stream.h:58]   --->   Operation 57 'specregionend' 'empty_15' <Predicate = (!icmp_ln41)> <Delay = 0.00>
ST_4 : Operation 58 [1/1] (0.00ns)   --->   "br label %1" [firmware/nnet_utils/nnet_activation_stream.h:41]   --->   Operation 58 'br' <Predicate = (!icmp_ln41)> <Delay = 0.00>

State 5 <SV = 2> <Delay = 0.00>
ST_5 : Operation 59 [1/1] (0.00ns)   --->   "ret void" [firmware/nnet_utils/nnet_activation_stream.h:59]   --->   Operation 59 'ret' <Predicate = true> <Delay = 0.00>


============================================================
+ Verbose Summary: Timing violations
============================================================
Target clock period: 10ns, clock uncertainty: 1.25ns.

 <State 1>: 1.77ns
The critical path consists of the following:
	multiplexor before 'phi' operation ('i') with incoming values : ('i', firmware/nnet_utils/nnet_activation_stream.h:41) [35]  (1.77 ns)

 <State 2>: 1.78ns
The critical path consists of the following:
	'phi' operation ('i') with incoming values : ('i', firmware/nnet_utils/nnet_activation_stream.h:41) [35]  (0 ns)
	'add' operation ('i', firmware/nnet_utils/nnet_activation_stream.h:41) [38]  (1.78 ns)

 <State 3>: 3.63ns
The critical path consists of the following:
	fifo read on port 'data_V_data_0_V' (firmware/nnet_utils/nnet_activation_stream.h:44) [44]  (3.63 ns)

 <State 4>: 6.87ns
The critical path consists of the following:
	'icmp' operation ('icmp_ln1494', firmware/nnet_utils/nnet_activation_stream.h:51) [53]  (2.43 ns)
	'select' operation ('tmp.data[0].V', firmware/nnet_utils/nnet_activation_stream.h:51) [54]  (0.805 ns)
	fifo write on port 'res_V_data_0_V' (firmware/nnet_utils/nnet_activation_stream.h:57) [69]  (3.63 ns)

 <State 5>: 0ns
The critical path consists of the following:


============================================================
+ Verbose Summary: Binding
============================================================
N/A
* FSMD analyzer results:
  - Output states:
 - Input state : 
  - Chain level:
	State 1
	State 2
	State 3
	State 4
	State 5


============================================================
+ Verbose Summary: Datapath Resource usage 
============================================================
N/A
