

================================================================
== Vivado HLS Report for 'dense_wrapper_ap_fixed_16_6_5_3_0_ap_fixed_16_6_5_3_0_config9_s'
================================================================
* Date:           Thu Feb 29 22:53:19 2024

* Version:        2020.1 (Build 2897737 on Wed May 27 20:21:37 MDT 2020)
* Project:        myproject_prj
* Solution:       solution1
* Product family: virtexuplus
* Target device:  xcu50-fsvh2104-2-e


================================================================
== Performance Estimates
================================================================
+ Timing: 
    * Summary: 
    +--------+----------+----------+------------+
    |  Clock |  Target  | Estimated| Uncertainty|
    +--------+----------+----------+------------+
    |ap_clk  | 25.00 ns | 4.790 ns |   3.12 ns  |
    +--------+----------+----------+------------+

+ Latency: 
    * Summary: 
    +---------+---------+----------+----------+-----+-----+----------+
    |  Latency (cycles) |  Latency (absolute) |  Interval | Pipeline |
    |   min   |   max   |    min   |    max   | min | max |   Type   |
    +---------+---------+----------+----------+-----+-----+----------+
    |       14|       14| 0.350 us | 0.350 us |   15|   15| function |
    +---------+---------+----------+----------+-----+-----+----------+

    + Detail: 
        * Instance: 
        N/A

        * Loop: 
        N/A



================================================================
== Utilization Estimates
================================================================
* Summary: 
+---------------------+---------+-------+---------+--------+-----+
|         Name        | BRAM_18K| DSP48E|    FF   |   LUT  | URAM|
+---------------------+---------+-------+---------+--------+-----+
|DSP                  |        -|      -|        -|       -|    -|
|Expression           |        -|     20|        0|    6912|    -|
|FIFO                 |        -|      -|        -|       -|    -|
|Instance             |        -|      -|        -|       -|    -|
|Memory               |        -|      -|        -|       -|    -|
|Multiplexer          |        -|      -|        -|    2491|    -|
|Register             |        -|      -|     4434|       -|    -|
+---------------------+---------+-------+---------+--------+-----+
|Total                |        0|     20|     4434|    9403|    0|
+---------------------+---------+-------+---------+--------+-----+
|Available SLR        |     1344|   2976|   871680|  435840|  320|
+---------------------+---------+-------+---------+--------+-----+
|Utilization SLR (%)  |        0|   ~0  |    ~0   |       2|    0|
+---------------------+---------+-------+---------+--------+-----+
|Available            |     2688|   5952|  1743360|  871680|  640|
+---------------------+---------+-------+---------+--------+-----+
|Utilization (%)      |        0|   ~0  |    ~0   |       1|    0|
+---------------------+---------+-------+---------+--------+-----+

+ Detail: 
    * Instance: 
    N/A

    * DSP48E: 
    N/A

    * Memory: 
    N/A

    * FIFO: 
    N/A

    * Expression: 
    +---------------------------+----------+-------+---+----+------------+------------+
    |       Variable Name       | Operation| DSP48E| FF| LUT| Bitwidth P0| Bitwidth P1|
    +---------------------------+----------+-------+---+----+------------+------------+
    |grp_fu_900_p2              |     *    |      1|  0|   5|          16|          13|
    |grp_fu_901_p2              |     *    |      1|  0|   5|          16|          12|
    |grp_fu_902_p2              |     *    |      1|  0|   5|          16|          13|
    |grp_fu_903_p2              |     *    |      1|  0|   5|          16|          11|
    |grp_fu_904_p2              |     *    |      1|  0|   5|          16|          12|
    |grp_fu_905_p2              |     *    |      1|  0|   5|          16|          11|
    |grp_fu_906_p2              |     *    |      1|  0|   5|          16|          11|
    |grp_fu_907_p2              |     *    |      1|  0|   5|          16|          12|
    |grp_fu_908_p2              |     *    |      1|  0|   5|          16|          12|
    |grp_fu_909_p2              |     *    |      1|  0|   5|          16|          12|
    |grp_fu_910_p2              |     *    |      1|  0|   5|          16|          12|
    |grp_fu_911_p2              |     *    |      1|  0|   5|          16|          12|
    |grp_fu_912_p2              |     *    |      1|  0|   5|          16|          12|
    |grp_fu_913_p2              |     *    |      1|  0|   5|          16|          12|
    |grp_fu_914_p2              |     *    |      1|  0|   5|          16|          11|
    |grp_fu_915_p2              |     *    |      1|  0|   5|          16|          11|
    |grp_fu_916_p2              |     *    |      1|  0|   5|          16|          12|
    |grp_fu_917_p2              |     *    |      1|  0|   5|          16|          12|
    |grp_fu_918_p2              |     *    |      1|  0|   5|          16|          12|
    |grp_fu_919_p2              |     *    |      1|  0|   5|          16|          12|
    |add_ln1118_1_fu_9675_p2    |     +    |      0|  0|  33|          26|          26|
    |add_ln1118_2_fu_9736_p2    |     +    |      0|  0|  33|          26|          26|
    |add_ln1118_3_fu_12446_p2   |     +    |      0|  0|  31|          24|          24|
    |add_ln1118_4_fu_10403_p2   |     +    |      0|  0|  32|          25|          25|
    |add_ln1118_5_fu_10544_p2   |     +    |      0|  0|  32|          25|          25|
    |add_ln1118_6_fu_11122_p2   |     +    |      0|  0|  28|          21|          21|
    |add_ln1118_7_fu_12635_p2   |     +    |      0|  0|  30|          23|          23|
    |add_ln1118_fu_9651_p2      |     +    |      0|  0|  29|          22|          22|
    |add_ln703_101_fu_10224_p2  |     +    |      0|  0|  16|          16|          16|
    |add_ln703_102_fu_10229_p2  |     +    |      0|  0|  16|          16|          16|
    |add_ln703_104_fu_10712_p2  |     +    |      0|  0|  16|          16|          16|
    |add_ln703_105_fu_10718_p2  |     +    |      0|  0|  16|          16|          16|
    |add_ln703_106_fu_11352_p2  |     +    |      0|  0|  23|          16|          16|
    |add_ln703_107_fu_11528_p2  |     +    |      0|  0|  16|          16|          16|
    |add_ln703_108_fu_11534_p2  |     +    |      0|  0|  16|          16|          16|
    |add_ln703_109_fu_11539_p2  |     +    |      0|  0|  16|          16|          16|
    |add_ln703_10_fu_11516_p2   |     +    |      0|  0|  23|          16|          16|
    |add_ln703_110_fu_11544_p2  |     +    |      0|  0|  16|          16|          16|
    |add_ln703_111_fu_11701_p2  |     +    |      0|  0|  23|          16|          16|
    |add_ln703_112_fu_13430_p2  |     +    |      0|  0|  16|          16|          16|
    |add_ln703_113_fu_13436_p2  |     +    |      0|  0|  16|          16|          16|
    |add_ln703_114_fu_13441_p2  |     +    |      0|  0|  23|          16|          16|
    |add_ln703_115_fu_11549_p2  |     +    |      0|  0|  23|          16|          16|
    |add_ln703_116_fu_13447_p2  |     +    |      0|  0|  16|          16|          16|
    |add_ln703_117_fu_13452_p2  |     +    |      0|  0|  16|          16|          16|
    |add_ln703_118_fu_11921_p2  |     +    |      0|  0|  23|          16|          16|
    |add_ln703_119_fu_12917_p2  |     +    |      0|  0|  16|          16|          16|
    |add_ln703_11_fu_11890_p2   |     +    |      0|  0|  16|          16|          16|
    |add_ln703_120_fu_12923_p2  |     +    |      0|  0|  16|          16|          16|
    |add_ln703_121_fu_12928_p2  |     +    |      0|  0|  23|          16|          16|
    |add_ln703_122_fu_12314_p2  |     +    |      0|  0|  15|           8|           5|
    |add_ln703_123_fu_12324_p2  |     +    |      0|  0|  20|          13|          13|
    |add_ln703_124_fu_12937_p2  |     +    |      0|  0|  16|          16|          16|
    |add_ln703_125_fu_12943_p2  |     +    |      0|  0|  16|          16|          16|
    |add_ln703_126_fu_13458_p2  |     +    |      0|  0|  16|          16|          16|
    |add_ln703_127_fu_13463_p2  |     +    |      0|  0|  16|          16|          16|
    |add_ln703_128_fu_9958_p2   |     +    |      0|  0|  23|          16|          16|
    |add_ln703_129_fu_10054_p2  |     +    |      0|  0|  16|          16|          16|
    |add_ln703_12_fu_11895_p2   |     +    |      0|  0|  16|          16|          16|
    |add_ln703_130_fu_10060_p2  |     +    |      0|  0|  16|          16|          16|
    |add_ln703_131_fu_10454_p2  |     +    |      0|  0|  23|          16|          16|
    |add_ln703_132_fu_10724_p2  |     +    |      0|  0|  23|          16|          16|
    |add_ln703_133_fu_10730_p2  |     +    |      0|  0|  16|          16|          16|
    |add_ln703_134_fu_10735_p2  |     +    |      0|  0|  16|          16|          16|
    |add_ln703_135_fu_10986_p2  |     +    |      0|  0|  23|          16|          16|
    |add_ln703_136_fu_11358_p2  |     +    |      0|  0|  16|          16|          16|
    |add_ln703_137_fu_11364_p2  |     +    |      0|  0|  16|          16|          16|
    |add_ln703_138_fu_11707_p2  |     +    |      0|  0|  23|          16|          16|
    |add_ln703_139_fu_11713_p2  |     +    |      0|  0|  16|          16|          16|
    |add_ln703_13_fu_11900_p2   |     +    |      0|  0|  16|          16|          16|
    |add_ln703_140_fu_11719_p2  |     +    |      0|  0|  16|          16|          16|
    |add_ln703_141_fu_11725_p2  |     +    |      0|  0|  16|          16|          16|
    |add_ln703_142_fu_11730_p2  |     +    |      0|  0|  16|          16|          16|
    |add_ln703_143_fu_12949_p2  |     +    |      0|  0|  23|          16|          16|
    |add_ln703_144_fu_12955_p2  |     +    |      0|  0|  16|          16|          16|
    |add_ln703_145_fu_12961_p2  |     +    |      0|  0|  16|          16|          16|
    |add_ln703_146_fu_10740_p2  |     +    |      0|  0|  23|          16|          16|
    |add_ln703_147_fu_12967_p2  |     +    |      0|  0|  23|          16|          16|
    |add_ln703_148_fu_12973_p2  |     +    |      0|  0|  16|          16|          16|
    |add_ln703_149_fu_12978_p2  |     +    |      0|  0|  16|          16|          16|
    |add_ln703_14_fu_11905_p2   |     +    |      0|  0|  16|          16|          16|
    |add_ln703_150_fu_13468_p2  |     +    |      0|  0|  16|          16|          16|
    |add_ln703_151_fu_11927_p2  |     +    |      0|  0|  22|          15|          15|
    |add_ln703_152_fu_13477_p2  |     +    |      0|  0|  16|          16|          16|
    |add_ln703_153_fu_13739_p2  |     +    |      0|  0|  22|          15|          15|
    |add_ln703_154_fu_13483_p2  |     +    |      0|  0|  20|          13|           9|
    |add_ln703_155_fu_13493_p2  |     +    |      0|  0|  21|          14|          14|
    |add_ln703_156_fu_13752_p2  |     +    |      0|  0|  16|          16|          16|
    |add_ln703_157_fu_13758_p2  |     +    |      0|  0|  16|          16|          16|
    |add_ln703_158_fu_13763_p2  |     +    |      0|  0|  16|          16|          16|
    |add_ln703_159_fu_13768_p2  |     +    |      0|  0|  16|          16|          16|
    |add_ln703_15_fu_12223_p2   |     +    |      0|  0|  23|          16|          16|
    |add_ln703_160_fu_9819_p2   |     +    |      0|  0|  23|          16|          16|
    |add_ln703_161_fu_9964_p2   |     +    |      0|  0|  16|          16|          16|
    |add_ln703_162_fu_9970_p2   |     +    |      0|  0|  16|          16|          16|
    |add_ln703_163_fu_10065_p2  |     +    |      0|  0|  23|          16|          16|
    |add_ln703_164_fu_10234_p2  |     +    |      0|  0|  23|          16|          16|
    |add_ln703_165_fu_10240_p2  |     +    |      0|  0|  16|          16|          16|
    |add_ln703_166_fu_10245_p2  |     +    |      0|  0|  16|          16|          16|
    |add_ln703_167_fu_10460_p2  |     +    |      0|  0|  23|          16|          16|
    |add_ln703_168_fu_10991_p2  |     +    |      0|  0|  16|          16|          16|
    |add_ln703_169_fu_10997_p2  |     +    |      0|  0|  16|          16|          16|
    |add_ln703_16_fu_13303_p2   |     +    |      0|  0|  16|          16|          16|
    |add_ln703_170_fu_11933_p2  |     +    |      0|  0|  23|          16|          16|
    |add_ln703_171_fu_13499_p2  |     +    |      0|  0|  16|          16|          16|
    |add_ln703_172_fu_13505_p2  |     +    |      0|  0|  16|          16|          16|
    |add_ln703_173_fu_13510_p2  |     +    |      0|  0|  16|          16|          16|
    |add_ln703_174_fu_13515_p2  |     +    |      0|  0|  16|          16|          16|
    |add_ln703_175_fu_13520_p2  |     +    |      0|  0|  23|          16|          16|
    |add_ln703_176_fu_13526_p2  |     +    |      0|  0|  16|          16|          16|
    |add_ln703_177_fu_13532_p2  |     +    |      0|  0|  16|          16|          16|
    |add_ln703_178_fu_11555_p2  |     +    |      0|  0|  23|          16|          16|
    |add_ln703_179_fu_11735_p2  |     +    |      0|  0|  23|          16|          16|
    |add_ln703_17_fu_13308_p2   |     +    |      0|  0|  16|          16|          16|
    |add_ln703_180_fu_13538_p2  |     +    |      0|  0|  16|          16|          16|
    |add_ln703_181_fu_13542_p2  |     +    |      0|  0|  16|          16|          16|
    |add_ln703_182_fu_12330_p2  |     +    |      0|  0|  23|          16|          16|
    |add_ln703_183_fu_13773_p2  |     +    |      0|  0|  16|          16|          16|
    |add_ln703_184_fu_13779_p2  |     +    |      0|  0|  16|          16|          16|
    |add_ln703_185_fu_12984_p2  |     +    |      0|  0|  22|          15|          15|
    |add_ln703_186_fu_12990_p2  |     +    |      0|  0|  19|          12|           7|
    |add_ln703_187_fu_13000_p2  |     +    |      0|  0|  21|          14|          14|
    |add_ln703_188_fu_13790_p2  |     +    |      0|  0|  16|          16|          16|
    |add_ln703_189_fu_13796_p2  |     +    |      0|  0|  16|          16|          16|
    |add_ln703_18_fu_10700_p2   |     +    |      0|  0|  23|          16|          16|
    |add_ln703_190_fu_13802_p2  |     +    |      0|  0|  16|          16|          16|
    |add_ln703_191_fu_13807_p2  |     +    |      0|  0|  16|          16|          16|
    |add_ln703_192_fu_9825_p2   |     +    |      0|  0|  23|          16|          16|
    |add_ln703_194_fu_9975_p2   |     +    |      0|  0|  16|          16|          16|
    |add_ln703_195_fu_10250_p2  |     +    |      0|  0|  23|          16|          16|
    |add_ln703_196_fu_10466_p2  |     +    |      0|  0|  23|          16|          16|
    |add_ln703_197_fu_10472_p2  |     +    |      0|  0|  16|          16|          16|
    |add_ln703_198_fu_10477_p2  |     +    |      0|  0|  16|          16|          16|
    |add_ln703_199_fu_10746_p2  |     +    |      0|  0|  23|          16|          16|
    |add_ln703_19_fu_12809_p2   |     +    |      0|  0|  23|          16|          16|
    |add_ln703_1_fu_9930_p2     |     +    |      0|  0|  16|          16|          16|
    |add_ln703_200_fu_11002_p2  |     +    |      0|  0|  16|          16|          16|
    |add_ln703_201_fu_11008_p2  |     +    |      0|  0|  16|          16|          16|
    |add_ln703_202_fu_11369_p2  |     +    |      0|  0|  23|          16|          16|
    |add_ln703_203_fu_11561_p2  |     +    |      0|  0|  16|          16|          16|
    |add_ln703_204_fu_11567_p2  |     +    |      0|  0|  16|          16|          16|
    |add_ln703_205_fu_11572_p2  |     +    |      0|  0|  16|          16|          16|
    |add_ln703_206_fu_11577_p2  |     +    |      0|  0|  16|          16|          16|
    |add_ln703_207_fu_11939_p2  |     +    |      0|  0|  23|          16|          16|
    |add_ln703_208_fu_11944_p2  |     +    |      0|  0|  16|          16|          16|
    |add_ln703_209_fu_11950_p2  |     +    |      0|  0|  16|          16|          16|
    |add_ln703_20_fu_13313_p2   |     +    |      0|  0|  16|          16|          16|
    |add_ln703_211_fu_13006_p2  |     +    |      0|  0|  23|          16|          16|
    |add_ln703_212_fu_13012_p2  |     +    |      0|  0|  16|          16|          16|
    |add_ln703_213_fu_13018_p2  |     +    |      0|  0|  16|          16|          16|
    |add_ln703_214_fu_11375_p2  |     +    |      0|  0|  23|          16|          16|
    |add_ln703_215_fu_12336_p2  |     +    |      0|  0|  16|          16|          16|
    |add_ln703_216_fu_12342_p2  |     +    |      0|  0|  16|          16|          16|
    |add_ln703_217_fu_13812_p2  |     +    |      0|  0|  23|          16|          16|
    |add_ln703_218_fu_13548_p2  |     +    |      0|  0|  21|          14|           8|
    |add_ln703_219_fu_13558_p2  |     +    |      0|  0|  22|          15|          15|
    |add_ln703_21_fu_13317_p2   |     +    |      0|  0|  16|          16|          16|
    |add_ln703_220_fu_13821_p2  |     +    |      0|  0|  16|          16|          16|
    |add_ln703_221_fu_13827_p2  |     +    |      0|  0|  16|          16|          16|
    |add_ln703_222_fu_13832_p2  |     +    |      0|  0|  16|          16|          16|
    |add_ln703_223_fu_13837_p2  |     +    |      0|  0|  16|          16|          16|
    |add_ln703_224_fu_9980_p2   |     +    |      0|  0|  23|          16|          16|
    |add_ln703_225_fu_10071_p2  |     +    |      0|  0|  16|          16|          16|
    |add_ln703_226_fu_10077_p2  |     +    |      0|  0|  16|          16|          16|
    |add_ln703_227_fu_10482_p2  |     +    |      0|  0|  23|          16|          16|
    |add_ln703_228_fu_11582_p2  |     +    |      0|  0|  23|          16|          16|
    |add_ln703_229_fu_11588_p2  |     +    |      0|  0|  16|          16|          16|
    |add_ln703_22_fu_13323_p2   |     +    |      0|  0|  23|          16|          16|
    |add_ln703_230_fu_11593_p2  |     +    |      0|  0|  16|          16|          16|
    |add_ln703_231_fu_11741_p2  |     +    |      0|  0|  23|          16|          16|
    |add_ln703_232_fu_11956_p2  |     +    |      0|  0|  16|          16|          16|
    |add_ln703_233_fu_11962_p2  |     +    |      0|  0|  16|          16|          16|
    |add_ln703_234_fu_13023_p2  |     +    |      0|  0|  23|          16|          16|
    |add_ln703_235_fu_13029_p2  |     +    |      0|  0|  16|          16|          16|
    |add_ln703_236_fu_13035_p2  |     +    |      0|  0|  16|          16|          16|
    |add_ln703_237_fu_13041_p2  |     +    |      0|  0|  16|          16|          16|
    |add_ln703_238_fu_13046_p2  |     +    |      0|  0|  16|          16|          16|
    |add_ln703_239_fu_11013_p2  |     +    |      0|  0|  23|          16|          16|
    |add_ln703_23_fu_12229_p2   |     +    |      0|  0|  22|          15|          15|
    |add_ln703_240_fu_13051_p2  |     +    |      0|  0|  16|          16|          16|
    |add_ln703_241_fu_13057_p2  |     +    |      0|  0|  16|          16|          16|
    |add_ln703_242_fu_13842_p2  |     +    |      0|  0|  23|          16|          16|
    |add_ln703_243_fu_10752_p2  |     +    |      0|  0|  22|          15|          15|
    |add_ln703_244_fu_13851_p2  |     +    |      0|  0|  16|          16|          16|
    |add_ln703_245_fu_13857_p2  |     +    |      0|  0|  16|          16|          16|
    |add_ln703_246_fu_11381_p2  |     +    |      0|  0|  22|          15|          15|
    |add_ln703_247_fu_12347_p2  |     +    |      0|  0|  22|          15|          15|
    |add_ln703_248_fu_13570_p2  |     +    |      0|  0|  16|          16|          16|
    |add_ln703_249_fu_13576_p2  |     +    |      0|  0|  16|          15|          15|
    |add_ln703_24_fu_13332_p2   |     +    |      0|  0|  16|          16|          16|
    |add_ln703_250_fu_13582_p2  |     +    |      0|  0|  19|          12|           6|
    |add_ln703_251_fu_13592_p2  |     +    |      0|  0|  20|          13|          13|
    |add_ln703_252_fu_13602_p2  |     +    |      0|  0|  16|          15|          15|
    |add_ln703_253_fu_13612_p2  |     +    |      0|  0|  16|          16|          16|
    |add_ln703_254_fu_13862_p2  |     +    |      0|  0|  16|          16|          16|
    |add_ln703_255_fu_13867_p2  |     +    |      0|  0|  16|          16|          16|
    |add_ln703_256_fu_10082_p2  |     +    |      0|  0|  23|          16|          16|
    |add_ln703_257_fu_10256_p2  |     +    |      0|  0|  16|          16|          16|
    |add_ln703_258_fu_10261_p2  |     +    |      0|  0|  16|          16|          16|
    |add_ln703_259_fu_10758_p2  |     +    |      0|  0|  23|          16|          16|
    |add_ln703_25_fu_12815_p2   |     +    |      0|  0|  21|          14|          14|
    |add_ln703_260_fu_11598_p2  |     +    |      0|  0|  23|          16|          16|
    |add_ln703_261_fu_11603_p2  |     +    |      0|  0|  16|          16|          16|
    |add_ln703_262_fu_11608_p2  |     +    |      0|  0|  16|          16|          16|
    |add_ln703_263_fu_11746_p2  |     +    |      0|  0|  23|          16|          16|
    |add_ln703_264_fu_12353_p2  |     +    |      0|  0|  16|          16|          16|
    |add_ln703_265_fu_12359_p2  |     +    |      0|  0|  16|          16|          16|
    |add_ln703_266_fu_13062_p2  |     +    |      0|  0|  23|          16|          16|
    |add_ln703_267_fu_13618_p2  |     +    |      0|  0|  16|          16|          16|
    |add_ln703_268_fu_13624_p2  |     +    |      0|  0|  16|          16|          16|
    |add_ln703_269_fu_13629_p2  |     +    |      0|  0|  16|          16|          16|
    |add_ln703_26_fu_12825_p2   |     +    |      0|  0|  19|          12|           6|
    |add_ln703_270_fu_13634_p2  |     +    |      0|  0|  16|          16|          16|
    |add_ln703_271_fu_10488_p2  |     +    |      0|  0|  23|          16|          16|
    |add_ln703_272_fu_11751_p2  |     +    |      0|  0|  16|          16|          16|
    |add_ln703_273_fu_11757_p2  |     +    |      0|  0|  16|          16|          16|
    |add_ln703_274_fu_12364_p2  |     +    |      0|  0|  23|          16|          16|
    |add_ln703_275_fu_13639_p2  |     +    |      0|  0|  23|          16|          16|
    |add_ln703_276_fu_13645_p2  |     +    |      0|  0|  16|          16|          16|
    |add_ln703_277_fu_13650_p2  |     +    |      0|  0|  16|          16|          16|
    |add_ln703_278_fu_13872_p2  |     +    |      0|  0|  23|          16|          16|
    |add_ln703_279_fu_10764_p2  |     +    |      0|  0|  21|          14|          14|
    |add_ln703_27_fu_12835_p2   |     +    |      0|  0|  20|          13|          13|
    |add_ln703_280_fu_13881_p2  |     +    |      0|  0|  16|          16|          16|
    |add_ln703_281_fu_11387_p2  |     +    |      0|  0|  16|          14|          14|
    |add_ln703_282_fu_11019_p2  |     +    |      0|  0|  17|          10|           9|
    |add_ln703_283_fu_11029_p2  |     +    |      0|  0|  18|          11|          11|
    |add_ln703_284_fu_11396_p2  |     +    |      0|  0|  16|          14|          14|
    |add_ln703_285_fu_13890_p2  |     +    |      0|  0|  16|          16|          16|
    |add_ln703_286_fu_13896_p2  |     +    |      0|  0|  16|          16|          16|
    |add_ln703_287_fu_13901_p2  |     +    |      0|  0|  16|          16|          16|
    |add_ln703_288_fu_9986_p2   |     +    |      0|  0|  23|          16|          16|
    |add_ln703_28_fu_12845_p2   |     +    |      0|  0|  22|          15|          15|
    |add_ln703_290_fu_10088_p2  |     +    |      0|  0|  16|          16|          16|
    |add_ln703_292_fu_11035_p2  |     +    |      0|  0|  23|          16|          16|
    |add_ln703_293_fu_11041_p2  |     +    |      0|  0|  16|          16|          16|
    |add_ln703_294_fu_11047_p2  |     +    |      0|  0|  16|          16|          16|
    |add_ln703_295_fu_11613_p2  |     +    |      0|  0|  23|          16|          16|
    |add_ln703_296_fu_11967_p2  |     +    |      0|  0|  16|          16|          16|
    |add_ln703_297_fu_11972_p2  |     +    |      0|  0|  16|          16|          16|
    |add_ln703_298_fu_12370_p2  |     +    |      0|  0|  23|          16|          16|
    |add_ln703_299_fu_13906_p2  |     +    |      0|  0|  16|          16|          16|
    |add_ln703_29_fu_13341_p2   |     +    |      0|  0|  16|          16|          16|
    |add_ln703_2_fu_9936_p2     |     +    |      0|  0|  16|          16|          16|
    |add_ln703_300_fu_13912_p2  |     +    |      0|  0|  16|          16|          16|
    |add_ln703_301_fu_13917_p2  |     +    |      0|  0|  16|          16|          16|
    |add_ln703_302_fu_13922_p2  |     +    |      0|  0|  16|          16|          16|
    |add_ln703_303_fu_9992_p2   |     +    |      0|  0|  23|          16|          16|
    |add_ln703_304_fu_10266_p2  |     +    |      0|  0|  16|          16|          16|
    |add_ln703_305_fu_10272_p2  |     +    |      0|  0|  16|          16|          16|
    |add_ln703_306_fu_11762_p2  |     +    |      0|  0|  23|          16|          16|
    |add_ln703_307_fu_13068_p2  |     +    |      0|  0|  23|          16|          16|
    |add_ln703_308_fu_13074_p2  |     +    |      0|  0|  16|          16|          16|
    |add_ln703_309_fu_13079_p2  |     +    |      0|  0|  16|          16|          16|
    |add_ln703_30_fu_13347_p2   |     +    |      0|  0|  16|          16|          16|
    |add_ln703_310_fu_10770_p2  |     +    |      0|  0|  22|          15|          15|
    |add_ln703_311_fu_11405_p2  |     +    |      0|  0|  22|          15|          15|
    |add_ln703_312_fu_11415_p2  |     +    |      0|  0|  23|          16|          16|
    |add_ln703_313_fu_13084_p2  |     +    |      0|  0|  22|          15|          15|
    |add_ln703_314_fu_13658_p2  |     +    |      0|  0|  20|          13|           7|
    |add_ln703_315_fu_13668_p2  |     +    |      0|  0|  21|          14|          14|
    |add_ln703_316_fu_13678_p2  |     +    |      0|  0|  16|          16|          16|
    |add_ln703_317_fu_13684_p2  |     +    |      0|  0|  16|          16|          16|
    |add_ln703_318_fu_13927_p2  |     +    |      0|  0|  16|          16|          16|
    |add_ln703_319_fu_13931_p2  |     +    |      0|  0|  16|          16|          16|
    |add_ln703_31_fu_13353_p2   |     +    |      0|  0|  16|          16|          16|
    |add_ln703_32_fu_9807_p2    |     +    |      0|  0|  23|          16|          16|
    |add_ln703_33_fu_10196_p2   |     +    |      0|  0|  16|          16|          16|
    |add_ln703_34_fu_10202_p2   |     +    |      0|  0|  16|          16|          16|
    |add_ln703_35_fu_10442_p2   |     +    |      0|  0|  23|          16|          16|
    |add_ln703_36_fu_11315_p2   |     +    |      0|  0|  23|          16|          16|
    |add_ln703_37_fu_11320_p2   |     +    |      0|  0|  16|          16|          16|
    |add_ln703_38_fu_11325_p2   |     +    |      0|  0|  16|          16|          16|
    |add_ln703_39_fu_11330_p2   |     +    |      0|  0|  23|          16|          16|
    |add_ln703_3_fu_10030_p2    |     +    |      0|  0|  23|          16|          16|
    |add_ln703_40_fu_11684_p2   |     +    |      0|  0|  16|          16|          16|
    |add_ln703_41_fu_11690_p2   |     +    |      0|  0|  16|          16|          16|
    |add_ln703_44_fu_12235_p2   |     +    |      0|  0|  16|          16|          16|
    |add_ln703_45_fu_12240_p2   |     +    |      0|  0|  16|          16|          16|
    |add_ln703_46_fu_12245_p2   |     +    |      0|  0|  16|          16|          16|
    |add_ln703_47_fu_12851_p2   |     +    |      0|  0|  23|          16|          16|
    |add_ln703_48_fu_12857_p2   |     +    |      0|  0|  16|          16|          16|
    |add_ln703_49_fu_12863_p2   |     +    |      0|  0|  16|          16|          16|
    |add_ln703_4_fu_10426_p2    |     +    |      0|  0|  23|          16|          16|
    |add_ln703_50_fu_10964_p2   |     +    |      0|  0|  23|          16|          16|
    |add_ln703_51_fu_12869_p2   |     +    |      0|  0|  23|          16|          16|
    |add_ln703_52_fu_12875_p2   |     +    |      0|  0|  16|          16|          16|
    |add_ln703_53_fu_12880_p2   |     +    |      0|  0|  16|          16|          16|
    |add_ln703_54_fu_13358_p2   |     +    |      0|  0|  23|          16|          16|
    |add_ln703_55_fu_13364_p2   |     +    |      0|  0|  22|          15|          15|
    |add_ln703_56_fu_13374_p2   |     +    |      0|  0|  16|          16|          16|
    |add_ln703_57_fu_10207_p2   |     +    |      0|  0|  21|          14|          14|
    |add_ln703_58_fu_12253_p2   |     +    |      0|  0|  19|          12|           9|
    |add_ln703_59_fu_12263_p2   |     +    |      0|  0|  21|          14|          14|
    |add_ln703_5_fu_10432_p2    |     +    |      0|  0|  16|          16|          16|
    |add_ln703_60_fu_12273_p2   |     +    |      0|  0|  22|          15|          15|
    |add_ln703_61_fu_13383_p2   |     +    |      0|  0|  16|          16|          16|
    |add_ln703_62_fu_13389_p2   |     +    |      0|  0|  16|          16|          16|
    |add_ln703_63_fu_13394_p2   |     +    |      0|  0|  16|          16|          16|
    |add_ln703_65_fu_10036_p2   |     +    |      0|  0|  16|          16|          16|
    |add_ln703_66_fu_10042_p2   |     +    |      0|  0|  16|          16|          16|
    |add_ln703_67_fu_10448_p2   |     +    |      0|  0|  23|          16|          16|
    |add_ln703_68_fu_10970_p2   |     +    |      0|  0|  23|          16|          16|
    |add_ln703_69_fu_10976_p2   |     +    |      0|  0|  16|          16|          16|
    |add_ln703_6_fu_10437_p2    |     +    |      0|  0|  16|          16|          16|
    |add_ln703_70_fu_10981_p2   |     +    |      0|  0|  16|          16|          16|
    |add_ln703_71_fu_11522_p2   |     +    |      0|  0|  23|          16|          16|
    |add_ln703_72_fu_11910_p2   |     +    |      0|  0|  16|          16|          16|
    |add_ln703_73_fu_11916_p2   |     +    |      0|  0|  16|          16|          16|
    |add_ln703_74_fu_12279_p2   |     +    |      0|  0|  23|          16|          16|
    |add_ln703_75_fu_13399_p2   |     +    |      0|  0|  16|          16|          16|
    |add_ln703_76_fu_13405_p2   |     +    |      0|  0|  16|          16|          16|
    |add_ln703_77_fu_13410_p2   |     +    |      0|  0|  16|          16|          16|
    |add_ln703_78_fu_13415_p2   |     +    |      0|  0|  16|          16|          16|
    |add_ln703_79_fu_9941_p2    |     +    |      0|  0|  23|          16|          16|
    |add_ln703_7_fu_10694_p2    |     +    |      0|  0|  23|          16|          16|
    |add_ln703_80_fu_10213_p2   |     +    |      0|  0|  16|          16|          16|
    |add_ln703_81_fu_10219_p2   |     +    |      0|  0|  16|          16|          16|
    |add_ln703_82_fu_10706_p2   |     +    |      0|  0|  23|          16|          16|
    |add_ln703_83_fu_11336_p2   |     +    |      0|  0|  23|          16|          16|
    |add_ln703_84_fu_11342_p2   |     +    |      0|  0|  16|          16|          16|
    |add_ln703_85_fu_11347_p2   |     +    |      0|  0|  16|          16|          16|
    |add_ln703_86_fu_12886_p2   |     +    |      0|  0|  23|          16|          16|
    |add_ln703_87_fu_12892_p2   |     +    |      0|  0|  22|          15|          15|
    |add_ln703_88_fu_12902_p2   |     +    |      0|  0|  16|          16|          16|
    |add_ln703_89_fu_11695_p2   |     +    |      0|  0|  21|          14|          14|
    |add_ln703_8_fu_11304_p2    |     +    |      0|  0|  16|          16|          16|
    |add_ln703_90_fu_12288_p2   |     +    |      0|  0|  19|          12|           3|
    |add_ln703_91_fu_12298_p2   |     +    |      0|  0|  21|          14|          14|
    |add_ln703_92_fu_12308_p2   |     +    |      0|  0|  22|          15|          15|
    |add_ln703_93_fu_12911_p2   |     +    |      0|  0|  16|          16|          16|
    |add_ln703_94_fu_13420_p2   |     +    |      0|  0|  16|          16|          16|
    |add_ln703_95_fu_13424_p2   |     +    |      0|  0|  16|          16|          16|
    |add_ln703_96_fu_9813_p2    |     +    |      0|  0|  23|          16|          16|
    |add_ln703_97_fu_9947_p2    |     +    |      0|  0|  16|          16|          16|
    |add_ln703_98_fu_9953_p2    |     +    |      0|  0|  16|          16|          16|
    |add_ln703_99_fu_10048_p2   |     +    |      0|  0|  23|          16|          16|
    |add_ln703_9_fu_11310_p2    |     +    |      0|  0|  16|          16|          16|
    |add_ln703_fu_9801_p2       |     +    |      0|  0|  23|          16|          16|
    |grp_fu_9185_p2             |     +    |      0|  0|  23|          16|          16|
    |grp_fu_9251_p2             |     +    |      0|  0|  16|          16|          16|
    |grp_fu_9377_p2             |     +    |      0|  0|  23|          16|          16|
    |grp_fu_9605_p2             |     +    |      0|  0|  23|          16|          16|
    |sub_ln1118_10_fu_10852_p2  |     -    |      0|  0|  24|           1|          17|
    |sub_ln1118_11_fu_10880_p2  |     -    |      0|  0|  16|           1|          20|
    |sub_ln1118_12_fu_10898_p2  |     -    |      0|  0|  16|          20|          20|
    |sub_ln1118_13_fu_10930_p2  |     -    |      0|  0|  16|           1|          26|
    |sub_ln1118_14_fu_10948_p2  |     -    |      0|  0|  16|          26|          26|
    |sub_ln1118_15_fu_11194_p2  |     -    |      0|  0|  33|          26|          26|
    |sub_ln1118_16_fu_11210_p2  |     -    |      0|  0|  16|           1|          24|
    |sub_ln1118_17_fu_11228_p2  |     -    |      0|  0|  16|          24|          24|
    |sub_ln1118_18_fu_11284_p2  |     -    |      0|  0|  31|          24|          24|
    |sub_ln1118_19_fu_11480_p2  |     -    |      0|  0|  33|           1|          26|
    |sub_ln1118_1_fu_9785_p2    |     -    |      0|  0|  16|          24|          24|
    |sub_ln1118_20_fu_12539_p2  |     -    |      0|  0|  30|           1|          23|
    |sub_ln1118_21_fu_12556_p2  |     -    |      0|  0|  30|          23|          23|
    |sub_ln1118_22_fu_12590_p2  |     -    |      0|  0|  30|          23|          23|
    |sub_ln1118_23_fu_11827_p2  |     -    |      0|  0|  16|           1|          24|
    |sub_ln1118_24_fu_11845_p2  |     -    |      0|  0|  16|          24|          24|
    |sub_ln1118_25_fu_12029_p2  |     -    |      0|  0|  28|          21|          21|
    |sub_ln1118_26_fu_13152_p2  |     -    |      0|  0|  29|          22|          22|
    |sub_ln1118_27_fu_13183_p2  |     -    |      0|  0|  32|          25|          25|
    |sub_ln1118_28_fu_12135_p2  |     -    |      0|  0|  29|          22|          22|
    |sub_ln1118_29_fu_12185_p2  |     -    |      0|  0|  16|           1|          21|
    |sub_ln1118_2_fu_9880_p2    |     -    |      0|  0|  16|           1|          26|
    |sub_ln1118_30_fu_12203_p2  |     -    |      0|  0|  16|          21|          21|
    |sub_ln1118_31_fu_12747_p2  |     -    |      0|  0|  32|          25|          25|
    |sub_ln1118_3_fu_9886_p2    |     -    |      0|  0|  16|          26|          26|
    |sub_ln1118_4_fu_12415_p2   |     -    |      0|  0|  28|          21|          21|
    |sub_ln1118_5_fu_12477_p2   |     -    |      0|  0|  32|          25|          25|
    |sub_ln1118_6_fu_10288_p2   |     -    |      0|  0|  16|           1|          26|
    |sub_ln1118_7_fu_10305_p2   |     -    |      0|  0|  16|          26|          26|
    |sub_ln1118_8_fu_10358_p2   |     -    |      0|  0|  29|           1|          22|
    |sub_ln1118_9_fu_10647_p2   |     -    |      0|  0|  33|          26|          26|
    |sub_ln1118_fu_9779_p2      |     -    |      0|  0|  16|           1|          24|
    +---------------------------+----------+-------+---+----+------------+------------+
    |Total                      |          |     20|  0|6912|        5942|        6077|
    +---------------------------+----------+-------+---+----+------------+------------+

    * Multiplexer: 
    +---------------+----+-----------+-----+-----------+
    |      Name     | LUT| Input Size| Bits| Total Bits|
    +---------------+----+-----------+-----+-----------+
    |ap_NS_fsm      |  65|         16|    1|         16|
    |grp_fu_900_p0  |  62|         15|   16|        240|
    |grp_fu_900_p1  |  59|         14|   13|        182|
    |grp_fu_901_p0  |  65|         16|   16|        256|
    |grp_fu_901_p1  |  65|         16|   12|        192|
    |grp_fu_902_p0  |  62|         15|   16|        240|
    |grp_fu_902_p1  |  59|         14|   13|        182|
    |grp_fu_903_p0  |  65|         16|   16|        256|
    |grp_fu_903_p1  |  56|         13|   11|        143|
    |grp_fu_904_p0  |  62|         15|   16|        240|
    |grp_fu_904_p1  |  59|         14|   12|        168|
    |grp_fu_905_p0  |  65|         16|   16|        256|
    |grp_fu_905_p1  |  56|         13|   11|        143|
    |grp_fu_906_p0  |  62|         15|   16|        240|
    |grp_fu_906_p1  |  56|         13|   11|        143|
    |grp_fu_907_p0  |  62|         15|   16|        240|
    |grp_fu_907_p1  |  59|         14|   12|        168|
    |grp_fu_908_p0  |  62|         15|   16|        240|
    |grp_fu_908_p1  |  56|         13|   12|        156|
    |grp_fu_909_p0  |  62|         15|   16|        240|
    |grp_fu_909_p1  |  59|         14|   12|        168|
    |grp_fu_910_p0  |  62|         15|   16|        240|
    |grp_fu_910_p1  |  56|         13|   12|        156|
    |grp_fu_911_p0  |  65|         16|   16|        256|
    |grp_fu_911_p1  |  62|         15|   12|        180|
    |grp_fu_912_p0  |  65|         16|   16|        256|
    |grp_fu_912_p1  |  62|         15|   12|        180|
    |grp_fu_913_p0  |  62|         15|   16|        240|
    |grp_fu_913_p1  |  56|         13|   12|        156|
    |grp_fu_914_p0  |  62|         15|   16|        240|
    |grp_fu_914_p1  |  59|         14|   11|        154|
    |grp_fu_915_p0  |  62|         15|   16|        240|
    |grp_fu_915_p1  |  56|         13|   11|        143|
    |grp_fu_916_p0  |  62|         15|   16|        240|
    |grp_fu_916_p1  |  59|         14|   12|        168|
    |grp_fu_917_p0  |  62|         15|   16|        240|
    |grp_fu_917_p1  |  56|         13|   12|        156|
    |grp_fu_918_p0  |  62|         15|   16|        240|
    |grp_fu_918_p1  |  56|         13|   12|        156|
    |grp_fu_919_p0  |  65|         16|   16|        256|
    |grp_fu_919_p1  |  62|         15|   12|        180|
    +---------------+----+-----------+-----+-----------+
    |Total          |2491|        598|  558|       8186|
    +---------------+----+-----------+-----+-----------+

    * Register: 
    +----------------------------+----+----+-----+-----------+
    |            Name            | FF | LUT| Bits| Const Bits|
    +----------------------------+----+----+-----+-----------+
    |add_ln703_102_reg_14271     |  16|   0|   16|          0|
    |add_ln703_105_reg_14423     |  16|   0|   16|          0|
    |add_ln703_106_reg_14607     |  16|   0|   16|          0|
    |add_ln703_10_reg_14685      |  16|   0|   16|          0|
    |add_ln703_110_reg_14695     |  16|   0|   16|          0|
    |add_ln703_111_reg_14785     |  16|   0|   16|          0|
    |add_ln703_115_reg_14700     |  16|   0|   16|          0|
    |add_ln703_118_reg_14857     |  16|   0|   16|          0|
    |add_ln703_123_reg_14949     |  13|   0|   13|          0|
    |add_ln703_125_reg_15032     |  16|   0|   16|          0|
    |add_ln703_127_reg_15115     |  16|   0|   16|          0|
    |add_ln703_128_reg_14095     |  16|   0|   16|          0|
    |add_ln703_130_reg_14179     |  16|   0|   16|          0|
    |add_ln703_131_reg_14351     |  16|   0|   16|          0|
    |add_ln703_134_reg_14428     |  16|   0|   16|          0|
    |add_ln703_135_reg_14518     |  16|   0|   16|          0|
    |add_ln703_137_reg_14612     |  16|   0|   16|          0|
    |add_ln703_142_reg_14790     |  16|   0|   16|          0|
    |add_ln703_146_reg_14433     |  16|   0|   16|          0|
    |add_ln703_149_reg_15037     |  16|   0|   16|          0|
    |add_ln703_14_reg_14842      |  16|   0|   16|          0|
    |add_ln703_151_reg_14862     |  15|   0|   15|          0|
    |add_ln703_152_reg_15120     |  16|   0|   16|          0|
    |add_ln703_155_reg_15125     |  14|   0|   14|          0|
    |add_ln703_15_reg_14919      |  16|   0|   16|          0|
    |add_ln703_160_reg_14047     |  16|   0|   16|          0|
    |add_ln703_162_reg_14100     |  16|   0|   16|          0|
    |add_ln703_163_reg_14184     |  16|   0|   16|          0|
    |add_ln703_166_reg_14276     |  16|   0|   16|          0|
    |add_ln703_167_reg_14356     |  16|   0|   16|          0|
    |add_ln703_169_reg_14523     |  16|   0|   16|          0|
    |add_ln703_170_reg_14867     |  16|   0|   16|          0|
    |add_ln703_174_reg_15130     |  16|   0|   16|          0|
    |add_ln703_178_reg_14705     |  16|   0|   16|          0|
    |add_ln703_179_reg_14795     |  16|   0|   16|          0|
    |add_ln703_181_reg_15135     |  16|   0|   16|          0|
    |add_ln703_182_reg_14954     |  16|   0|   16|          0|
    |add_ln703_185_reg_15042     |  15|   0|   15|          0|
    |add_ln703_187_reg_15047     |  14|   0|   14|          0|
    |add_ln703_18_reg_14413      |  16|   0|   16|          0|
    |add_ln703_192_reg_14052     |  16|   0|   16|          0|
    |add_ln703_194_reg_14105     |  16|   0|   16|          0|
    |add_ln703_195_reg_14281     |  16|   0|   16|          0|
    |add_ln703_198_reg_14361     |  16|   0|   16|          0|
    |add_ln703_199_reg_14438     |  16|   0|   16|          0|
    |add_ln703_19_reg_15012      |  16|   0|   16|          0|
    |add_ln703_201_reg_14528     |  16|   0|   16|          0|
    |add_ln703_202_reg_14617     |  16|   0|   16|          0|
    |add_ln703_206_reg_14710     |  16|   0|   16|          0|
    |add_ln703_209_reg_14872     |  16|   0|   16|          0|
    |add_ln703_213_reg_15052     |  16|   0|   16|          0|
    |add_ln703_214_reg_14622     |  16|   0|   16|          0|
    |add_ln703_216_reg_14959     |  16|   0|   16|          0|
    |add_ln703_219_reg_15140     |  15|   0|   15|          0|
    |add_ln703_224_reg_14110     |  16|   0|   16|          0|
    |add_ln703_226_reg_14189     |  16|   0|   16|          0|
    |add_ln703_227_reg_14366     |  16|   0|   16|          0|
    |add_ln703_230_reg_14715     |  16|   0|   16|          0|
    |add_ln703_231_reg_14800     |  16|   0|   16|          0|
    |add_ln703_233_reg_14877     |  16|   0|   16|          0|
    |add_ln703_238_reg_15057     |  16|   0|   16|          0|
    |add_ln703_239_reg_14533     |  16|   0|   16|          0|
    |add_ln703_23_reg_14924      |  15|   0|   15|          0|
    |add_ln703_241_reg_15062     |  16|   0|   16|          0|
    |add_ln703_243_reg_14443     |  15|   0|   15|          0|
    |add_ln703_246_reg_14627     |  15|   0|   15|          0|
    |add_ln703_247_reg_14964     |  15|   0|   15|          0|
    |add_ln703_253_reg_15145     |  16|   0|   16|          0|
    |add_ln703_256_reg_14194     |  16|   0|   16|          0|
    |add_ln703_258_reg_14286     |  16|   0|   16|          0|
    |add_ln703_259_reg_14448     |  16|   0|   16|          0|
    |add_ln703_262_reg_14720     |  16|   0|   16|          0|
    |add_ln703_263_reg_14805     |  16|   0|   16|          0|
    |add_ln703_265_reg_14969     |  16|   0|   16|          0|
    |add_ln703_266_reg_15067     |  16|   0|   16|          0|
    |add_ln703_270_reg_15150     |  16|   0|   16|          0|
    |add_ln703_271_reg_14371     |  16|   0|   16|          0|
    |add_ln703_273_reg_14810     |  16|   0|   16|          0|
    |add_ln703_274_reg_14974     |  16|   0|   16|          0|
    |add_ln703_277_reg_15155     |  16|   0|   16|          0|
    |add_ln703_279_reg_14453     |  14|   0|   14|          0|
    |add_ln703_283_reg_14538     |  11|   0|   11|          0|
    |add_ln703_284_reg_14632     |  14|   0|   14|          0|
    |add_ln703_288_reg_14115     |  16|   0|   16|          0|
    |add_ln703_28_reg_15017      |  15|   0|   15|          0|
    |add_ln703_290_reg_14199     |  16|   0|   16|          0|
    |add_ln703_294_reg_14543     |  16|   0|   16|          0|
    |add_ln703_295_reg_14725     |  16|   0|   16|          0|
    |add_ln703_297_reg_14882     |  16|   0|   16|          0|
    |add_ln703_298_reg_14979     |  16|   0|   16|          0|
    |add_ln703_2_reg_14080       |  16|   0|   16|          0|
    |add_ln703_303_reg_14120     |  16|   0|   16|          0|
    |add_ln703_305_reg_14291     |  16|   0|   16|          0|
    |add_ln703_306_reg_14815     |  16|   0|   16|          0|
    |add_ln703_309_reg_15072     |  16|   0|   16|          0|
    |add_ln703_310_reg_14458     |  15|   0|   15|          0|
    |add_ln703_312_reg_14637     |  16|   0|   16|          0|
    |add_ln703_313_reg_15077     |  15|   0|   15|          0|
    |add_ln703_317_reg_15160     |  16|   0|   16|          0|
    |add_ln703_31_reg_15100      |  16|   0|   16|          0|
    |add_ln703_32_reg_14037      |  16|   0|   16|          0|
    |add_ln703_34_reg_14256      |  16|   0|   16|          0|
    |add_ln703_35_reg_14341      |  16|   0|   16|          0|
    |add_ln703_38_reg_14592      |  16|   0|   16|          0|
    |add_ln703_39_reg_14597      |  16|   0|   16|          0|
    |add_ln703_3_reg_14164       |  16|   0|   16|          0|
    |add_ln703_41_reg_14775      |  16|   0|   16|          0|
    |add_ln703_42_reg_14847      |  16|   0|   16|          0|
    |add_ln703_46_reg_14929      |  16|   0|   16|          0|
    |add_ln703_50_reg_14508      |  16|   0|   16|          0|
    |add_ln703_53_reg_15022      |  16|   0|   16|          0|
    |add_ln703_57_reg_14261      |  14|   0|   14|          0|
    |add_ln703_60_reg_14934      |  15|   0|   15|          0|
    |add_ln703_63_reg_15105      |  16|   0|   16|          0|
    |add_ln703_66_reg_14169      |  16|   0|   16|          0|
    |add_ln703_67_reg_14346      |  16|   0|   16|          0|
    |add_ln703_6_reg_14336       |  16|   0|   16|          0|
    |add_ln703_70_reg_14513      |  16|   0|   16|          0|
    |add_ln703_71_reg_14690      |  16|   0|   16|          0|
    |add_ln703_73_reg_14852      |  16|   0|   16|          0|
    |add_ln703_74_reg_14939      |  16|   0|   16|          0|
    |add_ln703_79_reg_14085      |  16|   0|   16|          0|
    |add_ln703_7_reg_14408       |  16|   0|   16|          0|
    |add_ln703_81_reg_14266      |  16|   0|   16|          0|
    |add_ln703_82_reg_14418      |  16|   0|   16|          0|
    |add_ln703_85_reg_14602      |  16|   0|   16|          0|
    |add_ln703_89_reg_14780      |  14|   0|   14|          0|
    |add_ln703_92_reg_14944      |  15|   0|   15|          0|
    |add_ln703_93_reg_15027      |  16|   0|   16|          0|
    |add_ln703_95_reg_15110      |  16|   0|   16|          0|
    |add_ln703_96_reg_14042      |  16|   0|   16|          0|
    |add_ln703_98_reg_14090      |  16|   0|   16|          0|
    |add_ln703_99_reg_14174      |  16|   0|   16|          0|
    |add_ln703_9_reg_14587       |  16|   0|   16|          0|
    |add_ln703_reg_14032         |  16|   0|   16|          0|
    |ap_CS_fsm                   |  15|   0|   15|          0|
    |ap_port_reg_data_10_V_read  |  16|   0|   16|          0|
    |ap_port_reg_data_11_V_read  |  16|   0|   16|          0|
    |ap_port_reg_data_12_V_read  |  16|   0|   16|          0|
    |ap_port_reg_data_13_V_read  |  16|   0|   16|          0|
    |ap_port_reg_data_14_V_read  |  16|   0|   16|          0|
    |ap_port_reg_data_15_V_read  |  16|   0|   16|          0|
    |ap_port_reg_data_16_V_read  |  16|   0|   16|          0|
    |ap_port_reg_data_17_V_read  |  16|   0|   16|          0|
    |ap_port_reg_data_18_V_read  |  16|   0|   16|          0|
    |ap_port_reg_data_19_V_read  |  16|   0|   16|          0|
    |ap_port_reg_data_20_V_read  |  16|   0|   16|          0|
    |ap_port_reg_data_21_V_read  |  16|   0|   16|          0|
    |ap_port_reg_data_22_V_read  |  16|   0|   16|          0|
    |ap_port_reg_data_23_V_read  |  16|   0|   16|          0|
    |ap_port_reg_data_24_V_read  |  16|   0|   16|          0|
    |ap_port_reg_data_25_V_read  |  16|   0|   16|          0|
    |ap_port_reg_data_26_V_read  |  16|   0|   16|          0|
    |ap_port_reg_data_27_V_read  |  16|   0|   16|          0|
    |ap_port_reg_data_28_V_read  |  16|   0|   16|          0|
    |ap_port_reg_data_29_V_read  |  16|   0|   16|          0|
    |ap_port_reg_data_30_V_read  |  16|   0|   16|          0|
    |ap_port_reg_data_31_V_read  |  16|   0|   16|          0|
    |ap_port_reg_data_3_V_read   |  16|   0|   16|          0|
    |ap_port_reg_data_4_V_read   |  16|   0|   16|          0|
    |ap_port_reg_data_5_V_read   |  16|   0|   16|          0|
    |ap_port_reg_data_6_V_read   |  16|   0|   16|          0|
    |ap_port_reg_data_7_V_read   |  16|   0|   16|          0|
    |ap_port_reg_data_8_V_read   |  16|   0|   16|          0|
    |ap_port_reg_data_9_V_read   |  16|   0|   16|          0|
    |data_11_V_read_1_reg_14296  |  16|   0|   16|          0|
    |data_13_V_read_1_reg_14376  |  16|   0|   16|          0|
    |data_18_V_read_1_reg_14548  |  16|   0|   16|          0|
    |data_22_V_read_1_reg_14730  |  16|   0|   16|          0|
    |data_24_V_read_1_reg_14820  |  16|   0|   16|          0|
    |data_25_V_read_1_reg_14892  |  16|   0|   16|          0|
    |data_27_V_read_1_reg_14887  |  16|   0|   16|          0|
    |data_29_V_read_1_reg_14984  |  16|   0|   16|          0|
    |data_31_V_read_1_reg_15082  |  16|   0|   16|          0|
    |data_5_V_read_1_reg_14131   |  16|   0|   16|          0|
    |data_6_V_read_1_reg_14125   |  16|   0|   16|          0|
    |data_9_V_read_1_reg_14204   |  16|   0|   16|          0|
    |mult_124_V_reg_14386        |  16|   0|   16|          0|
    |mult_141_V_reg_14473        |  16|   0|   16|          0|
    |mult_148_V_reg_14483        |  16|   0|   16|          0|
    |mult_197_V_reg_14652        |  16|   0|   16|          0|
    |mult_198_V_reg_14657        |  16|   0|   16|          0|
    |mult_206_V_reg_14737        |  16|   0|   16|          0|
    |mult_209_V_reg_14747        |  16|   0|   16|          0|
    |mult_210_V_reg_14752        |  16|   0|   16|          0|
    |mult_58_V_reg_14149         |  16|   0|   16|          0|
    |mult_70_V_reg_14211         |  16|   0|   16|          0|
    |reg_9513                    |  16|   0|   16|          0|
    |reg_9517                    |  15|   0|   15|          0|
    |reg_9521                    |  16|   0|   16|          0|
    |reg_9525                    |  16|   0|   16|          0|
    |reg_9529                    |  16|   0|   16|          0|
    |reg_9533                    |  15|   0|   15|          0|
    |reg_9537                    |  16|   0|   16|          0|
    |reg_9541                    |  16|   0|   16|          0|
    |reg_9545                    |  16|   0|   16|          0|
    |reg_9549                    |  16|   0|   16|          0|
    |reg_9553                    |  16|   0|   16|          0|
    |reg_9557                    |  16|   0|   16|          0|
    |reg_9561                    |  16|   0|   16|          0|
    |reg_9565                    |  15|   0|   15|          0|
    |reg_9569                    |  15|   0|   15|          0|
    |reg_9573                    |  16|   0|   16|          0|
    |reg_9577                    |  16|   0|   16|          0|
    |reg_9581                    |  16|   0|   16|          0|
    |reg_9585                    |  15|   0|   15|          0|
    |reg_9589                    |  15|   0|   15|          0|
    |reg_9593                    |  14|   0|   14|          0|
    |reg_9597                    |  15|   0|   15|          0|
    |reg_9601                    |  14|   0|   14|          0|
    |sext_ln1118_10_reg_14018    |  26|   0|   26|          0|
    |sext_ln1118_130_reg_14906   |  26|   0|   26|          0|
    |sext_ln1118_131_reg_14913   |  24|   0|   24|          0|
    |sext_ln1118_142_reg_15000   |  26|   0|   26|          0|
    |sext_ln1118_143_reg_15007   |  25|   0|   25|          0|
    |sext_ln1118_149_reg_15087   |  26|   0|   26|          0|
    |sext_ln1118_150_reg_15092   |  25|   0|   25|          0|
    |sext_ln1118_19_reg_14067    |  26|   0|   26|          0|
    |sext_ln1118_43_reg_14246    |  26|   0|   26|          0|
    |sext_ln1118_49_reg_14329    |  26|   0|   26|          0|
    |sext_ln1118_59_reg_14396    |  26|   0|   26|          0|
    |sext_ln1118_65_reg_14488    |  25|   0|   25|          0|
    |sext_ln1118_85_reg_14573    |  26|   0|   26|          0|
    |sext_ln1118_93_reg_14662    |  25|   0|   25|          0|
    |sext_ln1118_94_reg_14668    |  24|   0|   24|          0|
    |sext_ln1118_95_reg_14673    |  26|   0|   26|          0|
    |sext_ln1118_98_reg_14762    |  26|   0|   26|          0|
    |trunc_ln708_10_reg_14062    |  13|   0|   13|          0|
    |trunc_ln708_12_reg_14075    |  15|   0|   15|          0|
    |trunc_ln708_15_reg_14990    |  15|   0|   15|          0|
    |trunc_ln708_16_reg_14139    |  15|   0|   15|          0|
    |trunc_ln708_18_reg_14144    |  15|   0|   15|          0|
    |trunc_ln708_19_reg_14154    |  15|   0|   15|          0|
    |trunc_ln708_1_reg_13998     |  15|   0|   15|          0|
    |trunc_ln708_20_reg_14159    |  15|   0|   15|          0|
    |trunc_ln708_26_reg_14216    |  14|   0|   14|          0|
    |trunc_ln708_27_reg_14221    |  12|   0|   12|          0|
    |trunc_ln708_28_reg_14226    |  14|   0|   14|          0|
    |trunc_ln708_29_reg_14231    |  15|   0|   15|          0|
    |trunc_ln708_31_reg_14236    |  13|   0|   13|          0|
    |trunc_ln708_32_reg_14241    |  14|   0|   14|          0|
    |trunc_ln708_34_reg_14304    |  14|   0|   14|          0|
    |trunc_ln708_36_reg_14309    |  12|   0|   12|          0|
    |trunc_ln708_37_reg_14314    |  15|   0|   15|          0|
    |trunc_ln708_38_reg_14319    |  15|   0|   15|          0|
    |trunc_ln708_39_reg_14324    |  15|   0|   15|          0|
    |trunc_ln708_3_reg_14003     |  13|   0|   13|          0|
    |trunc_ln708_44_reg_14381    |  13|   0|   13|          0|
    |trunc_ln708_45_reg_14391    |  15|   0|   15|          0|
    |trunc_ln708_4_reg_14008     |  15|   0|   15|          0|
    |trunc_ln708_50_reg_14463    |  14|   0|   14|          0|
    |trunc_ln708_51_reg_14468    |  13|   0|   13|          0|
    |trunc_ln708_53_reg_14478    |  15|   0|   15|          0|
    |trunc_ln708_55_reg_14493    |  15|   0|   15|          0|
    |trunc_ln708_57_reg_14498    |   7|   0|    7|          0|
    |trunc_ln708_59_reg_14503    |  15|   0|   15|          0|
    |trunc_ln708_5_reg_14013     |  15|   0|   15|          0|
    |trunc_ln708_60_reg_14553    |  15|   0|   15|          0|
    |trunc_ln708_63_reg_14558    |  15|   0|   15|          0|
    |trunc_ln708_65_reg_14563    |  11|   0|   11|          0|
    |trunc_ln708_68_reg_14568    |  14|   0|   14|          0|
    |trunc_ln708_71_reg_14582    |  12|   0|   12|          0|
    |trunc_ln708_72_reg_14642    |  15|   0|   15|          0|
    |trunc_ln708_75_reg_14647    |  13|   0|   13|          0|
    |trunc_ln708_77_reg_14680    |  14|   0|   14|          0|
    |trunc_ln708_7_reg_14027     |  14|   0|   14|          0|
    |trunc_ln708_81_reg_14742    |  14|   0|   14|          0|
    |trunc_ln708_85_reg_14757    |  15|   0|   15|          0|
    |trunc_ln708_88_reg_14770    |  15|   0|   15|          0|
    |trunc_ln708_8_reg_14057     |  14|   0|   14|          0|
    |trunc_ln708_90_reg_14995    |  13|   0|   13|          0|
    |trunc_ln708_91_reg_14827    |  11|   0|   11|          0|
    |trunc_ln708_95_reg_14832    |  15|   0|   15|          0|
    |trunc_ln708_98_reg_14837    |  14|   0|   14|          0|
    |trunc_ln708_99_reg_14901    |  11|   0|   11|          0|
    |trunc_ln708_s_reg_13993     |  12|   0|   12|          0|
    |trunc_ln_reg_14403          |   6|   0|    6|          0|
    +----------------------------+----+----+-----+-----------+
    |Total                       |4434|   0| 4434|          0|
    +----------------------------+----+----+-----+-----------+



================================================================
== Interface
================================================================
* Summary: 
+----------------+-----+-----+------------+----------------------------------------------------------------------------+--------------+
|    RTL Ports   | Dir | Bits|  Protocol  |                                Source Object                               |    C Type    |
+----------------+-----+-----+------------+----------------------------------------------------------------------------+--------------+
|ap_clk          |  in |    1| ap_ctrl_hs | dense_wrapper<ap_fixed<16, 6, 5, 3, 0>, ap_fixed<16, 6, 5, 3, 0>, config9> | return value |
|ap_rst          |  in |    1| ap_ctrl_hs | dense_wrapper<ap_fixed<16, 6, 5, 3, 0>, ap_fixed<16, 6, 5, 3, 0>, config9> | return value |
|ap_start        |  in |    1| ap_ctrl_hs | dense_wrapper<ap_fixed<16, 6, 5, 3, 0>, ap_fixed<16, 6, 5, 3, 0>, config9> | return value |
|ap_done         | out |    1| ap_ctrl_hs | dense_wrapper<ap_fixed<16, 6, 5, 3, 0>, ap_fixed<16, 6, 5, 3, 0>, config9> | return value |
|ap_idle         | out |    1| ap_ctrl_hs | dense_wrapper<ap_fixed<16, 6, 5, 3, 0>, ap_fixed<16, 6, 5, 3, 0>, config9> | return value |
|ap_ready        | out |    1| ap_ctrl_hs | dense_wrapper<ap_fixed<16, 6, 5, 3, 0>, ap_fixed<16, 6, 5, 3, 0>, config9> | return value |
|ap_return_0     | out |   16| ap_ctrl_hs | dense_wrapper<ap_fixed<16, 6, 5, 3, 0>, ap_fixed<16, 6, 5, 3, 0>, config9> | return value |
|ap_return_1     | out |   16| ap_ctrl_hs | dense_wrapper<ap_fixed<16, 6, 5, 3, 0>, ap_fixed<16, 6, 5, 3, 0>, config9> | return value |
|ap_return_2     | out |   16| ap_ctrl_hs | dense_wrapper<ap_fixed<16, 6, 5, 3, 0>, ap_fixed<16, 6, 5, 3, 0>, config9> | return value |
|ap_return_3     | out |   16| ap_ctrl_hs | dense_wrapper<ap_fixed<16, 6, 5, 3, 0>, ap_fixed<16, 6, 5, 3, 0>, config9> | return value |
|ap_return_4     | out |   16| ap_ctrl_hs | dense_wrapper<ap_fixed<16, 6, 5, 3, 0>, ap_fixed<16, 6, 5, 3, 0>, config9> | return value |
|ap_return_5     | out |   16| ap_ctrl_hs | dense_wrapper<ap_fixed<16, 6, 5, 3, 0>, ap_fixed<16, 6, 5, 3, 0>, config9> | return value |
|ap_return_6     | out |   16| ap_ctrl_hs | dense_wrapper<ap_fixed<16, 6, 5, 3, 0>, ap_fixed<16, 6, 5, 3, 0>, config9> | return value |
|ap_return_7     | out |   16| ap_ctrl_hs | dense_wrapper<ap_fixed<16, 6, 5, 3, 0>, ap_fixed<16, 6, 5, 3, 0>, config9> | return value |
|ap_return_8     | out |   16| ap_ctrl_hs | dense_wrapper<ap_fixed<16, 6, 5, 3, 0>, ap_fixed<16, 6, 5, 3, 0>, config9> | return value |
|ap_return_9     | out |   16| ap_ctrl_hs | dense_wrapper<ap_fixed<16, 6, 5, 3, 0>, ap_fixed<16, 6, 5, 3, 0>, config9> | return value |
|data_0_V_read   |  in |   16|   ap_none  |                                data_0_V_read                               |    scalar    |
|data_1_V_read   |  in |   16|   ap_none  |                                data_1_V_read                               |    scalar    |
|data_2_V_read   |  in |   16|   ap_none  |                                data_2_V_read                               |    scalar    |
|data_3_V_read   |  in |   16|   ap_none  |                                data_3_V_read                               |    scalar    |
|data_4_V_read   |  in |   16|   ap_none  |                                data_4_V_read                               |    scalar    |
|data_5_V_read   |  in |   16|   ap_none  |                                data_5_V_read                               |    scalar    |
|data_6_V_read   |  in |   16|   ap_none  |                                data_6_V_read                               |    scalar    |
|data_7_V_read   |  in |   16|   ap_none  |                                data_7_V_read                               |    scalar    |
|data_8_V_read   |  in |   16|   ap_none  |                                data_8_V_read                               |    scalar    |
|data_9_V_read   |  in |   16|   ap_none  |                                data_9_V_read                               |    scalar    |
|data_10_V_read  |  in |   16|   ap_none  |                               data_10_V_read                               |    scalar    |
|data_11_V_read  |  in |   16|   ap_none  |                               data_11_V_read                               |    scalar    |
|data_12_V_read  |  in |   16|   ap_none  |                               data_12_V_read                               |    scalar    |
|data_13_V_read  |  in |   16|   ap_none  |                               data_13_V_read                               |    scalar    |
|data_14_V_read  |  in |   16|   ap_none  |                               data_14_V_read                               |    scalar    |
|data_15_V_read  |  in |   16|   ap_none  |                               data_15_V_read                               |    scalar    |
|data_16_V_read  |  in |   16|   ap_none  |                               data_16_V_read                               |    scalar    |
|data_17_V_read  |  in |   16|   ap_none  |                               data_17_V_read                               |    scalar    |
|data_18_V_read  |  in |   16|   ap_none  |                               data_18_V_read                               |    scalar    |
|data_19_V_read  |  in |   16|   ap_none  |                               data_19_V_read                               |    scalar    |
|data_20_V_read  |  in |   16|   ap_none  |                               data_20_V_read                               |    scalar    |
|data_21_V_read  |  in |   16|   ap_none  |                               data_21_V_read                               |    scalar    |
|data_22_V_read  |  in |   16|   ap_none  |                               data_22_V_read                               |    scalar    |
|data_23_V_read  |  in |   16|   ap_none  |                               data_23_V_read                               |    scalar    |
|data_24_V_read  |  in |   16|   ap_none  |                               data_24_V_read                               |    scalar    |
|data_25_V_read  |  in |   16|   ap_none  |                               data_25_V_read                               |    scalar    |
|data_26_V_read  |  in |   16|   ap_none  |                               data_26_V_read                               |    scalar    |
|data_27_V_read  |  in |   16|   ap_none  |                               data_27_V_read                               |    scalar    |
|data_28_V_read  |  in |   16|   ap_none  |                               data_28_V_read                               |    scalar    |
|data_29_V_read  |  in |   16|   ap_none  |                               data_29_V_read                               |    scalar    |
|data_30_V_read  |  in |   16|   ap_none  |                               data_30_V_read                               |    scalar    |
|data_31_V_read  |  in |   16|   ap_none  |                               data_31_V_read                               |    scalar    |
+----------------+-----+-----+------------+----------------------------------------------------------------------------+--------------+

