

================================================================
== Vivado HLS Report for 'relu_array_ap_fixed_8u_array_ap_fixed_16_6_5_3_0_8u_relu_config6_s'
================================================================
* Date:           Thu Feb 29 22:52:32 2024

* Version:        2020.1 (Build 2897737 on Wed May 27 20:21:37 MDT 2020)
* Project:        myproject_prj
* Solution:       solution1
* Product family: virtexuplus
* Target device:  xcu50-fsvh2104-2-e


================================================================
== Performance Estimates
================================================================
+ Timing: 
    * Summary: 
    +--------+----------+----------+------------+
    |  Clock |  Target  | Estimated| Uncertainty|
    +--------+----------+----------+------------+
    |ap_clk  | 25.00 ns | 3.835 ns |   3.12 ns  |
    +--------+----------+----------+------------+

+ Latency: 
    * Summary: 
    +---------+---------+----------+----------+-----+-----+---------+
    |  Latency (cycles) |  Latency (absolute) |  Interval | Pipeline|
    |   min   |   max   |    min   |    max   | min | max |   Type  |
    +---------+---------+----------+----------+-----+-----+---------+
    |       18|       18| 0.450 us | 0.450 us |   18|   18|   none  |
    +---------+---------+----------+----------+-----+-----+---------+

    + Detail: 
        * Instance: 
        N/A

        * Loop: 
        +---------------+---------+---------+----------+-----------+-----------+------+----------+
        |               |  Latency (cycles) | Iteration|  Initiation Interval  | Trip |          |
        |   Loop Name   |   min   |   max   |  Latency |  achieved |   target  | Count| Pipelined|
        +---------------+---------+---------+----------+-----------+-----------+------+----------+
        |- ReLUActLoop  |       16|       16|         2|          1|          1|    16|    yes   |
        +---------------+---------+---------+----------+-----------+-----------+------+----------+

============================================================
+ Verbose Summary: Synthesis Manager
============================================================
InlineROM: 1
ExposeGlobal: 0
============================================================
+ Verbose Summary: CDFG Model
============================================================
IsTopModel: 0
ResetActiveHigh: 1
IsCombinational: 2
IsDatapathOnly: 0
HasWiredReturn: 1
HasMFsm: 0
HasVarLatency: 1
IsPipeline: 0
IsRtlPipelined: 0
IsInstanceOverlapped: 0
IsDontTouch: 0
HasImplIP: 0
IsGatedGlobalClock: 0

+ Individual pipeline summary: 
  * Pipeline-0: initiation interval (II) = 1, depth = 2


============================================================
+ Verbose Summary: Schedule
============================================================
* Number of FSM states : 4
* Pipeline : 1
  Pipeline-0 : II = 1, D = 2, States = { 2 3 }
* Dataflow Pipeline: 0

* FSM state transitions: 
1 --> 2 
2 --> 4 3 
3 --> 2 
4 --> 

* FSM state operations: 

State 1 <SV = 0> <Delay = 0.60>
ST_1 : Operation 5 [1/1] (0.00ns)   --->   "call void (...)* @_ssdm_op_SpecInterface(i16* %res_V_data_7_V, [8 x i8]* @ap_fifo_str, i32 0, i32 0, [1 x i8]* @p_str530, i32 0, i32 0, [1 x i8]* @p_str531, [1 x i8]* @p_str532, [1 x i8]* @p_str533, i32 2, i32 2, i32 16, i32 16, [1 x i8]* @p_str534, [1 x i8]* @p_str535)"   --->   Operation 5 'specinterface' <Predicate = true> <Delay = 0.00>
ST_1 : Operation 6 [1/1] (0.00ns)   --->   "call void (...)* @_ssdm_op_SpecInterface(i16* %res_V_data_6_V, [8 x i8]* @ap_fifo_str, i32 0, i32 0, [1 x i8]* @p_str523, i32 0, i32 0, [1 x i8]* @p_str524, [1 x i8]* @p_str525, [1 x i8]* @p_str526, i32 2, i32 2, i32 16, i32 16, [1 x i8]* @p_str527, [1 x i8]* @p_str528)"   --->   Operation 6 'specinterface' <Predicate = true> <Delay = 0.00>
ST_1 : Operation 7 [1/1] (0.00ns)   --->   "call void (...)* @_ssdm_op_SpecInterface(i16* %res_V_data_5_V, [8 x i8]* @ap_fifo_str, i32 0, i32 0, [1 x i8]* @p_str516, i32 0, i32 0, [1 x i8]* @p_str517, [1 x i8]* @p_str518, [1 x i8]* @p_str519, i32 2, i32 2, i32 16, i32 16, [1 x i8]* @p_str520, [1 x i8]* @p_str521)"   --->   Operation 7 'specinterface' <Predicate = true> <Delay = 0.00>
ST_1 : Operation 8 [1/1] (0.00ns)   --->   "call void (...)* @_ssdm_op_SpecInterface(i16* %res_V_data_4_V, [8 x i8]* @ap_fifo_str, i32 0, i32 0, [1 x i8]* @p_str509, i32 0, i32 0, [1 x i8]* @p_str510, [1 x i8]* @p_str511, [1 x i8]* @p_str512, i32 2, i32 2, i32 16, i32 16, [1 x i8]* @p_str513, [1 x i8]* @p_str514)"   --->   Operation 8 'specinterface' <Predicate = true> <Delay = 0.00>
ST_1 : Operation 9 [1/1] (0.00ns)   --->   "call void (...)* @_ssdm_op_SpecInterface(i16* %res_V_data_3_V, [8 x i8]* @ap_fifo_str, i32 0, i32 0, [1 x i8]* @p_str502, i32 0, i32 0, [1 x i8]* @p_str503, [1 x i8]* @p_str504, [1 x i8]* @p_str505, i32 2, i32 2, i32 16, i32 16, [1 x i8]* @p_str506, [1 x i8]* @p_str507)"   --->   Operation 9 'specinterface' <Predicate = true> <Delay = 0.00>
ST_1 : Operation 10 [1/1] (0.00ns)   --->   "call void (...)* @_ssdm_op_SpecInterface(i16* %res_V_data_2_V, [8 x i8]* @ap_fifo_str, i32 0, i32 0, [1 x i8]* @p_str495, i32 0, i32 0, [1 x i8]* @p_str496, [1 x i8]* @p_str497, [1 x i8]* @p_str498, i32 2, i32 2, i32 16, i32 16, [1 x i8]* @p_str499, [1 x i8]* @p_str500)"   --->   Operation 10 'specinterface' <Predicate = true> <Delay = 0.00>
ST_1 : Operation 11 [1/1] (0.00ns)   --->   "call void (...)* @_ssdm_op_SpecInterface(i16* %res_V_data_1_V, [8 x i8]* @ap_fifo_str, i32 0, i32 0, [1 x i8]* @p_str488, i32 0, i32 0, [1 x i8]* @p_str489, [1 x i8]* @p_str490, [1 x i8]* @p_str491, i32 2, i32 2, i32 16, i32 16, [1 x i8]* @p_str492, [1 x i8]* @p_str493)"   --->   Operation 11 'specinterface' <Predicate = true> <Delay = 0.00>
ST_1 : Operation 12 [1/1] (0.00ns)   --->   "call void (...)* @_ssdm_op_SpecInterface(i16* %res_V_data_0_V, [8 x i8]* @ap_fifo_str, i32 0, i32 0, [1 x i8]* @p_str481, i32 0, i32 0, [1 x i8]* @p_str482, [1 x i8]* @p_str483, [1 x i8]* @p_str484, i32 2, i32 2, i32 16, i32 16, [1 x i8]* @p_str485, [1 x i8]* @p_str486)"   --->   Operation 12 'specinterface' <Predicate = true> <Delay = 0.00>
ST_1 : Operation 13 [1/1] (0.00ns)   --->   "call void (...)* @_ssdm_op_SpecInterface(i16* %data_V_data_7_V, [8 x i8]* @ap_fifo_str, i32 0, i32 0, [1 x i8]* @p_str474, i32 0, i32 0, [1 x i8]* @p_str475, [1 x i8]* @p_str476, [1 x i8]* @p_str477, i32 2, i32 2, i32 16, i32 16, [1 x i8]* @p_str478, [1 x i8]* @p_str479)"   --->   Operation 13 'specinterface' <Predicate = true> <Delay = 0.00>
ST_1 : Operation 14 [1/1] (0.00ns)   --->   "call void (...)* @_ssdm_op_SpecInterface(i16* %data_V_data_6_V, [8 x i8]* @ap_fifo_str, i32 0, i32 0, [1 x i8]* @p_str467, i32 0, i32 0, [1 x i8]* @p_str468, [1 x i8]* @p_str469, [1 x i8]* @p_str470, i32 2, i32 2, i32 16, i32 16, [1 x i8]* @p_str471, [1 x i8]* @p_str472)"   --->   Operation 14 'specinterface' <Predicate = true> <Delay = 0.00>
ST_1 : Operation 15 [1/1] (0.00ns)   --->   "call void (...)* @_ssdm_op_SpecInterface(i16* %data_V_data_5_V, [8 x i8]* @ap_fifo_str, i32 0, i32 0, [1 x i8]* @p_str460, i32 0, i32 0, [1 x i8]* @p_str461, [1 x i8]* @p_str462, [1 x i8]* @p_str463, i32 2, i32 2, i32 16, i32 16, [1 x i8]* @p_str464, [1 x i8]* @p_str465)"   --->   Operation 15 'specinterface' <Predicate = true> <Delay = 0.00>
ST_1 : Operation 16 [1/1] (0.00ns)   --->   "call void (...)* @_ssdm_op_SpecInterface(i16* %data_V_data_4_V, [8 x i8]* @ap_fifo_str, i32 0, i32 0, [1 x i8]* @p_str453, i32 0, i32 0, [1 x i8]* @p_str454, [1 x i8]* @p_str455, [1 x i8]* @p_str456, i32 2, i32 2, i32 16, i32 16, [1 x i8]* @p_str457, [1 x i8]* @p_str458)"   --->   Operation 16 'specinterface' <Predicate = true> <Delay = 0.00>
ST_1 : Operation 17 [1/1] (0.00ns)   --->   "call void (...)* @_ssdm_op_SpecInterface(i16* %data_V_data_3_V, [8 x i8]* @ap_fifo_str, i32 0, i32 0, [1 x i8]* @p_str446, i32 0, i32 0, [1 x i8]* @p_str447, [1 x i8]* @p_str448, [1 x i8]* @p_str449, i32 2, i32 2, i32 16, i32 16, [1 x i8]* @p_str450, [1 x i8]* @p_str451)"   --->   Operation 17 'specinterface' <Predicate = true> <Delay = 0.00>
ST_1 : Operation 18 [1/1] (0.00ns)   --->   "call void (...)* @_ssdm_op_SpecInterface(i16* %data_V_data_2_V, [8 x i8]* @ap_fifo_str, i32 0, i32 0, [1 x i8]* @p_str439, i32 0, i32 0, [1 x i8]* @p_str440, [1 x i8]* @p_str441, [1 x i8]* @p_str442, i32 2, i32 2, i32 16, i32 16, [1 x i8]* @p_str443, [1 x i8]* @p_str444)"   --->   Operation 18 'specinterface' <Predicate = true> <Delay = 0.00>
ST_1 : Operation 19 [1/1] (0.00ns)   --->   "call void (...)* @_ssdm_op_SpecInterface(i16* %data_V_data_1_V, [8 x i8]* @ap_fifo_str, i32 0, i32 0, [1 x i8]* @p_str432, i32 0, i32 0, [1 x i8]* @p_str433, [1 x i8]* @p_str434, [1 x i8]* @p_str435, i32 2, i32 2, i32 16, i32 16, [1 x i8]* @p_str436, [1 x i8]* @p_str437)"   --->   Operation 19 'specinterface' <Predicate = true> <Delay = 0.00>
ST_1 : Operation 20 [1/1] (0.00ns)   --->   "call void (...)* @_ssdm_op_SpecInterface(i16* %data_V_data_0_V, [8 x i8]* @ap_fifo_str, i32 0, i32 0, [1 x i8]* @p_str425, i32 0, i32 0, [1 x i8]* @p_str426, [1 x i8]* @p_str427, [1 x i8]* @p_str428, i32 2, i32 2, i32 16, i32 16, [1 x i8]* @p_str429, [1 x i8]* @p_str430)"   --->   Operation 20 'specinterface' <Predicate = true> <Delay = 0.00>
ST_1 : Operation 21 [1/1] (0.60ns)   --->   "br label %1" [firmware/nnet_utils/nnet_activation_stream.h:41]   --->   Operation 21 'br' <Predicate = true> <Delay = 0.60>

State 2 <SV = 1> <Delay = 0.70>
ST_2 : Operation 22 [1/1] (0.00ns)   --->   "%i_0 = phi i5 [ 0, %0 ], [ %i, %ReLUActLoop ]"   --->   Operation 22 'phi' 'i_0' <Predicate = true> <Delay = 0.00>
ST_2 : Operation 23 [1/1] (0.63ns)   --->   "%icmp_ln41 = icmp eq i5 %i_0, -16" [firmware/nnet_utils/nnet_activation_stream.h:41]   --->   Operation 23 'icmp' 'icmp_ln41' <Predicate = true> <Delay = 0.63> <Core = "Cmp">   --->   Core 25 'Cmp' <Latency = 0> <II = 1> <Delay = 0.67> <FuncUnit> <Opcode : 'icmp'> <InPorts = 2> <OutPorts = 1>
ST_2 : Operation 24 [1/1] (0.00ns)   --->   "%empty = call i32 (...)* @_ssdm_op_SpecLoopTripCount(i64 16, i64 16, i64 16)"   --->   Operation 24 'speclooptripcount' 'empty' <Predicate = true> <Delay = 0.00>
ST_2 : Operation 25 [1/1] (0.70ns)   --->   "%i = add i5 %i_0, 1" [firmware/nnet_utils/nnet_activation_stream.h:41]   --->   Operation 25 'add' 'i' <Predicate = true> <Delay = 0.70> <Core = "AddSub">   --->   Core 14 'AddSub' <Latency = 0> <II = 1> <Delay = 0.70> <FuncUnit> <Opcode : 'add' 'sub'> <InPorts = 2> <OutPorts = 1>
ST_2 : Operation 26 [1/1] (0.00ns)   --->   "br i1 %icmp_ln41, label %2, label %ReLUActLoop" [firmware/nnet_utils/nnet_activation_stream.h:41]   --->   Operation 26 'br' <Predicate = true> <Delay = 0.00>

State 3 <SV = 2> <Delay = 3.83>
ST_3 : Operation 27 [1/1] (0.00ns)   --->   "call void (...)* @_ssdm_op_SpecLoopName([12 x i8]* @p_str49) nounwind" [firmware/nnet_utils/nnet_activation_stream.h:41]   --->   Operation 27 'specloopname' <Predicate = (!icmp_ln41)> <Delay = 0.00>
ST_3 : Operation 28 [1/1] (0.00ns)   --->   "%tmp = call i32 (...)* @_ssdm_op_SpecRegionBegin([12 x i8]* @p_str49)" [firmware/nnet_utils/nnet_activation_stream.h:41]   --->   Operation 28 'specregionbegin' 'tmp' <Predicate = (!icmp_ln41)> <Delay = 0.00>
ST_3 : Operation 29 [1/1] (0.00ns)   --->   "call void (...)* @_ssdm_op_SpecPipeline(i32 -1, i32 1, i32 1, i32 0, [1 x i8]* @p_str10) nounwind" [firmware/nnet_utils/nnet_activation_stream.h:42]   --->   Operation 29 'specpipeline' <Predicate = (!icmp_ln41)> <Delay = 0.00>
ST_3 : Operation 30 [1/1] (1.45ns)   --->   "%empty_39 = call { i16, i16, i16, i16, i16, i16, i16, i16 } @_ssdm_op_Read.ap_fifo.volatile.i16P.i16P.i16P.i16P.i16P.i16P.i16P.i16P(i16* %data_V_data_0_V, i16* %data_V_data_1_V, i16* %data_V_data_2_V, i16* %data_V_data_3_V, i16* %data_V_data_4_V, i16* %data_V_data_5_V, i16* %data_V_data_6_V, i16* %data_V_data_7_V)" [firmware/nnet_utils/nnet_activation_stream.h:44]   --->   Operation 30 'read' 'empty_39' <Predicate = (!icmp_ln41)> <Delay = 1.45> <Core = "FIFO">   --->   Core 32 'FIFO' <Latency = 0> <II = 1> <Delay = 1.45> <Storage> <Opcode : 'read' 'write' 'nbread' 'nbwrite'> <Ports = 0> <Width = 16> <Depth = 1> <FIFO>
ST_3 : Operation 31 [1/1] (0.00ns)   --->   "%tmp_data_V_0 = extractvalue { i16, i16, i16, i16, i16, i16, i16, i16 } %empty_39, 0" [firmware/nnet_utils/nnet_activation_stream.h:44]   --->   Operation 31 'extractvalue' 'tmp_data_V_0' <Predicate = (!icmp_ln41)> <Delay = 0.00>
ST_3 : Operation 32 [1/1] (0.00ns)   --->   "%tmp_data_V_1 = extractvalue { i16, i16, i16, i16, i16, i16, i16, i16 } %empty_39, 1" [firmware/nnet_utils/nnet_activation_stream.h:44]   --->   Operation 32 'extractvalue' 'tmp_data_V_1' <Predicate = (!icmp_ln41)> <Delay = 0.00>
ST_3 : Operation 33 [1/1] (0.00ns)   --->   "%tmp_data_V_213 = extractvalue { i16, i16, i16, i16, i16, i16, i16, i16 } %empty_39, 2" [firmware/nnet_utils/nnet_activation_stream.h:44]   --->   Operation 33 'extractvalue' 'tmp_data_V_213' <Predicate = (!icmp_ln41)> <Delay = 0.00>
ST_3 : Operation 34 [1/1] (0.00ns)   --->   "%tmp_data_V_3 = extractvalue { i16, i16, i16, i16, i16, i16, i16, i16 } %empty_39, 3" [firmware/nnet_utils/nnet_activation_stream.h:44]   --->   Operation 34 'extractvalue' 'tmp_data_V_3' <Predicate = (!icmp_ln41)> <Delay = 0.00>
ST_3 : Operation 35 [1/1] (0.00ns)   --->   "%tmp_data_V_4 = extractvalue { i16, i16, i16, i16, i16, i16, i16, i16 } %empty_39, 4" [firmware/nnet_utils/nnet_activation_stream.h:44]   --->   Operation 35 'extractvalue' 'tmp_data_V_4' <Predicate = (!icmp_ln41)> <Delay = 0.00>
ST_3 : Operation 36 [1/1] (0.00ns)   --->   "%tmp_data_V_5 = extractvalue { i16, i16, i16, i16, i16, i16, i16, i16 } %empty_39, 5" [firmware/nnet_utils/nnet_activation_stream.h:44]   --->   Operation 36 'extractvalue' 'tmp_data_V_5' <Predicate = (!icmp_ln41)> <Delay = 0.00>
ST_3 : Operation 37 [1/1] (0.00ns)   --->   "%tmp_data_V_6 = extractvalue { i16, i16, i16, i16, i16, i16, i16, i16 } %empty_39, 6" [firmware/nnet_utils/nnet_activation_stream.h:44]   --->   Operation 37 'extractvalue' 'tmp_data_V_6' <Predicate = (!icmp_ln41)> <Delay = 0.00>
ST_3 : Operation 38 [1/1] (0.00ns)   --->   "%tmp_data_V_7 = extractvalue { i16, i16, i16, i16, i16, i16, i16, i16 } %empty_39, 7" [firmware/nnet_utils/nnet_activation_stream.h:44]   --->   Operation 38 'extractvalue' 'tmp_data_V_7' <Predicate = (!icmp_ln41)> <Delay = 0.00>
ST_3 : Operation 39 [1/1] (0.67ns)   --->   "%icmp_ln1494 = icmp sgt i16 %tmp_data_V_0, 0" [firmware/nnet_utils/nnet_activation_stream.h:51]   --->   Operation 39 'icmp' 'icmp_ln1494' <Predicate = (!icmp_ln41)> <Delay = 0.67> <Core = "Cmp">   --->   Core 25 'Cmp' <Latency = 0> <II = 1> <Delay = 0.67> <FuncUnit> <Opcode : 'icmp'> <InPorts = 2> <OutPorts = 1>
ST_3 : Operation 40 [1/1] (0.24ns)   --->   "%tmp_data_0_V = select i1 %icmp_ln1494, i16 %tmp_data_V_0, i16 0" [firmware/nnet_utils/nnet_activation_stream.h:51]   --->   Operation 40 'select' 'tmp_data_0_V' <Predicate = (!icmp_ln41)> <Delay = 0.24> <Core = "Sel">   --->   Core 26 'Sel' <Latency = 0> <II = 1> <Delay = 0.24> <FuncUnit> <Opcode : 'select'> <InPorts = 3> <OutPorts = 1>
ST_3 : Operation 41 [1/1] (0.67ns)   --->   "%icmp_ln1494_1 = icmp sgt i16 %tmp_data_V_1, 0" [firmware/nnet_utils/nnet_activation_stream.h:51]   --->   Operation 41 'icmp' 'icmp_ln1494_1' <Predicate = (!icmp_ln41)> <Delay = 0.67> <Core = "Cmp">   --->   Core 25 'Cmp' <Latency = 0> <II = 1> <Delay = 0.67> <FuncUnit> <Opcode : 'icmp'> <InPorts = 2> <OutPorts = 1>
ST_3 : Operation 42 [1/1] (0.24ns)   --->   "%tmp_data_1_V = select i1 %icmp_ln1494_1, i16 %tmp_data_V_1, i16 0" [firmware/nnet_utils/nnet_activation_stream.h:51]   --->   Operation 42 'select' 'tmp_data_1_V' <Predicate = (!icmp_ln41)> <Delay = 0.24> <Core = "Sel">   --->   Core 26 'Sel' <Latency = 0> <II = 1> <Delay = 0.24> <FuncUnit> <Opcode : 'select'> <InPorts = 3> <OutPorts = 1>
ST_3 : Operation 43 [1/1] (0.67ns)   --->   "%icmp_ln1494_2 = icmp sgt i16 %tmp_data_V_213, 0" [firmware/nnet_utils/nnet_activation_stream.h:51]   --->   Operation 43 'icmp' 'icmp_ln1494_2' <Predicate = (!icmp_ln41)> <Delay = 0.67> <Core = "Cmp">   --->   Core 25 'Cmp' <Latency = 0> <II = 1> <Delay = 0.67> <FuncUnit> <Opcode : 'icmp'> <InPorts = 2> <OutPorts = 1>
ST_3 : Operation 44 [1/1] (0.24ns)   --->   "%tmp_data_2_V = select i1 %icmp_ln1494_2, i16 %tmp_data_V_213, i16 0" [firmware/nnet_utils/nnet_activation_stream.h:51]   --->   Operation 44 'select' 'tmp_data_2_V' <Predicate = (!icmp_ln41)> <Delay = 0.24> <Core = "Sel">   --->   Core 26 'Sel' <Latency = 0> <II = 1> <Delay = 0.24> <FuncUnit> <Opcode : 'select'> <InPorts = 3> <OutPorts = 1>
ST_3 : Operation 45 [1/1] (0.67ns)   --->   "%icmp_ln1494_3 = icmp sgt i16 %tmp_data_V_3, 0" [firmware/nnet_utils/nnet_activation_stream.h:51]   --->   Operation 45 'icmp' 'icmp_ln1494_3' <Predicate = (!icmp_ln41)> <Delay = 0.67> <Core = "Cmp">   --->   Core 25 'Cmp' <Latency = 0> <II = 1> <Delay = 0.67> <FuncUnit> <Opcode : 'icmp'> <InPorts = 2> <OutPorts = 1>
ST_3 : Operation 46 [1/1] (0.24ns)   --->   "%tmp_data_3_V = select i1 %icmp_ln1494_3, i16 %tmp_data_V_3, i16 0" [firmware/nnet_utils/nnet_activation_stream.h:51]   --->   Operation 46 'select' 'tmp_data_3_V' <Predicate = (!icmp_ln41)> <Delay = 0.24> <Core = "Sel">   --->   Core 26 'Sel' <Latency = 0> <II = 1> <Delay = 0.24> <FuncUnit> <Opcode : 'select'> <InPorts = 3> <OutPorts = 1>
ST_3 : Operation 47 [1/1] (0.67ns)   --->   "%icmp_ln1494_4 = icmp sgt i16 %tmp_data_V_4, 0" [firmware/nnet_utils/nnet_activation_stream.h:51]   --->   Operation 47 'icmp' 'icmp_ln1494_4' <Predicate = (!icmp_ln41)> <Delay = 0.67> <Core = "Cmp">   --->   Core 25 'Cmp' <Latency = 0> <II = 1> <Delay = 0.67> <FuncUnit> <Opcode : 'icmp'> <InPorts = 2> <OutPorts = 1>
ST_3 : Operation 48 [1/1] (0.24ns)   --->   "%tmp_data_4_V = select i1 %icmp_ln1494_4, i16 %tmp_data_V_4, i16 0" [firmware/nnet_utils/nnet_activation_stream.h:51]   --->   Operation 48 'select' 'tmp_data_4_V' <Predicate = (!icmp_ln41)> <Delay = 0.24> <Core = "Sel">   --->   Core 26 'Sel' <Latency = 0> <II = 1> <Delay = 0.24> <FuncUnit> <Opcode : 'select'> <InPorts = 3> <OutPorts = 1>
ST_3 : Operation 49 [1/1] (0.67ns)   --->   "%icmp_ln1494_5 = icmp sgt i16 %tmp_data_V_5, 0" [firmware/nnet_utils/nnet_activation_stream.h:51]   --->   Operation 49 'icmp' 'icmp_ln1494_5' <Predicate = (!icmp_ln41)> <Delay = 0.67> <Core = "Cmp">   --->   Core 25 'Cmp' <Latency = 0> <II = 1> <Delay = 0.67> <FuncUnit> <Opcode : 'icmp'> <InPorts = 2> <OutPorts = 1>
ST_3 : Operation 50 [1/1] (0.24ns)   --->   "%tmp_data_5_V = select i1 %icmp_ln1494_5, i16 %tmp_data_V_5, i16 0" [firmware/nnet_utils/nnet_activation_stream.h:51]   --->   Operation 50 'select' 'tmp_data_5_V' <Predicate = (!icmp_ln41)> <Delay = 0.24> <Core = "Sel">   --->   Core 26 'Sel' <Latency = 0> <II = 1> <Delay = 0.24> <FuncUnit> <Opcode : 'select'> <InPorts = 3> <OutPorts = 1>
ST_3 : Operation 51 [1/1] (0.67ns)   --->   "%icmp_ln1494_6 = icmp sgt i16 %tmp_data_V_6, 0" [firmware/nnet_utils/nnet_activation_stream.h:51]   --->   Operation 51 'icmp' 'icmp_ln1494_6' <Predicate = (!icmp_ln41)> <Delay = 0.67> <Core = "Cmp">   --->   Core 25 'Cmp' <Latency = 0> <II = 1> <Delay = 0.67> <FuncUnit> <Opcode : 'icmp'> <InPorts = 2> <OutPorts = 1>
ST_3 : Operation 52 [1/1] (0.24ns)   --->   "%tmp_data_6_V = select i1 %icmp_ln1494_6, i16 %tmp_data_V_6, i16 0" [firmware/nnet_utils/nnet_activation_stream.h:51]   --->   Operation 52 'select' 'tmp_data_6_V' <Predicate = (!icmp_ln41)> <Delay = 0.24> <Core = "Sel">   --->   Core 26 'Sel' <Latency = 0> <II = 1> <Delay = 0.24> <FuncUnit> <Opcode : 'select'> <InPorts = 3> <OutPorts = 1>
ST_3 : Operation 53 [1/1] (0.67ns)   --->   "%icmp_ln1494_7 = icmp sgt i16 %tmp_data_V_7, 0" [firmware/nnet_utils/nnet_activation_stream.h:51]   --->   Operation 53 'icmp' 'icmp_ln1494_7' <Predicate = (!icmp_ln41)> <Delay = 0.67> <Core = "Cmp">   --->   Core 25 'Cmp' <Latency = 0> <II = 1> <Delay = 0.67> <FuncUnit> <Opcode : 'icmp'> <InPorts = 2> <OutPorts = 1>
ST_3 : Operation 54 [1/1] (0.24ns)   --->   "%tmp_data_7_V = select i1 %icmp_ln1494_7, i16 %tmp_data_V_7, i16 0" [firmware/nnet_utils/nnet_activation_stream.h:51]   --->   Operation 54 'select' 'tmp_data_7_V' <Predicate = (!icmp_ln41)> <Delay = 0.24> <Core = "Sel">   --->   Core 26 'Sel' <Latency = 0> <II = 1> <Delay = 0.24> <FuncUnit> <Opcode : 'select'> <InPorts = 3> <OutPorts = 1>
ST_3 : Operation 55 [1/1] (1.45ns)   --->   "call void @_ssdm_op_Write.ap_fifo.volatile.i16P.i16P.i16P.i16P.i16P.i16P.i16P.i16P(i16* %res_V_data_0_V, i16* %res_V_data_1_V, i16* %res_V_data_2_V, i16* %res_V_data_3_V, i16* %res_V_data_4_V, i16* %res_V_data_5_V, i16* %res_V_data_6_V, i16* %res_V_data_7_V, i16 %tmp_data_0_V, i16 %tmp_data_1_V, i16 %tmp_data_2_V, i16 %tmp_data_3_V, i16 %tmp_data_4_V, i16 %tmp_data_5_V, i16 %tmp_data_6_V, i16 %tmp_data_7_V)" [firmware/nnet_utils/nnet_activation_stream.h:57]   --->   Operation 55 'write' <Predicate = (!icmp_ln41)> <Delay = 1.45> <Core = "FIFO">   --->   Core 32 'FIFO' <Latency = 0> <II = 1> <Delay = 1.45> <Storage> <Opcode : 'read' 'write' 'nbread' 'nbwrite'> <Ports = 0> <Width = 16> <Depth = 1> <FIFO>
ST_3 : Operation 56 [1/1] (0.00ns)   --->   "%empty_40 = call i32 (...)* @_ssdm_op_SpecRegionEnd([12 x i8]* @p_str49, i32 %tmp)" [firmware/nnet_utils/nnet_activation_stream.h:58]   --->   Operation 56 'specregionend' 'empty_40' <Predicate = (!icmp_ln41)> <Delay = 0.00>
ST_3 : Operation 57 [1/1] (0.00ns)   --->   "br label %1" [firmware/nnet_utils/nnet_activation_stream.h:41]   --->   Operation 57 'br' <Predicate = (!icmp_ln41)> <Delay = 0.00>

State 4 <SV = 2> <Delay = 0.00>
ST_4 : Operation 58 [1/1] (0.00ns)   --->   "ret void" [firmware/nnet_utils/nnet_activation_stream.h:59]   --->   Operation 58 'ret' <Predicate = true> <Delay = 0.00>


============================================================
+ Verbose Summary: Timing violations
============================================================
Target clock period: 25ns, clock uncertainty: 3.12ns.

 <State 1>: 0.603ns
The critical path consists of the following:
	multiplexor before 'phi' operation ('i') with incoming values : ('i', firmware/nnet_utils/nnet_activation_stream.h:41) [35]  (0.603 ns)

 <State 2>: 0.707ns
The critical path consists of the following:
	'phi' operation ('i') with incoming values : ('i', firmware/nnet_utils/nnet_activation_stream.h:41) [35]  (0 ns)
	'add' operation ('i', firmware/nnet_utils/nnet_activation_stream.h:41) [38]  (0.707 ns)

 <State 3>: 3.83ns
The critical path consists of the following:
	fifo read on port 'data_V_data_0_V' (firmware/nnet_utils/nnet_activation_stream.h:44) [44]  (1.46 ns)
	'icmp' operation ('icmp_ln1494_1', firmware/nnet_utils/nnet_activation_stream.h:51) [55]  (0.676 ns)
	'select' operation ('tmp.data[1].V', firmware/nnet_utils/nnet_activation_stream.h:51) [56]  (0.243 ns)
	fifo write on port 'res_V_data_0_V' (firmware/nnet_utils/nnet_activation_stream.h:57) [69]  (1.46 ns)

 <State 4>: 0ns
The critical path consists of the following:


============================================================
+ Verbose Summary: Binding
============================================================
N/A
* FSMD analyzer results:
  - Output states:
 - Input state : 
  - Chain level:
	State 1
	State 2
	State 3
	State 4


============================================================
+ Verbose Summary: Datapath Resource usage 
============================================================
N/A
