

================================================================
== Vivado HLS Report for 'softmax_array_array_ap_fixed_16_6_5_3_0_10u_softmax_config10_s'
================================================================
* Date:           Thu Feb 29 22:52:47 2024

* Version:        2020.1 (Build 2897737 on Wed May 27 20:21:37 MDT 2020)
* Project:        myproject_prj
* Solution:       solution1
* Product family: virtexuplus
* Target device:  xcu50-fsvh2104-2-e


================================================================
== Performance Estimates
================================================================
+ Timing: 
    * Summary: 
    +--------+----------+----------+------------+
    |  Clock |  Target  | Estimated| Uncertainty|
    +--------+----------+----------+------------+
    |ap_clk  | 25.00 ns | 8.505 ns |   3.12 ns  |
    +--------+----------+----------+------------+

+ Latency: 
    * Summary: 
    +---------+---------+----------+----------+-----+-----+---------+
    |  Latency (cycles) |  Latency (absolute) |  Interval | Pipeline|
    |   min   |   max   |    min   |    max   | min | max |   Type  |
    +---------+---------+----------+----------+-----+-----+---------+
    |       23|       23| 0.575 us | 0.575 us |   23|   23|   none  |
    +---------+---------+----------+----------+-----+-----+---------+

    + Detail: 
        * Instance: 
        N/A

        * Loop: 
        N/A

============================================================
+ Verbose Summary: Synthesis Manager
============================================================
InlineROM: 1
ExposeGlobal: 0
============================================================
+ Verbose Summary: CDFG Model
============================================================
IsTopModel: 0
ResetActiveHigh: 1
IsCombinational: 2
IsDatapathOnly: 0
HasWiredReturn: 1
HasMFsm: 0
HasVarLatency: 1
IsPipeline: 0
IsRtlPipelined: 0
IsInstanceOverlapped: 0
IsDontTouch: 0
HasImplIP: 0
IsGatedGlobalClock: 0


============================================================
+ Verbose Summary: Schedule
============================================================
* Number of FSM states : 24
* Pipeline : 0
* Dataflow Pipeline: 0

* FSM state transitions: 
1 --> 2 
2 --> 3 
3 --> 4 
4 --> 5 
5 --> 6 
6 --> 7 
7 --> 8 
8 --> 9 
9 --> 10 
10 --> 11 
11 --> 12 
12 --> 13 
13 --> 14 
14 --> 15 
15 --> 16 
16 --> 17 
17 --> 18 
18 --> 19 
19 --> 20 
20 --> 21 
21 --> 22 
22 --> 23 
23 --> 24 
24 --> 

* FSM state operations: 

State 1 <SV = 0> <Delay = 0.00>
ST_1 : Operation 25 [23/23] (0.00ns)   --->   "call fastcc void @"softmax_stable<array,array<ap_fixed<16,6,5,3,0>,10u>,softmax_config10>"(i16* %data_V_data_0_V, i16* %data_V_data_1_V, i16* %data_V_data_2_V, i16* %data_V_data_3_V, i16* %data_V_data_4_V, i16* %data_V_data_5_V, i16* %data_V_data_6_V, i16* %data_V_data_7_V, i16* %data_V_data_8_V, i16* %data_V_data_9_V, i16* %res_V_data_0_V, i16* %res_V_data_1_V, i16* %res_V_data_2_V, i16* %res_V_data_3_V, i16* %res_V_data_4_V, i16* %res_V_data_5_V, i16* %res_V_data_6_V, i16* %res_V_data_7_V, i16* %res_V_data_8_V, i16* %res_V_data_9_V)" [firmware/nnet_utils/nnet_activation_stream.h:362]   --->   Operation 25 'call' <Predicate = true> <Delay = 0.00> <CoreType = "Generic">   --->   Core 0 '' <Latency = 0> <II = 1> <Delay = 1.00> <Generic> <Opcode : >

State 2 <SV = 1> <Delay = 8.50>
ST_2 : Operation 26 [22/23] (8.50ns)   --->   "call fastcc void @"softmax_stable<array,array<ap_fixed<16,6,5,3,0>,10u>,softmax_config10>"(i16* %data_V_data_0_V, i16* %data_V_data_1_V, i16* %data_V_data_2_V, i16* %data_V_data_3_V, i16* %data_V_data_4_V, i16* %data_V_data_5_V, i16* %data_V_data_6_V, i16* %data_V_data_7_V, i16* %data_V_data_8_V, i16* %data_V_data_9_V, i16* %res_V_data_0_V, i16* %res_V_data_1_V, i16* %res_V_data_2_V, i16* %res_V_data_3_V, i16* %res_V_data_4_V, i16* %res_V_data_5_V, i16* %res_V_data_6_V, i16* %res_V_data_7_V, i16* %res_V_data_8_V, i16* %res_V_data_9_V)" [firmware/nnet_utils/nnet_activation_stream.h:362]   --->   Operation 26 'call' <Predicate = true> <Delay = 8.50> <CoreType = "Generic">   --->   Core 0 '' <Latency = 0> <II = 1> <Delay = 1.00> <Generic> <Opcode : >

State 3 <SV = 2> <Delay = 8.50>
ST_3 : Operation 27 [21/23] (8.50ns)   --->   "call fastcc void @"softmax_stable<array,array<ap_fixed<16,6,5,3,0>,10u>,softmax_config10>"(i16* %data_V_data_0_V, i16* %data_V_data_1_V, i16* %data_V_data_2_V, i16* %data_V_data_3_V, i16* %data_V_data_4_V, i16* %data_V_data_5_V, i16* %data_V_data_6_V, i16* %data_V_data_7_V, i16* %data_V_data_8_V, i16* %data_V_data_9_V, i16* %res_V_data_0_V, i16* %res_V_data_1_V, i16* %res_V_data_2_V, i16* %res_V_data_3_V, i16* %res_V_data_4_V, i16* %res_V_data_5_V, i16* %res_V_data_6_V, i16* %res_V_data_7_V, i16* %res_V_data_8_V, i16* %res_V_data_9_V)" [firmware/nnet_utils/nnet_activation_stream.h:362]   --->   Operation 27 'call' <Predicate = true> <Delay = 8.50> <CoreType = "Generic">   --->   Core 0 '' <Latency = 0> <II = 1> <Delay = 1.00> <Generic> <Opcode : >

State 4 <SV = 3> <Delay = 8.50>
ST_4 : Operation 28 [20/23] (8.50ns)   --->   "call fastcc void @"softmax_stable<array,array<ap_fixed<16,6,5,3,0>,10u>,softmax_config10>"(i16* %data_V_data_0_V, i16* %data_V_data_1_V, i16* %data_V_data_2_V, i16* %data_V_data_3_V, i16* %data_V_data_4_V, i16* %data_V_data_5_V, i16* %data_V_data_6_V, i16* %data_V_data_7_V, i16* %data_V_data_8_V, i16* %data_V_data_9_V, i16* %res_V_data_0_V, i16* %res_V_data_1_V, i16* %res_V_data_2_V, i16* %res_V_data_3_V, i16* %res_V_data_4_V, i16* %res_V_data_5_V, i16* %res_V_data_6_V, i16* %res_V_data_7_V, i16* %res_V_data_8_V, i16* %res_V_data_9_V)" [firmware/nnet_utils/nnet_activation_stream.h:362]   --->   Operation 28 'call' <Predicate = true> <Delay = 8.50> <CoreType = "Generic">   --->   Core 0 '' <Latency = 0> <II = 1> <Delay = 1.00> <Generic> <Opcode : >

State 5 <SV = 4> <Delay = 8.50>
ST_5 : Operation 29 [19/23] (8.50ns)   --->   "call fastcc void @"softmax_stable<array,array<ap_fixed<16,6,5,3,0>,10u>,softmax_config10>"(i16* %data_V_data_0_V, i16* %data_V_data_1_V, i16* %data_V_data_2_V, i16* %data_V_data_3_V, i16* %data_V_data_4_V, i16* %data_V_data_5_V, i16* %data_V_data_6_V, i16* %data_V_data_7_V, i16* %data_V_data_8_V, i16* %data_V_data_9_V, i16* %res_V_data_0_V, i16* %res_V_data_1_V, i16* %res_V_data_2_V, i16* %res_V_data_3_V, i16* %res_V_data_4_V, i16* %res_V_data_5_V, i16* %res_V_data_6_V, i16* %res_V_data_7_V, i16* %res_V_data_8_V, i16* %res_V_data_9_V)" [firmware/nnet_utils/nnet_activation_stream.h:362]   --->   Operation 29 'call' <Predicate = true> <Delay = 8.50> <CoreType = "Generic">   --->   Core 0 '' <Latency = 0> <II = 1> <Delay = 1.00> <Generic> <Opcode : >

State 6 <SV = 5> <Delay = 8.50>
ST_6 : Operation 30 [18/23] (8.50ns)   --->   "call fastcc void @"softmax_stable<array,array<ap_fixed<16,6,5,3,0>,10u>,softmax_config10>"(i16* %data_V_data_0_V, i16* %data_V_data_1_V, i16* %data_V_data_2_V, i16* %data_V_data_3_V, i16* %data_V_data_4_V, i16* %data_V_data_5_V, i16* %data_V_data_6_V, i16* %data_V_data_7_V, i16* %data_V_data_8_V, i16* %data_V_data_9_V, i16* %res_V_data_0_V, i16* %res_V_data_1_V, i16* %res_V_data_2_V, i16* %res_V_data_3_V, i16* %res_V_data_4_V, i16* %res_V_data_5_V, i16* %res_V_data_6_V, i16* %res_V_data_7_V, i16* %res_V_data_8_V, i16* %res_V_data_9_V)" [firmware/nnet_utils/nnet_activation_stream.h:362]   --->   Operation 30 'call' <Predicate = true> <Delay = 8.50> <CoreType = "Generic">   --->   Core 0 '' <Latency = 0> <II = 1> <Delay = 1.00> <Generic> <Opcode : >

State 7 <SV = 6> <Delay = 8.50>
ST_7 : Operation 31 [17/23] (8.50ns)   --->   "call fastcc void @"softmax_stable<array,array<ap_fixed<16,6,5,3,0>,10u>,softmax_config10>"(i16* %data_V_data_0_V, i16* %data_V_data_1_V, i16* %data_V_data_2_V, i16* %data_V_data_3_V, i16* %data_V_data_4_V, i16* %data_V_data_5_V, i16* %data_V_data_6_V, i16* %data_V_data_7_V, i16* %data_V_data_8_V, i16* %data_V_data_9_V, i16* %res_V_data_0_V, i16* %res_V_data_1_V, i16* %res_V_data_2_V, i16* %res_V_data_3_V, i16* %res_V_data_4_V, i16* %res_V_data_5_V, i16* %res_V_data_6_V, i16* %res_V_data_7_V, i16* %res_V_data_8_V, i16* %res_V_data_9_V)" [firmware/nnet_utils/nnet_activation_stream.h:362]   --->   Operation 31 'call' <Predicate = true> <Delay = 8.50> <CoreType = "Generic">   --->   Core 0 '' <Latency = 0> <II = 1> <Delay = 1.00> <Generic> <Opcode : >

State 8 <SV = 7> <Delay = 8.50>
ST_8 : Operation 32 [16/23] (8.50ns)   --->   "call fastcc void @"softmax_stable<array,array<ap_fixed<16,6,5,3,0>,10u>,softmax_config10>"(i16* %data_V_data_0_V, i16* %data_V_data_1_V, i16* %data_V_data_2_V, i16* %data_V_data_3_V, i16* %data_V_data_4_V, i16* %data_V_data_5_V, i16* %data_V_data_6_V, i16* %data_V_data_7_V, i16* %data_V_data_8_V, i16* %data_V_data_9_V, i16* %res_V_data_0_V, i16* %res_V_data_1_V, i16* %res_V_data_2_V, i16* %res_V_data_3_V, i16* %res_V_data_4_V, i16* %res_V_data_5_V, i16* %res_V_data_6_V, i16* %res_V_data_7_V, i16* %res_V_data_8_V, i16* %res_V_data_9_V)" [firmware/nnet_utils/nnet_activation_stream.h:362]   --->   Operation 32 'call' <Predicate = true> <Delay = 8.50> <CoreType = "Generic">   --->   Core 0 '' <Latency = 0> <II = 1> <Delay = 1.00> <Generic> <Opcode : >

State 9 <SV = 8> <Delay = 8.50>
ST_9 : Operation 33 [15/23] (8.50ns)   --->   "call fastcc void @"softmax_stable<array,array<ap_fixed<16,6,5,3,0>,10u>,softmax_config10>"(i16* %data_V_data_0_V, i16* %data_V_data_1_V, i16* %data_V_data_2_V, i16* %data_V_data_3_V, i16* %data_V_data_4_V, i16* %data_V_data_5_V, i16* %data_V_data_6_V, i16* %data_V_data_7_V, i16* %data_V_data_8_V, i16* %data_V_data_9_V, i16* %res_V_data_0_V, i16* %res_V_data_1_V, i16* %res_V_data_2_V, i16* %res_V_data_3_V, i16* %res_V_data_4_V, i16* %res_V_data_5_V, i16* %res_V_data_6_V, i16* %res_V_data_7_V, i16* %res_V_data_8_V, i16* %res_V_data_9_V)" [firmware/nnet_utils/nnet_activation_stream.h:362]   --->   Operation 33 'call' <Predicate = true> <Delay = 8.50> <CoreType = "Generic">   --->   Core 0 '' <Latency = 0> <II = 1> <Delay = 1.00> <Generic> <Opcode : >

State 10 <SV = 9> <Delay = 8.50>
ST_10 : Operation 34 [14/23] (8.50ns)   --->   "call fastcc void @"softmax_stable<array,array<ap_fixed<16,6,5,3,0>,10u>,softmax_config10>"(i16* %data_V_data_0_V, i16* %data_V_data_1_V, i16* %data_V_data_2_V, i16* %data_V_data_3_V, i16* %data_V_data_4_V, i16* %data_V_data_5_V, i16* %data_V_data_6_V, i16* %data_V_data_7_V, i16* %data_V_data_8_V, i16* %data_V_data_9_V, i16* %res_V_data_0_V, i16* %res_V_data_1_V, i16* %res_V_data_2_V, i16* %res_V_data_3_V, i16* %res_V_data_4_V, i16* %res_V_data_5_V, i16* %res_V_data_6_V, i16* %res_V_data_7_V, i16* %res_V_data_8_V, i16* %res_V_data_9_V)" [firmware/nnet_utils/nnet_activation_stream.h:362]   --->   Operation 34 'call' <Predicate = true> <Delay = 8.50> <CoreType = "Generic">   --->   Core 0 '' <Latency = 0> <II = 1> <Delay = 1.00> <Generic> <Opcode : >

State 11 <SV = 10> <Delay = 8.50>
ST_11 : Operation 35 [13/23] (8.50ns)   --->   "call fastcc void @"softmax_stable<array,array<ap_fixed<16,6,5,3,0>,10u>,softmax_config10>"(i16* %data_V_data_0_V, i16* %data_V_data_1_V, i16* %data_V_data_2_V, i16* %data_V_data_3_V, i16* %data_V_data_4_V, i16* %data_V_data_5_V, i16* %data_V_data_6_V, i16* %data_V_data_7_V, i16* %data_V_data_8_V, i16* %data_V_data_9_V, i16* %res_V_data_0_V, i16* %res_V_data_1_V, i16* %res_V_data_2_V, i16* %res_V_data_3_V, i16* %res_V_data_4_V, i16* %res_V_data_5_V, i16* %res_V_data_6_V, i16* %res_V_data_7_V, i16* %res_V_data_8_V, i16* %res_V_data_9_V)" [firmware/nnet_utils/nnet_activation_stream.h:362]   --->   Operation 35 'call' <Predicate = true> <Delay = 8.50> <CoreType = "Generic">   --->   Core 0 '' <Latency = 0> <II = 1> <Delay = 1.00> <Generic> <Opcode : >

State 12 <SV = 11> <Delay = 8.50>
ST_12 : Operation 36 [12/23] (8.50ns)   --->   "call fastcc void @"softmax_stable<array,array<ap_fixed<16,6,5,3,0>,10u>,softmax_config10>"(i16* %data_V_data_0_V, i16* %data_V_data_1_V, i16* %data_V_data_2_V, i16* %data_V_data_3_V, i16* %data_V_data_4_V, i16* %data_V_data_5_V, i16* %data_V_data_6_V, i16* %data_V_data_7_V, i16* %data_V_data_8_V, i16* %data_V_data_9_V, i16* %res_V_data_0_V, i16* %res_V_data_1_V, i16* %res_V_data_2_V, i16* %res_V_data_3_V, i16* %res_V_data_4_V, i16* %res_V_data_5_V, i16* %res_V_data_6_V, i16* %res_V_data_7_V, i16* %res_V_data_8_V, i16* %res_V_data_9_V)" [firmware/nnet_utils/nnet_activation_stream.h:362]   --->   Operation 36 'call' <Predicate = true> <Delay = 8.50> <CoreType = "Generic">   --->   Core 0 '' <Latency = 0> <II = 1> <Delay = 1.00> <Generic> <Opcode : >

State 13 <SV = 12> <Delay = 8.50>
ST_13 : Operation 37 [11/23] (8.50ns)   --->   "call fastcc void @"softmax_stable<array,array<ap_fixed<16,6,5,3,0>,10u>,softmax_config10>"(i16* %data_V_data_0_V, i16* %data_V_data_1_V, i16* %data_V_data_2_V, i16* %data_V_data_3_V, i16* %data_V_data_4_V, i16* %data_V_data_5_V, i16* %data_V_data_6_V, i16* %data_V_data_7_V, i16* %data_V_data_8_V, i16* %data_V_data_9_V, i16* %res_V_data_0_V, i16* %res_V_data_1_V, i16* %res_V_data_2_V, i16* %res_V_data_3_V, i16* %res_V_data_4_V, i16* %res_V_data_5_V, i16* %res_V_data_6_V, i16* %res_V_data_7_V, i16* %res_V_data_8_V, i16* %res_V_data_9_V)" [firmware/nnet_utils/nnet_activation_stream.h:362]   --->   Operation 37 'call' <Predicate = true> <Delay = 8.50> <CoreType = "Generic">   --->   Core 0 '' <Latency = 0> <II = 1> <Delay = 1.00> <Generic> <Opcode : >

State 14 <SV = 13> <Delay = 8.50>
ST_14 : Operation 38 [10/23] (8.50ns)   --->   "call fastcc void @"softmax_stable<array,array<ap_fixed<16,6,5,3,0>,10u>,softmax_config10>"(i16* %data_V_data_0_V, i16* %data_V_data_1_V, i16* %data_V_data_2_V, i16* %data_V_data_3_V, i16* %data_V_data_4_V, i16* %data_V_data_5_V, i16* %data_V_data_6_V, i16* %data_V_data_7_V, i16* %data_V_data_8_V, i16* %data_V_data_9_V, i16* %res_V_data_0_V, i16* %res_V_data_1_V, i16* %res_V_data_2_V, i16* %res_V_data_3_V, i16* %res_V_data_4_V, i16* %res_V_data_5_V, i16* %res_V_data_6_V, i16* %res_V_data_7_V, i16* %res_V_data_8_V, i16* %res_V_data_9_V)" [firmware/nnet_utils/nnet_activation_stream.h:362]   --->   Operation 38 'call' <Predicate = true> <Delay = 8.50> <CoreType = "Generic">   --->   Core 0 '' <Latency = 0> <II = 1> <Delay = 1.00> <Generic> <Opcode : >

State 15 <SV = 14> <Delay = 8.50>
ST_15 : Operation 39 [9/23] (8.50ns)   --->   "call fastcc void @"softmax_stable<array,array<ap_fixed<16,6,5,3,0>,10u>,softmax_config10>"(i16* %data_V_data_0_V, i16* %data_V_data_1_V, i16* %data_V_data_2_V, i16* %data_V_data_3_V, i16* %data_V_data_4_V, i16* %data_V_data_5_V, i16* %data_V_data_6_V, i16* %data_V_data_7_V, i16* %data_V_data_8_V, i16* %data_V_data_9_V, i16* %res_V_data_0_V, i16* %res_V_data_1_V, i16* %res_V_data_2_V, i16* %res_V_data_3_V, i16* %res_V_data_4_V, i16* %res_V_data_5_V, i16* %res_V_data_6_V, i16* %res_V_data_7_V, i16* %res_V_data_8_V, i16* %res_V_data_9_V)" [firmware/nnet_utils/nnet_activation_stream.h:362]   --->   Operation 39 'call' <Predicate = true> <Delay = 8.50> <CoreType = "Generic">   --->   Core 0 '' <Latency = 0> <II = 1> <Delay = 1.00> <Generic> <Opcode : >

State 16 <SV = 15> <Delay = 8.50>
ST_16 : Operation 40 [8/23] (8.50ns)   --->   "call fastcc void @"softmax_stable<array,array<ap_fixed<16,6,5,3,0>,10u>,softmax_config10>"(i16* %data_V_data_0_V, i16* %data_V_data_1_V, i16* %data_V_data_2_V, i16* %data_V_data_3_V, i16* %data_V_data_4_V, i16* %data_V_data_5_V, i16* %data_V_data_6_V, i16* %data_V_data_7_V, i16* %data_V_data_8_V, i16* %data_V_data_9_V, i16* %res_V_data_0_V, i16* %res_V_data_1_V, i16* %res_V_data_2_V, i16* %res_V_data_3_V, i16* %res_V_data_4_V, i16* %res_V_data_5_V, i16* %res_V_data_6_V, i16* %res_V_data_7_V, i16* %res_V_data_8_V, i16* %res_V_data_9_V)" [firmware/nnet_utils/nnet_activation_stream.h:362]   --->   Operation 40 'call' <Predicate = true> <Delay = 8.50> <CoreType = "Generic">   --->   Core 0 '' <Latency = 0> <II = 1> <Delay = 1.00> <Generic> <Opcode : >

State 17 <SV = 16> <Delay = 8.50>
ST_17 : Operation 41 [7/23] (8.50ns)   --->   "call fastcc void @"softmax_stable<array,array<ap_fixed<16,6,5,3,0>,10u>,softmax_config10>"(i16* %data_V_data_0_V, i16* %data_V_data_1_V, i16* %data_V_data_2_V, i16* %data_V_data_3_V, i16* %data_V_data_4_V, i16* %data_V_data_5_V, i16* %data_V_data_6_V, i16* %data_V_data_7_V, i16* %data_V_data_8_V, i16* %data_V_data_9_V, i16* %res_V_data_0_V, i16* %res_V_data_1_V, i16* %res_V_data_2_V, i16* %res_V_data_3_V, i16* %res_V_data_4_V, i16* %res_V_data_5_V, i16* %res_V_data_6_V, i16* %res_V_data_7_V, i16* %res_V_data_8_V, i16* %res_V_data_9_V)" [firmware/nnet_utils/nnet_activation_stream.h:362]   --->   Operation 41 'call' <Predicate = true> <Delay = 8.50> <CoreType = "Generic">   --->   Core 0 '' <Latency = 0> <II = 1> <Delay = 1.00> <Generic> <Opcode : >

State 18 <SV = 17> <Delay = 8.50>
ST_18 : Operation 42 [6/23] (8.50ns)   --->   "call fastcc void @"softmax_stable<array,array<ap_fixed<16,6,5,3,0>,10u>,softmax_config10>"(i16* %data_V_data_0_V, i16* %data_V_data_1_V, i16* %data_V_data_2_V, i16* %data_V_data_3_V, i16* %data_V_data_4_V, i16* %data_V_data_5_V, i16* %data_V_data_6_V, i16* %data_V_data_7_V, i16* %data_V_data_8_V, i16* %data_V_data_9_V, i16* %res_V_data_0_V, i16* %res_V_data_1_V, i16* %res_V_data_2_V, i16* %res_V_data_3_V, i16* %res_V_data_4_V, i16* %res_V_data_5_V, i16* %res_V_data_6_V, i16* %res_V_data_7_V, i16* %res_V_data_8_V, i16* %res_V_data_9_V)" [firmware/nnet_utils/nnet_activation_stream.h:362]   --->   Operation 42 'call' <Predicate = true> <Delay = 8.50> <CoreType = "Generic">   --->   Core 0 '' <Latency = 0> <II = 1> <Delay = 1.00> <Generic> <Opcode : >

State 19 <SV = 18> <Delay = 8.50>
ST_19 : Operation 43 [5/23] (8.50ns)   --->   "call fastcc void @"softmax_stable<array,array<ap_fixed<16,6,5,3,0>,10u>,softmax_config10>"(i16* %data_V_data_0_V, i16* %data_V_data_1_V, i16* %data_V_data_2_V, i16* %data_V_data_3_V, i16* %data_V_data_4_V, i16* %data_V_data_5_V, i16* %data_V_data_6_V, i16* %data_V_data_7_V, i16* %data_V_data_8_V, i16* %data_V_data_9_V, i16* %res_V_data_0_V, i16* %res_V_data_1_V, i16* %res_V_data_2_V, i16* %res_V_data_3_V, i16* %res_V_data_4_V, i16* %res_V_data_5_V, i16* %res_V_data_6_V, i16* %res_V_data_7_V, i16* %res_V_data_8_V, i16* %res_V_data_9_V)" [firmware/nnet_utils/nnet_activation_stream.h:362]   --->   Operation 43 'call' <Predicate = true> <Delay = 8.50> <CoreType = "Generic">   --->   Core 0 '' <Latency = 0> <II = 1> <Delay = 1.00> <Generic> <Opcode : >

State 20 <SV = 19> <Delay = 8.50>
ST_20 : Operation 44 [4/23] (8.50ns)   --->   "call fastcc void @"softmax_stable<array,array<ap_fixed<16,6,5,3,0>,10u>,softmax_config10>"(i16* %data_V_data_0_V, i16* %data_V_data_1_V, i16* %data_V_data_2_V, i16* %data_V_data_3_V, i16* %data_V_data_4_V, i16* %data_V_data_5_V, i16* %data_V_data_6_V, i16* %data_V_data_7_V, i16* %data_V_data_8_V, i16* %data_V_data_9_V, i16* %res_V_data_0_V, i16* %res_V_data_1_V, i16* %res_V_data_2_V, i16* %res_V_data_3_V, i16* %res_V_data_4_V, i16* %res_V_data_5_V, i16* %res_V_data_6_V, i16* %res_V_data_7_V, i16* %res_V_data_8_V, i16* %res_V_data_9_V)" [firmware/nnet_utils/nnet_activation_stream.h:362]   --->   Operation 44 'call' <Predicate = true> <Delay = 8.50> <CoreType = "Generic">   --->   Core 0 '' <Latency = 0> <II = 1> <Delay = 1.00> <Generic> <Opcode : >

State 21 <SV = 20> <Delay = 8.50>
ST_21 : Operation 45 [3/23] (8.50ns)   --->   "call fastcc void @"softmax_stable<array,array<ap_fixed<16,6,5,3,0>,10u>,softmax_config10>"(i16* %data_V_data_0_V, i16* %data_V_data_1_V, i16* %data_V_data_2_V, i16* %data_V_data_3_V, i16* %data_V_data_4_V, i16* %data_V_data_5_V, i16* %data_V_data_6_V, i16* %data_V_data_7_V, i16* %data_V_data_8_V, i16* %data_V_data_9_V, i16* %res_V_data_0_V, i16* %res_V_data_1_V, i16* %res_V_data_2_V, i16* %res_V_data_3_V, i16* %res_V_data_4_V, i16* %res_V_data_5_V, i16* %res_V_data_6_V, i16* %res_V_data_7_V, i16* %res_V_data_8_V, i16* %res_V_data_9_V)" [firmware/nnet_utils/nnet_activation_stream.h:362]   --->   Operation 45 'call' <Predicate = true> <Delay = 8.50> <CoreType = "Generic">   --->   Core 0 '' <Latency = 0> <II = 1> <Delay = 1.00> <Generic> <Opcode : >

State 22 <SV = 21> <Delay = 8.50>
ST_22 : Operation 46 [2/23] (8.50ns)   --->   "call fastcc void @"softmax_stable<array,array<ap_fixed<16,6,5,3,0>,10u>,softmax_config10>"(i16* %data_V_data_0_V, i16* %data_V_data_1_V, i16* %data_V_data_2_V, i16* %data_V_data_3_V, i16* %data_V_data_4_V, i16* %data_V_data_5_V, i16* %data_V_data_6_V, i16* %data_V_data_7_V, i16* %data_V_data_8_V, i16* %data_V_data_9_V, i16* %res_V_data_0_V, i16* %res_V_data_1_V, i16* %res_V_data_2_V, i16* %res_V_data_3_V, i16* %res_V_data_4_V, i16* %res_V_data_5_V, i16* %res_V_data_6_V, i16* %res_V_data_7_V, i16* %res_V_data_8_V, i16* %res_V_data_9_V)" [firmware/nnet_utils/nnet_activation_stream.h:362]   --->   Operation 46 'call' <Predicate = true> <Delay = 8.50> <CoreType = "Generic">   --->   Core 0 '' <Latency = 0> <II = 1> <Delay = 1.00> <Generic> <Opcode : >

State 23 <SV = 22> <Delay = 2.03>
ST_23 : Operation 47 [1/23] (2.03ns)   --->   "call fastcc void @"softmax_stable<array,array<ap_fixed<16,6,5,3,0>,10u>,softmax_config10>"(i16* %data_V_data_0_V, i16* %data_V_data_1_V, i16* %data_V_data_2_V, i16* %data_V_data_3_V, i16* %data_V_data_4_V, i16* %data_V_data_5_V, i16* %data_V_data_6_V, i16* %data_V_data_7_V, i16* %data_V_data_8_V, i16* %data_V_data_9_V, i16* %res_V_data_0_V, i16* %res_V_data_1_V, i16* %res_V_data_2_V, i16* %res_V_data_3_V, i16* %res_V_data_4_V, i16* %res_V_data_5_V, i16* %res_V_data_6_V, i16* %res_V_data_7_V, i16* %res_V_data_8_V, i16* %res_V_data_9_V)" [firmware/nnet_utils/nnet_activation_stream.h:362]   --->   Operation 47 'call' <Predicate = true> <Delay = 2.03> <CoreType = "Generic">   --->   Core 0 '' <Latency = 0> <II = 1> <Delay = 1.00> <Generic> <Opcode : >

State 24 <SV = 23> <Delay = 0.00>
ST_24 : Operation 48 [1/1] (0.00ns)   --->   "call void (...)* @_ssdm_op_SpecInterface(i16* %data_V_data_9_V, [8 x i8]* @ap_fifo_str, i32 0, i32 0, [1 x i8]* @p_str656, i32 0, i32 0, [1 x i8]* @p_str657, [1 x i8]* @p_str658, [1 x i8]* @p_str659, i32 2, i32 2, i32 16, i32 16, [1 x i8]* @p_str660, [1 x i8]* @p_str661)"   --->   Operation 48 'specinterface' <Predicate = true> <Delay = 0.00>
ST_24 : Operation 49 [1/1] (0.00ns)   --->   "call void (...)* @_ssdm_op_SpecInterface(i16* %data_V_data_8_V, [8 x i8]* @ap_fifo_str, i32 0, i32 0, [1 x i8]* @p_str649, i32 0, i32 0, [1 x i8]* @p_str650, [1 x i8]* @p_str651, [1 x i8]* @p_str652, i32 2, i32 2, i32 16, i32 16, [1 x i8]* @p_str653, [1 x i8]* @p_str654)"   --->   Operation 49 'specinterface' <Predicate = true> <Delay = 0.00>
ST_24 : Operation 50 [1/1] (0.00ns)   --->   "call void (...)* @_ssdm_op_SpecInterface(i16* %data_V_data_7_V, [8 x i8]* @ap_fifo_str, i32 0, i32 0, [1 x i8]* @p_str642, i32 0, i32 0, [1 x i8]* @p_str643, [1 x i8]* @p_str644, [1 x i8]* @p_str645, i32 2, i32 2, i32 16, i32 16, [1 x i8]* @p_str646, [1 x i8]* @p_str647)"   --->   Operation 50 'specinterface' <Predicate = true> <Delay = 0.00>
ST_24 : Operation 51 [1/1] (0.00ns)   --->   "call void (...)* @_ssdm_op_SpecInterface(i16* %data_V_data_6_V, [8 x i8]* @ap_fifo_str, i32 0, i32 0, [1 x i8]* @p_str635, i32 0, i32 0, [1 x i8]* @p_str636, [1 x i8]* @p_str637, [1 x i8]* @p_str638, i32 2, i32 2, i32 16, i32 16, [1 x i8]* @p_str639, [1 x i8]* @p_str640)"   --->   Operation 51 'specinterface' <Predicate = true> <Delay = 0.00>
ST_24 : Operation 52 [1/1] (0.00ns)   --->   "call void (...)* @_ssdm_op_SpecInterface(i16* %data_V_data_5_V, [8 x i8]* @ap_fifo_str, i32 0, i32 0, [1 x i8]* @p_str628, i32 0, i32 0, [1 x i8]* @p_str629, [1 x i8]* @p_str630, [1 x i8]* @p_str631, i32 2, i32 2, i32 16, i32 16, [1 x i8]* @p_str632, [1 x i8]* @p_str633)"   --->   Operation 52 'specinterface' <Predicate = true> <Delay = 0.00>
ST_24 : Operation 53 [1/1] (0.00ns)   --->   "call void (...)* @_ssdm_op_SpecInterface(i16* %data_V_data_4_V, [8 x i8]* @ap_fifo_str, i32 0, i32 0, [1 x i8]* @p_str621, i32 0, i32 0, [1 x i8]* @p_str622, [1 x i8]* @p_str623, [1 x i8]* @p_str624, i32 2, i32 2, i32 16, i32 16, [1 x i8]* @p_str625, [1 x i8]* @p_str626)"   --->   Operation 53 'specinterface' <Predicate = true> <Delay = 0.00>
ST_24 : Operation 54 [1/1] (0.00ns)   --->   "call void (...)* @_ssdm_op_SpecInterface(i16* %data_V_data_3_V, [8 x i8]* @ap_fifo_str, i32 0, i32 0, [1 x i8]* @p_str614, i32 0, i32 0, [1 x i8]* @p_str615, [1 x i8]* @p_str616, [1 x i8]* @p_str617, i32 2, i32 2, i32 16, i32 16, [1 x i8]* @p_str618, [1 x i8]* @p_str619)"   --->   Operation 54 'specinterface' <Predicate = true> <Delay = 0.00>
ST_24 : Operation 55 [1/1] (0.00ns)   --->   "call void (...)* @_ssdm_op_SpecInterface(i16* %data_V_data_2_V, [8 x i8]* @ap_fifo_str, i32 0, i32 0, [1 x i8]* @p_str607, i32 0, i32 0, [1 x i8]* @p_str608, [1 x i8]* @p_str609, [1 x i8]* @p_str610, i32 2, i32 2, i32 16, i32 16, [1 x i8]* @p_str611, [1 x i8]* @p_str612)"   --->   Operation 55 'specinterface' <Predicate = true> <Delay = 0.00>
ST_24 : Operation 56 [1/1] (0.00ns)   --->   "call void (...)* @_ssdm_op_SpecInterface(i16* %data_V_data_1_V, [8 x i8]* @ap_fifo_str, i32 0, i32 0, [1 x i8]* @p_str600, i32 0, i32 0, [1 x i8]* @p_str601, [1 x i8]* @p_str602, [1 x i8]* @p_str603, i32 2, i32 2, i32 16, i32 16, [1 x i8]* @p_str604, [1 x i8]* @p_str605)"   --->   Operation 56 'specinterface' <Predicate = true> <Delay = 0.00>
ST_24 : Operation 57 [1/1] (0.00ns)   --->   "call void (...)* @_ssdm_op_SpecInterface(i16* %data_V_data_0_V, [8 x i8]* @ap_fifo_str, i32 0, i32 0, [1 x i8]* @p_str593, i32 0, i32 0, [1 x i8]* @p_str594, [1 x i8]* @p_str595, [1 x i8]* @p_str596, i32 2, i32 2, i32 16, i32 16, [1 x i8]* @p_str597, [1 x i8]* @p_str598)"   --->   Operation 57 'specinterface' <Predicate = true> <Delay = 0.00>
ST_24 : Operation 58 [1/1] (0.00ns)   --->   "call void (...)* @_ssdm_op_SpecInterface(i16* %res_V_data_0_V, [5 x i8]* @p_str, i32 1, i32 1, [5 x i8]* @p_str9, i32 0, i32 0, [1 x i8]* @p_str10, [1 x i8]* @p_str10, [1 x i8]* @p_str10, i32 0, i32 0, i32 0, i32 0, [1 x i8]* @p_str10, [1 x i8]* @p_str10)"   --->   Operation 58 'specinterface' <Predicate = true> <Delay = 0.00>
ST_24 : Operation 59 [1/1] (0.00ns)   --->   "call void (...)* @_ssdm_op_SpecInterface(i16* %res_V_data_1_V, [5 x i8]* @p_str, i32 1, i32 1, [5 x i8]* @p_str9, i32 0, i32 0, [1 x i8]* @p_str10, [1 x i8]* @p_str10, [1 x i8]* @p_str10, i32 0, i32 0, i32 0, i32 0, [1 x i8]* @p_str10, [1 x i8]* @p_str10)"   --->   Operation 59 'specinterface' <Predicate = true> <Delay = 0.00>
ST_24 : Operation 60 [1/1] (0.00ns)   --->   "call void (...)* @_ssdm_op_SpecInterface(i16* %res_V_data_2_V, [5 x i8]* @p_str, i32 1, i32 1, [5 x i8]* @p_str9, i32 0, i32 0, [1 x i8]* @p_str10, [1 x i8]* @p_str10, [1 x i8]* @p_str10, i32 0, i32 0, i32 0, i32 0, [1 x i8]* @p_str10, [1 x i8]* @p_str10)"   --->   Operation 60 'specinterface' <Predicate = true> <Delay = 0.00>
ST_24 : Operation 61 [1/1] (0.00ns)   --->   "call void (...)* @_ssdm_op_SpecInterface(i16* %res_V_data_3_V, [5 x i8]* @p_str, i32 1, i32 1, [5 x i8]* @p_str9, i32 0, i32 0, [1 x i8]* @p_str10, [1 x i8]* @p_str10, [1 x i8]* @p_str10, i32 0, i32 0, i32 0, i32 0, [1 x i8]* @p_str10, [1 x i8]* @p_str10)"   --->   Operation 61 'specinterface' <Predicate = true> <Delay = 0.00>
ST_24 : Operation 62 [1/1] (0.00ns)   --->   "call void (...)* @_ssdm_op_SpecInterface(i16* %res_V_data_4_V, [5 x i8]* @p_str, i32 1, i32 1, [5 x i8]* @p_str9, i32 0, i32 0, [1 x i8]* @p_str10, [1 x i8]* @p_str10, [1 x i8]* @p_str10, i32 0, i32 0, i32 0, i32 0, [1 x i8]* @p_str10, [1 x i8]* @p_str10)"   --->   Operation 62 'specinterface' <Predicate = true> <Delay = 0.00>
ST_24 : Operation 63 [1/1] (0.00ns)   --->   "call void (...)* @_ssdm_op_SpecInterface(i16* %res_V_data_5_V, [5 x i8]* @p_str, i32 1, i32 1, [5 x i8]* @p_str9, i32 0, i32 0, [1 x i8]* @p_str10, [1 x i8]* @p_str10, [1 x i8]* @p_str10, i32 0, i32 0, i32 0, i32 0, [1 x i8]* @p_str10, [1 x i8]* @p_str10)"   --->   Operation 63 'specinterface' <Predicate = true> <Delay = 0.00>
ST_24 : Operation 64 [1/1] (0.00ns)   --->   "call void (...)* @_ssdm_op_SpecInterface(i16* %res_V_data_6_V, [5 x i8]* @p_str, i32 1, i32 1, [5 x i8]* @p_str9, i32 0, i32 0, [1 x i8]* @p_str10, [1 x i8]* @p_str10, [1 x i8]* @p_str10, i32 0, i32 0, i32 0, i32 0, [1 x i8]* @p_str10, [1 x i8]* @p_str10)"   --->   Operation 64 'specinterface' <Predicate = true> <Delay = 0.00>
ST_24 : Operation 65 [1/1] (0.00ns)   --->   "call void (...)* @_ssdm_op_SpecInterface(i16* %res_V_data_7_V, [5 x i8]* @p_str, i32 1, i32 1, [5 x i8]* @p_str9, i32 0, i32 0, [1 x i8]* @p_str10, [1 x i8]* @p_str10, [1 x i8]* @p_str10, i32 0, i32 0, i32 0, i32 0, [1 x i8]* @p_str10, [1 x i8]* @p_str10)"   --->   Operation 65 'specinterface' <Predicate = true> <Delay = 0.00>
ST_24 : Operation 66 [1/1] (0.00ns)   --->   "call void (...)* @_ssdm_op_SpecInterface(i16* %res_V_data_8_V, [5 x i8]* @p_str, i32 1, i32 1, [5 x i8]* @p_str9, i32 0, i32 0, [1 x i8]* @p_str10, [1 x i8]* @p_str10, [1 x i8]* @p_str10, i32 0, i32 0, i32 0, i32 0, [1 x i8]* @p_str10, [1 x i8]* @p_str10)"   --->   Operation 66 'specinterface' <Predicate = true> <Delay = 0.00>
ST_24 : Operation 67 [1/1] (0.00ns)   --->   "call void (...)* @_ssdm_op_SpecInterface(i16* %res_V_data_9_V, [5 x i8]* @p_str, i32 1, i32 1, [5 x i8]* @p_str9, i32 0, i32 0, [1 x i8]* @p_str10, [1 x i8]* @p_str10, [1 x i8]* @p_str10, i32 0, i32 0, i32 0, i32 0, [1 x i8]* @p_str10, [1 x i8]* @p_str10)"   --->   Operation 67 'specinterface' <Predicate = true> <Delay = 0.00>
ST_24 : Operation 68 [1/1] (0.00ns)   --->   "ret void" [firmware/nnet_utils/nnet_activation_stream.h:371]   --->   Operation 68 'ret' <Predicate = true> <Delay = 0.00>


============================================================
+ Verbose Summary: Timing violations
============================================================
Target clock period: 25ns, clock uncertainty: 3.12ns.

 <State 1>: 0ns
The critical path consists of the following:

 <State 2>: 8.5ns
The critical path consists of the following:
	'call' operation ('call_ln362', firmware/nnet_utils/nnet_activation_stream.h:362) to 'softmax_stable<array,array<ap_fixed<16,6,5,3,0>,10u>,softmax_config10>' [45]  (8.5 ns)

 <State 3>: 8.5ns
The critical path consists of the following:
	'call' operation ('call_ln362', firmware/nnet_utils/nnet_activation_stream.h:362) to 'softmax_stable<array,array<ap_fixed<16,6,5,3,0>,10u>,softmax_config10>' [45]  (8.5 ns)

 <State 4>: 8.5ns
The critical path consists of the following:
	'call' operation ('call_ln362', firmware/nnet_utils/nnet_activation_stream.h:362) to 'softmax_stable<array,array<ap_fixed<16,6,5,3,0>,10u>,softmax_config10>' [45]  (8.5 ns)

 <State 5>: 8.5ns
The critical path consists of the following:
	'call' operation ('call_ln362', firmware/nnet_utils/nnet_activation_stream.h:362) to 'softmax_stable<array,array<ap_fixed<16,6,5,3,0>,10u>,softmax_config10>' [45]  (8.5 ns)

 <State 6>: 8.5ns
The critical path consists of the following:
	'call' operation ('call_ln362', firmware/nnet_utils/nnet_activation_stream.h:362) to 'softmax_stable<array,array<ap_fixed<16,6,5,3,0>,10u>,softmax_config10>' [45]  (8.5 ns)

 <State 7>: 8.5ns
The critical path consists of the following:
	'call' operation ('call_ln362', firmware/nnet_utils/nnet_activation_stream.h:362) to 'softmax_stable<array,array<ap_fixed<16,6,5,3,0>,10u>,softmax_config10>' [45]  (8.5 ns)

 <State 8>: 8.5ns
The critical path consists of the following:
	'call' operation ('call_ln362', firmware/nnet_utils/nnet_activation_stream.h:362) to 'softmax_stable<array,array<ap_fixed<16,6,5,3,0>,10u>,softmax_config10>' [45]  (8.5 ns)

 <State 9>: 8.5ns
The critical path consists of the following:
	'call' operation ('call_ln362', firmware/nnet_utils/nnet_activation_stream.h:362) to 'softmax_stable<array,array<ap_fixed<16,6,5,3,0>,10u>,softmax_config10>' [45]  (8.5 ns)

 <State 10>: 8.5ns
The critical path consists of the following:
	'call' operation ('call_ln362', firmware/nnet_utils/nnet_activation_stream.h:362) to 'softmax_stable<array,array<ap_fixed<16,6,5,3,0>,10u>,softmax_config10>' [45]  (8.5 ns)

 <State 11>: 8.5ns
The critical path consists of the following:
	'call' operation ('call_ln362', firmware/nnet_utils/nnet_activation_stream.h:362) to 'softmax_stable<array,array<ap_fixed<16,6,5,3,0>,10u>,softmax_config10>' [45]  (8.5 ns)

 <State 12>: 8.5ns
The critical path consists of the following:
	'call' operation ('call_ln362', firmware/nnet_utils/nnet_activation_stream.h:362) to 'softmax_stable<array,array<ap_fixed<16,6,5,3,0>,10u>,softmax_config10>' [45]  (8.5 ns)

 <State 13>: 8.5ns
The critical path consists of the following:
	'call' operation ('call_ln362', firmware/nnet_utils/nnet_activation_stream.h:362) to 'softmax_stable<array,array<ap_fixed<16,6,5,3,0>,10u>,softmax_config10>' [45]  (8.5 ns)

 <State 14>: 8.5ns
The critical path consists of the following:
	'call' operation ('call_ln362', firmware/nnet_utils/nnet_activation_stream.h:362) to 'softmax_stable<array,array<ap_fixed<16,6,5,3,0>,10u>,softmax_config10>' [45]  (8.5 ns)

 <State 15>: 8.5ns
The critical path consists of the following:
	'call' operation ('call_ln362', firmware/nnet_utils/nnet_activation_stream.h:362) to 'softmax_stable<array,array<ap_fixed<16,6,5,3,0>,10u>,softmax_config10>' [45]  (8.5 ns)

 <State 16>: 8.5ns
The critical path consists of the following:
	'call' operation ('call_ln362', firmware/nnet_utils/nnet_activation_stream.h:362) to 'softmax_stable<array,array<ap_fixed<16,6,5,3,0>,10u>,softmax_config10>' [45]  (8.5 ns)

 <State 17>: 8.5ns
The critical path consists of the following:
	'call' operation ('call_ln362', firmware/nnet_utils/nnet_activation_stream.h:362) to 'softmax_stable<array,array<ap_fixed<16,6,5,3,0>,10u>,softmax_config10>' [45]  (8.5 ns)

 <State 18>: 8.5ns
The critical path consists of the following:
	'call' operation ('call_ln362', firmware/nnet_utils/nnet_activation_stream.h:362) to 'softmax_stable<array,array<ap_fixed<16,6,5,3,0>,10u>,softmax_config10>' [45]  (8.5 ns)

 <State 19>: 8.5ns
The critical path consists of the following:
	'call' operation ('call_ln362', firmware/nnet_utils/nnet_activation_stream.h:362) to 'softmax_stable<array,array<ap_fixed<16,6,5,3,0>,10u>,softmax_config10>' [45]  (8.5 ns)

 <State 20>: 8.5ns
The critical path consists of the following:
	'call' operation ('call_ln362', firmware/nnet_utils/nnet_activation_stream.h:362) to 'softmax_stable<array,array<ap_fixed<16,6,5,3,0>,10u>,softmax_config10>' [45]  (8.5 ns)

 <State 21>: 8.5ns
The critical path consists of the following:
	'call' operation ('call_ln362', firmware/nnet_utils/nnet_activation_stream.h:362) to 'softmax_stable<array,array<ap_fixed<16,6,5,3,0>,10u>,softmax_config10>' [45]  (8.5 ns)

 <State 22>: 8.5ns
The critical path consists of the following:
	'call' operation ('call_ln362', firmware/nnet_utils/nnet_activation_stream.h:362) to 'softmax_stable<array,array<ap_fixed<16,6,5,3,0>,10u>,softmax_config10>' [45]  (8.5 ns)

 <State 23>: 2.03ns
The critical path consists of the following:
	'call' operation ('call_ln362', firmware/nnet_utils/nnet_activation_stream.h:362) to 'softmax_stable<array,array<ap_fixed<16,6,5,3,0>,10u>,softmax_config10>' [45]  (2.03 ns)

 <State 24>: 0ns
The critical path consists of the following:


============================================================
+ Verbose Summary: Binding
============================================================
N/A
* FSMD analyzer results:
  - Output states:
 - Input state : 
  - Chain level:
	State 1
	State 2
	State 3
	State 4
	State 5
	State 6
	State 7
	State 8
	State 9
	State 10
	State 11
	State 12
	State 13
	State 14
	State 15
	State 16
	State 17
	State 18
	State 19
	State 20
	State 21
	State 22
	State 23
	State 24


============================================================
+ Verbose Summary: Datapath Resource usage 
============================================================
N/A
