

================================================================
== Vivado HLS Report for 'myproject'
================================================================
* Date:           Fri Nov  3 18:50:07 2023

* Version:        2020.1 (Build 2897737 on Wed May 27 20:21:37 MDT 2020)
* Project:        myproject_prj
* Solution:       solution1
* Product family: zynq
* Target device:  xc7z020-clg400-1


================================================================
== Performance Estimates
================================================================
+ Timing: 
    * Summary: 
    +--------+----------+----------+------------+
    |  Clock |  Target  | Estimated| Uncertainty|
    +--------+----------+----------+------------+
    |ap_clk  | 10.00 ns | 8.750 ns |   1.25 ns  |
    +--------+----------+----------+------------+

+ Latency: 
    * Summary: 
    +---------+---------+----------+----------+-------+-------+----------+
    |  Latency (cycles) |  Latency (absolute) |    Interval   | Pipeline |
    |   min   |   max   |    min   |    max   |  min  |  max  |   Type   |
    +---------+---------+----------+----------+-------+-------+----------+
    |    11004|    11005| 0.110 ms | 0.110 ms |  10979|  10979| dataflow |
    +---------+---------+----------+----------+-------+-------+----------+

    + Detail: 
        * Instance: 
        N/A

        * Loop: 
        N/A

============================================================
+ Verbose Summary: Synthesis Manager
============================================================
InlineROM: 1
ExposeGlobal: 0
============================================================
+ Verbose Summary: CDFG Model
============================================================
IsTopModel: 1
ResetActiveHigh: 1
IsCombinational: 2
IsDatapathOnly: 0
HasWiredReturn: 1
HasMFsm: 0
HasVarLatency: 1
IsPipeline: 0
IsRtlPipelined: 0
IsInstanceOverlapped: 0
IsDontTouch: 0
HasImplIP: 0
IsGatedGlobalClock: 0


============================================================
+ Verbose Summary: Schedule
============================================================
* Number of FSM states : 12
* Pipeline : 0
* Dataflow Pipeline: 1
  DF-Pipeline-0: Size = 12, States = { 1 2 3 4 5 6 7 8 9 10 11 12 }

* FSM state transitions: 
1 --> 2 
2 --> 3 
3 --> 4 
4 --> 5 
5 --> 6 
6 --> 7 
7 --> 8 
8 --> 9 
9 --> 10 
10 --> 11 
11 --> 12 
12 --> 

* FSM state operations: 

State 1 <SV = 0> <Delay = 0.00>
ST_1 : Operation 13 [1/1] (0.00ns)   --->   "%layer2_out_V_data_0_V = alloca i16, align 2" [firmware/myproject.cpp:33]   --->   Operation 13 'alloca' 'layer2_out_V_data_0_V' <Predicate = true> <Delay = 0.00> <Core = "FIFO">   --->   Core 32 'FIFO' <Latency = 0> <II = 1> <Delay = 3.63> <Storage> <Opcode : 'read' 'write' 'nbread' 'nbwrite'> <Ports = 0> <Width = 16> <Depth = 1> <FIFO>
ST_1 : Operation 14 [1/1] (0.00ns)   --->   "%layer2_out_V_data_1_V = alloca i16, align 2" [firmware/myproject.cpp:33]   --->   Operation 14 'alloca' 'layer2_out_V_data_1_V' <Predicate = true> <Delay = 0.00> <Core = "FIFO">   --->   Core 32 'FIFO' <Latency = 0> <II = 1> <Delay = 3.63> <Storage> <Opcode : 'read' 'write' 'nbread' 'nbwrite'> <Ports = 0> <Width = 16> <Depth = 1> <FIFO>
ST_1 : Operation 15 [1/1] (0.00ns)   --->   "%layer2_out_V_data_2_V = alloca i16, align 2" [firmware/myproject.cpp:33]   --->   Operation 15 'alloca' 'layer2_out_V_data_2_V' <Predicate = true> <Delay = 0.00> <Core = "FIFO">   --->   Core 32 'FIFO' <Latency = 0> <II = 1> <Delay = 3.63> <Storage> <Opcode : 'read' 'write' 'nbread' 'nbwrite'> <Ports = 0> <Width = 16> <Depth = 1> <FIFO>
ST_1 : Operation 16 [1/1] (0.00ns)   --->   "%layer2_out_V_data_3_V = alloca i16, align 2" [firmware/myproject.cpp:33]   --->   Operation 16 'alloca' 'layer2_out_V_data_3_V' <Predicate = true> <Delay = 0.00> <Core = "FIFO">   --->   Core 32 'FIFO' <Latency = 0> <II = 1> <Delay = 3.63> <Storage> <Opcode : 'read' 'write' 'nbread' 'nbwrite'> <Ports = 0> <Width = 16> <Depth = 1> <FIFO>
ST_1 : Operation 17 [1/1] (0.00ns)   --->   "%layer3_out_V_data_0_V = alloca i16, align 2" [firmware/myproject.cpp:37]   --->   Operation 17 'alloca' 'layer3_out_V_data_0_V' <Predicate = true> <Delay = 0.00> <Core = "FIFO">   --->   Core 32 'FIFO' <Latency = 0> <II = 1> <Delay = 3.63> <Storage> <Opcode : 'read' 'write' 'nbread' 'nbwrite'> <Ports = 0> <Width = 16> <Depth = 1> <FIFO>
ST_1 : Operation 18 [1/1] (0.00ns)   --->   "%layer3_out_V_data_1_V = alloca i16, align 2" [firmware/myproject.cpp:37]   --->   Operation 18 'alloca' 'layer3_out_V_data_1_V' <Predicate = true> <Delay = 0.00> <Core = "FIFO">   --->   Core 32 'FIFO' <Latency = 0> <II = 1> <Delay = 3.63> <Storage> <Opcode : 'read' 'write' 'nbread' 'nbwrite'> <Ports = 0> <Width = 16> <Depth = 1> <FIFO>
ST_1 : Operation 19 [1/1] (0.00ns)   --->   "%layer3_out_V_data_2_V = alloca i16, align 2" [firmware/myproject.cpp:37]   --->   Operation 19 'alloca' 'layer3_out_V_data_2_V' <Predicate = true> <Delay = 0.00> <Core = "FIFO">   --->   Core 32 'FIFO' <Latency = 0> <II = 1> <Delay = 3.63> <Storage> <Opcode : 'read' 'write' 'nbread' 'nbwrite'> <Ports = 0> <Width = 16> <Depth = 1> <FIFO>
ST_1 : Operation 20 [1/1] (0.00ns)   --->   "%layer3_out_V_data_3_V = alloca i16, align 2" [firmware/myproject.cpp:37]   --->   Operation 20 'alloca' 'layer3_out_V_data_3_V' <Predicate = true> <Delay = 0.00> <Core = "FIFO">   --->   Core 32 'FIFO' <Latency = 0> <II = 1> <Delay = 3.63> <Storage> <Opcode : 'read' 'write' 'nbread' 'nbwrite'> <Ports = 0> <Width = 16> <Depth = 1> <FIFO>
ST_1 : Operation 21 [1/1] (0.00ns)   --->   "%layer4_out_V_data_0_V = alloca i16, align 2" [firmware/myproject.cpp:41]   --->   Operation 21 'alloca' 'layer4_out_V_data_0_V' <Predicate = true> <Delay = 0.00> <Core = "FIFO">   --->   Core 32 'FIFO' <Latency = 0> <II = 1> <Delay = 3.63> <Storage> <Opcode : 'read' 'write' 'nbread' 'nbwrite'> <Ports = 0> <Width = 16> <Depth = 1> <FIFO>
ST_1 : Operation 22 [1/1] (0.00ns)   --->   "%layer4_out_V_data_1_V = alloca i16, align 2" [firmware/myproject.cpp:41]   --->   Operation 22 'alloca' 'layer4_out_V_data_1_V' <Predicate = true> <Delay = 0.00> <Core = "FIFO">   --->   Core 32 'FIFO' <Latency = 0> <II = 1> <Delay = 3.63> <Storage> <Opcode : 'read' 'write' 'nbread' 'nbwrite'> <Ports = 0> <Width = 16> <Depth = 1> <FIFO>
ST_1 : Operation 23 [1/1] (0.00ns)   --->   "%layer4_out_V_data_2_V = alloca i16, align 2" [firmware/myproject.cpp:41]   --->   Operation 23 'alloca' 'layer4_out_V_data_2_V' <Predicate = true> <Delay = 0.00> <Core = "FIFO">   --->   Core 32 'FIFO' <Latency = 0> <II = 1> <Delay = 3.63> <Storage> <Opcode : 'read' 'write' 'nbread' 'nbwrite'> <Ports = 0> <Width = 16> <Depth = 1> <FIFO>
ST_1 : Operation 24 [1/1] (0.00ns)   --->   "%layer4_out_V_data_3_V = alloca i16, align 2" [firmware/myproject.cpp:41]   --->   Operation 24 'alloca' 'layer4_out_V_data_3_V' <Predicate = true> <Delay = 0.00> <Core = "FIFO">   --->   Core 32 'FIFO' <Latency = 0> <II = 1> <Delay = 3.63> <Storage> <Opcode : 'read' 'write' 'nbread' 'nbwrite'> <Ports = 0> <Width = 16> <Depth = 1> <FIFO>
ST_1 : Operation 25 [1/1] (0.00ns)   --->   "%layer6_out_V_data_0_V = alloca i16, align 2" [firmware/myproject.cpp:46]   --->   Operation 25 'alloca' 'layer6_out_V_data_0_V' <Predicate = true> <Delay = 0.00> <Core = "FIFO">   --->   Core 32 'FIFO' <Latency = 0> <II = 1> <Delay = 3.63> <Storage> <Opcode : 'read' 'write' 'nbread' 'nbwrite'> <Ports = 0> <Width = 16> <Depth = 1> <FIFO>
ST_1 : Operation 26 [1/1] (0.00ns)   --->   "%layer6_out_V_data_1_V = alloca i16, align 2" [firmware/myproject.cpp:46]   --->   Operation 26 'alloca' 'layer6_out_V_data_1_V' <Predicate = true> <Delay = 0.00> <Core = "FIFO">   --->   Core 32 'FIFO' <Latency = 0> <II = 1> <Delay = 3.63> <Storage> <Opcode : 'read' 'write' 'nbread' 'nbwrite'> <Ports = 0> <Width = 16> <Depth = 1> <FIFO>
ST_1 : Operation 27 [1/1] (0.00ns)   --->   "%layer6_out_V_data_2_V = alloca i16, align 2" [firmware/myproject.cpp:46]   --->   Operation 27 'alloca' 'layer6_out_V_data_2_V' <Predicate = true> <Delay = 0.00> <Core = "FIFO">   --->   Core 32 'FIFO' <Latency = 0> <II = 1> <Delay = 3.63> <Storage> <Opcode : 'read' 'write' 'nbread' 'nbwrite'> <Ports = 0> <Width = 16> <Depth = 1> <FIFO>
ST_1 : Operation 28 [1/1] (0.00ns)   --->   "%layer6_out_V_data_3_V = alloca i16, align 2" [firmware/myproject.cpp:46]   --->   Operation 28 'alloca' 'layer6_out_V_data_3_V' <Predicate = true> <Delay = 0.00> <Core = "FIFO">   --->   Core 32 'FIFO' <Latency = 0> <II = 1> <Delay = 3.63> <Storage> <Opcode : 'read' 'write' 'nbread' 'nbwrite'> <Ports = 0> <Width = 16> <Depth = 1> <FIFO>
ST_1 : Operation 29 [1/1] (0.00ns)   --->   "%layer6_out_V_data_4_V = alloca i16, align 2" [firmware/myproject.cpp:46]   --->   Operation 29 'alloca' 'layer6_out_V_data_4_V' <Predicate = true> <Delay = 0.00> <Core = "FIFO">   --->   Core 32 'FIFO' <Latency = 0> <II = 1> <Delay = 3.63> <Storage> <Opcode : 'read' 'write' 'nbread' 'nbwrite'> <Ports = 0> <Width = 16> <Depth = 1> <FIFO>
ST_1 : Operation 30 [1/1] (0.00ns)   --->   "%layer6_out_V_data_5_V = alloca i16, align 2" [firmware/myproject.cpp:46]   --->   Operation 30 'alloca' 'layer6_out_V_data_5_V' <Predicate = true> <Delay = 0.00> <Core = "FIFO">   --->   Core 32 'FIFO' <Latency = 0> <II = 1> <Delay = 3.63> <Storage> <Opcode : 'read' 'write' 'nbread' 'nbwrite'> <Ports = 0> <Width = 16> <Depth = 1> <FIFO>
ST_1 : Operation 31 [1/1] (0.00ns)   --->   "%layer6_out_V_data_6_V = alloca i16, align 2" [firmware/myproject.cpp:46]   --->   Operation 31 'alloca' 'layer6_out_V_data_6_V' <Predicate = true> <Delay = 0.00> <Core = "FIFO">   --->   Core 32 'FIFO' <Latency = 0> <II = 1> <Delay = 3.63> <Storage> <Opcode : 'read' 'write' 'nbread' 'nbwrite'> <Ports = 0> <Width = 16> <Depth = 1> <FIFO>
ST_1 : Operation 32 [1/1] (0.00ns)   --->   "%layer6_out_V_data_7_V = alloca i16, align 2" [firmware/myproject.cpp:46]   --->   Operation 32 'alloca' 'layer6_out_V_data_7_V' <Predicate = true> <Delay = 0.00> <Core = "FIFO">   --->   Core 32 'FIFO' <Latency = 0> <II = 1> <Delay = 3.63> <Storage> <Opcode : 'read' 'write' 'nbread' 'nbwrite'> <Ports = 0> <Width = 16> <Depth = 1> <FIFO>
ST_1 : Operation 33 [1/1] (0.00ns)   --->   "%layer6_out_V_data_8_V = alloca i16, align 2" [firmware/myproject.cpp:46]   --->   Operation 33 'alloca' 'layer6_out_V_data_8_V' <Predicate = true> <Delay = 0.00> <Core = "FIFO">   --->   Core 32 'FIFO' <Latency = 0> <II = 1> <Delay = 3.63> <Storage> <Opcode : 'read' 'write' 'nbread' 'nbwrite'> <Ports = 0> <Width = 16> <Depth = 1> <FIFO>
ST_1 : Operation 34 [1/1] (0.00ns)   --->   "%layer6_out_V_data_9_V = alloca i16, align 2" [firmware/myproject.cpp:46]   --->   Operation 34 'alloca' 'layer6_out_V_data_9_V' <Predicate = true> <Delay = 0.00> <Core = "FIFO">   --->   Core 32 'FIFO' <Latency = 0> <II = 1> <Delay = 3.63> <Storage> <Opcode : 'read' 'write' 'nbread' 'nbwrite'> <Ports = 0> <Width = 16> <Depth = 1> <FIFO>
ST_1 : Operation 35 [1/1] (0.00ns)   --->   "%layer6_out_V_data_10_V = alloca i16, align 2" [firmware/myproject.cpp:46]   --->   Operation 35 'alloca' 'layer6_out_V_data_10_V' <Predicate = true> <Delay = 0.00> <Core = "FIFO">   --->   Core 32 'FIFO' <Latency = 0> <II = 1> <Delay = 3.63> <Storage> <Opcode : 'read' 'write' 'nbread' 'nbwrite'> <Ports = 0> <Width = 16> <Depth = 1> <FIFO>
ST_1 : Operation 36 [1/1] (0.00ns)   --->   "%layer6_out_V_data_11_V = alloca i16, align 2" [firmware/myproject.cpp:46]   --->   Operation 36 'alloca' 'layer6_out_V_data_11_V' <Predicate = true> <Delay = 0.00> <Core = "FIFO">   --->   Core 32 'FIFO' <Latency = 0> <II = 1> <Delay = 3.63> <Storage> <Opcode : 'read' 'write' 'nbread' 'nbwrite'> <Ports = 0> <Width = 16> <Depth = 1> <FIFO>

State 2 <SV = 1> <Delay = 0.00>
ST_2 : Operation 37 [2/2] (0.00ns)   --->   "call fastcc void @"conv_2d_cl<array<ap_fixed,1u>,array<ap_fixed<16,8,5,3,0>,4u>,config2>"(i16* %input_layer_V_data_0_V, i16* %layer2_out_V_data_0_V, i16* %layer2_out_V_data_1_V, i16* %layer2_out_V_data_2_V, i16* %layer2_out_V_data_3_V)" [firmware/myproject.cpp:35]   --->   Operation 37 'call' <Predicate = true> <Delay = 0.00> <CoreType = "Generic">   --->   Core 0 '' <Latency = 0> <II = 1> <Delay = 1.00> <Generic> <Opcode : >

State 3 <SV = 2> <Delay = 0.00>
ST_3 : Operation 38 [1/2] (0.00ns)   --->   "call fastcc void @"conv_2d_cl<array<ap_fixed,1u>,array<ap_fixed<16,8,5,3,0>,4u>,config2>"(i16* %input_layer_V_data_0_V, i16* %layer2_out_V_data_0_V, i16* %layer2_out_V_data_1_V, i16* %layer2_out_V_data_2_V, i16* %layer2_out_V_data_3_V)" [firmware/myproject.cpp:35]   --->   Operation 38 'call' <Predicate = true> <Delay = 0.00> <CoreType = "Generic">   --->   Core 0 '' <Latency = 0> <II = 1> <Delay = 1.00> <Generic> <Opcode : >

State 4 <SV = 3> <Delay = 0.00>
ST_4 : Operation 39 [2/2] (0.00ns)   --->   "call fastcc void @"relu<array<ap_fixed,4u>,array<ap_fixed<16,8,5,3,0>,4u>,relu_config3>"(i16* %layer2_out_V_data_0_V, i16* %layer2_out_V_data_1_V, i16* %layer2_out_V_data_2_V, i16* %layer2_out_V_data_3_V, i16* %layer3_out_V_data_0_V, i16* %layer3_out_V_data_1_V, i16* %layer3_out_V_data_2_V, i16* %layer3_out_V_data_3_V)" [firmware/myproject.cpp:39]   --->   Operation 39 'call' <Predicate = true> <Delay = 0.00> <CoreType = "Generic">   --->   Core 0 '' <Latency = 0> <II = 1> <Delay = 1.00> <Generic> <Opcode : >

State 5 <SV = 4> <Delay = 0.00>
ST_5 : Operation 40 [1/2] (0.00ns)   --->   "call fastcc void @"relu<array<ap_fixed,4u>,array<ap_fixed<16,8,5,3,0>,4u>,relu_config3>"(i16* %layer2_out_V_data_0_V, i16* %layer2_out_V_data_1_V, i16* %layer2_out_V_data_2_V, i16* %layer2_out_V_data_3_V, i16* %layer3_out_V_data_0_V, i16* %layer3_out_V_data_1_V, i16* %layer3_out_V_data_2_V, i16* %layer3_out_V_data_3_V)" [firmware/myproject.cpp:39]   --->   Operation 40 'call' <Predicate = true> <Delay = 0.00> <CoreType = "Generic">   --->   Core 0 '' <Latency = 0> <II = 1> <Delay = 1.00> <Generic> <Opcode : >

State 6 <SV = 5> <Delay = 0.00>
ST_6 : Operation 41 [2/2] (0.00ns)   --->   "call fastcc void @"pooling2d_cl<array<ap_fixed,4u>,array<ap_fixed<16,8,5,3,0>,4u>,config4>"(i16* %layer3_out_V_data_0_V, i16* %layer3_out_V_data_1_V, i16* %layer3_out_V_data_2_V, i16* %layer3_out_V_data_3_V, i16* %layer4_out_V_data_0_V, i16* %layer4_out_V_data_1_V, i16* %layer4_out_V_data_2_V, i16* %layer4_out_V_data_3_V)" [firmware/myproject.cpp:43]   --->   Operation 41 'call' <Predicate = true> <Delay = 0.00> <CoreType = "Generic">   --->   Core 0 '' <Latency = 0> <II = 1> <Delay = 1.00> <Generic> <Opcode : >

State 7 <SV = 6> <Delay = 0.00>
ST_7 : Operation 42 [1/2] (0.00ns)   --->   "call fastcc void @"pooling2d_cl<array<ap_fixed,4u>,array<ap_fixed<16,8,5,3,0>,4u>,config4>"(i16* %layer3_out_V_data_0_V, i16* %layer3_out_V_data_1_V, i16* %layer3_out_V_data_2_V, i16* %layer3_out_V_data_3_V, i16* %layer4_out_V_data_0_V, i16* %layer4_out_V_data_1_V, i16* %layer4_out_V_data_2_V, i16* %layer4_out_V_data_3_V)" [firmware/myproject.cpp:43]   --->   Operation 42 'call' <Predicate = true> <Delay = 0.00> <CoreType = "Generic">   --->   Core 0 '' <Latency = 0> <II = 1> <Delay = 1.00> <Generic> <Opcode : >

State 8 <SV = 7> <Delay = 0.00>
ST_8 : Operation 43 [2/2] (0.00ns)   --->   "call fastcc void @"dense<array<ap_fixed,4u>,array<ap_fixed<16,8,5,3,0>,12u>,config6>"(i16* %layer4_out_V_data_0_V, i16* %layer4_out_V_data_1_V, i16* %layer4_out_V_data_2_V, i16* %layer4_out_V_data_3_V, i16* %layer6_out_V_data_0_V, i16* %layer6_out_V_data_1_V, i16* %layer6_out_V_data_2_V, i16* %layer6_out_V_data_3_V, i16* %layer6_out_V_data_4_V, i16* %layer6_out_V_data_5_V, i16* %layer6_out_V_data_6_V, i16* %layer6_out_V_data_7_V, i16* %layer6_out_V_data_8_V, i16* %layer6_out_V_data_9_V, i16* %layer6_out_V_data_10_V, i16* %layer6_out_V_data_11_V)" [firmware/myproject.cpp:48]   --->   Operation 43 'call' <Predicate = true> <Delay = 0.00> <CoreType = "Generic">   --->   Core 0 '' <Latency = 0> <II = 1> <Delay = 1.00> <Generic> <Opcode : >

State 9 <SV = 8> <Delay = 0.00>
ST_9 : Operation 44 [1/2] (0.00ns)   --->   "call fastcc void @"dense<array<ap_fixed,4u>,array<ap_fixed<16,8,5,3,0>,12u>,config6>"(i16* %layer4_out_V_data_0_V, i16* %layer4_out_V_data_1_V, i16* %layer4_out_V_data_2_V, i16* %layer4_out_V_data_3_V, i16* %layer6_out_V_data_0_V, i16* %layer6_out_V_data_1_V, i16* %layer6_out_V_data_2_V, i16* %layer6_out_V_data_3_V, i16* %layer6_out_V_data_4_V, i16* %layer6_out_V_data_5_V, i16* %layer6_out_V_data_6_V, i16* %layer6_out_V_data_7_V, i16* %layer6_out_V_data_8_V, i16* %layer6_out_V_data_9_V, i16* %layer6_out_V_data_10_V, i16* %layer6_out_V_data_11_V)" [firmware/myproject.cpp:48]   --->   Operation 44 'call' <Predicate = true> <Delay = 0.00> <CoreType = "Generic">   --->   Core 0 '' <Latency = 0> <II = 1> <Delay = 1.00> <Generic> <Opcode : >

State 10 <SV = 9> <Delay = 0.00>
ST_10 : Operation 45 [2/2] (0.00ns)   --->   "call fastcc void @"softmax<array,array<ap_fixed<16,8,5,3,0>,12u>,softmax_config7>"(i16* %layer6_out_V_data_0_V, i16* %layer6_out_V_data_1_V, i16* %layer6_out_V_data_2_V, i16* %layer6_out_V_data_3_V, i16* %layer6_out_V_data_4_V, i16* %layer6_out_V_data_5_V, i16* %layer6_out_V_data_6_V, i16* %layer6_out_V_data_7_V, i16* %layer6_out_V_data_8_V, i16* %layer6_out_V_data_9_V, i16* %layer6_out_V_data_10_V, i16* %layer6_out_V_data_11_V, i16* %layer7_out_V_data_0_V, i16* %layer7_out_V_data_1_V, i16* %layer7_out_V_data_2_V, i16* %layer7_out_V_data_3_V, i16* %layer7_out_V_data_4_V, i16* %layer7_out_V_data_5_V, i16* %layer7_out_V_data_6_V, i16* %layer7_out_V_data_7_V, i16* %layer7_out_V_data_8_V, i16* %layer7_out_V_data_9_V, i16* %layer7_out_V_data_10_V, i16* %layer7_out_V_data_11_V)" [firmware/myproject.cpp:50]   --->   Operation 45 'call' <Predicate = true> <Delay = 0.00> <CoreType = "Generic">   --->   Core 0 '' <Latency = 0> <II = 1> <Delay = 1.00> <Generic> <Opcode : >

State 11 <SV = 10> <Delay = 0.00>
ST_11 : Operation 46 [1/2] (0.00ns)   --->   "call fastcc void @"softmax<array,array<ap_fixed<16,8,5,3,0>,12u>,softmax_config7>"(i16* %layer6_out_V_data_0_V, i16* %layer6_out_V_data_1_V, i16* %layer6_out_V_data_2_V, i16* %layer6_out_V_data_3_V, i16* %layer6_out_V_data_4_V, i16* %layer6_out_V_data_5_V, i16* %layer6_out_V_data_6_V, i16* %layer6_out_V_data_7_V, i16* %layer6_out_V_data_8_V, i16* %layer6_out_V_data_9_V, i16* %layer6_out_V_data_10_V, i16* %layer6_out_V_data_11_V, i16* %layer7_out_V_data_0_V, i16* %layer7_out_V_data_1_V, i16* %layer7_out_V_data_2_V, i16* %layer7_out_V_data_3_V, i16* %layer7_out_V_data_4_V, i16* %layer7_out_V_data_5_V, i16* %layer7_out_V_data_6_V, i16* %layer7_out_V_data_7_V, i16* %layer7_out_V_data_8_V, i16* %layer7_out_V_data_9_V, i16* %layer7_out_V_data_10_V, i16* %layer7_out_V_data_11_V)" [firmware/myproject.cpp:50]   --->   Operation 46 'call' <Predicate = true> <Delay = 0.00> <CoreType = "Generic">   --->   Core 0 '' <Latency = 0> <II = 1> <Delay = 1.00> <Generic> <Opcode : >

State 12 <SV = 11> <Delay = 0.00>
ST_12 : Operation 47 [1/1] (0.00ns)   --->   "call void (...)* @_ssdm_op_SpecDataflowPipeline(i32 -1, i32 0, [1 x i8]* @p_str7) nounwind" [firmware/myproject.cpp:13]   --->   Operation 47 'specdataflowpipeline' <Predicate = true> <Delay = 0.00>
ST_12 : Operation 48 [1/1] (0.00ns)   --->   "call void (...)* @_ssdm_op_SpecBitsMap(i16* %input_layer_V_data_0_V), !map !225"   --->   Operation 48 'specbitsmap' <Predicate = true> <Delay = 0.00>
ST_12 : Operation 49 [1/1] (0.00ns)   --->   "call void (...)* @_ssdm_op_SpecBitsMap(i16* %layer7_out_V_data_11_V), !map !231"   --->   Operation 49 'specbitsmap' <Predicate = true> <Delay = 0.00>
ST_12 : Operation 50 [1/1] (0.00ns)   --->   "call void (...)* @_ssdm_op_SpecBitsMap(i16* %layer7_out_V_data_10_V), !map !237"   --->   Operation 50 'specbitsmap' <Predicate = true> <Delay = 0.00>
ST_12 : Operation 51 [1/1] (0.00ns)   --->   "call void (...)* @_ssdm_op_SpecBitsMap(i16* %layer7_out_V_data_9_V), !map !243"   --->   Operation 51 'specbitsmap' <Predicate = true> <Delay = 0.00>
ST_12 : Operation 52 [1/1] (0.00ns)   --->   "call void (...)* @_ssdm_op_SpecBitsMap(i16* %layer7_out_V_data_8_V), !map !249"   --->   Operation 52 'specbitsmap' <Predicate = true> <Delay = 0.00>
ST_12 : Operation 53 [1/1] (0.00ns)   --->   "call void (...)* @_ssdm_op_SpecBitsMap(i16* %layer7_out_V_data_7_V), !map !255"   --->   Operation 53 'specbitsmap' <Predicate = true> <Delay = 0.00>
ST_12 : Operation 54 [1/1] (0.00ns)   --->   "call void (...)* @_ssdm_op_SpecBitsMap(i16* %layer7_out_V_data_6_V), !map !261"   --->   Operation 54 'specbitsmap' <Predicate = true> <Delay = 0.00>
ST_12 : Operation 55 [1/1] (0.00ns)   --->   "call void (...)* @_ssdm_op_SpecBitsMap(i16* %layer7_out_V_data_5_V), !map !267"   --->   Operation 55 'specbitsmap' <Predicate = true> <Delay = 0.00>
ST_12 : Operation 56 [1/1] (0.00ns)   --->   "call void (...)* @_ssdm_op_SpecBitsMap(i16* %layer7_out_V_data_4_V), !map !273"   --->   Operation 56 'specbitsmap' <Predicate = true> <Delay = 0.00>
ST_12 : Operation 57 [1/1] (0.00ns)   --->   "call void (...)* @_ssdm_op_SpecBitsMap(i16* %layer7_out_V_data_3_V), !map !279"   --->   Operation 57 'specbitsmap' <Predicate = true> <Delay = 0.00>
ST_12 : Operation 58 [1/1] (0.00ns)   --->   "call void (...)* @_ssdm_op_SpecBitsMap(i16* %layer7_out_V_data_2_V), !map !285"   --->   Operation 58 'specbitsmap' <Predicate = true> <Delay = 0.00>
ST_12 : Operation 59 [1/1] (0.00ns)   --->   "call void (...)* @_ssdm_op_SpecBitsMap(i16* %layer7_out_V_data_1_V), !map !291"   --->   Operation 59 'specbitsmap' <Predicate = true> <Delay = 0.00>
ST_12 : Operation 60 [1/1] (0.00ns)   --->   "call void (...)* @_ssdm_op_SpecBitsMap(i16* %layer7_out_V_data_0_V), !map !297"   --->   Operation 60 'specbitsmap' <Predicate = true> <Delay = 0.00>
ST_12 : Operation 61 [1/1] (0.00ns)   --->   "call void (...)* @_ssdm_op_SpecTopModule([10 x i8]* @myproject_str) nounwind"   --->   Operation 61 'spectopmodule' <Predicate = true> <Delay = 0.00>
ST_12 : Operation 62 [1/1] (0.00ns)   --->   "%empty = call i32 (...)* @_ssdm_op_SpecChannel([23 x i8]* @layer2_out_OC_V_OC_data_LF_0_NF_OC_V_str, i32 1, [1 x i8]* @p_str194, [1 x i8]* @p_str194, i32 625, i32 625, i16* %layer2_out_V_data_0_V, i16* %layer2_out_V_data_0_V)"   --->   Operation 62 'specchannel' 'empty' <Predicate = true> <Delay = 0.00>
ST_12 : Operation 63 [1/1] (0.00ns)   --->   "call void (...)* @_ssdm_op_SpecInterface(i16* %layer2_out_V_data_0_V, [8 x i8]* @ap_fifo_str, i32 0, i32 0, [1 x i8]* @p_str195, i32 0, i32 0, [1 x i8]* @p_str196, [1 x i8]* @p_str197, [1 x i8]* @p_str198, i32 2, i32 2, i32 16, i32 16, [1 x i8]* @p_str199, [1 x i8]* @p_str200)"   --->   Operation 63 'specinterface' <Predicate = true> <Delay = 0.00>
ST_12 : Operation 64 [1/1] (0.00ns)   --->   "%empty_41 = call i32 (...)* @_ssdm_op_SpecChannel([23 x i8]* @layer2_out_OC_V_OC_data_LF_1_NF_OC_V_str, i32 1, [1 x i8]* @p_str201, [1 x i8]* @p_str201, i32 625, i32 625, i16* %layer2_out_V_data_1_V, i16* %layer2_out_V_data_1_V)"   --->   Operation 64 'specchannel' 'empty_41' <Predicate = true> <Delay = 0.00>
ST_12 : Operation 65 [1/1] (0.00ns)   --->   "call void (...)* @_ssdm_op_SpecInterface(i16* %layer2_out_V_data_1_V, [8 x i8]* @ap_fifo_str, i32 0, i32 0, [1 x i8]* @p_str202, i32 0, i32 0, [1 x i8]* @p_str203, [1 x i8]* @p_str204, [1 x i8]* @p_str205, i32 2, i32 2, i32 16, i32 16, [1 x i8]* @p_str206, [1 x i8]* @p_str207)"   --->   Operation 65 'specinterface' <Predicate = true> <Delay = 0.00>
ST_12 : Operation 66 [1/1] (0.00ns)   --->   "%empty_42 = call i32 (...)* @_ssdm_op_SpecChannel([23 x i8]* @layer2_out_OC_V_OC_data_LF_2_NF_OC_V_str, i32 1, [1 x i8]* @p_str208, [1 x i8]* @p_str208, i32 625, i32 625, i16* %layer2_out_V_data_2_V, i16* %layer2_out_V_data_2_V)"   --->   Operation 66 'specchannel' 'empty_42' <Predicate = true> <Delay = 0.00>
ST_12 : Operation 67 [1/1] (0.00ns)   --->   "call void (...)* @_ssdm_op_SpecInterface(i16* %layer2_out_V_data_2_V, [8 x i8]* @ap_fifo_str, i32 0, i32 0, [1 x i8]* @p_str209, i32 0, i32 0, [1 x i8]* @p_str210, [1 x i8]* @p_str211, [1 x i8]* @p_str212, i32 2, i32 2, i32 16, i32 16, [1 x i8]* @p_str213, [1 x i8]* @p_str214)"   --->   Operation 67 'specinterface' <Predicate = true> <Delay = 0.00>
ST_12 : Operation 68 [1/1] (0.00ns)   --->   "%empty_43 = call i32 (...)* @_ssdm_op_SpecChannel([23 x i8]* @layer2_out_OC_V_OC_data_LF_3_NF_OC_V_str, i32 1, [1 x i8]* @p_str215, [1 x i8]* @p_str215, i32 625, i32 625, i16* %layer2_out_V_data_3_V, i16* %layer2_out_V_data_3_V)"   --->   Operation 68 'specchannel' 'empty_43' <Predicate = true> <Delay = 0.00>
ST_12 : Operation 69 [1/1] (0.00ns)   --->   "call void (...)* @_ssdm_op_SpecInterface(i16* %layer2_out_V_data_3_V, [8 x i8]* @ap_fifo_str, i32 0, i32 0, [1 x i8]* @p_str216, i32 0, i32 0, [1 x i8]* @p_str217, [1 x i8]* @p_str218, [1 x i8]* @p_str219, i32 2, i32 2, i32 16, i32 16, [1 x i8]* @p_str220, [1 x i8]* @p_str221)"   --->   Operation 69 'specinterface' <Predicate = true> <Delay = 0.00>
ST_12 : Operation 70 [1/1] (0.00ns)   --->   "%empty_44 = call i32 (...)* @_ssdm_op_SpecChannel([23 x i8]* @layer3_out_OC_V_OC_data_LF_0_NF_OC_V_str, i32 1, [1 x i8]* @p_str222, [1 x i8]* @p_str222, i32 625, i32 625, i16* %layer3_out_V_data_0_V, i16* %layer3_out_V_data_0_V)"   --->   Operation 70 'specchannel' 'empty_44' <Predicate = true> <Delay = 0.00>
ST_12 : Operation 71 [1/1] (0.00ns)   --->   "call void (...)* @_ssdm_op_SpecInterface(i16* %layer3_out_V_data_0_V, [8 x i8]* @ap_fifo_str, i32 0, i32 0, [1 x i8]* @p_str223, i32 0, i32 0, [1 x i8]* @p_str224, [1 x i8]* @p_str225, [1 x i8]* @p_str226, i32 2, i32 2, i32 16, i32 16, [1 x i8]* @p_str227, [1 x i8]* @p_str228)"   --->   Operation 71 'specinterface' <Predicate = true> <Delay = 0.00>
ST_12 : Operation 72 [1/1] (0.00ns)   --->   "%empty_45 = call i32 (...)* @_ssdm_op_SpecChannel([23 x i8]* @layer3_out_OC_V_OC_data_LF_1_NF_OC_V_str, i32 1, [1 x i8]* @p_str229, [1 x i8]* @p_str229, i32 625, i32 625, i16* %layer3_out_V_data_1_V, i16* %layer3_out_V_data_1_V)"   --->   Operation 72 'specchannel' 'empty_45' <Predicate = true> <Delay = 0.00>
ST_12 : Operation 73 [1/1] (0.00ns)   --->   "call void (...)* @_ssdm_op_SpecInterface(i16* %layer3_out_V_data_1_V, [8 x i8]* @ap_fifo_str, i32 0, i32 0, [1 x i8]* @p_str230, i32 0, i32 0, [1 x i8]* @p_str231, [1 x i8]* @p_str232, [1 x i8]* @p_str233, i32 2, i32 2, i32 16, i32 16, [1 x i8]* @p_str234, [1 x i8]* @p_str235)"   --->   Operation 73 'specinterface' <Predicate = true> <Delay = 0.00>
ST_12 : Operation 74 [1/1] (0.00ns)   --->   "%empty_46 = call i32 (...)* @_ssdm_op_SpecChannel([23 x i8]* @layer3_out_OC_V_OC_data_LF_2_NF_OC_V_str, i32 1, [1 x i8]* @p_str236, [1 x i8]* @p_str236, i32 625, i32 625, i16* %layer3_out_V_data_2_V, i16* %layer3_out_V_data_2_V)"   --->   Operation 74 'specchannel' 'empty_46' <Predicate = true> <Delay = 0.00>
ST_12 : Operation 75 [1/1] (0.00ns)   --->   "call void (...)* @_ssdm_op_SpecInterface(i16* %layer3_out_V_data_2_V, [8 x i8]* @ap_fifo_str, i32 0, i32 0, [1 x i8]* @p_str237, i32 0, i32 0, [1 x i8]* @p_str238, [1 x i8]* @p_str239, [1 x i8]* @p_str240, i32 2, i32 2, i32 16, i32 16, [1 x i8]* @p_str241, [1 x i8]* @p_str242)"   --->   Operation 75 'specinterface' <Predicate = true> <Delay = 0.00>
ST_12 : Operation 76 [1/1] (0.00ns)   --->   "%empty_47 = call i32 (...)* @_ssdm_op_SpecChannel([23 x i8]* @layer3_out_OC_V_OC_data_LF_3_NF_OC_V_str, i32 1, [1 x i8]* @p_str243, [1 x i8]* @p_str243, i32 625, i32 625, i16* %layer3_out_V_data_3_V, i16* %layer3_out_V_data_3_V)"   --->   Operation 76 'specchannel' 'empty_47' <Predicate = true> <Delay = 0.00>
ST_12 : Operation 77 [1/1] (0.00ns)   --->   "call void (...)* @_ssdm_op_SpecInterface(i16* %layer3_out_V_data_3_V, [8 x i8]* @ap_fifo_str, i32 0, i32 0, [1 x i8]* @p_str244, i32 0, i32 0, [1 x i8]* @p_str245, [1 x i8]* @p_str246, [1 x i8]* @p_str247, i32 2, i32 2, i32 16, i32 16, [1 x i8]* @p_str248, [1 x i8]* @p_str249)"   --->   Operation 77 'specinterface' <Predicate = true> <Delay = 0.00>
ST_12 : Operation 78 [1/1] (0.00ns)   --->   "%empty_48 = call i32 (...)* @_ssdm_op_SpecChannel([23 x i8]* @layer4_out_OC_V_OC_data_LF_0_NF_OC_V_str, i32 1, [1 x i8]* @p_str250, [1 x i8]* @p_str250, i32 144, i32 144, i16* %layer4_out_V_data_0_V, i16* %layer4_out_V_data_0_V)"   --->   Operation 78 'specchannel' 'empty_48' <Predicate = true> <Delay = 0.00>
ST_12 : Operation 79 [1/1] (0.00ns)   --->   "call void (...)* @_ssdm_op_SpecInterface(i16* %layer4_out_V_data_0_V, [8 x i8]* @ap_fifo_str, i32 0, i32 0, [1 x i8]* @p_str251, i32 0, i32 0, [1 x i8]* @p_str252, [1 x i8]* @p_str253, [1 x i8]* @p_str254, i32 2, i32 2, i32 16, i32 16, [1 x i8]* @p_str255, [1 x i8]* @p_str256)"   --->   Operation 79 'specinterface' <Predicate = true> <Delay = 0.00>
ST_12 : Operation 80 [1/1] (0.00ns)   --->   "%empty_49 = call i32 (...)* @_ssdm_op_SpecChannel([23 x i8]* @layer4_out_OC_V_OC_data_LF_1_NF_OC_V_str, i32 1, [1 x i8]* @p_str257, [1 x i8]* @p_str257, i32 144, i32 144, i16* %layer4_out_V_data_1_V, i16* %layer4_out_V_data_1_V)"   --->   Operation 80 'specchannel' 'empty_49' <Predicate = true> <Delay = 0.00>
ST_12 : Operation 81 [1/1] (0.00ns)   --->   "call void (...)* @_ssdm_op_SpecInterface(i16* %layer4_out_V_data_1_V, [8 x i8]* @ap_fifo_str, i32 0, i32 0, [1 x i8]* @p_str258, i32 0, i32 0, [1 x i8]* @p_str259, [1 x i8]* @p_str260, [1 x i8]* @p_str261, i32 2, i32 2, i32 16, i32 16, [1 x i8]* @p_str262, [1 x i8]* @p_str263)"   --->   Operation 81 'specinterface' <Predicate = true> <Delay = 0.00>
ST_12 : Operation 82 [1/1] (0.00ns)   --->   "%empty_50 = call i32 (...)* @_ssdm_op_SpecChannel([23 x i8]* @layer4_out_OC_V_OC_data_LF_2_NF_OC_V_str, i32 1, [1 x i8]* @p_str264, [1 x i8]* @p_str264, i32 144, i32 144, i16* %layer4_out_V_data_2_V, i16* %layer4_out_V_data_2_V)"   --->   Operation 82 'specchannel' 'empty_50' <Predicate = true> <Delay = 0.00>
ST_12 : Operation 83 [1/1] (0.00ns)   --->   "call void (...)* @_ssdm_op_SpecInterface(i16* %layer4_out_V_data_2_V, [8 x i8]* @ap_fifo_str, i32 0, i32 0, [1 x i8]* @p_str265, i32 0, i32 0, [1 x i8]* @p_str266, [1 x i8]* @p_str267, [1 x i8]* @p_str268, i32 2, i32 2, i32 16, i32 16, [1 x i8]* @p_str269, [1 x i8]* @p_str270)"   --->   Operation 83 'specinterface' <Predicate = true> <Delay = 0.00>
ST_12 : Operation 84 [1/1] (0.00ns)   --->   "%empty_51 = call i32 (...)* @_ssdm_op_SpecChannel([23 x i8]* @layer4_out_OC_V_OC_data_LF_3_NF_OC_V_str, i32 1, [1 x i8]* @p_str271, [1 x i8]* @p_str271, i32 144, i32 144, i16* %layer4_out_V_data_3_V, i16* %layer4_out_V_data_3_V)"   --->   Operation 84 'specchannel' 'empty_51' <Predicate = true> <Delay = 0.00>
ST_12 : Operation 85 [1/1] (0.00ns)   --->   "call void (...)* @_ssdm_op_SpecInterface(i16* %layer4_out_V_data_3_V, [8 x i8]* @ap_fifo_str, i32 0, i32 0, [1 x i8]* @p_str272, i32 0, i32 0, [1 x i8]* @p_str273, [1 x i8]* @p_str274, [1 x i8]* @p_str275, i32 2, i32 2, i32 16, i32 16, [1 x i8]* @p_str276, [1 x i8]* @p_str277)"   --->   Operation 85 'specinterface' <Predicate = true> <Delay = 0.00>
ST_12 : Operation 86 [1/1] (0.00ns)   --->   "%empty_52 = call i32 (...)* @_ssdm_op_SpecChannel([23 x i8]* @layer6_out_OC_V_OC_data_LF_0_NF_OC_V_str, i32 1, [1 x i8]* @p_str278, [1 x i8]* @p_str278, i32 1, i32 1, i16* %layer6_out_V_data_0_V, i16* %layer6_out_V_data_0_V)"   --->   Operation 86 'specchannel' 'empty_52' <Predicate = true> <Delay = 0.00>
ST_12 : Operation 87 [1/1] (0.00ns)   --->   "call void (...)* @_ssdm_op_SpecInterface(i16* %layer6_out_V_data_0_V, [8 x i8]* @ap_fifo_str, i32 0, i32 0, [1 x i8]* @p_str279, i32 0, i32 0, [1 x i8]* @p_str280, [1 x i8]* @p_str281, [1 x i8]* @p_str282, i32 2, i32 2, i32 16, i32 16, [1 x i8]* @p_str283, [1 x i8]* @p_str284)"   --->   Operation 87 'specinterface' <Predicate = true> <Delay = 0.00>
ST_12 : Operation 88 [1/1] (0.00ns)   --->   "%empty_53 = call i32 (...)* @_ssdm_op_SpecChannel([23 x i8]* @layer6_out_OC_V_OC_data_LF_1_NF_OC_V_str, i32 1, [1 x i8]* @p_str285, [1 x i8]* @p_str285, i32 1, i32 1, i16* %layer6_out_V_data_1_V, i16* %layer6_out_V_data_1_V)"   --->   Operation 88 'specchannel' 'empty_53' <Predicate = true> <Delay = 0.00>
ST_12 : Operation 89 [1/1] (0.00ns)   --->   "call void (...)* @_ssdm_op_SpecInterface(i16* %layer6_out_V_data_1_V, [8 x i8]* @ap_fifo_str, i32 0, i32 0, [1 x i8]* @p_str286, i32 0, i32 0, [1 x i8]* @p_str287, [1 x i8]* @p_str288, [1 x i8]* @p_str289, i32 2, i32 2, i32 16, i32 16, [1 x i8]* @p_str290, [1 x i8]* @p_str291)"   --->   Operation 89 'specinterface' <Predicate = true> <Delay = 0.00>
ST_12 : Operation 90 [1/1] (0.00ns)   --->   "%empty_54 = call i32 (...)* @_ssdm_op_SpecChannel([23 x i8]* @layer6_out_OC_V_OC_data_LF_2_NF_OC_V_str, i32 1, [1 x i8]* @p_str292, [1 x i8]* @p_str292, i32 1, i32 1, i16* %layer6_out_V_data_2_V, i16* %layer6_out_V_data_2_V)"   --->   Operation 90 'specchannel' 'empty_54' <Predicate = true> <Delay = 0.00>
ST_12 : Operation 91 [1/1] (0.00ns)   --->   "call void (...)* @_ssdm_op_SpecInterface(i16* %layer6_out_V_data_2_V, [8 x i8]* @ap_fifo_str, i32 0, i32 0, [1 x i8]* @p_str293, i32 0, i32 0, [1 x i8]* @p_str294, [1 x i8]* @p_str295, [1 x i8]* @p_str296, i32 2, i32 2, i32 16, i32 16, [1 x i8]* @p_str297, [1 x i8]* @p_str298)"   --->   Operation 91 'specinterface' <Predicate = true> <Delay = 0.00>
ST_12 : Operation 92 [1/1] (0.00ns)   --->   "%empty_55 = call i32 (...)* @_ssdm_op_SpecChannel([23 x i8]* @layer6_out_OC_V_OC_data_LF_3_NF_OC_V_str, i32 1, [1 x i8]* @p_str299, [1 x i8]* @p_str299, i32 1, i32 1, i16* %layer6_out_V_data_3_V, i16* %layer6_out_V_data_3_V)"   --->   Operation 92 'specchannel' 'empty_55' <Predicate = true> <Delay = 0.00>
ST_12 : Operation 93 [1/1] (0.00ns)   --->   "call void (...)* @_ssdm_op_SpecInterface(i16* %layer6_out_V_data_3_V, [8 x i8]* @ap_fifo_str, i32 0, i32 0, [1 x i8]* @p_str300, i32 0, i32 0, [1 x i8]* @p_str301, [1 x i8]* @p_str302, [1 x i8]* @p_str303, i32 2, i32 2, i32 16, i32 16, [1 x i8]* @p_str304, [1 x i8]* @p_str305)"   --->   Operation 93 'specinterface' <Predicate = true> <Delay = 0.00>
ST_12 : Operation 94 [1/1] (0.00ns)   --->   "%empty_56 = call i32 (...)* @_ssdm_op_SpecChannel([23 x i8]* @layer6_out_OC_V_OC_data_LF_4_NF_OC_V_str, i32 1, [1 x i8]* @p_str306, [1 x i8]* @p_str306, i32 1, i32 1, i16* %layer6_out_V_data_4_V, i16* %layer6_out_V_data_4_V)"   --->   Operation 94 'specchannel' 'empty_56' <Predicate = true> <Delay = 0.00>
ST_12 : Operation 95 [1/1] (0.00ns)   --->   "call void (...)* @_ssdm_op_SpecInterface(i16* %layer6_out_V_data_4_V, [8 x i8]* @ap_fifo_str, i32 0, i32 0, [1 x i8]* @p_str307, i32 0, i32 0, [1 x i8]* @p_str308, [1 x i8]* @p_str309, [1 x i8]* @p_str310, i32 2, i32 2, i32 16, i32 16, [1 x i8]* @p_str311, [1 x i8]* @p_str312)"   --->   Operation 95 'specinterface' <Predicate = true> <Delay = 0.00>
ST_12 : Operation 96 [1/1] (0.00ns)   --->   "%empty_57 = call i32 (...)* @_ssdm_op_SpecChannel([23 x i8]* @layer6_out_OC_V_OC_data_LF_5_NF_OC_V_str, i32 1, [1 x i8]* @p_str313, [1 x i8]* @p_str313, i32 1, i32 1, i16* %layer6_out_V_data_5_V, i16* %layer6_out_V_data_5_V)"   --->   Operation 96 'specchannel' 'empty_57' <Predicate = true> <Delay = 0.00>
ST_12 : Operation 97 [1/1] (0.00ns)   --->   "call void (...)* @_ssdm_op_SpecInterface(i16* %layer6_out_V_data_5_V, [8 x i8]* @ap_fifo_str, i32 0, i32 0, [1 x i8]* @p_str314, i32 0, i32 0, [1 x i8]* @p_str315, [1 x i8]* @p_str316, [1 x i8]* @p_str317, i32 2, i32 2, i32 16, i32 16, [1 x i8]* @p_str318, [1 x i8]* @p_str319)"   --->   Operation 97 'specinterface' <Predicate = true> <Delay = 0.00>
ST_12 : Operation 98 [1/1] (0.00ns)   --->   "%empty_58 = call i32 (...)* @_ssdm_op_SpecChannel([23 x i8]* @layer6_out_OC_V_OC_data_LF_6_NF_OC_V_str, i32 1, [1 x i8]* @p_str320, [1 x i8]* @p_str320, i32 1, i32 1, i16* %layer6_out_V_data_6_V, i16* %layer6_out_V_data_6_V)"   --->   Operation 98 'specchannel' 'empty_58' <Predicate = true> <Delay = 0.00>
ST_12 : Operation 99 [1/1] (0.00ns)   --->   "call void (...)* @_ssdm_op_SpecInterface(i16* %layer6_out_V_data_6_V, [8 x i8]* @ap_fifo_str, i32 0, i32 0, [1 x i8]* @p_str321, i32 0, i32 0, [1 x i8]* @p_str322, [1 x i8]* @p_str323, [1 x i8]* @p_str324, i32 2, i32 2, i32 16, i32 16, [1 x i8]* @p_str325, [1 x i8]* @p_str326)"   --->   Operation 99 'specinterface' <Predicate = true> <Delay = 0.00>
ST_12 : Operation 100 [1/1] (0.00ns)   --->   "%empty_59 = call i32 (...)* @_ssdm_op_SpecChannel([23 x i8]* @layer6_out_OC_V_OC_data_LF_7_NF_OC_V_str, i32 1, [1 x i8]* @p_str327, [1 x i8]* @p_str327, i32 1, i32 1, i16* %layer6_out_V_data_7_V, i16* %layer6_out_V_data_7_V)"   --->   Operation 100 'specchannel' 'empty_59' <Predicate = true> <Delay = 0.00>
ST_12 : Operation 101 [1/1] (0.00ns)   --->   "call void (...)* @_ssdm_op_SpecInterface(i16* %layer6_out_V_data_7_V, [8 x i8]* @ap_fifo_str, i32 0, i32 0, [1 x i8]* @p_str328, i32 0, i32 0, [1 x i8]* @p_str329, [1 x i8]* @p_str330, [1 x i8]* @p_str331, i32 2, i32 2, i32 16, i32 16, [1 x i8]* @p_str332, [1 x i8]* @p_str333)"   --->   Operation 101 'specinterface' <Predicate = true> <Delay = 0.00>
ST_12 : Operation 102 [1/1] (0.00ns)   --->   "%empty_60 = call i32 (...)* @_ssdm_op_SpecChannel([23 x i8]* @layer6_out_OC_V_OC_data_LF_8_NF_OC_V_str, i32 1, [1 x i8]* @p_str334, [1 x i8]* @p_str334, i32 1, i32 1, i16* %layer6_out_V_data_8_V, i16* %layer6_out_V_data_8_V)"   --->   Operation 102 'specchannel' 'empty_60' <Predicate = true> <Delay = 0.00>
ST_12 : Operation 103 [1/1] (0.00ns)   --->   "call void (...)* @_ssdm_op_SpecInterface(i16* %layer6_out_V_data_8_V, [8 x i8]* @ap_fifo_str, i32 0, i32 0, [1 x i8]* @p_str335, i32 0, i32 0, [1 x i8]* @p_str336, [1 x i8]* @p_str337, [1 x i8]* @p_str338, i32 2, i32 2, i32 16, i32 16, [1 x i8]* @p_str339, [1 x i8]* @p_str340)"   --->   Operation 103 'specinterface' <Predicate = true> <Delay = 0.00>
ST_12 : Operation 104 [1/1] (0.00ns)   --->   "%empty_61 = call i32 (...)* @_ssdm_op_SpecChannel([23 x i8]* @layer6_out_OC_V_OC_data_LF_9_NF_OC_V_str, i32 1, [1 x i8]* @p_str341, [1 x i8]* @p_str341, i32 1, i32 1, i16* %layer6_out_V_data_9_V, i16* %layer6_out_V_data_9_V)"   --->   Operation 104 'specchannel' 'empty_61' <Predicate = true> <Delay = 0.00>
ST_12 : Operation 105 [1/1] (0.00ns)   --->   "call void (...)* @_ssdm_op_SpecInterface(i16* %layer6_out_V_data_9_V, [8 x i8]* @ap_fifo_str, i32 0, i32 0, [1 x i8]* @p_str342, i32 0, i32 0, [1 x i8]* @p_str343, [1 x i8]* @p_str344, [1 x i8]* @p_str345, i32 2, i32 2, i32 16, i32 16, [1 x i8]* @p_str346, [1 x i8]* @p_str347)"   --->   Operation 105 'specinterface' <Predicate = true> <Delay = 0.00>
ST_12 : Operation 106 [1/1] (0.00ns)   --->   "%empty_62 = call i32 (...)* @_ssdm_op_SpecChannel([24 x i8]* @layer6_out_OC_V_OC_data_LF_10_NF_OC_V_str, i32 1, [1 x i8]* @p_str348, [1 x i8]* @p_str348, i32 1, i32 1, i16* %layer6_out_V_data_10_V, i16* %layer6_out_V_data_10_V)"   --->   Operation 106 'specchannel' 'empty_62' <Predicate = true> <Delay = 0.00>
ST_12 : Operation 107 [1/1] (0.00ns)   --->   "call void (...)* @_ssdm_op_SpecInterface(i16* %layer6_out_V_data_10_V, [8 x i8]* @ap_fifo_str, i32 0, i32 0, [1 x i8]* @p_str349, i32 0, i32 0, [1 x i8]* @p_str350, [1 x i8]* @p_str351, [1 x i8]* @p_str352, i32 2, i32 2, i32 16, i32 16, [1 x i8]* @p_str353, [1 x i8]* @p_str354)"   --->   Operation 107 'specinterface' <Predicate = true> <Delay = 0.00>
ST_12 : Operation 108 [1/1] (0.00ns)   --->   "%empty_63 = call i32 (...)* @_ssdm_op_SpecChannel([24 x i8]* @layer6_out_OC_V_OC_data_LF_11_NF_OC_V_str, i32 1, [1 x i8]* @p_str355, [1 x i8]* @p_str355, i32 1, i32 1, i16* %layer6_out_V_data_11_V, i16* %layer6_out_V_data_11_V)"   --->   Operation 108 'specchannel' 'empty_63' <Predicate = true> <Delay = 0.00>
ST_12 : Operation 109 [1/1] (0.00ns)   --->   "call void (...)* @_ssdm_op_SpecInterface(i16* %layer6_out_V_data_11_V, [8 x i8]* @ap_fifo_str, i32 0, i32 0, [1 x i8]* @p_str356, i32 0, i32 0, [1 x i8]* @p_str357, [1 x i8]* @p_str358, [1 x i8]* @p_str359, i32 2, i32 2, i32 16, i32 16, [1 x i8]* @p_str360, [1 x i8]* @p_str361)"   --->   Operation 109 'specinterface' <Predicate = true> <Delay = 0.00>
ST_12 : Operation 110 [1/1] (0.00ns)   --->   "call void (...)* @_ssdm_op_SpecInterface(i16* %input_layer_V_data_0_V, [5 x i8]* @p_str, i32 1, i32 1, [5 x i8]* @p_str6, i32 0, i32 0, [1 x i8]* @p_str7, [1 x i8]* @p_str7, [1 x i8]* @p_str7, i32 0, i32 0, i32 0, i32 0, [1 x i8]* @p_str7, [1 x i8]* @p_str7)"   --->   Operation 110 'specinterface' <Predicate = true> <Delay = 0.00>
ST_12 : Operation 111 [1/1] (0.00ns)   --->   "call void (...)* @_ssdm_op_SpecInterface(i16* %layer7_out_V_data_0_V, [5 x i8]* @p_str, i32 1, i32 1, [5 x i8]* @p_str6, i32 0, i32 0, [1 x i8]* @p_str7, [1 x i8]* @p_str7, [1 x i8]* @p_str7, i32 0, i32 0, i32 0, i32 0, [1 x i8]* @p_str7, [1 x i8]* @p_str7)"   --->   Operation 111 'specinterface' <Predicate = true> <Delay = 0.00>
ST_12 : Operation 112 [1/1] (0.00ns)   --->   "call void (...)* @_ssdm_op_SpecInterface(i16* %layer7_out_V_data_1_V, [5 x i8]* @p_str, i32 1, i32 1, [5 x i8]* @p_str6, i32 0, i32 0, [1 x i8]* @p_str7, [1 x i8]* @p_str7, [1 x i8]* @p_str7, i32 0, i32 0, i32 0, i32 0, [1 x i8]* @p_str7, [1 x i8]* @p_str7)"   --->   Operation 112 'specinterface' <Predicate = true> <Delay = 0.00>
ST_12 : Operation 113 [1/1] (0.00ns)   --->   "call void (...)* @_ssdm_op_SpecInterface(i16* %layer7_out_V_data_2_V, [5 x i8]* @p_str, i32 1, i32 1, [5 x i8]* @p_str6, i32 0, i32 0, [1 x i8]* @p_str7, [1 x i8]* @p_str7, [1 x i8]* @p_str7, i32 0, i32 0, i32 0, i32 0, [1 x i8]* @p_str7, [1 x i8]* @p_str7)"   --->   Operation 113 'specinterface' <Predicate = true> <Delay = 0.00>
ST_12 : Operation 114 [1/1] (0.00ns)   --->   "call void (...)* @_ssdm_op_SpecInterface(i16* %layer7_out_V_data_3_V, [5 x i8]* @p_str, i32 1, i32 1, [5 x i8]* @p_str6, i32 0, i32 0, [1 x i8]* @p_str7, [1 x i8]* @p_str7, [1 x i8]* @p_str7, i32 0, i32 0, i32 0, i32 0, [1 x i8]* @p_str7, [1 x i8]* @p_str7)"   --->   Operation 114 'specinterface' <Predicate = true> <Delay = 0.00>
ST_12 : Operation 115 [1/1] (0.00ns)   --->   "call void (...)* @_ssdm_op_SpecInterface(i16* %layer7_out_V_data_4_V, [5 x i8]* @p_str, i32 1, i32 1, [5 x i8]* @p_str6, i32 0, i32 0, [1 x i8]* @p_str7, [1 x i8]* @p_str7, [1 x i8]* @p_str7, i32 0, i32 0, i32 0, i32 0, [1 x i8]* @p_str7, [1 x i8]* @p_str7)"   --->   Operation 115 'specinterface' <Predicate = true> <Delay = 0.00>
ST_12 : Operation 116 [1/1] (0.00ns)   --->   "call void (...)* @_ssdm_op_SpecInterface(i16* %layer7_out_V_data_5_V, [5 x i8]* @p_str, i32 1, i32 1, [5 x i8]* @p_str6, i32 0, i32 0, [1 x i8]* @p_str7, [1 x i8]* @p_str7, [1 x i8]* @p_str7, i32 0, i32 0, i32 0, i32 0, [1 x i8]* @p_str7, [1 x i8]* @p_str7)"   --->   Operation 116 'specinterface' <Predicate = true> <Delay = 0.00>
ST_12 : Operation 117 [1/1] (0.00ns)   --->   "call void (...)* @_ssdm_op_SpecInterface(i16* %layer7_out_V_data_6_V, [5 x i8]* @p_str, i32 1, i32 1, [5 x i8]* @p_str6, i32 0, i32 0, [1 x i8]* @p_str7, [1 x i8]* @p_str7, [1 x i8]* @p_str7, i32 0, i32 0, i32 0, i32 0, [1 x i8]* @p_str7, [1 x i8]* @p_str7)"   --->   Operation 117 'specinterface' <Predicate = true> <Delay = 0.00>
ST_12 : Operation 118 [1/1] (0.00ns)   --->   "call void (...)* @_ssdm_op_SpecInterface(i16* %layer7_out_V_data_7_V, [5 x i8]* @p_str, i32 1, i32 1, [5 x i8]* @p_str6, i32 0, i32 0, [1 x i8]* @p_str7, [1 x i8]* @p_str7, [1 x i8]* @p_str7, i32 0, i32 0, i32 0, i32 0, [1 x i8]* @p_str7, [1 x i8]* @p_str7)"   --->   Operation 118 'specinterface' <Predicate = true> <Delay = 0.00>
ST_12 : Operation 119 [1/1] (0.00ns)   --->   "call void (...)* @_ssdm_op_SpecInterface(i16* %layer7_out_V_data_8_V, [5 x i8]* @p_str, i32 1, i32 1, [5 x i8]* @p_str6, i32 0, i32 0, [1 x i8]* @p_str7, [1 x i8]* @p_str7, [1 x i8]* @p_str7, i32 0, i32 0, i32 0, i32 0, [1 x i8]* @p_str7, [1 x i8]* @p_str7)"   --->   Operation 119 'specinterface' <Predicate = true> <Delay = 0.00>
ST_12 : Operation 120 [1/1] (0.00ns)   --->   "call void (...)* @_ssdm_op_SpecInterface(i16* %layer7_out_V_data_9_V, [5 x i8]* @p_str, i32 1, i32 1, [5 x i8]* @p_str6, i32 0, i32 0, [1 x i8]* @p_str7, [1 x i8]* @p_str7, [1 x i8]* @p_str7, i32 0, i32 0, i32 0, i32 0, [1 x i8]* @p_str7, [1 x i8]* @p_str7)"   --->   Operation 120 'specinterface' <Predicate = true> <Delay = 0.00>
ST_12 : Operation 121 [1/1] (0.00ns)   --->   "call void (...)* @_ssdm_op_SpecInterface(i16* %layer7_out_V_data_10_V, [5 x i8]* @p_str, i32 1, i32 1, [5 x i8]* @p_str6, i32 0, i32 0, [1 x i8]* @p_str7, [1 x i8]* @p_str7, [1 x i8]* @p_str7, i32 0, i32 0, i32 0, i32 0, [1 x i8]* @p_str7, [1 x i8]* @p_str7)"   --->   Operation 121 'specinterface' <Predicate = true> <Delay = 0.00>
ST_12 : Operation 122 [1/1] (0.00ns)   --->   "call void (...)* @_ssdm_op_SpecInterface(i16* %layer7_out_V_data_11_V, [5 x i8]* @p_str, i32 1, i32 1, [5 x i8]* @p_str6, i32 0, i32 0, [1 x i8]* @p_str7, [1 x i8]* @p_str7, [1 x i8]* @p_str7, i32 0, i32 0, i32 0, i32 0, [1 x i8]* @p_str7, [1 x i8]* @p_str7)"   --->   Operation 122 'specinterface' <Predicate = true> <Delay = 0.00>
ST_12 : Operation 123 [1/1] (0.00ns)   --->   "ret void" [firmware/myproject.cpp:52]   --->   Operation 123 'ret' <Predicate = true> <Delay = 0.00>


============================================================
+ Verbose Summary: Timing violations
============================================================
Target clock period: 10ns, clock uncertainty: 1.25ns.

 <State 1>: 0ns
The critical path consists of the following:

 <State 2>: 0ns
The critical path consists of the following:

 <State 3>: 0ns
The critical path consists of the following:

 <State 4>: 0ns
The critical path consists of the following:

 <State 5>: 0ns
The critical path consists of the following:

 <State 6>: 0ns
The critical path consists of the following:

 <State 7>: 0ns
The critical path consists of the following:

 <State 8>: 0ns
The critical path consists of the following:

 <State 9>: 0ns
The critical path consists of the following:

 <State 10>: 0ns
The critical path consists of the following:

 <State 11>: 0ns
The critical path consists of the following:

 <State 12>: 0ns
The critical path consists of the following:


============================================================
+ Verbose Summary: Binding
============================================================
N/A
* FSMD analyzer results:
  - Output states:
 - Input state : 
  - Chain level:
	State 1
	State 2
	State 3
	State 4
	State 5
	State 6
	State 7
	State 8
	State 9
	State 10
	State 11
	State 12


============================================================
+ Verbose Summary: Datapath Resource usage 
============================================================
N/A
