

================================================================
== Vivado HLS Report for 'conv_2d_cl_array_ap_fixed_1u_array_ap_fixed_16_6_5_3_0_4u_config2_s'
================================================================
* Date:           Thu Nov 16 17:46:18 2023

* Version:        2020.1 (Build 2897737 on Wed May 27 20:21:37 MDT 2020)
* Project:        myproject_prj
* Solution:       solution1
* Product family: zynq
* Target device:  xc7z020-clg400-1


================================================================
== Performance Estimates
================================================================
+ Timing: 
    * Summary: 
    +--------+----------+----------+------------+
    |  Clock |  Target  | Estimated| Uncertainty|
    +--------+----------+----------+------------+
    |ap_clk  | 10.00 ns | 6.380 ns |   1.25 ns  |
    +--------+----------+----------+------------+

+ Latency: 
    * Summary: 
    +---------+---------+-----------+----------+------+-------+---------+
    |  Latency (cycles) |  Latency (absolute)  |   Interval   | Pipeline|
    |   min   |   max   |    min    |    max   |  min |  max  |   Type  |
    +---------+---------+-----------+----------+------+-------+---------+
    |     4704|    14112| 47.040 us | 0.141 ms |  4704|  14112|   none  |
    +---------+---------+-----------+----------+------+-------+---------+

    + Detail: 
        * Instance: 
        N/A

        * Loop: 
        +----------------------------------+---------+---------+----------+-----------+-----------+------+----------+
        |                                  |  Latency (cycles) | Iteration|  Initiation Interval  | Trip |          |
        |             Loop Name            |   min   |   max   |  Latency |  achieved |   target  | Count| Pipelined|
        +----------------------------------+---------+---------+----------+-----------+-----------+------+----------+
        |- ReadInputHeight_ReadInputWidth  |     4703|    14111|  6 ~ 18  |          -|          -|   784|    no    |
        | + KernelShiftWidth               |        2|        2|         1|          1|          1|     2|    yes   |
        | + ReuseLoop                      |       11|       11|         4|          1|          1|     9|    yes   |
        +----------------------------------+---------+---------+----------+-----------+-----------+------+----------+

============================================================
+ Verbose Summary: Synthesis Manager
============================================================
InlineROM: 1
ExposeGlobal: 0
============================================================
+ Verbose Summary: CDFG Model
============================================================
IsTopModel: 0
ResetActiveHigh: 1
IsCombinational: 2
IsDatapathOnly: 0
HasWiredReturn: 1
HasMFsm: 0
HasVarLatency: 1
IsPipeline: 0
IsRtlPipelined: 0
IsInstanceOverlapped: 0
IsDontTouch: 0
HasImplIP: 0
IsGatedGlobalClock: 0

+ Individual pipeline summary: 
  * Pipeline-0: initiation interval (II) = 1, depth = 1
  * Pipeline-1: initiation interval (II) = 1, depth = 4


============================================================
+ Verbose Summary: Schedule
============================================================
* Number of FSM states : 9
* Pipeline : 2
  Pipeline-0 : II = 1, D = 1, States = { 3 }
  Pipeline-1 : II = 1, D = 4, States = { 5 6 7 8 }
* Dataflow Pipeline: 0

* FSM state transitions: 
1 --> 2 
2 --> 3 
3 --> 4 3 
4 --> 9 5 
5 --> 6 
6 --> 7 
7 --> 8 
8 --> 9 5 
9 --> 2 

* FSM state operations: 

State 1 <SV = 0> <Delay = 1.76>
ST_1 : Operation 10 [1/1] (0.00ns)   --->   "call void (...)* @_ssdm_op_SpecInterface(i16* %res_V_data_3_V, [8 x i8]* @ap_fifo_str, i32 0, i32 0, [1 x i8]* @p_str185, i32 0, i32 0, [1 x i8]* @p_str186, [1 x i8]* @p_str187, [1 x i8]* @p_str188, i32 2, i32 2, i32 16, i32 16, [1 x i8]* @p_str189, [1 x i8]* @p_str190)"   --->   Operation 10 'specinterface' <Predicate = true> <Delay = 0.00>
ST_1 : Operation 11 [1/1] (0.00ns)   --->   "call void (...)* @_ssdm_op_SpecInterface(i16* %res_V_data_2_V, [8 x i8]* @ap_fifo_str, i32 0, i32 0, [1 x i8]* @p_str178, i32 0, i32 0, [1 x i8]* @p_str179, [1 x i8]* @p_str180, [1 x i8]* @p_str181, i32 2, i32 2, i32 16, i32 16, [1 x i8]* @p_str182, [1 x i8]* @p_str183)"   --->   Operation 11 'specinterface' <Predicate = true> <Delay = 0.00>
ST_1 : Operation 12 [1/1] (0.00ns)   --->   "call void (...)* @_ssdm_op_SpecInterface(i16* %res_V_data_1_V, [8 x i8]* @ap_fifo_str, i32 0, i32 0, [1 x i8]* @p_str171, i32 0, i32 0, [1 x i8]* @p_str172, [1 x i8]* @p_str173, [1 x i8]* @p_str174, i32 2, i32 2, i32 16, i32 16, [1 x i8]* @p_str175, [1 x i8]* @p_str176)"   --->   Operation 12 'specinterface' <Predicate = true> <Delay = 0.00>
ST_1 : Operation 13 [1/1] (0.00ns)   --->   "call void (...)* @_ssdm_op_SpecInterface(i16* %res_V_data_0_V, [8 x i8]* @ap_fifo_str, i32 0, i32 0, [1 x i8]* @p_str164, i32 0, i32 0, [1 x i8]* @p_str165, [1 x i8]* @p_str166, [1 x i8]* @p_str167, i32 2, i32 2, i32 16, i32 16, [1 x i8]* @p_str168, [1 x i8]* @p_str169)"   --->   Operation 13 'specinterface' <Predicate = true> <Delay = 0.00>
ST_1 : Operation 14 [1/1] (0.00ns)   --->   "call void (...)* @_ssdm_op_SpecInterface(i16* %data_V_data_V, [5 x i8]* @p_str, i32 1, i32 1, [5 x i8]* @p_str9, i32 0, i32 0, [1 x i8]* @p_str10, [1 x i8]* @p_str10, [1 x i8]* @p_str10, i32 0, i32 0, i32 0, i32 0, [1 x i8]* @p_str10, [1 x i8]* @p_str10)"   --->   Operation 14 'specinterface' <Predicate = true> <Delay = 0.00>
ST_1 : Operation 15 [1/1] (1.76ns)   --->   "br label %ReadInputWidth_begin"   --->   Operation 15 'br' <Predicate = true> <Delay = 1.76>

State 2 <SV = 1> <Delay = 3.25>
ST_2 : Operation 16 [1/1] (0.00ns)   --->   "%indvar_flatten41 = phi i10 [ 0, %codeRepl ], [ %add_ln79, %ReadInputWidth_end ]" [firmware/nnet_utils/nnet_conv2d_stream.h:79->firmware/nnet_utils/nnet_conv2d_stream.h:103]   --->   Operation 16 'phi' 'indvar_flatten41' <Predicate = true> <Delay = 0.00>
ST_2 : Operation 17 [1/1] (0.00ns)   --->   "call void (...)* @_ssdm_op_SpecLoopName([31 x i8]* @ReadInputHeight_ReadInputWidth_str)"   --->   Operation 17 'specloopname' <Predicate = true> <Delay = 0.00>
ST_2 : Operation 18 [1/1] (0.00ns)   --->   "%empty_79 = call i32 (...)* @_ssdm_op_SpecLoopTripCount(i64 784, i64 784, i64 784)"   --->   Operation 18 'speclooptripcount' 'empty_79' <Predicate = true> <Delay = 0.00>
ST_2 : Operation 19 [1/1] (0.00ns)   --->   "call void (...)* @_ssdm_op_SpecLoopName([15 x i8]* @p_str29) nounwind" [firmware/nnet_utils/nnet_conv2d_stream.h:81->firmware/nnet_utils/nnet_conv2d_stream.h:103]   --->   Operation 19 'specloopname' <Predicate = true> <Delay = 0.00>
ST_2 : Operation 20 [1/1] (0.00ns)   --->   "%tmp_s = call i32 (...)* @_ssdm_op_SpecRegionBegin([15 x i8]* @p_str29)" [firmware/nnet_utils/nnet_conv2d_stream.h:81->firmware/nnet_utils/nnet_conv2d_stream.h:103]   --->   Operation 20 'specregionbegin' 'tmp_s' <Predicate = true> <Delay = 0.00>
ST_2 : Operation 21 [1/1] (0.00ns)   --->   "%tmp_data_0_V = call i16 @_ssdm_op_Read.axis.volatile.i16P(i16* %data_V_data_V)" [firmware/nnet_utils/nnet_conv2d_stream.h:87->firmware/nnet_utils/nnet_conv2d_stream.h:103]   --->   Operation 21 'read' 'tmp_data_0_V' <Predicate = true> <Delay = 0.00> <Core = "AXI4Stream">   --->   Core 5 'AXI4Stream' <Latency = 0> <II = 1> <Delay = 1.00> <Adapter> <Opcode : >
ST_2 : Operation 22 [1/1] (0.00ns)   --->   "call void (...)* @_ssdm_op_SpecLoopName([17 x i8]* @p_str33) nounwind" [firmware/nnet_utils/nnet_conv_stream.h:241->firmware/nnet_utils/nnet_conv_stream.h:286->firmware/nnet_utils/nnet_conv2d_stream.h:87->firmware/nnet_utils/nnet_conv2d_stream.h:103]   --->   Operation 22 'specloopname' <Predicate = true> <Delay = 0.00>
ST_2 : Operation 23 [1/1] (1.62ns)   --->   "%DataOut_V_8 = call i16 @"_ssdm_op_MemShiftRead.[28 x i16]P"(i16* getelementptr inbounds ([28 x i16]* @line_buffer_Array_V_0_0, i64 0, i64 27), i16 %tmp_data_0_V, i1 true)" [firmware/nnet_utils/nnet_conv_stream.h:246->firmware/nnet_utils/nnet_conv_stream.h:286->firmware/nnet_utils/nnet_conv2d_stream.h:87->firmware/nnet_utils/nnet_conv2d_stream.h:103]   --->   Operation 23 'memshiftread' 'DataOut_V_8' <Predicate = true> <Delay = 1.62> <Core = "ShiftReg">   --->   Core 33 'ShiftReg' <Latency = 0> <II = 1> <Delay = 1.62> <Storage> <Opcode : 'memshiftread' 'load'> <Ports = 1> <Width = 16> <Depth = 28> <ShiftMem>
ST_2 : Operation 24 [1/1] (1.62ns)   --->   "%DataOut_V = call i16 @"_ssdm_op_MemShiftRead.[28 x i16]P"(i16* getelementptr inbounds ([28 x i16]* @line_buffer_Array_V_1142_0, i64 0, i64 27), i16 %DataOut_V_8, i1 true)" [firmware/nnet_utils/nnet_conv_stream.h:246->firmware/nnet_utils/nnet_conv_stream.h:286->firmware/nnet_utils/nnet_conv2d_stream.h:87->firmware/nnet_utils/nnet_conv2d_stream.h:103]   --->   Operation 24 'memshiftread' 'DataOut_V' <Predicate = true> <Delay = 1.62> <Core = "ShiftReg">   --->   Core 33 'ShiftReg' <Latency = 0> <II = 1> <Delay = 1.62> <Storage> <Opcode : 'memshiftread' 'load'> <Ports = 1> <Width = 16> <Depth = 28> <ShiftMem>
ST_2 : Operation 25 [1/1] (0.00ns)   --->   "%kernel_data_V_2144_load = load i16* @kernel_data_V_2144, align 2" [firmware/nnet_utils/nnet_conv_stream.h:201->firmware/nnet_utils/nnet_conv_stream.h:252->firmware/nnet_utils/nnet_conv_stream.h:286->firmware/nnet_utils/nnet_conv2d_stream.h:87->firmware/nnet_utils/nnet_conv2d_stream.h:103]   --->   Operation 25 'load' 'kernel_data_V_2144_load' <Predicate = true> <Delay = 0.00>
ST_2 : Operation 26 [1/1] (0.00ns)   --->   "%kernel_data_V_5_load = load i16* @kernel_data_V_5, align 2" [firmware/nnet_utils/nnet_conv_stream.h:201->firmware/nnet_utils/nnet_conv_stream.h:252->firmware/nnet_utils/nnet_conv_stream.h:286->firmware/nnet_utils/nnet_conv2d_stream.h:87->firmware/nnet_utils/nnet_conv2d_stream.h:103]   --->   Operation 26 'load' 'kernel_data_V_5_load' <Predicate = true> <Delay = 0.00>
ST_2 : Operation 27 [1/1] (0.00ns)   --->   "%kernel_data_V_8_load = load i16* @kernel_data_V_8, align 2" [firmware/nnet_utils/nnet_conv_stream.h:201->firmware/nnet_utils/nnet_conv_stream.h:252->firmware/nnet_utils/nnet_conv_stream.h:286->firmware/nnet_utils/nnet_conv2d_stream.h:87->firmware/nnet_utils/nnet_conv2d_stream.h:103]   --->   Operation 27 'load' 'kernel_data_V_8_load' <Predicate = true> <Delay = 0.00>
ST_2 : Operation 28 [1/1] (1.73ns)   --->   "%add_ln79 = add i10 %indvar_flatten41, 1" [firmware/nnet_utils/nnet_conv2d_stream.h:79->firmware/nnet_utils/nnet_conv2d_stream.h:103]   --->   Operation 28 'add' 'add_ln79' <Predicate = true> <Delay = 1.73> <Core = "AddSub">   --->   Core 14 'AddSub' <Latency = 0> <II = 1> <Delay = 2.55> <FuncUnit> <Opcode : 'add' 'sub'> <InPorts = 2> <OutPorts = 1>
ST_2 : Operation 29 [1/1] (1.76ns)   --->   "br label %0" [firmware/nnet_utils/nnet_conv_stream.h:194->firmware/nnet_utils/nnet_conv_stream.h:252->firmware/nnet_utils/nnet_conv_stream.h:286->firmware/nnet_utils/nnet_conv2d_stream.h:87->firmware/nnet_utils/nnet_conv2d_stream.h:103]   --->   Operation 29 'br' <Predicate = true> <Delay = 1.76>

State 3 <SV = 2> <Delay = 1.56>
ST_3 : Operation 30 [1/1] (0.00ns)   --->   "%i_iw_0_i_i_i_i = phi i2 [ 0, %ReadInputWidth_begin ], [ %i_iw, %KernelShiftWidth_end ]"   --->   Operation 30 'phi' 'i_iw_0_i_i_i_i' <Predicate = true> <Delay = 0.00>
ST_3 : Operation 31 [1/1] (0.95ns)   --->   "%icmp_ln194 = icmp eq i2 %i_iw_0_i_i_i_i, -2" [firmware/nnet_utils/nnet_conv_stream.h:194->firmware/nnet_utils/nnet_conv_stream.h:252->firmware/nnet_utils/nnet_conv_stream.h:286->firmware/nnet_utils/nnet_conv2d_stream.h:87->firmware/nnet_utils/nnet_conv2d_stream.h:103]   --->   Operation 31 'icmp' 'icmp_ln194' <Predicate = true> <Delay = 0.95> <Core = "Cmp">   --->   Core 25 'Cmp' <Latency = 0> <II = 1> <Delay = 1.77> <FuncUnit> <Opcode : 'icmp'> <InPorts = 2> <OutPorts = 1>
ST_3 : Operation 32 [1/1] (0.00ns)   --->   "%empty = call i32 (...)* @_ssdm_op_SpecLoopTripCount(i64 2, i64 2, i64 2)"   --->   Operation 32 'speclooptripcount' 'empty' <Predicate = true> <Delay = 0.00>
ST_3 : Operation 33 [1/1] (1.56ns)   --->   "%i_iw = add i2 %i_iw_0_i_i_i_i, 1" [firmware/nnet_utils/nnet_conv_stream.h:201->firmware/nnet_utils/nnet_conv_stream.h:252->firmware/nnet_utils/nnet_conv_stream.h:286->firmware/nnet_utils/nnet_conv2d_stream.h:87->firmware/nnet_utils/nnet_conv2d_stream.h:103]   --->   Operation 33 'add' 'i_iw' <Predicate = true> <Delay = 1.56> <Core = "AddSub">   --->   Core 14 'AddSub' <Latency = 0> <II = 1> <Delay = 2.55> <FuncUnit> <Opcode : 'add' 'sub'> <InPorts = 2> <OutPorts = 1>
ST_3 : Operation 34 [1/1] (0.00ns)   --->   "br i1 %icmp_ln194, label %.critedge4.i.i.i.i.0, label %KernelShiftWidth_begin" [firmware/nnet_utils/nnet_conv_stream.h:194->firmware/nnet_utils/nnet_conv_stream.h:252->firmware/nnet_utils/nnet_conv_stream.h:286->firmware/nnet_utils/nnet_conv2d_stream.h:87->firmware/nnet_utils/nnet_conv2d_stream.h:103]   --->   Operation 34 'br' <Predicate = true> <Delay = 0.00>
ST_3 : Operation 35 [1/1] (0.00ns)   --->   "call void (...)* @_ssdm_op_SpecLoopName([17 x i8]* @p_str35) nounwind" [firmware/nnet_utils/nnet_conv_stream.h:194->firmware/nnet_utils/nnet_conv_stream.h:252->firmware/nnet_utils/nnet_conv_stream.h:286->firmware/nnet_utils/nnet_conv2d_stream.h:87->firmware/nnet_utils/nnet_conv2d_stream.h:103]   --->   Operation 35 'specloopname' <Predicate = (!icmp_ln194)> <Delay = 0.00>
ST_3 : Operation 36 [1/1] (0.00ns)   --->   "%tmp_79 = call i32 (...)* @_ssdm_op_SpecRegionBegin([17 x i8]* @p_str35)" [firmware/nnet_utils/nnet_conv_stream.h:194->firmware/nnet_utils/nnet_conv_stream.h:252->firmware/nnet_utils/nnet_conv_stream.h:286->firmware/nnet_utils/nnet_conv2d_stream.h:87->firmware/nnet_utils/nnet_conv2d_stream.h:103]   --->   Operation 36 'specregionbegin' 'tmp_79' <Predicate = (!icmp_ln194)> <Delay = 0.00>
ST_3 : Operation 37 [1/1] (0.00ns)   --->   "call void (...)* @_ssdm_op_SpecPipeline(i32 1, i32 1, i32 1, i32 0, [1 x i8]* @p_str10) nounwind" [firmware/nnet_utils/nnet_conv_stream.h:195->firmware/nnet_utils/nnet_conv_stream.h:252->firmware/nnet_utils/nnet_conv_stream.h:286->firmware/nnet_utils/nnet_conv2d_stream.h:87->firmware/nnet_utils/nnet_conv2d_stream.h:103]   --->   Operation 37 'specpipeline' <Predicate = (!icmp_ln194)> <Delay = 0.00>
ST_3 : Operation 38 [1/1] (0.00ns)   --->   "%trunc_ln201 = trunc i2 %i_iw_0_i_i_i_i to i1" [firmware/nnet_utils/nnet_conv_stream.h:201->firmware/nnet_utils/nnet_conv_stream.h:252->firmware/nnet_utils/nnet_conv_stream.h:286->firmware/nnet_utils/nnet_conv2d_stream.h:87->firmware/nnet_utils/nnet_conv2d_stream.h:103]   --->   Operation 38 'trunc' 'trunc_ln201' <Predicate = (!icmp_ln194)> <Delay = 0.00>
ST_3 : Operation 39 [1/1] (0.00ns)   --->   "%kernel_data_V_1143_load = load i16* @kernel_data_V_1143, align 2" [firmware/nnet_utils/nnet_conv_stream.h:201->firmware/nnet_utils/nnet_conv_stream.h:252->firmware/nnet_utils/nnet_conv_stream.h:286->firmware/nnet_utils/nnet_conv2d_stream.h:87->firmware/nnet_utils/nnet_conv2d_stream.h:103]   --->   Operation 39 'load' 'kernel_data_V_1143_load' <Predicate = (!icmp_ln194)> <Delay = 0.00>
ST_3 : Operation 40 [1/1] (0.80ns)   --->   "%select_ln203 = select i1 %trunc_ln201, i16 %kernel_data_V_2144_load, i16 %kernel_data_V_1143_load" [firmware/nnet_utils/nnet_conv_stream.h:201->firmware/nnet_utils/nnet_conv_stream.h:252->firmware/nnet_utils/nnet_conv_stream.h:286->firmware/nnet_utils/nnet_conv2d_stream.h:87->firmware/nnet_utils/nnet_conv2d_stream.h:103]   --->   Operation 40 'select' 'select_ln203' <Predicate = (!icmp_ln194)> <Delay = 0.80> <Core = "Sel">   --->   Core 26 'Sel' <Latency = 0> <II = 1> <Delay = 0.69> <FuncUnit> <Opcode : 'select'> <InPorts = 3> <OutPorts = 1>
ST_3 : Operation 41 [1/1] (0.00ns)   --->   "br i1 %trunc_ln201, label %branch37, label %branch36" [firmware/nnet_utils/nnet_conv_stream.h:201->firmware/nnet_utils/nnet_conv_stream.h:252->firmware/nnet_utils/nnet_conv_stream.h:286->firmware/nnet_utils/nnet_conv2d_stream.h:87->firmware/nnet_utils/nnet_conv2d_stream.h:103]   --->   Operation 41 'br' <Predicate = (!icmp_ln194)> <Delay = 0.00>
ST_3 : Operation 42 [1/1] (0.00ns)   --->   "store i16 %select_ln203, i16* @kernel_data_V_0, align 2" [firmware/nnet_utils/nnet_conv_stream.h:201->firmware/nnet_utils/nnet_conv_stream.h:252->firmware/nnet_utils/nnet_conv_stream.h:286->firmware/nnet_utils/nnet_conv2d_stream.h:87->firmware/nnet_utils/nnet_conv2d_stream.h:103]   --->   Operation 42 'store' <Predicate = (!icmp_ln194 & !trunc_ln201)> <Delay = 0.00>
ST_3 : Operation 43 [1/1] (0.00ns)   --->   "br label %.critedge.i.i.i.i.0129" [firmware/nnet_utils/nnet_conv_stream.h:201->firmware/nnet_utils/nnet_conv_stream.h:252->firmware/nnet_utils/nnet_conv_stream.h:286->firmware/nnet_utils/nnet_conv2d_stream.h:87->firmware/nnet_utils/nnet_conv2d_stream.h:103]   --->   Operation 43 'br' <Predicate = (!icmp_ln194 & !trunc_ln201)> <Delay = 0.00>
ST_3 : Operation 44 [1/1] (0.00ns)   --->   "store i16 %select_ln203, i16* @kernel_data_V_1143, align 2" [firmware/nnet_utils/nnet_conv_stream.h:201->firmware/nnet_utils/nnet_conv_stream.h:252->firmware/nnet_utils/nnet_conv_stream.h:286->firmware/nnet_utils/nnet_conv2d_stream.h:87->firmware/nnet_utils/nnet_conv2d_stream.h:103]   --->   Operation 44 'store' <Predicate = (!icmp_ln194 & trunc_ln201)> <Delay = 0.00>
ST_3 : Operation 45 [1/1] (0.00ns)   --->   "br label %.critedge.i.i.i.i.0129" [firmware/nnet_utils/nnet_conv_stream.h:201->firmware/nnet_utils/nnet_conv_stream.h:252->firmware/nnet_utils/nnet_conv_stream.h:286->firmware/nnet_utils/nnet_conv2d_stream.h:87->firmware/nnet_utils/nnet_conv2d_stream.h:103]   --->   Operation 45 'br' <Predicate = (!icmp_ln194 & trunc_ln201)> <Delay = 0.00>
ST_3 : Operation 46 [1/1] (0.00ns)   --->   "%kernel_data_V_4_load = load i16* @kernel_data_V_4, align 2" [firmware/nnet_utils/nnet_conv_stream.h:201->firmware/nnet_utils/nnet_conv_stream.h:252->firmware/nnet_utils/nnet_conv_stream.h:286->firmware/nnet_utils/nnet_conv2d_stream.h:87->firmware/nnet_utils/nnet_conv2d_stream.h:103]   --->   Operation 46 'load' 'kernel_data_V_4_load' <Predicate = (!icmp_ln194)> <Delay = 0.00>
ST_3 : Operation 47 [1/1] (0.80ns)   --->   "%select_ln203_12 = select i1 %trunc_ln201, i16 %kernel_data_V_5_load, i16 %kernel_data_V_4_load" [firmware/nnet_utils/nnet_conv_stream.h:201->firmware/nnet_utils/nnet_conv_stream.h:252->firmware/nnet_utils/nnet_conv_stream.h:286->firmware/nnet_utils/nnet_conv2d_stream.h:87->firmware/nnet_utils/nnet_conv2d_stream.h:103]   --->   Operation 47 'select' 'select_ln203_12' <Predicate = (!icmp_ln194)> <Delay = 0.80> <Core = "Sel">   --->   Core 26 'Sel' <Latency = 0> <II = 1> <Delay = 0.69> <FuncUnit> <Opcode : 'select'> <InPorts = 3> <OutPorts = 1>
ST_3 : Operation 48 [1/1] (0.00ns)   --->   "br i1 %trunc_ln201, label %branch22, label %branch21" [firmware/nnet_utils/nnet_conv_stream.h:201->firmware/nnet_utils/nnet_conv_stream.h:252->firmware/nnet_utils/nnet_conv_stream.h:286->firmware/nnet_utils/nnet_conv2d_stream.h:87->firmware/nnet_utils/nnet_conv2d_stream.h:103]   --->   Operation 48 'br' <Predicate = (!icmp_ln194)> <Delay = 0.00>
ST_3 : Operation 49 [1/1] (0.00ns)   --->   "store i16 %select_ln203_12, i16* @kernel_data_V_3145, align 2" [firmware/nnet_utils/nnet_conv_stream.h:201->firmware/nnet_utils/nnet_conv_stream.h:252->firmware/nnet_utils/nnet_conv_stream.h:286->firmware/nnet_utils/nnet_conv2d_stream.h:87->firmware/nnet_utils/nnet_conv2d_stream.h:103]   --->   Operation 49 'store' <Predicate = (!icmp_ln194 & !trunc_ln201)> <Delay = 0.00>
ST_3 : Operation 50 [1/1] (0.00ns)   --->   "br label %.critedge.i.i.i.i.0100" [firmware/nnet_utils/nnet_conv_stream.h:201->firmware/nnet_utils/nnet_conv_stream.h:252->firmware/nnet_utils/nnet_conv_stream.h:286->firmware/nnet_utils/nnet_conv2d_stream.h:87->firmware/nnet_utils/nnet_conv2d_stream.h:103]   --->   Operation 50 'br' <Predicate = (!icmp_ln194 & !trunc_ln201)> <Delay = 0.00>
ST_3 : Operation 51 [1/1] (0.00ns)   --->   "store i16 %select_ln203_12, i16* @kernel_data_V_4, align 2" [firmware/nnet_utils/nnet_conv_stream.h:201->firmware/nnet_utils/nnet_conv_stream.h:252->firmware/nnet_utils/nnet_conv_stream.h:286->firmware/nnet_utils/nnet_conv2d_stream.h:87->firmware/nnet_utils/nnet_conv2d_stream.h:103]   --->   Operation 51 'store' <Predicate = (!icmp_ln194 & trunc_ln201)> <Delay = 0.00>
ST_3 : Operation 52 [1/1] (0.00ns)   --->   "br label %.critedge.i.i.i.i.0100" [firmware/nnet_utils/nnet_conv_stream.h:201->firmware/nnet_utils/nnet_conv_stream.h:252->firmware/nnet_utils/nnet_conv_stream.h:286->firmware/nnet_utils/nnet_conv2d_stream.h:87->firmware/nnet_utils/nnet_conv2d_stream.h:103]   --->   Operation 52 'br' <Predicate = (!icmp_ln194 & trunc_ln201)> <Delay = 0.00>
ST_3 : Operation 53 [1/1] (0.00ns)   --->   "%kernel_data_V_7_load = load i16* @kernel_data_V_7, align 2" [firmware/nnet_utils/nnet_conv_stream.h:201->firmware/nnet_utils/nnet_conv_stream.h:252->firmware/nnet_utils/nnet_conv_stream.h:286->firmware/nnet_utils/nnet_conv2d_stream.h:87->firmware/nnet_utils/nnet_conv2d_stream.h:103]   --->   Operation 53 'load' 'kernel_data_V_7_load' <Predicate = (!icmp_ln194)> <Delay = 0.00>
ST_3 : Operation 54 [1/1] (0.80ns)   --->   "%select_ln203_13 = select i1 %trunc_ln201, i16 %kernel_data_V_8_load, i16 %kernel_data_V_7_load" [firmware/nnet_utils/nnet_conv_stream.h:201->firmware/nnet_utils/nnet_conv_stream.h:252->firmware/nnet_utils/nnet_conv_stream.h:286->firmware/nnet_utils/nnet_conv2d_stream.h:87->firmware/nnet_utils/nnet_conv2d_stream.h:103]   --->   Operation 54 'select' 'select_ln203_13' <Predicate = (!icmp_ln194)> <Delay = 0.80> <Core = "Sel">   --->   Core 26 'Sel' <Latency = 0> <II = 1> <Delay = 0.69> <FuncUnit> <Opcode : 'select'> <InPorts = 3> <OutPorts = 1>
ST_3 : Operation 55 [1/1] (0.00ns)   --->   "br i1 %trunc_ln201, label %branch7, label %branch6" [firmware/nnet_utils/nnet_conv_stream.h:201->firmware/nnet_utils/nnet_conv_stream.h:252->firmware/nnet_utils/nnet_conv_stream.h:286->firmware/nnet_utils/nnet_conv2d_stream.h:87->firmware/nnet_utils/nnet_conv2d_stream.h:103]   --->   Operation 55 'br' <Predicate = (!icmp_ln194)> <Delay = 0.00>
ST_3 : Operation 56 [1/1] (0.00ns)   --->   "store i16 %select_ln203_13, i16* @kernel_data_V_6, align 2" [firmware/nnet_utils/nnet_conv_stream.h:201->firmware/nnet_utils/nnet_conv_stream.h:252->firmware/nnet_utils/nnet_conv_stream.h:286->firmware/nnet_utils/nnet_conv2d_stream.h:87->firmware/nnet_utils/nnet_conv2d_stream.h:103]   --->   Operation 56 'store' <Predicate = (!icmp_ln194 & !trunc_ln201)> <Delay = 0.00>
ST_3 : Operation 57 [1/1] (0.00ns)   --->   "br label %KernelShiftWidth_end" [firmware/nnet_utils/nnet_conv_stream.h:201->firmware/nnet_utils/nnet_conv_stream.h:252->firmware/nnet_utils/nnet_conv_stream.h:286->firmware/nnet_utils/nnet_conv2d_stream.h:87->firmware/nnet_utils/nnet_conv2d_stream.h:103]   --->   Operation 57 'br' <Predicate = (!icmp_ln194 & !trunc_ln201)> <Delay = 0.00>
ST_3 : Operation 58 [1/1] (0.00ns)   --->   "store i16 %select_ln203_13, i16* @kernel_data_V_7, align 2" [firmware/nnet_utils/nnet_conv_stream.h:201->firmware/nnet_utils/nnet_conv_stream.h:252->firmware/nnet_utils/nnet_conv_stream.h:286->firmware/nnet_utils/nnet_conv2d_stream.h:87->firmware/nnet_utils/nnet_conv2d_stream.h:103]   --->   Operation 58 'store' <Predicate = (!icmp_ln194 & trunc_ln201)> <Delay = 0.00>
ST_3 : Operation 59 [1/1] (0.00ns)   --->   "br label %KernelShiftWidth_end" [firmware/nnet_utils/nnet_conv_stream.h:201->firmware/nnet_utils/nnet_conv_stream.h:252->firmware/nnet_utils/nnet_conv_stream.h:286->firmware/nnet_utils/nnet_conv2d_stream.h:87->firmware/nnet_utils/nnet_conv2d_stream.h:103]   --->   Operation 59 'br' <Predicate = (!icmp_ln194 & trunc_ln201)> <Delay = 0.00>
ST_3 : Operation 60 [1/1] (0.00ns)   --->   "%empty_74 = call i32 (...)* @_ssdm_op_SpecRegionEnd([17 x i8]* @p_str35, i32 %tmp_79)" [firmware/nnet_utils/nnet_conv_stream.h:205->firmware/nnet_utils/nnet_conv_stream.h:252->firmware/nnet_utils/nnet_conv_stream.h:286->firmware/nnet_utils/nnet_conv2d_stream.h:87->firmware/nnet_utils/nnet_conv2d_stream.h:103]   --->   Operation 60 'specregionend' 'empty_74' <Predicate = (!icmp_ln194)> <Delay = 0.00>
ST_3 : Operation 61 [1/1] (0.00ns)   --->   "br label %0" [firmware/nnet_utils/nnet_conv_stream.h:194->firmware/nnet_utils/nnet_conv_stream.h:252->firmware/nnet_utils/nnet_conv_stream.h:286->firmware/nnet_utils/nnet_conv2d_stream.h:87->firmware/nnet_utils/nnet_conv2d_stream.h:103]   --->   Operation 61 'br' <Predicate = (!icmp_ln194)> <Delay = 0.00>

State 4 <SV = 3> <Delay = 4.42>
ST_4 : Operation 62 [1/1] (0.00ns)   --->   "store i16 %DataOut_V, i16* @kernel_data_V_2144, align 4" [firmware/nnet_utils/nnet_conv_stream.h:214->firmware/nnet_utils/nnet_conv_stream.h:252->firmware/nnet_utils/nnet_conv_stream.h:286->firmware/nnet_utils/nnet_conv2d_stream.h:87->firmware/nnet_utils/nnet_conv2d_stream.h:103]   --->   Operation 62 'store' <Predicate = true> <Delay = 0.00>
ST_4 : Operation 63 [1/1] (0.00ns)   --->   "store i16 %DataOut_V_8, i16* @kernel_data_V_5, align 2" [firmware/nnet_utils/nnet_conv_stream.h:214->firmware/nnet_utils/nnet_conv_stream.h:252->firmware/nnet_utils/nnet_conv_stream.h:286->firmware/nnet_utils/nnet_conv2d_stream.h:87->firmware/nnet_utils/nnet_conv2d_stream.h:103]   --->   Operation 63 'store' <Predicate = true> <Delay = 0.00>
ST_4 : Operation 64 [1/1] (0.00ns)   --->   "store i16 %tmp_data_0_V, i16* @kernel_data_V_8, align 16" [firmware/nnet_utils/nnet_conv_stream.h:214->firmware/nnet_utils/nnet_conv_stream.h:252->firmware/nnet_utils/nnet_conv_stream.h:286->firmware/nnet_utils/nnet_conv2d_stream.h:87->firmware/nnet_utils/nnet_conv2d_stream.h:103]   --->   Operation 64 'store' <Predicate = true> <Delay = 0.00>
ST_4 : Operation 65 [1/1] (0.00ns)   --->   "%sX_3_load = load i32* @sX_3, align 4" [firmware/nnet_utils/nnet_conv_stream.h:289->firmware/nnet_utils/nnet_conv2d_stream.h:87->firmware/nnet_utils/nnet_conv2d_stream.h:103]   --->   Operation 65 'load' 'sX_3_load' <Predicate = true> <Delay = 0.00>
ST_4 : Operation 66 [1/1] (2.47ns)   --->   "%icmp_ln289 = icmp eq i32 %sX_3_load, 2" [firmware/nnet_utils/nnet_conv_stream.h:289->firmware/nnet_utils/nnet_conv2d_stream.h:87->firmware/nnet_utils/nnet_conv2d_stream.h:103]   --->   Operation 66 'icmp' 'icmp_ln289' <Predicate = true> <Delay = 2.47> <Core = "Cmp">   --->   Core 25 'Cmp' <Latency = 0> <II = 1> <Delay = 1.77> <FuncUnit> <Opcode : 'icmp'> <InPorts = 2> <OutPorts = 1>
ST_4 : Operation 67 [1/1] (0.00ns)   --->   "%sY_3_load = load i32* @sY_3, align 4" [firmware/nnet_utils/nnet_conv_stream.h:289->firmware/nnet_utils/nnet_conv2d_stream.h:87->firmware/nnet_utils/nnet_conv2d_stream.h:103]   --->   Operation 67 'load' 'sY_3_load' <Predicate = true> <Delay = 0.00>
ST_4 : Operation 68 [1/1] (2.47ns)   --->   "%icmp_ln289_4 = icmp eq i32 %sY_3_load, 2" [firmware/nnet_utils/nnet_conv_stream.h:289->firmware/nnet_utils/nnet_conv2d_stream.h:87->firmware/nnet_utils/nnet_conv2d_stream.h:103]   --->   Operation 68 'icmp' 'icmp_ln289_4' <Predicate = true> <Delay = 2.47> <Core = "Cmp">   --->   Core 25 'Cmp' <Latency = 0> <II = 1> <Delay = 1.77> <FuncUnit> <Opcode : 'icmp'> <InPorts = 2> <OutPorts = 1>
ST_4 : Operation 69 [1/1] (0.00ns)   --->   "%pY_3_load = load i32* @pY_3, align 4" [firmware/nnet_utils/nnet_conv_stream.h:289->firmware/nnet_utils/nnet_conv2d_stream.h:87->firmware/nnet_utils/nnet_conv2d_stream.h:103]   --->   Operation 69 'load' 'pY_3_load' <Predicate = true> <Delay = 0.00>
ST_4 : Operation 70 [1/1] (0.00ns)   --->   "%tmp = call i31 @_ssdm_op_PartSelect.i31.i32.i32.i32(i32 %pY_3_load, i32 1, i32 31)" [firmware/nnet_utils/nnet_conv_stream.h:289->firmware/nnet_utils/nnet_conv2d_stream.h:87->firmware/nnet_utils/nnet_conv2d_stream.h:103]   --->   Operation 70 'partselect' 'tmp' <Predicate = true> <Delay = 0.00>
ST_4 : Operation 71 [1/1] (2.47ns)   --->   "%icmp_ln289_5 = icmp sgt i31 %tmp, 0" [firmware/nnet_utils/nnet_conv_stream.h:289->firmware/nnet_utils/nnet_conv2d_stream.h:87->firmware/nnet_utils/nnet_conv2d_stream.h:103]   --->   Operation 71 'icmp' 'icmp_ln289_5' <Predicate = true> <Delay = 2.47> <Core = "Cmp">   --->   Core 25 'Cmp' <Latency = 0> <II = 1> <Delay = 1.77> <FuncUnit> <Opcode : 'icmp'> <InPorts = 2> <OutPorts = 1>
ST_4 : Operation 72 [1/1] (0.00ns)   --->   "%pX_3_load = load i32* @pX_3, align 4" [firmware/nnet_utils/nnet_conv_stream.h:289->firmware/nnet_utils/nnet_conv2d_stream.h:87->firmware/nnet_utils/nnet_conv2d_stream.h:103]   --->   Operation 72 'load' 'pX_3_load' <Predicate = true> <Delay = 0.00>
ST_4 : Operation 73 [1/1] (0.00ns)   --->   "%tmp_2 = call i31 @_ssdm_op_PartSelect.i31.i32.i32.i32(i32 %pX_3_load, i32 1, i32 31)" [firmware/nnet_utils/nnet_conv_stream.h:289->firmware/nnet_utils/nnet_conv2d_stream.h:87->firmware/nnet_utils/nnet_conv2d_stream.h:103]   --->   Operation 73 'partselect' 'tmp_2' <Predicate = true> <Delay = 0.00>
ST_4 : Operation 74 [1/1] (2.47ns)   --->   "%icmp_ln289_6 = icmp sgt i31 %tmp_2, 0" [firmware/nnet_utils/nnet_conv_stream.h:289->firmware/nnet_utils/nnet_conv2d_stream.h:87->firmware/nnet_utils/nnet_conv2d_stream.h:103]   --->   Operation 74 'icmp' 'icmp_ln289_6' <Predicate = true> <Delay = 2.47> <Core = "Cmp">   --->   Core 25 'Cmp' <Latency = 0> <II = 1> <Delay = 1.77> <FuncUnit> <Opcode : 'icmp'> <InPorts = 2> <OutPorts = 1>
ST_4 : Operation 75 [1/1] (0.00ns) (grouped into LUT with out node and_ln289_4)   --->   "%and_ln289 = and i1 %icmp_ln289, %icmp_ln289_4" [firmware/nnet_utils/nnet_conv_stream.h:289->firmware/nnet_utils/nnet_conv2d_stream.h:87->firmware/nnet_utils/nnet_conv2d_stream.h:103]   --->   Operation 75 'and' 'and_ln289' <Predicate = true> <Delay = 0.00> <Core = "LogicGate">   --->   Core 27 'LogicGate' <Latency = 0> <II = 1> <Delay = 0.97> <FuncUnit> <Opcode : 'and' 'or' 'xor'> <InPorts = 2> <OutPorts = 1>
ST_4 : Operation 76 [1/1] (0.00ns) (grouped into LUT with out node and_ln289_4)   --->   "%and_ln289_3 = and i1 %icmp_ln289_5, %icmp_ln289_6" [firmware/nnet_utils/nnet_conv_stream.h:289->firmware/nnet_utils/nnet_conv2d_stream.h:87->firmware/nnet_utils/nnet_conv2d_stream.h:103]   --->   Operation 76 'and' 'and_ln289_3' <Predicate = true> <Delay = 0.00> <Core = "LogicGate">   --->   Core 27 'LogicGate' <Latency = 0> <II = 1> <Delay = 0.97> <FuncUnit> <Opcode : 'and' 'or' 'xor'> <InPorts = 2> <OutPorts = 1>
ST_4 : Operation 77 [1/1] (0.97ns) (out node of the LUT)   --->   "%and_ln289_4 = and i1 %and_ln289_3, %and_ln289" [firmware/nnet_utils/nnet_conv_stream.h:289->firmware/nnet_utils/nnet_conv2d_stream.h:87->firmware/nnet_utils/nnet_conv2d_stream.h:103]   --->   Operation 77 'and' 'and_ln289_4' <Predicate = true> <Delay = 0.97> <Core = "LogicGate">   --->   Core 27 'LogicGate' <Latency = 0> <II = 1> <Delay = 0.97> <FuncUnit> <Opcode : 'and' 'or' 'xor'> <InPorts = 2> <OutPorts = 1>
ST_4 : Operation 78 [1/1] (0.00ns)   --->   "br i1 %and_ln289_4, label %hls_label_1_begin, label %._crit_edge22.i.i" [firmware/nnet_utils/nnet_conv_stream.h:289->firmware/nnet_utils/nnet_conv2d_stream.h:87->firmware/nnet_utils/nnet_conv2d_stream.h:103]   --->   Operation 78 'br' <Predicate = true> <Delay = 0.00>
ST_4 : Operation 79 [1/1] (0.00ns)   --->   "%tmp_80 = call i32 (...)* @_ssdm_op_SpecRegionBegin([12 x i8]* @p_str44)" [firmware/nnet_utils/nnet_conv_stream.h:289->firmware/nnet_utils/nnet_conv2d_stream.h:87->firmware/nnet_utils/nnet_conv2d_stream.h:103]   --->   Operation 79 'specregionbegin' 'tmp_80' <Predicate = (and_ln289_4)> <Delay = 0.00>
ST_4 : Operation 80 [1/1] (1.76ns)   --->   "br label %ReuseLoop" [firmware/nnet_utils/nnet_dense_resource.h:43->firmware/nnet_utils/nnet_dense_resource.h:253->firmware/nnet_utils/nnet_conv_stream.h:297->firmware/nnet_utils/nnet_conv2d_stream.h:87->firmware/nnet_utils/nnet_conv2d_stream.h:103]   --->   Operation 80 'br' <Predicate = (and_ln289_4)> <Delay = 1.76>

State 5 <SV = 4> <Delay = 3.25>
ST_5 : Operation 81 [1/1] (0.00ns)   --->   "%w_index40 = phi i4 [ 0, %hls_label_1_begin ], [ %w_index, %ReuseLoop ]"   --->   Operation 81 'phi' 'w_index40' <Predicate = true> <Delay = 0.00>
ST_5 : Operation 82 [1/1] (0.00ns)   --->   "%zext_ln56 = zext i4 %w_index40 to i64" [firmware/nnet_utils/nnet_dense_resource.h:56->firmware/nnet_utils/nnet_dense_resource.h:253->firmware/nnet_utils/nnet_conv_stream.h:297->firmware/nnet_utils/nnet_conv2d_stream.h:87->firmware/nnet_utils/nnet_conv2d_stream.h:103]   --->   Operation 82 'zext' 'zext_ln56' <Predicate = true> <Delay = 0.00>
ST_5 : Operation 83 [1/1] (0.00ns)   --->   "%w2_V_addr = getelementptr [9 x i60]* @w2_V, i64 0, i64 %zext_ln56" [firmware/nnet_utils/nnet_dense_resource.h:56->firmware/nnet_utils/nnet_dense_resource.h:253->firmware/nnet_utils/nnet_conv_stream.h:297->firmware/nnet_utils/nnet_conv2d_stream.h:87->firmware/nnet_utils/nnet_conv2d_stream.h:103]   --->   Operation 83 'getelementptr' 'w2_V_addr' <Predicate = true> <Delay = 0.00>
ST_5 : Operation 84 [2/2] (3.25ns)   --->   "%w2_V_load = load i60* %w2_V_addr, align 8" [firmware/nnet_utils/nnet_dense_resource.h:56->firmware/nnet_utils/nnet_dense_resource.h:253->firmware/nnet_utils/nnet_conv_stream.h:297->firmware/nnet_utils/nnet_conv2d_stream.h:87->firmware/nnet_utils/nnet_conv2d_stream.h:103]   --->   Operation 84 'load' 'w2_V_load' <Predicate = true> <Delay = 3.25> <Core = "ROM_nP">   --->   Core 52 'ROM_nP' <Latency = 1> <II = 1> <Delay = 3.25> <Storage> <Opcode : 'load'> <Ports = 0> <Width = 60> <Depth = 9> <ROM>
ST_5 : Operation 85 [1/1] (1.73ns)   --->   "%w_index = add i4 1, %w_index40" [firmware/nnet_utils/nnet_dense_resource.h:43->firmware/nnet_utils/nnet_dense_resource.h:253->firmware/nnet_utils/nnet_conv_stream.h:297->firmware/nnet_utils/nnet_conv2d_stream.h:87->firmware/nnet_utils/nnet_conv2d_stream.h:103]   --->   Operation 85 'add' 'w_index' <Predicate = true> <Delay = 1.73> <Core = "AddSub">   --->   Core 14 'AddSub' <Latency = 0> <II = 1> <Delay = 2.55> <FuncUnit> <Opcode : 'add' 'sub'> <InPorts = 2> <OutPorts = 1>
ST_5 : Operation 86 [1/1] (1.30ns)   --->   "%icmp_ln43 = icmp eq i4 %w_index40, -8" [firmware/nnet_utils/nnet_dense_resource.h:43->firmware/nnet_utils/nnet_dense_resource.h:253->firmware/nnet_utils/nnet_conv_stream.h:297->firmware/nnet_utils/nnet_conv2d_stream.h:87->firmware/nnet_utils/nnet_conv2d_stream.h:103]   --->   Operation 86 'icmp' 'icmp_ln43' <Predicate = true> <Delay = 1.30> <Core = "Cmp">   --->   Core 25 'Cmp' <Latency = 0> <II = 1> <Delay = 1.77> <FuncUnit> <Opcode : 'icmp'> <InPorts = 2> <OutPorts = 1>
ST_5 : Operation 87 [1/1] (0.00ns)   --->   "br i1 %icmp_ln43, label %hls_label_1_end, label %ReuseLoop" [firmware/nnet_utils/nnet_dense_resource.h:43->firmware/nnet_utils/nnet_dense_resource.h:253->firmware/nnet_utils/nnet_conv_stream.h:297->firmware/nnet_utils/nnet_conv2d_stream.h:87->firmware/nnet_utils/nnet_conv2d_stream.h:103]   --->   Operation 87 'br' <Predicate = true> <Delay = 0.00>

State 6 <SV = 5> <Delay = 5.04>
ST_6 : Operation 88 [1/1] (0.00ns)   --->   "%kernel_data_V_8_load_1 = load i16* @kernel_data_V_8, align 2" [aesl_mux_load.9i16P.i4:17->firmware/nnet_utils/nnet_dense_resource.h:56->firmware/nnet_utils/nnet_dense_resource.h:253->firmware/nnet_utils/nnet_conv_stream.h:297->firmware/nnet_utils/nnet_conv2d_stream.h:87->firmware/nnet_utils/nnet_conv2d_stream.h:103]   --->   Operation 88 'load' 'kernel_data_V_8_load_1' <Predicate = true> <Delay = 0.00>
ST_6 : Operation 89 [1/1] (0.00ns)   --->   "%kernel_data_V_0_load = load i16* @kernel_data_V_0, align 2" [aesl_mux_load.9i16P.i4:1->firmware/nnet_utils/nnet_dense_resource.h:56->firmware/nnet_utils/nnet_dense_resource.h:253->firmware/nnet_utils/nnet_conv_stream.h:297->firmware/nnet_utils/nnet_conv2d_stream.h:87->firmware/nnet_utils/nnet_conv2d_stream.h:103]   --->   Operation 89 'load' 'kernel_data_V_0_load' <Predicate = true> <Delay = 0.00>
ST_6 : Operation 90 [1/1] (0.00ns)   --->   "%kernel_data_V_1143_load_1 = load i16* @kernel_data_V_1143, align 2" [aesl_mux_load.9i16P.i4:3->firmware/nnet_utils/nnet_dense_resource.h:56->firmware/nnet_utils/nnet_dense_resource.h:253->firmware/nnet_utils/nnet_conv_stream.h:297->firmware/nnet_utils/nnet_conv2d_stream.h:87->firmware/nnet_utils/nnet_conv2d_stream.h:103]   --->   Operation 90 'load' 'kernel_data_V_1143_load_1' <Predicate = true> <Delay = 0.00>
ST_6 : Operation 91 [1/1] (0.00ns)   --->   "%kernel_data_V_2144_load_1 = load i16* @kernel_data_V_2144, align 2" [aesl_mux_load.9i16P.i4:5->firmware/nnet_utils/nnet_dense_resource.h:56->firmware/nnet_utils/nnet_dense_resource.h:253->firmware/nnet_utils/nnet_conv_stream.h:297->firmware/nnet_utils/nnet_conv2d_stream.h:87->firmware/nnet_utils/nnet_conv2d_stream.h:103]   --->   Operation 91 'load' 'kernel_data_V_2144_load_1' <Predicate = true> <Delay = 0.00>
ST_6 : Operation 92 [1/1] (0.00ns)   --->   "%kernel_data_V_3145_load = load i16* @kernel_data_V_3145, align 2" [aesl_mux_load.9i16P.i4:7->firmware/nnet_utils/nnet_dense_resource.h:56->firmware/nnet_utils/nnet_dense_resource.h:253->firmware/nnet_utils/nnet_conv_stream.h:297->firmware/nnet_utils/nnet_conv2d_stream.h:87->firmware/nnet_utils/nnet_conv2d_stream.h:103]   --->   Operation 92 'load' 'kernel_data_V_3145_load' <Predicate = true> <Delay = 0.00>
ST_6 : Operation 93 [1/1] (0.00ns)   --->   "%kernel_data_V_4_load_1 = load i16* @kernel_data_V_4, align 2" [aesl_mux_load.9i16P.i4:9->firmware/nnet_utils/nnet_dense_resource.h:56->firmware/nnet_utils/nnet_dense_resource.h:253->firmware/nnet_utils/nnet_conv_stream.h:297->firmware/nnet_utils/nnet_conv2d_stream.h:87->firmware/nnet_utils/nnet_conv2d_stream.h:103]   --->   Operation 93 'load' 'kernel_data_V_4_load_1' <Predicate = true> <Delay = 0.00>
ST_6 : Operation 94 [1/1] (0.00ns)   --->   "%kernel_data_V_5_load_1 = load i16* @kernel_data_V_5, align 2" [aesl_mux_load.9i16P.i4:11->firmware/nnet_utils/nnet_dense_resource.h:56->firmware/nnet_utils/nnet_dense_resource.h:253->firmware/nnet_utils/nnet_conv_stream.h:297->firmware/nnet_utils/nnet_conv2d_stream.h:87->firmware/nnet_utils/nnet_conv2d_stream.h:103]   --->   Operation 94 'load' 'kernel_data_V_5_load_1' <Predicate = true> <Delay = 0.00>
ST_6 : Operation 95 [1/1] (0.00ns)   --->   "%kernel_data_V_6_load = load i16* @kernel_data_V_6, align 2" [aesl_mux_load.9i16P.i4:13->firmware/nnet_utils/nnet_dense_resource.h:56->firmware/nnet_utils/nnet_dense_resource.h:253->firmware/nnet_utils/nnet_conv_stream.h:297->firmware/nnet_utils/nnet_conv2d_stream.h:87->firmware/nnet_utils/nnet_conv2d_stream.h:103]   --->   Operation 95 'load' 'kernel_data_V_6_load' <Predicate = true> <Delay = 0.00>
ST_6 : Operation 96 [1/1] (0.00ns)   --->   "%kernel_data_V_7_load_1 = load i16* @kernel_data_V_7, align 2" [aesl_mux_load.9i16P.i4:15->firmware/nnet_utils/nnet_dense_resource.h:56->firmware/nnet_utils/nnet_dense_resource.h:253->firmware/nnet_utils/nnet_conv_stream.h:297->firmware/nnet_utils/nnet_conv2d_stream.h:87->firmware/nnet_utils/nnet_conv2d_stream.h:103]   --->   Operation 96 'load' 'kernel_data_V_7_load_1' <Predicate = true> <Delay = 0.00>
ST_6 : Operation 97 [1/1] (1.30ns)   --->   "%icmp_ln19 = icmp eq i4 %w_index40, 0" [aesl_mux_load.9i16P.i4:19->firmware/nnet_utils/nnet_dense_resource.h:56->firmware/nnet_utils/nnet_dense_resource.h:253->firmware/nnet_utils/nnet_conv_stream.h:297->firmware/nnet_utils/nnet_conv2d_stream.h:87->firmware/nnet_utils/nnet_conv2d_stream.h:103]   --->   Operation 97 'icmp' 'icmp_ln19' <Predicate = true> <Delay = 1.30> <Core = "Cmp">   --->   Core 25 'Cmp' <Latency = 0> <II = 1> <Delay = 1.77> <FuncUnit> <Opcode : 'icmp'> <InPorts = 2> <OutPorts = 1>
ST_6 : Operation 98 [1/1] (1.30ns)   --->   "%icmp_ln19_1 = icmp eq i4 %w_index40, 1" [aesl_mux_load.9i16P.i4:19->firmware/nnet_utils/nnet_dense_resource.h:56->firmware/nnet_utils/nnet_dense_resource.h:253->firmware/nnet_utils/nnet_conv_stream.h:297->firmware/nnet_utils/nnet_conv2d_stream.h:87->firmware/nnet_utils/nnet_conv2d_stream.h:103]   --->   Operation 98 'icmp' 'icmp_ln19_1' <Predicate = true> <Delay = 1.30> <Core = "Cmp">   --->   Core 25 'Cmp' <Latency = 0> <II = 1> <Delay = 1.77> <FuncUnit> <Opcode : 'icmp'> <InPorts = 2> <OutPorts = 1>
ST_6 : Operation 99 [1/1] (1.30ns)   --->   "%icmp_ln19_2 = icmp eq i4 %w_index40, 2" [aesl_mux_load.9i16P.i4:19->firmware/nnet_utils/nnet_dense_resource.h:56->firmware/nnet_utils/nnet_dense_resource.h:253->firmware/nnet_utils/nnet_conv_stream.h:297->firmware/nnet_utils/nnet_conv2d_stream.h:87->firmware/nnet_utils/nnet_conv2d_stream.h:103]   --->   Operation 99 'icmp' 'icmp_ln19_2' <Predicate = true> <Delay = 1.30> <Core = "Cmp">   --->   Core 25 'Cmp' <Latency = 0> <II = 1> <Delay = 1.77> <FuncUnit> <Opcode : 'icmp'> <InPorts = 2> <OutPorts = 1>
ST_6 : Operation 100 [1/1] (1.30ns)   --->   "%icmp_ln19_3 = icmp eq i4 %w_index40, 3" [aesl_mux_load.9i16P.i4:19->firmware/nnet_utils/nnet_dense_resource.h:56->firmware/nnet_utils/nnet_dense_resource.h:253->firmware/nnet_utils/nnet_conv_stream.h:297->firmware/nnet_utils/nnet_conv2d_stream.h:87->firmware/nnet_utils/nnet_conv2d_stream.h:103]   --->   Operation 100 'icmp' 'icmp_ln19_3' <Predicate = true> <Delay = 1.30> <Core = "Cmp">   --->   Core 25 'Cmp' <Latency = 0> <II = 1> <Delay = 1.77> <FuncUnit> <Opcode : 'icmp'> <InPorts = 2> <OutPorts = 1>
ST_6 : Operation 101 [1/1] (1.30ns)   --->   "%icmp_ln19_4 = icmp eq i4 %w_index40, 4" [aesl_mux_load.9i16P.i4:19->firmware/nnet_utils/nnet_dense_resource.h:56->firmware/nnet_utils/nnet_dense_resource.h:253->firmware/nnet_utils/nnet_conv_stream.h:297->firmware/nnet_utils/nnet_conv2d_stream.h:87->firmware/nnet_utils/nnet_conv2d_stream.h:103]   --->   Operation 101 'icmp' 'icmp_ln19_4' <Predicate = true> <Delay = 1.30> <Core = "Cmp">   --->   Core 25 'Cmp' <Latency = 0> <II = 1> <Delay = 1.77> <FuncUnit> <Opcode : 'icmp'> <InPorts = 2> <OutPorts = 1>
ST_6 : Operation 102 [1/1] (1.30ns)   --->   "%icmp_ln19_5 = icmp eq i4 %w_index40, 5" [aesl_mux_load.9i16P.i4:19->firmware/nnet_utils/nnet_dense_resource.h:56->firmware/nnet_utils/nnet_dense_resource.h:253->firmware/nnet_utils/nnet_conv_stream.h:297->firmware/nnet_utils/nnet_conv2d_stream.h:87->firmware/nnet_utils/nnet_conv2d_stream.h:103]   --->   Operation 102 'icmp' 'icmp_ln19_5' <Predicate = true> <Delay = 1.30> <Core = "Cmp">   --->   Core 25 'Cmp' <Latency = 0> <II = 1> <Delay = 1.77> <FuncUnit> <Opcode : 'icmp'> <InPorts = 2> <OutPorts = 1>
ST_6 : Operation 103 [1/1] (1.30ns)   --->   "%icmp_ln19_6 = icmp eq i4 %w_index40, 6" [aesl_mux_load.9i16P.i4:19->firmware/nnet_utils/nnet_dense_resource.h:56->firmware/nnet_utils/nnet_dense_resource.h:253->firmware/nnet_utils/nnet_conv_stream.h:297->firmware/nnet_utils/nnet_conv2d_stream.h:87->firmware/nnet_utils/nnet_conv2d_stream.h:103]   --->   Operation 103 'icmp' 'icmp_ln19_6' <Predicate = true> <Delay = 1.30> <Core = "Cmp">   --->   Core 25 'Cmp' <Latency = 0> <II = 1> <Delay = 1.77> <FuncUnit> <Opcode : 'icmp'> <InPorts = 2> <OutPorts = 1>
ST_6 : Operation 104 [1/1] (1.30ns)   --->   "%icmp_ln19_7 = icmp eq i4 %w_index40, 7" [aesl_mux_load.9i16P.i4:19->firmware/nnet_utils/nnet_dense_resource.h:56->firmware/nnet_utils/nnet_dense_resource.h:253->firmware/nnet_utils/nnet_conv_stream.h:297->firmware/nnet_utils/nnet_conv2d_stream.h:87->firmware/nnet_utils/nnet_conv2d_stream.h:103]   --->   Operation 104 'icmp' 'icmp_ln19_7' <Predicate = true> <Delay = 1.30> <Core = "Cmp">   --->   Core 25 'Cmp' <Latency = 0> <II = 1> <Delay = 1.77> <FuncUnit> <Opcode : 'icmp'> <InPorts = 2> <OutPorts = 1>
ST_6 : Operation 105 [1/1] (0.00ns) (grouped into LUT with out node select_ln19_4)   --->   "%select_ln19 = select i1 %icmp_ln19_7, i16 %kernel_data_V_7_load_1, i16 %kernel_data_V_6_load" [aesl_mux_load.9i16P.i4:19->firmware/nnet_utils/nnet_dense_resource.h:56->firmware/nnet_utils/nnet_dense_resource.h:253->firmware/nnet_utils/nnet_conv_stream.h:297->firmware/nnet_utils/nnet_conv2d_stream.h:87->firmware/nnet_utils/nnet_conv2d_stream.h:103]   --->   Operation 105 'select' 'select_ln19' <Predicate = true> <Delay = 0.00> <Core = "Sel">   --->   Core 26 'Sel' <Latency = 0> <II = 1> <Delay = 0.69> <FuncUnit> <Opcode : 'select'> <InPorts = 3> <OutPorts = 1>
ST_6 : Operation 106 [1/1] (0.97ns)   --->   "%or_ln19 = or i1 %icmp_ln19_7, %icmp_ln19_6" [aesl_mux_load.9i16P.i4:19->firmware/nnet_utils/nnet_dense_resource.h:56->firmware/nnet_utils/nnet_dense_resource.h:253->firmware/nnet_utils/nnet_conv_stream.h:297->firmware/nnet_utils/nnet_conv2d_stream.h:87->firmware/nnet_utils/nnet_conv2d_stream.h:103]   --->   Operation 106 'or' 'or_ln19' <Predicate = true> <Delay = 0.97> <Core = "LogicGate">   --->   Core 27 'LogicGate' <Latency = 0> <II = 1> <Delay = 0.97> <FuncUnit> <Opcode : 'and' 'or' 'xor'> <InPorts = 2> <OutPorts = 1>
ST_6 : Operation 107 [1/1] (0.80ns) (out node of the LUT)   --->   "%select_ln19_1 = select i1 %icmp_ln19_5, i16 %kernel_data_V_5_load_1, i16 %kernel_data_V_4_load_1" [aesl_mux_load.9i16P.i4:19->firmware/nnet_utils/nnet_dense_resource.h:56->firmware/nnet_utils/nnet_dense_resource.h:253->firmware/nnet_utils/nnet_conv_stream.h:297->firmware/nnet_utils/nnet_conv2d_stream.h:87->firmware/nnet_utils/nnet_conv2d_stream.h:103]   --->   Operation 107 'select' 'select_ln19_1' <Predicate = true> <Delay = 0.80> <Core = "Sel">   --->   Core 26 'Sel' <Latency = 0> <II = 1> <Delay = 0.69> <FuncUnit> <Opcode : 'select'> <InPorts = 3> <OutPorts = 1>
ST_6 : Operation 108 [1/1] (0.00ns) (grouped into LUT with out node or_ln19_4)   --->   "%or_ln19_1 = or i1 %icmp_ln19_5, %icmp_ln19_4" [aesl_mux_load.9i16P.i4:19->firmware/nnet_utils/nnet_dense_resource.h:56->firmware/nnet_utils/nnet_dense_resource.h:253->firmware/nnet_utils/nnet_conv_stream.h:297->firmware/nnet_utils/nnet_conv2d_stream.h:87->firmware/nnet_utils/nnet_conv2d_stream.h:103]   --->   Operation 108 'or' 'or_ln19_1' <Predicate = true> <Delay = 0.00> <Core = "LogicGate">   --->   Core 27 'LogicGate' <Latency = 0> <II = 1> <Delay = 0.97> <FuncUnit> <Opcode : 'and' 'or' 'xor'> <InPorts = 2> <OutPorts = 1>
ST_6 : Operation 109 [1/1] (0.00ns) (grouped into LUT with out node select_ln19_5)   --->   "%select_ln19_2 = select i1 %icmp_ln19_3, i16 %kernel_data_V_3145_load, i16 %kernel_data_V_2144_load_1" [aesl_mux_load.9i16P.i4:19->firmware/nnet_utils/nnet_dense_resource.h:56->firmware/nnet_utils/nnet_dense_resource.h:253->firmware/nnet_utils/nnet_conv_stream.h:297->firmware/nnet_utils/nnet_conv2d_stream.h:87->firmware/nnet_utils/nnet_conv2d_stream.h:103]   --->   Operation 109 'select' 'select_ln19_2' <Predicate = true> <Delay = 0.00> <Core = "Sel">   --->   Core 26 'Sel' <Latency = 0> <II = 1> <Delay = 0.69> <FuncUnit> <Opcode : 'select'> <InPorts = 3> <OutPorts = 1>
ST_6 : Operation 110 [1/1] (0.97ns)   --->   "%or_ln19_2 = or i1 %icmp_ln19_3, %icmp_ln19_2" [aesl_mux_load.9i16P.i4:19->firmware/nnet_utils/nnet_dense_resource.h:56->firmware/nnet_utils/nnet_dense_resource.h:253->firmware/nnet_utils/nnet_conv_stream.h:297->firmware/nnet_utils/nnet_conv2d_stream.h:87->firmware/nnet_utils/nnet_conv2d_stream.h:103]   --->   Operation 110 'or' 'or_ln19_2' <Predicate = true> <Delay = 0.97> <Core = "LogicGate">   --->   Core 27 'LogicGate' <Latency = 0> <II = 1> <Delay = 0.97> <FuncUnit> <Opcode : 'and' 'or' 'xor'> <InPorts = 2> <OutPorts = 1>
ST_6 : Operation 111 [1/1] (0.80ns) (out node of the LUT)   --->   "%select_ln19_3 = select i1 %icmp_ln19_1, i16 %kernel_data_V_1143_load_1, i16 %kernel_data_V_0_load" [aesl_mux_load.9i16P.i4:19->firmware/nnet_utils/nnet_dense_resource.h:56->firmware/nnet_utils/nnet_dense_resource.h:253->firmware/nnet_utils/nnet_conv_stream.h:297->firmware/nnet_utils/nnet_conv2d_stream.h:87->firmware/nnet_utils/nnet_conv2d_stream.h:103]   --->   Operation 111 'select' 'select_ln19_3' <Predicate = true> <Delay = 0.80> <Core = "Sel">   --->   Core 26 'Sel' <Latency = 0> <II = 1> <Delay = 0.69> <FuncUnit> <Opcode : 'select'> <InPorts = 3> <OutPorts = 1>
ST_6 : Operation 112 [1/1] (0.00ns) (grouped into LUT with out node select_ln19_7)   --->   "%or_ln19_3 = or i1 %icmp_ln19_1, %icmp_ln19" [aesl_mux_load.9i16P.i4:19->firmware/nnet_utils/nnet_dense_resource.h:56->firmware/nnet_utils/nnet_dense_resource.h:253->firmware/nnet_utils/nnet_conv_stream.h:297->firmware/nnet_utils/nnet_conv2d_stream.h:87->firmware/nnet_utils/nnet_conv2d_stream.h:103]   --->   Operation 112 'or' 'or_ln19_3' <Predicate = true> <Delay = 0.00> <Core = "LogicGate">   --->   Core 27 'LogicGate' <Latency = 0> <II = 1> <Delay = 0.97> <FuncUnit> <Opcode : 'and' 'or' 'xor'> <InPorts = 2> <OutPorts = 1>
ST_6 : Operation 113 [1/1] (0.80ns) (out node of the LUT)   --->   "%select_ln19_4 = select i1 %or_ln19, i16 %select_ln19, i16 %select_ln19_1" [aesl_mux_load.9i16P.i4:19->firmware/nnet_utils/nnet_dense_resource.h:56->firmware/nnet_utils/nnet_dense_resource.h:253->firmware/nnet_utils/nnet_conv_stream.h:297->firmware/nnet_utils/nnet_conv2d_stream.h:87->firmware/nnet_utils/nnet_conv2d_stream.h:103]   --->   Operation 113 'select' 'select_ln19_4' <Predicate = true> <Delay = 0.80> <Core = "Sel">   --->   Core 26 'Sel' <Latency = 0> <II = 1> <Delay = 0.69> <FuncUnit> <Opcode : 'select'> <InPorts = 3> <OutPorts = 1>
ST_6 : Operation 114 [1/1] (0.97ns) (out node of the LUT)   --->   "%or_ln19_4 = or i1 %or_ln19, %or_ln19_1" [aesl_mux_load.9i16P.i4:19->firmware/nnet_utils/nnet_dense_resource.h:56->firmware/nnet_utils/nnet_dense_resource.h:253->firmware/nnet_utils/nnet_conv_stream.h:297->firmware/nnet_utils/nnet_conv2d_stream.h:87->firmware/nnet_utils/nnet_conv2d_stream.h:103]   --->   Operation 114 'or' 'or_ln19_4' <Predicate = true> <Delay = 0.97> <Core = "LogicGate">   --->   Core 27 'LogicGate' <Latency = 0> <II = 1> <Delay = 0.97> <FuncUnit> <Opcode : 'and' 'or' 'xor'> <InPorts = 2> <OutPorts = 1>
ST_6 : Operation 115 [1/1] (0.80ns) (out node of the LUT)   --->   "%select_ln19_5 = select i1 %or_ln19_2, i16 %select_ln19_2, i16 %select_ln19_3" [aesl_mux_load.9i16P.i4:19->firmware/nnet_utils/nnet_dense_resource.h:56->firmware/nnet_utils/nnet_dense_resource.h:253->firmware/nnet_utils/nnet_conv_stream.h:297->firmware/nnet_utils/nnet_conv2d_stream.h:87->firmware/nnet_utils/nnet_conv2d_stream.h:103]   --->   Operation 115 'select' 'select_ln19_5' <Predicate = true> <Delay = 0.80> <Core = "Sel">   --->   Core 26 'Sel' <Latency = 0> <II = 1> <Delay = 0.69> <FuncUnit> <Opcode : 'select'> <InPorts = 3> <OutPorts = 1>
ST_6 : Operation 116 [1/1] (0.00ns) (grouped into LUT with out node select_ln19_7)   --->   "%or_ln19_5 = or i1 %or_ln19_2, %or_ln19_3" [aesl_mux_load.9i16P.i4:19->firmware/nnet_utils/nnet_dense_resource.h:56->firmware/nnet_utils/nnet_dense_resource.h:253->firmware/nnet_utils/nnet_conv_stream.h:297->firmware/nnet_utils/nnet_conv2d_stream.h:87->firmware/nnet_utils/nnet_conv2d_stream.h:103]   --->   Operation 116 'or' 'or_ln19_5' <Predicate = true> <Delay = 0.00> <Core = "LogicGate">   --->   Core 27 'LogicGate' <Latency = 0> <II = 1> <Delay = 0.97> <FuncUnit> <Opcode : 'and' 'or' 'xor'> <InPorts = 2> <OutPorts = 1>
ST_6 : Operation 117 [1/1] (0.80ns) (out node of the LUT)   --->   "%select_ln19_6 = select i1 %or_ln19_4, i16 %select_ln19_4, i16 %select_ln19_5" [aesl_mux_load.9i16P.i4:19->firmware/nnet_utils/nnet_dense_resource.h:56->firmware/nnet_utils/nnet_dense_resource.h:253->firmware/nnet_utils/nnet_conv_stream.h:297->firmware/nnet_utils/nnet_conv2d_stream.h:87->firmware/nnet_utils/nnet_conv2d_stream.h:103]   --->   Operation 117 'select' 'select_ln19_6' <Predicate = true> <Delay = 0.80> <Core = "Sel">   --->   Core 26 'Sel' <Latency = 0> <II = 1> <Delay = 0.69> <FuncUnit> <Opcode : 'select'> <InPorts = 3> <OutPorts = 1>
ST_6 : Operation 118 [1/1] (0.00ns) (grouped into LUT with out node select_ln19_7)   --->   "%or_ln19_6 = or i1 %or_ln19_4, %or_ln19_5" [aesl_mux_load.9i16P.i4:19->firmware/nnet_utils/nnet_dense_resource.h:56->firmware/nnet_utils/nnet_dense_resource.h:253->firmware/nnet_utils/nnet_conv_stream.h:297->firmware/nnet_utils/nnet_conv2d_stream.h:87->firmware/nnet_utils/nnet_conv2d_stream.h:103]   --->   Operation 118 'or' 'or_ln19_6' <Predicate = true> <Delay = 0.00> <Core = "LogicGate">   --->   Core 27 'LogicGate' <Latency = 0> <II = 1> <Delay = 0.97> <FuncUnit> <Opcode : 'and' 'or' 'xor'> <InPorts = 2> <OutPorts = 1>
ST_6 : Operation 119 [1/1] (0.97ns) (out node of the LUT)   --->   "%select_ln19_7 = select i1 %or_ln19_6, i16 %select_ln19_6, i16 %kernel_data_V_8_load_1" [aesl_mux_load.9i16P.i4:19->firmware/nnet_utils/nnet_dense_resource.h:56->firmware/nnet_utils/nnet_dense_resource.h:253->firmware/nnet_utils/nnet_conv_stream.h:297->firmware/nnet_utils/nnet_conv2d_stream.h:87->firmware/nnet_utils/nnet_conv2d_stream.h:103]   --->   Operation 119 'select' 'select_ln19_7' <Predicate = true> <Delay = 0.97> <Core = "Sel">   --->   Core 26 'Sel' <Latency = 0> <II = 1> <Delay = 0.69> <FuncUnit> <Opcode : 'select'> <InPorts = 3> <OutPorts = 1>
ST_6 : Operation 120 [1/2] (3.25ns)   --->   "%w2_V_load = load i60* %w2_V_addr, align 8" [firmware/nnet_utils/nnet_dense_resource.h:56->firmware/nnet_utils/nnet_dense_resource.h:253->firmware/nnet_utils/nnet_conv_stream.h:297->firmware/nnet_utils/nnet_conv2d_stream.h:87->firmware/nnet_utils/nnet_conv2d_stream.h:103]   --->   Operation 120 'load' 'w2_V_load' <Predicate = true> <Delay = 3.25> <Core = "ROM_nP">   --->   Core 52 'ROM_nP' <Latency = 1> <II = 1> <Delay = 3.25> <Storage> <Opcode : 'load'> <Ports = 0> <Width = 60> <Depth = 9> <ROM>
ST_6 : Operation 121 [1/1] (0.00ns)   --->   "%trunc_ln56 = trunc i60 %w2_V_load to i16" [firmware/nnet_utils/nnet_dense_resource.h:56->firmware/nnet_utils/nnet_dense_resource.h:253->firmware/nnet_utils/nnet_conv_stream.h:297->firmware/nnet_utils/nnet_conv2d_stream.h:87->firmware/nnet_utils/nnet_conv2d_stream.h:103]   --->   Operation 121 'trunc' 'trunc_ln56' <Predicate = true> <Delay = 0.00>
ST_6 : Operation 122 [1/1] (0.00ns)   --->   "%tmp_82 = call i16 @_ssdm_op_PartSelect.i16.i60.i32.i32(i60 %w2_V_load, i32 16, i32 31)" [firmware/nnet_utils/nnet_dense_resource.h:56->firmware/nnet_utils/nnet_dense_resource.h:253->firmware/nnet_utils/nnet_conv_stream.h:297->firmware/nnet_utils/nnet_conv2d_stream.h:87->firmware/nnet_utils/nnet_conv2d_stream.h:103]   --->   Operation 122 'partselect' 'tmp_82' <Predicate = true> <Delay = 0.00>
ST_6 : Operation 123 [1/1] (0.00ns)   --->   "%tmp_83 = call i16 @_ssdm_op_PartSelect.i16.i60.i32.i32(i60 %w2_V_load, i32 32, i32 47)" [firmware/nnet_utils/nnet_dense_resource.h:56->firmware/nnet_utils/nnet_dense_resource.h:253->firmware/nnet_utils/nnet_conv_stream.h:297->firmware/nnet_utils/nnet_conv2d_stream.h:87->firmware/nnet_utils/nnet_conv2d_stream.h:103]   --->   Operation 123 'partselect' 'tmp_83' <Predicate = true> <Delay = 0.00>
ST_6 : Operation 124 [1/1] (0.00ns)   --->   "%tmp_84 = call i12 @_ssdm_op_PartSelect.i12.i60.i32.i32(i60 %w2_V_load, i32 48, i32 59)" [firmware/nnet_utils/nnet_dense_resource.h:56->firmware/nnet_utils/nnet_dense_resource.h:253->firmware/nnet_utils/nnet_conv_stream.h:297->firmware/nnet_utils/nnet_conv2d_stream.h:87->firmware/nnet_utils/nnet_conv2d_stream.h:103]   --->   Operation 124 'partselect' 'tmp_84' <Predicate = true> <Delay = 0.00>

State 7 <SV = 6> <Delay = 6.38>
ST_7 : Operation 125 [1/1] (0.00ns)   --->   "%sext_ln1116_cast = sext i16 %select_ln19_7 to i26" [aesl_mux_load.9i16P.i4:19->firmware/nnet_utils/nnet_dense_resource.h:56->firmware/nnet_utils/nnet_dense_resource.h:253->firmware/nnet_utils/nnet_conv_stream.h:297->firmware/nnet_utils/nnet_conv2d_stream.h:87->firmware/nnet_utils/nnet_conv2d_stream.h:103]   --->   Operation 125 'sext' 'sext_ln1116_cast' <Predicate = true> <Delay = 0.00>
ST_7 : Operation 126 [1/1] (0.00ns)   --->   "%sext_ln1118 = sext i16 %trunc_ln56 to i26" [firmware/nnet_utils/nnet_mult.h:73->firmware/nnet_utils/nnet_dense_resource.h:56->firmware/nnet_utils/nnet_dense_resource.h:253->firmware/nnet_utils/nnet_conv_stream.h:297->firmware/nnet_utils/nnet_conv2d_stream.h:87->firmware/nnet_utils/nnet_conv2d_stream.h:103]   --->   Operation 126 'sext' 'sext_ln1118' <Predicate = true> <Delay = 0.00>
ST_7 : Operation 127 [1/1] (6.38ns) (root node of the DSP)   --->   "%mul_ln1118 = mul i26 %sext_ln1116_cast, %sext_ln1118" [firmware/nnet_utils/nnet_mult.h:73->firmware/nnet_utils/nnet_dense_resource.h:56->firmware/nnet_utils/nnet_dense_resource.h:253->firmware/nnet_utils/nnet_conv_stream.h:297->firmware/nnet_utils/nnet_conv2d_stream.h:87->firmware/nnet_utils/nnet_conv2d_stream.h:103]   --->   Operation 127 'mul' 'mul_ln1118' <Predicate = true> <Delay = 6.38> <Core = "DSP48">   --->   Core 88 'DSP48' <Latency = 0> <II = 1> <Delay = 6.38> <IPBlock> <Opcode : 'mul' 'add' 'sub' 'select'> <InPorts = 0> <OutPorts = 1> <Sync> <CReg>
ST_7 : Operation 128 [1/1] (0.00ns)   --->   "%trunc_ln3 = call i16 @_ssdm_op_PartSelect.i16.i26.i32.i32(i26 %mul_ln1118, i32 10, i32 25)" [firmware/nnet_utils/nnet_dense_resource.h:56->firmware/nnet_utils/nnet_dense_resource.h:253->firmware/nnet_utils/nnet_conv_stream.h:297->firmware/nnet_utils/nnet_conv2d_stream.h:87->firmware/nnet_utils/nnet_conv2d_stream.h:103]   --->   Operation 128 'partselect' 'trunc_ln3' <Predicate = true> <Delay = 0.00>
ST_7 : Operation 129 [1/1] (0.00ns)   --->   "%sext_ln1118_71 = sext i16 %tmp_82 to i26" [firmware/nnet_utils/nnet_mult.h:73->firmware/nnet_utils/nnet_dense_resource.h:56->firmware/nnet_utils/nnet_dense_resource.h:253->firmware/nnet_utils/nnet_conv_stream.h:297->firmware/nnet_utils/nnet_conv2d_stream.h:87->firmware/nnet_utils/nnet_conv2d_stream.h:103]   --->   Operation 129 'sext' 'sext_ln1118_71' <Predicate = true> <Delay = 0.00>
ST_7 : Operation 130 [1/1] (6.38ns) (root node of the DSP)   --->   "%mul_ln1118_71 = mul i26 %sext_ln1116_cast, %sext_ln1118_71" [firmware/nnet_utils/nnet_mult.h:73->firmware/nnet_utils/nnet_dense_resource.h:56->firmware/nnet_utils/nnet_dense_resource.h:253->firmware/nnet_utils/nnet_conv_stream.h:297->firmware/nnet_utils/nnet_conv2d_stream.h:87->firmware/nnet_utils/nnet_conv2d_stream.h:103]   --->   Operation 130 'mul' 'mul_ln1118_71' <Predicate = true> <Delay = 6.38> <Core = "DSP48">   --->   Core 88 'DSP48' <Latency = 0> <II = 1> <Delay = 6.38> <IPBlock> <Opcode : 'mul' 'add' 'sub' 'select'> <InPorts = 0> <OutPorts = 1> <Sync> <CReg>
ST_7 : Operation 131 [1/1] (0.00ns)   --->   "%trunc_ln708_s = call i16 @_ssdm_op_PartSelect.i16.i26.i32.i32(i26 %mul_ln1118_71, i32 10, i32 25)" [firmware/nnet_utils/nnet_dense_resource.h:56->firmware/nnet_utils/nnet_dense_resource.h:253->firmware/nnet_utils/nnet_conv_stream.h:297->firmware/nnet_utils/nnet_conv2d_stream.h:87->firmware/nnet_utils/nnet_conv2d_stream.h:103]   --->   Operation 131 'partselect' 'trunc_ln708_s' <Predicate = true> <Delay = 0.00>
ST_7 : Operation 132 [1/1] (0.00ns)   --->   "%sext_ln1118_72 = sext i16 %tmp_83 to i26" [firmware/nnet_utils/nnet_mult.h:73->firmware/nnet_utils/nnet_dense_resource.h:56->firmware/nnet_utils/nnet_dense_resource.h:253->firmware/nnet_utils/nnet_conv_stream.h:297->firmware/nnet_utils/nnet_conv2d_stream.h:87->firmware/nnet_utils/nnet_conv2d_stream.h:103]   --->   Operation 132 'sext' 'sext_ln1118_72' <Predicate = true> <Delay = 0.00>
ST_7 : Operation 133 [1/1] (6.38ns) (root node of the DSP)   --->   "%mul_ln1118_72 = mul i26 %sext_ln1116_cast, %sext_ln1118_72" [firmware/nnet_utils/nnet_mult.h:73->firmware/nnet_utils/nnet_dense_resource.h:56->firmware/nnet_utils/nnet_dense_resource.h:253->firmware/nnet_utils/nnet_conv_stream.h:297->firmware/nnet_utils/nnet_conv2d_stream.h:87->firmware/nnet_utils/nnet_conv2d_stream.h:103]   --->   Operation 133 'mul' 'mul_ln1118_72' <Predicate = true> <Delay = 6.38> <Core = "DSP48">   --->   Core 88 'DSP48' <Latency = 0> <II = 1> <Delay = 6.38> <IPBlock> <Opcode : 'mul' 'add' 'sub' 'select'> <InPorts = 0> <OutPorts = 1> <Sync> <CReg>
ST_7 : Operation 134 [1/1] (0.00ns)   --->   "%trunc_ln708_69 = call i16 @_ssdm_op_PartSelect.i16.i26.i32.i32(i26 %mul_ln1118_72, i32 10, i32 25)" [firmware/nnet_utils/nnet_dense_resource.h:56->firmware/nnet_utils/nnet_dense_resource.h:253->firmware/nnet_utils/nnet_conv_stream.h:297->firmware/nnet_utils/nnet_conv2d_stream.h:87->firmware/nnet_utils/nnet_conv2d_stream.h:103]   --->   Operation 134 'partselect' 'trunc_ln708_69' <Predicate = true> <Delay = 0.00>
ST_7 : Operation 135 [1/1] (0.00ns)   --->   "%sext_ln1118_73 = sext i12 %tmp_84 to i26" [firmware/nnet_utils/nnet_mult.h:73->firmware/nnet_utils/nnet_dense_resource.h:56->firmware/nnet_utils/nnet_dense_resource.h:253->firmware/nnet_utils/nnet_conv_stream.h:297->firmware/nnet_utils/nnet_conv2d_stream.h:87->firmware/nnet_utils/nnet_conv2d_stream.h:103]   --->   Operation 135 'sext' 'sext_ln1118_73' <Predicate = true> <Delay = 0.00>
ST_7 : Operation 136 [1/1] (6.38ns) (root node of the DSP)   --->   "%mul_ln1118_73 = mul i26 %sext_ln1118_73, %sext_ln1116_cast" [firmware/nnet_utils/nnet_mult.h:73->firmware/nnet_utils/nnet_dense_resource.h:56->firmware/nnet_utils/nnet_dense_resource.h:253->firmware/nnet_utils/nnet_conv_stream.h:297->firmware/nnet_utils/nnet_conv2d_stream.h:87->firmware/nnet_utils/nnet_conv2d_stream.h:103]   --->   Operation 136 'mul' 'mul_ln1118_73' <Predicate = true> <Delay = 6.38> <Core = "DSP48">   --->   Core 88 'DSP48' <Latency = 0> <II = 1> <Delay = 6.38> <IPBlock> <Opcode : 'mul' 'add' 'sub' 'select'> <InPorts = 0> <OutPorts = 1> <Sync> <CReg>
ST_7 : Operation 137 [1/1] (0.00ns)   --->   "%trunc_ln708_70 = call i16 @_ssdm_op_PartSelect.i16.i26.i32.i32(i26 %mul_ln1118_73, i32 10, i32 25)" [firmware/nnet_utils/nnet_dense_resource.h:56->firmware/nnet_utils/nnet_dense_resource.h:253->firmware/nnet_utils/nnet_conv_stream.h:297->firmware/nnet_utils/nnet_conv2d_stream.h:87->firmware/nnet_utils/nnet_conv2d_stream.h:103]   --->   Operation 137 'partselect' 'trunc_ln708_70' <Predicate = true> <Delay = 0.00>

State 8 <SV = 7> <Delay = 2.07>
ST_8 : Operation 138 [1/1] (0.00ns)   --->   "%tmp_data_0_V_738 = phi i16 [ 2, %hls_label_1_begin ], [ %acc_0_V, %ReuseLoop ]"   --->   Operation 138 'phi' 'tmp_data_0_V_738' <Predicate = true> <Delay = 0.00>
ST_8 : Operation 139 [1/1] (0.00ns)   --->   "%tmp_data_1_V_736 = phi i16 [ -430, %hls_label_1_begin ], [ %acc_1_V, %ReuseLoop ]"   --->   Operation 139 'phi' 'tmp_data_1_V_736' <Predicate = true> <Delay = 0.00>
ST_8 : Operation 140 [1/1] (0.00ns)   --->   "%tmp_data_2_V_734 = phi i16 [ -15, %hls_label_1_begin ], [ %acc_2_V, %ReuseLoop ]"   --->   Operation 140 'phi' 'tmp_data_2_V_734' <Predicate = true> <Delay = 0.00>
ST_8 : Operation 141 [1/1] (0.00ns)   --->   "%tmp_data_3_V_732 = phi i16 [ -153, %hls_label_1_begin ], [ %acc_3_V, %ReuseLoop ]"   --->   Operation 141 'phi' 'tmp_data_3_V_732' <Predicate = true> <Delay = 0.00>
ST_8 : Operation 142 [1/1] (0.00ns)   --->   "call void (...)* @_ssdm_op_SpecLoopName([10 x i8]* @p_str25) nounwind" [firmware/nnet_utils/nnet_dense_resource.h:43->firmware/nnet_utils/nnet_dense_resource.h:253->firmware/nnet_utils/nnet_conv_stream.h:297->firmware/nnet_utils/nnet_conv2d_stream.h:87->firmware/nnet_utils/nnet_conv2d_stream.h:103]   --->   Operation 142 'specloopname' <Predicate = true> <Delay = 0.00>
ST_8 : Operation 143 [1/1] (0.00ns)   --->   "%tmp_81 = call i32 (...)* @_ssdm_op_SpecRegionBegin([10 x i8]* @p_str25)" [firmware/nnet_utils/nnet_dense_resource.h:43->firmware/nnet_utils/nnet_dense_resource.h:253->firmware/nnet_utils/nnet_conv_stream.h:297->firmware/nnet_utils/nnet_conv2d_stream.h:87->firmware/nnet_utils/nnet_conv2d_stream.h:103]   --->   Operation 143 'specregionbegin' 'tmp_81' <Predicate = true> <Delay = 0.00>
ST_8 : Operation 144 [1/1] (0.00ns)   --->   "call void (...)* @_ssdm_op_SpecPipeline(i32 1, i32 1, i32 1, i32 0, [1 x i8]* @p_str10) nounwind" [firmware/nnet_utils/nnet_dense_resource.h:44->firmware/nnet_utils/nnet_dense_resource.h:253->firmware/nnet_utils/nnet_conv_stream.h:297->firmware/nnet_utils/nnet_conv2d_stream.h:87->firmware/nnet_utils/nnet_conv2d_stream.h:103]   --->   Operation 144 'specpipeline' <Predicate = true> <Delay = 0.00>
ST_8 : Operation 145 [1/1] (2.07ns)   --->   "%acc_0_V = add i16 %tmp_data_0_V_738, %trunc_ln3" [firmware/nnet_utils/nnet_dense_resource.h:56->firmware/nnet_utils/nnet_dense_resource.h:253->firmware/nnet_utils/nnet_conv_stream.h:297->firmware/nnet_utils/nnet_conv2d_stream.h:87->firmware/nnet_utils/nnet_conv2d_stream.h:103]   --->   Operation 145 'add' 'acc_0_V' <Predicate = true> <Delay = 2.07> <Core = "AddSub">   --->   Core 14 'AddSub' <Latency = 0> <II = 1> <Delay = 2.55> <FuncUnit> <Opcode : 'add' 'sub'> <InPorts = 2> <OutPorts = 1>
ST_8 : Operation 146 [1/1] (2.07ns)   --->   "%acc_1_V = add i16 %tmp_data_1_V_736, %trunc_ln708_s" [firmware/nnet_utils/nnet_dense_resource.h:56->firmware/nnet_utils/nnet_dense_resource.h:253->firmware/nnet_utils/nnet_conv_stream.h:297->firmware/nnet_utils/nnet_conv2d_stream.h:87->firmware/nnet_utils/nnet_conv2d_stream.h:103]   --->   Operation 146 'add' 'acc_1_V' <Predicate = true> <Delay = 2.07> <Core = "AddSub">   --->   Core 14 'AddSub' <Latency = 0> <II = 1> <Delay = 2.55> <FuncUnit> <Opcode : 'add' 'sub'> <InPorts = 2> <OutPorts = 1>
ST_8 : Operation 147 [1/1] (2.07ns)   --->   "%acc_2_V = add i16 %tmp_data_2_V_734, %trunc_ln708_69" [firmware/nnet_utils/nnet_dense_resource.h:56->firmware/nnet_utils/nnet_dense_resource.h:253->firmware/nnet_utils/nnet_conv_stream.h:297->firmware/nnet_utils/nnet_conv2d_stream.h:87->firmware/nnet_utils/nnet_conv2d_stream.h:103]   --->   Operation 147 'add' 'acc_2_V' <Predicate = true> <Delay = 2.07> <Core = "AddSub">   --->   Core 14 'AddSub' <Latency = 0> <II = 1> <Delay = 2.55> <FuncUnit> <Opcode : 'add' 'sub'> <InPorts = 2> <OutPorts = 1>
ST_8 : Operation 148 [1/1] (2.07ns)   --->   "%acc_3_V = add i16 %tmp_data_3_V_732, %trunc_ln708_70" [firmware/nnet_utils/nnet_dense_resource.h:56->firmware/nnet_utils/nnet_dense_resource.h:253->firmware/nnet_utils/nnet_conv_stream.h:297->firmware/nnet_utils/nnet_conv2d_stream.h:87->firmware/nnet_utils/nnet_conv2d_stream.h:103]   --->   Operation 148 'add' 'acc_3_V' <Predicate = true> <Delay = 2.07> <Core = "AddSub">   --->   Core 14 'AddSub' <Latency = 0> <II = 1> <Delay = 2.55> <FuncUnit> <Opcode : 'add' 'sub'> <InPorts = 2> <OutPorts = 1>
ST_8 : Operation 149 [1/1] (0.00ns)   --->   "%empty_75 = call i32 (...)* @_ssdm_op_SpecRegionEnd([10 x i8]* @p_str25, i32 %tmp_81)" [firmware/nnet_utils/nnet_dense_resource.h:73->firmware/nnet_utils/nnet_dense_resource.h:253->firmware/nnet_utils/nnet_conv_stream.h:297->firmware/nnet_utils/nnet_conv2d_stream.h:87->firmware/nnet_utils/nnet_conv2d_stream.h:103]   --->   Operation 149 'specregionend' 'empty_75' <Predicate = true> <Delay = 0.00>
ST_8 : Operation 150 [1/1] (0.00ns)   --->   "%empty_76 = call i32 (...)* @_ssdm_op_SpecLoopTripCount(i64 9, i64 9, i64 9)"   --->   Operation 150 'speclooptripcount' 'empty_76' <Predicate = true> <Delay = 0.00>

State 9 <SV = 8> <Delay = 5.01>
ST_9 : Operation 151 [1/1] (3.63ns)   --->   "call void @_ssdm_op_Write.ap_fifo.volatile.i16P.i16P.i16P.i16P(i16* %res_V_data_0_V, i16* %res_V_data_1_V, i16* %res_V_data_2_V, i16* %res_V_data_3_V, i16 %acc_0_V, i16 %acc_1_V, i16 %acc_2_V, i16 %acc_3_V)" [firmware/nnet_utils/nnet_conv_stream.h:309->firmware/nnet_utils/nnet_conv2d_stream.h:87->firmware/nnet_utils/nnet_conv2d_stream.h:103]   --->   Operation 151 'write' <Predicate = (and_ln289_4)> <Delay = 3.63> <Core = "FIFO">   --->   Core 32 'FIFO' <Latency = 0> <II = 1> <Delay = 3.63> <Storage> <Opcode : 'read' 'write' 'nbread' 'nbwrite'> <Ports = 0> <Width = 16> <Depth = 4> <FIFO>
ST_9 : Operation 152 [1/1] (0.00ns)   --->   "%empty_77 = call i32 (...)* @_ssdm_op_SpecRegionEnd([12 x i8]* @p_str44, i32 %tmp_80)" [firmware/nnet_utils/nnet_conv_stream.h:310->firmware/nnet_utils/nnet_conv2d_stream.h:87->firmware/nnet_utils/nnet_conv2d_stream.h:103]   --->   Operation 152 'specregionend' 'empty_77' <Predicate = (and_ln289_4)> <Delay = 0.00>
ST_9 : Operation 153 [1/1] (0.00ns)   --->   "br label %._crit_edge22.i.i" [firmware/nnet_utils/nnet_conv_stream.h:310->firmware/nnet_utils/nnet_conv2d_stream.h:87->firmware/nnet_utils/nnet_conv2d_stream.h:103]   --->   Operation 153 'br' <Predicate = (and_ln289_4)> <Delay = 0.00>
ST_9 : Operation 154 [1/1] (2.47ns)   --->   "%icmp_ln313 = icmp eq i32 %pX_3_load, 27" [firmware/nnet_utils/nnet_conv_stream.h:313->firmware/nnet_utils/nnet_conv2d_stream.h:87->firmware/nnet_utils/nnet_conv2d_stream.h:103]   --->   Operation 154 'icmp' 'icmp_ln313' <Predicate = true> <Delay = 2.47> <Core = "Cmp">   --->   Core 25 'Cmp' <Latency = 0> <II = 1> <Delay = 1.77> <FuncUnit> <Opcode : 'icmp'> <InPorts = 2> <OutPorts = 1>
ST_9 : Operation 155 [1/1] (0.00ns)   --->   "br i1 %icmp_ln313, label %1, label %5" [firmware/nnet_utils/nnet_conv_stream.h:313->firmware/nnet_utils/nnet_conv2d_stream.h:87->firmware/nnet_utils/nnet_conv2d_stream.h:103]   --->   Operation 155 'br' <Predicate = true> <Delay = 0.00>
ST_9 : Operation 156 [1/1] (2.55ns)   --->   "%add_ln326 = add nsw i32 %pX_3_load, 1" [firmware/nnet_utils/nnet_conv_stream.h:326->firmware/nnet_utils/nnet_conv2d_stream.h:87->firmware/nnet_utils/nnet_conv2d_stream.h:103]   --->   Operation 156 'add' 'add_ln326' <Predicate = (!icmp_ln313)> <Delay = 2.55> <Core = "AddSub">   --->   Core 14 'AddSub' <Latency = 0> <II = 1> <Delay = 2.55> <FuncUnit> <Opcode : 'add' 'sub'> <InPorts = 2> <OutPorts = 1>
ST_9 : Operation 157 [1/1] (1.76ns)   --->   "store i32 %add_ln326, i32* @pX_3, align 4" [firmware/nnet_utils/nnet_conv_stream.h:326->firmware/nnet_utils/nnet_conv2d_stream.h:87->firmware/nnet_utils/nnet_conv2d_stream.h:103]   --->   Operation 157 'store' <Predicate = (!icmp_ln313)> <Delay = 1.76>
ST_9 : Operation 158 [1/1] (2.55ns)   --->   "%add_ln328 = add i32 %sX_3_load, 1" [firmware/nnet_utils/nnet_conv_stream.h:328->firmware/nnet_utils/nnet_conv2d_stream.h:87->firmware/nnet_utils/nnet_conv2d_stream.h:103]   --->   Operation 158 'add' 'add_ln328' <Predicate = (!icmp_ln313 & !icmp_ln289)> <Delay = 2.55> <Core = "AddSub">   --->   Core 14 'AddSub' <Latency = 0> <II = 1> <Delay = 2.55> <FuncUnit> <Opcode : 'add' 'sub'> <InPorts = 2> <OutPorts = 1>
ST_9 : Operation 159 [1/1] (0.69ns)   --->   "%select_ln328 = select i1 %icmp_ln289, i32 2, i32 %add_ln328" [firmware/nnet_utils/nnet_conv_stream.h:328->firmware/nnet_utils/nnet_conv2d_stream.h:87->firmware/nnet_utils/nnet_conv2d_stream.h:103]   --->   Operation 159 'select' 'select_ln328' <Predicate = (!icmp_ln313)> <Delay = 0.69> <Core = "Sel">   --->   Core 26 'Sel' <Latency = 0> <II = 1> <Delay = 0.69> <FuncUnit> <Opcode : 'select'> <InPorts = 3> <OutPorts = 1>
ST_9 : Operation 160 [1/1] (1.76ns)   --->   "store i32 %select_ln328, i32* @sX_3, align 4" [firmware/nnet_utils/nnet_conv_stream.h:328->firmware/nnet_utils/nnet_conv2d_stream.h:87->firmware/nnet_utils/nnet_conv2d_stream.h:103]   --->   Operation 160 'store' <Predicate = (!icmp_ln313)> <Delay = 1.76>
ST_9 : Operation 161 [1/1] (0.00ns)   --->   "br label %ReadInputWidth_end"   --->   Operation 161 'br' <Predicate = (!icmp_ln313)> <Delay = 0.00>
ST_9 : Operation 162 [1/1] (1.76ns)   --->   "store i32 0, i32* @pX_3, align 4" [firmware/nnet_utils/nnet_conv_stream.h:315->firmware/nnet_utils/nnet_conv2d_stream.h:87->firmware/nnet_utils/nnet_conv2d_stream.h:103]   --->   Operation 162 'store' <Predicate = (icmp_ln313)> <Delay = 1.76>
ST_9 : Operation 163 [1/1] (1.76ns)   --->   "store i32 0, i32* @sX_3, align 4" [firmware/nnet_utils/nnet_conv_stream.h:316->firmware/nnet_utils/nnet_conv2d_stream.h:87->firmware/nnet_utils/nnet_conv2d_stream.h:103]   --->   Operation 163 'store' <Predicate = (icmp_ln313)> <Delay = 1.76>
ST_9 : Operation 164 [1/1] (2.47ns)   --->   "%icmp_ln317 = icmp eq i32 %pY_3_load, 27" [firmware/nnet_utils/nnet_conv_stream.h:317->firmware/nnet_utils/nnet_conv2d_stream.h:87->firmware/nnet_utils/nnet_conv2d_stream.h:103]   --->   Operation 164 'icmp' 'icmp_ln317' <Predicate = (icmp_ln313)> <Delay = 2.47> <Core = "Cmp">   --->   Core 25 'Cmp' <Latency = 0> <II = 1> <Delay = 1.77> <FuncUnit> <Opcode : 'icmp'> <InPorts = 2> <OutPorts = 1>
ST_9 : Operation 165 [1/1] (0.00ns)   --->   "br i1 %icmp_ln317, label %2, label %3" [firmware/nnet_utils/nnet_conv_stream.h:317->firmware/nnet_utils/nnet_conv2d_stream.h:87->firmware/nnet_utils/nnet_conv2d_stream.h:103]   --->   Operation 165 'br' <Predicate = (icmp_ln313)> <Delay = 0.00>
ST_9 : Operation 166 [1/1] (2.55ns)   --->   "%add_ln321 = add nsw i32 %pY_3_load, 1" [firmware/nnet_utils/nnet_conv_stream.h:321->firmware/nnet_utils/nnet_conv2d_stream.h:87->firmware/nnet_utils/nnet_conv2d_stream.h:103]   --->   Operation 166 'add' 'add_ln321' <Predicate = (icmp_ln313 & !icmp_ln317)> <Delay = 2.55> <Core = "AddSub">   --->   Core 14 'AddSub' <Latency = 0> <II = 1> <Delay = 2.55> <FuncUnit> <Opcode : 'add' 'sub'> <InPorts = 2> <OutPorts = 1>
ST_9 : Operation 167 [1/1] (1.76ns)   --->   "store i32 %add_ln321, i32* @pY_3, align 4" [firmware/nnet_utils/nnet_conv_stream.h:321->firmware/nnet_utils/nnet_conv2d_stream.h:87->firmware/nnet_utils/nnet_conv2d_stream.h:103]   --->   Operation 167 'store' <Predicate = (icmp_ln313 & !icmp_ln317)> <Delay = 1.76>
ST_9 : Operation 168 [1/1] (2.55ns)   --->   "%add_ln323 = add i32 %sY_3_load, 1" [firmware/nnet_utils/nnet_conv_stream.h:323->firmware/nnet_utils/nnet_conv2d_stream.h:87->firmware/nnet_utils/nnet_conv2d_stream.h:103]   --->   Operation 168 'add' 'add_ln323' <Predicate = (icmp_ln313 & !icmp_ln317 & !icmp_ln289_4)> <Delay = 2.55> <Core = "AddSub">   --->   Core 14 'AddSub' <Latency = 0> <II = 1> <Delay = 2.55> <FuncUnit> <Opcode : 'add' 'sub'> <InPorts = 2> <OutPorts = 1>
ST_9 : Operation 169 [1/1] (0.69ns)   --->   "%select_ln323 = select i1 %icmp_ln289_4, i32 2, i32 %add_ln323" [firmware/nnet_utils/nnet_conv_stream.h:323->firmware/nnet_utils/nnet_conv2d_stream.h:87->firmware/nnet_utils/nnet_conv2d_stream.h:103]   --->   Operation 169 'select' 'select_ln323' <Predicate = (icmp_ln313 & !icmp_ln317)> <Delay = 0.69> <Core = "Sel">   --->   Core 26 'Sel' <Latency = 0> <II = 1> <Delay = 0.69> <FuncUnit> <Opcode : 'select'> <InPorts = 3> <OutPorts = 1>
ST_9 : Operation 170 [1/1] (1.76ns)   --->   "br label %4"   --->   Operation 170 'br' <Predicate = (icmp_ln313 & !icmp_ln317)> <Delay = 1.76>
ST_9 : Operation 171 [1/1] (1.76ns)   --->   "store i32 0, i32* @pY_3, align 4" [firmware/nnet_utils/nnet_conv_stream.h:318->firmware/nnet_utils/nnet_conv2d_stream.h:87->firmware/nnet_utils/nnet_conv2d_stream.h:103]   --->   Operation 171 'store' <Predicate = (icmp_ln313 & icmp_ln317)> <Delay = 1.76>
ST_9 : Operation 172 [1/1] (1.76ns)   --->   "br label %4" [firmware/nnet_utils/nnet_conv_stream.h:320->firmware/nnet_utils/nnet_conv2d_stream.h:87->firmware/nnet_utils/nnet_conv2d_stream.h:103]   --->   Operation 172 'br' <Predicate = (icmp_ln313 & icmp_ln317)> <Delay = 1.76>
ST_9 : Operation 173 [1/1] (0.00ns)   --->   "%storemerge_i_i = phi i32 [ %select_ln323, %3 ], [ 0, %2 ]" [firmware/nnet_utils/nnet_conv_stream.h:323->firmware/nnet_utils/nnet_conv2d_stream.h:87->firmware/nnet_utils/nnet_conv2d_stream.h:103]   --->   Operation 173 'phi' 'storemerge_i_i' <Predicate = (icmp_ln313)> <Delay = 0.00>
ST_9 : Operation 174 [1/1] (0.00ns)   --->   "store i32 %storemerge_i_i, i32* @sY_3, align 4" [firmware/nnet_utils/nnet_conv_stream.h:319->firmware/nnet_utils/nnet_conv2d_stream.h:87->firmware/nnet_utils/nnet_conv2d_stream.h:103]   --->   Operation 174 'store' <Predicate = (icmp_ln313)> <Delay = 0.00>
ST_9 : Operation 175 [1/1] (0.00ns)   --->   "br label %ReadInputWidth_end" [firmware/nnet_utils/nnet_conv_stream.h:325->firmware/nnet_utils/nnet_conv2d_stream.h:87->firmware/nnet_utils/nnet_conv2d_stream.h:103]   --->   Operation 175 'br' <Predicate = (icmp_ln313)> <Delay = 0.00>
ST_9 : Operation 176 [1/1] (0.00ns)   --->   "%empty_78 = call i32 (...)* @_ssdm_op_SpecRegionEnd([15 x i8]* @p_str29, i32 %tmp_s)" [firmware/nnet_utils/nnet_conv2d_stream.h:91->firmware/nnet_utils/nnet_conv2d_stream.h:103]   --->   Operation 176 'specregionend' 'empty_78' <Predicate = true> <Delay = 0.00>
ST_9 : Operation 177 [1/1] (1.77ns)   --->   "%icmp_ln79 = icmp eq i10 %indvar_flatten41, -241" [firmware/nnet_utils/nnet_conv2d_stream.h:79->firmware/nnet_utils/nnet_conv2d_stream.h:103]   --->   Operation 177 'icmp' 'icmp_ln79' <Predicate = true> <Delay = 1.77> <Core = "Cmp">   --->   Core 25 'Cmp' <Latency = 0> <II = 1> <Delay = 1.77> <FuncUnit> <Opcode : 'icmp'> <InPorts = 2> <OutPorts = 1>
ST_9 : Operation 178 [1/1] (0.00ns)   --->   "br i1 %icmp_ln79, label %"conv_2d_buffer_cl<array<ap_fixed<16, 6, 5, 3, 0>, 1u>, array<ap_fixed<16, 6, 5, 3, 0>, 4u>, config2>.exit", label %ReadInputWidth_begin" [firmware/nnet_utils/nnet_conv2d_stream.h:79->firmware/nnet_utils/nnet_conv2d_stream.h:103]   --->   Operation 178 'br' <Predicate = true> <Delay = 0.00>
ST_9 : Operation 179 [1/1] (0.00ns)   --->   "ret void" [firmware/nnet_utils/nnet_conv2d_stream.h:109]   --->   Operation 179 'ret' <Predicate = (icmp_ln79)> <Delay = 0.00>


============================================================
+ Verbose Summary: Timing violations
============================================================
Target clock period: 10ns, clock uncertainty: 1.25ns.

 <State 1>: 1.77ns
The critical path consists of the following:
	multiplexor before 'phi' operation ('indvar_flatten41', firmware/nnet_utils/nnet_conv2d_stream.h:79->firmware/nnet_utils/nnet_conv2d_stream.h:103) with incoming values : ('add_ln79', firmware/nnet_utils/nnet_conv2d_stream.h:79->firmware/nnet_utils/nnet_conv2d_stream.h:103) [30]  (1.77 ns)

 <State 2>: 3.26ns
The critical path consists of the following:
	axis read on port 'data_V_data_V' (firmware/nnet_utils/nnet_conv2d_stream.h:87->firmware/nnet_utils/nnet_conv2d_stream.h:103) [35]  (0 ns)
	'memshiftread' operation ('DataOut.V', firmware/nnet_utils/nnet_conv_stream.h:246->firmware/nnet_utils/nnet_conv_stream.h:286->firmware/nnet_utils/nnet_conv2d_stream.h:87->firmware/nnet_utils/nnet_conv2d_stream.h:103) [37]  (1.63 ns)
	'memshiftread' operation ('DataOut.V', firmware/nnet_utils/nnet_conv_stream.h:246->firmware/nnet_utils/nnet_conv_stream.h:286->firmware/nnet_utils/nnet_conv2d_stream.h:87->firmware/nnet_utils/nnet_conv2d_stream.h:103) [38]  (1.63 ns)

 <State 3>: 1.56ns
The critical path consists of the following:
	'phi' operation ('i_iw') with incoming values : ('i_iw', firmware/nnet_utils/nnet_conv_stream.h:201->firmware/nnet_utils/nnet_conv_stream.h:252->firmware/nnet_utils/nnet_conv_stream.h:286->firmware/nnet_utils/nnet_conv2d_stream.h:87->firmware/nnet_utils/nnet_conv2d_stream.h:103) [45]  (0 ns)
	'add' operation ('i_iw', firmware/nnet_utils/nnet_conv_stream.h:201->firmware/nnet_utils/nnet_conv_stream.h:252->firmware/nnet_utils/nnet_conv_stream.h:286->firmware/nnet_utils/nnet_conv2d_stream.h:87->firmware/nnet_utils/nnet_conv2d_stream.h:103) [48]  (1.56 ns)

 <State 4>: 4.43ns
The critical path consists of the following:
	'load' operation ('sX_3_load', firmware/nnet_utils/nnet_conv_stream.h:289->firmware/nnet_utils/nnet_conv2d_stream.h:87->firmware/nnet_utils/nnet_conv2d_stream.h:103) on static variable 'sX_3' [91]  (0 ns)
	'icmp' operation ('icmp_ln289', firmware/nnet_utils/nnet_conv_stream.h:289->firmware/nnet_utils/nnet_conv2d_stream.h:87->firmware/nnet_utils/nnet_conv2d_stream.h:103) [92]  (2.47 ns)
	'and' operation ('and_ln289', firmware/nnet_utils/nnet_conv_stream.h:289->firmware/nnet_utils/nnet_conv2d_stream.h:87->firmware/nnet_utils/nnet_conv2d_stream.h:103) [101]  (0 ns)
	'and' operation ('and_ln289_4', firmware/nnet_utils/nnet_conv_stream.h:289->firmware/nnet_utils/nnet_conv2d_stream.h:87->firmware/nnet_utils/nnet_conv2d_stream.h:103) [103]  (0.978 ns)
	blocking operation 0.978 ns on control path)

 <State 5>: 3.25ns
The critical path consists of the following:
	'phi' operation ('ir') with incoming values : ('ir', firmware/nnet_utils/nnet_dense_resource.h:43->firmware/nnet_utils/nnet_dense_resource.h:253->firmware/nnet_utils/nnet_conv_stream.h:297->firmware/nnet_utils/nnet_conv2d_stream.h:87->firmware/nnet_utils/nnet_conv2d_stream.h:103) [109]  (0 ns)
	'getelementptr' operation ('w2_V_addr', firmware/nnet_utils/nnet_dense_resource.h:56->firmware/nnet_utils/nnet_dense_resource.h:253->firmware/nnet_utils/nnet_conv_stream.h:297->firmware/nnet_utils/nnet_conv2d_stream.h:87->firmware/nnet_utils/nnet_conv2d_stream.h:103) [150]  (0 ns)
	'load' operation ('w2_V_load', firmware/nnet_utils/nnet_dense_resource.h:56->firmware/nnet_utils/nnet_dense_resource.h:253->firmware/nnet_utils/nnet_conv_stream.h:297->firmware/nnet_utils/nnet_conv2d_stream.h:87->firmware/nnet_utils/nnet_conv2d_stream.h:103) on array 'w2_V' [151]  (3.25 ns)

 <State 6>: 5.04ns
The critical path consists of the following:
	'icmp' operation ('icmp_ln19_6', aesl_mux_load.9i16P.i4:19->firmware/nnet_utils/nnet_dense_resource.h:56->firmware/nnet_utils/nnet_dense_resource.h:253->firmware/nnet_utils/nnet_conv_stream.h:297->firmware/nnet_utils/nnet_conv2d_stream.h:87->firmware/nnet_utils/nnet_conv2d_stream.h:103) [132]  (1.3 ns)
	'or' operation ('or_ln19', aesl_mux_load.9i16P.i4:19->firmware/nnet_utils/nnet_dense_resource.h:56->firmware/nnet_utils/nnet_dense_resource.h:253->firmware/nnet_utils/nnet_conv_stream.h:297->firmware/nnet_utils/nnet_conv2d_stream.h:87->firmware/nnet_utils/nnet_conv2d_stream.h:103) [135]  (0.978 ns)
	'or' operation ('or_ln19_4', aesl_mux_load.9i16P.i4:19->firmware/nnet_utils/nnet_dense_resource.h:56->firmware/nnet_utils/nnet_dense_resource.h:253->firmware/nnet_utils/nnet_conv_stream.h:297->firmware/nnet_utils/nnet_conv2d_stream.h:87->firmware/nnet_utils/nnet_conv2d_stream.h:103) [143]  (0.978 ns)
	'select' operation ('select_ln19_6', aesl_mux_load.9i16P.i4:19->firmware/nnet_utils/nnet_dense_resource.h:56->firmware/nnet_utils/nnet_dense_resource.h:253->firmware/nnet_utils/nnet_conv_stream.h:297->firmware/nnet_utils/nnet_conv2d_stream.h:87->firmware/nnet_utils/nnet_conv2d_stream.h:103) [146]  (0.805 ns)
	'select' operation ('select_ln19_7', aesl_mux_load.9i16P.i4:19->firmware/nnet_utils/nnet_dense_resource.h:56->firmware/nnet_utils/nnet_dense_resource.h:253->firmware/nnet_utils/nnet_conv_stream.h:297->firmware/nnet_utils/nnet_conv2d_stream.h:87->firmware/nnet_utils/nnet_conv2d_stream.h:103) [148]  (0.978 ns)

 <State 7>: 6.38ns
The critical path consists of the following:
	'mul' operation of DSP[155] ('mul_ln1118', firmware/nnet_utils/nnet_mult.h:73->firmware/nnet_utils/nnet_dense_resource.h:56->firmware/nnet_utils/nnet_dense_resource.h:253->firmware/nnet_utils/nnet_conv_stream.h:297->firmware/nnet_utils/nnet_conv2d_stream.h:87->firmware/nnet_utils/nnet_conv2d_stream.h:103) [155]  (6.38 ns)

 <State 8>: 2.08ns
The critical path consists of the following:
	'phi' operation ('acc[0].V') with incoming values : ('acc[0].V', firmware/nnet_utils/nnet_dense_resource.h:56->firmware/nnet_utils/nnet_dense_resource.h:253->firmware/nnet_utils/nnet_conv_stream.h:297->firmware/nnet_utils/nnet_conv2d_stream.h:87->firmware/nnet_utils/nnet_conv2d_stream.h:103) [110]  (0 ns)
	'add' operation ('acc[0].V', firmware/nnet_utils/nnet_dense_resource.h:56->firmware/nnet_utils/nnet_dense_resource.h:253->firmware/nnet_utils/nnet_conv_stream.h:297->firmware/nnet_utils/nnet_conv2d_stream.h:87->firmware/nnet_utils/nnet_conv2d_stream.h:103) [157]  (2.08 ns)

 <State 9>: 5.02ns
The critical path consists of the following:
	'add' operation ('add_ln328', firmware/nnet_utils/nnet_conv_stream.h:328->firmware/nnet_utils/nnet_conv2d_stream.h:87->firmware/nnet_utils/nnet_conv2d_stream.h:103) [188]  (2.55 ns)
	'select' operation ('select_ln328', firmware/nnet_utils/nnet_conv_stream.h:328->firmware/nnet_utils/nnet_conv2d_stream.h:87->firmware/nnet_utils/nnet_conv2d_stream.h:103) [189]  (0.698 ns)
	'store' operation ('store_ln328', firmware/nnet_utils/nnet_conv_stream.h:328->firmware/nnet_utils/nnet_conv2d_stream.h:87->firmware/nnet_utils/nnet_conv2d_stream.h:103) of variable 'select_ln328', firmware/nnet_utils/nnet_conv_stream.h:328->firmware/nnet_utils/nnet_conv2d_stream.h:87->firmware/nnet_utils/nnet_conv2d_stream.h:103 on static variable 'sX_3' [190]  (1.77 ns)


============================================================
+ Verbose Summary: Binding
============================================================
N/A
* FSMD analyzer results:
  - Output states:
 - Input state : 
  - Chain level:
	State 1
	State 2
	State 3
	State 4
	State 5
	State 6
	State 7
	State 8
	State 9


============================================================
+ Verbose Summary: Datapath Resource usage 
============================================================
N/A
