

================================================================
== Vivado HLS Report for 'conv_2d_cl_array_ap_fixed_1u_array_ap_fixed_16_6_5_3_0_4u_config2_s'
================================================================
* Date:           Sun Dec 10 18:03:17 2023

* Version:        2020.1 (Build 2897737 on Wed May 27 20:21:37 MDT 2020)
* Project:        myproject_prj
* Solution:       solution1
* Product family: zynq
* Target device:  xc7z020-clg400-1


================================================================
== Performance Estimates
================================================================
+ Timing: 
    * Summary: 
    +--------+----------+----------+------------+
    |  Clock |  Target  | Estimated| Uncertainty|
    +--------+----------+----------+------------+
    |ap_clk  | 10.00 ns | 8.324 ns |   1.25 ns  |
    +--------+----------+----------+------------+

+ Latency: 
    * Summary: 
    +---------+---------+----------+----------+-------+-------+---------+
    |  Latency (cycles) |  Latency (absolute) |    Interval   | Pipeline|
    |   min   |   max   |    min   |    max   |  min  |  max  |   Type  |
    +---------+---------+----------+----------+-------+-------+---------+
    |    27442|    27442| 0.274 ms | 0.274 ms |  27442|  27442|   none  |
    +---------+---------+----------+----------+-------+-------+---------+

    + Detail: 
        * Instance: 
        +----------------------------------------------------------------------------------+-----------------------------------------------------------------------+---------+---------+----------+----------+-----+-----+----------+
        |                                                                                  |                                                                       |  Latency (cycles) |  Latency (absolute) |  Interval | Pipeline |
        |                                     Instance                                     |                                 Module                                |   min   |   max   |    min   |    max   | min | max |   Type   |
        +----------------------------------------------------------------------------------+-----------------------------------------------------------------------+---------+---------+----------+----------+-----+-----+----------+
        |grp_compute_output_buffer_2d_array_array_ap_fixed_16_6_5_3_0_4u_config2_s_fu_147  |compute_output_buffer_2d_array_array_ap_fixed_16_6_5_3_0_4u_config2_s  |       33|       33| 0.330 us | 0.330 us |   34|   34| function |
        +----------------------------------------------------------------------------------+-----------------------------------------------------------------------+---------+---------+----------+----------+-----+-----+----------+

        * Loop: 
        +----------------------------------+---------+---------+----------+-----------+-----------+------+----------+
        |                                  |  Latency (cycles) | Iteration|  Initiation Interval  | Trip |          |
        |             Loop Name            |   min   |   max   |  Latency |  achieved |   target  | Count| Pipelined|
        +----------------------------------+---------+---------+----------+-----------+-----------+------+----------+
        |- ReadInputHeight_ReadInputWidth  |    27440|    27440|        35|         35|         64|   784|    yes   |
        +----------------------------------+---------+---------+----------+-----------+-----------+------+----------+



================================================================
== Utilization Estimates
================================================================
* Summary: 
+-----------------+---------+-------+--------+-------+-----+
|       Name      | BRAM_18K| DSP48E|   FF   |  LUT  | URAM|
+-----------------+---------+-------+--------+-------+-----+
|DSP              |        -|      -|       -|      -|    -|
|Expression       |        -|      -|       0|     31|    -|
|FIFO             |        -|      -|       -|      -|    -|
|Instance         |        0|      1|    1588|   1783|    -|
|Memory           |        -|      -|       -|      -|    -|
|Multiplexer      |        -|      -|       -|    277|    -|
|Register         |        -|      -|      60|      -|    -|
+-----------------+---------+-------+--------+-------+-----+
|Total            |        0|      1|    1648|   2091|    0|
+-----------------+---------+-------+--------+-------+-----+
|Available        |      280|    220|  106400|  53200|    0|
+-----------------+---------+-------+--------+-------+-----+
|Utilization (%)  |        0|   ~0  |       1|      3|    0|
+-----------------+---------+-------+--------+-------+-----+

+ Detail: 
    * Instance: 
    +----------------------------------------------------------------------------------+-----------------------------------------------------------------------+---------+-------+------+------+-----+
    |                                     Instance                                     |                                 Module                                | BRAM_18K| DSP48E|  FF  |  LUT | URAM|
    +----------------------------------------------------------------------------------+-----------------------------------------------------------------------+---------+-------+------+------+-----+
    |grp_compute_output_buffer_2d_array_array_ap_fixed_16_6_5_3_0_4u_config2_s_fu_147  |compute_output_buffer_2d_array_array_ap_fixed_16_6_5_3_0_4u_config2_s  |        0|      1|  1588|  1783|    0|
    +----------------------------------------------------------------------------------+-----------------------------------------------------------------------+---------+-------+------+------+-----+
    |Total                                                                             |                                                                       |        0|      1|  1588|  1783|    0|
    +----------------------------------------------------------------------------------+-----------------------------------------------------------------------+---------+-------+------+------+-----+

    * DSP48E: 
    N/A

    * Memory: 
    N/A

    * FIFO: 
    N/A

    * Expression: 
    +---------------------+----------+-------+---+----+------------+------------+
    |    Variable Name    | Operation| DSP48E| FF| LUT| Bitwidth P0| Bitwidth P1|
    +---------------------+----------+-------+---+----+------------+------------+
    |add_ln79_fu_191_p2   |     +    |      0|  0|  14|          10|           1|
    |icmp_ln79_fu_185_p2  |   icmp   |      0|  0|  13|          10|           9|
    |ap_block_state1      |    or    |      0|  0|   2|           1|           1|
    |ap_block_state36     |    or    |      0|  0|   2|           1|           1|
    +---------------------+----------+-------+---+----+------------+------------+
    |Total                |          |      0|  0|  31|          22|          12|
    +---------------------+----------+-------+---+----+------------+------------+

    * Multiplexer: 
    +---------------------------+-----+-----------+-----+-----------+
    |            Name           | LUT | Input Size| Bits| Total Bits|
    +---------------------------+-----+-----------+-----+-----------+
    |ap_NS_fsm                  |  169|         38|    1|         38|
    |ap_done                    |    9|          2|    1|          2|
    |data_V_data_V_TDATA_blk_n  |    9|          2|    1|          2|
    |indvar_flatten_reg_136     |    9|          2|   10|         20|
    |real_start                 |    9|          2|    1|          2|
    |res_V_data_0_V_blk_n       |    9|          2|    1|          2|
    |res_V_data_0_V_write       |    9|          2|    1|          2|
    |res_V_data_1_V_blk_n       |    9|          2|    1|          2|
    |res_V_data_1_V_write       |    9|          2|    1|          2|
    |res_V_data_2_V_blk_n       |    9|          2|    1|          2|
    |res_V_data_2_V_write       |    9|          2|    1|          2|
    |res_V_data_3_V_blk_n       |    9|          2|    1|          2|
    |res_V_data_3_V_write       |    9|          2|    1|          2|
    +---------------------------+-----+-----------+-----+-----------+
    |Total                      |  277|         62|   22|         80|
    +---------------------------+-----+-----------+-----+-----------+

    * Register: 
    +-----------------------------------------------------------------------------------------------+----+----+-----+-----------+
    |                                              Name                                             | FF | LUT| Bits| Const Bits|
    +-----------------------------------------------------------------------------------------------+----+----+-----+-----------+
    |add_ln79_reg_200                                                                               |  10|   0|   10|          0|
    |ap_CS_fsm                                                                                      |  37|   0|   37|          0|
    |ap_done_reg                                                                                    |   1|   0|    1|          0|
    |grp_compute_output_buffer_2d_array_array_ap_fixed_16_6_5_3_0_4u_config2_s_fu_147_ap_start_reg  |   1|   0|    1|          0|
    |indvar_flatten_reg_136                                                                         |  10|   0|   10|          0|
    |start_once_reg                                                                                 |   1|   0|    1|          0|
    +-----------------------------------------------------------------------------------------------+----+----+-----+-----------+
    |Total                                                                                          |  60|   0|   60|          0|
    +-----------------------------------------------------------------------------------------------+----+----+-----+-----------+



================================================================
== Interface
================================================================
* Summary: 
+-----------------------+-----+-----+------------+-----------------------------------------------------------------------+--------------+
|       RTL Ports       | Dir | Bits|  Protocol  |                             Source Object                             |    C Type    |
+-----------------------+-----+-----+------------+-----------------------------------------------------------------------+--------------+
|ap_clk                 |  in |    1| ap_ctrl_hs | conv_2d_cl<array<ap_fixed,1u>,array<ap_fixed<16,6,5,3,0>,4u>,config2> | return value |
|ap_rst                 |  in |    1| ap_ctrl_hs | conv_2d_cl<array<ap_fixed,1u>,array<ap_fixed<16,6,5,3,0>,4u>,config2> | return value |
|ap_start               |  in |    1| ap_ctrl_hs | conv_2d_cl<array<ap_fixed,1u>,array<ap_fixed<16,6,5,3,0>,4u>,config2> | return value |
|start_full_n           |  in |    1| ap_ctrl_hs | conv_2d_cl<array<ap_fixed,1u>,array<ap_fixed<16,6,5,3,0>,4u>,config2> | return value |
|ap_done                | out |    1| ap_ctrl_hs | conv_2d_cl<array<ap_fixed,1u>,array<ap_fixed<16,6,5,3,0>,4u>,config2> | return value |
|ap_continue            |  in |    1| ap_ctrl_hs | conv_2d_cl<array<ap_fixed,1u>,array<ap_fixed<16,6,5,3,0>,4u>,config2> | return value |
|ap_idle                | out |    1| ap_ctrl_hs | conv_2d_cl<array<ap_fixed,1u>,array<ap_fixed<16,6,5,3,0>,4u>,config2> | return value |
|ap_ready               | out |    1| ap_ctrl_hs | conv_2d_cl<array<ap_fixed,1u>,array<ap_fixed<16,6,5,3,0>,4u>,config2> | return value |
|start_out              | out |    1| ap_ctrl_hs | conv_2d_cl<array<ap_fixed,1u>,array<ap_fixed<16,6,5,3,0>,4u>,config2> | return value |
|start_write            | out |    1| ap_ctrl_hs | conv_2d_cl<array<ap_fixed,1u>,array<ap_fixed<16,6,5,3,0>,4u>,config2> | return value |
|data_V_data_V_TDATA    |  in |   16|    axis    |                             data_V_data_V                             |    pointer   |
|data_V_data_V_TVALID   |  in |    1|    axis    |                             data_V_data_V                             |    pointer   |
|data_V_data_V_TREADY   | out |    1|    axis    |                             data_V_data_V                             |    pointer   |
|res_V_data_0_V_din     | out |   16|   ap_fifo  |                             res_V_data_0_V                            |    pointer   |
|res_V_data_0_V_full_n  |  in |    1|   ap_fifo  |                             res_V_data_0_V                            |    pointer   |
|res_V_data_0_V_write   | out |    1|   ap_fifo  |                             res_V_data_0_V                            |    pointer   |
|res_V_data_1_V_din     | out |   16|   ap_fifo  |                             res_V_data_1_V                            |    pointer   |
|res_V_data_1_V_full_n  |  in |    1|   ap_fifo  |                             res_V_data_1_V                            |    pointer   |
|res_V_data_1_V_write   | out |    1|   ap_fifo  |                             res_V_data_1_V                            |    pointer   |
|res_V_data_2_V_din     | out |   16|   ap_fifo  |                             res_V_data_2_V                            |    pointer   |
|res_V_data_2_V_full_n  |  in |    1|   ap_fifo  |                             res_V_data_2_V                            |    pointer   |
|res_V_data_2_V_write   | out |    1|   ap_fifo  |                             res_V_data_2_V                            |    pointer   |
|res_V_data_3_V_din     | out |   16|   ap_fifo  |                             res_V_data_3_V                            |    pointer   |
|res_V_data_3_V_full_n  |  in |    1|   ap_fifo  |                             res_V_data_3_V                            |    pointer   |
|res_V_data_3_V_write   | out |    1|   ap_fifo  |                             res_V_data_3_V                            |    pointer   |
+-----------------------+-----+-----+------------+-----------------------------------------------------------------------+--------------+

