

================================================================
== Vivado HLS Report for 'dense_wrapper_ap_fixed_16_6_5_3_0_ap_fixed_16_6_5_3_0_config9_s'
================================================================
* Date:           Wed Dec 27 21:20:03 2023

* Version:        2020.1 (Build 2897737 on Wed May 27 20:21:37 MDT 2020)
* Project:        myproject_prj
* Solution:       solution1
* Product family: zynq
* Target device:  xc7z020-clg400-1


================================================================
== Performance Estimates
================================================================
+ Timing: 
    * Summary: 
    +--------+----------+-----------+------------+
    |  Clock |  Target  | Estimated | Uncertainty|
    +--------+----------+-----------+------------+
    |ap_clk  | 25.00 ns | 15.463 ns |   3.12 ns  |
    +--------+----------+-----------+------------+

+ Latency: 
    * Summary: 
    +---------+---------+----------+----------+-----+-----+----------+
    |  Latency (cycles) |  Latency (absolute) |  Interval | Pipeline |
    |   min   |   max   |    min   |    max   | min | max |   Type   |
    +---------+---------+----------+----------+-----+-----+----------+
    |       15|       15| 0.375 us | 0.375 us |   16|   16| function |
    +---------+---------+----------+----------+-----+-----+----------+

    + Detail: 
        * Instance: 
        N/A

        * Loop: 
        N/A



================================================================
== Utilization Estimates
================================================================
* Summary: 
+-----------------+---------+-------+--------+-------+-----+
|       Name      | BRAM_18K| DSP48E|   FF   |  LUT  | URAM|
+-----------------+---------+-------+--------+-------+-----+
|DSP              |        -|      -|       -|      -|    -|
|Expression       |        -|      5|       0|   1602|    -|
|FIFO             |        -|      -|       -|      -|    -|
|Instance         |        -|      -|       -|      -|    -|
|Memory           |        -|      -|       -|      -|    -|
|Multiplexer      |        -|      -|       -|    755|    -|
|Register         |        -|      -|    1509|      -|    -|
+-----------------+---------+-------+--------+-------+-----+
|Total            |        0|      5|    1509|   2357|    0|
+-----------------+---------+-------+--------+-------+-----+
|Available        |      280|    220|  106400|  53200|    0|
+-----------------+---------+-------+--------+-------+-----+
|Utilization (%)  |        0|      2|       1|      4|    0|
+-----------------+---------+-------+--------+-------+-----+

+ Detail: 
    * Instance: 
    N/A

    * DSP48E: 
    N/A

    * Memory: 
    N/A

    * FIFO: 
    N/A

    * Expression: 
    +-------------------------+----------+-------+---+----+------------+------------+
    |      Variable Name      | Operation| DSP48E| FF| LUT| Bitwidth P0| Bitwidth P1|
    +-------------------------+----------+-------+---+----+------------+------------+
    |grp_fu_476_p2            |     *    |      1|  0|   6|          16|          13|
    |grp_fu_477_p2            |     *    |      1|  0|   6|          16|          13|
    |grp_fu_478_p2            |     *    |      1|  0|   6|          16|          13|
    |grp_fu_479_p2            |     *    |      1|  0|   6|          16|          12|
    |grp_fu_480_p2            |     *    |      1|  0|   6|          16|          13|
    |add_ln703_10_fu_1744_p2  |     +    |      0|  0|  16|          16|          16|
    |add_ln703_11_fu_1868_p2  |     +    |      0|  0|  23|          16|          16|
    |add_ln703_12_fu_1574_p2  |     +    |      0|  0|  19|          14|          10|
    |add_ln703_13_fu_1584_p2  |     +    |      0|  0|  23|          16|          16|
    |add_ln703_14_fu_1874_p2  |     +    |      0|  0|  16|          16|          16|
    |add_ln703_15_fu_1879_p2  |     +    |      0|  0|  16|          16|          16|
    |add_ln703_17_fu_1693_p2  |     +    |      0|  0|  16|          16|          16|
    |add_ln703_18_fu_1884_p2  |     +    |      0|  0|  23|          16|          16|
    |add_ln703_19_fu_1919_p2  |     +    |      0|  0|  23|          16|          12|
    |add_ln703_20_fu_1925_p2  |     +    |      0|  0|  16|          16|          16|
    |add_ln703_21_fu_1930_p2  |     +    |      0|  0|  16|          16|          16|
    |add_ln703_23_fu_1605_p2  |     +    |      0|  0|  16|          16|          16|
    |add_ln703_24_fu_1611_p2  |     +    |      0|  0|  16|          16|          16|
    |add_ln703_25_fu_1935_p2  |     +    |      0|  0|  23|          16|          16|
    |add_ln703_26_fu_1955_p2  |     +    |      0|  0|  17|          13|          11|
    |add_ln703_27_fu_1965_p2  |     +    |      0|  0|  23|          16|          16|
    |add_ln703_28_fu_1971_p2  |     +    |      0|  0|  16|          16|          16|
    |add_ln703_29_fu_1976_p2  |     +    |      0|  0|  16|          16|          16|
    |add_ln703_2_fu_1484_p2   |     +    |      0|  0|  16|          16|          16|
    |add_ln703_30_fu_1616_p2  |     +    |      0|  0|  16|          16|          16|
    |add_ln703_31_fu_1622_p2  |     +    |      0|  0|  16|          16|          16|
    |add_ln703_32_fu_1749_p2  |     +    |      0|  0|  23|          16|          16|
    |add_ln703_33_fu_1981_p2  |     +    |      0|  0|  23|          16|          10|
    |add_ln703_34_fu_1987_p2  |     +    |      0|  0|  16|          16|          16|
    |add_ln703_35_fu_1992_p2  |     +    |      0|  0|  16|          16|          16|
    |add_ln703_36_fu_1371_p2  |     +    |      0|  0|  23|          16|          16|
    |add_ln703_37_fu_1489_p2  |     +    |      0|  0|  23|          16|          16|
    |add_ln703_38_fu_1495_p2  |     +    |      0|  0|  16|          16|          16|
    |add_ln703_39_fu_1501_p2  |     +    |      0|  0|  16|          16|          16|
    |add_ln703_3_fu_1687_p2   |     +    |      0|  0|  23|          16|          16|
    |add_ln703_40_fu_1828_p2  |     +    |      0|  0|  23|          16|          16|
    |add_ln703_41_fu_2030_p2  |     +    |      0|  0|  16|          16|          10|
    |add_ln703_42_fu_2036_p2  |     +    |      0|  0|  16|          16|          16|
    |add_ln703_43_fu_2042_p2  |     +    |      0|  0|  16|          16|          16|
    |add_ln703_44_fu_2047_p2  |     +    |      0|  0|  16|          16|          16|
    |add_ln703_45_fu_1377_p2  |     +    |      0|  0|  23|          16|          16|
    |add_ln703_46_fu_1519_p2  |     +    |      0|  0|  16|          16|          16|
    |add_ln703_47_fu_1525_p2  |     +    |      0|  0|  16|          16|          16|
    |add_ln703_48_fu_1590_p2  |     +    |      0|  0|  23|          16|          16|
    |add_ln703_49_fu_1755_p2  |     +    |      0|  0|  23|          16|          16|
    |add_ln703_4_fu_1705_p2   |     +    |      0|  0|  23|          16|          12|
    |add_ln703_50_fu_1760_p2  |     +    |      0|  0|  16|          16|          16|
    |add_ln703_51_fu_1765_p2  |     +    |      0|  0|  16|          16|          16|
    |add_ln703_52_fu_1890_p2  |     +    |      0|  0|  23|          16|          16|
    |add_ln703_53_fu_2052_p2  |     +    |      0|  0|  16|          16|          16|
    |add_ln703_54_fu_2058_p2  |     +    |      0|  0|  16|          16|          16|
    |add_ln703_55_fu_2063_p2  |     +    |      0|  0|  23|          16|          16|
    |add_ln703_56_fu_2069_p2  |     +    |      0|  0|  16|          16|           9|
    |add_ln703_57_fu_2075_p2  |     +    |      0|  0|  16|          16|          16|
    |add_ln703_58_fu_2081_p2  |     +    |      0|  0|  16|          16|          16|
    |add_ln703_59_fu_2087_p2  |     +    |      0|  0|  16|          16|          16|
    |add_ln703_5_fu_1711_p2   |     +    |      0|  0|  16|          16|          16|
    |add_ln703_60_fu_1628_p2  |     +    |      0|  0|  23|          16|          16|
    |add_ln703_61_fu_1834_p2  |     +    |      0|  0|  16|          16|          16|
    |add_ln703_62_fu_1840_p2  |     +    |      0|  0|  16|          16|          16|
    |add_ln703_63_fu_1997_p2  |     +    |      0|  0|  23|          16|          16|
    |add_ln703_64_fu_2092_p2  |     +    |      0|  0|  21|          15|          12|
    |add_ln703_65_fu_2102_p2  |     +    |      0|  0|  23|          16|          16|
    |add_ln703_66_fu_2108_p2  |     +    |      0|  0|  16|          16|          16|
    |add_ln703_67_fu_2113_p2  |     +    |      0|  0|  16|          16|          16|
    |add_ln703_68_fu_1845_p2  |     +    |      0|  0|  16|          16|          16|
    |add_ln703_69_fu_1850_p2  |     +    |      0|  0|  16|          16|          16|
    |add_ln703_6_fu_1716_p2   |     +    |      0|  0|  16|          16|          16|
    |add_ln703_70_fu_2159_p2  |     +    |      0|  0|  17|          13|           8|
    |add_ln703_71_fu_2169_p2  |     +    |      0|  0|  16|          16|          16|
    |add_ln703_72_fu_2175_p2  |     +    |      0|  0|  16|          16|          16|
    |add_ln703_74_fu_1896_p2  |     +    |      0|  0|  16|          16|          16|
    |add_ln703_75_fu_1902_p2  |     +    |      0|  0|  16|          16|          16|
    |add_ln703_76_fu_2003_p2  |     +    |      0|  0|  23|          16|          16|
    |add_ln703_77_fu_2180_p2  |     +    |      0|  0|  23|          16|           8|
    |add_ln703_78_fu_2186_p2  |     +    |      0|  0|  16|          16|          16|
    |add_ln703_79_fu_2191_p2  |     +    |      0|  0|  16|          16|          16|
    |add_ln703_7_fu_1568_p2   |     +    |      0|  0|  23|          16|          16|
    |add_ln703_8_fu_1732_p2   |     +    |      0|  0|  23|          16|          16|
    |add_ln703_9_fu_1738_p2   |     +    |      0|  0|  16|          16|          16|
    |add_ln703_fu_1365_p2     |     +    |      0|  0|  23|          16|          16|
    |grp_fu_1304_p2           |     +    |      0|  0|  16|          16|          16|
    |grp_fu_1342_p2           |     +    |      0|  0|  23|          16|          16|
    |sub_ln1118_1_fu_1664_p2  |     -    |      0|  0|  32|          25|          25|
    |sub_ln1118_2_fu_1794_p2  |     -    |      0|  0|  16|           1|          24|
    |sub_ln1118_3_fu_1812_p2  |     -    |      0|  0|  16|          24|          24|
    |sub_ln1118_4_fu_2139_p2  |     -    |      0|  0|  29|          22|          22|
    |sub_ln1118_fu_1462_p2    |     -    |      0|  0|  32|          25|          25|
    +-------------------------+----------+-------+---+----+------------+------------+
    |Total                    |          |      5|  0|1602|        1416|        1374|
    +-------------------------+----------+-------+---+----+------------+------------+

    * Multiplexer: 
    +---------------+----+-----------+-----+-----------+
    |      Name     | LUT| Input Size| Bits| Total Bits|
    +---------------+----+-----------+-----+-----------+
    |ap_NS_fsm      |  85|         17|    1|         17|
    |grp_fu_476_p0  |  65|         16|   16|        256|
    |grp_fu_476_p1  |  65|         16|   13|        208|
    |grp_fu_477_p0  |  85|         17|   16|        272|
    |grp_fu_477_p1  |  65|         16|   13|        208|
    |grp_fu_478_p0  |  65|         16|   16|        256|
    |grp_fu_478_p1  |  65|         16|   13|        208|
    |grp_fu_479_p0  |  65|         16|   16|        256|
    |grp_fu_479_p1  |  65|         16|   12|        192|
    |grp_fu_480_p0  |  65|         16|   16|        256|
    |grp_fu_480_p1  |  65|         16|   13|        208|
    +---------------+----+-----------+-----+-----------+
    |Total          | 755|        178|  145|       2337|
    +---------------+----+-----------+-----+-----------+

    * Register: 
    +----------------------------+----+----+-----+-----------+
    |            Name            | FF | LUT| Bits| Const Bits|
    +----------------------------+----+----+-----+-----------+
    |add_ln703_10_reg_2391       |  16|   0|   16|          0|
    |add_ln703_13_reg_2318       |  16|   0|   16|          0|
    |add_ln703_15_reg_2436       |  16|   0|   16|          0|
    |add_ln703_17_reg_2360       |  16|   0|   16|          0|
    |add_ln703_18_reg_2441       |  16|   0|   16|          0|
    |add_ln703_21_reg_2462       |  16|   0|   16|          0|
    |add_ln703_22_reg_2283       |  16|   0|   16|          0|
    |add_ln703_24_reg_2328       |  16|   0|   16|          0|
    |add_ln703_25_reg_2467       |  16|   0|   16|          0|
    |add_ln703_29_reg_2477       |  16|   0|   16|          0|
    |add_ln703_2_reg_2298        |  16|   0|   16|          0|
    |add_ln703_31_reg_2333       |  16|   0|   16|          0|
    |add_ln703_32_reg_2396       |  16|   0|   16|          0|
    |add_ln703_35_reg_2482       |  16|   0|   16|          0|
    |add_ln703_36_reg_2258       |  16|   0|   16|          0|
    |add_ln703_39_reg_2303       |  16|   0|   16|          0|
    |add_ln703_3_reg_2355        |  16|   0|   16|          0|
    |add_ln703_40_reg_2416       |  16|   0|   16|          0|
    |add_ln703_44_reg_2497       |  16|   0|   16|          0|
    |add_ln703_45_reg_2263       |  16|   0|   16|          0|
    |add_ln703_47_reg_2308       |  16|   0|   16|          0|
    |add_ln703_48_reg_2323       |  16|   0|   16|          0|
    |add_ln703_51_reg_2401       |  16|   0|   16|          0|
    |add_ln703_52_reg_2446       |  16|   0|   16|          0|
    |add_ln703_59_reg_2502       |  16|   0|   16|          0|
    |add_ln703_60_reg_2338       |  16|   0|   16|          0|
    |add_ln703_62_reg_2421       |  16|   0|   16|          0|
    |add_ln703_63_reg_2487       |  16|   0|   16|          0|
    |add_ln703_67_reg_2507       |  16|   0|   16|          0|
    |add_ln703_69_reg_2426       |  16|   0|   16|          0|
    |add_ln703_6_reg_2376        |  16|   0|   16|          0|
    |add_ln703_73_reg_2268       |  16|   0|   16|          0|
    |add_ln703_75_reg_2451       |  16|   0|   16|          0|
    |add_ln703_76_reg_2492       |  16|   0|   16|          0|
    |add_ln703_7_reg_2313        |  16|   0|   16|          0|
    |add_ln703_reg_2253          |  16|   0|   16|          0|
    |ap_CS_fsm                   |  16|   0|   16|          0|
    |ap_port_reg_data_10_V_read  |  16|   0|   16|          0|
    |ap_port_reg_data_11_V_read  |  16|   0|   16|          0|
    |ap_port_reg_data_12_V_read  |  16|   0|   16|          0|
    |ap_port_reg_data_13_V_read  |  16|   0|   16|          0|
    |ap_port_reg_data_14_V_read  |  16|   0|   16|          0|
    |ap_port_reg_data_15_V_read  |  16|   0|   16|          0|
    |ap_port_reg_data_16_V_read  |  16|   0|   16|          0|
    |ap_port_reg_data_17_V_read  |  16|   0|   16|          0|
    |ap_port_reg_data_18_V_read  |  16|   0|   16|          0|
    |ap_port_reg_data_19_V_read  |  16|   0|   16|          0|
    |ap_port_reg_data_1_V_read   |  16|   0|   16|          0|
    |ap_port_reg_data_20_V_read  |  16|   0|   16|          0|
    |ap_port_reg_data_21_V_read  |  16|   0|   16|          0|
    |ap_port_reg_data_22_V_read  |  16|   0|   16|          0|
    |ap_port_reg_data_23_V_read  |  16|   0|   16|          0|
    |ap_port_reg_data_24_V_read  |  16|   0|   16|          0|
    |ap_port_reg_data_26_V_read  |  16|   0|   16|          0|
    |ap_port_reg_data_27_V_read  |  16|   0|   16|          0|
    |ap_port_reg_data_28_V_read  |  16|   0|   16|          0|
    |ap_port_reg_data_29_V_read  |  16|   0|   16|          0|
    |ap_port_reg_data_2_V_read   |  16|   0|   16|          0|
    |ap_port_reg_data_30_V_read  |  16|   0|   16|          0|
    |ap_port_reg_data_31_V_read  |  16|   0|   16|          0|
    |ap_port_reg_data_4_V_read   |  16|   0|   16|          0|
    |ap_port_reg_data_5_V_read   |  16|   0|   16|          0|
    |ap_port_reg_data_6_V_read   |  16|   0|   16|          0|
    |ap_port_reg_data_7_V_read   |  16|   0|   16|          0|
    |ap_port_reg_data_8_V_read   |  16|   0|   16|          0|
    |ap_port_reg_data_9_V_read   |  16|   0|   16|          0|
    |data_5_V_read_1_reg_2273    |  16|   0|   16|          0|
    |reg_1310                    |  16|   0|   16|          0|
    |reg_1314                    |  16|   0|   16|          0|
    |reg_1318                    |  16|   0|   16|          0|
    |reg_1322                    |  16|   0|   16|          0|
    |reg_1326                    |  16|   0|   16|          0|
    |reg_1330                    |  16|   0|   16|          0|
    |reg_1334                    |  16|   0|   16|          0|
    |reg_1338                    |  16|   0|   16|          0|
    |sext_ln1118_24_reg_2348     |  26|   0|   26|          0|
    |sext_ln1118_25_reg_2370     |  26|   0|   26|          0|
    |sext_ln1118_27_reg_2381     |  26|   0|   26|          0|
    |sext_ln1118_29_reg_2406     |  26|   0|   26|          0|
    |sext_ln1118_34_reg_2431     |  26|   0|   26|          0|
    |sext_ln1118_36_reg_2456     |  26|   0|   26|          0|
    |sext_ln1118_38_reg_2472     |  26|   0|   26|          0|
    |sext_ln1118_reg_2248        |  26|   0|   26|          0|
    |trunc_ln708_11_reg_2278     |  13|   0|   13|          0|
    |trunc_ln708_14_reg_2288     |  12|   0|   12|          0|
    |trunc_ln708_17_reg_2293     |  15|   0|   15|          0|
    |trunc_ln708_37_reg_2343     |  15|   0|   15|          0|
    |trunc_ln708_41_reg_2365     |  16|   0|   16|          0|
    |trunc_ln708_49_reg_2386     |  16|   0|   16|          0|
    |trunc_ln708_56_reg_2411     |  14|   0|   14|          0|
    +----------------------------+----+----+-----+-----------+
    |Total                       |1509|   0| 1509|          0|
    +----------------------------+----+----+-----+-----------+



================================================================
== Interface
================================================================
* Summary: 
+----------------+-----+-----+------------+----------------------------------------------------------------------------+--------------+
|    RTL Ports   | Dir | Bits|  Protocol  |                                Source Object                               |    C Type    |
+----------------+-----+-----+------------+----------------------------------------------------------------------------+--------------+
|ap_clk          |  in |    1| ap_ctrl_hs | dense_wrapper<ap_fixed<16, 6, 5, 3, 0>, ap_fixed<16, 6, 5, 3, 0>, config9> | return value |
|ap_rst          |  in |    1| ap_ctrl_hs | dense_wrapper<ap_fixed<16, 6, 5, 3, 0>, ap_fixed<16, 6, 5, 3, 0>, config9> | return value |
|ap_start        |  in |    1| ap_ctrl_hs | dense_wrapper<ap_fixed<16, 6, 5, 3, 0>, ap_fixed<16, 6, 5, 3, 0>, config9> | return value |
|ap_done         | out |    1| ap_ctrl_hs | dense_wrapper<ap_fixed<16, 6, 5, 3, 0>, ap_fixed<16, 6, 5, 3, 0>, config9> | return value |
|ap_idle         | out |    1| ap_ctrl_hs | dense_wrapper<ap_fixed<16, 6, 5, 3, 0>, ap_fixed<16, 6, 5, 3, 0>, config9> | return value |
|ap_ready        | out |    1| ap_ctrl_hs | dense_wrapper<ap_fixed<16, 6, 5, 3, 0>, ap_fixed<16, 6, 5, 3, 0>, config9> | return value |
|ap_return_0     | out |   16| ap_ctrl_hs | dense_wrapper<ap_fixed<16, 6, 5, 3, 0>, ap_fixed<16, 6, 5, 3, 0>, config9> | return value |
|ap_return_1     | out |   16| ap_ctrl_hs | dense_wrapper<ap_fixed<16, 6, 5, 3, 0>, ap_fixed<16, 6, 5, 3, 0>, config9> | return value |
|ap_return_2     | out |   16| ap_ctrl_hs | dense_wrapper<ap_fixed<16, 6, 5, 3, 0>, ap_fixed<16, 6, 5, 3, 0>, config9> | return value |
|ap_return_3     | out |   16| ap_ctrl_hs | dense_wrapper<ap_fixed<16, 6, 5, 3, 0>, ap_fixed<16, 6, 5, 3, 0>, config9> | return value |
|ap_return_4     | out |   16| ap_ctrl_hs | dense_wrapper<ap_fixed<16, 6, 5, 3, 0>, ap_fixed<16, 6, 5, 3, 0>, config9> | return value |
|ap_return_5     | out |   16| ap_ctrl_hs | dense_wrapper<ap_fixed<16, 6, 5, 3, 0>, ap_fixed<16, 6, 5, 3, 0>, config9> | return value |
|ap_return_6     | out |   16| ap_ctrl_hs | dense_wrapper<ap_fixed<16, 6, 5, 3, 0>, ap_fixed<16, 6, 5, 3, 0>, config9> | return value |
|ap_return_7     | out |   16| ap_ctrl_hs | dense_wrapper<ap_fixed<16, 6, 5, 3, 0>, ap_fixed<16, 6, 5, 3, 0>, config9> | return value |
|ap_return_8     | out |   16| ap_ctrl_hs | dense_wrapper<ap_fixed<16, 6, 5, 3, 0>, ap_fixed<16, 6, 5, 3, 0>, config9> | return value |
|ap_return_9     | out |   16| ap_ctrl_hs | dense_wrapper<ap_fixed<16, 6, 5, 3, 0>, ap_fixed<16, 6, 5, 3, 0>, config9> | return value |
|data_0_V_read   |  in |   16|   ap_none  |                                data_0_V_read                               |    scalar    |
|data_1_V_read   |  in |   16|   ap_none  |                                data_1_V_read                               |    scalar    |
|data_2_V_read   |  in |   16|   ap_none  |                                data_2_V_read                               |    scalar    |
|data_4_V_read   |  in |   16|   ap_none  |                                data_4_V_read                               |    scalar    |
|data_5_V_read   |  in |   16|   ap_none  |                                data_5_V_read                               |    scalar    |
|data_6_V_read   |  in |   16|   ap_none  |                                data_6_V_read                               |    scalar    |
|data_7_V_read   |  in |   16|   ap_none  |                                data_7_V_read                               |    scalar    |
|data_8_V_read   |  in |   16|   ap_none  |                                data_8_V_read                               |    scalar    |
|data_9_V_read   |  in |   16|   ap_none  |                                data_9_V_read                               |    scalar    |
|data_10_V_read  |  in |   16|   ap_none  |                               data_10_V_read                               |    scalar    |
|data_11_V_read  |  in |   16|   ap_none  |                               data_11_V_read                               |    scalar    |
|data_12_V_read  |  in |   16|   ap_none  |                               data_12_V_read                               |    scalar    |
|data_13_V_read  |  in |   16|   ap_none  |                               data_13_V_read                               |    scalar    |
|data_14_V_read  |  in |   16|   ap_none  |                               data_14_V_read                               |    scalar    |
|data_15_V_read  |  in |   16|   ap_none  |                               data_15_V_read                               |    scalar    |
|data_16_V_read  |  in |   16|   ap_none  |                               data_16_V_read                               |    scalar    |
|data_17_V_read  |  in |   16|   ap_none  |                               data_17_V_read                               |    scalar    |
|data_18_V_read  |  in |   16|   ap_none  |                               data_18_V_read                               |    scalar    |
|data_19_V_read  |  in |   16|   ap_none  |                               data_19_V_read                               |    scalar    |
|data_20_V_read  |  in |   16|   ap_none  |                               data_20_V_read                               |    scalar    |
|data_21_V_read  |  in |   16|   ap_none  |                               data_21_V_read                               |    scalar    |
|data_22_V_read  |  in |   16|   ap_none  |                               data_22_V_read                               |    scalar    |
|data_23_V_read  |  in |   16|   ap_none  |                               data_23_V_read                               |    scalar    |
|data_24_V_read  |  in |   16|   ap_none  |                               data_24_V_read                               |    scalar    |
|data_26_V_read  |  in |   16|   ap_none  |                               data_26_V_read                               |    scalar    |
|data_27_V_read  |  in |   16|   ap_none  |                               data_27_V_read                               |    scalar    |
|data_28_V_read  |  in |   16|   ap_none  |                               data_28_V_read                               |    scalar    |
|data_29_V_read  |  in |   16|   ap_none  |                               data_29_V_read                               |    scalar    |
|data_30_V_read  |  in |   16|   ap_none  |                               data_30_V_read                               |    scalar    |
|data_31_V_read  |  in |   16|   ap_none  |                               data_31_V_read                               |    scalar    |
+----------------+-----+-----+------------+----------------------------------------------------------------------------+--------------+

