

================================================================
== Vivado HLS Report for 'dense_latency_0_0_0_0_0_0_0_0_0_0_0_0_0_0_0_0_0_0_0_0_0_0_0_0_0_0_0_0_0_0_0_0_0_s'
================================================================
* Date:           Thu Feb 29 16:01:15 2024

* Version:        2020.1 (Build 2897737 on Wed May 27 20:21:37 MDT 2020)
* Project:        myproject_prj
* Solution:       solution1
* Product family: zynq
* Target device:  xc7z020-clg400-1


================================================================
== Performance Estimates
================================================================
+ Timing: 
    * Summary: 
    +--------+----------+-----------+------------+
    |  Clock |  Target  | Estimated | Uncertainty|
    +--------+----------+-----------+------------+
    |ap_clk  | 25.00 ns | 11.428 ns |   3.12 ns  |
    +--------+----------+-----------+------------+

+ Latency: 
    * Summary: 
    +---------+---------+----------+----------+-----+-----+----------+
    |  Latency (cycles) |  Latency (absolute) |  Interval | Pipeline |
    |   min   |   max   |    min   |    max   | min | max |   Type   |
    +---------+---------+----------+----------+-----+-----+----------+
    |        0|        0|   0 ns   |   0 ns   |    1|    1| function |
    +---------+---------+----------+----------+-----+-----+----------+

    + Detail: 
        * Instance: 
        N/A

        * Loop: 
        N/A



================================================================
== Utilization Estimates
================================================================
* Summary: 
+-----------------+---------+-------+--------+-------+-----+
|       Name      | BRAM_18K| DSP48E|   FF   |  LUT  | URAM|
+-----------------+---------+-------+--------+-------+-----+
|DSP              |        -|      -|       -|      -|    -|
|Expression       |        -|     81|       0|   2328|    -|
|FIFO             |        -|      -|       -|      -|    -|
|Instance         |        -|      -|       -|      -|    -|
|Memory           |        -|      -|       -|      -|    -|
|Multiplexer      |        -|      -|       -|      -|    -|
|Register         |        -|      -|       -|      -|    -|
+-----------------+---------+-------+--------+-------+-----+
|Total            |        0|     81|       0|   2328|    0|
+-----------------+---------+-------+--------+-------+-----+
|Available        |      280|    220|  106400|  53200|    0|
+-----------------+---------+-------+--------+-------+-----+
|Utilization (%)  |        0|     36|       0|      4|    0|
+-----------------+---------+-------+--------+-------+-----+

+ Detail: 
    * Instance: 
    N/A

    * DSP48E: 
    N/A

    * Memory: 
    N/A

    * FIFO: 
    N/A

    * Expression: 
    +---------------------------+----------+-------+---+----+------------+------------+
    |       Variable Name       | Operation| DSP48E| FF| LUT| Bitwidth P0| Bitwidth P1|
    +---------------------------+----------+-------+---+----+------------+------------+
    |mul_ln1118_100_fu_459_p2   |     *    |      1|  0|   6|          10|          16|
    |mul_ln1118_101_fu_460_p2   |     *    |      1|  0|   6|           9|          16|
    |mul_ln1118_102_fu_418_p2   |     *    |      1|  0|   6|          10|          16|
    |mul_ln1118_103_fu_376_p2   |     *    |      1|  0|   6|          10|          16|
    |mul_ln1118_104_fu_371_p2   |     *    |      1|  0|   6|           9|          16|
    |mul_ln1118_105_fu_458_p2   |     *    |      1|  0|   6|          10|          16|
    |mul_ln1118_106_fu_469_p2   |     *    |      1|  0|   6|           9|          16|
    |mul_ln1118_107_fu_370_p2   |     *    |      1|  0|   6|          10|          16|
    |mul_ln1118_108_fu_372_p2   |     *    |      1|  0|   6|           9|          16|
    |mul_ln1118_109_fu_456_p2   |     *    |      1|  0|   6|          10|          16|
    |mul_ln1118_110_fu_422_p2   |     *    |      1|  0|   6|           9|          16|
    |mul_ln1118_111_fu_454_p2   |     *    |      1|  0|   6|           9|          16|
    |mul_ln1118_112_fu_367_p2   |     *    |      1|  0|   6|           9|          16|
    |mul_ln1118_113_fu_360_p2   |     *    |      1|  0|   6|           9|          16|
    |mul_ln1118_114_fu_387_p2   |     *    |      1|  0|   6|           9|          16|
    |mul_ln1118_115_fu_450_p2   |     *    |      1|  0|   6|          10|          16|
    |mul_ln1118_116_fu_443_p2   |     *    |      1|  0|   6|           9|          16|
    |mul_ln1118_117_fu_427_p2   |     *    |      1|  0|   6|           8|          16|
    |mul_ln1118_118_fu_381_p2   |     *    |      1|  0|   6|          10|          16|
    |mul_ln1118_119_fu_362_p2   |     *    |      1|  0|   6|           9|          16|
    |mul_ln1118_120_fu_406_p2   |     *    |      1|  0|   6|           9|          16|
    |mul_ln1118_121_fu_462_p2   |     *    |      1|  0|   6|           9|          16|
    |mul_ln1118_122_fu_410_p2   |     *    |      1|  0|   6|           9|          16|
    |mul_ln1118_123_fu_411_p2   |     *    |      1|  0|   6|          10|          16|
    |mul_ln1118_124_fu_461_p2   |     *    |      1|  0|   6|           8|          16|
    |mul_ln1118_125_fu_374_p2   |     *    |      1|  0|   6|           9|          16|
    |mul_ln1118_126_fu_400_p2   |     *    |      1|  0|   6|          10|          16|
    |mul_ln1118_127_fu_431_p2   |     *    |      1|  0|   6|           9|          16|
    |mul_ln1118_128_fu_397_p2   |     *    |      1|  0|   6|           9|          16|
    |mul_ln1118_129_fu_440_p2   |     *    |      1|  0|   6|          10|          16|
    |mul_ln1118_130_fu_483_p2   |     *    |      1|  0|   6|           9|          16|
    |mul_ln1118_131_fu_437_p2   |     *    |      1|  0|   6|          10|          16|
    |mul_ln1118_132_fu_405_p2   |     *    |      1|  0|   6|           9|          16|
    |mul_ln1118_133_fu_481_p2   |     *    |      1|  0|   6|           9|          16|
    |mul_ln1118_134_fu_436_p2   |     *    |      1|  0|   6|          10|          16|
    |mul_ln1118_135_fu_402_p2   |     *    |      1|  0|   6|           9|          16|
    |mul_ln1118_136_fu_479_p2   |     *    |      1|  0|   6|          10|          16|
    |mul_ln1118_137_fu_358_p2   |     *    |      1|  0|   6|          10|          16|
    |mul_ln1118_138_fu_430_p2   |     *    |      1|  0|   6|          10|          16|
    |mul_ln1118_139_fu_384_p2   |     *    |      1|  0|   6|          10|          16|
    |mul_ln1118_140_fu_398_p2   |     *    |      1|  0|   6|           9|          16|
    |mul_ln1118_141_fu_356_p2   |     *    |      1|  0|   6|          10|          16|
    |mul_ln1118_142_fu_383_p2   |     *    |      1|  0|   6|           9|          16|
    |mul_ln1118_143_fu_473_p2   |     *    |      1|  0|   6|           9|          16|
    |mul_ln1118_144_fu_388_p2   |     *    |      1|  0|   6|          10|          16|
    |mul_ln1118_145_fu_447_p2   |     *    |      1|  0|   6|           9|          16|
    |mul_ln1118_146_fu_470_p2   |     *    |      1|  0|   6|           9|          16|
    |mul_ln1118_147_fu_471_p2   |     *    |      1|  0|   6|           9|          16|
    |mul_ln1118_148_fu_446_p2   |     *    |      1|  0|   6|           9|          16|
    |mul_ln1118_149_fu_468_p2   |     *    |      1|  0|   6|           9|          16|
    |mul_ln1118_150_fu_425_p2   |     *    |      1|  0|   6|          10|          16|
    |mul_ln1118_151_fu_426_p2   |     *    |      1|  0|   6|           9|          16|
    |mul_ln1118_152_fu_382_p2   |     *    |      1|  0|   6|           9|          16|
    |mul_ln1118_153_fu_365_p2   |     *    |      1|  0|   6|           9|          16|
    |mul_ln1118_154_fu_380_p2   |     *    |      1|  0|   6|           9|          16|
    |mul_ln1118_155_fu_451_p2   |     *    |      1|  0|   6|          10|          16|
    |mul_ln1118_156_fu_438_p2   |     *    |      1|  0|   6|           9|          16|
    |mul_ln1118_157_fu_428_p2   |     *    |      1|  0|   6|           9|          16|
    |mul_ln1118_158_fu_401_p2   |     *    |      1|  0|   6|           9|          16|
    |mul_ln1118_159_fu_363_p2   |     *    |      1|  0|   6|           9|          16|
    |mul_ln1118_80_fu_475_p2    |     *    |      1|  0|   6|          10|          16|
    |mul_ln1118_81_fu_390_p2    |     *    |      1|  0|   6|          10|          16|
    |mul_ln1118_82_fu_391_p2    |     *    |      1|  0|   6|          10|          16|
    |mul_ln1118_83_fu_421_p2    |     *    |      1|  0|   6|           9|          16|
    |mul_ln1118_84_fu_393_p2    |     *    |      1|  0|   6|           8|          16|
    |mul_ln1118_85_fu_474_p2    |     *    |      1|  0|   6|           9|          16|
    |mul_ln1118_86_fu_396_p2    |     *    |      1|  0|   6|          10|          16|
    |mul_ln1118_87_fu_412_p2    |     *    |      1|  0|   6|           8|          16|
    |mul_ln1118_88_fu_385_p2    |     *    |      1|  0|   6|           8|          16|
    |mul_ln1118_89_fu_386_p2    |     *    |      1|  0|   6|           9|          16|
    |mul_ln1118_90_fu_361_p2    |     *    |      1|  0|   6|           9|          16|
    |mul_ln1118_91_fu_366_p2    |     *    |      1|  0|   6|           9|          16|
    |mul_ln1118_92_fu_375_p2    |     *    |      1|  0|   6|           9|          16|
    |mul_ln1118_93_fu_413_p2    |     *    |      1|  0|   6|          10|          16|
    |mul_ln1118_94_fu_457_p2    |     *    |      1|  0|   6|           8|          16|
    |mul_ln1118_95_fu_407_p2    |     *    |      1|  0|   6|           9|          16|
    |mul_ln1118_96_fu_465_p2    |     *    |      1|  0|   6|          10|          16|
    |mul_ln1118_97_fu_419_p2    |     *    |      1|  0|   6|          10|          16|
    |mul_ln1118_98_fu_377_p2    |     *    |      1|  0|   6|          10|          16|
    |mul_ln1118_99_fu_378_p2    |     *    |      1|  0|   6|          10|          16|
    |mul_ln1118_fu_444_p2       |     *    |      1|  0|   6|           8|          16|
    |acc_104_V_fu_44115_p2      |     +    |      0|  0|  23|           7|          16|
    |acc_106_V_fu_44127_p2      |     +    |      0|  0|  16|          16|          16|
    |acc_112_V_fu_44133_p2      |     +    |      0|  0|  23|           8|          16|
    |acc_113_V_fu_44139_p2      |     +    |      0|  0|  23|           8|          16|
    |acc_115_V_fu_44151_p2      |     +    |      0|  0|  16|          16|          16|
    |acc_116_V_fu_44157_p2      |     +    |      0|  0|  23|           8|          16|
    |acc_118_V_fu_44169_p2      |     +    |      0|  0|  16|          16|          16|
    |acc_121_V_fu_44181_p2      |     +    |      0|  0|  16|          16|          16|
    |acc_123_V_fu_44193_p2      |     +    |      0|  0|  16|          16|          16|
    |acc_124_V_fu_44205_p2      |     +    |      0|  0|  16|          16|          16|
    |acc_126_V_fu_44217_p2      |     +    |      0|  0|  16|          16|          16|
    |acc_14_V_fu_43713_p2       |     +    |      0|  0|  23|           6|          16|
    |acc_15_V_fu_43719_p2       |     +    |      0|  0|  23|           9|          16|
    |acc_17_V_fu_43737_p2       |     +    |      0|  0|  16|          16|          16|
    |acc_20_V_fu_43743_p2       |     +    |      0|  0|  23|           8|          16|
    |acc_21_V_fu_43755_p2       |     +    |      0|  0|  16|          16|          16|
    |acc_22_V_fu_43761_p2       |     +    |      0|  0|  23|           9|          16|
    |acc_23_V_fu_43767_p2       |     +    |      0|  0|  23|           8|          16|
    |acc_24_V_fu_43773_p2       |     +    |      0|  0|  23|           7|          16|
    |acc_25_V_fu_43779_p2       |     +    |      0|  0|  23|           8|          16|
    |acc_31_V_fu_43785_p2       |     +    |      0|  0|  23|           8|          16|
    |acc_32_V_fu_43791_p2       |     +    |      0|  0|  23|           8|          16|
    |acc_36_V_fu_43797_p2       |     +    |      0|  0|  23|           8|          16|
    |acc_37_V_fu_43803_p2       |     +    |      0|  0|  23|           9|          16|
    |acc_38_V_fu_43809_p2       |     +    |      0|  0|  23|           7|          16|
    |acc_41_V_fu_43815_p2       |     +    |      0|  0|  23|           9|          16|
    |acc_45_V_fu_43821_p2       |     +    |      0|  0|  23|           8|          16|
    |acc_46_V_fu_43827_p2       |     +    |      0|  0|  23|           8|          16|
    |acc_47_V_fu_43839_p2       |     +    |      0|  0|  16|          16|          16|
    |acc_49_V_fu_43845_p2       |     +    |      0|  0|  23|           9|          16|
    |acc_50_V_fu_43851_p2       |     +    |      0|  0|  23|           9|          16|
    |acc_51_V_fu_43863_p2       |     +    |      0|  0|  16|          16|          16|
    |acc_52_V_fu_43869_p2       |     +    |      0|  0|  23|           7|          16|
    |acc_53_V_fu_43881_p2       |     +    |      0|  0|  16|          16|          16|
    |acc_54_V_fu_43887_p2       |     +    |      0|  0|  23|           6|          16|
    |acc_58_V_fu_43893_p2       |     +    |      0|  0|  23|           5|          16|
    |acc_59_V_fu_43899_p2       |     +    |      0|  0|  23|           7|          16|
    |acc_5_V_fu_43695_p2        |     +    |      0|  0|  23|           8|          16|
    |acc_62_V_fu_43911_p2       |     +    |      0|  0|  16|          16|          16|
    |acc_63_V_fu_43917_p2       |     +    |      0|  0|  23|           8|          16|
    |acc_64_V_fu_43923_p2       |     +    |      0|  0|  23|           6|          16|
    |acc_65_V_fu_43929_p2       |     +    |      0|  0|  23|           8|          16|
    |acc_68_V_fu_43935_p2       |     +    |      0|  0|  23|           9|          16|
    |acc_70_V_fu_43941_p2       |     +    |      0|  0|  23|           8|          16|
    |acc_71_V_fu_43947_p2       |     +    |      0|  0|  23|           9|          16|
    |acc_72_V_fu_43959_p2       |     +    |      0|  0|  16|          16|          16|
    |acc_74_V_fu_43971_p2       |     +    |      0|  0|  16|          16|          16|
    |acc_75_V_fu_43977_p2       |     +    |      0|  0|  23|           7|          16|
    |acc_76_V_fu_43983_p2       |     +    |      0|  0|  23|           7|          16|
    |acc_77_V_fu_43995_p2       |     +    |      0|  0|  16|          16|          16|
    |acc_80_V_fu_44001_p2       |     +    |      0|  0|  23|           7|          16|
    |acc_81_V_fu_44007_p2       |     +    |      0|  0|  23|           8|          16|
    |acc_82_V_fu_44013_p2       |     +    |      0|  0|  23|           9|          16|
    |acc_83_V_fu_44019_p2       |     +    |      0|  0|  23|           9|          16|
    |acc_86_V_fu_44025_p2       |     +    |      0|  0|  23|           8|          16|
    |acc_87_V_fu_44031_p2       |     +    |      0|  0|  23|           8|          16|
    |acc_88_V_fu_44043_p2       |     +    |      0|  0|  16|          16|          16|
    |acc_89_V_fu_44049_p2       |     +    |      0|  0|  23|           8|          16|
    |acc_8_V_fu_43707_p2        |     +    |      0|  0|  16|          16|          16|
    |acc_93_V_fu_44061_p2       |     +    |      0|  0|  16|          16|          16|
    |acc_94_V_fu_44073_p2       |     +    |      0|  0|  16|          16|          16|
    |acc_95_V_fu_44079_p2       |     +    |      0|  0|  23|           5|          16|
    |acc_96_V_fu_44091_p2       |     +    |      0|  0|  16|          16|          16|
    |acc_97_V_fu_44103_p2       |     +    |      0|  0|  16|          16|          16|
    |acc_99_V_fu_44109_p2       |     +    |      0|  0|  23|           8|          16|
    |add_ln1118_fu_43513_p2     |     +    |      0|  0|  32|          25|          25|
    |add_ln703_113_fu_43833_p2  |     +    |      0|  0|  16|           8|          16|
    |add_ln703_117_fu_43857_p2  |     +    |      0|  0|  16|           8|          16|
    |add_ln703_120_fu_43875_p2  |     +    |      0|  0|  16|           8|          16|
    |add_ln703_125_fu_43905_p2  |     +    |      0|  0|  16|           8|          16|
    |add_ln703_133_fu_43953_p2  |     +    |      0|  0|  16|           8|          16|
    |add_ln703_135_fu_43965_p2  |     +    |      0|  0|  16|           8|          16|
    |add_ln703_139_fu_43989_p2  |     +    |      0|  0|  16|           7|          16|
    |add_ln703_147_fu_44037_p2  |     +    |      0|  0|  16|           9|          16|
    |add_ln703_150_fu_44055_p2  |     +    |      0|  0|  16|           8|          16|
    |add_ln703_152_fu_44067_p2  |     +    |      0|  0|  16|           8|          16|
    |add_ln703_155_fu_44085_p2  |     +    |      0|  0|  16|           6|          16|
    |add_ln703_157_fu_44097_p2  |     +    |      0|  0|  16|           9|          16|
    |add_ln703_161_fu_44121_p2  |     +    |      0|  0|  16|           8|          16|
    |add_ln703_165_fu_44145_p2  |     +    |      0|  0|  16|           8|          16|
    |add_ln703_168_fu_44163_p2  |     +    |      0|  0|  16|           8|          16|
    |add_ln703_170_fu_44175_p2  |     +    |      0|  0|  16|           9|          16|
    |add_ln703_172_fu_44187_p2  |     +    |      0|  0|  16|           8|          16|
    |add_ln703_174_fu_44199_p2  |     +    |      0|  0|  16|           9|          16|
    |add_ln703_176_fu_44211_p2  |     +    |      0|  0|  16|           8|          16|
    |add_ln703_95_fu_43725_p2   |     +    |      0|  0|  16|          16|          16|
    |add_ln703_96_fu_43731_p2   |     +    |      0|  0|  23|           8|          16|
    |add_ln703_99_fu_43749_p2   |     +    |      0|  0|  16|           8|          16|
    |add_ln703_fu_43701_p2      |     +    |      0|  0|  16|           9|          16|
    |sub_ln1118_1_fu_43361_p2   |     -    |      0|  0|  32|          25|          25|
    |sub_ln1118_2_fu_43583_p2   |     -    |      0|  0|  16|           1|          25|
    |sub_ln1118_3_fu_43601_p2   |     -    |      0|  0|  16|          25|          25|
    |sub_ln1118_fu_42760_p2     |     -    |      0|  0|  30|          23|          23|
    +---------------------------+----------+-------+---+----+------------+------------+
    |Total                      |          |     81|  0|2328|        1731|        2827|
    +---------------------------+----------+-------+---+----+------------+------------+

    * Multiplexer: 
    N/A

    * Register: 
    N/A



================================================================
== Interface
================================================================
* Summary: 
+--------------+-----+-----+------------+----------------------------------------------------------------------------------+--------------+
|   RTL Ports  | Dir | Bits|  Protocol  |                                   Source Object                                  |    C Type    |
+--------------+-----+-----+------------+----------------------------------------------------------------------------------+--------------+
|ap_ready      | out |    1| ap_ctrl_hs | dense_latency.0.0.0.0.0.0.0.0.0.0.0.0.0.0.0.0.0.0.0.0.0.0.0.0.0.0.0.0.0.0.0.0.0. | return value |
|ap_return_0   | out |   16| ap_ctrl_hs | dense_latency.0.0.0.0.0.0.0.0.0.0.0.0.0.0.0.0.0.0.0.0.0.0.0.0.0.0.0.0.0.0.0.0.0. | return value |
|ap_return_1   | out |   16| ap_ctrl_hs | dense_latency.0.0.0.0.0.0.0.0.0.0.0.0.0.0.0.0.0.0.0.0.0.0.0.0.0.0.0.0.0.0.0.0.0. | return value |
|ap_return_2   | out |   16| ap_ctrl_hs | dense_latency.0.0.0.0.0.0.0.0.0.0.0.0.0.0.0.0.0.0.0.0.0.0.0.0.0.0.0.0.0.0.0.0.0. | return value |
|ap_return_3   | out |   16| ap_ctrl_hs | dense_latency.0.0.0.0.0.0.0.0.0.0.0.0.0.0.0.0.0.0.0.0.0.0.0.0.0.0.0.0.0.0.0.0.0. | return value |
|ap_return_4   | out |   16| ap_ctrl_hs | dense_latency.0.0.0.0.0.0.0.0.0.0.0.0.0.0.0.0.0.0.0.0.0.0.0.0.0.0.0.0.0.0.0.0.0. | return value |
|ap_return_5   | out |   16| ap_ctrl_hs | dense_latency.0.0.0.0.0.0.0.0.0.0.0.0.0.0.0.0.0.0.0.0.0.0.0.0.0.0.0.0.0.0.0.0.0. | return value |
|ap_return_6   | out |   16| ap_ctrl_hs | dense_latency.0.0.0.0.0.0.0.0.0.0.0.0.0.0.0.0.0.0.0.0.0.0.0.0.0.0.0.0.0.0.0.0.0. | return value |
|ap_return_7   | out |   16| ap_ctrl_hs | dense_latency.0.0.0.0.0.0.0.0.0.0.0.0.0.0.0.0.0.0.0.0.0.0.0.0.0.0.0.0.0.0.0.0.0. | return value |
|ap_return_8   | out |   16| ap_ctrl_hs | dense_latency.0.0.0.0.0.0.0.0.0.0.0.0.0.0.0.0.0.0.0.0.0.0.0.0.0.0.0.0.0.0.0.0.0. | return value |
|ap_return_9   | out |   16| ap_ctrl_hs | dense_latency.0.0.0.0.0.0.0.0.0.0.0.0.0.0.0.0.0.0.0.0.0.0.0.0.0.0.0.0.0.0.0.0.0. | return value |
|ap_return_10  | out |   16| ap_ctrl_hs | dense_latency.0.0.0.0.0.0.0.0.0.0.0.0.0.0.0.0.0.0.0.0.0.0.0.0.0.0.0.0.0.0.0.0.0. | return value |
|ap_return_11  | out |   16| ap_ctrl_hs | dense_latency.0.0.0.0.0.0.0.0.0.0.0.0.0.0.0.0.0.0.0.0.0.0.0.0.0.0.0.0.0.0.0.0.0. | return value |
|ap_return_12  | out |   16| ap_ctrl_hs | dense_latency.0.0.0.0.0.0.0.0.0.0.0.0.0.0.0.0.0.0.0.0.0.0.0.0.0.0.0.0.0.0.0.0.0. | return value |
|ap_return_13  | out |   16| ap_ctrl_hs | dense_latency.0.0.0.0.0.0.0.0.0.0.0.0.0.0.0.0.0.0.0.0.0.0.0.0.0.0.0.0.0.0.0.0.0. | return value |
|ap_return_14  | out |   16| ap_ctrl_hs | dense_latency.0.0.0.0.0.0.0.0.0.0.0.0.0.0.0.0.0.0.0.0.0.0.0.0.0.0.0.0.0.0.0.0.0. | return value |
|ap_return_15  | out |   16| ap_ctrl_hs | dense_latency.0.0.0.0.0.0.0.0.0.0.0.0.0.0.0.0.0.0.0.0.0.0.0.0.0.0.0.0.0.0.0.0.0. | return value |
|ap_return_16  | out |   16| ap_ctrl_hs | dense_latency.0.0.0.0.0.0.0.0.0.0.0.0.0.0.0.0.0.0.0.0.0.0.0.0.0.0.0.0.0.0.0.0.0. | return value |
|ap_return_17  | out |   16| ap_ctrl_hs | dense_latency.0.0.0.0.0.0.0.0.0.0.0.0.0.0.0.0.0.0.0.0.0.0.0.0.0.0.0.0.0.0.0.0.0. | return value |
|ap_return_18  | out |   16| ap_ctrl_hs | dense_latency.0.0.0.0.0.0.0.0.0.0.0.0.0.0.0.0.0.0.0.0.0.0.0.0.0.0.0.0.0.0.0.0.0. | return value |
|ap_return_19  | out |   16| ap_ctrl_hs | dense_latency.0.0.0.0.0.0.0.0.0.0.0.0.0.0.0.0.0.0.0.0.0.0.0.0.0.0.0.0.0.0.0.0.0. | return value |
|ap_return_20  | out |   16| ap_ctrl_hs | dense_latency.0.0.0.0.0.0.0.0.0.0.0.0.0.0.0.0.0.0.0.0.0.0.0.0.0.0.0.0.0.0.0.0.0. | return value |
|ap_return_21  | out |   16| ap_ctrl_hs | dense_latency.0.0.0.0.0.0.0.0.0.0.0.0.0.0.0.0.0.0.0.0.0.0.0.0.0.0.0.0.0.0.0.0.0. | return value |
|ap_return_22  | out |   16| ap_ctrl_hs | dense_latency.0.0.0.0.0.0.0.0.0.0.0.0.0.0.0.0.0.0.0.0.0.0.0.0.0.0.0.0.0.0.0.0.0. | return value |
|ap_return_23  | out |   16| ap_ctrl_hs | dense_latency.0.0.0.0.0.0.0.0.0.0.0.0.0.0.0.0.0.0.0.0.0.0.0.0.0.0.0.0.0.0.0.0.0. | return value |
|ap_return_24  | out |   16| ap_ctrl_hs | dense_latency.0.0.0.0.0.0.0.0.0.0.0.0.0.0.0.0.0.0.0.0.0.0.0.0.0.0.0.0.0.0.0.0.0. | return value |
|ap_return_25  | out |   16| ap_ctrl_hs | dense_latency.0.0.0.0.0.0.0.0.0.0.0.0.0.0.0.0.0.0.0.0.0.0.0.0.0.0.0.0.0.0.0.0.0. | return value |
|ap_return_26  | out |   16| ap_ctrl_hs | dense_latency.0.0.0.0.0.0.0.0.0.0.0.0.0.0.0.0.0.0.0.0.0.0.0.0.0.0.0.0.0.0.0.0.0. | return value |
|ap_return_27  | out |   16| ap_ctrl_hs | dense_latency.0.0.0.0.0.0.0.0.0.0.0.0.0.0.0.0.0.0.0.0.0.0.0.0.0.0.0.0.0.0.0.0.0. | return value |
|ap_return_28  | out |   16| ap_ctrl_hs | dense_latency.0.0.0.0.0.0.0.0.0.0.0.0.0.0.0.0.0.0.0.0.0.0.0.0.0.0.0.0.0.0.0.0.0. | return value |
|ap_return_29  | out |   16| ap_ctrl_hs | dense_latency.0.0.0.0.0.0.0.0.0.0.0.0.0.0.0.0.0.0.0.0.0.0.0.0.0.0.0.0.0.0.0.0.0. | return value |
|ap_return_30  | out |   16| ap_ctrl_hs | dense_latency.0.0.0.0.0.0.0.0.0.0.0.0.0.0.0.0.0.0.0.0.0.0.0.0.0.0.0.0.0.0.0.0.0. | return value |
|ap_return_31  | out |   16| ap_ctrl_hs | dense_latency.0.0.0.0.0.0.0.0.0.0.0.0.0.0.0.0.0.0.0.0.0.0.0.0.0.0.0.0.0.0.0.0.0. | return value |
|ap_return_32  | out |   16| ap_ctrl_hs | dense_latency.0.0.0.0.0.0.0.0.0.0.0.0.0.0.0.0.0.0.0.0.0.0.0.0.0.0.0.0.0.0.0.0.0. | return value |
|ap_return_33  | out |   16| ap_ctrl_hs | dense_latency.0.0.0.0.0.0.0.0.0.0.0.0.0.0.0.0.0.0.0.0.0.0.0.0.0.0.0.0.0.0.0.0.0. | return value |
|ap_return_34  | out |   16| ap_ctrl_hs | dense_latency.0.0.0.0.0.0.0.0.0.0.0.0.0.0.0.0.0.0.0.0.0.0.0.0.0.0.0.0.0.0.0.0.0. | return value |
|ap_return_35  | out |   16| ap_ctrl_hs | dense_latency.0.0.0.0.0.0.0.0.0.0.0.0.0.0.0.0.0.0.0.0.0.0.0.0.0.0.0.0.0.0.0.0.0. | return value |
|ap_return_36  | out |   16| ap_ctrl_hs | dense_latency.0.0.0.0.0.0.0.0.0.0.0.0.0.0.0.0.0.0.0.0.0.0.0.0.0.0.0.0.0.0.0.0.0. | return value |
|ap_return_37  | out |   16| ap_ctrl_hs | dense_latency.0.0.0.0.0.0.0.0.0.0.0.0.0.0.0.0.0.0.0.0.0.0.0.0.0.0.0.0.0.0.0.0.0. | return value |
|ap_return_38  | out |   16| ap_ctrl_hs | dense_latency.0.0.0.0.0.0.0.0.0.0.0.0.0.0.0.0.0.0.0.0.0.0.0.0.0.0.0.0.0.0.0.0.0. | return value |
|ap_return_39  | out |   16| ap_ctrl_hs | dense_latency.0.0.0.0.0.0.0.0.0.0.0.0.0.0.0.0.0.0.0.0.0.0.0.0.0.0.0.0.0.0.0.0.0. | return value |
|ap_return_40  | out |   16| ap_ctrl_hs | dense_latency.0.0.0.0.0.0.0.0.0.0.0.0.0.0.0.0.0.0.0.0.0.0.0.0.0.0.0.0.0.0.0.0.0. | return value |
|ap_return_41  | out |   16| ap_ctrl_hs | dense_latency.0.0.0.0.0.0.0.0.0.0.0.0.0.0.0.0.0.0.0.0.0.0.0.0.0.0.0.0.0.0.0.0.0. | return value |
|ap_return_42  | out |   16| ap_ctrl_hs | dense_latency.0.0.0.0.0.0.0.0.0.0.0.0.0.0.0.0.0.0.0.0.0.0.0.0.0.0.0.0.0.0.0.0.0. | return value |
|ap_return_43  | out |   16| ap_ctrl_hs | dense_latency.0.0.0.0.0.0.0.0.0.0.0.0.0.0.0.0.0.0.0.0.0.0.0.0.0.0.0.0.0.0.0.0.0. | return value |
|ap_return_44  | out |   16| ap_ctrl_hs | dense_latency.0.0.0.0.0.0.0.0.0.0.0.0.0.0.0.0.0.0.0.0.0.0.0.0.0.0.0.0.0.0.0.0.0. | return value |
|ap_return_45  | out |   16| ap_ctrl_hs | dense_latency.0.0.0.0.0.0.0.0.0.0.0.0.0.0.0.0.0.0.0.0.0.0.0.0.0.0.0.0.0.0.0.0.0. | return value |
|ap_return_46  | out |   16| ap_ctrl_hs | dense_latency.0.0.0.0.0.0.0.0.0.0.0.0.0.0.0.0.0.0.0.0.0.0.0.0.0.0.0.0.0.0.0.0.0. | return value |
|ap_return_47  | out |   16| ap_ctrl_hs | dense_latency.0.0.0.0.0.0.0.0.0.0.0.0.0.0.0.0.0.0.0.0.0.0.0.0.0.0.0.0.0.0.0.0.0. | return value |
|ap_return_48  | out |   16| ap_ctrl_hs | dense_latency.0.0.0.0.0.0.0.0.0.0.0.0.0.0.0.0.0.0.0.0.0.0.0.0.0.0.0.0.0.0.0.0.0. | return value |
|ap_return_49  | out |   16| ap_ctrl_hs | dense_latency.0.0.0.0.0.0.0.0.0.0.0.0.0.0.0.0.0.0.0.0.0.0.0.0.0.0.0.0.0.0.0.0.0. | return value |
|ap_return_50  | out |   16| ap_ctrl_hs | dense_latency.0.0.0.0.0.0.0.0.0.0.0.0.0.0.0.0.0.0.0.0.0.0.0.0.0.0.0.0.0.0.0.0.0. | return value |
|ap_return_51  | out |   16| ap_ctrl_hs | dense_latency.0.0.0.0.0.0.0.0.0.0.0.0.0.0.0.0.0.0.0.0.0.0.0.0.0.0.0.0.0.0.0.0.0. | return value |
|ap_return_52  | out |   16| ap_ctrl_hs | dense_latency.0.0.0.0.0.0.0.0.0.0.0.0.0.0.0.0.0.0.0.0.0.0.0.0.0.0.0.0.0.0.0.0.0. | return value |
|ap_return_53  | out |   16| ap_ctrl_hs | dense_latency.0.0.0.0.0.0.0.0.0.0.0.0.0.0.0.0.0.0.0.0.0.0.0.0.0.0.0.0.0.0.0.0.0. | return value |
|ap_return_54  | out |   16| ap_ctrl_hs | dense_latency.0.0.0.0.0.0.0.0.0.0.0.0.0.0.0.0.0.0.0.0.0.0.0.0.0.0.0.0.0.0.0.0.0. | return value |
|ap_return_55  | out |   16| ap_ctrl_hs | dense_latency.0.0.0.0.0.0.0.0.0.0.0.0.0.0.0.0.0.0.0.0.0.0.0.0.0.0.0.0.0.0.0.0.0. | return value |
|ap_return_56  | out |   16| ap_ctrl_hs | dense_latency.0.0.0.0.0.0.0.0.0.0.0.0.0.0.0.0.0.0.0.0.0.0.0.0.0.0.0.0.0.0.0.0.0. | return value |
|ap_return_57  | out |   16| ap_ctrl_hs | dense_latency.0.0.0.0.0.0.0.0.0.0.0.0.0.0.0.0.0.0.0.0.0.0.0.0.0.0.0.0.0.0.0.0.0. | return value |
|ap_return_58  | out |   16| ap_ctrl_hs | dense_latency.0.0.0.0.0.0.0.0.0.0.0.0.0.0.0.0.0.0.0.0.0.0.0.0.0.0.0.0.0.0.0.0.0. | return value |
|ap_return_59  | out |   16| ap_ctrl_hs | dense_latency.0.0.0.0.0.0.0.0.0.0.0.0.0.0.0.0.0.0.0.0.0.0.0.0.0.0.0.0.0.0.0.0.0. | return value |
|ap_return_60  | out |   16| ap_ctrl_hs | dense_latency.0.0.0.0.0.0.0.0.0.0.0.0.0.0.0.0.0.0.0.0.0.0.0.0.0.0.0.0.0.0.0.0.0. | return value |
|ap_return_61  | out |   16| ap_ctrl_hs | dense_latency.0.0.0.0.0.0.0.0.0.0.0.0.0.0.0.0.0.0.0.0.0.0.0.0.0.0.0.0.0.0.0.0.0. | return value |
|ap_return_62  | out |   16| ap_ctrl_hs | dense_latency.0.0.0.0.0.0.0.0.0.0.0.0.0.0.0.0.0.0.0.0.0.0.0.0.0.0.0.0.0.0.0.0.0. | return value |
|ap_return_63  | out |   16| ap_ctrl_hs | dense_latency.0.0.0.0.0.0.0.0.0.0.0.0.0.0.0.0.0.0.0.0.0.0.0.0.0.0.0.0.0.0.0.0.0. | return value |
|ap_return_64  | out |   16| ap_ctrl_hs | dense_latency.0.0.0.0.0.0.0.0.0.0.0.0.0.0.0.0.0.0.0.0.0.0.0.0.0.0.0.0.0.0.0.0.0. | return value |
|data_V_read   |  in |   64|   ap_none  |                                    data_V_read                                   |    scalar    |
+--------------+-----+-----+------------+----------------------------------------------------------------------------------+--------------+

