

================================================================
== Vivado HLS Report for 'relu_ap_fixed_16_6_5_3_0_ap_fixed_16_6_5_3_0_relu_config3_s'
================================================================
* Date:           Thu Feb 29 16:01:16 2024

* Version:        2020.1 (Build 2897737 on Wed May 27 20:21:37 MDT 2020)
* Project:        myproject_prj
* Solution:       solution1
* Product family: zynq
* Target device:  xc7z020-clg400-1


================================================================
== Performance Estimates
================================================================
+ Timing: 
    * Summary: 
    +--------+----------+----------+------------+
    |  Clock |  Target  | Estimated| Uncertainty|
    +--------+----------+----------+------------+
    |ap_clk  | 25.00 ns | 3.183 ns |   3.12 ns  |
    +--------+----------+----------+------------+

+ Latency: 
    * Summary: 
    +---------+---------+----------+----------+-----+-----+----------+
    |  Latency (cycles) |  Latency (absolute) |  Interval | Pipeline |
    |   min   |   max   |    min   |    max   | min | max |   Type   |
    +---------+---------+----------+----------+-----+-----+----------+
    |        0|        0|   0 ns   |   0 ns   |    1|    1| function |
    +---------+---------+----------+----------+-----+-----+----------+

    + Detail: 
        * Instance: 
        N/A

        * Loop: 
        N/A



================================================================
== Utilization Estimates
================================================================
* Summary: 
+-----------------+---------+-------+--------+-------+-----+
|       Name      | BRAM_18K| DSP48E|   FF   |  LUT  | URAM|
+-----------------+---------+-------+--------+-------+-----+
|DSP              |        -|      -|       -|      -|    -|
|Expression       |        -|      -|       0|   1820|    -|
|FIFO             |        -|      -|       -|      -|    -|
|Instance         |        -|      -|       -|      -|    -|
|Memory           |        -|      -|       -|      -|    -|
|Multiplexer      |        -|      -|       -|      -|    -|
|Register         |        -|      -|       -|      -|    -|
+-----------------+---------+-------+--------+-------+-----+
|Total            |        0|      0|       0|   1820|    0|
+-----------------+---------+-------+--------+-------+-----+
|Available        |      280|    220|  106400|  53200|    0|
+-----------------+---------+-------+--------+-------+-----+
|Utilization (%)  |        0|      0|       0|      3|    0|
+-----------------+---------+-------+--------+-------+-----+

+ Detail: 
    * Instance: 
    N/A

    * DSP48E: 
    N/A

    * Memory: 
    N/A

    * FIFO: 
    N/A

    * Expression: 
    +---------------------------+----------+-------+---+----+------------+------------+
    |       Variable Name       | Operation| DSP48E| FF| LUT| Bitwidth P0| Bitwidth P1|
    +---------------------------+----------+-------+---+----+------------+------------+
    |icmp_ln1494_10_fu_758_p2   |   icmp   |      0|  0|  13|          16|           1|
    |icmp_ln1494_11_fu_780_p2   |   icmp   |      0|  0|  13|          16|           1|
    |icmp_ln1494_12_fu_802_p2   |   icmp   |      0|  0|  13|          16|           1|
    |icmp_ln1494_13_fu_824_p2   |   icmp   |      0|  0|  13|          16|           1|
    |icmp_ln1494_14_fu_846_p2   |   icmp   |      0|  0|  13|          16|           1|
    |icmp_ln1494_15_fu_868_p2   |   icmp   |      0|  0|  13|          16|           1|
    |icmp_ln1494_16_fu_890_p2   |   icmp   |      0|  0|  13|          16|           1|
    |icmp_ln1494_17_fu_912_p2   |   icmp   |      0|  0|  13|          16|           1|
    |icmp_ln1494_18_fu_934_p2   |   icmp   |      0|  0|  13|          16|           1|
    |icmp_ln1494_19_fu_956_p2   |   icmp   |      0|  0|  13|          16|           1|
    |icmp_ln1494_1_fu_560_p2    |   icmp   |      0|  0|  13|          16|           1|
    |icmp_ln1494_20_fu_978_p2   |   icmp   |      0|  0|  13|          16|           1|
    |icmp_ln1494_21_fu_1000_p2  |   icmp   |      0|  0|  13|          16|           1|
    |icmp_ln1494_22_fu_1022_p2  |   icmp   |      0|  0|  13|          16|           1|
    |icmp_ln1494_23_fu_1044_p2  |   icmp   |      0|  0|  13|          16|           1|
    |icmp_ln1494_24_fu_1066_p2  |   icmp   |      0|  0|  13|          16|           1|
    |icmp_ln1494_25_fu_1088_p2  |   icmp   |      0|  0|  13|          16|           1|
    |icmp_ln1494_26_fu_1110_p2  |   icmp   |      0|  0|  13|          16|           1|
    |icmp_ln1494_27_fu_1132_p2  |   icmp   |      0|  0|  13|          16|           1|
    |icmp_ln1494_28_fu_1154_p2  |   icmp   |      0|  0|  13|          16|           1|
    |icmp_ln1494_29_fu_1176_p2  |   icmp   |      0|  0|  13|          16|           1|
    |icmp_ln1494_2_fu_582_p2    |   icmp   |      0|  0|  13|          16|           1|
    |icmp_ln1494_30_fu_1198_p2  |   icmp   |      0|  0|  13|          16|           1|
    |icmp_ln1494_31_fu_1220_p2  |   icmp   |      0|  0|  13|          16|           1|
    |icmp_ln1494_32_fu_1242_p2  |   icmp   |      0|  0|  13|          16|           1|
    |icmp_ln1494_33_fu_1264_p2  |   icmp   |      0|  0|  13|          16|           1|
    |icmp_ln1494_34_fu_1286_p2  |   icmp   |      0|  0|  13|          16|           1|
    |icmp_ln1494_35_fu_1308_p2  |   icmp   |      0|  0|  13|          16|           1|
    |icmp_ln1494_36_fu_1330_p2  |   icmp   |      0|  0|  13|          16|           1|
    |icmp_ln1494_37_fu_1352_p2  |   icmp   |      0|  0|  13|          16|           1|
    |icmp_ln1494_38_fu_1374_p2  |   icmp   |      0|  0|  13|          16|           1|
    |icmp_ln1494_39_fu_1396_p2  |   icmp   |      0|  0|  13|          16|           1|
    |icmp_ln1494_3_fu_604_p2    |   icmp   |      0|  0|  13|          16|           1|
    |icmp_ln1494_40_fu_1418_p2  |   icmp   |      0|  0|  13|          16|           1|
    |icmp_ln1494_41_fu_1440_p2  |   icmp   |      0|  0|  13|          16|           1|
    |icmp_ln1494_42_fu_1462_p2  |   icmp   |      0|  0|  13|          16|           1|
    |icmp_ln1494_43_fu_1484_p2  |   icmp   |      0|  0|  13|          16|           1|
    |icmp_ln1494_44_fu_1506_p2  |   icmp   |      0|  0|  13|          16|           1|
    |icmp_ln1494_45_fu_1528_p2  |   icmp   |      0|  0|  13|          16|           1|
    |icmp_ln1494_46_fu_1550_p2  |   icmp   |      0|  0|  13|          16|           1|
    |icmp_ln1494_47_fu_1572_p2  |   icmp   |      0|  0|  13|          16|           1|
    |icmp_ln1494_48_fu_1594_p2  |   icmp   |      0|  0|  13|          16|           1|
    |icmp_ln1494_49_fu_1616_p2  |   icmp   |      0|  0|  13|          16|           1|
    |icmp_ln1494_4_fu_626_p2    |   icmp   |      0|  0|  13|          16|           1|
    |icmp_ln1494_50_fu_1638_p2  |   icmp   |      0|  0|  13|          16|           1|
    |icmp_ln1494_51_fu_1660_p2  |   icmp   |      0|  0|  13|          16|           1|
    |icmp_ln1494_52_fu_1682_p2  |   icmp   |      0|  0|  13|          16|           1|
    |icmp_ln1494_53_fu_1704_p2  |   icmp   |      0|  0|  13|          16|           1|
    |icmp_ln1494_54_fu_1726_p2  |   icmp   |      0|  0|  13|          16|           1|
    |icmp_ln1494_55_fu_1748_p2  |   icmp   |      0|  0|  13|          16|           1|
    |icmp_ln1494_56_fu_1770_p2  |   icmp   |      0|  0|  13|          16|           1|
    |icmp_ln1494_57_fu_1792_p2  |   icmp   |      0|  0|  13|          16|           1|
    |icmp_ln1494_58_fu_1814_p2  |   icmp   |      0|  0|  13|          16|           1|
    |icmp_ln1494_59_fu_1836_p2  |   icmp   |      0|  0|  13|          16|           1|
    |icmp_ln1494_5_fu_648_p2    |   icmp   |      0|  0|  13|          16|           1|
    |icmp_ln1494_60_fu_1858_p2  |   icmp   |      0|  0|  13|          16|           1|
    |icmp_ln1494_61_fu_1880_p2  |   icmp   |      0|  0|  13|          16|           1|
    |icmp_ln1494_62_fu_1902_p2  |   icmp   |      0|  0|  13|          16|           1|
    |icmp_ln1494_63_fu_1924_p2  |   icmp   |      0|  0|  13|          16|           1|
    |icmp_ln1494_64_fu_1946_p2  |   icmp   |      0|  0|  13|          16|           1|
    |icmp_ln1494_6_fu_670_p2    |   icmp   |      0|  0|  13|          16|           1|
    |icmp_ln1494_7_fu_692_p2    |   icmp   |      0|  0|  13|          16|           1|
    |icmp_ln1494_8_fu_714_p2    |   icmp   |      0|  0|  13|          16|           1|
    |icmp_ln1494_9_fu_736_p2    |   icmp   |      0|  0|  13|          16|           1|
    |icmp_ln1494_fu_538_p2      |   icmp   |      0|  0|  13|          16|           1|
    |select_ln45_10_fu_768_p3   |  select  |      0|  0|  15|           1|          15|
    |select_ln45_11_fu_790_p3   |  select  |      0|  0|  15|           1|          15|
    |select_ln45_12_fu_812_p3   |  select  |      0|  0|  15|           1|          15|
    |select_ln45_13_fu_834_p3   |  select  |      0|  0|  15|           1|          15|
    |select_ln45_14_fu_856_p3   |  select  |      0|  0|  15|           1|          15|
    |select_ln45_15_fu_878_p3   |  select  |      0|  0|  15|           1|          15|
    |select_ln45_16_fu_900_p3   |  select  |      0|  0|  15|           1|          15|
    |select_ln45_17_fu_922_p3   |  select  |      0|  0|  15|           1|          15|
    |select_ln45_18_fu_944_p3   |  select  |      0|  0|  15|           1|          15|
    |select_ln45_19_fu_966_p3   |  select  |      0|  0|  15|           1|          15|
    |select_ln45_1_fu_570_p3    |  select  |      0|  0|  15|           1|          15|
    |select_ln45_20_fu_988_p3   |  select  |      0|  0|  15|           1|          15|
    |select_ln45_21_fu_1010_p3  |  select  |      0|  0|  15|           1|          15|
    |select_ln45_22_fu_1032_p3  |  select  |      0|  0|  15|           1|          15|
    |select_ln45_23_fu_1054_p3  |  select  |      0|  0|  15|           1|          15|
    |select_ln45_24_fu_1076_p3  |  select  |      0|  0|  15|           1|          15|
    |select_ln45_25_fu_1098_p3  |  select  |      0|  0|  15|           1|          15|
    |select_ln45_26_fu_1120_p3  |  select  |      0|  0|  15|           1|          15|
    |select_ln45_27_fu_1142_p3  |  select  |      0|  0|  15|           1|          15|
    |select_ln45_28_fu_1164_p3  |  select  |      0|  0|  15|           1|          15|
    |select_ln45_29_fu_1186_p3  |  select  |      0|  0|  15|           1|          15|
    |select_ln45_2_fu_592_p3    |  select  |      0|  0|  15|           1|          15|
    |select_ln45_30_fu_1208_p3  |  select  |      0|  0|  15|           1|          15|
    |select_ln45_31_fu_1230_p3  |  select  |      0|  0|  15|           1|          15|
    |select_ln45_32_fu_1252_p3  |  select  |      0|  0|  15|           1|          15|
    |select_ln45_33_fu_1274_p3  |  select  |      0|  0|  15|           1|          15|
    |select_ln45_34_fu_1296_p3  |  select  |      0|  0|  15|           1|          15|
    |select_ln45_35_fu_1318_p3  |  select  |      0|  0|  15|           1|          15|
    |select_ln45_36_fu_1340_p3  |  select  |      0|  0|  15|           1|          15|
    |select_ln45_37_fu_1362_p3  |  select  |      0|  0|  15|           1|          15|
    |select_ln45_38_fu_1384_p3  |  select  |      0|  0|  15|           1|          15|
    |select_ln45_39_fu_1406_p3  |  select  |      0|  0|  15|           1|          15|
    |select_ln45_3_fu_614_p3    |  select  |      0|  0|  15|           1|          15|
    |select_ln45_40_fu_1428_p3  |  select  |      0|  0|  15|           1|          15|
    |select_ln45_41_fu_1450_p3  |  select  |      0|  0|  15|           1|          15|
    |select_ln45_42_fu_1472_p3  |  select  |      0|  0|  15|           1|          15|
    |select_ln45_43_fu_1494_p3  |  select  |      0|  0|  15|           1|          15|
    |select_ln45_44_fu_1516_p3  |  select  |      0|  0|  15|           1|          15|
    |select_ln45_45_fu_1538_p3  |  select  |      0|  0|  15|           1|          15|
    |select_ln45_46_fu_1560_p3  |  select  |      0|  0|  15|           1|          15|
    |select_ln45_47_fu_1582_p3  |  select  |      0|  0|  15|           1|          15|
    |select_ln45_48_fu_1604_p3  |  select  |      0|  0|  15|           1|          15|
    |select_ln45_49_fu_1626_p3  |  select  |      0|  0|  15|           1|          15|
    |select_ln45_4_fu_636_p3    |  select  |      0|  0|  15|           1|          15|
    |select_ln45_50_fu_1648_p3  |  select  |      0|  0|  15|           1|          15|
    |select_ln45_51_fu_1670_p3  |  select  |      0|  0|  15|           1|          15|
    |select_ln45_52_fu_1692_p3  |  select  |      0|  0|  15|           1|          15|
    |select_ln45_53_fu_1714_p3  |  select  |      0|  0|  15|           1|          15|
    |select_ln45_54_fu_1736_p3  |  select  |      0|  0|  15|           1|          15|
    |select_ln45_55_fu_1758_p3  |  select  |      0|  0|  15|           1|          15|
    |select_ln45_56_fu_1780_p3  |  select  |      0|  0|  15|           1|          15|
    |select_ln45_57_fu_1802_p3  |  select  |      0|  0|  15|           1|          15|
    |select_ln45_58_fu_1824_p3  |  select  |      0|  0|  15|           1|          15|
    |select_ln45_59_fu_1846_p3  |  select  |      0|  0|  15|           1|          15|
    |select_ln45_5_fu_658_p3    |  select  |      0|  0|  15|           1|          15|
    |select_ln45_60_fu_1868_p3  |  select  |      0|  0|  15|           1|          15|
    |select_ln45_61_fu_1890_p3  |  select  |      0|  0|  15|           1|          15|
    |select_ln45_62_fu_1912_p3  |  select  |      0|  0|  15|           1|          15|
    |select_ln45_63_fu_1934_p3  |  select  |      0|  0|  15|           1|          15|
    |select_ln45_64_fu_1956_p3  |  select  |      0|  0|  15|           1|          15|
    |select_ln45_6_fu_680_p3    |  select  |      0|  0|  15|           1|          15|
    |select_ln45_7_fu_702_p3    |  select  |      0|  0|  15|           1|          15|
    |select_ln45_8_fu_724_p3    |  select  |      0|  0|  15|           1|          15|
    |select_ln45_9_fu_746_p3    |  select  |      0|  0|  15|           1|          15|
    |select_ln45_fu_548_p3      |  select  |      0|  0|  15|           1|          15|
    +---------------------------+----------+-------+---+----+------------+------------+
    |Total                      |          |      0|  0|1820|        1105|        1040|
    +---------------------------+----------+-------+---+----+------------+------------+

    * Multiplexer: 
    N/A

    * Register: 
    N/A



================================================================
== Interface
================================================================
* Summary: 
+-----------------+-----+-----+------------+------------------------------------------------------------------------+--------------+
|    RTL Ports    | Dir | Bits|  Protocol  |                              Source Object                             |    C Type    |
+-----------------+-----+-----+------------+------------------------------------------------------------------------+--------------+
|ap_ready         | out |    1| ap_ctrl_hs | relu<ap_fixed<16, 6, 5, 3, 0>, ap_fixed<16, 6, 5, 3, 0>, relu_config3> | return value |
|ap_return_0      | out |   16| ap_ctrl_hs | relu<ap_fixed<16, 6, 5, 3, 0>, ap_fixed<16, 6, 5, 3, 0>, relu_config3> | return value |
|ap_return_1      | out |   16| ap_ctrl_hs | relu<ap_fixed<16, 6, 5, 3, 0>, ap_fixed<16, 6, 5, 3, 0>, relu_config3> | return value |
|ap_return_2      | out |   16| ap_ctrl_hs | relu<ap_fixed<16, 6, 5, 3, 0>, ap_fixed<16, 6, 5, 3, 0>, relu_config3> | return value |
|ap_return_3      | out |   16| ap_ctrl_hs | relu<ap_fixed<16, 6, 5, 3, 0>, ap_fixed<16, 6, 5, 3, 0>, relu_config3> | return value |
|ap_return_4      | out |   16| ap_ctrl_hs | relu<ap_fixed<16, 6, 5, 3, 0>, ap_fixed<16, 6, 5, 3, 0>, relu_config3> | return value |
|ap_return_5      | out |   16| ap_ctrl_hs | relu<ap_fixed<16, 6, 5, 3, 0>, ap_fixed<16, 6, 5, 3, 0>, relu_config3> | return value |
|ap_return_6      | out |   16| ap_ctrl_hs | relu<ap_fixed<16, 6, 5, 3, 0>, ap_fixed<16, 6, 5, 3, 0>, relu_config3> | return value |
|ap_return_7      | out |   16| ap_ctrl_hs | relu<ap_fixed<16, 6, 5, 3, 0>, ap_fixed<16, 6, 5, 3, 0>, relu_config3> | return value |
|ap_return_8      | out |   16| ap_ctrl_hs | relu<ap_fixed<16, 6, 5, 3, 0>, ap_fixed<16, 6, 5, 3, 0>, relu_config3> | return value |
|ap_return_9      | out |   16| ap_ctrl_hs | relu<ap_fixed<16, 6, 5, 3, 0>, ap_fixed<16, 6, 5, 3, 0>, relu_config3> | return value |
|ap_return_10     | out |   16| ap_ctrl_hs | relu<ap_fixed<16, 6, 5, 3, 0>, ap_fixed<16, 6, 5, 3, 0>, relu_config3> | return value |
|ap_return_11     | out |   16| ap_ctrl_hs | relu<ap_fixed<16, 6, 5, 3, 0>, ap_fixed<16, 6, 5, 3, 0>, relu_config3> | return value |
|ap_return_12     | out |   16| ap_ctrl_hs | relu<ap_fixed<16, 6, 5, 3, 0>, ap_fixed<16, 6, 5, 3, 0>, relu_config3> | return value |
|ap_return_13     | out |   16| ap_ctrl_hs | relu<ap_fixed<16, 6, 5, 3, 0>, ap_fixed<16, 6, 5, 3, 0>, relu_config3> | return value |
|ap_return_14     | out |   16| ap_ctrl_hs | relu<ap_fixed<16, 6, 5, 3, 0>, ap_fixed<16, 6, 5, 3, 0>, relu_config3> | return value |
|ap_return_15     | out |   16| ap_ctrl_hs | relu<ap_fixed<16, 6, 5, 3, 0>, ap_fixed<16, 6, 5, 3, 0>, relu_config3> | return value |
|ap_return_16     | out |   16| ap_ctrl_hs | relu<ap_fixed<16, 6, 5, 3, 0>, ap_fixed<16, 6, 5, 3, 0>, relu_config3> | return value |
|ap_return_17     | out |   16| ap_ctrl_hs | relu<ap_fixed<16, 6, 5, 3, 0>, ap_fixed<16, 6, 5, 3, 0>, relu_config3> | return value |
|ap_return_18     | out |   16| ap_ctrl_hs | relu<ap_fixed<16, 6, 5, 3, 0>, ap_fixed<16, 6, 5, 3, 0>, relu_config3> | return value |
|ap_return_19     | out |   16| ap_ctrl_hs | relu<ap_fixed<16, 6, 5, 3, 0>, ap_fixed<16, 6, 5, 3, 0>, relu_config3> | return value |
|ap_return_20     | out |   16| ap_ctrl_hs | relu<ap_fixed<16, 6, 5, 3, 0>, ap_fixed<16, 6, 5, 3, 0>, relu_config3> | return value |
|ap_return_21     | out |   16| ap_ctrl_hs | relu<ap_fixed<16, 6, 5, 3, 0>, ap_fixed<16, 6, 5, 3, 0>, relu_config3> | return value |
|ap_return_22     | out |   16| ap_ctrl_hs | relu<ap_fixed<16, 6, 5, 3, 0>, ap_fixed<16, 6, 5, 3, 0>, relu_config3> | return value |
|ap_return_23     | out |   16| ap_ctrl_hs | relu<ap_fixed<16, 6, 5, 3, 0>, ap_fixed<16, 6, 5, 3, 0>, relu_config3> | return value |
|ap_return_24     | out |   16| ap_ctrl_hs | relu<ap_fixed<16, 6, 5, 3, 0>, ap_fixed<16, 6, 5, 3, 0>, relu_config3> | return value |
|ap_return_25     | out |   16| ap_ctrl_hs | relu<ap_fixed<16, 6, 5, 3, 0>, ap_fixed<16, 6, 5, 3, 0>, relu_config3> | return value |
|ap_return_26     | out |   16| ap_ctrl_hs | relu<ap_fixed<16, 6, 5, 3, 0>, ap_fixed<16, 6, 5, 3, 0>, relu_config3> | return value |
|ap_return_27     | out |   16| ap_ctrl_hs | relu<ap_fixed<16, 6, 5, 3, 0>, ap_fixed<16, 6, 5, 3, 0>, relu_config3> | return value |
|ap_return_28     | out |   16| ap_ctrl_hs | relu<ap_fixed<16, 6, 5, 3, 0>, ap_fixed<16, 6, 5, 3, 0>, relu_config3> | return value |
|ap_return_29     | out |   16| ap_ctrl_hs | relu<ap_fixed<16, 6, 5, 3, 0>, ap_fixed<16, 6, 5, 3, 0>, relu_config3> | return value |
|ap_return_30     | out |   16| ap_ctrl_hs | relu<ap_fixed<16, 6, 5, 3, 0>, ap_fixed<16, 6, 5, 3, 0>, relu_config3> | return value |
|ap_return_31     | out |   16| ap_ctrl_hs | relu<ap_fixed<16, 6, 5, 3, 0>, ap_fixed<16, 6, 5, 3, 0>, relu_config3> | return value |
|ap_return_32     | out |   16| ap_ctrl_hs | relu<ap_fixed<16, 6, 5, 3, 0>, ap_fixed<16, 6, 5, 3, 0>, relu_config3> | return value |
|ap_return_33     | out |   16| ap_ctrl_hs | relu<ap_fixed<16, 6, 5, 3, 0>, ap_fixed<16, 6, 5, 3, 0>, relu_config3> | return value |
|ap_return_34     | out |   16| ap_ctrl_hs | relu<ap_fixed<16, 6, 5, 3, 0>, ap_fixed<16, 6, 5, 3, 0>, relu_config3> | return value |
|ap_return_35     | out |   16| ap_ctrl_hs | relu<ap_fixed<16, 6, 5, 3, 0>, ap_fixed<16, 6, 5, 3, 0>, relu_config3> | return value |
|ap_return_36     | out |   16| ap_ctrl_hs | relu<ap_fixed<16, 6, 5, 3, 0>, ap_fixed<16, 6, 5, 3, 0>, relu_config3> | return value |
|ap_return_37     | out |   16| ap_ctrl_hs | relu<ap_fixed<16, 6, 5, 3, 0>, ap_fixed<16, 6, 5, 3, 0>, relu_config3> | return value |
|ap_return_38     | out |   16| ap_ctrl_hs | relu<ap_fixed<16, 6, 5, 3, 0>, ap_fixed<16, 6, 5, 3, 0>, relu_config3> | return value |
|ap_return_39     | out |   16| ap_ctrl_hs | relu<ap_fixed<16, 6, 5, 3, 0>, ap_fixed<16, 6, 5, 3, 0>, relu_config3> | return value |
|ap_return_40     | out |   16| ap_ctrl_hs | relu<ap_fixed<16, 6, 5, 3, 0>, ap_fixed<16, 6, 5, 3, 0>, relu_config3> | return value |
|ap_return_41     | out |   16| ap_ctrl_hs | relu<ap_fixed<16, 6, 5, 3, 0>, ap_fixed<16, 6, 5, 3, 0>, relu_config3> | return value |
|ap_return_42     | out |   16| ap_ctrl_hs | relu<ap_fixed<16, 6, 5, 3, 0>, ap_fixed<16, 6, 5, 3, 0>, relu_config3> | return value |
|ap_return_43     | out |   16| ap_ctrl_hs | relu<ap_fixed<16, 6, 5, 3, 0>, ap_fixed<16, 6, 5, 3, 0>, relu_config3> | return value |
|ap_return_44     | out |   16| ap_ctrl_hs | relu<ap_fixed<16, 6, 5, 3, 0>, ap_fixed<16, 6, 5, 3, 0>, relu_config3> | return value |
|ap_return_45     | out |   16| ap_ctrl_hs | relu<ap_fixed<16, 6, 5, 3, 0>, ap_fixed<16, 6, 5, 3, 0>, relu_config3> | return value |
|ap_return_46     | out |   16| ap_ctrl_hs | relu<ap_fixed<16, 6, 5, 3, 0>, ap_fixed<16, 6, 5, 3, 0>, relu_config3> | return value |
|ap_return_47     | out |   16| ap_ctrl_hs | relu<ap_fixed<16, 6, 5, 3, 0>, ap_fixed<16, 6, 5, 3, 0>, relu_config3> | return value |
|ap_return_48     | out |   16| ap_ctrl_hs | relu<ap_fixed<16, 6, 5, 3, 0>, ap_fixed<16, 6, 5, 3, 0>, relu_config3> | return value |
|ap_return_49     | out |   16| ap_ctrl_hs | relu<ap_fixed<16, 6, 5, 3, 0>, ap_fixed<16, 6, 5, 3, 0>, relu_config3> | return value |
|ap_return_50     | out |   16| ap_ctrl_hs | relu<ap_fixed<16, 6, 5, 3, 0>, ap_fixed<16, 6, 5, 3, 0>, relu_config3> | return value |
|ap_return_51     | out |   16| ap_ctrl_hs | relu<ap_fixed<16, 6, 5, 3, 0>, ap_fixed<16, 6, 5, 3, 0>, relu_config3> | return value |
|ap_return_52     | out |   16| ap_ctrl_hs | relu<ap_fixed<16, 6, 5, 3, 0>, ap_fixed<16, 6, 5, 3, 0>, relu_config3> | return value |
|ap_return_53     | out |   16| ap_ctrl_hs | relu<ap_fixed<16, 6, 5, 3, 0>, ap_fixed<16, 6, 5, 3, 0>, relu_config3> | return value |
|ap_return_54     | out |   16| ap_ctrl_hs | relu<ap_fixed<16, 6, 5, 3, 0>, ap_fixed<16, 6, 5, 3, 0>, relu_config3> | return value |
|ap_return_55     | out |   16| ap_ctrl_hs | relu<ap_fixed<16, 6, 5, 3, 0>, ap_fixed<16, 6, 5, 3, 0>, relu_config3> | return value |
|ap_return_56     | out |   16| ap_ctrl_hs | relu<ap_fixed<16, 6, 5, 3, 0>, ap_fixed<16, 6, 5, 3, 0>, relu_config3> | return value |
|ap_return_57     | out |   16| ap_ctrl_hs | relu<ap_fixed<16, 6, 5, 3, 0>, ap_fixed<16, 6, 5, 3, 0>, relu_config3> | return value |
|ap_return_58     | out |   16| ap_ctrl_hs | relu<ap_fixed<16, 6, 5, 3, 0>, ap_fixed<16, 6, 5, 3, 0>, relu_config3> | return value |
|ap_return_59     | out |   16| ap_ctrl_hs | relu<ap_fixed<16, 6, 5, 3, 0>, ap_fixed<16, 6, 5, 3, 0>, relu_config3> | return value |
|ap_return_60     | out |   16| ap_ctrl_hs | relu<ap_fixed<16, 6, 5, 3, 0>, ap_fixed<16, 6, 5, 3, 0>, relu_config3> | return value |
|ap_return_61     | out |   16| ap_ctrl_hs | relu<ap_fixed<16, 6, 5, 3, 0>, ap_fixed<16, 6, 5, 3, 0>, relu_config3> | return value |
|ap_return_62     | out |   16| ap_ctrl_hs | relu<ap_fixed<16, 6, 5, 3, 0>, ap_fixed<16, 6, 5, 3, 0>, relu_config3> | return value |
|ap_return_63     | out |   16| ap_ctrl_hs | relu<ap_fixed<16, 6, 5, 3, 0>, ap_fixed<16, 6, 5, 3, 0>, relu_config3> | return value |
|ap_return_64     | out |   16| ap_ctrl_hs | relu<ap_fixed<16, 6, 5, 3, 0>, ap_fixed<16, 6, 5, 3, 0>, relu_config3> | return value |
|data_5_V_read    |  in |   16|   ap_none  |                              data_5_V_read                             |    scalar    |
|data_8_V_read    |  in |   16|   ap_none  |                              data_8_V_read                             |    scalar    |
|data_14_V_read   |  in |   16|   ap_none  |                             data_14_V_read                             |    scalar    |
|data_15_V_read   |  in |   16|   ap_none  |                             data_15_V_read                             |    scalar    |
|data_17_V_read   |  in |   16|   ap_none  |                             data_17_V_read                             |    scalar    |
|data_20_V_read   |  in |   16|   ap_none  |                             data_20_V_read                             |    scalar    |
|data_21_V_read   |  in |   16|   ap_none  |                             data_21_V_read                             |    scalar    |
|data_22_V_read   |  in |   16|   ap_none  |                             data_22_V_read                             |    scalar    |
|data_23_V_read   |  in |   16|   ap_none  |                             data_23_V_read                             |    scalar    |
|data_24_V_read   |  in |   16|   ap_none  |                             data_24_V_read                             |    scalar    |
|data_25_V_read   |  in |   16|   ap_none  |                             data_25_V_read                             |    scalar    |
|data_31_V_read   |  in |   16|   ap_none  |                             data_31_V_read                             |    scalar    |
|data_32_V_read   |  in |   16|   ap_none  |                             data_32_V_read                             |    scalar    |
|data_36_V_read   |  in |   16|   ap_none  |                             data_36_V_read                             |    scalar    |
|data_37_V_read   |  in |   16|   ap_none  |                             data_37_V_read                             |    scalar    |
|data_38_V_read   |  in |   16|   ap_none  |                             data_38_V_read                             |    scalar    |
|data_41_V_read   |  in |   16|   ap_none  |                             data_41_V_read                             |    scalar    |
|data_45_V_read   |  in |   16|   ap_none  |                             data_45_V_read                             |    scalar    |
|data_46_V_read   |  in |   16|   ap_none  |                             data_46_V_read                             |    scalar    |
|data_47_V_read   |  in |   16|   ap_none  |                             data_47_V_read                             |    scalar    |
|data_49_V_read   |  in |   16|   ap_none  |                             data_49_V_read                             |    scalar    |
|data_50_V_read   |  in |   16|   ap_none  |                             data_50_V_read                             |    scalar    |
|data_51_V_read   |  in |   16|   ap_none  |                             data_51_V_read                             |    scalar    |
|data_52_V_read   |  in |   16|   ap_none  |                             data_52_V_read                             |    scalar    |
|data_53_V_read   |  in |   16|   ap_none  |                             data_53_V_read                             |    scalar    |
|data_54_V_read   |  in |   16|   ap_none  |                             data_54_V_read                             |    scalar    |
|data_58_V_read   |  in |   16|   ap_none  |                             data_58_V_read                             |    scalar    |
|data_59_V_read   |  in |   16|   ap_none  |                             data_59_V_read                             |    scalar    |
|data_62_V_read   |  in |   16|   ap_none  |                             data_62_V_read                             |    scalar    |
|data_63_V_read   |  in |   16|   ap_none  |                             data_63_V_read                             |    scalar    |
|data_64_V_read   |  in |   16|   ap_none  |                             data_64_V_read                             |    scalar    |
|data_65_V_read   |  in |   16|   ap_none  |                             data_65_V_read                             |    scalar    |
|data_68_V_read   |  in |   16|   ap_none  |                             data_68_V_read                             |    scalar    |
|data_70_V_read   |  in |   16|   ap_none  |                             data_70_V_read                             |    scalar    |
|data_71_V_read   |  in |   16|   ap_none  |                             data_71_V_read                             |    scalar    |
|data_72_V_read   |  in |   16|   ap_none  |                             data_72_V_read                             |    scalar    |
|data_74_V_read   |  in |   16|   ap_none  |                             data_74_V_read                             |    scalar    |
|data_75_V_read   |  in |   16|   ap_none  |                             data_75_V_read                             |    scalar    |
|data_76_V_read   |  in |   16|   ap_none  |                             data_76_V_read                             |    scalar    |
|data_77_V_read   |  in |   16|   ap_none  |                             data_77_V_read                             |    scalar    |
|data_80_V_read   |  in |   16|   ap_none  |                             data_80_V_read                             |    scalar    |
|data_81_V_read   |  in |   16|   ap_none  |                             data_81_V_read                             |    scalar    |
|data_82_V_read   |  in |   16|   ap_none  |                             data_82_V_read                             |    scalar    |
|data_83_V_read   |  in |   16|   ap_none  |                             data_83_V_read                             |    scalar    |
|data_86_V_read   |  in |   16|   ap_none  |                             data_86_V_read                             |    scalar    |
|data_87_V_read   |  in |   16|   ap_none  |                             data_87_V_read                             |    scalar    |
|data_88_V_read   |  in |   16|   ap_none  |                             data_88_V_read                             |    scalar    |
|data_89_V_read   |  in |   16|   ap_none  |                             data_89_V_read                             |    scalar    |
|data_93_V_read   |  in |   16|   ap_none  |                             data_93_V_read                             |    scalar    |
|data_94_V_read   |  in |   16|   ap_none  |                             data_94_V_read                             |    scalar    |
|data_95_V_read   |  in |   16|   ap_none  |                             data_95_V_read                             |    scalar    |
|data_96_V_read   |  in |   16|   ap_none  |                             data_96_V_read                             |    scalar    |
|data_97_V_read   |  in |   16|   ap_none  |                             data_97_V_read                             |    scalar    |
|data_99_V_read   |  in |   16|   ap_none  |                             data_99_V_read                             |    scalar    |
|data_104_V_read  |  in |   16|   ap_none  |                             data_104_V_read                            |    scalar    |
|data_106_V_read  |  in |   16|   ap_none  |                             data_106_V_read                            |    scalar    |
|data_112_V_read  |  in |   16|   ap_none  |                             data_112_V_read                            |    scalar    |
|data_113_V_read  |  in |   16|   ap_none  |                             data_113_V_read                            |    scalar    |
|data_115_V_read  |  in |   16|   ap_none  |                             data_115_V_read                            |    scalar    |
|data_116_V_read  |  in |   16|   ap_none  |                             data_116_V_read                            |    scalar    |
|data_118_V_read  |  in |   16|   ap_none  |                             data_118_V_read                            |    scalar    |
|data_121_V_read  |  in |   16|   ap_none  |                             data_121_V_read                            |    scalar    |
|data_123_V_read  |  in |   16|   ap_none  |                             data_123_V_read                            |    scalar    |
|data_124_V_read  |  in |   16|   ap_none  |                             data_124_V_read                            |    scalar    |
|data_126_V_read  |  in |   16|   ap_none  |                             data_126_V_read                            |    scalar    |
+-----------------+-----+-----+------------+------------------------------------------------------------------------+--------------+

