

================================================================
== Vivado HLS Report for 'relu_array_ap_fixed_32u_array_ap_fixed_16_6_5_3_0_32u_relu_config3_s'
================================================================
* Date:           Fri Mar  1 15:46:04 2024

* Version:        2020.1 (Build 2897737 on Wed May 27 20:21:37 MDT 2020)
* Project:        myproject_prj
* Solution:       solution1
* Product family: zynq
* Target device:  xc7z020-clg400-1


================================================================
== Performance Estimates
================================================================
+ Timing: 
    * Summary: 
    +--------+---------+----------+------------+
    |  Clock |  Target | Estimated| Uncertainty|
    +--------+---------+----------+------------+
    |ap_clk  | 2.50 ns | 2.921 ns |   3.12 ns  |
    +--------+---------+----------+------------+

+ Latency: 
    * Summary: 
    +---------+---------+----------+----------+-----+-----+---------+
    |  Latency (cycles) |  Latency (absolute) |  Interval | Pipeline|
    |   min   |   max   |    min   |    max   | min | max |   Type  |
    +---------+---------+----------+----------+-----+-----+---------+
    |      902|      902| 2.635 us | 2.635 us |  902|  902|   none  |
    +---------+---------+----------+----------+-----+-----+---------+

    + Detail: 
        * Instance: 
        N/A

        * Loop: 
        +---------------+---------+---------+----------+-----------+-----------+------+----------+
        |               |  Latency (cycles) | Iteration|  Initiation Interval  | Trip |          |
        |   Loop Name   |   min   |   max   |  Latency |  achieved |   target  | Count| Pipelined|
        +---------------+---------+---------+----------+-----------+-----------+------+----------+
        |- ReLUActLoop  |      900|      900|         2|          1|          1|   900|    yes   |
        +---------------+---------+---------+----------+-----------+-----------+------+----------+



================================================================
== Utilization Estimates
================================================================
* Summary: 
+-----------------+---------+-------+--------+-------+-----+
|       Name      | BRAM_18K| DSP48E|   FF   |  LUT  | URAM|
+-----------------+---------+-------+--------+-------+-----+
|DSP              |        -|      -|       -|      -|    -|
|Expression       |        -|      -|       0|    969|    -|
|FIFO             |        -|      -|       -|      -|    -|
|Instance         |        -|      -|       -|      -|    -|
|Memory           |        -|      -|       -|      -|    -|
|Multiplexer      |        -|      -|       -|    639|    -|
|Register         |        -|      -|      18|      -|    -|
+-----------------+---------+-------+--------+-------+-----+
|Total            |        0|      0|      18|   1608|    0|
+-----------------+---------+-------+--------+-------+-----+
|Available        |      280|    220|  106400|  53200|    0|
+-----------------+---------+-------+--------+-------+-----+
|Utilization (%)  |        0|      0|   ~0   |      3|    0|
+-----------------+---------+-------+--------+-------+-----+

+ Detail: 
    * Instance: 
    N/A

    * DSP48E: 
    N/A

    * Memory: 
    N/A

    * FIFO: 
    N/A

    * Expression: 
    +----------------------------------+----------+-------+---+----+------------+------------+
    |           Variable Name          | Operation| DSP48E| FF| LUT| Bitwidth P0| Bitwidth P1|
    +----------------------------------+----------+-------+---+----+------------+------------+
    |i_fu_1123_p2                      |     +    |      0|  0|  14|          10|           1|
    |ap_block_pp0_stage0_01001         |    and   |      0|  0|   2|           1|           1|
    |io_acc_block_signal_op175         |    and   |      0|  0|   2|           1|           1|
    |io_acc_block_signal_op78          |    and   |      0|  0|   2|           1|           1|
    |icmp_ln1494_10_fu_1407_p2         |   icmp   |      0|  0|  13|          16|           1|
    |icmp_ln1494_11_fu_1422_p2         |   icmp   |      0|  0|  13|          16|           1|
    |icmp_ln1494_12_fu_1437_p2         |   icmp   |      0|  0|  13|          16|           1|
    |icmp_ln1494_13_fu_1452_p2         |   icmp   |      0|  0|  13|          16|           1|
    |icmp_ln1494_14_fu_1467_p2         |   icmp   |      0|  0|  13|          16|           1|
    |icmp_ln1494_15_fu_1482_p2         |   icmp   |      0|  0|  13|          16|           1|
    |icmp_ln1494_16_fu_1497_p2         |   icmp   |      0|  0|  13|          16|           1|
    |icmp_ln1494_17_fu_1512_p2         |   icmp   |      0|  0|  13|          16|           1|
    |icmp_ln1494_18_fu_1527_p2         |   icmp   |      0|  0|  13|          16|           1|
    |icmp_ln1494_19_fu_1542_p2         |   icmp   |      0|  0|  13|          16|           1|
    |icmp_ln1494_1_fu_1272_p2          |   icmp   |      0|  0|  13|          16|           1|
    |icmp_ln1494_20_fu_1557_p2         |   icmp   |      0|  0|  13|          16|           1|
    |icmp_ln1494_21_fu_1572_p2         |   icmp   |      0|  0|  13|          16|           1|
    |icmp_ln1494_22_fu_1587_p2         |   icmp   |      0|  0|  13|          16|           1|
    |icmp_ln1494_23_fu_1602_p2         |   icmp   |      0|  0|  13|          16|           1|
    |icmp_ln1494_24_fu_1617_p2         |   icmp   |      0|  0|  13|          16|           1|
    |icmp_ln1494_25_fu_1632_p2         |   icmp   |      0|  0|  13|          16|           1|
    |icmp_ln1494_26_fu_1647_p2         |   icmp   |      0|  0|  13|          16|           1|
    |icmp_ln1494_27_fu_1662_p2         |   icmp   |      0|  0|  13|          16|           1|
    |icmp_ln1494_28_fu_1677_p2         |   icmp   |      0|  0|  13|          16|           1|
    |icmp_ln1494_29_fu_1692_p2         |   icmp   |      0|  0|  13|          16|           1|
    |icmp_ln1494_2_fu_1287_p2          |   icmp   |      0|  0|  13|          16|           1|
    |icmp_ln1494_30_fu_1707_p2         |   icmp   |      0|  0|  13|          16|           1|
    |icmp_ln1494_31_fu_1722_p2         |   icmp   |      0|  0|  13|          16|           1|
    |icmp_ln1494_3_fu_1302_p2          |   icmp   |      0|  0|  13|          16|           1|
    |icmp_ln1494_4_fu_1317_p2          |   icmp   |      0|  0|  13|          16|           1|
    |icmp_ln1494_5_fu_1332_p2          |   icmp   |      0|  0|  13|          16|           1|
    |icmp_ln1494_6_fu_1347_p2          |   icmp   |      0|  0|  13|          16|           1|
    |icmp_ln1494_7_fu_1362_p2          |   icmp   |      0|  0|  13|          16|           1|
    |icmp_ln1494_8_fu_1377_p2          |   icmp   |      0|  0|  13|          16|           1|
    |icmp_ln1494_9_fu_1392_p2          |   icmp   |      0|  0|  13|          16|           1|
    |icmp_ln1494_fu_1257_p2            |   icmp   |      0|  0|  13|          16|           1|
    |icmp_ln41_fu_1117_p2              |   icmp   |      0|  0|  13|          10|           8|
    |ap_block_state1                   |    or    |      0|  0|   2|           1|           1|
    |ap_block_state3_pp0_stage0_iter1  |    or    |      0|  0|   2|           1|           1|
    |res_V_data_0_V_din                |  select  |      0|  0|  16|           1|          16|
    |res_V_data_10_V_din               |  select  |      0|  0|  16|           1|          16|
    |res_V_data_11_V_din               |  select  |      0|  0|  16|           1|          16|
    |res_V_data_12_V_din               |  select  |      0|  0|  16|           1|          16|
    |res_V_data_13_V_din               |  select  |      0|  0|  16|           1|          16|
    |res_V_data_14_V_din               |  select  |      0|  0|  16|           1|          16|
    |res_V_data_15_V_din               |  select  |      0|  0|  16|           1|          16|
    |res_V_data_16_V_din               |  select  |      0|  0|  16|           1|          16|
    |res_V_data_17_V_din               |  select  |      0|  0|  16|           1|          16|
    |res_V_data_18_V_din               |  select  |      0|  0|  16|           1|          16|
    |res_V_data_19_V_din               |  select  |      0|  0|  16|           1|          16|
    |res_V_data_1_V_din                |  select  |      0|  0|  16|           1|          16|
    |res_V_data_20_V_din               |  select  |      0|  0|  16|           1|          16|
    |res_V_data_21_V_din               |  select  |      0|  0|  16|           1|          16|
    |res_V_data_22_V_din               |  select  |      0|  0|  16|           1|          16|
    |res_V_data_23_V_din               |  select  |      0|  0|  16|           1|          16|
    |res_V_data_24_V_din               |  select  |      0|  0|  16|           1|          16|
    |res_V_data_25_V_din               |  select  |      0|  0|  16|           1|          16|
    |res_V_data_26_V_din               |  select  |      0|  0|  16|           1|          16|
    |res_V_data_27_V_din               |  select  |      0|  0|  16|           1|          16|
    |res_V_data_28_V_din               |  select  |      0|  0|  16|           1|          16|
    |res_V_data_29_V_din               |  select  |      0|  0|  16|           1|          16|
    |res_V_data_2_V_din                |  select  |      0|  0|  16|           1|          16|
    |res_V_data_30_V_din               |  select  |      0|  0|  16|           1|          16|
    |res_V_data_31_V_din               |  select  |      0|  0|  16|           1|          16|
    |res_V_data_3_V_din                |  select  |      0|  0|  16|           1|          16|
    |res_V_data_4_V_din                |  select  |      0|  0|  16|           1|          16|
    |res_V_data_5_V_din                |  select  |      0|  0|  16|           1|          16|
    |res_V_data_6_V_din                |  select  |      0|  0|  16|           1|          16|
    |res_V_data_7_V_din                |  select  |      0|  0|  16|           1|          16|
    |res_V_data_8_V_din                |  select  |      0|  0|  16|           1|          16|
    |res_V_data_9_V_din                |  select  |      0|  0|  16|           1|          16|
    |ap_enable_pp0                     |    xor   |      0|  0|   2|           1|           2|
    |ap_enable_reg_pp0_iter1           |    xor   |      0|  0|   2|           2|           1|
    +----------------------------------+----------+-------+---+----+------------+------------+
    |Total                             |          |      0|  0| 969|         572|         561|
    +----------------------------------+----------+-------+---+----+------------+------------+

    * Multiplexer: 
    +-------------------------+----+-----------+-----+-----------+
    |           Name          | LUT| Input Size| Bits| Total Bits|
    +-------------------------+----+-----------+-----+-----------+
    |ap_NS_fsm                |  21|          4|    1|          4|
    |ap_done                  |   9|          2|    1|          2|
    |ap_enable_reg_pp0_iter1  |  15|          3|    1|          3|
    |data_V_data_0_V_blk_n    |   9|          2|    1|          2|
    |data_V_data_10_V_blk_n   |   9|          2|    1|          2|
    |data_V_data_11_V_blk_n   |   9|          2|    1|          2|
    |data_V_data_12_V_blk_n   |   9|          2|    1|          2|
    |data_V_data_13_V_blk_n   |   9|          2|    1|          2|
    |data_V_data_14_V_blk_n   |   9|          2|    1|          2|
    |data_V_data_15_V_blk_n   |   9|          2|    1|          2|
    |data_V_data_16_V_blk_n   |   9|          2|    1|          2|
    |data_V_data_17_V_blk_n   |   9|          2|    1|          2|
    |data_V_data_18_V_blk_n   |   9|          2|    1|          2|
    |data_V_data_19_V_blk_n   |   9|          2|    1|          2|
    |data_V_data_1_V_blk_n    |   9|          2|    1|          2|
    |data_V_data_20_V_blk_n   |   9|          2|    1|          2|
    |data_V_data_21_V_blk_n   |   9|          2|    1|          2|
    |data_V_data_22_V_blk_n   |   9|          2|    1|          2|
    |data_V_data_23_V_blk_n   |   9|          2|    1|          2|
    |data_V_data_24_V_blk_n   |   9|          2|    1|          2|
    |data_V_data_25_V_blk_n   |   9|          2|    1|          2|
    |data_V_data_26_V_blk_n   |   9|          2|    1|          2|
    |data_V_data_27_V_blk_n   |   9|          2|    1|          2|
    |data_V_data_28_V_blk_n   |   9|          2|    1|          2|
    |data_V_data_29_V_blk_n   |   9|          2|    1|          2|
    |data_V_data_2_V_blk_n    |   9|          2|    1|          2|
    |data_V_data_30_V_blk_n   |   9|          2|    1|          2|
    |data_V_data_31_V_blk_n   |   9|          2|    1|          2|
    |data_V_data_3_V_blk_n    |   9|          2|    1|          2|
    |data_V_data_4_V_blk_n    |   9|          2|    1|          2|
    |data_V_data_5_V_blk_n    |   9|          2|    1|          2|
    |data_V_data_6_V_blk_n    |   9|          2|    1|          2|
    |data_V_data_7_V_blk_n    |   9|          2|    1|          2|
    |data_V_data_8_V_blk_n    |   9|          2|    1|          2|
    |data_V_data_9_V_blk_n    |   9|          2|    1|          2|
    |i_0_reg_1106             |   9|          2|   10|         20|
    |real_start               |   9|          2|    1|          2|
    |res_V_data_0_V_blk_n     |   9|          2|    1|          2|
    |res_V_data_10_V_blk_n    |   9|          2|    1|          2|
    |res_V_data_11_V_blk_n    |   9|          2|    1|          2|
    |res_V_data_12_V_blk_n    |   9|          2|    1|          2|
    |res_V_data_13_V_blk_n    |   9|          2|    1|          2|
    |res_V_data_14_V_blk_n    |   9|          2|    1|          2|
    |res_V_data_15_V_blk_n    |   9|          2|    1|          2|
    |res_V_data_16_V_blk_n    |   9|          2|    1|          2|
    |res_V_data_17_V_blk_n    |   9|          2|    1|          2|
    |res_V_data_18_V_blk_n    |   9|          2|    1|          2|
    |res_V_data_19_V_blk_n    |   9|          2|    1|          2|
    |res_V_data_1_V_blk_n     |   9|          2|    1|          2|
    |res_V_data_20_V_blk_n    |   9|          2|    1|          2|
    |res_V_data_21_V_blk_n    |   9|          2|    1|          2|
    |res_V_data_22_V_blk_n    |   9|          2|    1|          2|
    |res_V_data_23_V_blk_n    |   9|          2|    1|          2|
    |res_V_data_24_V_blk_n    |   9|          2|    1|          2|
    |res_V_data_25_V_blk_n    |   9|          2|    1|          2|
    |res_V_data_26_V_blk_n    |   9|          2|    1|          2|
    |res_V_data_27_V_blk_n    |   9|          2|    1|          2|
    |res_V_data_28_V_blk_n    |   9|          2|    1|          2|
    |res_V_data_29_V_blk_n    |   9|          2|    1|          2|
    |res_V_data_2_V_blk_n     |   9|          2|    1|          2|
    |res_V_data_30_V_blk_n    |   9|          2|    1|          2|
    |res_V_data_31_V_blk_n    |   9|          2|    1|          2|
    |res_V_data_3_V_blk_n     |   9|          2|    1|          2|
    |res_V_data_4_V_blk_n     |   9|          2|    1|          2|
    |res_V_data_5_V_blk_n     |   9|          2|    1|          2|
    |res_V_data_6_V_blk_n     |   9|          2|    1|          2|
    |res_V_data_7_V_blk_n     |   9|          2|    1|          2|
    |res_V_data_8_V_blk_n     |   9|          2|    1|          2|
    |res_V_data_9_V_blk_n     |   9|          2|    1|          2|
    +-------------------------+----+-----------+-----+-----------+
    |Total                    | 639|        141|   78|        159|
    +-------------------------+----+-----------+-----+-----------+

    * Register: 
    +-------------------------+----+----+-----+-----------+
    |           Name          | FF | LUT| Bits| Const Bits|
    +-------------------------+----+----+-----+-----------+
    |ap_CS_fsm                |   3|   0|    3|          0|
    |ap_done_reg              |   1|   0|    1|          0|
    |ap_enable_reg_pp0_iter0  |   1|   0|    1|          0|
    |ap_enable_reg_pp0_iter1  |   1|   0|    1|          0|
    |i_0_reg_1106             |  10|   0|   10|          0|
    |icmp_ln41_reg_1737       |   1|   0|    1|          0|
    |start_once_reg           |   1|   0|    1|          0|
    +-------------------------+----+----+-----+-----------+
    |Total                    |  18|   0|   18|          0|
    +-------------------------+----+----+-----+-----------+



================================================================
== Interface
================================================================
* Summary: 
+--------------------------+-----+-----+------------+------------------------------------------------------------------------+--------------+
|         RTL Ports        | Dir | Bits|  Protocol  |                              Source Object                             |    C Type    |
+--------------------------+-----+-----+------------+------------------------------------------------------------------------+--------------+
|ap_clk                    |  in |    1| ap_ctrl_hs | relu<array<ap_fixed,32u>,array<ap_fixed<16,6,5,3,0>,32u>,relu_config3> | return value |
|ap_rst                    |  in |    1| ap_ctrl_hs | relu<array<ap_fixed,32u>,array<ap_fixed<16,6,5,3,0>,32u>,relu_config3> | return value |
|ap_start                  |  in |    1| ap_ctrl_hs | relu<array<ap_fixed,32u>,array<ap_fixed<16,6,5,3,0>,32u>,relu_config3> | return value |
|start_full_n              |  in |    1| ap_ctrl_hs | relu<array<ap_fixed,32u>,array<ap_fixed<16,6,5,3,0>,32u>,relu_config3> | return value |
|ap_done                   | out |    1| ap_ctrl_hs | relu<array<ap_fixed,32u>,array<ap_fixed<16,6,5,3,0>,32u>,relu_config3> | return value |
|ap_continue               |  in |    1| ap_ctrl_hs | relu<array<ap_fixed,32u>,array<ap_fixed<16,6,5,3,0>,32u>,relu_config3> | return value |
|ap_idle                   | out |    1| ap_ctrl_hs | relu<array<ap_fixed,32u>,array<ap_fixed<16,6,5,3,0>,32u>,relu_config3> | return value |
|ap_ready                  | out |    1| ap_ctrl_hs | relu<array<ap_fixed,32u>,array<ap_fixed<16,6,5,3,0>,32u>,relu_config3> | return value |
|start_out                 | out |    1| ap_ctrl_hs | relu<array<ap_fixed,32u>,array<ap_fixed<16,6,5,3,0>,32u>,relu_config3> | return value |
|start_write               | out |    1| ap_ctrl_hs | relu<array<ap_fixed,32u>,array<ap_fixed<16,6,5,3,0>,32u>,relu_config3> | return value |
|data_V_data_0_V_dout      |  in |   16|   ap_fifo  |                             data_V_data_0_V                            |    pointer   |
|data_V_data_0_V_empty_n   |  in |    1|   ap_fifo  |                             data_V_data_0_V                            |    pointer   |
|data_V_data_0_V_read      | out |    1|   ap_fifo  |                             data_V_data_0_V                            |    pointer   |
|data_V_data_1_V_dout      |  in |   16|   ap_fifo  |                             data_V_data_1_V                            |    pointer   |
|data_V_data_1_V_empty_n   |  in |    1|   ap_fifo  |                             data_V_data_1_V                            |    pointer   |
|data_V_data_1_V_read      | out |    1|   ap_fifo  |                             data_V_data_1_V                            |    pointer   |
|data_V_data_2_V_dout      |  in |   16|   ap_fifo  |                             data_V_data_2_V                            |    pointer   |
|data_V_data_2_V_empty_n   |  in |    1|   ap_fifo  |                             data_V_data_2_V                            |    pointer   |
|data_V_data_2_V_read      | out |    1|   ap_fifo  |                             data_V_data_2_V                            |    pointer   |
|data_V_data_3_V_dout      |  in |   16|   ap_fifo  |                             data_V_data_3_V                            |    pointer   |
|data_V_data_3_V_empty_n   |  in |    1|   ap_fifo  |                             data_V_data_3_V                            |    pointer   |
|data_V_data_3_V_read      | out |    1|   ap_fifo  |                             data_V_data_3_V                            |    pointer   |
|data_V_data_4_V_dout      |  in |   16|   ap_fifo  |                             data_V_data_4_V                            |    pointer   |
|data_V_data_4_V_empty_n   |  in |    1|   ap_fifo  |                             data_V_data_4_V                            |    pointer   |
|data_V_data_4_V_read      | out |    1|   ap_fifo  |                             data_V_data_4_V                            |    pointer   |
|data_V_data_5_V_dout      |  in |   16|   ap_fifo  |                             data_V_data_5_V                            |    pointer   |
|data_V_data_5_V_empty_n   |  in |    1|   ap_fifo  |                             data_V_data_5_V                            |    pointer   |
|data_V_data_5_V_read      | out |    1|   ap_fifo  |                             data_V_data_5_V                            |    pointer   |
|data_V_data_6_V_dout      |  in |   16|   ap_fifo  |                             data_V_data_6_V                            |    pointer   |
|data_V_data_6_V_empty_n   |  in |    1|   ap_fifo  |                             data_V_data_6_V                            |    pointer   |
|data_V_data_6_V_read      | out |    1|   ap_fifo  |                             data_V_data_6_V                            |    pointer   |
|data_V_data_7_V_dout      |  in |   16|   ap_fifo  |                             data_V_data_7_V                            |    pointer   |
|data_V_data_7_V_empty_n   |  in |    1|   ap_fifo  |                             data_V_data_7_V                            |    pointer   |
|data_V_data_7_V_read      | out |    1|   ap_fifo  |                             data_V_data_7_V                            |    pointer   |
|data_V_data_8_V_dout      |  in |   16|   ap_fifo  |                             data_V_data_8_V                            |    pointer   |
|data_V_data_8_V_empty_n   |  in |    1|   ap_fifo  |                             data_V_data_8_V                            |    pointer   |
|data_V_data_8_V_read      | out |    1|   ap_fifo  |                             data_V_data_8_V                            |    pointer   |
|data_V_data_9_V_dout      |  in |   16|   ap_fifo  |                             data_V_data_9_V                            |    pointer   |
|data_V_data_9_V_empty_n   |  in |    1|   ap_fifo  |                             data_V_data_9_V                            |    pointer   |
|data_V_data_9_V_read      | out |    1|   ap_fifo  |                             data_V_data_9_V                            |    pointer   |
|data_V_data_10_V_dout     |  in |   16|   ap_fifo  |                            data_V_data_10_V                            |    pointer   |
|data_V_data_10_V_empty_n  |  in |    1|   ap_fifo  |                            data_V_data_10_V                            |    pointer   |
|data_V_data_10_V_read     | out |    1|   ap_fifo  |                            data_V_data_10_V                            |    pointer   |
|data_V_data_11_V_dout     |  in |   16|   ap_fifo  |                            data_V_data_11_V                            |    pointer   |
|data_V_data_11_V_empty_n  |  in |    1|   ap_fifo  |                            data_V_data_11_V                            |    pointer   |
|data_V_data_11_V_read     | out |    1|   ap_fifo  |                            data_V_data_11_V                            |    pointer   |
|data_V_data_12_V_dout     |  in |   16|   ap_fifo  |                            data_V_data_12_V                            |    pointer   |
|data_V_data_12_V_empty_n  |  in |    1|   ap_fifo  |                            data_V_data_12_V                            |    pointer   |
|data_V_data_12_V_read     | out |    1|   ap_fifo  |                            data_V_data_12_V                            |    pointer   |
|data_V_data_13_V_dout     |  in |   16|   ap_fifo  |                            data_V_data_13_V                            |    pointer   |
|data_V_data_13_V_empty_n  |  in |    1|   ap_fifo  |                            data_V_data_13_V                            |    pointer   |
|data_V_data_13_V_read     | out |    1|   ap_fifo  |                            data_V_data_13_V                            |    pointer   |
|data_V_data_14_V_dout     |  in |   16|   ap_fifo  |                            data_V_data_14_V                            |    pointer   |
|data_V_data_14_V_empty_n  |  in |    1|   ap_fifo  |                            data_V_data_14_V                            |    pointer   |
|data_V_data_14_V_read     | out |    1|   ap_fifo  |                            data_V_data_14_V                            |    pointer   |
|data_V_data_15_V_dout     |  in |   16|   ap_fifo  |                            data_V_data_15_V                            |    pointer   |
|data_V_data_15_V_empty_n  |  in |    1|   ap_fifo  |                            data_V_data_15_V                            |    pointer   |
|data_V_data_15_V_read     | out |    1|   ap_fifo  |                            data_V_data_15_V                            |    pointer   |
|data_V_data_16_V_dout     |  in |   16|   ap_fifo  |                            data_V_data_16_V                            |    pointer   |
|data_V_data_16_V_empty_n  |  in |    1|   ap_fifo  |                            data_V_data_16_V                            |    pointer   |
|data_V_data_16_V_read     | out |    1|   ap_fifo  |                            data_V_data_16_V                            |    pointer   |
|data_V_data_17_V_dout     |  in |   16|   ap_fifo  |                            data_V_data_17_V                            |    pointer   |
|data_V_data_17_V_empty_n  |  in |    1|   ap_fifo  |                            data_V_data_17_V                            |    pointer   |
|data_V_data_17_V_read     | out |    1|   ap_fifo  |                            data_V_data_17_V                            |    pointer   |
|data_V_data_18_V_dout     |  in |   16|   ap_fifo  |                            data_V_data_18_V                            |    pointer   |
|data_V_data_18_V_empty_n  |  in |    1|   ap_fifo  |                            data_V_data_18_V                            |    pointer   |
|data_V_data_18_V_read     | out |    1|   ap_fifo  |                            data_V_data_18_V                            |    pointer   |
|data_V_data_19_V_dout     |  in |   16|   ap_fifo  |                            data_V_data_19_V                            |    pointer   |
|data_V_data_19_V_empty_n  |  in |    1|   ap_fifo  |                            data_V_data_19_V                            |    pointer   |
|data_V_data_19_V_read     | out |    1|   ap_fifo  |                            data_V_data_19_V                            |    pointer   |
|data_V_data_20_V_dout     |  in |   16|   ap_fifo  |                            data_V_data_20_V                            |    pointer   |
|data_V_data_20_V_empty_n  |  in |    1|   ap_fifo  |                            data_V_data_20_V                            |    pointer   |
|data_V_data_20_V_read     | out |    1|   ap_fifo  |                            data_V_data_20_V                            |    pointer   |
|data_V_data_21_V_dout     |  in |   16|   ap_fifo  |                            data_V_data_21_V                            |    pointer   |
|data_V_data_21_V_empty_n  |  in |    1|   ap_fifo  |                            data_V_data_21_V                            |    pointer   |
|data_V_data_21_V_read     | out |    1|   ap_fifo  |                            data_V_data_21_V                            |    pointer   |
|data_V_data_22_V_dout     |  in |   16|   ap_fifo  |                            data_V_data_22_V                            |    pointer   |
|data_V_data_22_V_empty_n  |  in |    1|   ap_fifo  |                            data_V_data_22_V                            |    pointer   |
|data_V_data_22_V_read     | out |    1|   ap_fifo  |                            data_V_data_22_V                            |    pointer   |
|data_V_data_23_V_dout     |  in |   16|   ap_fifo  |                            data_V_data_23_V                            |    pointer   |
|data_V_data_23_V_empty_n  |  in |    1|   ap_fifo  |                            data_V_data_23_V                            |    pointer   |
|data_V_data_23_V_read     | out |    1|   ap_fifo  |                            data_V_data_23_V                            |    pointer   |
|data_V_data_24_V_dout     |  in |   16|   ap_fifo  |                            data_V_data_24_V                            |    pointer   |
|data_V_data_24_V_empty_n  |  in |    1|   ap_fifo  |                            data_V_data_24_V                            |    pointer   |
|data_V_data_24_V_read     | out |    1|   ap_fifo  |                            data_V_data_24_V                            |    pointer   |
|data_V_data_25_V_dout     |  in |   16|   ap_fifo  |                            data_V_data_25_V                            |    pointer   |
|data_V_data_25_V_empty_n  |  in |    1|   ap_fifo  |                            data_V_data_25_V                            |    pointer   |
|data_V_data_25_V_read     | out |    1|   ap_fifo  |                            data_V_data_25_V                            |    pointer   |
|data_V_data_26_V_dout     |  in |   16|   ap_fifo  |                            data_V_data_26_V                            |    pointer   |
|data_V_data_26_V_empty_n  |  in |    1|   ap_fifo  |                            data_V_data_26_V                            |    pointer   |
|data_V_data_26_V_read     | out |    1|   ap_fifo  |                            data_V_data_26_V                            |    pointer   |
|data_V_data_27_V_dout     |  in |   16|   ap_fifo  |                            data_V_data_27_V                            |    pointer   |
|data_V_data_27_V_empty_n  |  in |    1|   ap_fifo  |                            data_V_data_27_V                            |    pointer   |
|data_V_data_27_V_read     | out |    1|   ap_fifo  |                            data_V_data_27_V                            |    pointer   |
|data_V_data_28_V_dout     |  in |   16|   ap_fifo  |                            data_V_data_28_V                            |    pointer   |
|data_V_data_28_V_empty_n  |  in |    1|   ap_fifo  |                            data_V_data_28_V                            |    pointer   |
|data_V_data_28_V_read     | out |    1|   ap_fifo  |                            data_V_data_28_V                            |    pointer   |
|data_V_data_29_V_dout     |  in |   16|   ap_fifo  |                            data_V_data_29_V                            |    pointer   |
|data_V_data_29_V_empty_n  |  in |    1|   ap_fifo  |                            data_V_data_29_V                            |    pointer   |
|data_V_data_29_V_read     | out |    1|   ap_fifo  |                            data_V_data_29_V                            |    pointer   |
|data_V_data_30_V_dout     |  in |   16|   ap_fifo  |                            data_V_data_30_V                            |    pointer   |
|data_V_data_30_V_empty_n  |  in |    1|   ap_fifo  |                            data_V_data_30_V                            |    pointer   |
|data_V_data_30_V_read     | out |    1|   ap_fifo  |                            data_V_data_30_V                            |    pointer   |
|data_V_data_31_V_dout     |  in |   16|   ap_fifo  |                            data_V_data_31_V                            |    pointer   |
|data_V_data_31_V_empty_n  |  in |    1|   ap_fifo  |                            data_V_data_31_V                            |    pointer   |
|data_V_data_31_V_read     | out |    1|   ap_fifo  |                            data_V_data_31_V                            |    pointer   |
|res_V_data_0_V_din        | out |   16|   ap_fifo  |                             res_V_data_0_V                             |    pointer   |
|res_V_data_0_V_full_n     |  in |    1|   ap_fifo  |                             res_V_data_0_V                             |    pointer   |
|res_V_data_0_V_write      | out |    1|   ap_fifo  |                             res_V_data_0_V                             |    pointer   |
|res_V_data_1_V_din        | out |   16|   ap_fifo  |                             res_V_data_1_V                             |    pointer   |
|res_V_data_1_V_full_n     |  in |    1|   ap_fifo  |                             res_V_data_1_V                             |    pointer   |
|res_V_data_1_V_write      | out |    1|   ap_fifo  |                             res_V_data_1_V                             |    pointer   |
|res_V_data_2_V_din        | out |   16|   ap_fifo  |                             res_V_data_2_V                             |    pointer   |
|res_V_data_2_V_full_n     |  in |    1|   ap_fifo  |                             res_V_data_2_V                             |    pointer   |
|res_V_data_2_V_write      | out |    1|   ap_fifo  |                             res_V_data_2_V                             |    pointer   |
|res_V_data_3_V_din        | out |   16|   ap_fifo  |                             res_V_data_3_V                             |    pointer   |
|res_V_data_3_V_full_n     |  in |    1|   ap_fifo  |                             res_V_data_3_V                             |    pointer   |
|res_V_data_3_V_write      | out |    1|   ap_fifo  |                             res_V_data_3_V                             |    pointer   |
|res_V_data_4_V_din        | out |   16|   ap_fifo  |                             res_V_data_4_V                             |    pointer   |
|res_V_data_4_V_full_n     |  in |    1|   ap_fifo  |                             res_V_data_4_V                             |    pointer   |
|res_V_data_4_V_write      | out |    1|   ap_fifo  |                             res_V_data_4_V                             |    pointer   |
|res_V_data_5_V_din        | out |   16|   ap_fifo  |                             res_V_data_5_V                             |    pointer   |
|res_V_data_5_V_full_n     |  in |    1|   ap_fifo  |                             res_V_data_5_V                             |    pointer   |
|res_V_data_5_V_write      | out |    1|   ap_fifo  |                             res_V_data_5_V                             |    pointer   |
|res_V_data_6_V_din        | out |   16|   ap_fifo  |                             res_V_data_6_V                             |    pointer   |
|res_V_data_6_V_full_n     |  in |    1|   ap_fifo  |                             res_V_data_6_V                             |    pointer   |
|res_V_data_6_V_write      | out |    1|   ap_fifo  |                             res_V_data_6_V                             |    pointer   |
|res_V_data_7_V_din        | out |   16|   ap_fifo  |                             res_V_data_7_V                             |    pointer   |
|res_V_data_7_V_full_n     |  in |    1|   ap_fifo  |                             res_V_data_7_V                             |    pointer   |
|res_V_data_7_V_write      | out |    1|   ap_fifo  |                             res_V_data_7_V                             |    pointer   |
|res_V_data_8_V_din        | out |   16|   ap_fifo  |                             res_V_data_8_V                             |    pointer   |
|res_V_data_8_V_full_n     |  in |    1|   ap_fifo  |                             res_V_data_8_V                             |    pointer   |
|res_V_data_8_V_write      | out |    1|   ap_fifo  |                             res_V_data_8_V                             |    pointer   |
|res_V_data_9_V_din        | out |   16|   ap_fifo  |                             res_V_data_9_V                             |    pointer   |
|res_V_data_9_V_full_n     |  in |    1|   ap_fifo  |                             res_V_data_9_V                             |    pointer   |
|res_V_data_9_V_write      | out |    1|   ap_fifo  |                             res_V_data_9_V                             |    pointer   |
|res_V_data_10_V_din       | out |   16|   ap_fifo  |                             res_V_data_10_V                            |    pointer   |
|res_V_data_10_V_full_n    |  in |    1|   ap_fifo  |                             res_V_data_10_V                            |    pointer   |
|res_V_data_10_V_write     | out |    1|   ap_fifo  |                             res_V_data_10_V                            |    pointer   |
|res_V_data_11_V_din       | out |   16|   ap_fifo  |                             res_V_data_11_V                            |    pointer   |
|res_V_data_11_V_full_n    |  in |    1|   ap_fifo  |                             res_V_data_11_V                            |    pointer   |
|res_V_data_11_V_write     | out |    1|   ap_fifo  |                             res_V_data_11_V                            |    pointer   |
|res_V_data_12_V_din       | out |   16|   ap_fifo  |                             res_V_data_12_V                            |    pointer   |
|res_V_data_12_V_full_n    |  in |    1|   ap_fifo  |                             res_V_data_12_V                            |    pointer   |
|res_V_data_12_V_write     | out |    1|   ap_fifo  |                             res_V_data_12_V                            |    pointer   |
|res_V_data_13_V_din       | out |   16|   ap_fifo  |                             res_V_data_13_V                            |    pointer   |
|res_V_data_13_V_full_n    |  in |    1|   ap_fifo  |                             res_V_data_13_V                            |    pointer   |
|res_V_data_13_V_write     | out |    1|   ap_fifo  |                             res_V_data_13_V                            |    pointer   |
|res_V_data_14_V_din       | out |   16|   ap_fifo  |                             res_V_data_14_V                            |    pointer   |
|res_V_data_14_V_full_n    |  in |    1|   ap_fifo  |                             res_V_data_14_V                            |    pointer   |
|res_V_data_14_V_write     | out |    1|   ap_fifo  |                             res_V_data_14_V                            |    pointer   |
|res_V_data_15_V_din       | out |   16|   ap_fifo  |                             res_V_data_15_V                            |    pointer   |
|res_V_data_15_V_full_n    |  in |    1|   ap_fifo  |                             res_V_data_15_V                            |    pointer   |
|res_V_data_15_V_write     | out |    1|   ap_fifo  |                             res_V_data_15_V                            |    pointer   |
|res_V_data_16_V_din       | out |   16|   ap_fifo  |                             res_V_data_16_V                            |    pointer   |
|res_V_data_16_V_full_n    |  in |    1|   ap_fifo  |                             res_V_data_16_V                            |    pointer   |
|res_V_data_16_V_write     | out |    1|   ap_fifo  |                             res_V_data_16_V                            |    pointer   |
|res_V_data_17_V_din       | out |   16|   ap_fifo  |                             res_V_data_17_V                            |    pointer   |
|res_V_data_17_V_full_n    |  in |    1|   ap_fifo  |                             res_V_data_17_V                            |    pointer   |
|res_V_data_17_V_write     | out |    1|   ap_fifo  |                             res_V_data_17_V                            |    pointer   |
|res_V_data_18_V_din       | out |   16|   ap_fifo  |                             res_V_data_18_V                            |    pointer   |
|res_V_data_18_V_full_n    |  in |    1|   ap_fifo  |                             res_V_data_18_V                            |    pointer   |
|res_V_data_18_V_write     | out |    1|   ap_fifo  |                             res_V_data_18_V                            |    pointer   |
|res_V_data_19_V_din       | out |   16|   ap_fifo  |                             res_V_data_19_V                            |    pointer   |
|res_V_data_19_V_full_n    |  in |    1|   ap_fifo  |                             res_V_data_19_V                            |    pointer   |
|res_V_data_19_V_write     | out |    1|   ap_fifo  |                             res_V_data_19_V                            |    pointer   |
|res_V_data_20_V_din       | out |   16|   ap_fifo  |                             res_V_data_20_V                            |    pointer   |
|res_V_data_20_V_full_n    |  in |    1|   ap_fifo  |                             res_V_data_20_V                            |    pointer   |
|res_V_data_20_V_write     | out |    1|   ap_fifo  |                             res_V_data_20_V                            |    pointer   |
|res_V_data_21_V_din       | out |   16|   ap_fifo  |                             res_V_data_21_V                            |    pointer   |
|res_V_data_21_V_full_n    |  in |    1|   ap_fifo  |                             res_V_data_21_V                            |    pointer   |
|res_V_data_21_V_write     | out |    1|   ap_fifo  |                             res_V_data_21_V                            |    pointer   |
|res_V_data_22_V_din       | out |   16|   ap_fifo  |                             res_V_data_22_V                            |    pointer   |
|res_V_data_22_V_full_n    |  in |    1|   ap_fifo  |                             res_V_data_22_V                            |    pointer   |
|res_V_data_22_V_write     | out |    1|   ap_fifo  |                             res_V_data_22_V                            |    pointer   |
|res_V_data_23_V_din       | out |   16|   ap_fifo  |                             res_V_data_23_V                            |    pointer   |
|res_V_data_23_V_full_n    |  in |    1|   ap_fifo  |                             res_V_data_23_V                            |    pointer   |
|res_V_data_23_V_write     | out |    1|   ap_fifo  |                             res_V_data_23_V                            |    pointer   |
|res_V_data_24_V_din       | out |   16|   ap_fifo  |                             res_V_data_24_V                            |    pointer   |
|res_V_data_24_V_full_n    |  in |    1|   ap_fifo  |                             res_V_data_24_V                            |    pointer   |
|res_V_data_24_V_write     | out |    1|   ap_fifo  |                             res_V_data_24_V                            |    pointer   |
|res_V_data_25_V_din       | out |   16|   ap_fifo  |                             res_V_data_25_V                            |    pointer   |
|res_V_data_25_V_full_n    |  in |    1|   ap_fifo  |                             res_V_data_25_V                            |    pointer   |
|res_V_data_25_V_write     | out |    1|   ap_fifo  |                             res_V_data_25_V                            |    pointer   |
|res_V_data_26_V_din       | out |   16|   ap_fifo  |                             res_V_data_26_V                            |    pointer   |
|res_V_data_26_V_full_n    |  in |    1|   ap_fifo  |                             res_V_data_26_V                            |    pointer   |
|res_V_data_26_V_write     | out |    1|   ap_fifo  |                             res_V_data_26_V                            |    pointer   |
|res_V_data_27_V_din       | out |   16|   ap_fifo  |                             res_V_data_27_V                            |    pointer   |
|res_V_data_27_V_full_n    |  in |    1|   ap_fifo  |                             res_V_data_27_V                            |    pointer   |
|res_V_data_27_V_write     | out |    1|   ap_fifo  |                             res_V_data_27_V                            |    pointer   |
|res_V_data_28_V_din       | out |   16|   ap_fifo  |                             res_V_data_28_V                            |    pointer   |
|res_V_data_28_V_full_n    |  in |    1|   ap_fifo  |                             res_V_data_28_V                            |    pointer   |
|res_V_data_28_V_write     | out |    1|   ap_fifo  |                             res_V_data_28_V                            |    pointer   |
|res_V_data_29_V_din       | out |   16|   ap_fifo  |                             res_V_data_29_V                            |    pointer   |
|res_V_data_29_V_full_n    |  in |    1|   ap_fifo  |                             res_V_data_29_V                            |    pointer   |
|res_V_data_29_V_write     | out |    1|   ap_fifo  |                             res_V_data_29_V                            |    pointer   |
|res_V_data_30_V_din       | out |   16|   ap_fifo  |                             res_V_data_30_V                            |    pointer   |
|res_V_data_30_V_full_n    |  in |    1|   ap_fifo  |                             res_V_data_30_V                            |    pointer   |
|res_V_data_30_V_write     | out |    1|   ap_fifo  |                             res_V_data_30_V                            |    pointer   |
|res_V_data_31_V_din       | out |   16|   ap_fifo  |                             res_V_data_31_V                            |    pointer   |
|res_V_data_31_V_full_n    |  in |    1|   ap_fifo  |                             res_V_data_31_V                            |    pointer   |
|res_V_data_31_V_write     | out |    1|   ap_fifo  |                             res_V_data_31_V                            |    pointer   |
+--------------------------+-----+-----+------------+------------------------------------------------------------------------+--------------+

