

================================================================
== Vivado HLS Report for 'softmax_stable_ap_fixed_ap_fixed_16_6_5_3_0_softmax_config5_s'
================================================================
* Date:           Sat Feb 24 16:03:30 2024

* Version:        2020.1 (Build 2897737 on Wed May 27 20:21:37 MDT 2020)
* Project:        myproject_prj
* Solution:       solution1
* Product family: zynq
* Target device:  xc7z020-clg400-1


================================================================
== Performance Estimates
================================================================
+ Timing: 
    * Summary: 
    +--------+----------+-----------+------------+
    |  Clock |  Target  | Estimated | Uncertainty|
    +--------+----------+-----------+------------+
    |ap_clk  | 25.00 ns | 13.755 ns |   3.12 ns  |
    +--------+----------+-----------+------------+

+ Latency: 
    * Summary: 
    +---------+---------+-----------+-----------+-----+-----+----------+
    |  Latency (cycles) |   Latency (absolute)  |  Interval | Pipeline |
    |   min   |   max   |    min    |    max    | min | max |   Type   |
    +---------+---------+-----------+-----------+-----+-----+----------+
    |        2|        2| 50.000 ns | 50.000 ns |    1|    1| function |
    +---------+---------+-----------+-----------+-----+-----+----------+

    + Detail: 
        * Instance: 
        N/A

        * Loop: 
        N/A



================================================================
== Utilization Estimates
================================================================
* Summary: 
+-----------------+---------+-------+--------+-------+-----+
|       Name      | BRAM_18K| DSP48E|   FF   |  LUT  | URAM|
+-----------------+---------+-------+--------+-------+-----+
|DSP              |        -|      3|       -|      -|    -|
|Expression       |        -|      -|       0|    360|    -|
|FIFO             |        -|      -|       -|      -|    -|
|Instance         |        -|      -|       -|      -|    -|
|Memory           |        3|      -|       0|      0|    -|
|Multiplexer      |        -|      -|       -|      -|    -|
|Register         |        -|      -|      54|      -|    -|
+-----------------+---------+-------+--------+-------+-----+
|Total            |        3|      3|      54|    360|    0|
+-----------------+---------+-------+--------+-------+-----+
|Available        |      280|    220|  106400|  53200|    0|
+-----------------+---------+-------+--------+-------+-----+
|Utilization (%)  |        1|      1|   ~0   |   ~0  |    0|
+-----------------+---------+-------+--------+-------+-----+

+ Detail: 
    * Instance: 
    N/A

    * DSP48E: 
    +----------------------------------------+-----------------------------------+-----------+
    |                Instance                |               Module              | Expression|
    +----------------------------------------+-----------------------------------+-----------+
    |myproject_mul_mul_17ns_18s_26_1_1_U118  |myproject_mul_mul_17ns_18s_26_1_1  |  i0 * i1  |
    |myproject_mul_mul_17ns_18s_26_1_1_U119  |myproject_mul_mul_17ns_18s_26_1_1  |  i0 * i1  |
    |myproject_mul_mul_17ns_18s_26_1_1_U120  |myproject_mul_mul_17ns_18s_26_1_1  |  i0 * i1  |
    +----------------------------------------+-----------------------------------+-----------+

    * Memory: 
    +-----------------+-----------------------------------------------------------------------------+---------+---+----+-----+------+-----+------+-------------+
    |      Memory     |                                    Module                                   | BRAM_18K| FF| LUT| URAM| Words| Bits| Banks| W*Bits*Banks|
    +-----------------+-----------------------------------------------------------------------------+---------+---+----+-----+------+-----+------+-------------+
    |exp_table1_U     |softmax_stable_ap_fixed_ap_fixed_16_6_5_3_0_softmax_config5_s_exp_table1     |        2|  0|   0|    0|  1024|   17|     1|        17408|
    |invert_table2_U  |softmax_stable_ap_fixed_ap_fixed_16_6_5_3_0_softmax_config5_s_invert_table2  |        1|  0|   0|    0|  1024|   18|     1|        18432|
    +-----------------+-----------------------------------------------------------------------------+---------+---+----+-----+------+-----+------+-------------+
    |Total            |                                                                             |        3|  0|   0|    0|  2048|   35|     2|        35840|
    +-----------------+-----------------------------------------------------------------------------+---------+---+----+-----+------+-----+------+-------------+

    * FIFO: 
    N/A

    * Expression: 
    +-----------------------------+----------+-------+---+----+------------+------------+
    |        Variable Name        | Operation| DSP48E| FF| LUT| Bitwidth P0| Bitwidth P1|
    +-----------------------------+----------+-------+---+----+------------+------------+
    |add_ln746_fu_461_p2          |     +    |      0|  0|  24|          17|          17|
    |p_Val2_6_fu_455_p2           |     +    |      0|  0|  25|          18|          18|
    |p_Val2_9_fu_487_p2           |     +    |      0|  0|  25|          18|          18|
    |sub_ln1193_1_fu_218_p2       |     -    |      0|  0|  24|          17|          17|
    |sub_ln1193_2_fu_274_p2       |     -    |      0|  0|  24|          17|          17|
    |sub_ln1193_fu_162_p2         |     -    |      0|  0|  24|          17|          17|
    |and_ln786_1_fu_246_p2        |    and   |      0|  0|   2|           1|           1|
    |and_ln786_2_fu_302_p2        |    and   |      0|  0|   2|           1|           1|
    |and_ln786_fu_190_p2          |    and   |      0|  0|   2|           1|           1|
    |ap_block_pp0_stage0_11001    |    and   |      0|  0|   2|           1|           1|
    |icmp_ln1496_1_fu_140_p2      |   icmp   |      0|  0|  13|          16|          16|
    |icmp_ln1496_fu_126_p2        |   icmp   |      0|  0|  13|          16|          16|
    |ap_block_pp0_stage0_subdone  |    or    |      0|  0|   2|           1|           1|
    |or_ln340_1_fu_264_p2         |    or    |      0|  0|   2|           1|           1|
    |or_ln340_2_fu_320_p2         |    or    |      0|  0|   2|           1|           1|
    |or_ln340_fu_208_p2           |    or    |      0|  0|   2|           1|           1|
    |p_Val2_7_fu_475_p3           |  select  |      0|  0|  17|           1|           2|
    |select_ln340_2_fu_375_p3     |  select  |      0|  0|  10|           1|           9|
    |select_ln340_4_fu_414_p3     |  select  |      0|  0|  10|           1|           9|
    |select_ln340_fu_336_p3       |  select  |      0|  0|  10|           1|           9|
    |select_ln388_1_fu_383_p3     |  select  |      0|  0|  11|           1|          11|
    |select_ln388_2_fu_422_p3     |  select  |      0|  0|  11|           1|          11|
    |select_ln388_fu_344_p3       |  select  |      0|  0|  11|           1|          11|
    |select_ln65_fu_132_p3        |  select  |      0|  0|  16|           1|          16|
    |x_max_V_fu_146_p3            |  select  |      0|  0|  16|           1|          16|
    |y_V_1_fu_391_p3              |  select  |      0|  0|  10|           1|          10|
    |y_V_2_fu_430_p3              |  select  |      0|  0|  10|           1|          10|
    |y_V_3_fu_511_p3              |  select  |      0|  0|  10|           1|           9|
    |y_V_fu_352_p3                |  select  |      0|  0|  10|           1|          10|
    |ap_enable_pp0                |    xor   |      0|  0|   2|           1|           2|
    |xor_ln340_1_fu_258_p2        |    xor   |      0|  0|   2|           1|           2|
    |xor_ln340_2_fu_314_p2        |    xor   |      0|  0|   2|           1|           2|
    |xor_ln340_3_fu_196_p2        |    xor   |      0|  0|   2|           1|           1|
    |xor_ln340_4_fu_252_p2        |    xor   |      0|  0|   2|           1|           1|
    |xor_ln340_5_fu_308_p2        |    xor   |      0|  0|   2|           1|           1|
    |xor_ln340_fu_202_p2          |    xor   |      0|  0|   2|           1|           2|
    |xor_ln786_1_fu_240_p2        |    xor   |      0|  0|   2|           1|           2|
    |xor_ln786_2_fu_296_p2        |    xor   |      0|  0|   2|           1|           2|
    |xor_ln786_fu_184_p2          |    xor   |      0|  0|   2|           1|           2|
    +-----------------------------+----------+-------+---+----+------------+------------+
    |Total                        |          |      0|  0| 360|         167|         294|
    +-----------------------------+----------+-------+---+----+------------+------------+

    * Multiplexer: 
    N/A

    * Register: 
    +-------------------------+----+----+-----+-----------+
    |           Name          | FF | LUT| Bits| Const Bits|
    +-------------------------+----+----+-----+-----------+
    |ap_CS_fsm                |   1|   0|    1|          0|
    |ap_enable_reg_pp0_iter1  |   1|   0|    1|          0|
    |ap_enable_reg_pp0_iter2  |   1|   0|    1|          0|
    |exp_res_0_V_reg_618      |  17|   0|   17|          0|
    |exp_res_1_V_reg_623      |  17|   0|   17|          0|
    |exp_res_2_V_reg_628      |  17|   0|   17|          0|
    +-------------------------+----+----+-----+-----------+
    |Total                    |  54|   0|   54|          0|
    +-------------------------+----+----+-----+-----------+



================================================================
== Interface
================================================================
* Summary: 
+---------------+-----+-----+------------+---------------------------------------------------------------+--------------+
|   RTL Ports   | Dir | Bits|  Protocol  |                         Source Object                         |    C Type    |
+---------------+-----+-----+------------+---------------------------------------------------------------+--------------+
|ap_clk         |  in |    1| ap_ctrl_hs | softmax_stable<ap_fixed,ap_fixed<16,6,5,3,0>,softmax_config5> | return value |
|ap_rst         |  in |    1| ap_ctrl_hs | softmax_stable<ap_fixed,ap_fixed<16,6,5,3,0>,softmax_config5> | return value |
|ap_start       |  in |    1| ap_ctrl_hs | softmax_stable<ap_fixed,ap_fixed<16,6,5,3,0>,softmax_config5> | return value |
|ap_done        | out |    1| ap_ctrl_hs | softmax_stable<ap_fixed,ap_fixed<16,6,5,3,0>,softmax_config5> | return value |
|ap_idle        | out |    1| ap_ctrl_hs | softmax_stable<ap_fixed,ap_fixed<16,6,5,3,0>,softmax_config5> | return value |
|ap_ready       | out |    1| ap_ctrl_hs | softmax_stable<ap_fixed,ap_fixed<16,6,5,3,0>,softmax_config5> | return value |
|ap_ce          |  in |    1| ap_ctrl_hs | softmax_stable<ap_fixed,ap_fixed<16,6,5,3,0>,softmax_config5> | return value |
|ap_return_0    | out |   16| ap_ctrl_hs | softmax_stable<ap_fixed,ap_fixed<16,6,5,3,0>,softmax_config5> | return value |
|ap_return_1    | out |   16| ap_ctrl_hs | softmax_stable<ap_fixed,ap_fixed<16,6,5,3,0>,softmax_config5> | return value |
|ap_return_2    | out |   16| ap_ctrl_hs | softmax_stable<ap_fixed,ap_fixed<16,6,5,3,0>,softmax_config5> | return value |
|data_0_V_read  |  in |   16|   ap_none  |                         data_0_V_read                         |    scalar    |
|data_1_V_read  |  in |   16|   ap_none  |                         data_1_V_read                         |    scalar    |
|data_2_V_read  |  in |   16|   ap_none  |                         data_2_V_read                         |    scalar    |
+---------------+-----+-----+------------+---------------------------------------------------------------+--------------+

