

================================================================
== Vivado HLS Report for 'compute_output_buffer_2d_array_array_ap_fixed_16_6_5_3_0_8u_config5_s'
================================================================
* Date:           Fri Mar  1 12:05:32 2024

* Version:        2020.1 (Build 2897737 on Wed May 27 20:21:37 MDT 2020)
* Project:        myproject_prj
* Solution:       solution1
* Product family: zynq
* Target device:  xc7z020-clg400-1


================================================================
== Performance Estimates
================================================================
+ Timing: 
    * Summary: 
    +--------+----------+-----------+------------+
    |  Clock |  Target  | Estimated | Uncertainty|
    +--------+----------+-----------+------------+
    |ap_clk  | 25.00 ns | 21.192 ns |   3.12 ns  |
    +--------+----------+-----------+------------+

+ Latency: 
    * Summary: 
    +---------+---------+----------+----------+-----+-----+----------+
    |  Latency (cycles) |  Latency (absolute) |  Interval | Pipeline |
    |   min   |   max   |    min   |    max   | min | max |   Type   |
    +---------+---------+----------+----------+-----+-----+----------+
    |       14|       14| 0.350 us | 0.350 us |   15|   15| function |
    +---------+---------+----------+----------+-----+-----+----------+

    + Detail: 
        * Instance: 
        N/A

        * Loop: 
        N/A

============================================================
+ Verbose Summary: Synthesis Manager
============================================================
InlineROM: 1
ExposeGlobal: 0
============================================================
+ Verbose Summary: CDFG Model
============================================================
IsTopModel: 0
ResetActiveHigh: 1
IsCombinational: 0
IsDatapathOnly: 0
HasWiredReturn: 1
HasMFsm: 2
HasVarLatency: 0
IsPipeline: 1
IsRtlPipelined: 0
IsInstanceOverlapped: 0
IsDontTouch: 0
HasImplIP: 0
IsGatedGlobalClock: 0

+ Individual pipeline summary: 
  * Pipeline-0: initiation interval (II) = 15, depth = 15


============================================================
+ Verbose Summary: Schedule
============================================================
* Number of FSM states : 15
* Pipeline : 1
  Pipeline-0 : II = 15, D = 15, States = { 1 2 3 4 5 6 7 8 9 10 11 12 13 14 15 }
* Dataflow Pipeline: 0

* FSM state transitions: 
1 --> 2 
2 --> 3 
3 --> 4 
4 --> 5 
5 --> 6 
6 --> 7 
7 --> 8 
8 --> 9 
9 --> 10 
10 --> 11 
11 --> 12 
12 --> 13 
13 --> 14 
14 --> 15 
15 --> 

* FSM state operations: 

State 1 <SV = 0> <Delay = 3.45>
ST_1 : Operation 16 [1/1] (0.00ns)   --->   "call void (...)* @_ssdm_op_SpecInterface(i16* %res_stream_V_data_0_V, [8 x i8]* @ap_fifo_str, i32 0, i32 0, [1 x i8]* @p_str425, i32 0, i32 0, [1 x i8]* @p_str426, [1 x i8]* @p_str427, [1 x i8]* @p_str428, i32 2, i32 2, i32 16, i32 16, [1 x i8]* @p_str429, [1 x i8]* @p_str430)"   --->   Operation 16 'specinterface' <Predicate = true> <Delay = 0.00>
ST_1 : Operation 17 [1/1] (0.00ns)   --->   "call void (...)* @_ssdm_op_SpecInterface(i16* %res_stream_V_data_1_V, [8 x i8]* @ap_fifo_str, i32 0, i32 0, [1 x i8]* @p_str432, i32 0, i32 0, [1 x i8]* @p_str433, [1 x i8]* @p_str434, [1 x i8]* @p_str435, i32 2, i32 2, i32 16, i32 16, [1 x i8]* @p_str436, [1 x i8]* @p_str437)"   --->   Operation 17 'specinterface' <Predicate = true> <Delay = 0.00>
ST_1 : Operation 18 [1/1] (0.00ns)   --->   "call void (...)* @_ssdm_op_SpecInterface(i16* %res_stream_V_data_2_V, [8 x i8]* @ap_fifo_str, i32 0, i32 0, [1 x i8]* @p_str439, i32 0, i32 0, [1 x i8]* @p_str440, [1 x i8]* @p_str441, [1 x i8]* @p_str442, i32 2, i32 2, i32 16, i32 16, [1 x i8]* @p_str443, [1 x i8]* @p_str444)"   --->   Operation 18 'specinterface' <Predicate = true> <Delay = 0.00>
ST_1 : Operation 19 [1/1] (0.00ns)   --->   "call void (...)* @_ssdm_op_SpecInterface(i16* %res_stream_V_data_3_V, [8 x i8]* @ap_fifo_str, i32 0, i32 0, [1 x i8]* @p_str446, i32 0, i32 0, [1 x i8]* @p_str447, [1 x i8]* @p_str448, [1 x i8]* @p_str449, i32 2, i32 2, i32 16, i32 16, [1 x i8]* @p_str450, [1 x i8]* @p_str451)"   --->   Operation 19 'specinterface' <Predicate = true> <Delay = 0.00>
ST_1 : Operation 20 [1/1] (0.00ns)   --->   "call void (...)* @_ssdm_op_SpecInterface(i16* %res_stream_V_data_4_V, [8 x i8]* @ap_fifo_str, i32 0, i32 0, [1 x i8]* @p_str453, i32 0, i32 0, [1 x i8]* @p_str454, [1 x i8]* @p_str455, [1 x i8]* @p_str456, i32 2, i32 2, i32 16, i32 16, [1 x i8]* @p_str457, [1 x i8]* @p_str458)"   --->   Operation 20 'specinterface' <Predicate = true> <Delay = 0.00>
ST_1 : Operation 21 [1/1] (0.00ns)   --->   "call void (...)* @_ssdm_op_SpecInterface(i16* %res_stream_V_data_5_V, [8 x i8]* @ap_fifo_str, i32 0, i32 0, [1 x i8]* @p_str460, i32 0, i32 0, [1 x i8]* @p_str461, [1 x i8]* @p_str462, [1 x i8]* @p_str463, i32 2, i32 2, i32 16, i32 16, [1 x i8]* @p_str464, [1 x i8]* @p_str465)"   --->   Operation 21 'specinterface' <Predicate = true> <Delay = 0.00>
ST_1 : Operation 22 [1/1] (0.00ns)   --->   "call void (...)* @_ssdm_op_SpecInterface(i16* %res_stream_V_data_6_V, [8 x i8]* @ap_fifo_str, i32 0, i32 0, [1 x i8]* @p_str467, i32 0, i32 0, [1 x i8]* @p_str468, [1 x i8]* @p_str469, [1 x i8]* @p_str470, i32 2, i32 2, i32 16, i32 16, [1 x i8]* @p_str471, [1 x i8]* @p_str472)"   --->   Operation 22 'specinterface' <Predicate = true> <Delay = 0.00>
ST_1 : Operation 23 [1/1] (0.00ns)   --->   "call void (...)* @_ssdm_op_SpecInterface(i16* %res_stream_V_data_7_V, [8 x i8]* @ap_fifo_str, i32 0, i32 0, [1 x i8]* @p_str474, i32 0, i32 0, [1 x i8]* @p_str475, [1 x i8]* @p_str476, [1 x i8]* @p_str477, i32 2, i32 2, i32 16, i32 16, [1 x i8]* @p_str478, [1 x i8]* @p_str479)"   --->   Operation 23 'specinterface' <Predicate = true> <Delay = 0.00>
ST_1 : Operation 24 [1/1] (0.00ns)   --->   "%in_elem_data_3_V_read_2 = call i16 @_ssdm_op_Read.ap_auto.i16(i16 %in_elem_data_3_V_read)"   --->   Operation 24 'read' 'in_elem_data_3_V_read_2' <Predicate = true> <Delay = 0.00>
ST_1 : Operation 25 [1/1] (0.00ns)   --->   "%in_elem_data_2_V_read_2 = call i16 @_ssdm_op_Read.ap_auto.i16(i16 %in_elem_data_2_V_read)"   --->   Operation 25 'read' 'in_elem_data_2_V_read_2' <Predicate = true> <Delay = 0.00>
ST_1 : Operation 26 [1/1] (0.00ns)   --->   "%in_elem_data_1_V_read_2 = call i16 @_ssdm_op_Read.ap_auto.i16(i16 %in_elem_data_1_V_read)"   --->   Operation 26 'read' 'in_elem_data_1_V_read_2' <Predicate = true> <Delay = 0.00>
ST_1 : Operation 27 [1/1] (0.00ns)   --->   "%in_elem_data_0_V_read_2 = call i16 @_ssdm_op_Read.ap_auto.i16(i16 %in_elem_data_0_V_read)"   --->   Operation 27 'read' 'in_elem_data_0_V_read_2' <Predicate = true> <Delay = 0.00>
ST_1 : Operation 28 [1/1] (0.00ns)   --->   "%kernel_data_V_1_4_load = load i16* @kernel_data_V_1_4, align 2" [firmware/nnet_utils/nnet_conv_stream.h:286]   --->   Operation 28 'load' 'kernel_data_V_1_4_load' <Predicate = true> <Delay = 0.00>
ST_1 : Operation 29 [1/1] (0.00ns)   --->   "%kernel_data_V_1_5_load = load i16* @kernel_data_V_1_5, align 2" [firmware/nnet_utils/nnet_conv_stream.h:286]   --->   Operation 29 'load' 'kernel_data_V_1_5_load' <Predicate = true> <Delay = 0.00>
ST_1 : Operation 30 [1/1] (0.00ns)   --->   "%kernel_data_V_1_6_load = load i16* @kernel_data_V_1_6, align 2" [firmware/nnet_utils/nnet_conv_stream.h:286]   --->   Operation 30 'load' 'kernel_data_V_1_6_load' <Predicate = true> <Delay = 0.00>
ST_1 : Operation 31 [1/1] (0.00ns)   --->   "%kernel_data_V_1_7_load = load i16* @kernel_data_V_1_7, align 2" [firmware/nnet_utils/nnet_conv_stream.h:286]   --->   Operation 31 'load' 'kernel_data_V_1_7_load' <Predicate = true> <Delay = 0.00>
ST_1 : Operation 32 [1/1] (0.00ns)   --->   "%kernel_data_V_1_8_load = load i16* @kernel_data_V_1_8, align 2" [firmware/nnet_utils/nnet_conv_stream.h:286]   --->   Operation 32 'load' 'kernel_data_V_1_8_load' <Predicate = true> <Delay = 0.00>
ST_1 : Operation 33 [1/1] (0.00ns)   --->   "%kernel_data_V_1_9_load = load i16* @kernel_data_V_1_9, align 2" [firmware/nnet_utils/nnet_conv_stream.h:286]   --->   Operation 33 'load' 'kernel_data_V_1_9_load' <Predicate = true> <Delay = 0.00>
ST_1 : Operation 34 [1/1] (0.00ns)   --->   "%kernel_data_V_1_10_load = load i16* @kernel_data_V_1_10, align 2" [firmware/nnet_utils/nnet_conv_stream.h:286]   --->   Operation 34 'load' 'kernel_data_V_1_10_load' <Predicate = true> <Delay = 0.00>
ST_1 : Operation 35 [1/1] (0.00ns)   --->   "%kernel_data_V_1_11_load = load i16* @kernel_data_V_1_11, align 2" [firmware/nnet_utils/nnet_conv_stream.h:286]   --->   Operation 35 'load' 'kernel_data_V_1_11_load' <Predicate = true> <Delay = 0.00>
ST_1 : Operation 36 [1/1] (0.00ns)   --->   "%kernel_data_V_1_16_load = load i16* @kernel_data_V_1_16, align 2" [firmware/nnet_utils/nnet_conv_stream.h:286]   --->   Operation 36 'load' 'kernel_data_V_1_16_load' <Predicate = true> <Delay = 0.00>
ST_1 : Operation 37 [1/1] (0.00ns)   --->   "%kernel_data_V_1_17_load = load i16* @kernel_data_V_1_17, align 2" [firmware/nnet_utils/nnet_conv_stream.h:286]   --->   Operation 37 'load' 'kernel_data_V_1_17_load' <Predicate = true> <Delay = 0.00>
ST_1 : Operation 38 [1/1] (0.00ns)   --->   "%kernel_data_V_1_18_load = load i16* @kernel_data_V_1_18, align 2" [firmware/nnet_utils/nnet_conv_stream.h:286]   --->   Operation 38 'load' 'kernel_data_V_1_18_load' <Predicate = true> <Delay = 0.00>
ST_1 : Operation 39 [1/1] (0.00ns)   --->   "%kernel_data_V_1_19_load = load i16* @kernel_data_V_1_19, align 2" [firmware/nnet_utils/nnet_conv_stream.h:286]   --->   Operation 39 'load' 'kernel_data_V_1_19_load' <Predicate = true> <Delay = 0.00>
ST_1 : Operation 40 [1/1] (0.00ns)   --->   "%kernel_data_V_1_20_load = load i16* @kernel_data_V_1_20, align 2" [firmware/nnet_utils/nnet_conv_stream.h:286]   --->   Operation 40 'load' 'kernel_data_V_1_20_load' <Predicate = true> <Delay = 0.00>
ST_1 : Operation 41 [1/1] (0.00ns)   --->   "%kernel_data_V_1_21_load = load i16* @kernel_data_V_1_21, align 2" [firmware/nnet_utils/nnet_conv_stream.h:286]   --->   Operation 41 'load' 'kernel_data_V_1_21_load' <Predicate = true> <Delay = 0.00>
ST_1 : Operation 42 [1/1] (0.00ns)   --->   "%kernel_data_V_1_22_load = load i16* @kernel_data_V_1_22, align 2" [firmware/nnet_utils/nnet_conv_stream.h:286]   --->   Operation 42 'load' 'kernel_data_V_1_22_load' <Predicate = true> <Delay = 0.00>
ST_1 : Operation 43 [1/1] (0.00ns)   --->   "%kernel_data_V_1_23_load = load i16* @kernel_data_V_1_23, align 2" [firmware/nnet_utils/nnet_conv_stream.h:286]   --->   Operation 43 'load' 'kernel_data_V_1_23_load' <Predicate = true> <Delay = 0.00>
ST_1 : Operation 44 [1/1] (0.00ns)   --->   "%kernel_data_V_1_28_load = load i16* @kernel_data_V_1_28, align 2" [firmware/nnet_utils/nnet_conv_stream.h:286]   --->   Operation 44 'load' 'kernel_data_V_1_28_load' <Predicate = true> <Delay = 0.00>
ST_1 : Operation 45 [1/1] (0.00ns)   --->   "%kernel_data_V_1_29_load = load i16* @kernel_data_V_1_29, align 2" [firmware/nnet_utils/nnet_conv_stream.h:286]   --->   Operation 45 'load' 'kernel_data_V_1_29_load' <Predicate = true> <Delay = 0.00>
ST_1 : Operation 46 [1/1] (0.00ns)   --->   "%kernel_data_V_1_30_load = load i16* @kernel_data_V_1_30, align 2" [firmware/nnet_utils/nnet_conv_stream.h:286]   --->   Operation 46 'load' 'kernel_data_V_1_30_load' <Predicate = true> <Delay = 0.00>
ST_1 : Operation 47 [1/1] (0.00ns)   --->   "%kernel_data_V_1_31_load = load i16* @kernel_data_V_1_31, align 2" [firmware/nnet_utils/nnet_conv_stream.h:286]   --->   Operation 47 'load' 'kernel_data_V_1_31_load' <Predicate = true> <Delay = 0.00>
ST_1 : Operation 48 [1/1] (0.00ns)   --->   "%kernel_data_V_1_32_load = load i16* @kernel_data_V_1_32, align 2" [firmware/nnet_utils/nnet_conv_stream.h:286]   --->   Operation 48 'load' 'kernel_data_V_1_32_load' <Predicate = true> <Delay = 0.00>
ST_1 : Operation 49 [1/1] (0.00ns)   --->   "%kernel_data_V_1_33_load = load i16* @kernel_data_V_1_33, align 2" [firmware/nnet_utils/nnet_conv_stream.h:286]   --->   Operation 49 'load' 'kernel_data_V_1_33_load' <Predicate = true> <Delay = 0.00>
ST_1 : Operation 50 [1/1] (0.00ns)   --->   "%kernel_data_V_1_34_load = load i16* @kernel_data_V_1_34, align 2" [firmware/nnet_utils/nnet_conv_stream.h:286]   --->   Operation 50 'load' 'kernel_data_V_1_34_load' <Predicate = true> <Delay = 0.00>
ST_1 : Operation 51 [1/1] (0.00ns)   --->   "%kernel_data_V_1_35_load = load i16* @kernel_data_V_1_35, align 2" [firmware/nnet_utils/nnet_conv_stream.h:286]   --->   Operation 51 'load' 'kernel_data_V_1_35_load' <Predicate = true> <Delay = 0.00>
ST_1 : Operation 52 [1/1] (3.23ns)   --->   "%call_ret1 = call fastcc { i16, i16, i16, i16, i16, i16, i16, i16, i16, i16, i16, i16, i16, i16, i16, i16, i16, i16, i16, i16, i16, i16, i16, i16, i16, i16, i16, i16, i16, i16, i16, i16, i16, i16, i16, i16 } @"shift_line_buffer<array<ap_fixed<16, 6, 5, 3, 0>, 4u>, config5>"(i16 %in_elem_data_0_V_read_2, i16 %in_elem_data_1_V_read_2, i16 %in_elem_data_2_V_read_2, i16 %in_elem_data_3_V_read_2, i16 %kernel_data_V_1_4_load, i16 %kernel_data_V_1_5_load, i16 %kernel_data_V_1_6_load, i16 %kernel_data_V_1_7_load, i16 %kernel_data_V_1_8_load, i16 %kernel_data_V_1_9_load, i16 %kernel_data_V_1_10_load, i16 %kernel_data_V_1_11_load, i16 %kernel_data_V_1_16_load, i16 %kernel_data_V_1_17_load, i16 %kernel_data_V_1_18_load, i16 %kernel_data_V_1_19_load, i16 %kernel_data_V_1_20_load, i16 %kernel_data_V_1_21_load, i16 %kernel_data_V_1_22_load, i16 %kernel_data_V_1_23_load, i16 %kernel_data_V_1_28_load, i16 %kernel_data_V_1_29_load, i16 %kernel_data_V_1_30_load, i16 %kernel_data_V_1_31_load, i16 %kernel_data_V_1_32_load, i16 %kernel_data_V_1_33_load, i16 %kernel_data_V_1_34_load, i16 %kernel_data_V_1_35_load)" [firmware/nnet_utils/nnet_conv_stream.h:286]   --->   Operation 52 'call' 'call_ret1' <Predicate = true> <Delay = 3.23> <CoreType = "Generic">   --->   Core 0 '' <Latency = 0> <II = 1> <Delay = 1.00> <Generic> <Opcode : >
ST_1 : Operation 53 [1/1] (0.00ns)   --->   "%kernel_data_V_1_27_ret = extractvalue { i16, i16, i16, i16, i16, i16, i16, i16, i16, i16, i16, i16, i16, i16, i16, i16, i16, i16, i16, i16, i16, i16, i16, i16, i16, i16, i16, i16, i16, i16, i16, i16, i16, i16, i16, i16 } %call_ret1, 11" [firmware/nnet_utils/nnet_conv_stream.h:286]   --->   Operation 53 'extractvalue' 'kernel_data_V_1_27_ret' <Predicate = true> <Delay = 0.00>
ST_1 : Operation 54 [1/1] (0.00ns)   --->   "%kernel_data_V_1_26_ret = extractvalue { i16, i16, i16, i16, i16, i16, i16, i16, i16, i16, i16, i16, i16, i16, i16, i16, i16, i16, i16, i16, i16, i16, i16, i16, i16, i16, i16, i16, i16, i16, i16, i16, i16, i16, i16, i16 } %call_ret1, 10" [firmware/nnet_utils/nnet_conv_stream.h:286]   --->   Operation 54 'extractvalue' 'kernel_data_V_1_26_ret' <Predicate = true> <Delay = 0.00>
ST_1 : Operation 55 [1/1] (0.00ns)   --->   "%kernel_data_V_1_25_ret = extractvalue { i16, i16, i16, i16, i16, i16, i16, i16, i16, i16, i16, i16, i16, i16, i16, i16, i16, i16, i16, i16, i16, i16, i16, i16, i16, i16, i16, i16, i16, i16, i16, i16, i16, i16, i16, i16 } %call_ret1, 9" [firmware/nnet_utils/nnet_conv_stream.h:286]   --->   Operation 55 'extractvalue' 'kernel_data_V_1_25_ret' <Predicate = true> <Delay = 0.00>
ST_1 : Operation 56 [1/1] (0.00ns)   --->   "%kernel_data_V_1_24_ret = extractvalue { i16, i16, i16, i16, i16, i16, i16, i16, i16, i16, i16, i16, i16, i16, i16, i16, i16, i16, i16, i16, i16, i16, i16, i16, i16, i16, i16, i16, i16, i16, i16, i16, i16, i16, i16, i16 } %call_ret1, 8" [firmware/nnet_utils/nnet_conv_stream.h:286]   --->   Operation 56 'extractvalue' 'kernel_data_V_1_24_ret' <Predicate = true> <Delay = 0.00>
ST_1 : Operation 57 [1/1] (0.00ns)   --->   "%kernel_data_V_1_15_ret = extractvalue { i16, i16, i16, i16, i16, i16, i16, i16, i16, i16, i16, i16, i16, i16, i16, i16, i16, i16, i16, i16, i16, i16, i16, i16, i16, i16, i16, i16, i16, i16, i16, i16, i16, i16, i16, i16 } %call_ret1, 7" [firmware/nnet_utils/nnet_conv_stream.h:286]   --->   Operation 57 'extractvalue' 'kernel_data_V_1_15_ret' <Predicate = true> <Delay = 0.00>
ST_1 : Operation 58 [1/1] (0.00ns)   --->   "%kernel_data_V_1_14_ret = extractvalue { i16, i16, i16, i16, i16, i16, i16, i16, i16, i16, i16, i16, i16, i16, i16, i16, i16, i16, i16, i16, i16, i16, i16, i16, i16, i16, i16, i16, i16, i16, i16, i16, i16, i16, i16, i16 } %call_ret1, 6" [firmware/nnet_utils/nnet_conv_stream.h:286]   --->   Operation 58 'extractvalue' 'kernel_data_V_1_14_ret' <Predicate = true> <Delay = 0.00>
ST_1 : Operation 59 [1/1] (0.00ns)   --->   "%kernel_data_V_1_13_ret = extractvalue { i16, i16, i16, i16, i16, i16, i16, i16, i16, i16, i16, i16, i16, i16, i16, i16, i16, i16, i16, i16, i16, i16, i16, i16, i16, i16, i16, i16, i16, i16, i16, i16, i16, i16, i16, i16 } %call_ret1, 5" [firmware/nnet_utils/nnet_conv_stream.h:286]   --->   Operation 59 'extractvalue' 'kernel_data_V_1_13_ret' <Predicate = true> <Delay = 0.00>
ST_1 : Operation 60 [1/1] (0.00ns)   --->   "%kernel_data_V_1_12_ret = extractvalue { i16, i16, i16, i16, i16, i16, i16, i16, i16, i16, i16, i16, i16, i16, i16, i16, i16, i16, i16, i16, i16, i16, i16, i16, i16, i16, i16, i16, i16, i16, i16, i16, i16, i16, i16, i16 } %call_ret1, 4" [firmware/nnet_utils/nnet_conv_stream.h:286]   --->   Operation 60 'extractvalue' 'kernel_data_V_1_12_ret' <Predicate = true> <Delay = 0.00>
ST_1 : Operation 61 [1/1] (0.00ns)   --->   "%kernel_data_V_1_3_ret = extractvalue { i16, i16, i16, i16, i16, i16, i16, i16, i16, i16, i16, i16, i16, i16, i16, i16, i16, i16, i16, i16, i16, i16, i16, i16, i16, i16, i16, i16, i16, i16, i16, i16, i16, i16, i16, i16 } %call_ret1, 3" [firmware/nnet_utils/nnet_conv_stream.h:286]   --->   Operation 61 'extractvalue' 'kernel_data_V_1_3_ret' <Predicate = true> <Delay = 0.00>
ST_1 : Operation 62 [1/1] (0.00ns)   --->   "%kernel_data_V_1_2_ret = extractvalue { i16, i16, i16, i16, i16, i16, i16, i16, i16, i16, i16, i16, i16, i16, i16, i16, i16, i16, i16, i16, i16, i16, i16, i16, i16, i16, i16, i16, i16, i16, i16, i16, i16, i16, i16, i16 } %call_ret1, 2" [firmware/nnet_utils/nnet_conv_stream.h:286]   --->   Operation 62 'extractvalue' 'kernel_data_V_1_2_ret' <Predicate = true> <Delay = 0.00>
ST_1 : Operation 63 [1/1] (0.00ns)   --->   "%kernel_data_V_1_1_ret = extractvalue { i16, i16, i16, i16, i16, i16, i16, i16, i16, i16, i16, i16, i16, i16, i16, i16, i16, i16, i16, i16, i16, i16, i16, i16, i16, i16, i16, i16, i16, i16, i16, i16, i16, i16, i16, i16 } %call_ret1, 1" [firmware/nnet_utils/nnet_conv_stream.h:286]   --->   Operation 63 'extractvalue' 'kernel_data_V_1_1_ret' <Predicate = true> <Delay = 0.00>
ST_1 : Operation 64 [1/1] (0.00ns)   --->   "%kernel_data_V_1_0_ret = extractvalue { i16, i16, i16, i16, i16, i16, i16, i16, i16, i16, i16, i16, i16, i16, i16, i16, i16, i16, i16, i16, i16, i16, i16, i16, i16, i16, i16, i16, i16, i16, i16, i16, i16, i16, i16, i16 } %call_ret1, 0" [firmware/nnet_utils/nnet_conv_stream.h:286]   --->   Operation 64 'extractvalue' 'kernel_data_V_1_0_ret' <Predicate = true> <Delay = 0.00>
ST_1 : Operation 65 [1/1] (0.00ns)   --->   "%kernel_data_V_1_4_ret = extractvalue { i16, i16, i16, i16, i16, i16, i16, i16, i16, i16, i16, i16, i16, i16, i16, i16, i16, i16, i16, i16, i16, i16, i16, i16, i16, i16, i16, i16, i16, i16, i16, i16, i16, i16, i16, i16 } %call_ret1, 12" [firmware/nnet_utils/nnet_conv_stream.h:286]   --->   Operation 65 'extractvalue' 'kernel_data_V_1_4_ret' <Predicate = true> <Delay = 0.00>
ST_1 : Operation 66 [1/1] (0.00ns)   --->   "store i16 %kernel_data_V_1_4_ret, i16* @kernel_data_V_1_4, align 2" [firmware/nnet_utils/nnet_conv_stream.h:286]   --->   Operation 66 'store' <Predicate = true> <Delay = 0.00>
ST_1 : Operation 67 [1/1] (0.00ns)   --->   "%kernel_data_V_1_5_ret = extractvalue { i16, i16, i16, i16, i16, i16, i16, i16, i16, i16, i16, i16, i16, i16, i16, i16, i16, i16, i16, i16, i16, i16, i16, i16, i16, i16, i16, i16, i16, i16, i16, i16, i16, i16, i16, i16 } %call_ret1, 13" [firmware/nnet_utils/nnet_conv_stream.h:286]   --->   Operation 67 'extractvalue' 'kernel_data_V_1_5_ret' <Predicate = true> <Delay = 0.00>
ST_1 : Operation 68 [1/1] (0.00ns)   --->   "store i16 %kernel_data_V_1_5_ret, i16* @kernel_data_V_1_5, align 2" [firmware/nnet_utils/nnet_conv_stream.h:286]   --->   Operation 68 'store' <Predicate = true> <Delay = 0.00>
ST_1 : Operation 69 [1/1] (0.00ns)   --->   "%kernel_data_V_1_6_ret = extractvalue { i16, i16, i16, i16, i16, i16, i16, i16, i16, i16, i16, i16, i16, i16, i16, i16, i16, i16, i16, i16, i16, i16, i16, i16, i16, i16, i16, i16, i16, i16, i16, i16, i16, i16, i16, i16 } %call_ret1, 14" [firmware/nnet_utils/nnet_conv_stream.h:286]   --->   Operation 69 'extractvalue' 'kernel_data_V_1_6_ret' <Predicate = true> <Delay = 0.00>
ST_1 : Operation 70 [1/1] (0.00ns)   --->   "store i16 %kernel_data_V_1_6_ret, i16* @kernel_data_V_1_6, align 2" [firmware/nnet_utils/nnet_conv_stream.h:286]   --->   Operation 70 'store' <Predicate = true> <Delay = 0.00>
ST_1 : Operation 71 [1/1] (0.00ns)   --->   "%kernel_data_V_1_7_ret = extractvalue { i16, i16, i16, i16, i16, i16, i16, i16, i16, i16, i16, i16, i16, i16, i16, i16, i16, i16, i16, i16, i16, i16, i16, i16, i16, i16, i16, i16, i16, i16, i16, i16, i16, i16, i16, i16 } %call_ret1, 15" [firmware/nnet_utils/nnet_conv_stream.h:286]   --->   Operation 71 'extractvalue' 'kernel_data_V_1_7_ret' <Predicate = true> <Delay = 0.00>
ST_1 : Operation 72 [1/1] (0.00ns)   --->   "store i16 %kernel_data_V_1_7_ret, i16* @kernel_data_V_1_7, align 2" [firmware/nnet_utils/nnet_conv_stream.h:286]   --->   Operation 72 'store' <Predicate = true> <Delay = 0.00>
ST_1 : Operation 73 [1/1] (0.00ns)   --->   "%kernel_data_V_1_8_ret = extractvalue { i16, i16, i16, i16, i16, i16, i16, i16, i16, i16, i16, i16, i16, i16, i16, i16, i16, i16, i16, i16, i16, i16, i16, i16, i16, i16, i16, i16, i16, i16, i16, i16, i16, i16, i16, i16 } %call_ret1, 16" [firmware/nnet_utils/nnet_conv_stream.h:286]   --->   Operation 73 'extractvalue' 'kernel_data_V_1_8_ret' <Predicate = true> <Delay = 0.00>
ST_1 : Operation 74 [1/1] (0.00ns)   --->   "store i16 %kernel_data_V_1_8_ret, i16* @kernel_data_V_1_8, align 2" [firmware/nnet_utils/nnet_conv_stream.h:286]   --->   Operation 74 'store' <Predicate = true> <Delay = 0.00>
ST_1 : Operation 75 [1/1] (0.00ns)   --->   "%kernel_data_V_1_9_ret = extractvalue { i16, i16, i16, i16, i16, i16, i16, i16, i16, i16, i16, i16, i16, i16, i16, i16, i16, i16, i16, i16, i16, i16, i16, i16, i16, i16, i16, i16, i16, i16, i16, i16, i16, i16, i16, i16 } %call_ret1, 17" [firmware/nnet_utils/nnet_conv_stream.h:286]   --->   Operation 75 'extractvalue' 'kernel_data_V_1_9_ret' <Predicate = true> <Delay = 0.00>
ST_1 : Operation 76 [1/1] (0.00ns)   --->   "store i16 %kernel_data_V_1_9_ret, i16* @kernel_data_V_1_9, align 2" [firmware/nnet_utils/nnet_conv_stream.h:286]   --->   Operation 76 'store' <Predicate = true> <Delay = 0.00>
ST_1 : Operation 77 [1/1] (0.00ns)   --->   "%kernel_data_V_1_10_ret = extractvalue { i16, i16, i16, i16, i16, i16, i16, i16, i16, i16, i16, i16, i16, i16, i16, i16, i16, i16, i16, i16, i16, i16, i16, i16, i16, i16, i16, i16, i16, i16, i16, i16, i16, i16, i16, i16 } %call_ret1, 18" [firmware/nnet_utils/nnet_conv_stream.h:286]   --->   Operation 77 'extractvalue' 'kernel_data_V_1_10_ret' <Predicate = true> <Delay = 0.00>
ST_1 : Operation 78 [1/1] (0.00ns)   --->   "store i16 %kernel_data_V_1_10_ret, i16* @kernel_data_V_1_10, align 2" [firmware/nnet_utils/nnet_conv_stream.h:286]   --->   Operation 78 'store' <Predicate = true> <Delay = 0.00>
ST_1 : Operation 79 [1/1] (0.00ns)   --->   "%kernel_data_V_1_11_ret = extractvalue { i16, i16, i16, i16, i16, i16, i16, i16, i16, i16, i16, i16, i16, i16, i16, i16, i16, i16, i16, i16, i16, i16, i16, i16, i16, i16, i16, i16, i16, i16, i16, i16, i16, i16, i16, i16 } %call_ret1, 19" [firmware/nnet_utils/nnet_conv_stream.h:286]   --->   Operation 79 'extractvalue' 'kernel_data_V_1_11_ret' <Predicate = true> <Delay = 0.00>
ST_1 : Operation 80 [1/1] (0.00ns)   --->   "store i16 %kernel_data_V_1_11_ret, i16* @kernel_data_V_1_11, align 2" [firmware/nnet_utils/nnet_conv_stream.h:286]   --->   Operation 80 'store' <Predicate = true> <Delay = 0.00>
ST_1 : Operation 81 [1/1] (0.00ns)   --->   "%kernel_data_V_1_16_ret = extractvalue { i16, i16, i16, i16, i16, i16, i16, i16, i16, i16, i16, i16, i16, i16, i16, i16, i16, i16, i16, i16, i16, i16, i16, i16, i16, i16, i16, i16, i16, i16, i16, i16, i16, i16, i16, i16 } %call_ret1, 20" [firmware/nnet_utils/nnet_conv_stream.h:286]   --->   Operation 81 'extractvalue' 'kernel_data_V_1_16_ret' <Predicate = true> <Delay = 0.00>
ST_1 : Operation 82 [1/1] (0.00ns)   --->   "store i16 %kernel_data_V_1_16_ret, i16* @kernel_data_V_1_16, align 2" [firmware/nnet_utils/nnet_conv_stream.h:286]   --->   Operation 82 'store' <Predicate = true> <Delay = 0.00>
ST_1 : Operation 83 [1/1] (0.00ns)   --->   "%kernel_data_V_1_17_ret = extractvalue { i16, i16, i16, i16, i16, i16, i16, i16, i16, i16, i16, i16, i16, i16, i16, i16, i16, i16, i16, i16, i16, i16, i16, i16, i16, i16, i16, i16, i16, i16, i16, i16, i16, i16, i16, i16 } %call_ret1, 21" [firmware/nnet_utils/nnet_conv_stream.h:286]   --->   Operation 83 'extractvalue' 'kernel_data_V_1_17_ret' <Predicate = true> <Delay = 0.00>
ST_1 : Operation 84 [1/1] (0.00ns)   --->   "store i16 %kernel_data_V_1_17_ret, i16* @kernel_data_V_1_17, align 2" [firmware/nnet_utils/nnet_conv_stream.h:286]   --->   Operation 84 'store' <Predicate = true> <Delay = 0.00>
ST_1 : Operation 85 [1/1] (0.00ns)   --->   "%kernel_data_V_1_18_ret = extractvalue { i16, i16, i16, i16, i16, i16, i16, i16, i16, i16, i16, i16, i16, i16, i16, i16, i16, i16, i16, i16, i16, i16, i16, i16, i16, i16, i16, i16, i16, i16, i16, i16, i16, i16, i16, i16 } %call_ret1, 22" [firmware/nnet_utils/nnet_conv_stream.h:286]   --->   Operation 85 'extractvalue' 'kernel_data_V_1_18_ret' <Predicate = true> <Delay = 0.00>
ST_1 : Operation 86 [1/1] (0.00ns)   --->   "store i16 %kernel_data_V_1_18_ret, i16* @kernel_data_V_1_18, align 2" [firmware/nnet_utils/nnet_conv_stream.h:286]   --->   Operation 86 'store' <Predicate = true> <Delay = 0.00>
ST_1 : Operation 87 [1/1] (0.00ns)   --->   "%kernel_data_V_1_19_ret = extractvalue { i16, i16, i16, i16, i16, i16, i16, i16, i16, i16, i16, i16, i16, i16, i16, i16, i16, i16, i16, i16, i16, i16, i16, i16, i16, i16, i16, i16, i16, i16, i16, i16, i16, i16, i16, i16 } %call_ret1, 23" [firmware/nnet_utils/nnet_conv_stream.h:286]   --->   Operation 87 'extractvalue' 'kernel_data_V_1_19_ret' <Predicate = true> <Delay = 0.00>
ST_1 : Operation 88 [1/1] (0.00ns)   --->   "store i16 %kernel_data_V_1_19_ret, i16* @kernel_data_V_1_19, align 2" [firmware/nnet_utils/nnet_conv_stream.h:286]   --->   Operation 88 'store' <Predicate = true> <Delay = 0.00>
ST_1 : Operation 89 [1/1] (0.00ns)   --->   "%kernel_data_V_1_20_ret = extractvalue { i16, i16, i16, i16, i16, i16, i16, i16, i16, i16, i16, i16, i16, i16, i16, i16, i16, i16, i16, i16, i16, i16, i16, i16, i16, i16, i16, i16, i16, i16, i16, i16, i16, i16, i16, i16 } %call_ret1, 24" [firmware/nnet_utils/nnet_conv_stream.h:286]   --->   Operation 89 'extractvalue' 'kernel_data_V_1_20_ret' <Predicate = true> <Delay = 0.00>
ST_1 : Operation 90 [1/1] (0.00ns)   --->   "store i16 %kernel_data_V_1_20_ret, i16* @kernel_data_V_1_20, align 2" [firmware/nnet_utils/nnet_conv_stream.h:286]   --->   Operation 90 'store' <Predicate = true> <Delay = 0.00>
ST_1 : Operation 91 [1/1] (0.00ns)   --->   "%kernel_data_V_1_21_ret = extractvalue { i16, i16, i16, i16, i16, i16, i16, i16, i16, i16, i16, i16, i16, i16, i16, i16, i16, i16, i16, i16, i16, i16, i16, i16, i16, i16, i16, i16, i16, i16, i16, i16, i16, i16, i16, i16 } %call_ret1, 25" [firmware/nnet_utils/nnet_conv_stream.h:286]   --->   Operation 91 'extractvalue' 'kernel_data_V_1_21_ret' <Predicate = true> <Delay = 0.00>
ST_1 : Operation 92 [1/1] (0.00ns)   --->   "store i16 %kernel_data_V_1_21_ret, i16* @kernel_data_V_1_21, align 2" [firmware/nnet_utils/nnet_conv_stream.h:286]   --->   Operation 92 'store' <Predicate = true> <Delay = 0.00>
ST_1 : Operation 93 [1/1] (0.00ns)   --->   "%kernel_data_V_1_22_ret = extractvalue { i16, i16, i16, i16, i16, i16, i16, i16, i16, i16, i16, i16, i16, i16, i16, i16, i16, i16, i16, i16, i16, i16, i16, i16, i16, i16, i16, i16, i16, i16, i16, i16, i16, i16, i16, i16 } %call_ret1, 26" [firmware/nnet_utils/nnet_conv_stream.h:286]   --->   Operation 93 'extractvalue' 'kernel_data_V_1_22_ret' <Predicate = true> <Delay = 0.00>
ST_1 : Operation 94 [1/1] (0.00ns)   --->   "store i16 %kernel_data_V_1_22_ret, i16* @kernel_data_V_1_22, align 2" [firmware/nnet_utils/nnet_conv_stream.h:286]   --->   Operation 94 'store' <Predicate = true> <Delay = 0.00>
ST_1 : Operation 95 [1/1] (0.00ns)   --->   "%kernel_data_V_1_23_ret = extractvalue { i16, i16, i16, i16, i16, i16, i16, i16, i16, i16, i16, i16, i16, i16, i16, i16, i16, i16, i16, i16, i16, i16, i16, i16, i16, i16, i16, i16, i16, i16, i16, i16, i16, i16, i16, i16 } %call_ret1, 27" [firmware/nnet_utils/nnet_conv_stream.h:286]   --->   Operation 95 'extractvalue' 'kernel_data_V_1_23_ret' <Predicate = true> <Delay = 0.00>
ST_1 : Operation 96 [1/1] (0.00ns)   --->   "store i16 %kernel_data_V_1_23_ret, i16* @kernel_data_V_1_23, align 2" [firmware/nnet_utils/nnet_conv_stream.h:286]   --->   Operation 96 'store' <Predicate = true> <Delay = 0.00>
ST_1 : Operation 97 [1/1] (0.00ns)   --->   "%kernel_data_V_1_28_ret = extractvalue { i16, i16, i16, i16, i16, i16, i16, i16, i16, i16, i16, i16, i16, i16, i16, i16, i16, i16, i16, i16, i16, i16, i16, i16, i16, i16, i16, i16, i16, i16, i16, i16, i16, i16, i16, i16 } %call_ret1, 28" [firmware/nnet_utils/nnet_conv_stream.h:286]   --->   Operation 97 'extractvalue' 'kernel_data_V_1_28_ret' <Predicate = true> <Delay = 0.00>
ST_1 : Operation 98 [1/1] (0.00ns)   --->   "store i16 %kernel_data_V_1_28_ret, i16* @kernel_data_V_1_28, align 2" [firmware/nnet_utils/nnet_conv_stream.h:286]   --->   Operation 98 'store' <Predicate = true> <Delay = 0.00>
ST_1 : Operation 99 [1/1] (0.00ns)   --->   "%kernel_data_V_1_29_ret = extractvalue { i16, i16, i16, i16, i16, i16, i16, i16, i16, i16, i16, i16, i16, i16, i16, i16, i16, i16, i16, i16, i16, i16, i16, i16, i16, i16, i16, i16, i16, i16, i16, i16, i16, i16, i16, i16 } %call_ret1, 29" [firmware/nnet_utils/nnet_conv_stream.h:286]   --->   Operation 99 'extractvalue' 'kernel_data_V_1_29_ret' <Predicate = true> <Delay = 0.00>
ST_1 : Operation 100 [1/1] (0.00ns)   --->   "store i16 %kernel_data_V_1_29_ret, i16* @kernel_data_V_1_29, align 2" [firmware/nnet_utils/nnet_conv_stream.h:286]   --->   Operation 100 'store' <Predicate = true> <Delay = 0.00>
ST_1 : Operation 101 [1/1] (0.00ns)   --->   "%kernel_data_V_1_30_ret = extractvalue { i16, i16, i16, i16, i16, i16, i16, i16, i16, i16, i16, i16, i16, i16, i16, i16, i16, i16, i16, i16, i16, i16, i16, i16, i16, i16, i16, i16, i16, i16, i16, i16, i16, i16, i16, i16 } %call_ret1, 30" [firmware/nnet_utils/nnet_conv_stream.h:286]   --->   Operation 101 'extractvalue' 'kernel_data_V_1_30_ret' <Predicate = true> <Delay = 0.00>
ST_1 : Operation 102 [1/1] (0.00ns)   --->   "store i16 %kernel_data_V_1_30_ret, i16* @kernel_data_V_1_30, align 2" [firmware/nnet_utils/nnet_conv_stream.h:286]   --->   Operation 102 'store' <Predicate = true> <Delay = 0.00>
ST_1 : Operation 103 [1/1] (0.00ns)   --->   "%kernel_data_V_1_31_ret = extractvalue { i16, i16, i16, i16, i16, i16, i16, i16, i16, i16, i16, i16, i16, i16, i16, i16, i16, i16, i16, i16, i16, i16, i16, i16, i16, i16, i16, i16, i16, i16, i16, i16, i16, i16, i16, i16 } %call_ret1, 31" [firmware/nnet_utils/nnet_conv_stream.h:286]   --->   Operation 103 'extractvalue' 'kernel_data_V_1_31_ret' <Predicate = true> <Delay = 0.00>
ST_1 : Operation 104 [1/1] (0.00ns)   --->   "store i16 %kernel_data_V_1_31_ret, i16* @kernel_data_V_1_31, align 2" [firmware/nnet_utils/nnet_conv_stream.h:286]   --->   Operation 104 'store' <Predicate = true> <Delay = 0.00>
ST_1 : Operation 105 [1/1] (0.00ns)   --->   "%kernel_data_V_1_32_ret = extractvalue { i16, i16, i16, i16, i16, i16, i16, i16, i16, i16, i16, i16, i16, i16, i16, i16, i16, i16, i16, i16, i16, i16, i16, i16, i16, i16, i16, i16, i16, i16, i16, i16, i16, i16, i16, i16 } %call_ret1, 32" [firmware/nnet_utils/nnet_conv_stream.h:286]   --->   Operation 105 'extractvalue' 'kernel_data_V_1_32_ret' <Predicate = true> <Delay = 0.00>
ST_1 : Operation 106 [1/1] (0.00ns)   --->   "store i16 %kernel_data_V_1_32_ret, i16* @kernel_data_V_1_32, align 2" [firmware/nnet_utils/nnet_conv_stream.h:286]   --->   Operation 106 'store' <Predicate = true> <Delay = 0.00>
ST_1 : Operation 107 [1/1] (0.00ns)   --->   "%kernel_data_V_1_33_ret = extractvalue { i16, i16, i16, i16, i16, i16, i16, i16, i16, i16, i16, i16, i16, i16, i16, i16, i16, i16, i16, i16, i16, i16, i16, i16, i16, i16, i16, i16, i16, i16, i16, i16, i16, i16, i16, i16 } %call_ret1, 33" [firmware/nnet_utils/nnet_conv_stream.h:286]   --->   Operation 107 'extractvalue' 'kernel_data_V_1_33_ret' <Predicate = true> <Delay = 0.00>
ST_1 : Operation 108 [1/1] (0.00ns)   --->   "store i16 %kernel_data_V_1_33_ret, i16* @kernel_data_V_1_33, align 2" [firmware/nnet_utils/nnet_conv_stream.h:286]   --->   Operation 108 'store' <Predicate = true> <Delay = 0.00>
ST_1 : Operation 109 [1/1] (0.00ns)   --->   "%kernel_data_V_1_34_ret = extractvalue { i16, i16, i16, i16, i16, i16, i16, i16, i16, i16, i16, i16, i16, i16, i16, i16, i16, i16, i16, i16, i16, i16, i16, i16, i16, i16, i16, i16, i16, i16, i16, i16, i16, i16, i16, i16 } %call_ret1, 34" [firmware/nnet_utils/nnet_conv_stream.h:286]   --->   Operation 109 'extractvalue' 'kernel_data_V_1_34_ret' <Predicate = true> <Delay = 0.00>
ST_1 : Operation 110 [1/1] (0.00ns)   --->   "store i16 %kernel_data_V_1_34_ret, i16* @kernel_data_V_1_34, align 2" [firmware/nnet_utils/nnet_conv_stream.h:286]   --->   Operation 110 'store' <Predicate = true> <Delay = 0.00>
ST_1 : Operation 111 [1/1] (0.00ns)   --->   "%kernel_data_V_1_35_ret = extractvalue { i16, i16, i16, i16, i16, i16, i16, i16, i16, i16, i16, i16, i16, i16, i16, i16, i16, i16, i16, i16, i16, i16, i16, i16, i16, i16, i16, i16, i16, i16, i16, i16, i16, i16, i16, i16 } %call_ret1, 35" [firmware/nnet_utils/nnet_conv_stream.h:286]   --->   Operation 111 'extractvalue' 'kernel_data_V_1_35_ret' <Predicate = true> <Delay = 0.00>
ST_1 : Operation 112 [1/1] (0.00ns)   --->   "store i16 %kernel_data_V_1_35_ret, i16* @kernel_data_V_1_35, align 2" [firmware/nnet_utils/nnet_conv_stream.h:286]   --->   Operation 112 'store' <Predicate = true> <Delay = 0.00>
ST_1 : Operation 113 [1/1] (0.00ns)   --->   "%sX_2_load = load i32* @sX_2, align 4" [firmware/nnet_utils/nnet_conv_stream.h:289]   --->   Operation 113 'load' 'sX_2_load' <Predicate = true> <Delay = 0.00>
ST_1 : Operation 114 [1/1] (2.47ns)   --->   "%icmp_ln289 = icmp eq i32 %sX_2_load, 2" [firmware/nnet_utils/nnet_conv_stream.h:289]   --->   Operation 114 'icmp' 'icmp_ln289' <Predicate = true> <Delay = 2.47> <Core = "Cmp">   --->   Core 25 'Cmp' <Latency = 0> <II = 1> <Delay = 2.47> <FuncUnit> <Opcode : 'icmp'> <InPorts = 2> <OutPorts = 1>
ST_1 : Operation 115 [1/1] (0.00ns)   --->   "%sY_2_load = load i32* @sY_2, align 4" [firmware/nnet_utils/nnet_conv_stream.h:289]   --->   Operation 115 'load' 'sY_2_load' <Predicate = true> <Delay = 0.00>
ST_1 : Operation 116 [1/1] (2.47ns)   --->   "%icmp_ln289_1 = icmp eq i32 %sY_2_load, 2" [firmware/nnet_utils/nnet_conv_stream.h:289]   --->   Operation 116 'icmp' 'icmp_ln289_1' <Predicate = true> <Delay = 2.47> <Core = "Cmp">   --->   Core 25 'Cmp' <Latency = 0> <II = 1> <Delay = 2.47> <FuncUnit> <Opcode : 'icmp'> <InPorts = 2> <OutPorts = 1>
ST_1 : Operation 117 [1/1] (0.00ns)   --->   "%pY_2_load = load i32* @pY_2, align 4" [firmware/nnet_utils/nnet_conv_stream.h:289]   --->   Operation 117 'load' 'pY_2_load' <Predicate = true> <Delay = 0.00>
ST_1 : Operation 118 [1/1] (0.00ns)   --->   "%tmp = call i31 @_ssdm_op_PartSelect.i31.i32.i32.i32(i32 %pY_2_load, i32 1, i32 31)" [firmware/nnet_utils/nnet_conv_stream.h:289]   --->   Operation 118 'partselect' 'tmp' <Predicate = true> <Delay = 0.00>
ST_1 : Operation 119 [1/1] (2.47ns)   --->   "%icmp_ln289_2 = icmp sgt i31 %tmp, 0" [firmware/nnet_utils/nnet_conv_stream.h:289]   --->   Operation 119 'icmp' 'icmp_ln289_2' <Predicate = true> <Delay = 2.47> <Core = "Cmp">   --->   Core 25 'Cmp' <Latency = 0> <II = 1> <Delay = 2.47> <FuncUnit> <Opcode : 'icmp'> <InPorts = 2> <OutPorts = 1>
ST_1 : Operation 120 [1/1] (0.00ns)   --->   "%pX_2_load = load i32* @pX_2, align 4" [firmware/nnet_utils/nnet_conv_stream.h:289]   --->   Operation 120 'load' 'pX_2_load' <Predicate = true> <Delay = 0.00>
ST_1 : Operation 121 [1/1] (0.00ns)   --->   "%tmp_56 = call i31 @_ssdm_op_PartSelect.i31.i32.i32.i32(i32 %pX_2_load, i32 1, i32 31)" [firmware/nnet_utils/nnet_conv_stream.h:289]   --->   Operation 121 'partselect' 'tmp_56' <Predicate = true> <Delay = 0.00>
ST_1 : Operation 122 [1/1] (2.47ns)   --->   "%icmp_ln289_3 = icmp sgt i31 %tmp_56, 0" [firmware/nnet_utils/nnet_conv_stream.h:289]   --->   Operation 122 'icmp' 'icmp_ln289_3' <Predicate = true> <Delay = 2.47> <Core = "Cmp">   --->   Core 25 'Cmp' <Latency = 0> <II = 1> <Delay = 2.47> <FuncUnit> <Opcode : 'icmp'> <InPorts = 2> <OutPorts = 1>
ST_1 : Operation 123 [1/1] (0.00ns) (grouped into LUT with out node and_ln289_2)   --->   "%and_ln289 = and i1 %icmp_ln289, %icmp_ln289_1" [firmware/nnet_utils/nnet_conv_stream.h:289]   --->   Operation 123 'and' 'and_ln289' <Predicate = true> <Delay = 0.00> <Core = "LogicGate">   --->   Core 27 'LogicGate' <Latency = 0> <II = 1> <Delay = 0.97> <FuncUnit> <Opcode : 'and' 'or' 'xor'> <InPorts = 2> <OutPorts = 1>
ST_1 : Operation 124 [1/1] (0.00ns) (grouped into LUT with out node and_ln289_2)   --->   "%and_ln289_1 = and i1 %icmp_ln289_2, %icmp_ln289_3" [firmware/nnet_utils/nnet_conv_stream.h:289]   --->   Operation 124 'and' 'and_ln289_1' <Predicate = true> <Delay = 0.00> <Core = "LogicGate">   --->   Core 27 'LogicGate' <Latency = 0> <II = 1> <Delay = 0.97> <FuncUnit> <Opcode : 'and' 'or' 'xor'> <InPorts = 2> <OutPorts = 1>
ST_1 : Operation 125 [1/1] (0.97ns) (out node of the LUT)   --->   "%and_ln289_2 = and i1 %and_ln289_1, %and_ln289" [firmware/nnet_utils/nnet_conv_stream.h:289]   --->   Operation 125 'and' 'and_ln289_2' <Predicate = true> <Delay = 0.97> <Core = "LogicGate">   --->   Core 27 'LogicGate' <Latency = 0> <II = 1> <Delay = 0.97> <FuncUnit> <Opcode : 'and' 'or' 'xor'> <InPorts = 2> <OutPorts = 1>
ST_1 : Operation 126 [1/1] (0.00ns)   --->   "br i1 %and_ln289_2, label %0, label %._crit_edge22" [firmware/nnet_utils/nnet_conv_stream.h:289]   --->   Operation 126 'br' <Predicate = true> <Delay = 0.00>

State 2 <SV = 1> <Delay = 19.3>
ST_2 : Operation 127 [14/14] (19.3ns)   --->   "%call_ret = call fastcc { i16, i16, i16, i16, i16, i16, i16, i16 } @"dense_latency<ap_fixed,ap_fixed,config5_mult>.0.0.0.0.0.0.0.0.0"(i16 %kernel_data_V_1_0_ret, i16 %kernel_data_V_1_1_ret, i16 %kernel_data_V_1_2_ret, i16 %kernel_data_V_1_3_ret, i16 %kernel_data_V_1_4_ret, i16 %kernel_data_V_1_5_ret, i16 %kernel_data_V_1_6_ret, i16 %kernel_data_V_1_7_ret, i16 %kernel_data_V_1_8_ret, i16 %kernel_data_V_1_9_ret, i16 %kernel_data_V_1_10_ret, i16 %kernel_data_V_1_11_ret, i16 %kernel_data_V_1_12_ret, i16 %kernel_data_V_1_13_ret, i16 %kernel_data_V_1_14_ret, i16 %kernel_data_V_1_15_ret, i16 %kernel_data_V_1_16_ret, i16 %kernel_data_V_1_17_ret, i16 %kernel_data_V_1_18_ret, i16 %kernel_data_V_1_19_ret, i16 %kernel_data_V_1_20_ret, i16 %kernel_data_V_1_21_ret, i16 %kernel_data_V_1_22_ret, i16 %kernel_data_V_1_23_ret, i16 %kernel_data_V_1_24_ret, i16 %kernel_data_V_1_25_ret, i16 %kernel_data_V_1_26_ret, i16 %kernel_data_V_1_27_ret, i16 %kernel_data_V_1_28_ret, i16 %kernel_data_V_1_29_ret, i16 %kernel_data_V_1_30_ret, i16 %kernel_data_V_1_31_ret, i16 %kernel_data_V_1_32_ret, i16 %kernel_data_V_1_33_ret, i16 %kernel_data_V_1_34_ret, i16 %kernel_data_V_1_35_ret)" [firmware/nnet_utils/nnet_conv_stream.h:294]   --->   Operation 127 'call' 'call_ret' <Predicate = (and_ln289_2)> <Delay = 19.3> <CoreType = "Generic">   --->   Core 0 '' <Latency = 0> <II = 1> <Delay = 1.00> <Generic> <Opcode : >

State 3 <SV = 2> <Delay = 21.1>
ST_3 : Operation 128 [13/14] (21.1ns)   --->   "%call_ret = call fastcc { i16, i16, i16, i16, i16, i16, i16, i16 } @"dense_latency<ap_fixed,ap_fixed,config5_mult>.0.0.0.0.0.0.0.0.0"(i16 %kernel_data_V_1_0_ret, i16 %kernel_data_V_1_1_ret, i16 %kernel_data_V_1_2_ret, i16 %kernel_data_V_1_3_ret, i16 %kernel_data_V_1_4_ret, i16 %kernel_data_V_1_5_ret, i16 %kernel_data_V_1_6_ret, i16 %kernel_data_V_1_7_ret, i16 %kernel_data_V_1_8_ret, i16 %kernel_data_V_1_9_ret, i16 %kernel_data_V_1_10_ret, i16 %kernel_data_V_1_11_ret, i16 %kernel_data_V_1_12_ret, i16 %kernel_data_V_1_13_ret, i16 %kernel_data_V_1_14_ret, i16 %kernel_data_V_1_15_ret, i16 %kernel_data_V_1_16_ret, i16 %kernel_data_V_1_17_ret, i16 %kernel_data_V_1_18_ret, i16 %kernel_data_V_1_19_ret, i16 %kernel_data_V_1_20_ret, i16 %kernel_data_V_1_21_ret, i16 %kernel_data_V_1_22_ret, i16 %kernel_data_V_1_23_ret, i16 %kernel_data_V_1_24_ret, i16 %kernel_data_V_1_25_ret, i16 %kernel_data_V_1_26_ret, i16 %kernel_data_V_1_27_ret, i16 %kernel_data_V_1_28_ret, i16 %kernel_data_V_1_29_ret, i16 %kernel_data_V_1_30_ret, i16 %kernel_data_V_1_31_ret, i16 %kernel_data_V_1_32_ret, i16 %kernel_data_V_1_33_ret, i16 %kernel_data_V_1_34_ret, i16 %kernel_data_V_1_35_ret)" [firmware/nnet_utils/nnet_conv_stream.h:294]   --->   Operation 128 'call' 'call_ret' <Predicate = (and_ln289_2)> <Delay = 21.1> <CoreType = "Generic">   --->   Core 0 '' <Latency = 0> <II = 1> <Delay = 1.00> <Generic> <Opcode : >

State 4 <SV = 3> <Delay = 21.1>
ST_4 : Operation 129 [12/14] (21.1ns)   --->   "%call_ret = call fastcc { i16, i16, i16, i16, i16, i16, i16, i16 } @"dense_latency<ap_fixed,ap_fixed,config5_mult>.0.0.0.0.0.0.0.0.0"(i16 %kernel_data_V_1_0_ret, i16 %kernel_data_V_1_1_ret, i16 %kernel_data_V_1_2_ret, i16 %kernel_data_V_1_3_ret, i16 %kernel_data_V_1_4_ret, i16 %kernel_data_V_1_5_ret, i16 %kernel_data_V_1_6_ret, i16 %kernel_data_V_1_7_ret, i16 %kernel_data_V_1_8_ret, i16 %kernel_data_V_1_9_ret, i16 %kernel_data_V_1_10_ret, i16 %kernel_data_V_1_11_ret, i16 %kernel_data_V_1_12_ret, i16 %kernel_data_V_1_13_ret, i16 %kernel_data_V_1_14_ret, i16 %kernel_data_V_1_15_ret, i16 %kernel_data_V_1_16_ret, i16 %kernel_data_V_1_17_ret, i16 %kernel_data_V_1_18_ret, i16 %kernel_data_V_1_19_ret, i16 %kernel_data_V_1_20_ret, i16 %kernel_data_V_1_21_ret, i16 %kernel_data_V_1_22_ret, i16 %kernel_data_V_1_23_ret, i16 %kernel_data_V_1_24_ret, i16 %kernel_data_V_1_25_ret, i16 %kernel_data_V_1_26_ret, i16 %kernel_data_V_1_27_ret, i16 %kernel_data_V_1_28_ret, i16 %kernel_data_V_1_29_ret, i16 %kernel_data_V_1_30_ret, i16 %kernel_data_V_1_31_ret, i16 %kernel_data_V_1_32_ret, i16 %kernel_data_V_1_33_ret, i16 %kernel_data_V_1_34_ret, i16 %kernel_data_V_1_35_ret)" [firmware/nnet_utils/nnet_conv_stream.h:294]   --->   Operation 129 'call' 'call_ret' <Predicate = (and_ln289_2)> <Delay = 21.1> <CoreType = "Generic">   --->   Core 0 '' <Latency = 0> <II = 1> <Delay = 1.00> <Generic> <Opcode : >

State 5 <SV = 4> <Delay = 21.1>
ST_5 : Operation 130 [11/14] (21.1ns)   --->   "%call_ret = call fastcc { i16, i16, i16, i16, i16, i16, i16, i16 } @"dense_latency<ap_fixed,ap_fixed,config5_mult>.0.0.0.0.0.0.0.0.0"(i16 %kernel_data_V_1_0_ret, i16 %kernel_data_V_1_1_ret, i16 %kernel_data_V_1_2_ret, i16 %kernel_data_V_1_3_ret, i16 %kernel_data_V_1_4_ret, i16 %kernel_data_V_1_5_ret, i16 %kernel_data_V_1_6_ret, i16 %kernel_data_V_1_7_ret, i16 %kernel_data_V_1_8_ret, i16 %kernel_data_V_1_9_ret, i16 %kernel_data_V_1_10_ret, i16 %kernel_data_V_1_11_ret, i16 %kernel_data_V_1_12_ret, i16 %kernel_data_V_1_13_ret, i16 %kernel_data_V_1_14_ret, i16 %kernel_data_V_1_15_ret, i16 %kernel_data_V_1_16_ret, i16 %kernel_data_V_1_17_ret, i16 %kernel_data_V_1_18_ret, i16 %kernel_data_V_1_19_ret, i16 %kernel_data_V_1_20_ret, i16 %kernel_data_V_1_21_ret, i16 %kernel_data_V_1_22_ret, i16 %kernel_data_V_1_23_ret, i16 %kernel_data_V_1_24_ret, i16 %kernel_data_V_1_25_ret, i16 %kernel_data_V_1_26_ret, i16 %kernel_data_V_1_27_ret, i16 %kernel_data_V_1_28_ret, i16 %kernel_data_V_1_29_ret, i16 %kernel_data_V_1_30_ret, i16 %kernel_data_V_1_31_ret, i16 %kernel_data_V_1_32_ret, i16 %kernel_data_V_1_33_ret, i16 %kernel_data_V_1_34_ret, i16 %kernel_data_V_1_35_ret)" [firmware/nnet_utils/nnet_conv_stream.h:294]   --->   Operation 130 'call' 'call_ret' <Predicate = (and_ln289_2)> <Delay = 21.1> <CoreType = "Generic">   --->   Core 0 '' <Latency = 0> <II = 1> <Delay = 1.00> <Generic> <Opcode : >

State 6 <SV = 5> <Delay = 21.1>
ST_6 : Operation 131 [10/14] (21.1ns)   --->   "%call_ret = call fastcc { i16, i16, i16, i16, i16, i16, i16, i16 } @"dense_latency<ap_fixed,ap_fixed,config5_mult>.0.0.0.0.0.0.0.0.0"(i16 %kernel_data_V_1_0_ret, i16 %kernel_data_V_1_1_ret, i16 %kernel_data_V_1_2_ret, i16 %kernel_data_V_1_3_ret, i16 %kernel_data_V_1_4_ret, i16 %kernel_data_V_1_5_ret, i16 %kernel_data_V_1_6_ret, i16 %kernel_data_V_1_7_ret, i16 %kernel_data_V_1_8_ret, i16 %kernel_data_V_1_9_ret, i16 %kernel_data_V_1_10_ret, i16 %kernel_data_V_1_11_ret, i16 %kernel_data_V_1_12_ret, i16 %kernel_data_V_1_13_ret, i16 %kernel_data_V_1_14_ret, i16 %kernel_data_V_1_15_ret, i16 %kernel_data_V_1_16_ret, i16 %kernel_data_V_1_17_ret, i16 %kernel_data_V_1_18_ret, i16 %kernel_data_V_1_19_ret, i16 %kernel_data_V_1_20_ret, i16 %kernel_data_V_1_21_ret, i16 %kernel_data_V_1_22_ret, i16 %kernel_data_V_1_23_ret, i16 %kernel_data_V_1_24_ret, i16 %kernel_data_V_1_25_ret, i16 %kernel_data_V_1_26_ret, i16 %kernel_data_V_1_27_ret, i16 %kernel_data_V_1_28_ret, i16 %kernel_data_V_1_29_ret, i16 %kernel_data_V_1_30_ret, i16 %kernel_data_V_1_31_ret, i16 %kernel_data_V_1_32_ret, i16 %kernel_data_V_1_33_ret, i16 %kernel_data_V_1_34_ret, i16 %kernel_data_V_1_35_ret)" [firmware/nnet_utils/nnet_conv_stream.h:294]   --->   Operation 131 'call' 'call_ret' <Predicate = (and_ln289_2)> <Delay = 21.1> <CoreType = "Generic">   --->   Core 0 '' <Latency = 0> <II = 1> <Delay = 1.00> <Generic> <Opcode : >

State 7 <SV = 6> <Delay = 21.1>
ST_7 : Operation 132 [9/14] (21.1ns)   --->   "%call_ret = call fastcc { i16, i16, i16, i16, i16, i16, i16, i16 } @"dense_latency<ap_fixed,ap_fixed,config5_mult>.0.0.0.0.0.0.0.0.0"(i16 %kernel_data_V_1_0_ret, i16 %kernel_data_V_1_1_ret, i16 %kernel_data_V_1_2_ret, i16 %kernel_data_V_1_3_ret, i16 %kernel_data_V_1_4_ret, i16 %kernel_data_V_1_5_ret, i16 %kernel_data_V_1_6_ret, i16 %kernel_data_V_1_7_ret, i16 %kernel_data_V_1_8_ret, i16 %kernel_data_V_1_9_ret, i16 %kernel_data_V_1_10_ret, i16 %kernel_data_V_1_11_ret, i16 %kernel_data_V_1_12_ret, i16 %kernel_data_V_1_13_ret, i16 %kernel_data_V_1_14_ret, i16 %kernel_data_V_1_15_ret, i16 %kernel_data_V_1_16_ret, i16 %kernel_data_V_1_17_ret, i16 %kernel_data_V_1_18_ret, i16 %kernel_data_V_1_19_ret, i16 %kernel_data_V_1_20_ret, i16 %kernel_data_V_1_21_ret, i16 %kernel_data_V_1_22_ret, i16 %kernel_data_V_1_23_ret, i16 %kernel_data_V_1_24_ret, i16 %kernel_data_V_1_25_ret, i16 %kernel_data_V_1_26_ret, i16 %kernel_data_V_1_27_ret, i16 %kernel_data_V_1_28_ret, i16 %kernel_data_V_1_29_ret, i16 %kernel_data_V_1_30_ret, i16 %kernel_data_V_1_31_ret, i16 %kernel_data_V_1_32_ret, i16 %kernel_data_V_1_33_ret, i16 %kernel_data_V_1_34_ret, i16 %kernel_data_V_1_35_ret)" [firmware/nnet_utils/nnet_conv_stream.h:294]   --->   Operation 132 'call' 'call_ret' <Predicate = (and_ln289_2)> <Delay = 21.1> <CoreType = "Generic">   --->   Core 0 '' <Latency = 0> <II = 1> <Delay = 1.00> <Generic> <Opcode : >

State 8 <SV = 7> <Delay = 21.1>
ST_8 : Operation 133 [8/14] (21.1ns)   --->   "%call_ret = call fastcc { i16, i16, i16, i16, i16, i16, i16, i16 } @"dense_latency<ap_fixed,ap_fixed,config5_mult>.0.0.0.0.0.0.0.0.0"(i16 %kernel_data_V_1_0_ret, i16 %kernel_data_V_1_1_ret, i16 %kernel_data_V_1_2_ret, i16 %kernel_data_V_1_3_ret, i16 %kernel_data_V_1_4_ret, i16 %kernel_data_V_1_5_ret, i16 %kernel_data_V_1_6_ret, i16 %kernel_data_V_1_7_ret, i16 %kernel_data_V_1_8_ret, i16 %kernel_data_V_1_9_ret, i16 %kernel_data_V_1_10_ret, i16 %kernel_data_V_1_11_ret, i16 %kernel_data_V_1_12_ret, i16 %kernel_data_V_1_13_ret, i16 %kernel_data_V_1_14_ret, i16 %kernel_data_V_1_15_ret, i16 %kernel_data_V_1_16_ret, i16 %kernel_data_V_1_17_ret, i16 %kernel_data_V_1_18_ret, i16 %kernel_data_V_1_19_ret, i16 %kernel_data_V_1_20_ret, i16 %kernel_data_V_1_21_ret, i16 %kernel_data_V_1_22_ret, i16 %kernel_data_V_1_23_ret, i16 %kernel_data_V_1_24_ret, i16 %kernel_data_V_1_25_ret, i16 %kernel_data_V_1_26_ret, i16 %kernel_data_V_1_27_ret, i16 %kernel_data_V_1_28_ret, i16 %kernel_data_V_1_29_ret, i16 %kernel_data_V_1_30_ret, i16 %kernel_data_V_1_31_ret, i16 %kernel_data_V_1_32_ret, i16 %kernel_data_V_1_33_ret, i16 %kernel_data_V_1_34_ret, i16 %kernel_data_V_1_35_ret)" [firmware/nnet_utils/nnet_conv_stream.h:294]   --->   Operation 133 'call' 'call_ret' <Predicate = (and_ln289_2)> <Delay = 21.1> <CoreType = "Generic">   --->   Core 0 '' <Latency = 0> <II = 1> <Delay = 1.00> <Generic> <Opcode : >

State 9 <SV = 8> <Delay = 21.1>
ST_9 : Operation 134 [7/14] (21.1ns)   --->   "%call_ret = call fastcc { i16, i16, i16, i16, i16, i16, i16, i16 } @"dense_latency<ap_fixed,ap_fixed,config5_mult>.0.0.0.0.0.0.0.0.0"(i16 %kernel_data_V_1_0_ret, i16 %kernel_data_V_1_1_ret, i16 %kernel_data_V_1_2_ret, i16 %kernel_data_V_1_3_ret, i16 %kernel_data_V_1_4_ret, i16 %kernel_data_V_1_5_ret, i16 %kernel_data_V_1_6_ret, i16 %kernel_data_V_1_7_ret, i16 %kernel_data_V_1_8_ret, i16 %kernel_data_V_1_9_ret, i16 %kernel_data_V_1_10_ret, i16 %kernel_data_V_1_11_ret, i16 %kernel_data_V_1_12_ret, i16 %kernel_data_V_1_13_ret, i16 %kernel_data_V_1_14_ret, i16 %kernel_data_V_1_15_ret, i16 %kernel_data_V_1_16_ret, i16 %kernel_data_V_1_17_ret, i16 %kernel_data_V_1_18_ret, i16 %kernel_data_V_1_19_ret, i16 %kernel_data_V_1_20_ret, i16 %kernel_data_V_1_21_ret, i16 %kernel_data_V_1_22_ret, i16 %kernel_data_V_1_23_ret, i16 %kernel_data_V_1_24_ret, i16 %kernel_data_V_1_25_ret, i16 %kernel_data_V_1_26_ret, i16 %kernel_data_V_1_27_ret, i16 %kernel_data_V_1_28_ret, i16 %kernel_data_V_1_29_ret, i16 %kernel_data_V_1_30_ret, i16 %kernel_data_V_1_31_ret, i16 %kernel_data_V_1_32_ret, i16 %kernel_data_V_1_33_ret, i16 %kernel_data_V_1_34_ret, i16 %kernel_data_V_1_35_ret)" [firmware/nnet_utils/nnet_conv_stream.h:294]   --->   Operation 134 'call' 'call_ret' <Predicate = (and_ln289_2)> <Delay = 21.1> <CoreType = "Generic">   --->   Core 0 '' <Latency = 0> <II = 1> <Delay = 1.00> <Generic> <Opcode : >

State 10 <SV = 9> <Delay = 21.1>
ST_10 : Operation 135 [6/14] (21.1ns)   --->   "%call_ret = call fastcc { i16, i16, i16, i16, i16, i16, i16, i16 } @"dense_latency<ap_fixed,ap_fixed,config5_mult>.0.0.0.0.0.0.0.0.0"(i16 %kernel_data_V_1_0_ret, i16 %kernel_data_V_1_1_ret, i16 %kernel_data_V_1_2_ret, i16 %kernel_data_V_1_3_ret, i16 %kernel_data_V_1_4_ret, i16 %kernel_data_V_1_5_ret, i16 %kernel_data_V_1_6_ret, i16 %kernel_data_V_1_7_ret, i16 %kernel_data_V_1_8_ret, i16 %kernel_data_V_1_9_ret, i16 %kernel_data_V_1_10_ret, i16 %kernel_data_V_1_11_ret, i16 %kernel_data_V_1_12_ret, i16 %kernel_data_V_1_13_ret, i16 %kernel_data_V_1_14_ret, i16 %kernel_data_V_1_15_ret, i16 %kernel_data_V_1_16_ret, i16 %kernel_data_V_1_17_ret, i16 %kernel_data_V_1_18_ret, i16 %kernel_data_V_1_19_ret, i16 %kernel_data_V_1_20_ret, i16 %kernel_data_V_1_21_ret, i16 %kernel_data_V_1_22_ret, i16 %kernel_data_V_1_23_ret, i16 %kernel_data_V_1_24_ret, i16 %kernel_data_V_1_25_ret, i16 %kernel_data_V_1_26_ret, i16 %kernel_data_V_1_27_ret, i16 %kernel_data_V_1_28_ret, i16 %kernel_data_V_1_29_ret, i16 %kernel_data_V_1_30_ret, i16 %kernel_data_V_1_31_ret, i16 %kernel_data_V_1_32_ret, i16 %kernel_data_V_1_33_ret, i16 %kernel_data_V_1_34_ret, i16 %kernel_data_V_1_35_ret)" [firmware/nnet_utils/nnet_conv_stream.h:294]   --->   Operation 135 'call' 'call_ret' <Predicate = (and_ln289_2)> <Delay = 21.1> <CoreType = "Generic">   --->   Core 0 '' <Latency = 0> <II = 1> <Delay = 1.00> <Generic> <Opcode : >

State 11 <SV = 10> <Delay = 21.1>
ST_11 : Operation 136 [5/14] (21.1ns)   --->   "%call_ret = call fastcc { i16, i16, i16, i16, i16, i16, i16, i16 } @"dense_latency<ap_fixed,ap_fixed,config5_mult>.0.0.0.0.0.0.0.0.0"(i16 %kernel_data_V_1_0_ret, i16 %kernel_data_V_1_1_ret, i16 %kernel_data_V_1_2_ret, i16 %kernel_data_V_1_3_ret, i16 %kernel_data_V_1_4_ret, i16 %kernel_data_V_1_5_ret, i16 %kernel_data_V_1_6_ret, i16 %kernel_data_V_1_7_ret, i16 %kernel_data_V_1_8_ret, i16 %kernel_data_V_1_9_ret, i16 %kernel_data_V_1_10_ret, i16 %kernel_data_V_1_11_ret, i16 %kernel_data_V_1_12_ret, i16 %kernel_data_V_1_13_ret, i16 %kernel_data_V_1_14_ret, i16 %kernel_data_V_1_15_ret, i16 %kernel_data_V_1_16_ret, i16 %kernel_data_V_1_17_ret, i16 %kernel_data_V_1_18_ret, i16 %kernel_data_V_1_19_ret, i16 %kernel_data_V_1_20_ret, i16 %kernel_data_V_1_21_ret, i16 %kernel_data_V_1_22_ret, i16 %kernel_data_V_1_23_ret, i16 %kernel_data_V_1_24_ret, i16 %kernel_data_V_1_25_ret, i16 %kernel_data_V_1_26_ret, i16 %kernel_data_V_1_27_ret, i16 %kernel_data_V_1_28_ret, i16 %kernel_data_V_1_29_ret, i16 %kernel_data_V_1_30_ret, i16 %kernel_data_V_1_31_ret, i16 %kernel_data_V_1_32_ret, i16 %kernel_data_V_1_33_ret, i16 %kernel_data_V_1_34_ret, i16 %kernel_data_V_1_35_ret)" [firmware/nnet_utils/nnet_conv_stream.h:294]   --->   Operation 136 'call' 'call_ret' <Predicate = (and_ln289_2)> <Delay = 21.1> <CoreType = "Generic">   --->   Core 0 '' <Latency = 0> <II = 1> <Delay = 1.00> <Generic> <Opcode : >

State 12 <SV = 11> <Delay = 21.1>
ST_12 : Operation 137 [4/14] (21.1ns)   --->   "%call_ret = call fastcc { i16, i16, i16, i16, i16, i16, i16, i16 } @"dense_latency<ap_fixed,ap_fixed,config5_mult>.0.0.0.0.0.0.0.0.0"(i16 %kernel_data_V_1_0_ret, i16 %kernel_data_V_1_1_ret, i16 %kernel_data_V_1_2_ret, i16 %kernel_data_V_1_3_ret, i16 %kernel_data_V_1_4_ret, i16 %kernel_data_V_1_5_ret, i16 %kernel_data_V_1_6_ret, i16 %kernel_data_V_1_7_ret, i16 %kernel_data_V_1_8_ret, i16 %kernel_data_V_1_9_ret, i16 %kernel_data_V_1_10_ret, i16 %kernel_data_V_1_11_ret, i16 %kernel_data_V_1_12_ret, i16 %kernel_data_V_1_13_ret, i16 %kernel_data_V_1_14_ret, i16 %kernel_data_V_1_15_ret, i16 %kernel_data_V_1_16_ret, i16 %kernel_data_V_1_17_ret, i16 %kernel_data_V_1_18_ret, i16 %kernel_data_V_1_19_ret, i16 %kernel_data_V_1_20_ret, i16 %kernel_data_V_1_21_ret, i16 %kernel_data_V_1_22_ret, i16 %kernel_data_V_1_23_ret, i16 %kernel_data_V_1_24_ret, i16 %kernel_data_V_1_25_ret, i16 %kernel_data_V_1_26_ret, i16 %kernel_data_V_1_27_ret, i16 %kernel_data_V_1_28_ret, i16 %kernel_data_V_1_29_ret, i16 %kernel_data_V_1_30_ret, i16 %kernel_data_V_1_31_ret, i16 %kernel_data_V_1_32_ret, i16 %kernel_data_V_1_33_ret, i16 %kernel_data_V_1_34_ret, i16 %kernel_data_V_1_35_ret)" [firmware/nnet_utils/nnet_conv_stream.h:294]   --->   Operation 137 'call' 'call_ret' <Predicate = (and_ln289_2)> <Delay = 21.1> <CoreType = "Generic">   --->   Core 0 '' <Latency = 0> <II = 1> <Delay = 1.00> <Generic> <Opcode : >

State 13 <SV = 12> <Delay = 21.1>
ST_13 : Operation 138 [3/14] (21.1ns)   --->   "%call_ret = call fastcc { i16, i16, i16, i16, i16, i16, i16, i16 } @"dense_latency<ap_fixed,ap_fixed,config5_mult>.0.0.0.0.0.0.0.0.0"(i16 %kernel_data_V_1_0_ret, i16 %kernel_data_V_1_1_ret, i16 %kernel_data_V_1_2_ret, i16 %kernel_data_V_1_3_ret, i16 %kernel_data_V_1_4_ret, i16 %kernel_data_V_1_5_ret, i16 %kernel_data_V_1_6_ret, i16 %kernel_data_V_1_7_ret, i16 %kernel_data_V_1_8_ret, i16 %kernel_data_V_1_9_ret, i16 %kernel_data_V_1_10_ret, i16 %kernel_data_V_1_11_ret, i16 %kernel_data_V_1_12_ret, i16 %kernel_data_V_1_13_ret, i16 %kernel_data_V_1_14_ret, i16 %kernel_data_V_1_15_ret, i16 %kernel_data_V_1_16_ret, i16 %kernel_data_V_1_17_ret, i16 %kernel_data_V_1_18_ret, i16 %kernel_data_V_1_19_ret, i16 %kernel_data_V_1_20_ret, i16 %kernel_data_V_1_21_ret, i16 %kernel_data_V_1_22_ret, i16 %kernel_data_V_1_23_ret, i16 %kernel_data_V_1_24_ret, i16 %kernel_data_V_1_25_ret, i16 %kernel_data_V_1_26_ret, i16 %kernel_data_V_1_27_ret, i16 %kernel_data_V_1_28_ret, i16 %kernel_data_V_1_29_ret, i16 %kernel_data_V_1_30_ret, i16 %kernel_data_V_1_31_ret, i16 %kernel_data_V_1_32_ret, i16 %kernel_data_V_1_33_ret, i16 %kernel_data_V_1_34_ret, i16 %kernel_data_V_1_35_ret)" [firmware/nnet_utils/nnet_conv_stream.h:294]   --->   Operation 138 'call' 'call_ret' <Predicate = (and_ln289_2)> <Delay = 21.1> <CoreType = "Generic">   --->   Core 0 '' <Latency = 0> <II = 1> <Delay = 1.00> <Generic> <Opcode : >

State 14 <SV = 13> <Delay = 21.1>
ST_14 : Operation 139 [2/14] (21.1ns)   --->   "%call_ret = call fastcc { i16, i16, i16, i16, i16, i16, i16, i16 } @"dense_latency<ap_fixed,ap_fixed,config5_mult>.0.0.0.0.0.0.0.0.0"(i16 %kernel_data_V_1_0_ret, i16 %kernel_data_V_1_1_ret, i16 %kernel_data_V_1_2_ret, i16 %kernel_data_V_1_3_ret, i16 %kernel_data_V_1_4_ret, i16 %kernel_data_V_1_5_ret, i16 %kernel_data_V_1_6_ret, i16 %kernel_data_V_1_7_ret, i16 %kernel_data_V_1_8_ret, i16 %kernel_data_V_1_9_ret, i16 %kernel_data_V_1_10_ret, i16 %kernel_data_V_1_11_ret, i16 %kernel_data_V_1_12_ret, i16 %kernel_data_V_1_13_ret, i16 %kernel_data_V_1_14_ret, i16 %kernel_data_V_1_15_ret, i16 %kernel_data_V_1_16_ret, i16 %kernel_data_V_1_17_ret, i16 %kernel_data_V_1_18_ret, i16 %kernel_data_V_1_19_ret, i16 %kernel_data_V_1_20_ret, i16 %kernel_data_V_1_21_ret, i16 %kernel_data_V_1_22_ret, i16 %kernel_data_V_1_23_ret, i16 %kernel_data_V_1_24_ret, i16 %kernel_data_V_1_25_ret, i16 %kernel_data_V_1_26_ret, i16 %kernel_data_V_1_27_ret, i16 %kernel_data_V_1_28_ret, i16 %kernel_data_V_1_29_ret, i16 %kernel_data_V_1_30_ret, i16 %kernel_data_V_1_31_ret, i16 %kernel_data_V_1_32_ret, i16 %kernel_data_V_1_33_ret, i16 %kernel_data_V_1_34_ret, i16 %kernel_data_V_1_35_ret)" [firmware/nnet_utils/nnet_conv_stream.h:294]   --->   Operation 139 'call' 'call_ret' <Predicate = (and_ln289_2)> <Delay = 21.1> <CoreType = "Generic">   --->   Core 0 '' <Latency = 0> <II = 1> <Delay = 1.00> <Generic> <Opcode : >

State 15 <SV = 14> <Delay = 20.9>
ST_15 : Operation 140 [1/14] (17.2ns)   --->   "%call_ret = call fastcc { i16, i16, i16, i16, i16, i16, i16, i16 } @"dense_latency<ap_fixed,ap_fixed,config5_mult>.0.0.0.0.0.0.0.0.0"(i16 %kernel_data_V_1_0_ret, i16 %kernel_data_V_1_1_ret, i16 %kernel_data_V_1_2_ret, i16 %kernel_data_V_1_3_ret, i16 %kernel_data_V_1_4_ret, i16 %kernel_data_V_1_5_ret, i16 %kernel_data_V_1_6_ret, i16 %kernel_data_V_1_7_ret, i16 %kernel_data_V_1_8_ret, i16 %kernel_data_V_1_9_ret, i16 %kernel_data_V_1_10_ret, i16 %kernel_data_V_1_11_ret, i16 %kernel_data_V_1_12_ret, i16 %kernel_data_V_1_13_ret, i16 %kernel_data_V_1_14_ret, i16 %kernel_data_V_1_15_ret, i16 %kernel_data_V_1_16_ret, i16 %kernel_data_V_1_17_ret, i16 %kernel_data_V_1_18_ret, i16 %kernel_data_V_1_19_ret, i16 %kernel_data_V_1_20_ret, i16 %kernel_data_V_1_21_ret, i16 %kernel_data_V_1_22_ret, i16 %kernel_data_V_1_23_ret, i16 %kernel_data_V_1_24_ret, i16 %kernel_data_V_1_25_ret, i16 %kernel_data_V_1_26_ret, i16 %kernel_data_V_1_27_ret, i16 %kernel_data_V_1_28_ret, i16 %kernel_data_V_1_29_ret, i16 %kernel_data_V_1_30_ret, i16 %kernel_data_V_1_31_ret, i16 %kernel_data_V_1_32_ret, i16 %kernel_data_V_1_33_ret, i16 %kernel_data_V_1_34_ret, i16 %kernel_data_V_1_35_ret)" [firmware/nnet_utils/nnet_conv_stream.h:294]   --->   Operation 140 'call' 'call_ret' <Predicate = (and_ln289_2)> <Delay = 17.2> <CoreType = "Generic">   --->   Core 0 '' <Latency = 0> <II = 1> <Delay = 1.00> <Generic> <Opcode : >
ST_15 : Operation 141 [1/1] (0.00ns)   --->   "%tmp_data_0_V = extractvalue { i16, i16, i16, i16, i16, i16, i16, i16 } %call_ret, 0" [firmware/nnet_utils/nnet_conv_stream.h:294]   --->   Operation 141 'extractvalue' 'tmp_data_0_V' <Predicate = (and_ln289_2)> <Delay = 0.00>
ST_15 : Operation 142 [1/1] (0.00ns)   --->   "%tmp_data_1_V = extractvalue { i16, i16, i16, i16, i16, i16, i16, i16 } %call_ret, 1" [firmware/nnet_utils/nnet_conv_stream.h:294]   --->   Operation 142 'extractvalue' 'tmp_data_1_V' <Predicate = (and_ln289_2)> <Delay = 0.00>
ST_15 : Operation 143 [1/1] (0.00ns)   --->   "%tmp_data_2_V = extractvalue { i16, i16, i16, i16, i16, i16, i16, i16 } %call_ret, 2" [firmware/nnet_utils/nnet_conv_stream.h:294]   --->   Operation 143 'extractvalue' 'tmp_data_2_V' <Predicate = (and_ln289_2)> <Delay = 0.00>
ST_15 : Operation 144 [1/1] (0.00ns)   --->   "%tmp_data_3_V = extractvalue { i16, i16, i16, i16, i16, i16, i16, i16 } %call_ret, 3" [firmware/nnet_utils/nnet_conv_stream.h:294]   --->   Operation 144 'extractvalue' 'tmp_data_3_V' <Predicate = (and_ln289_2)> <Delay = 0.00>
ST_15 : Operation 145 [1/1] (0.00ns)   --->   "%tmp_data_4_V = extractvalue { i16, i16, i16, i16, i16, i16, i16, i16 } %call_ret, 4" [firmware/nnet_utils/nnet_conv_stream.h:294]   --->   Operation 145 'extractvalue' 'tmp_data_4_V' <Predicate = (and_ln289_2)> <Delay = 0.00>
ST_15 : Operation 146 [1/1] (0.00ns)   --->   "%tmp_data_5_V = extractvalue { i16, i16, i16, i16, i16, i16, i16, i16 } %call_ret, 5" [firmware/nnet_utils/nnet_conv_stream.h:294]   --->   Operation 146 'extractvalue' 'tmp_data_5_V' <Predicate = (and_ln289_2)> <Delay = 0.00>
ST_15 : Operation 147 [1/1] (0.00ns)   --->   "%tmp_data_6_V = extractvalue { i16, i16, i16, i16, i16, i16, i16, i16 } %call_ret, 6" [firmware/nnet_utils/nnet_conv_stream.h:294]   --->   Operation 147 'extractvalue' 'tmp_data_6_V' <Predicate = (and_ln289_2)> <Delay = 0.00>
ST_15 : Operation 148 [1/1] (0.00ns)   --->   "%tmp_data_7_V = extractvalue { i16, i16, i16, i16, i16, i16, i16, i16 } %call_ret, 7" [firmware/nnet_utils/nnet_conv_stream.h:294]   --->   Operation 148 'extractvalue' 'tmp_data_7_V' <Predicate = (and_ln289_2)> <Delay = 0.00>
ST_15 : Operation 149 [1/1] (3.63ns)   --->   "call void @_ssdm_op_Write.ap_fifo.volatile.i16P.i16P.i16P.i16P.i16P.i16P.i16P.i16P(i16* %res_stream_V_data_0_V, i16* %res_stream_V_data_1_V, i16* %res_stream_V_data_2_V, i16* %res_stream_V_data_3_V, i16* %res_stream_V_data_4_V, i16* %res_stream_V_data_5_V, i16* %res_stream_V_data_6_V, i16* %res_stream_V_data_7_V, i16 %tmp_data_0_V, i16 %tmp_data_1_V, i16 %tmp_data_2_V, i16 %tmp_data_3_V, i16 %tmp_data_4_V, i16 %tmp_data_5_V, i16 %tmp_data_6_V, i16 %tmp_data_7_V)" [firmware/nnet_utils/nnet_conv_stream.h:309]   --->   Operation 149 'write' <Predicate = (and_ln289_2)> <Delay = 3.63> <Core = "FIFO">   --->   Core 32 'FIFO' <Latency = 0> <II = 1> <Delay = 3.63> <Storage> <Opcode : 'read' 'write' 'nbread' 'nbwrite'> <Ports = 0> <Width = 16> <Depth = 1> <FIFO>
ST_15 : Operation 150 [1/1] (0.00ns)   --->   "br label %._crit_edge22" [firmware/nnet_utils/nnet_conv_stream.h:310]   --->   Operation 150 'br' <Predicate = (and_ln289_2)> <Delay = 0.00>
ST_15 : Operation 151 [1/1] (2.47ns)   --->   "%icmp_ln313 = icmp eq i32 %pX_2_load, 5" [firmware/nnet_utils/nnet_conv_stream.h:313]   --->   Operation 151 'icmp' 'icmp_ln313' <Predicate = true> <Delay = 2.47> <Core = "Cmp">   --->   Core 25 'Cmp' <Latency = 0> <II = 1> <Delay = 2.47> <FuncUnit> <Opcode : 'icmp'> <InPorts = 2> <OutPorts = 1>
ST_15 : Operation 152 [1/1] (0.00ns)   --->   "br i1 %icmp_ln313, label %1, label %5" [firmware/nnet_utils/nnet_conv_stream.h:313]   --->   Operation 152 'br' <Predicate = true> <Delay = 0.00>
ST_15 : Operation 153 [1/1] (2.55ns)   --->   "%add_ln326 = add nsw i32 %pX_2_load, 1" [firmware/nnet_utils/nnet_conv_stream.h:326]   --->   Operation 153 'add' 'add_ln326' <Predicate = (!icmp_ln313)> <Delay = 2.55> <Core = "AddSub">   --->   Core 14 'AddSub' <Latency = 0> <II = 1> <Delay = 2.55> <FuncUnit> <Opcode : 'add' 'sub'> <InPorts = 2> <OutPorts = 1>
ST_15 : Operation 154 [1/1] (1.76ns)   --->   "store i32 %add_ln326, i32* @pX_2, align 4" [firmware/nnet_utils/nnet_conv_stream.h:326]   --->   Operation 154 'store' <Predicate = (!icmp_ln313)> <Delay = 1.76>
ST_15 : Operation 155 [1/1] (2.55ns)   --->   "%add_ln328 = add i32 %sX_2_load, 1" [firmware/nnet_utils/nnet_conv_stream.h:328]   --->   Operation 155 'add' 'add_ln328' <Predicate = (!icmp_ln313 & !icmp_ln289)> <Delay = 2.55> <Core = "AddSub">   --->   Core 14 'AddSub' <Latency = 0> <II = 1> <Delay = 2.55> <FuncUnit> <Opcode : 'add' 'sub'> <InPorts = 2> <OutPorts = 1>
ST_15 : Operation 156 [1/1] (0.69ns)   --->   "%select_ln328 = select i1 %icmp_ln289, i32 2, i32 %add_ln328" [firmware/nnet_utils/nnet_conv_stream.h:328]   --->   Operation 156 'select' 'select_ln328' <Predicate = (!icmp_ln313)> <Delay = 0.69> <Core = "Sel">   --->   Core 26 'Sel' <Latency = 0> <II = 1> <Delay = 0.69> <FuncUnit> <Opcode : 'select'> <InPorts = 3> <OutPorts = 1>
ST_15 : Operation 157 [1/1] (1.76ns)   --->   "store i32 %select_ln328, i32* @sX_2, align 4" [firmware/nnet_utils/nnet_conv_stream.h:328]   --->   Operation 157 'store' <Predicate = (!icmp_ln313)> <Delay = 1.76>
ST_15 : Operation 158 [1/1] (0.00ns)   --->   "br label %6"   --->   Operation 158 'br' <Predicate = (!icmp_ln313)> <Delay = 0.00>
ST_15 : Operation 159 [1/1] (1.76ns)   --->   "store i32 0, i32* @pX_2, align 4" [firmware/nnet_utils/nnet_conv_stream.h:315]   --->   Operation 159 'store' <Predicate = (icmp_ln313)> <Delay = 1.76>
ST_15 : Operation 160 [1/1] (1.76ns)   --->   "store i32 0, i32* @sX_2, align 4" [firmware/nnet_utils/nnet_conv_stream.h:316]   --->   Operation 160 'store' <Predicate = (icmp_ln313)> <Delay = 1.76>
ST_15 : Operation 161 [1/1] (2.47ns)   --->   "%icmp_ln317 = icmp eq i32 %pY_2_load, 5" [firmware/nnet_utils/nnet_conv_stream.h:317]   --->   Operation 161 'icmp' 'icmp_ln317' <Predicate = (icmp_ln313)> <Delay = 2.47> <Core = "Cmp">   --->   Core 25 'Cmp' <Latency = 0> <II = 1> <Delay = 2.47> <FuncUnit> <Opcode : 'icmp'> <InPorts = 2> <OutPorts = 1>
ST_15 : Operation 162 [1/1] (0.00ns)   --->   "br i1 %icmp_ln317, label %2, label %3" [firmware/nnet_utils/nnet_conv_stream.h:317]   --->   Operation 162 'br' <Predicate = (icmp_ln313)> <Delay = 0.00>
ST_15 : Operation 163 [1/1] (2.55ns)   --->   "%add_ln321 = add nsw i32 %pY_2_load, 1" [firmware/nnet_utils/nnet_conv_stream.h:321]   --->   Operation 163 'add' 'add_ln321' <Predicate = (icmp_ln313 & !icmp_ln317)> <Delay = 2.55> <Core = "AddSub">   --->   Core 14 'AddSub' <Latency = 0> <II = 1> <Delay = 2.55> <FuncUnit> <Opcode : 'add' 'sub'> <InPorts = 2> <OutPorts = 1>
ST_15 : Operation 164 [1/1] (1.76ns)   --->   "store i32 %add_ln321, i32* @pY_2, align 4" [firmware/nnet_utils/nnet_conv_stream.h:321]   --->   Operation 164 'store' <Predicate = (icmp_ln313 & !icmp_ln317)> <Delay = 1.76>
ST_15 : Operation 165 [1/1] (2.55ns)   --->   "%add_ln323 = add i32 %sY_2_load, 1" [firmware/nnet_utils/nnet_conv_stream.h:323]   --->   Operation 165 'add' 'add_ln323' <Predicate = (icmp_ln313 & !icmp_ln317 & !icmp_ln289_1)> <Delay = 2.55> <Core = "AddSub">   --->   Core 14 'AddSub' <Latency = 0> <II = 1> <Delay = 2.55> <FuncUnit> <Opcode : 'add' 'sub'> <InPorts = 2> <OutPorts = 1>
ST_15 : Operation 166 [1/1] (0.69ns)   --->   "%select_ln323 = select i1 %icmp_ln289_1, i32 2, i32 %add_ln323" [firmware/nnet_utils/nnet_conv_stream.h:323]   --->   Operation 166 'select' 'select_ln323' <Predicate = (icmp_ln313 & !icmp_ln317)> <Delay = 0.69> <Core = "Sel">   --->   Core 26 'Sel' <Latency = 0> <II = 1> <Delay = 0.69> <FuncUnit> <Opcode : 'select'> <InPorts = 3> <OutPorts = 1>
ST_15 : Operation 167 [1/1] (1.76ns)   --->   "br label %4"   --->   Operation 167 'br' <Predicate = (icmp_ln313 & !icmp_ln317)> <Delay = 1.76>
ST_15 : Operation 168 [1/1] (1.76ns)   --->   "store i32 0, i32* @pY_2, align 4" [firmware/nnet_utils/nnet_conv_stream.h:318]   --->   Operation 168 'store' <Predicate = (icmp_ln313 & icmp_ln317)> <Delay = 1.76>
ST_15 : Operation 169 [1/1] (1.76ns)   --->   "br label %4" [firmware/nnet_utils/nnet_conv_stream.h:320]   --->   Operation 169 'br' <Predicate = (icmp_ln313 & icmp_ln317)> <Delay = 1.76>
ST_15 : Operation 170 [1/1] (0.00ns)   --->   "%storemerge = phi i32 [ %select_ln323, %3 ], [ 0, %2 ]" [firmware/nnet_utils/nnet_conv_stream.h:323]   --->   Operation 170 'phi' 'storemerge' <Predicate = (icmp_ln313)> <Delay = 0.00>
ST_15 : Operation 171 [1/1] (0.00ns)   --->   "store i32 %storemerge, i32* @sY_2, align 4" [firmware/nnet_utils/nnet_conv_stream.h:319]   --->   Operation 171 'store' <Predicate = (icmp_ln313)> <Delay = 0.00>
ST_15 : Operation 172 [1/1] (0.00ns)   --->   "br label %6" [firmware/nnet_utils/nnet_conv_stream.h:325]   --->   Operation 172 'br' <Predicate = (icmp_ln313)> <Delay = 0.00>
ST_15 : Operation 173 [1/1] (0.00ns)   --->   "ret void" [firmware/nnet_utils/nnet_conv_stream.h:330]   --->   Operation 173 'ret' <Predicate = true> <Delay = 0.00>


============================================================
+ Verbose Summary: Timing violations
============================================================
Target clock period: 25ns, clock uncertainty: 3.12ns.

 <State 1>: 3.45ns
The critical path consists of the following:
	'load' operation ('sX_2_load', firmware/nnet_utils/nnet_conv_stream.h:289) on static variable 'sX_2' [149]  (0 ns)
	'icmp' operation ('icmp_ln289', firmware/nnet_utils/nnet_conv_stream.h:289) [150]  (2.47 ns)
	'and' operation ('and_ln289', firmware/nnet_utils/nnet_conv_stream.h:289) [159]  (0 ns)
	'and' operation ('and_ln289_2', firmware/nnet_utils/nnet_conv_stream.h:289) [161]  (0.978 ns)

 <State 2>: 19.4ns
The critical path consists of the following:
	'call' operation ('call_ret', firmware/nnet_utils/nnet_conv_stream.h:294) to 'dense_latency<ap_fixed,ap_fixed,config5_mult>.0.0.0.0.0.0.0.0.0' [164]  (19.4 ns)

 <State 3>: 21.2ns
The critical path consists of the following:
	'call' operation ('call_ret', firmware/nnet_utils/nnet_conv_stream.h:294) to 'dense_latency<ap_fixed,ap_fixed,config5_mult>.0.0.0.0.0.0.0.0.0' [164]  (21.2 ns)

 <State 4>: 21.2ns
The critical path consists of the following:
	'call' operation ('call_ret', firmware/nnet_utils/nnet_conv_stream.h:294) to 'dense_latency<ap_fixed,ap_fixed,config5_mult>.0.0.0.0.0.0.0.0.0' [164]  (21.2 ns)

 <State 5>: 21.2ns
The critical path consists of the following:
	'call' operation ('call_ret', firmware/nnet_utils/nnet_conv_stream.h:294) to 'dense_latency<ap_fixed,ap_fixed,config5_mult>.0.0.0.0.0.0.0.0.0' [164]  (21.2 ns)

 <State 6>: 21.2ns
The critical path consists of the following:
	'call' operation ('call_ret', firmware/nnet_utils/nnet_conv_stream.h:294) to 'dense_latency<ap_fixed,ap_fixed,config5_mult>.0.0.0.0.0.0.0.0.0' [164]  (21.2 ns)

 <State 7>: 21.2ns
The critical path consists of the following:
	'call' operation ('call_ret', firmware/nnet_utils/nnet_conv_stream.h:294) to 'dense_latency<ap_fixed,ap_fixed,config5_mult>.0.0.0.0.0.0.0.0.0' [164]  (21.2 ns)

 <State 8>: 21.2ns
The critical path consists of the following:
	'call' operation ('call_ret', firmware/nnet_utils/nnet_conv_stream.h:294) to 'dense_latency<ap_fixed,ap_fixed,config5_mult>.0.0.0.0.0.0.0.0.0' [164]  (21.2 ns)

 <State 9>: 21.2ns
The critical path consists of the following:
	'call' operation ('call_ret', firmware/nnet_utils/nnet_conv_stream.h:294) to 'dense_latency<ap_fixed,ap_fixed,config5_mult>.0.0.0.0.0.0.0.0.0' [164]  (21.2 ns)

 <State 10>: 21.2ns
The critical path consists of the following:
	'call' operation ('call_ret', firmware/nnet_utils/nnet_conv_stream.h:294) to 'dense_latency<ap_fixed,ap_fixed,config5_mult>.0.0.0.0.0.0.0.0.0' [164]  (21.2 ns)

 <State 11>: 21.2ns
The critical path consists of the following:
	'call' operation ('call_ret', firmware/nnet_utils/nnet_conv_stream.h:294) to 'dense_latency<ap_fixed,ap_fixed,config5_mult>.0.0.0.0.0.0.0.0.0' [164]  (21.2 ns)

 <State 12>: 21.2ns
The critical path consists of the following:
	'call' operation ('call_ret', firmware/nnet_utils/nnet_conv_stream.h:294) to 'dense_latency<ap_fixed,ap_fixed,config5_mult>.0.0.0.0.0.0.0.0.0' [164]  (21.2 ns)

 <State 13>: 21.2ns
The critical path consists of the following:
	'call' operation ('call_ret', firmware/nnet_utils/nnet_conv_stream.h:294) to 'dense_latency<ap_fixed,ap_fixed,config5_mult>.0.0.0.0.0.0.0.0.0' [164]  (21.2 ns)

 <State 14>: 21.2ns
The critical path consists of the following:
	'call' operation ('call_ret', firmware/nnet_utils/nnet_conv_stream.h:294) to 'dense_latency<ap_fixed,ap_fixed,config5_mult>.0.0.0.0.0.0.0.0.0' [164]  (21.2 ns)

 <State 15>: 20.9ns
The critical path consists of the following:
	'call' operation ('call_ret', firmware/nnet_utils/nnet_conv_stream.h:294) to 'dense_latency<ap_fixed,ap_fixed,config5_mult>.0.0.0.0.0.0.0.0.0' [164]  (17.3 ns)
	fifo write on port 'res_stream_V_data_0_V' (firmware/nnet_utils/nnet_conv_stream.h:309) [173]  (3.63 ns)


============================================================
+ Verbose Summary: Binding
============================================================
N/A
* FSMD analyzer results:
  - Output states:
 - Input state : 
  - Chain level:
	State 1
	State 2
	State 3
	State 4
	State 5
	State 6
	State 7
	State 8
	State 9
	State 10
	State 11
	State 12
	State 13
	State 14
	State 15


============================================================
+ Verbose Summary: Datapath Resource usage 
============================================================
N/A
