

================================================================
== Vivado HLS Report for 'dense_latency_ap_fixed_ap_fixed_16_6_5_3_0_config2_mult_0_0_0_0_0'
================================================================
* Date:           Fri Mar  1 12:05:21 2024

* Version:        2020.1 (Build 2897737 on Wed May 27 20:21:37 MDT 2020)
* Project:        myproject_prj
* Solution:       solution1
* Product family: zynq
* Target device:  xc7z020-clg400-1


================================================================
== Performance Estimates
================================================================
+ Timing: 
    * Summary: 
    +--------+----------+-----------+------------+
    |  Clock |  Target  | Estimated | Uncertainty|
    +--------+----------+-----------+------------+
    |ap_clk  | 25.00 ns | 13.386 ns |   3.12 ns  |
    +--------+----------+-----------+------------+

+ Latency: 
    * Summary: 
    +---------+---------+----------+----------+-----+-----+----------+
    |  Latency (cycles) |  Latency (absolute) |  Interval | Pipeline |
    |   min   |   max   |    min   |    max   | min | max |   Type   |
    +---------+---------+----------+----------+-----+-----+----------+
    |       10|       10| 0.250 us | 0.250 us |   11|   11| function |
    +---------+---------+----------+----------+-----+-----+----------+

    + Detail: 
        * Instance: 
        N/A

        * Loop: 
        N/A

============================================================
+ Verbose Summary: Synthesis Manager
============================================================
InlineROM: 1
ExposeGlobal: 0
============================================================
+ Verbose Summary: CDFG Model
============================================================
IsTopModel: 0
ResetActiveHigh: 1
IsCombinational: 0
IsDatapathOnly: 0
HasWiredReturn: 1
HasMFsm: 2
HasVarLatency: 0
IsPipeline: 1
IsRtlPipelined: 0
IsInstanceOverlapped: 0
IsDontTouch: 0
HasImplIP: 0
IsGatedGlobalClock: 0

+ Individual pipeline summary: 
  * Pipeline-0: initiation interval (II) = 11, depth = 11


============================================================
+ Verbose Summary: Schedule
============================================================
* Number of FSM states : 11
* Pipeline : 1
  Pipeline-0 : II = 11, D = 11, States = { 1 2 3 4 5 6 7 8 9 10 11 }
* Dataflow Pipeline: 0

* FSM state transitions: 
1 --> 2 
2 --> 3 
3 --> 4 
4 --> 5 
5 --> 6 
6 --> 7 
7 --> 8 
8 --> 9 
9 --> 10 
10 --> 11 
11 --> 

* FSM state operations: 

State 1 <SV = 0> <Delay = 5.58>
ST_1 : Operation 12 [1/1] (0.00ns)   --->   "%data_0_V_read_2 = call i16 @_ssdm_op_Read.ap_auto.i16(i16 %data_0_V_read)" [firmware/nnet_utils/nnet_dense_latency.h:13]   --->   Operation 12 'read' 'data_0_V_read_2' <Predicate = true> <Delay = 0.00>
ST_1 : Operation 13 [1/1] (0.00ns)   --->   "%sext_ln1116_cast = sext i16 %data_0_V_read_2 to i26" [firmware/nnet_utils/nnet_dense_latency.h:13]   --->   Operation 13 'sext' 'sext_ln1116_cast' <Predicate = true> <Delay = 0.00>
ST_1 : Operation 14 [1/1] (5.58ns)   --->   "%mul_ln1118 = mul i26 %sext_ln1116_cast, -657" [firmware/nnet_utils/nnet_mult.h:73->firmware/nnet_utils/nnet_dense_latency.h:42]   --->   Operation 14 'mul' 'mul_ln1118' <Predicate = true> <Delay = 5.58> <Core = "Mul">   --->   Core 16 'Mul' <Latency = 0> <II = 1> <Delay = 5.58> <FuncUnit> <Opcode : 'mul'> <InPorts = 2> <OutPorts = 1>
ST_1 : Operation 15 [1/1] (0.00ns)   --->   "%trunc_ln = call i16 @_ssdm_op_PartSelect.i16.i26.i32.i32(i26 %mul_ln1118, i32 10, i32 25)" [firmware/nnet_utils/nnet_dense_latency.h:42]   --->   Operation 15 'partselect' 'trunc_ln' <Predicate = true> <Delay = 0.00>
ST_1 : Operation 16 [1/1] (5.58ns)   --->   "%mul_ln1118_276 = mul i26 %sext_ln1116_cast, 310" [firmware/nnet_utils/nnet_mult.h:73->firmware/nnet_utils/nnet_dense_latency.h:42]   --->   Operation 16 'mul' 'mul_ln1118_276' <Predicate = true> <Delay = 5.58> <Core = "Mul">   --->   Core 16 'Mul' <Latency = 0> <II = 1> <Delay = 5.58> <FuncUnit> <Opcode : 'mul'> <InPorts = 2> <OutPorts = 1>
ST_1 : Operation 17 [1/1] (0.00ns)   --->   "%trunc_ln708_145 = call i16 @_ssdm_op_PartSelect.i16.i26.i32.i32(i26 %mul_ln1118_276, i32 10, i32 25)" [firmware/nnet_utils/nnet_dense_latency.h:42]   --->   Operation 17 'partselect' 'trunc_ln708_145' <Predicate = true> <Delay = 0.00>
ST_1 : Operation 18 [1/1] (5.58ns)   --->   "%mul_ln1118_277 = mul i26 %sext_ln1116_cast, -340" [firmware/nnet_utils/nnet_mult.h:73->firmware/nnet_utils/nnet_dense_latency.h:42]   --->   Operation 18 'mul' 'mul_ln1118_277' <Predicate = true> <Delay = 5.58> <Core = "Mul">   --->   Core 16 'Mul' <Latency = 0> <II = 1> <Delay = 5.58> <FuncUnit> <Opcode : 'mul'> <InPorts = 2> <OutPorts = 1>
ST_1 : Operation 19 [1/1] (0.00ns)   --->   "%trunc_ln708_146 = call i16 @_ssdm_op_PartSelect.i16.i26.i32.i32(i26 %mul_ln1118_277, i32 10, i32 25)" [firmware/nnet_utils/nnet_dense_latency.h:42]   --->   Operation 19 'partselect' 'trunc_ln708_146' <Predicate = true> <Delay = 0.00>

State 2 <SV = 1> <Delay = 7.65>
ST_2 : Operation 20 [1/1] (0.00ns)   --->   "%data_1_V_read_2 = call i16 @_ssdm_op_Read.ap_auto.i16(i16 %data_1_V_read)" [firmware/nnet_utils/nnet_dense_latency.h:13]   --->   Operation 20 'read' 'data_1_V_read_2' <Predicate = true> <Delay = 0.00>
ST_2 : Operation 21 [1/1] (5.58ns)   --->   "%mul_ln1118_278 = mul i26 %sext_ln1116_cast, 1166" [firmware/nnet_utils/nnet_mult.h:73->firmware/nnet_utils/nnet_dense_latency.h:42]   --->   Operation 21 'mul' 'mul_ln1118_278' <Predicate = true> <Delay = 5.58> <Core = "Mul">   --->   Core 16 'Mul' <Latency = 0> <II = 1> <Delay = 5.58> <FuncUnit> <Opcode : 'mul'> <InPorts = 2> <OutPorts = 1>
ST_2 : Operation 22 [1/1] (0.00ns)   --->   "%trunc_ln708_147 = call i16 @_ssdm_op_PartSelect.i16.i26.i32.i32(i26 %mul_ln1118_278, i32 10, i32 25)" [firmware/nnet_utils/nnet_dense_latency.h:42]   --->   Operation 22 'partselect' 'trunc_ln708_147' <Predicate = true> <Delay = 0.00>
ST_2 : Operation 23 [1/1] (0.00ns)   --->   "%sext_ln1116_76_cast = sext i16 %data_1_V_read_2 to i26" [firmware/nnet_utils/nnet_dense_latency.h:13]   --->   Operation 23 'sext' 'sext_ln1116_76_cast' <Predicate = true> <Delay = 0.00>
ST_2 : Operation 24 [1/1] (5.58ns)   --->   "%mul_ln1118_279 = mul i26 %sext_ln1116_76_cast, -571" [firmware/nnet_utils/nnet_mult.h:73->firmware/nnet_utils/nnet_dense_latency.h:42]   --->   Operation 24 'mul' 'mul_ln1118_279' <Predicate = true> <Delay = 5.58> <Core = "Mul">   --->   Core 16 'Mul' <Latency = 0> <II = 1> <Delay = 5.58> <FuncUnit> <Opcode : 'mul'> <InPorts = 2> <OutPorts = 1>
ST_2 : Operation 25 [1/1] (0.00ns)   --->   "%trunc_ln708_148 = call i16 @_ssdm_op_PartSelect.i16.i26.i32.i32(i26 %mul_ln1118_279, i32 10, i32 25)" [firmware/nnet_utils/nnet_dense_latency.h:42]   --->   Operation 25 'partselect' 'trunc_ln708_148' <Predicate = true> <Delay = 0.00>
ST_2 : Operation 26 [1/1] (5.58ns)   --->   "%mul_ln1118_280 = mul i26 %sext_ln1116_76_cast, 710" [firmware/nnet_utils/nnet_mult.h:73->firmware/nnet_utils/nnet_dense_latency.h:42]   --->   Operation 26 'mul' 'mul_ln1118_280' <Predicate = true> <Delay = 5.58> <Core = "Mul">   --->   Core 16 'Mul' <Latency = 0> <II = 1> <Delay = 5.58> <FuncUnit> <Opcode : 'mul'> <InPorts = 2> <OutPorts = 1>
ST_2 : Operation 27 [1/1] (0.00ns)   --->   "%trunc_ln708_149 = call i16 @_ssdm_op_PartSelect.i16.i26.i32.i32(i26 %mul_ln1118_280, i32 10, i32 25)" [firmware/nnet_utils/nnet_dense_latency.h:42]   --->   Operation 27 'partselect' 'trunc_ln708_149' <Predicate = true> <Delay = 0.00>
ST_2 : Operation 28 [1/1] (2.07ns)   --->   "%add_ln703 = add i16 %trunc_ln708_148, %trunc_ln" [firmware/nnet_utils/nnet_dense_latency.h:58]   --->   Operation 28 'add' 'add_ln703' <Predicate = true> <Delay = 2.07> <Core = "AddSub">   --->   Core 14 'AddSub' <Latency = 0> <II = 1> <Delay = 2.07> <FuncUnit> <Opcode : 'add' 'sub'> <InPorts = 2> <OutPorts = 1>
ST_2 : Operation 29 [1/1] (2.07ns)   --->   "%add_ln703_328 = add i16 %trunc_ln708_149, %trunc_ln708_145" [firmware/nnet_utils/nnet_dense_latency.h:58]   --->   Operation 29 'add' 'add_ln703_328' <Predicate = true> <Delay = 2.07> <Core = "AddSub">   --->   Core 14 'AddSub' <Latency = 0> <II = 1> <Delay = 2.07> <FuncUnit> <Opcode : 'add' 'sub'> <InPorts = 2> <OutPorts = 1>

State 3 <SV = 2> <Delay = 7.65>
ST_3 : Operation 30 [1/1] (0.00ns)   --->   "%data_2_V_read_2 = call i16 @_ssdm_op_Read.ap_auto.i16(i16 %data_2_V_read)" [firmware/nnet_utils/nnet_dense_latency.h:13]   --->   Operation 30 'read' 'data_2_V_read_2' <Predicate = true> <Delay = 0.00>
ST_3 : Operation 31 [1/1] (5.58ns)   --->   "%mul_ln1118_281 = mul i26 %sext_ln1116_76_cast, -1012" [firmware/nnet_utils/nnet_mult.h:73->firmware/nnet_utils/nnet_dense_latency.h:42]   --->   Operation 31 'mul' 'mul_ln1118_281' <Predicate = true> <Delay = 5.58> <Core = "Mul">   --->   Core 16 'Mul' <Latency = 0> <II = 1> <Delay = 5.58> <FuncUnit> <Opcode : 'mul'> <InPorts = 2> <OutPorts = 1>
ST_3 : Operation 32 [1/1] (0.00ns)   --->   "%trunc_ln708_150 = call i16 @_ssdm_op_PartSelect.i16.i26.i32.i32(i26 %mul_ln1118_281, i32 10, i32 25)" [firmware/nnet_utils/nnet_dense_latency.h:42]   --->   Operation 32 'partselect' 'trunc_ln708_150' <Predicate = true> <Delay = 0.00>
ST_3 : Operation 33 [1/1] (5.58ns)   --->   "%mul_ln1118_282 = mul i26 %sext_ln1116_76_cast, -554" [firmware/nnet_utils/nnet_mult.h:73->firmware/nnet_utils/nnet_dense_latency.h:42]   --->   Operation 33 'mul' 'mul_ln1118_282' <Predicate = true> <Delay = 5.58> <Core = "Mul">   --->   Core 16 'Mul' <Latency = 0> <II = 1> <Delay = 5.58> <FuncUnit> <Opcode : 'mul'> <InPorts = 2> <OutPorts = 1>
ST_3 : Operation 34 [1/1] (0.00ns)   --->   "%trunc_ln708_s = call i16 @_ssdm_op_PartSelect.i16.i26.i32.i32(i26 %mul_ln1118_282, i32 10, i32 25)" [firmware/nnet_utils/nnet_dense_latency.h:42]   --->   Operation 34 'partselect' 'trunc_ln708_s' <Predicate = true> <Delay = 0.00>
ST_3 : Operation 35 [1/1] (0.00ns)   --->   "%sext_ln1116_77_cast = sext i16 %data_2_V_read_2 to i26" [firmware/nnet_utils/nnet_dense_latency.h:13]   --->   Operation 35 'sext' 'sext_ln1116_77_cast' <Predicate = true> <Delay = 0.00>
ST_3 : Operation 36 [1/1] (5.58ns)   --->   "%mul_ln1118_283 = mul i26 %sext_ln1116_77_cast, 910" [firmware/nnet_utils/nnet_mult.h:73->firmware/nnet_utils/nnet_dense_latency.h:42]   --->   Operation 36 'mul' 'mul_ln1118_283' <Predicate = true> <Delay = 5.58> <Core = "Mul">   --->   Core 16 'Mul' <Latency = 0> <II = 1> <Delay = 5.58> <FuncUnit> <Opcode : 'mul'> <InPorts = 2> <OutPorts = 1>
ST_3 : Operation 37 [1/1] (0.00ns)   --->   "%trunc_ln708_151 = call i16 @_ssdm_op_PartSelect.i16.i26.i32.i32(i26 %mul_ln1118_283, i32 10, i32 25)" [firmware/nnet_utils/nnet_dense_latency.h:42]   --->   Operation 37 'partselect' 'trunc_ln708_151' <Predicate = true> <Delay = 0.00>
ST_3 : Operation 38 [1/1] (2.07ns)   --->   "%add_ln703_337 = add i16 %trunc_ln708_150, %trunc_ln708_146" [firmware/nnet_utils/nnet_dense_latency.h:58]   --->   Operation 38 'add' 'add_ln703_337' <Predicate = true> <Delay = 2.07> <Core = "AddSub">   --->   Core 14 'AddSub' <Latency = 0> <II = 1> <Delay = 2.07> <FuncUnit> <Opcode : 'add' 'sub'> <InPorts = 2> <OutPorts = 1>
ST_3 : Operation 39 [1/1] (2.07ns)   --->   "%add_ln703_346 = add i16 %trunc_ln708_s, %trunc_ln708_147" [firmware/nnet_utils/nnet_dense_latency.h:58]   --->   Operation 39 'add' 'add_ln703_346' <Predicate = true> <Delay = 2.07> <Core = "AddSub">   --->   Core 14 'AddSub' <Latency = 0> <II = 1> <Delay = 2.07> <FuncUnit> <Opcode : 'add' 'sub'> <InPorts = 2> <OutPorts = 1>

State 4 <SV = 3> <Delay = 5.58>
ST_4 : Operation 40 [1/1] (5.58ns)   --->   "%mul_ln1118_284 = mul i26 %sext_ln1116_77_cast, 1036" [firmware/nnet_utils/nnet_mult.h:73->firmware/nnet_utils/nnet_dense_latency.h:42]   --->   Operation 40 'mul' 'mul_ln1118_284' <Predicate = true> <Delay = 5.58> <Core = "Mul">   --->   Core 16 'Mul' <Latency = 0> <II = 1> <Delay = 5.58> <FuncUnit> <Opcode : 'mul'> <InPorts = 2> <OutPorts = 1>
ST_4 : Operation 41 [1/1] (0.00ns)   --->   "%trunc_ln708_152 = call i16 @_ssdm_op_PartSelect.i16.i26.i32.i32(i26 %mul_ln1118_284, i32 10, i32 25)" [firmware/nnet_utils/nnet_dense_latency.h:42]   --->   Operation 41 'partselect' 'trunc_ln708_152' <Predicate = true> <Delay = 0.00>
ST_4 : Operation 42 [1/1] (5.58ns)   --->   "%mul_ln1118_285 = mul i26 %sext_ln1116_77_cast, -628" [firmware/nnet_utils/nnet_mult.h:73->firmware/nnet_utils/nnet_dense_latency.h:42]   --->   Operation 42 'mul' 'mul_ln1118_285' <Predicate = true> <Delay = 5.58> <Core = "Mul">   --->   Core 16 'Mul' <Latency = 0> <II = 1> <Delay = 5.58> <FuncUnit> <Opcode : 'mul'> <InPorts = 2> <OutPorts = 1>
ST_4 : Operation 43 [1/1] (0.00ns)   --->   "%trunc_ln708_153 = call i16 @_ssdm_op_PartSelect.i16.i26.i32.i32(i26 %mul_ln1118_285, i32 10, i32 25)" [firmware/nnet_utils/nnet_dense_latency.h:42]   --->   Operation 43 'partselect' 'trunc_ln708_153' <Predicate = true> <Delay = 0.00>
ST_4 : Operation 44 [1/1] (5.58ns)   --->   "%mul_ln1118_286 = mul i26 %sext_ln1116_77_cast, -518" [firmware/nnet_utils/nnet_mult.h:73->firmware/nnet_utils/nnet_dense_latency.h:42]   --->   Operation 44 'mul' 'mul_ln1118_286' <Predicate = true> <Delay = 5.58> <Core = "Mul">   --->   Core 16 'Mul' <Latency = 0> <II = 1> <Delay = 5.58> <FuncUnit> <Opcode : 'mul'> <InPorts = 2> <OutPorts = 1>
ST_4 : Operation 45 [1/1] (0.00ns)   --->   "%trunc_ln708_154 = call i16 @_ssdm_op_PartSelect.i16.i26.i32.i32(i26 %mul_ln1118_286, i32 10, i32 25)" [firmware/nnet_utils/nnet_dense_latency.h:42]   --->   Operation 45 'partselect' 'trunc_ln708_154' <Predicate = true> <Delay = 0.00>

State 5 <SV = 4> <Delay = 5.58>
ST_5 : Operation 46 [1/1] (0.00ns)   --->   "%data_3_V_read_2 = call i16 @_ssdm_op_Read.ap_auto.i16(i16 %data_3_V_read)" [firmware/nnet_utils/nnet_dense_latency.h:13]   --->   Operation 46 'read' 'data_3_V_read_2' <Predicate = true> <Delay = 0.00>
ST_5 : Operation 47 [1/1] (0.00ns)   --->   "%sext_ln1116_78_cast = sext i16 %data_3_V_read_2 to i26" [firmware/nnet_utils/nnet_dense_latency.h:13]   --->   Operation 47 'sext' 'sext_ln1116_78_cast' <Predicate = true> <Delay = 0.00>
ST_5 : Operation 48 [1/1] (5.58ns)   --->   "%mul_ln1118_287 = mul i26 %sext_ln1116_78_cast, 703" [firmware/nnet_utils/nnet_mult.h:73->firmware/nnet_utils/nnet_dense_latency.h:42]   --->   Operation 48 'mul' 'mul_ln1118_287' <Predicate = true> <Delay = 5.58> <Core = "Mul">   --->   Core 16 'Mul' <Latency = 0> <II = 1> <Delay = 5.58> <FuncUnit> <Opcode : 'mul'> <InPorts = 2> <OutPorts = 1>
ST_5 : Operation 49 [1/1] (0.00ns)   --->   "%trunc_ln708_156 = call i16 @_ssdm_op_PartSelect.i16.i26.i32.i32(i26 %mul_ln1118_287, i32 10, i32 25)" [firmware/nnet_utils/nnet_dense_latency.h:42]   --->   Operation 49 'partselect' 'trunc_ln708_156' <Predicate = true> <Delay = 0.00>
ST_5 : Operation 50 [1/1] (5.58ns)   --->   "%mul_ln1118_288 = mul i26 %sext_ln1116_78_cast, 271" [firmware/nnet_utils/nnet_mult.h:73->firmware/nnet_utils/nnet_dense_latency.h:42]   --->   Operation 50 'mul' 'mul_ln1118_288' <Predicate = true> <Delay = 5.58> <Core = "Mul">   --->   Core 16 'Mul' <Latency = 0> <II = 1> <Delay = 5.58> <FuncUnit> <Opcode : 'mul'> <InPorts = 2> <OutPorts = 1>
ST_5 : Operation 51 [1/1] (0.00ns)   --->   "%trunc_ln708_157 = call i16 @_ssdm_op_PartSelect.i16.i26.i32.i32(i26 %mul_ln1118_288, i32 10, i32 25)" [firmware/nnet_utils/nnet_dense_latency.h:42]   --->   Operation 51 'partselect' 'trunc_ln708_157' <Predicate = true> <Delay = 0.00>
ST_5 : Operation 52 [1/1] (5.58ns)   --->   "%mul_ln1118_289 = mul i26 %sext_ln1116_78_cast, 802" [firmware/nnet_utils/nnet_mult.h:73->firmware/nnet_utils/nnet_dense_latency.h:42]   --->   Operation 52 'mul' 'mul_ln1118_289' <Predicate = true> <Delay = 5.58> <Core = "Mul">   --->   Core 16 'Mul' <Latency = 0> <II = 1> <Delay = 5.58> <FuncUnit> <Opcode : 'mul'> <InPorts = 2> <OutPorts = 1>
ST_5 : Operation 53 [1/1] (0.00ns)   --->   "%trunc_ln708_158 = call i16 @_ssdm_op_PartSelect.i16.i26.i32.i32(i26 %mul_ln1118_289, i32 10, i32 25)" [firmware/nnet_utils/nnet_dense_latency.h:42]   --->   Operation 53 'partselect' 'trunc_ln708_158' <Predicate = true> <Delay = 0.00>

State 6 <SV = 5> <Delay = 11.5>
ST_6 : Operation 54 [1/1] (0.00ns)   --->   "%data_4_V_read_2 = call i16 @_ssdm_op_Read.ap_auto.i16(i16 %data_4_V_read)" [firmware/nnet_utils/nnet_dense_latency.h:13]   --->   Operation 54 'read' 'data_4_V_read_2' <Predicate = true> <Delay = 0.00>
ST_6 : Operation 55 [1/1] (0.00ns)   --->   "%shl_ln = call i25 @_ssdm_op_BitConcatenate.i25.i16.i9(i16 %data_3_V_read_2, i9 0)" [firmware/nnet_utils/nnet_mult.h:73->firmware/nnet_utils/nnet_dense_latency.h:42]   --->   Operation 55 'bitconcatenate' 'shl_ln' <Predicate = true> <Delay = 0.00>
ST_6 : Operation 56 [1/1] (0.00ns)   --->   "%sext_ln1118 = sext i25 %shl_ln to i26" [firmware/nnet_utils/nnet_mult.h:73->firmware/nnet_utils/nnet_dense_latency.h:42]   --->   Operation 56 'sext' 'sext_ln1118' <Predicate = true> <Delay = 0.00>
ST_6 : Operation 57 [1/1] (0.00ns)   --->   "%shl_ln1118_s = call i22 @_ssdm_op_BitConcatenate.i22.i16.i6(i16 %data_3_V_read_2, i6 0)" [firmware/nnet_utils/nnet_mult.h:73->firmware/nnet_utils/nnet_dense_latency.h:42]   --->   Operation 57 'bitconcatenate' 'shl_ln1118_s' <Predicate = true> <Delay = 0.00>
ST_6 : Operation 58 [1/1] (0.00ns)   --->   "%sext_ln1118_186 = sext i22 %shl_ln1118_s to i26" [firmware/nnet_utils/nnet_mult.h:73->firmware/nnet_utils/nnet_dense_latency.h:42]   --->   Operation 58 'sext' 'sext_ln1118_186' <Predicate = true> <Delay = 0.00>
ST_6 : Operation 59 [1/1] (2.34ns)   --->   "%sub_ln1118 = sub i26 %sext_ln1118_186, %sext_ln1118" [firmware/nnet_utils/nnet_mult.h:73->firmware/nnet_utils/nnet_dense_latency.h:42]   --->   Operation 59 'sub' 'sub_ln1118' <Predicate = true> <Delay = 2.34> <Core = "AddSub">   --->   Core 14 'AddSub' <Latency = 0> <II = 1> <Delay = 2.07> <FuncUnit> <Opcode : 'add' 'sub'> <InPorts = 2> <OutPorts = 1>
ST_6 : Operation 60 [1/1] (0.00ns)   --->   "%trunc_ln708_155 = call i16 @_ssdm_op_PartSelect.i16.i26.i32.i32(i26 %sub_ln1118, i32 10, i32 25)" [firmware/nnet_utils/nnet_dense_latency.h:42]   --->   Operation 60 'partselect' 'trunc_ln708_155' <Predicate = true> <Delay = 0.00>
ST_6 : Operation 61 [1/1] (0.00ns)   --->   "%sext_ln1116_79_cast5 = sext i16 %data_4_V_read_2 to i22" [firmware/nnet_utils/nnet_dense_latency.h:13]   --->   Operation 61 'sext' 'sext_ln1116_79_cast5' <Predicate = true> <Delay = 0.00>
ST_6 : Operation 62 [1/1] (0.00ns)   --->   "%sext_ln1116_79_cast4 = sext i16 %data_4_V_read_2 to i25" [firmware/nnet_utils/nnet_dense_latency.h:13]   --->   Operation 62 'sext' 'sext_ln1116_79_cast4' <Predicate = true> <Delay = 0.00>
ST_6 : Operation 63 [1/1] (0.00ns)   --->   "%sext_ln1116_79_cast = sext i16 %data_4_V_read_2 to i26" [firmware/nnet_utils/nnet_dense_latency.h:13]   --->   Operation 63 'sext' 'sext_ln1116_79_cast' <Predicate = true> <Delay = 0.00>
ST_6 : Operation 64 [1/1] (5.58ns)   --->   "%mul_ln1118_290 = mul i26 %sext_ln1116_79_cast, -536" [firmware/nnet_utils/nnet_mult.h:73->firmware/nnet_utils/nnet_dense_latency.h:42]   --->   Operation 64 'mul' 'mul_ln1118_290' <Predicate = true> <Delay = 5.58> <Core = "Mul">   --->   Core 16 'Mul' <Latency = 0> <II = 1> <Delay = 5.58> <FuncUnit> <Opcode : 'mul'> <InPorts = 2> <OutPorts = 1>
ST_6 : Operation 65 [1/1] (0.00ns)   --->   "%trunc_ln708_159 = call i16 @_ssdm_op_PartSelect.i16.i26.i32.i32(i26 %mul_ln1118_290, i32 10, i32 25)" [firmware/nnet_utils/nnet_dense_latency.h:42]   --->   Operation 65 'partselect' 'trunc_ln708_159' <Predicate = true> <Delay = 0.00>
ST_6 : Operation 66 [1/1] (5.58ns)   --->   "%mul_ln1118_291 = mul i25 %sext_ln1116_79_cast4, 194" [firmware/nnet_utils/nnet_mult.h:73->firmware/nnet_utils/nnet_dense_latency.h:42]   --->   Operation 66 'mul' 'mul_ln1118_291' <Predicate = true> <Delay = 5.58> <Core = "Mul">   --->   Core 16 'Mul' <Latency = 0> <II = 1> <Delay = 5.58> <FuncUnit> <Opcode : 'mul'> <InPorts = 2> <OutPorts = 1>
ST_6 : Operation 67 [1/1] (0.00ns)   --->   "%trunc_ln708_160 = call i15 @_ssdm_op_PartSelect.i15.i25.i32.i32(i25 %mul_ln1118_291, i32 10, i32 24)" [firmware/nnet_utils/nnet_dense_latency.h:42]   --->   Operation 67 'partselect' 'trunc_ln708_160' <Predicate = true> <Delay = 0.00>
ST_6 : Operation 68 [1/1] (5.58ns)   --->   "%mul_ln1118_292 = mul i26 %sext_ln1116_79_cast, -441" [firmware/nnet_utils/nnet_mult.h:73->firmware/nnet_utils/nnet_dense_latency.h:42]   --->   Operation 68 'mul' 'mul_ln1118_292' <Predicate = true> <Delay = 5.58> <Core = "Mul">   --->   Core 16 'Mul' <Latency = 0> <II = 1> <Delay = 5.58> <FuncUnit> <Opcode : 'mul'> <InPorts = 2> <OutPorts = 1>
ST_6 : Operation 69 [1/1] (0.00ns)   --->   "%trunc_ln708_161 = call i16 @_ssdm_op_PartSelect.i16.i26.i32.i32(i26 %mul_ln1118_292, i32 10, i32 25)" [firmware/nnet_utils/nnet_dense_latency.h:42]   --->   Operation 69 'partselect' 'trunc_ln708_161' <Predicate = true> <Delay = 0.00>
ST_6 : Operation 70 [1/1] (0.00ns)   --->   "%tmp = call i21 @_ssdm_op_BitConcatenate.i21.i16.i5(i16 %data_4_V_read_2, i5 0)" [firmware/nnet_utils/nnet_mult.h:73->firmware/nnet_utils/nnet_dense_latency.h:42]   --->   Operation 70 'bitconcatenate' 'tmp' <Predicate = true> <Delay = 0.00>
ST_6 : Operation 71 [1/1] (0.00ns)   --->   "%sext_ln1118_187 = sext i21 %tmp to i22" [firmware/nnet_utils/nnet_mult.h:73->firmware/nnet_utils/nnet_dense_latency.h:42]   --->   Operation 71 'sext' 'sext_ln1118_187' <Predicate = true> <Delay = 0.00>
ST_6 : Operation 72 [1/1] (2.22ns)   --->   "%sub_ln1118_52 = sub i22 %sext_ln1116_79_cast5, %sext_ln1118_187" [firmware/nnet_utils/nnet_mult.h:73->firmware/nnet_utils/nnet_dense_latency.h:42]   --->   Operation 72 'sub' 'sub_ln1118_52' <Predicate = true> <Delay = 2.22> <Core = "AddSub">   --->   Core 14 'AddSub' <Latency = 0> <II = 1> <Delay = 2.07> <FuncUnit> <Opcode : 'add' 'sub'> <InPorts = 2> <OutPorts = 1>
ST_6 : Operation 73 [1/1] (0.00ns)   --->   "%trunc_ln708_162 = call i12 @_ssdm_op_PartSelect.i12.i22.i32.i32(i22 %sub_ln1118_52, i32 10, i32 21)" [firmware/nnet_utils/nnet_dense_latency.h:42]   --->   Operation 73 'partselect' 'trunc_ln708_162' <Predicate = true> <Delay = 0.00>
ST_6 : Operation 74 [1/1] (2.07ns)   --->   "%add_ln703_320 = add i16 %trunc_ln708_159, %trunc_ln708_155" [firmware/nnet_utils/nnet_dense_latency.h:58]   --->   Operation 74 'add' 'add_ln703_320' <Predicate = true> <Delay = 2.07> <Core = "AddSub">   --->   Core 14 'AddSub' <Latency = 0> <II = 1> <Delay = 2.07> <FuncUnit> <Opcode : 'add' 'sub'> <InPorts = 2> <OutPorts = 1>
ST_6 : Operation 75 [1/1] (0.00ns) (grouped into TernaryAdder)   --->   "%add_ln703_321 = add i16 %trunc_ln708_151, %add_ln703_320" [firmware/nnet_utils/nnet_dense_latency.h:58]   --->   Operation 75 'add' 'add_ln703_321' <Predicate = true> <Delay = 0.00> <Core = "TAddSub">   --->   Core 83 'TAddSub' <Latency = 0> <II = 1> <Delay = 1.95> <IPBlock> <Opcode : 'add' 'sub'> <InPorts = 3> <OutPorts = 1> <Sync> <CReg>
ST_6 : Operation 76 [1/1] (3.90ns) (root node of TernaryAdder)   --->   "%add_ln703_322 = add i16 %add_ln703, %add_ln703_321" [firmware/nnet_utils/nnet_dense_latency.h:58]   --->   Operation 76 'add' 'add_ln703_322' <Predicate = true> <Delay = 3.90> <Core = "TAddSub">   --->   Core 83 'TAddSub' <Latency = 0> <II = 1> <Delay = 1.95> <IPBlock> <Opcode : 'add' 'sub'> <InPorts = 3> <OutPorts = 1> <Sync> <CReg>
ST_6 : Operation 77 [1/1] (2.07ns)   --->   "%add_ln703_338 = add i16 %trunc_ln708_161, %trunc_ln708_157" [firmware/nnet_utils/nnet_dense_latency.h:58]   --->   Operation 77 'add' 'add_ln703_338' <Predicate = true> <Delay = 2.07> <Core = "AddSub">   --->   Core 14 'AddSub' <Latency = 0> <II = 1> <Delay = 2.07> <FuncUnit> <Opcode : 'add' 'sub'> <InPorts = 2> <OutPorts = 1>
ST_6 : Operation 78 [1/1] (0.00ns) (grouped into TernaryAdder)   --->   "%add_ln703_339 = add i16 %trunc_ln708_153, %add_ln703_338" [firmware/nnet_utils/nnet_dense_latency.h:58]   --->   Operation 78 'add' 'add_ln703_339' <Predicate = true> <Delay = 0.00> <Core = "TAddSub">   --->   Core 83 'TAddSub' <Latency = 0> <II = 1> <Delay = 1.95> <IPBlock> <Opcode : 'add' 'sub'> <InPorts = 3> <OutPorts = 1> <Sync> <CReg>
ST_6 : Operation 79 [1/1] (3.90ns) (root node of TernaryAdder)   --->   "%add_ln703_340 = add i16 %add_ln703_337, %add_ln703_339" [firmware/nnet_utils/nnet_dense_latency.h:58]   --->   Operation 79 'add' 'add_ln703_340' <Predicate = true> <Delay = 3.90> <Core = "TAddSub">   --->   Core 83 'TAddSub' <Latency = 0> <II = 1> <Delay = 1.95> <IPBlock> <Opcode : 'add' 'sub'> <InPorts = 3> <OutPorts = 1> <Sync> <CReg>

State 7 <SV = 6> <Delay = 11.5>
ST_7 : Operation 80 [1/1] (0.00ns)   --->   "%data_5_V_read_2 = call i16 @_ssdm_op_Read.ap_auto.i16(i16 %data_5_V_read)" [firmware/nnet_utils/nnet_dense_latency.h:13]   --->   Operation 80 'read' 'data_5_V_read_2' <Predicate = true> <Delay = 0.00>
ST_7 : Operation 81 [1/1] (0.00ns)   --->   "%sext_ln1116_80_cast = sext i16 %data_5_V_read_2 to i26" [firmware/nnet_utils/nnet_dense_latency.h:13]   --->   Operation 81 'sext' 'sext_ln1116_80_cast' <Predicate = true> <Delay = 0.00>
ST_7 : Operation 82 [1/1] (5.58ns)   --->   "%mul_ln1118_293 = mul i26 %sext_ln1116_80_cast, 820" [firmware/nnet_utils/nnet_mult.h:73->firmware/nnet_utils/nnet_dense_latency.h:42]   --->   Operation 82 'mul' 'mul_ln1118_293' <Predicate = true> <Delay = 5.58> <Core = "Mul">   --->   Core 16 'Mul' <Latency = 0> <II = 1> <Delay = 5.58> <FuncUnit> <Opcode : 'mul'> <InPorts = 2> <OutPorts = 1>
ST_7 : Operation 83 [1/1] (0.00ns)   --->   "%trunc_ln708_163 = call i16 @_ssdm_op_PartSelect.i16.i26.i32.i32(i26 %mul_ln1118_293, i32 10, i32 25)" [firmware/nnet_utils/nnet_dense_latency.h:42]   --->   Operation 83 'partselect' 'trunc_ln708_163' <Predicate = true> <Delay = 0.00>
ST_7 : Operation 84 [1/1] (5.58ns)   --->   "%mul_ln1118_294 = mul i26 %sext_ln1116_80_cast, -551" [firmware/nnet_utils/nnet_mult.h:73->firmware/nnet_utils/nnet_dense_latency.h:42]   --->   Operation 84 'mul' 'mul_ln1118_294' <Predicate = true> <Delay = 5.58> <Core = "Mul">   --->   Core 16 'Mul' <Latency = 0> <II = 1> <Delay = 5.58> <FuncUnit> <Opcode : 'mul'> <InPorts = 2> <OutPorts = 1>
ST_7 : Operation 85 [1/1] (0.00ns)   --->   "%trunc_ln708_164 = call i16 @_ssdm_op_PartSelect.i16.i26.i32.i32(i26 %mul_ln1118_294, i32 10, i32 25)" [firmware/nnet_utils/nnet_dense_latency.h:42]   --->   Operation 85 'partselect' 'trunc_ln708_164' <Predicate = true> <Delay = 0.00>
ST_7 : Operation 86 [1/1] (5.58ns)   --->   "%mul_ln1118_295 = mul i26 %sext_ln1116_80_cast, -471" [firmware/nnet_utils/nnet_mult.h:73->firmware/nnet_utils/nnet_dense_latency.h:42]   --->   Operation 86 'mul' 'mul_ln1118_295' <Predicate = true> <Delay = 5.58> <Core = "Mul">   --->   Core 16 'Mul' <Latency = 0> <II = 1> <Delay = 5.58> <FuncUnit> <Opcode : 'mul'> <InPorts = 2> <OutPorts = 1>
ST_7 : Operation 87 [1/1] (0.00ns)   --->   "%trunc_ln708_165 = call i16 @_ssdm_op_PartSelect.i16.i26.i32.i32(i26 %mul_ln1118_295, i32 10, i32 25)" [firmware/nnet_utils/nnet_dense_latency.h:42]   --->   Operation 87 'partselect' 'trunc_ln708_165' <Predicate = true> <Delay = 0.00>
ST_7 : Operation 88 [1/1] (2.07ns)   --->   "%add_ln703_329 = add i16 %trunc_ln708_164, %trunc_ln708_156" [firmware/nnet_utils/nnet_dense_latency.h:58]   --->   Operation 88 'add' 'add_ln703_329' <Predicate = true> <Delay = 2.07> <Core = "AddSub">   --->   Core 14 'AddSub' <Latency = 0> <II = 1> <Delay = 2.07> <FuncUnit> <Opcode : 'add' 'sub'> <InPorts = 2> <OutPorts = 1>
ST_7 : Operation 89 [1/1] (0.00ns) (grouped into TernaryAdder)   --->   "%add_ln703_330 = add i16 %trunc_ln708_152, %add_ln703_329" [firmware/nnet_utils/nnet_dense_latency.h:58]   --->   Operation 89 'add' 'add_ln703_330' <Predicate = true> <Delay = 0.00> <Core = "TAddSub">   --->   Core 83 'TAddSub' <Latency = 0> <II = 1> <Delay = 1.95> <IPBlock> <Opcode : 'add' 'sub'> <InPorts = 3> <OutPorts = 1> <Sync> <CReg>
ST_7 : Operation 90 [1/1] (3.90ns) (root node of TernaryAdder)   --->   "%add_ln703_331 = add i16 %add_ln703_328, %add_ln703_330" [firmware/nnet_utils/nnet_dense_latency.h:58]   --->   Operation 90 'add' 'add_ln703_331' <Predicate = true> <Delay = 3.90> <Core = "TAddSub">   --->   Core 83 'TAddSub' <Latency = 0> <II = 1> <Delay = 1.95> <IPBlock> <Opcode : 'add' 'sub'> <InPorts = 3> <OutPorts = 1> <Sync> <CReg>

State 8 <SV = 7> <Delay = 11.5>
ST_8 : Operation 91 [1/1] (0.00ns)   --->   "%data_6_V_read_2 = call i16 @_ssdm_op_Read.ap_auto.i16(i16 %data_6_V_read)" [firmware/nnet_utils/nnet_dense_latency.h:13]   --->   Operation 91 'read' 'data_6_V_read_2' <Predicate = true> <Delay = 0.00>
ST_8 : Operation 92 [1/1] (0.00ns)   --->   "%sext_ln708 = sext i15 %trunc_ln708_160 to i16" [firmware/nnet_utils/nnet_dense_latency.h:42]   --->   Operation 92 'sext' 'sext_ln708' <Predicate = true> <Delay = 0.00>
ST_8 : Operation 93 [1/1] (5.58ns)   --->   "%mul_ln1118_296 = mul i26 %sext_ln1116_80_cast, 319" [firmware/nnet_utils/nnet_mult.h:73->firmware/nnet_utils/nnet_dense_latency.h:42]   --->   Operation 93 'mul' 'mul_ln1118_296' <Predicate = true> <Delay = 5.58> <Core = "Mul">   --->   Core 16 'Mul' <Latency = 0> <II = 1> <Delay = 5.58> <FuncUnit> <Opcode : 'mul'> <InPorts = 2> <OutPorts = 1>
ST_8 : Operation 94 [1/1] (0.00ns)   --->   "%trunc_ln708_166 = call i16 @_ssdm_op_PartSelect.i16.i26.i32.i32(i26 %mul_ln1118_296, i32 10, i32 25)" [firmware/nnet_utils/nnet_dense_latency.h:42]   --->   Operation 94 'partselect' 'trunc_ln708_166' <Predicate = true> <Delay = 0.00>
ST_8 : Operation 95 [1/1] (0.00ns)   --->   "%sext_ln1116_81_cast3 = sext i16 %data_6_V_read_2 to i26" [firmware/nnet_utils/nnet_dense_latency.h:13]   --->   Operation 95 'sext' 'sext_ln1116_81_cast3' <Predicate = true> <Delay = 0.00>
ST_8 : Operation 96 [1/1] (0.00ns)   --->   "%sext_ln1116_81_cast = sext i16 %data_6_V_read_2 to i25" [firmware/nnet_utils/nnet_dense_latency.h:13]   --->   Operation 96 'sext' 'sext_ln1116_81_cast' <Predicate = true> <Delay = 0.00>
ST_8 : Operation 97 [1/1] (5.58ns)   --->   "%mul_ln1118_297 = mul i25 %sext_ln1116_81_cast, -246" [firmware/nnet_utils/nnet_mult.h:73->firmware/nnet_utils/nnet_dense_latency.h:42]   --->   Operation 97 'mul' 'mul_ln1118_297' <Predicate = true> <Delay = 5.58> <Core = "Mul">   --->   Core 16 'Mul' <Latency = 0> <II = 1> <Delay = 5.58> <FuncUnit> <Opcode : 'mul'> <InPorts = 2> <OutPorts = 1>
ST_8 : Operation 98 [1/1] (0.00ns)   --->   "%trunc_ln708_167 = call i15 @_ssdm_op_PartSelect.i15.i25.i32.i32(i25 %mul_ln1118_297, i32 10, i32 24)" [firmware/nnet_utils/nnet_dense_latency.h:42]   --->   Operation 98 'partselect' 'trunc_ln708_167' <Predicate = true> <Delay = 0.00>
ST_8 : Operation 99 [1/1] (5.58ns)   --->   "%mul_ln1118_298 = mul i26 %sext_ln1116_81_cast3, 870" [firmware/nnet_utils/nnet_mult.h:73->firmware/nnet_utils/nnet_dense_latency.h:42]   --->   Operation 99 'mul' 'mul_ln1118_298' <Predicate = true> <Delay = 5.58> <Core = "Mul">   --->   Core 16 'Mul' <Latency = 0> <II = 1> <Delay = 5.58> <FuncUnit> <Opcode : 'mul'> <InPorts = 2> <OutPorts = 1>
ST_8 : Operation 100 [1/1] (0.00ns)   --->   "%trunc_ln708_168 = call i16 @_ssdm_op_PartSelect.i16.i26.i32.i32(i26 %mul_ln1118_298, i32 10, i32 25)" [firmware/nnet_utils/nnet_dense_latency.h:42]   --->   Operation 100 'partselect' 'trunc_ln708_168' <Predicate = true> <Delay = 0.00>
ST_8 : Operation 101 [1/1] (2.07ns)   --->   "%add_ln703_332 = add i16 %sext_ln708, %trunc_ln708_168" [firmware/nnet_utils/nnet_dense_latency.h:58]   --->   Operation 101 'add' 'add_ln703_332' <Predicate = true> <Delay = 2.07> <Core = "AddSub">   --->   Core 14 'AddSub' <Latency = 0> <II = 1> <Delay = 2.07> <FuncUnit> <Opcode : 'add' 'sub'> <InPorts = 2> <OutPorts = 1>
ST_8 : Operation 102 [1/1] (2.07ns)   --->   "%add_ln703_347 = add i16 %trunc_ln708_166, %trunc_ln708_158" [firmware/nnet_utils/nnet_dense_latency.h:58]   --->   Operation 102 'add' 'add_ln703_347' <Predicate = true> <Delay = 2.07> <Core = "AddSub">   --->   Core 14 'AddSub' <Latency = 0> <II = 1> <Delay = 2.07> <FuncUnit> <Opcode : 'add' 'sub'> <InPorts = 2> <OutPorts = 1>
ST_8 : Operation 103 [1/1] (0.00ns) (grouped into TernaryAdder)   --->   "%add_ln703_348 = add i16 %trunc_ln708_154, %add_ln703_347" [firmware/nnet_utils/nnet_dense_latency.h:58]   --->   Operation 103 'add' 'add_ln703_348' <Predicate = true> <Delay = 0.00> <Core = "TAddSub">   --->   Core 83 'TAddSub' <Latency = 0> <II = 1> <Delay = 1.95> <IPBlock> <Opcode : 'add' 'sub'> <InPorts = 3> <OutPorts = 1> <Sync> <CReg>
ST_8 : Operation 104 [1/1] (3.90ns) (root node of TernaryAdder)   --->   "%add_ln703_349 = add i16 %add_ln703_346, %add_ln703_348" [firmware/nnet_utils/nnet_dense_latency.h:58]   --->   Operation 104 'add' 'add_ln703_349' <Predicate = true> <Delay = 3.90> <Core = "TAddSub">   --->   Core 83 'TAddSub' <Latency = 0> <II = 1> <Delay = 1.95> <IPBlock> <Opcode : 'add' 'sub'> <InPorts = 3> <OutPorts = 1> <Sync> <CReg>

State 9 <SV = 8> <Delay = 7.65>
ST_9 : Operation 105 [1/1] (0.00ns)   --->   "%data_7_V_read_2 = call i16 @_ssdm_op_Read.ap_auto.i16(i16 %data_7_V_read)" [firmware/nnet_utils/nnet_dense_latency.h:13]   --->   Operation 105 'read' 'data_7_V_read_2' <Predicate = true> <Delay = 0.00>
ST_9 : Operation 106 [1/1] (5.58ns)   --->   "%mul_ln1118_299 = mul i26 %sext_ln1116_81_cast3, 753" [firmware/nnet_utils/nnet_mult.h:73->firmware/nnet_utils/nnet_dense_latency.h:42]   --->   Operation 106 'mul' 'mul_ln1118_299' <Predicate = true> <Delay = 5.58> <Core = "Mul">   --->   Core 16 'Mul' <Latency = 0> <II = 1> <Delay = 5.58> <FuncUnit> <Opcode : 'mul'> <InPorts = 2> <OutPorts = 1>
ST_9 : Operation 107 [1/1] (0.00ns)   --->   "%trunc_ln708_169 = call i16 @_ssdm_op_PartSelect.i16.i26.i32.i32(i26 %mul_ln1118_299, i32 10, i32 25)" [firmware/nnet_utils/nnet_dense_latency.h:42]   --->   Operation 107 'partselect' 'trunc_ln708_169' <Predicate = true> <Delay = 0.00>
ST_9 : Operation 108 [1/1] (5.58ns)   --->   "%mul_ln1118_300 = mul i26 %sext_ln1116_81_cast3, 530" [firmware/nnet_utils/nnet_mult.h:73->firmware/nnet_utils/nnet_dense_latency.h:42]   --->   Operation 108 'mul' 'mul_ln1118_300' <Predicate = true> <Delay = 5.58> <Core = "Mul">   --->   Core 16 'Mul' <Latency = 0> <II = 1> <Delay = 5.58> <FuncUnit> <Opcode : 'mul'> <InPorts = 2> <OutPorts = 1>
ST_9 : Operation 109 [1/1] (0.00ns)   --->   "%trunc_ln708_170 = call i16 @_ssdm_op_PartSelect.i16.i26.i32.i32(i26 %mul_ln1118_300, i32 10, i32 25)" [firmware/nnet_utils/nnet_dense_latency.h:42]   --->   Operation 109 'partselect' 'trunc_ln708_170' <Predicate = true> <Delay = 0.00>
ST_9 : Operation 110 [1/1] (0.00ns)   --->   "%sext_ln1116_82_cast = sext i16 %data_7_V_read_2 to i26" [firmware/nnet_utils/nnet_dense_latency.h:13]   --->   Operation 110 'sext' 'sext_ln1116_82_cast' <Predicate = true> <Delay = 0.00>
ST_9 : Operation 111 [1/1] (5.58ns)   --->   "%mul_ln1118_301 = mul i26 %sext_ln1116_82_cast, 327" [firmware/nnet_utils/nnet_mult.h:73->firmware/nnet_utils/nnet_dense_latency.h:42]   --->   Operation 111 'mul' 'mul_ln1118_301' <Predicate = true> <Delay = 5.58> <Core = "Mul">   --->   Core 16 'Mul' <Latency = 0> <II = 1> <Delay = 5.58> <FuncUnit> <Opcode : 'mul'> <InPorts = 2> <OutPorts = 1>
ST_9 : Operation 112 [1/1] (0.00ns)   --->   "%trunc_ln708_171 = call i16 @_ssdm_op_PartSelect.i16.i26.i32.i32(i26 %mul_ln1118_301, i32 10, i32 25)" [firmware/nnet_utils/nnet_dense_latency.h:42]   --->   Operation 112 'partselect' 'trunc_ln708_171' <Predicate = true> <Delay = 0.00>
ST_9 : Operation 113 [1/1] (2.07ns)   --->   "%add_ln703_323 = add i16 %trunc_ln708_171, %trunc_ln708_163" [firmware/nnet_utils/nnet_dense_latency.h:58]   --->   Operation 113 'add' 'add_ln703_323' <Predicate = true> <Delay = 2.07> <Core = "AddSub">   --->   Core 14 'AddSub' <Latency = 0> <II = 1> <Delay = 2.07> <FuncUnit> <Opcode : 'add' 'sub'> <InPorts = 2> <OutPorts = 1>
ST_9 : Operation 114 [1/1] (2.07ns)   --->   "%add_ln703_341 = add i16 %trunc_ln708_169, %trunc_ln708_165" [firmware/nnet_utils/nnet_dense_latency.h:58]   --->   Operation 114 'add' 'add_ln703_341' <Predicate = true> <Delay = 2.07> <Core = "AddSub">   --->   Core 14 'AddSub' <Latency = 0> <II = 1> <Delay = 2.07> <FuncUnit> <Opcode : 'add' 'sub'> <InPorts = 2> <OutPorts = 1>

State 10 <SV = 9> <Delay = 13.3>
ST_10 : Operation 115 [1/1] (0.00ns)   --->   "%data_8_V_read_2 = call i16 @_ssdm_op_Read.ap_auto.i16(i16 %data_8_V_read)" [firmware/nnet_utils/nnet_dense_latency.h:13]   --->   Operation 115 'read' 'data_8_V_read_2' <Predicate = true> <Delay = 0.00>
ST_10 : Operation 116 [1/1] (0.00ns)   --->   "%sext_ln708_8 = sext i15 %trunc_ln708_167 to i16" [firmware/nnet_utils/nnet_dense_latency.h:42]   --->   Operation 116 'sext' 'sext_ln708_8' <Predicate = true> <Delay = 0.00>
ST_10 : Operation 117 [1/1] (0.00ns)   --->   "%sext_ln1116_82_cast2 = sext i16 %data_7_V_read_2 to i24" [firmware/nnet_utils/nnet_dense_latency.h:13]   --->   Operation 117 'sext' 'sext_ln1116_82_cast2' <Predicate = true> <Delay = 0.00>
ST_10 : Operation 118 [1/1] (5.58ns)   --->   "%mul_ln1118_302 = mul i24 %sext_ln1116_82_cast2, -79" [firmware/nnet_utils/nnet_mult.h:73->firmware/nnet_utils/nnet_dense_latency.h:42]   --->   Operation 118 'mul' 'mul_ln1118_302' <Predicate = true> <Delay = 5.58> <Core = "Mul">   --->   Core 16 'Mul' <Latency = 0> <II = 1> <Delay = 5.58> <FuncUnit> <Opcode : 'mul'> <InPorts = 2> <OutPorts = 1>
ST_10 : Operation 119 [1/1] (0.00ns)   --->   "%trunc_ln708_172 = call i14 @_ssdm_op_PartSelect.i14.i24.i32.i32(i24 %mul_ln1118_302, i32 10, i32 23)" [firmware/nnet_utils/nnet_dense_latency.h:42]   --->   Operation 119 'partselect' 'trunc_ln708_172' <Predicate = true> <Delay = 0.00>
ST_10 : Operation 120 [1/1] (5.58ns)   --->   "%mul_ln1118_303 = mul i26 %sext_ln1116_82_cast, 1068" [firmware/nnet_utils/nnet_mult.h:73->firmware/nnet_utils/nnet_dense_latency.h:42]   --->   Operation 120 'mul' 'mul_ln1118_303' <Predicate = true> <Delay = 5.58> <Core = "Mul">   --->   Core 16 'Mul' <Latency = 0> <II = 1> <Delay = 5.58> <FuncUnit> <Opcode : 'mul'> <InPorts = 2> <OutPorts = 1>
ST_10 : Operation 121 [1/1] (0.00ns)   --->   "%trunc_ln708_173 = call i16 @_ssdm_op_PartSelect.i16.i26.i32.i32(i26 %mul_ln1118_303, i32 10, i32 25)" [firmware/nnet_utils/nnet_dense_latency.h:42]   --->   Operation 121 'partselect' 'trunc_ln708_173' <Predicate = true> <Delay = 0.00>
ST_10 : Operation 122 [1/1] (0.00ns)   --->   "%shl_ln1118_74 = call i25 @_ssdm_op_BitConcatenate.i25.i16.i9(i16 %data_7_V_read_2, i9 0)" [firmware/nnet_utils/nnet_mult.h:73->firmware/nnet_utils/nnet_dense_latency.h:42]   --->   Operation 122 'bitconcatenate' 'shl_ln1118_74' <Predicate = true> <Delay = 0.00>
ST_10 : Operation 123 [1/1] (0.00ns)   --->   "%sext_ln1118_189 = sext i25 %shl_ln1118_74 to i26" [firmware/nnet_utils/nnet_mult.h:73->firmware/nnet_utils/nnet_dense_latency.h:42]   --->   Operation 123 'sext' 'sext_ln1118_189' <Predicate = true> <Delay = 0.00>
ST_10 : Operation 124 [1/1] (0.00ns)   --->   "%shl_ln1118_75 = call i23 @_ssdm_op_BitConcatenate.i23.i16.i7(i16 %data_7_V_read_2, i7 0)" [firmware/nnet_utils/nnet_mult.h:73->firmware/nnet_utils/nnet_dense_latency.h:42]   --->   Operation 124 'bitconcatenate' 'shl_ln1118_75' <Predicate = true> <Delay = 0.00>
ST_10 : Operation 125 [1/1] (0.00ns)   --->   "%sext_ln1118_190 = sext i23 %shl_ln1118_75 to i26" [firmware/nnet_utils/nnet_mult.h:73->firmware/nnet_utils/nnet_dense_latency.h:42]   --->   Operation 125 'sext' 'sext_ln1118_190' <Predicate = true> <Delay = 0.00>
ST_10 : Operation 126 [1/1] (2.34ns)   --->   "%sub_ln1118_53 = sub i26 %sext_ln1118_189, %sext_ln1118_190" [firmware/nnet_utils/nnet_mult.h:73->firmware/nnet_utils/nnet_dense_latency.h:42]   --->   Operation 126 'sub' 'sub_ln1118_53' <Predicate = true> <Delay = 2.34> <Core = "AddSub">   --->   Core 14 'AddSub' <Latency = 0> <II = 1> <Delay = 2.07> <FuncUnit> <Opcode : 'add' 'sub'> <InPorts = 2> <OutPorts = 1>
ST_10 : Operation 127 [1/1] (0.00ns)   --->   "%trunc_ln708_174 = call i16 @_ssdm_op_PartSelect.i16.i26.i32.i32(i26 %sub_ln1118_53, i32 10, i32 25)" [firmware/nnet_utils/nnet_dense_latency.h:42]   --->   Operation 127 'partselect' 'trunc_ln708_174' <Predicate = true> <Delay = 0.00>
ST_10 : Operation 128 [1/1] (0.00ns)   --->   "%sext_ln1116_83_cast = sext i16 %data_8_V_read_2 to i26" [firmware/nnet_utils/nnet_dense_latency.h:13]   --->   Operation 128 'sext' 'sext_ln1116_83_cast' <Predicate = true> <Delay = 0.00>
ST_10 : Operation 129 [1/1] (5.58ns)   --->   "%mul_ln1118_304 = mul i26 %sext_ln1116_83_cast, 1179" [firmware/nnet_utils/nnet_mult.h:73->firmware/nnet_utils/nnet_dense_latency.h:42]   --->   Operation 129 'mul' 'mul_ln1118_304' <Predicate = true> <Delay = 5.58> <Core = "Mul">   --->   Core 16 'Mul' <Latency = 0> <II = 1> <Delay = 5.58> <FuncUnit> <Opcode : 'mul'> <InPorts = 2> <OutPorts = 1>
ST_10 : Operation 130 [1/1] (0.00ns)   --->   "%trunc_ln708_175 = call i16 @_ssdm_op_PartSelect.i16.i26.i32.i32(i26 %mul_ln1118_304, i32 10, i32 25)" [firmware/nnet_utils/nnet_dense_latency.h:42]   --->   Operation 130 'partselect' 'trunc_ln708_175' <Predicate = true> <Delay = 0.00>
ST_10 : Operation 131 [1/1] (0.00ns) (grouped into TernaryAdder)   --->   "%add_ln703_324 = add i16 %sext_ln708_8, -331" [firmware/nnet_utils/nnet_dense_latency.h:58]   --->   Operation 131 'add' 'add_ln703_324' <Predicate = true> <Delay = 0.00> <Core = "TAddSub">   --->   Core 83 'TAddSub' <Latency = 0> <II = 1> <Delay = 1.95> <IPBlock> <Opcode : 'add' 'sub'> <InPorts = 3> <OutPorts = 1> <Sync> <CReg>
ST_10 : Operation 132 [1/1] (3.90ns) (root node of TernaryAdder)   --->   "%add_ln703_325 = add i16 %trunc_ln708_175, %add_ln703_324" [firmware/nnet_utils/nnet_dense_latency.h:58]   --->   Operation 132 'add' 'add_ln703_325' <Predicate = true> <Delay = 3.90> <Core = "TAddSub">   --->   Core 83 'TAddSub' <Latency = 0> <II = 1> <Delay = 1.95> <IPBlock> <Opcode : 'add' 'sub'> <InPorts = 3> <OutPorts = 1> <Sync> <CReg>
ST_10 : Operation 133 [1/1] (0.00ns) (grouped into TernaryAdder)   --->   "%add_ln703_326 = add i16 %add_ln703_323, %add_ln703_325" [firmware/nnet_utils/nnet_dense_latency.h:58]   --->   Operation 133 'add' 'add_ln703_326' <Predicate = true> <Delay = 0.00> <Core = "TAddSub">   --->   Core 83 'TAddSub' <Latency = 0> <II = 1> <Delay = 1.95> <IPBlock> <Opcode : 'add' 'sub'> <InPorts = 3> <OutPorts = 1> <Sync> <CReg>
ST_10 : Operation 134 [1/1] (3.90ns) (root node of TernaryAdder)   --->   "%add_ln703_327 = add i16 %add_ln703_322, %add_ln703_326" [firmware/nnet_utils/nnet_dense_latency.h:58]   --->   Operation 134 'add' 'add_ln703_327' <Predicate = true> <Delay = 3.90> <Core = "TAddSub">   --->   Core 83 'TAddSub' <Latency = 0> <II = 1> <Delay = 1.95> <IPBlock> <Opcode : 'add' 'sub'> <InPorts = 3> <OutPorts = 1> <Sync> <CReg>
ST_10 : Operation 135 [1/1] (2.07ns)   --->   "%add_ln703_350 = add i16 %trunc_ln708_174, %trunc_ln708_170" [firmware/nnet_utils/nnet_dense_latency.h:58]   --->   Operation 135 'add' 'add_ln703_350' <Predicate = true> <Delay = 2.07> <Core = "AddSub">   --->   Core 14 'AddSub' <Latency = 0> <II = 1> <Delay = 2.07> <FuncUnit> <Opcode : 'add' 'sub'> <InPorts = 2> <OutPorts = 1>

State 11 <SV = 10> <Delay = 13.3>
ST_11 : Operation 136 [1/1] (0.00ns)   --->   "call void (...)* @_ssdm_op_SpecPipeline(i32 16, i32 1, i32 1, i32 0, [1 x i8]* @p_str10) nounwind" [firmware/nnet_utils/nnet_dense_latency.h:26]   --->   Operation 136 'specpipeline' <Predicate = true> <Delay = 0.00>
ST_11 : Operation 137 [1/1] (0.00ns)   --->   "call void (...)* @_ssdm_op_SpecResourceLimit(i32 3, [4 x i8]* @p_str24, [1 x i8]* @p_str10, [1 x i8]* @p_str10, [1 x i8]* @p_str10) nounwind" [firmware/nnet_utils/nnet_dense_latency.h:33]   --->   Operation 137 'specresourcelimit' <Predicate = true> <Delay = 0.00>
ST_11 : Operation 138 [1/1] (0.00ns)   --->   "%p_cast39 = sext i12 %trunc_ln708_162 to i13" [firmware/nnet_utils/nnet_dense_latency.h:42]   --->   Operation 138 'sext' 'p_cast39' <Predicate = true> <Delay = 0.00>
ST_11 : Operation 139 [1/1] (0.00ns)   --->   "%sext_ln1118_188 = sext i14 %trunc_ln708_172 to i15" [firmware/nnet_utils/nnet_mult.h:73->firmware/nnet_utils/nnet_dense_latency.h:42]   --->   Operation 139 'sext' 'sext_ln1118_188' <Predicate = true> <Delay = 0.00>
ST_11 : Operation 140 [1/1] (0.00ns)   --->   "%sext_ln1116_83_cast1 = sext i16 %data_8_V_read_2 to i23" [firmware/nnet_utils/nnet_dense_latency.h:13]   --->   Operation 140 'sext' 'sext_ln1116_83_cast1' <Predicate = true> <Delay = 0.00>
ST_11 : Operation 141 [1/1] (5.58ns)   --->   "%mul_ln1118_305 = mul i23 %sext_ln1116_83_cast1, -42" [firmware/nnet_utils/nnet_mult.h:73->firmware/nnet_utils/nnet_dense_latency.h:42]   --->   Operation 141 'mul' 'mul_ln1118_305' <Predicate = true> <Delay = 5.58> <Core = "Mul">   --->   Core 16 'Mul' <Latency = 0> <II = 1> <Delay = 5.58> <FuncUnit> <Opcode : 'mul'> <InPorts = 2> <OutPorts = 1>
ST_11 : Operation 142 [1/1] (0.00ns)   --->   "%trunc_ln708_176 = call i13 @_ssdm_op_PartSelect.i13.i23.i32.i32(i23 %mul_ln1118_305, i32 10, i32 22)" [firmware/nnet_utils/nnet_dense_latency.h:42]   --->   Operation 142 'partselect' 'trunc_ln708_176' <Predicate = true> <Delay = 0.00>
ST_11 : Operation 143 [1/1] (0.00ns)   --->   "%sext_ln1118_191 = sext i13 %trunc_ln708_176 to i14" [firmware/nnet_utils/nnet_mult.h:73->firmware/nnet_utils/nnet_dense_latency.h:42]   --->   Operation 143 'sext' 'sext_ln1118_191' <Predicate = true> <Delay = 0.00>
ST_11 : Operation 144 [1/1] (5.58ns)   --->   "%mul_ln1118_306 = mul i26 %sext_ln1116_83_cast, 1314" [firmware/nnet_utils/nnet_mult.h:73->firmware/nnet_utils/nnet_dense_latency.h:42]   --->   Operation 144 'mul' 'mul_ln1118_306' <Predicate = true> <Delay = 5.58> <Core = "Mul">   --->   Core 16 'Mul' <Latency = 0> <II = 1> <Delay = 5.58> <FuncUnit> <Opcode : 'mul'> <InPorts = 2> <OutPorts = 1>
ST_11 : Operation 145 [1/1] (0.00ns)   --->   "%trunc_ln708_177 = call i16 @_ssdm_op_PartSelect.i16.i26.i32.i32(i26 %mul_ln1118_306, i32 10, i32 25)" [firmware/nnet_utils/nnet_dense_latency.h:42]   --->   Operation 145 'partselect' 'trunc_ln708_177' <Predicate = true> <Delay = 0.00>
ST_11 : Operation 146 [1/1] (5.58ns)   --->   "%mul_ln1118_307 = mul i26 %sext_ln1116_83_cast, 1384" [firmware/nnet_utils/nnet_mult.h:73->firmware/nnet_utils/nnet_dense_latency.h:42]   --->   Operation 146 'mul' 'mul_ln1118_307' <Predicate = true> <Delay = 5.58> <Core = "Mul">   --->   Core 16 'Mul' <Latency = 0> <II = 1> <Delay = 5.58> <FuncUnit> <Opcode : 'mul'> <InPorts = 2> <OutPorts = 1>
ST_11 : Operation 147 [1/1] (0.00ns)   --->   "%trunc_ln708_178 = call i16 @_ssdm_op_PartSelect.i16.i26.i32.i32(i26 %mul_ln1118_307, i32 10, i32 25)" [firmware/nnet_utils/nnet_dense_latency.h:42]   --->   Operation 147 'partselect' 'trunc_ln708_178' <Predicate = true> <Delay = 0.00>
ST_11 : Operation 148 [1/1] (1.67ns)   --->   "%add_ln703_333 = add i14 %sext_ln1118_191, 5" [firmware/nnet_utils/nnet_dense_latency.h:58]   --->   Operation 148 'add' 'add_ln703_333' <Predicate = true> <Delay = 1.67> <Core = "AddSub">   --->   Core 14 'AddSub' <Latency = 0> <II = 1> <Delay = 2.07> <FuncUnit> <Opcode : 'add' 'sub'> <InPorts = 2> <OutPorts = 1>
ST_11 : Operation 149 [1/1] (0.00ns)   --->   "%sext_ln703 = sext i14 %add_ln703_333 to i15" [firmware/nnet_utils/nnet_dense_latency.h:58]   --->   Operation 149 'sext' 'sext_ln703' <Predicate = true> <Delay = 0.00>
ST_11 : Operation 150 [1/1] (1.81ns)   --->   "%add_ln703_334 = add i15 %sext_ln1118_188, %sext_ln703" [firmware/nnet_utils/nnet_dense_latency.h:58]   --->   Operation 150 'add' 'add_ln703_334' <Predicate = true> <Delay = 1.81> <Core = "AddSub">   --->   Core 14 'AddSub' <Latency = 0> <II = 1> <Delay = 2.07> <FuncUnit> <Opcode : 'add' 'sub'> <InPorts = 2> <OutPorts = 1>
ST_11 : Operation 151 [1/1] (0.00ns)   --->   "%sext_ln703_63 = sext i15 %add_ln703_334 to i16" [firmware/nnet_utils/nnet_dense_latency.h:58]   --->   Operation 151 'sext' 'sext_ln703_63' <Predicate = true> <Delay = 0.00>
ST_11 : Operation 152 [1/1] (0.00ns) (grouped into TernaryAdder)   --->   "%add_ln703_335 = add i16 %add_ln703_332, %sext_ln703_63" [firmware/nnet_utils/nnet_dense_latency.h:58]   --->   Operation 152 'add' 'add_ln703_335' <Predicate = true> <Delay = 0.00> <Core = "TAddSub">   --->   Core 83 'TAddSub' <Latency = 0> <II = 1> <Delay = 1.95> <IPBlock> <Opcode : 'add' 'sub'> <InPorts = 3> <OutPorts = 1> <Sync> <CReg>
ST_11 : Operation 153 [1/1] (3.90ns) (root node of TernaryAdder)   --->   "%acc_1_V = add i16 %add_ln703_331, %add_ln703_335" [firmware/nnet_utils/nnet_dense_latency.h:58]   --->   Operation 153 'add' 'acc_1_V' <Predicate = true> <Delay = 3.90> <Core = "TAddSub">   --->   Core 83 'TAddSub' <Latency = 0> <II = 1> <Delay = 1.95> <IPBlock> <Opcode : 'add' 'sub'> <InPorts = 3> <OutPorts = 1> <Sync> <CReg>
ST_11 : Operation 154 [1/1] (0.00ns) (grouped into TernaryAdder)   --->   "%add_ln703_342 = add i16 %trunc_ln708_177, -86" [firmware/nnet_utils/nnet_dense_latency.h:58]   --->   Operation 154 'add' 'add_ln703_342' <Predicate = true> <Delay = 0.00> <Core = "TAddSub">   --->   Core 83 'TAddSub' <Latency = 0> <II = 1> <Delay = 1.95> <IPBlock> <Opcode : 'add' 'sub'> <InPorts = 3> <OutPorts = 1> <Sync> <CReg>
ST_11 : Operation 155 [1/1] (3.90ns) (root node of TernaryAdder)   --->   "%add_ln703_343 = add i16 %trunc_ln708_173, %add_ln703_342" [firmware/nnet_utils/nnet_dense_latency.h:58]   --->   Operation 155 'add' 'add_ln703_343' <Predicate = true> <Delay = 3.90> <Core = "TAddSub">   --->   Core 83 'TAddSub' <Latency = 0> <II = 1> <Delay = 1.95> <IPBlock> <Opcode : 'add' 'sub'> <InPorts = 3> <OutPorts = 1> <Sync> <CReg>
ST_11 : Operation 156 [1/1] (0.00ns) (grouped into TernaryAdder)   --->   "%add_ln703_344 = add i16 %add_ln703_341, %add_ln703_343" [firmware/nnet_utils/nnet_dense_latency.h:58]   --->   Operation 156 'add' 'add_ln703_344' <Predicate = true> <Delay = 0.00> <Core = "TAddSub">   --->   Core 83 'TAddSub' <Latency = 0> <II = 1> <Delay = 1.95> <IPBlock> <Opcode : 'add' 'sub'> <InPorts = 3> <OutPorts = 1> <Sync> <CReg>
ST_11 : Operation 157 [1/1] (3.90ns) (root node of TernaryAdder)   --->   "%acc_2_V = add i16 %add_ln703_340, %add_ln703_344" [firmware/nnet_utils/nnet_dense_latency.h:58]   --->   Operation 157 'add' 'acc_2_V' <Predicate = true> <Delay = 3.90> <Core = "TAddSub">   --->   Core 83 'TAddSub' <Latency = 0> <II = 1> <Delay = 1.95> <IPBlock> <Opcode : 'add' 'sub'> <InPorts = 3> <OutPorts = 1> <Sync> <CReg>
ST_11 : Operation 158 [1/1] (1.54ns)   --->   "%add_ln703_351 = add i13 %p_cast39, -3" [firmware/nnet_utils/nnet_dense_latency.h:58]   --->   Operation 158 'add' 'add_ln703_351' <Predicate = true> <Delay = 1.54> <Core = "AddSub">   --->   Core 14 'AddSub' <Latency = 0> <II = 1> <Delay = 2.07> <FuncUnit> <Opcode : 'add' 'sub'> <InPorts = 2> <OutPorts = 1>
ST_11 : Operation 159 [1/1] (0.00ns)   --->   "%sext_ln703_64 = sext i13 %add_ln703_351 to i16" [firmware/nnet_utils/nnet_dense_latency.h:58]   --->   Operation 159 'sext' 'sext_ln703_64' <Predicate = true> <Delay = 0.00>
ST_11 : Operation 160 [1/1] (2.07ns)   --->   "%add_ln703_352 = add i16 %trunc_ln708_178, %sext_ln703_64" [firmware/nnet_utils/nnet_dense_latency.h:58]   --->   Operation 160 'add' 'add_ln703_352' <Predicate = true> <Delay = 2.07> <Core = "AddSub">   --->   Core 14 'AddSub' <Latency = 0> <II = 1> <Delay = 2.07> <FuncUnit> <Opcode : 'add' 'sub'> <InPorts = 2> <OutPorts = 1>
ST_11 : Operation 161 [1/1] (0.00ns) (grouped into TernaryAdder)   --->   "%add_ln703_353 = add i16 %add_ln703_350, %add_ln703_352" [firmware/nnet_utils/nnet_dense_latency.h:58]   --->   Operation 161 'add' 'add_ln703_353' <Predicate = true> <Delay = 0.00> <Core = "TAddSub">   --->   Core 83 'TAddSub' <Latency = 0> <II = 1> <Delay = 1.95> <IPBlock> <Opcode : 'add' 'sub'> <InPorts = 3> <OutPorts = 1> <Sync> <CReg>
ST_11 : Operation 162 [1/1] (3.90ns) (root node of TernaryAdder)   --->   "%acc_3_V = add i16 %add_ln703_349, %add_ln703_353" [firmware/nnet_utils/nnet_dense_latency.h:58]   --->   Operation 162 'add' 'acc_3_V' <Predicate = true> <Delay = 3.90> <Core = "TAddSub">   --->   Core 83 'TAddSub' <Latency = 0> <II = 1> <Delay = 1.95> <IPBlock> <Opcode : 'add' 'sub'> <InPorts = 3> <OutPorts = 1> <Sync> <CReg>
ST_11 : Operation 163 [1/1] (0.00ns)   --->   "%mrv = insertvalue { i16, i16, i16, i16 } undef, i16 %add_ln703_327, 0" [firmware/nnet_utils/nnet_dense_latency.h:68]   --->   Operation 163 'insertvalue' 'mrv' <Predicate = true> <Delay = 0.00>
ST_11 : Operation 164 [1/1] (0.00ns)   --->   "%mrv_1 = insertvalue { i16, i16, i16, i16 } %mrv, i16 %acc_1_V, 1" [firmware/nnet_utils/nnet_dense_latency.h:68]   --->   Operation 164 'insertvalue' 'mrv_1' <Predicate = true> <Delay = 0.00>
ST_11 : Operation 165 [1/1] (0.00ns)   --->   "%mrv_2 = insertvalue { i16, i16, i16, i16 } %mrv_1, i16 %acc_2_V, 2" [firmware/nnet_utils/nnet_dense_latency.h:68]   --->   Operation 165 'insertvalue' 'mrv_2' <Predicate = true> <Delay = 0.00>
ST_11 : Operation 166 [1/1] (0.00ns)   --->   "%mrv_3 = insertvalue { i16, i16, i16, i16 } %mrv_2, i16 %acc_3_V, 3" [firmware/nnet_utils/nnet_dense_latency.h:68]   --->   Operation 166 'insertvalue' 'mrv_3' <Predicate = true> <Delay = 0.00>
ST_11 : Operation 167 [1/1] (0.00ns)   --->   "ret { i16, i16, i16, i16 } %mrv_3" [firmware/nnet_utils/nnet_dense_latency.h:68]   --->   Operation 167 'ret' <Predicate = true> <Delay = 0.00>


============================================================
+ Verbose Summary: Timing violations
============================================================
Target clock period: 25ns, clock uncertainty: 3.12ns.

 <State 1>: 5.58ns
The critical path consists of the following:
	wire read on port 'data_0_V_read' (firmware/nnet_utils/nnet_dense_latency.h:13) [18]  (0 ns)
	'mul' operation ('mul_ln1118', firmware/nnet_utils/nnet_mult.h:73->firmware/nnet_utils/nnet_dense_latency.h:42) [22]  (5.58 ns)

 <State 2>: 7.66ns
The critical path consists of the following:
	wire read on port 'data_1_V_read' (firmware/nnet_utils/nnet_dense_latency.h:13) [17]  (0 ns)
	'mul' operation ('mul_ln1118_279', firmware/nnet_utils/nnet_mult.h:73->firmware/nnet_utils/nnet_dense_latency.h:42) [31]  (5.58 ns)
	'add' operation ('add_ln703', firmware/nnet_utils/nnet_dense_latency.h:58) [122]  (2.08 ns)

 <State 3>: 7.66ns
The critical path consists of the following:
	'mul' operation ('mul_ln1118_281', firmware/nnet_utils/nnet_mult.h:73->firmware/nnet_utils/nnet_dense_latency.h:42) [35]  (5.58 ns)
	'add' operation ('add_ln703_337', firmware/nnet_utils/nnet_dense_latency.h:58) [142]  (2.08 ns)

 <State 4>: 5.58ns
The critical path consists of the following:
	'mul' operation ('mul_ln1118_284', firmware/nnet_utils/nnet_mult.h:73->firmware/nnet_utils/nnet_dense_latency.h:42) [42]  (5.58 ns)

 <State 5>: 5.58ns
The critical path consists of the following:
	wire read on port 'data_3_V_read' (firmware/nnet_utils/nnet_dense_latency.h:13) [15]  (0 ns)
	'mul' operation ('mul_ln1118_287', firmware/nnet_utils/nnet_mult.h:73->firmware/nnet_utils/nnet_dense_latency.h:42) [55]  (5.58 ns)

 <State 6>: 11.6ns
The critical path consists of the following:
	wire read on port 'data_4_V_read' (firmware/nnet_utils/nnet_dense_latency.h:13) [14]  (0 ns)
	'mul' operation ('mul_ln1118_290', firmware/nnet_utils/nnet_mult.h:73->firmware/nnet_utils/nnet_dense_latency.h:42) [64]  (5.58 ns)
	'add' operation ('add_ln703_320', firmware/nnet_utils/nnet_dense_latency.h:58) [123]  (2.08 ns)
	'add' operation ('add_ln703_321', firmware/nnet_utils/nnet_dense_latency.h:58) [124]  (0 ns)
	'add' operation ('add_ln703_322', firmware/nnet_utils/nnet_dense_latency.h:58) [125]  (3.9 ns)

 <State 7>: 11.6ns
The critical path consists of the following:
	wire read on port 'data_5_V_read' (firmware/nnet_utils/nnet_dense_latency.h:13) [13]  (0 ns)
	'mul' operation ('mul_ln1118_294', firmware/nnet_utils/nnet_mult.h:73->firmware/nnet_utils/nnet_dense_latency.h:42) [79]  (5.58 ns)
	'add' operation ('add_ln703_329', firmware/nnet_utils/nnet_dense_latency.h:58) [132]  (2.08 ns)
	'add' operation ('add_ln703_330', firmware/nnet_utils/nnet_dense_latency.h:58) [133]  (0 ns)
	'add' operation ('add_ln703_331', firmware/nnet_utils/nnet_dense_latency.h:58) [134]  (3.9 ns)

 <State 8>: 11.6ns
The critical path consists of the following:
	'mul' operation ('mul_ln1118_296', firmware/nnet_utils/nnet_mult.h:73->firmware/nnet_utils/nnet_dense_latency.h:42) [83]  (5.58 ns)
	'add' operation ('add_ln703_347', firmware/nnet_utils/nnet_dense_latency.h:58) [152]  (2.08 ns)
	'add' operation ('add_ln703_348', firmware/nnet_utils/nnet_dense_latency.h:58) [153]  (0 ns)
	'add' operation ('add_ln703_349', firmware/nnet_utils/nnet_dense_latency.h:58) [154]  (3.9 ns)

 <State 9>: 7.66ns
The critical path consists of the following:
	wire read on port 'data_7_V_read' (firmware/nnet_utils/nnet_dense_latency.h:13) [11]  (0 ns)
	'mul' operation ('mul_ln1118_301', firmware/nnet_utils/nnet_mult.h:73->firmware/nnet_utils/nnet_dense_latency.h:42) [98]  (5.58 ns)
	'add' operation ('add_ln703_323', firmware/nnet_utils/nnet_dense_latency.h:58) [126]  (2.08 ns)

 <State 10>: 13.4ns
The critical path consists of the following:
	wire read on port 'data_8_V_read' (firmware/nnet_utils/nnet_dense_latency.h:13) [10]  (0 ns)
	'mul' operation ('mul_ln1118_304', firmware/nnet_utils/nnet_mult.h:73->firmware/nnet_utils/nnet_dense_latency.h:42) [113]  (5.58 ns)
	'add' operation ('add_ln703_325', firmware/nnet_utils/nnet_dense_latency.h:58) [128]  (3.9 ns)
	'add' operation ('add_ln703_326', firmware/nnet_utils/nnet_dense_latency.h:58) [129]  (0 ns)
	'add' operation ('res[0].V', firmware/nnet_utils/nnet_dense_latency.h:58) [130]  (3.9 ns)

 <State 11>: 13.4ns
The critical path consists of the following:
	'mul' operation ('mul_ln1118_306', firmware/nnet_utils/nnet_mult.h:73->firmware/nnet_utils/nnet_dense_latency.h:42) [118]  (5.58 ns)
	'add' operation ('add_ln703_342', firmware/nnet_utils/nnet_dense_latency.h:58) [147]  (0 ns)
	'add' operation ('add_ln703_343', firmware/nnet_utils/nnet_dense_latency.h:58) [148]  (3.9 ns)
	'add' operation ('add_ln703_344', firmware/nnet_utils/nnet_dense_latency.h:58) [149]  (0 ns)
	'add' operation ('acc[2].V', firmware/nnet_utils/nnet_dense_latency.h:58) [150]  (3.9 ns)


============================================================
+ Verbose Summary: Binding
============================================================
N/A
* FSMD analyzer results:
  - Output states:
 - Input state : 
  - Chain level:
	State 1
	State 2
	State 3
	State 4
	State 5
	State 6
	State 7
	State 8
	State 9
	State 10
	State 11


============================================================
+ Verbose Summary: Datapath Resource usage 
============================================================
N/A
