

================================================================
== Vivado HLS Report for 'relu_array_ap_fixed_32u_array_ap_fixed_16_6_5_3_0_32u_relu_config14_s'
================================================================
* Date:           Fri Mar  1 15:43:08 2024

* Version:        2020.1 (Build 2897737 on Wed May 27 20:21:37 MDT 2020)
* Project:        myproject_prj
* Solution:       solution1
* Product family: zynq
* Target device:  xc7z020-clg400-1


================================================================
== Performance Estimates
================================================================
+ Timing: 
    * Summary: 
    +--------+---------+----------+------------+
    |  Clock |  Target | Estimated| Uncertainty|
    +--------+---------+----------+------------+
    |ap_clk  | 2.50 ns | 2.921 ns |   3.12 ns  |
    +--------+---------+----------+------------+

+ Latency: 
    * Summary: 
    +---------+---------+----------+----------+-----+-----+----------+
    |  Latency (cycles) |  Latency (absolute) |  Interval | Pipeline |
    |   min   |   max   |    min   |    max   | min | max |   Type   |
    +---------+---------+----------+----------+-----+-----+----------+
    |        0|        0|   0 ns   |   0 ns   |    1|    1| function |
    +---------+---------+----------+----------+-----+-----+----------+

    + Detail: 
        * Instance: 
        N/A

        * Loop: 
        N/A

============================================================
+ Verbose Summary: Synthesis Manager
============================================================
InlineROM: 1
ExposeGlobal: 0
============================================================
+ Verbose Summary: CDFG Model
============================================================
IsTopModel: 0
ResetActiveHigh: 1
IsCombinational: 2
IsDatapathOnly: 0
HasWiredReturn: 1
HasMFsm: 2
HasVarLatency: 0
IsPipeline: 1
IsRtlPipelined: 0
IsInstanceOverlapped: 0
IsDontTouch: 0
HasImplIP: 0
IsGatedGlobalClock: 0

+ Individual pipeline summary: 
  * Pipeline-0: initiation interval (II) = 1, depth = 1


============================================================
+ Verbose Summary: Schedule
============================================================
* Number of FSM states : 1
* Pipeline : 1
  Pipeline-0 : II = 1, D = 1, States = { 1 }
* Dataflow Pipeline: 0

* FSM state transitions: 
1 --> 

* FSM state operations: 

State 1 <SV = 0> <Delay = 2.92>
ST_1 : Operation 2 [1/1] (0.00ns)   --->   "call void (...)* @_ssdm_op_SpecInterface(i16* %res_V_data_31_V, [8 x i8]* @ap_fifo_str, i32 0, i32 0, [1 x i8]* @p_str5186, i32 0, i32 0, [1 x i8]* @p_str5187, [1 x i8]* @p_str5188, [1 x i8]* @p_str5189, i32 2, i32 2, i32 16, i32 16, [1 x i8]* @p_str5190, [1 x i8]* @p_str5191)"   --->   Operation 2 'specinterface' <Predicate = true> <Delay = 0.00>
ST_1 : Operation 3 [1/1] (0.00ns)   --->   "call void (...)* @_ssdm_op_SpecInterface(i16* %res_V_data_30_V, [8 x i8]* @ap_fifo_str, i32 0, i32 0, [1 x i8]* @p_str5179, i32 0, i32 0, [1 x i8]* @p_str5180, [1 x i8]* @p_str5181, [1 x i8]* @p_str5182, i32 2, i32 2, i32 16, i32 16, [1 x i8]* @p_str5183, [1 x i8]* @p_str5184)"   --->   Operation 3 'specinterface' <Predicate = true> <Delay = 0.00>
ST_1 : Operation 4 [1/1] (0.00ns)   --->   "call void (...)* @_ssdm_op_SpecInterface(i16* %res_V_data_29_V, [8 x i8]* @ap_fifo_str, i32 0, i32 0, [1 x i8]* @p_str5172, i32 0, i32 0, [1 x i8]* @p_str5173, [1 x i8]* @p_str5174, [1 x i8]* @p_str5175, i32 2, i32 2, i32 16, i32 16, [1 x i8]* @p_str5176, [1 x i8]* @p_str5177)"   --->   Operation 4 'specinterface' <Predicate = true> <Delay = 0.00>
ST_1 : Operation 5 [1/1] (0.00ns)   --->   "call void (...)* @_ssdm_op_SpecInterface(i16* %res_V_data_28_V, [8 x i8]* @ap_fifo_str, i32 0, i32 0, [1 x i8]* @p_str5165, i32 0, i32 0, [1 x i8]* @p_str5166, [1 x i8]* @p_str5167, [1 x i8]* @p_str5168, i32 2, i32 2, i32 16, i32 16, [1 x i8]* @p_str5169, [1 x i8]* @p_str5170)"   --->   Operation 5 'specinterface' <Predicate = true> <Delay = 0.00>
ST_1 : Operation 6 [1/1] (0.00ns)   --->   "call void (...)* @_ssdm_op_SpecInterface(i16* %res_V_data_27_V, [8 x i8]* @ap_fifo_str, i32 0, i32 0, [1 x i8]* @p_str5158, i32 0, i32 0, [1 x i8]* @p_str5159, [1 x i8]* @p_str5160, [1 x i8]* @p_str5161, i32 2, i32 2, i32 16, i32 16, [1 x i8]* @p_str5162, [1 x i8]* @p_str5163)"   --->   Operation 6 'specinterface' <Predicate = true> <Delay = 0.00>
ST_1 : Operation 7 [1/1] (0.00ns)   --->   "call void (...)* @_ssdm_op_SpecInterface(i16* %res_V_data_26_V, [8 x i8]* @ap_fifo_str, i32 0, i32 0, [1 x i8]* @p_str5151, i32 0, i32 0, [1 x i8]* @p_str5152, [1 x i8]* @p_str5153, [1 x i8]* @p_str5154, i32 2, i32 2, i32 16, i32 16, [1 x i8]* @p_str5155, [1 x i8]* @p_str5156)"   --->   Operation 7 'specinterface' <Predicate = true> <Delay = 0.00>
ST_1 : Operation 8 [1/1] (0.00ns)   --->   "call void (...)* @_ssdm_op_SpecInterface(i16* %res_V_data_25_V, [8 x i8]* @ap_fifo_str, i32 0, i32 0, [1 x i8]* @p_str5144, i32 0, i32 0, [1 x i8]* @p_str5145, [1 x i8]* @p_str5146, [1 x i8]* @p_str5147, i32 2, i32 2, i32 16, i32 16, [1 x i8]* @p_str5148, [1 x i8]* @p_str5149)"   --->   Operation 8 'specinterface' <Predicate = true> <Delay = 0.00>
ST_1 : Operation 9 [1/1] (0.00ns)   --->   "call void (...)* @_ssdm_op_SpecInterface(i16* %res_V_data_24_V, [8 x i8]* @ap_fifo_str, i32 0, i32 0, [1 x i8]* @p_str5137, i32 0, i32 0, [1 x i8]* @p_str5138, [1 x i8]* @p_str5139, [1 x i8]* @p_str5140, i32 2, i32 2, i32 16, i32 16, [1 x i8]* @p_str5141, [1 x i8]* @p_str5142)"   --->   Operation 9 'specinterface' <Predicate = true> <Delay = 0.00>
ST_1 : Operation 10 [1/1] (0.00ns)   --->   "call void (...)* @_ssdm_op_SpecInterface(i16* %res_V_data_23_V, [8 x i8]* @ap_fifo_str, i32 0, i32 0, [1 x i8]* @p_str5130, i32 0, i32 0, [1 x i8]* @p_str5131, [1 x i8]* @p_str5132, [1 x i8]* @p_str5133, i32 2, i32 2, i32 16, i32 16, [1 x i8]* @p_str5134, [1 x i8]* @p_str5135)"   --->   Operation 10 'specinterface' <Predicate = true> <Delay = 0.00>
ST_1 : Operation 11 [1/1] (0.00ns)   --->   "call void (...)* @_ssdm_op_SpecInterface(i16* %res_V_data_22_V, [8 x i8]* @ap_fifo_str, i32 0, i32 0, [1 x i8]* @p_str5123, i32 0, i32 0, [1 x i8]* @p_str5124, [1 x i8]* @p_str5125, [1 x i8]* @p_str5126, i32 2, i32 2, i32 16, i32 16, [1 x i8]* @p_str5127, [1 x i8]* @p_str5128)"   --->   Operation 11 'specinterface' <Predicate = true> <Delay = 0.00>
ST_1 : Operation 12 [1/1] (0.00ns)   --->   "call void (...)* @_ssdm_op_SpecInterface(i16* %res_V_data_21_V, [8 x i8]* @ap_fifo_str, i32 0, i32 0, [1 x i8]* @p_str5116, i32 0, i32 0, [1 x i8]* @p_str5117, [1 x i8]* @p_str5118, [1 x i8]* @p_str5119, i32 2, i32 2, i32 16, i32 16, [1 x i8]* @p_str5120, [1 x i8]* @p_str5121)"   --->   Operation 12 'specinterface' <Predicate = true> <Delay = 0.00>
ST_1 : Operation 13 [1/1] (0.00ns)   --->   "call void (...)* @_ssdm_op_SpecInterface(i16* %res_V_data_20_V, [8 x i8]* @ap_fifo_str, i32 0, i32 0, [1 x i8]* @p_str5109, i32 0, i32 0, [1 x i8]* @p_str5110, [1 x i8]* @p_str5111, [1 x i8]* @p_str5112, i32 2, i32 2, i32 16, i32 16, [1 x i8]* @p_str5113, [1 x i8]* @p_str5114)"   --->   Operation 13 'specinterface' <Predicate = true> <Delay = 0.00>
ST_1 : Operation 14 [1/1] (0.00ns)   --->   "call void (...)* @_ssdm_op_SpecInterface(i16* %res_V_data_19_V, [8 x i8]* @ap_fifo_str, i32 0, i32 0, [1 x i8]* @p_str5102, i32 0, i32 0, [1 x i8]* @p_str5103, [1 x i8]* @p_str5104, [1 x i8]* @p_str5105, i32 2, i32 2, i32 16, i32 16, [1 x i8]* @p_str5106, [1 x i8]* @p_str5107)"   --->   Operation 14 'specinterface' <Predicate = true> <Delay = 0.00>
ST_1 : Operation 15 [1/1] (0.00ns)   --->   "call void (...)* @_ssdm_op_SpecInterface(i16* %res_V_data_18_V, [8 x i8]* @ap_fifo_str, i32 0, i32 0, [1 x i8]* @p_str5095, i32 0, i32 0, [1 x i8]* @p_str5096, [1 x i8]* @p_str5097, [1 x i8]* @p_str5098, i32 2, i32 2, i32 16, i32 16, [1 x i8]* @p_str5099, [1 x i8]* @p_str5100)"   --->   Operation 15 'specinterface' <Predicate = true> <Delay = 0.00>
ST_1 : Operation 16 [1/1] (0.00ns)   --->   "call void (...)* @_ssdm_op_SpecInterface(i16* %res_V_data_17_V, [8 x i8]* @ap_fifo_str, i32 0, i32 0, [1 x i8]* @p_str5088, i32 0, i32 0, [1 x i8]* @p_str5089, [1 x i8]* @p_str5090, [1 x i8]* @p_str5091, i32 2, i32 2, i32 16, i32 16, [1 x i8]* @p_str5092, [1 x i8]* @p_str5093)"   --->   Operation 16 'specinterface' <Predicate = true> <Delay = 0.00>
ST_1 : Operation 17 [1/1] (0.00ns)   --->   "call void (...)* @_ssdm_op_SpecInterface(i16* %res_V_data_16_V, [8 x i8]* @ap_fifo_str, i32 0, i32 0, [1 x i8]* @p_str5081, i32 0, i32 0, [1 x i8]* @p_str5082, [1 x i8]* @p_str5083, [1 x i8]* @p_str5084, i32 2, i32 2, i32 16, i32 16, [1 x i8]* @p_str5085, [1 x i8]* @p_str5086)"   --->   Operation 17 'specinterface' <Predicate = true> <Delay = 0.00>
ST_1 : Operation 18 [1/1] (0.00ns)   --->   "call void (...)* @_ssdm_op_SpecInterface(i16* %res_V_data_15_V, [8 x i8]* @ap_fifo_str, i32 0, i32 0, [1 x i8]* @p_str5074, i32 0, i32 0, [1 x i8]* @p_str5075, [1 x i8]* @p_str5076, [1 x i8]* @p_str5077, i32 2, i32 2, i32 16, i32 16, [1 x i8]* @p_str5078, [1 x i8]* @p_str5079)"   --->   Operation 18 'specinterface' <Predicate = true> <Delay = 0.00>
ST_1 : Operation 19 [1/1] (0.00ns)   --->   "call void (...)* @_ssdm_op_SpecInterface(i16* %res_V_data_14_V, [8 x i8]* @ap_fifo_str, i32 0, i32 0, [1 x i8]* @p_str5067, i32 0, i32 0, [1 x i8]* @p_str5068, [1 x i8]* @p_str5069, [1 x i8]* @p_str5070, i32 2, i32 2, i32 16, i32 16, [1 x i8]* @p_str5071, [1 x i8]* @p_str5072)"   --->   Operation 19 'specinterface' <Predicate = true> <Delay = 0.00>
ST_1 : Operation 20 [1/1] (0.00ns)   --->   "call void (...)* @_ssdm_op_SpecInterface(i16* %res_V_data_13_V, [8 x i8]* @ap_fifo_str, i32 0, i32 0, [1 x i8]* @p_str5060, i32 0, i32 0, [1 x i8]* @p_str5061, [1 x i8]* @p_str5062, [1 x i8]* @p_str5063, i32 2, i32 2, i32 16, i32 16, [1 x i8]* @p_str5064, [1 x i8]* @p_str5065)"   --->   Operation 20 'specinterface' <Predicate = true> <Delay = 0.00>
ST_1 : Operation 21 [1/1] (0.00ns)   --->   "call void (...)* @_ssdm_op_SpecInterface(i16* %res_V_data_12_V, [8 x i8]* @ap_fifo_str, i32 0, i32 0, [1 x i8]* @p_str5053, i32 0, i32 0, [1 x i8]* @p_str5054, [1 x i8]* @p_str5055, [1 x i8]* @p_str5056, i32 2, i32 2, i32 16, i32 16, [1 x i8]* @p_str5057, [1 x i8]* @p_str5058)"   --->   Operation 21 'specinterface' <Predicate = true> <Delay = 0.00>
ST_1 : Operation 22 [1/1] (0.00ns)   --->   "call void (...)* @_ssdm_op_SpecInterface(i16* %res_V_data_11_V, [8 x i8]* @ap_fifo_str, i32 0, i32 0, [1 x i8]* @p_str5046, i32 0, i32 0, [1 x i8]* @p_str5047, [1 x i8]* @p_str5048, [1 x i8]* @p_str5049, i32 2, i32 2, i32 16, i32 16, [1 x i8]* @p_str5050, [1 x i8]* @p_str5051)"   --->   Operation 22 'specinterface' <Predicate = true> <Delay = 0.00>
ST_1 : Operation 23 [1/1] (0.00ns)   --->   "call void (...)* @_ssdm_op_SpecInterface(i16* %res_V_data_10_V, [8 x i8]* @ap_fifo_str, i32 0, i32 0, [1 x i8]* @p_str5039, i32 0, i32 0, [1 x i8]* @p_str5040, [1 x i8]* @p_str5041, [1 x i8]* @p_str5042, i32 2, i32 2, i32 16, i32 16, [1 x i8]* @p_str5043, [1 x i8]* @p_str5044)"   --->   Operation 23 'specinterface' <Predicate = true> <Delay = 0.00>
ST_1 : Operation 24 [1/1] (0.00ns)   --->   "call void (...)* @_ssdm_op_SpecInterface(i16* %res_V_data_9_V, [8 x i8]* @ap_fifo_str, i32 0, i32 0, [1 x i8]* @p_str5032, i32 0, i32 0, [1 x i8]* @p_str5033, [1 x i8]* @p_str5034, [1 x i8]* @p_str5035, i32 2, i32 2, i32 16, i32 16, [1 x i8]* @p_str5036, [1 x i8]* @p_str5037)"   --->   Operation 24 'specinterface' <Predicate = true> <Delay = 0.00>
ST_1 : Operation 25 [1/1] (0.00ns)   --->   "call void (...)* @_ssdm_op_SpecInterface(i16* %res_V_data_8_V, [8 x i8]* @ap_fifo_str, i32 0, i32 0, [1 x i8]* @p_str5025, i32 0, i32 0, [1 x i8]* @p_str5026, [1 x i8]* @p_str5027, [1 x i8]* @p_str5028, i32 2, i32 2, i32 16, i32 16, [1 x i8]* @p_str5029, [1 x i8]* @p_str5030)"   --->   Operation 25 'specinterface' <Predicate = true> <Delay = 0.00>
ST_1 : Operation 26 [1/1] (0.00ns)   --->   "call void (...)* @_ssdm_op_SpecInterface(i16* %res_V_data_7_V, [8 x i8]* @ap_fifo_str, i32 0, i32 0, [1 x i8]* @p_str5018, i32 0, i32 0, [1 x i8]* @p_str5019, [1 x i8]* @p_str5020, [1 x i8]* @p_str5021, i32 2, i32 2, i32 16, i32 16, [1 x i8]* @p_str5022, [1 x i8]* @p_str5023)"   --->   Operation 26 'specinterface' <Predicate = true> <Delay = 0.00>
ST_1 : Operation 27 [1/1] (0.00ns)   --->   "call void (...)* @_ssdm_op_SpecInterface(i16* %res_V_data_6_V, [8 x i8]* @ap_fifo_str, i32 0, i32 0, [1 x i8]* @p_str5011, i32 0, i32 0, [1 x i8]* @p_str5012, [1 x i8]* @p_str5013, [1 x i8]* @p_str5014, i32 2, i32 2, i32 16, i32 16, [1 x i8]* @p_str5015, [1 x i8]* @p_str5016)"   --->   Operation 27 'specinterface' <Predicate = true> <Delay = 0.00>
ST_1 : Operation 28 [1/1] (0.00ns)   --->   "call void (...)* @_ssdm_op_SpecInterface(i16* %res_V_data_5_V, [8 x i8]* @ap_fifo_str, i32 0, i32 0, [1 x i8]* @p_str5004, i32 0, i32 0, [1 x i8]* @p_str5005, [1 x i8]* @p_str5006, [1 x i8]* @p_str5007, i32 2, i32 2, i32 16, i32 16, [1 x i8]* @p_str5008, [1 x i8]* @p_str5009)"   --->   Operation 28 'specinterface' <Predicate = true> <Delay = 0.00>
ST_1 : Operation 29 [1/1] (0.00ns)   --->   "call void (...)* @_ssdm_op_SpecInterface(i16* %res_V_data_4_V, [8 x i8]* @ap_fifo_str, i32 0, i32 0, [1 x i8]* @p_str4997, i32 0, i32 0, [1 x i8]* @p_str4998, [1 x i8]* @p_str4999, [1 x i8]* @p_str5000, i32 2, i32 2, i32 16, i32 16, [1 x i8]* @p_str5001, [1 x i8]* @p_str5002)"   --->   Operation 29 'specinterface' <Predicate = true> <Delay = 0.00>
ST_1 : Operation 30 [1/1] (0.00ns)   --->   "call void (...)* @_ssdm_op_SpecInterface(i16* %res_V_data_3_V, [8 x i8]* @ap_fifo_str, i32 0, i32 0, [1 x i8]* @p_str4990, i32 0, i32 0, [1 x i8]* @p_str4991, [1 x i8]* @p_str4992, [1 x i8]* @p_str4993, i32 2, i32 2, i32 16, i32 16, [1 x i8]* @p_str4994, [1 x i8]* @p_str4995)"   --->   Operation 30 'specinterface' <Predicate = true> <Delay = 0.00>
ST_1 : Operation 31 [1/1] (0.00ns)   --->   "call void (...)* @_ssdm_op_SpecInterface(i16* %res_V_data_2_V, [8 x i8]* @ap_fifo_str, i32 0, i32 0, [1 x i8]* @p_str4983, i32 0, i32 0, [1 x i8]* @p_str4984, [1 x i8]* @p_str4985, [1 x i8]* @p_str4986, i32 2, i32 2, i32 16, i32 16, [1 x i8]* @p_str4987, [1 x i8]* @p_str4988)"   --->   Operation 31 'specinterface' <Predicate = true> <Delay = 0.00>
ST_1 : Operation 32 [1/1] (0.00ns)   --->   "call void (...)* @_ssdm_op_SpecInterface(i16* %res_V_data_1_V, [8 x i8]* @ap_fifo_str, i32 0, i32 0, [1 x i8]* @p_str4976, i32 0, i32 0, [1 x i8]* @p_str4977, [1 x i8]* @p_str4978, [1 x i8]* @p_str4979, i32 2, i32 2, i32 16, i32 16, [1 x i8]* @p_str4980, [1 x i8]* @p_str4981)"   --->   Operation 32 'specinterface' <Predicate = true> <Delay = 0.00>
ST_1 : Operation 33 [1/1] (0.00ns)   --->   "call void (...)* @_ssdm_op_SpecInterface(i16* %res_V_data_0_V, [8 x i8]* @ap_fifo_str, i32 0, i32 0, [1 x i8]* @p_str4969, i32 0, i32 0, [1 x i8]* @p_str4970, [1 x i8]* @p_str4971, [1 x i8]* @p_str4972, i32 2, i32 2, i32 16, i32 16, [1 x i8]* @p_str4973, [1 x i8]* @p_str4974)"   --->   Operation 33 'specinterface' <Predicate = true> <Delay = 0.00>
ST_1 : Operation 34 [1/1] (0.00ns)   --->   "call void (...)* @_ssdm_op_SpecInterface(i16* %data_V_data_31_V, [8 x i8]* @ap_fifo_str, i32 0, i32 0, [1 x i8]* @p_str4962, i32 0, i32 0, [1 x i8]* @p_str4963, [1 x i8]* @p_str4964, [1 x i8]* @p_str4965, i32 2, i32 2, i32 16, i32 16, [1 x i8]* @p_str4966, [1 x i8]* @p_str4967)"   --->   Operation 34 'specinterface' <Predicate = true> <Delay = 0.00>
ST_1 : Operation 35 [1/1] (0.00ns)   --->   "call void (...)* @_ssdm_op_SpecInterface(i16* %data_V_data_30_V, [8 x i8]* @ap_fifo_str, i32 0, i32 0, [1 x i8]* @p_str4955, i32 0, i32 0, [1 x i8]* @p_str4956, [1 x i8]* @p_str4957, [1 x i8]* @p_str4958, i32 2, i32 2, i32 16, i32 16, [1 x i8]* @p_str4959, [1 x i8]* @p_str4960)"   --->   Operation 35 'specinterface' <Predicate = true> <Delay = 0.00>
ST_1 : Operation 36 [1/1] (0.00ns)   --->   "call void (...)* @_ssdm_op_SpecInterface(i16* %data_V_data_29_V, [8 x i8]* @ap_fifo_str, i32 0, i32 0, [1 x i8]* @p_str4948, i32 0, i32 0, [1 x i8]* @p_str4949, [1 x i8]* @p_str4950, [1 x i8]* @p_str4951, i32 2, i32 2, i32 16, i32 16, [1 x i8]* @p_str4952, [1 x i8]* @p_str4953)"   --->   Operation 36 'specinterface' <Predicate = true> <Delay = 0.00>
ST_1 : Operation 37 [1/1] (0.00ns)   --->   "call void (...)* @_ssdm_op_SpecInterface(i16* %data_V_data_28_V, [8 x i8]* @ap_fifo_str, i32 0, i32 0, [1 x i8]* @p_str4941, i32 0, i32 0, [1 x i8]* @p_str4942, [1 x i8]* @p_str4943, [1 x i8]* @p_str4944, i32 2, i32 2, i32 16, i32 16, [1 x i8]* @p_str4945, [1 x i8]* @p_str4946)"   --->   Operation 37 'specinterface' <Predicate = true> <Delay = 0.00>
ST_1 : Operation 38 [1/1] (0.00ns)   --->   "call void (...)* @_ssdm_op_SpecInterface(i16* %data_V_data_27_V, [8 x i8]* @ap_fifo_str, i32 0, i32 0, [1 x i8]* @p_str4934, i32 0, i32 0, [1 x i8]* @p_str4935, [1 x i8]* @p_str4936, [1 x i8]* @p_str4937, i32 2, i32 2, i32 16, i32 16, [1 x i8]* @p_str4938, [1 x i8]* @p_str4939)"   --->   Operation 38 'specinterface' <Predicate = true> <Delay = 0.00>
ST_1 : Operation 39 [1/1] (0.00ns)   --->   "call void (...)* @_ssdm_op_SpecInterface(i16* %data_V_data_26_V, [8 x i8]* @ap_fifo_str, i32 0, i32 0, [1 x i8]* @p_str4927, i32 0, i32 0, [1 x i8]* @p_str4928, [1 x i8]* @p_str4929, [1 x i8]* @p_str4930, i32 2, i32 2, i32 16, i32 16, [1 x i8]* @p_str4931, [1 x i8]* @p_str4932)"   --->   Operation 39 'specinterface' <Predicate = true> <Delay = 0.00>
ST_1 : Operation 40 [1/1] (0.00ns)   --->   "call void (...)* @_ssdm_op_SpecInterface(i16* %data_V_data_25_V, [8 x i8]* @ap_fifo_str, i32 0, i32 0, [1 x i8]* @p_str4920, i32 0, i32 0, [1 x i8]* @p_str4921, [1 x i8]* @p_str4922, [1 x i8]* @p_str4923, i32 2, i32 2, i32 16, i32 16, [1 x i8]* @p_str4924, [1 x i8]* @p_str4925)"   --->   Operation 40 'specinterface' <Predicate = true> <Delay = 0.00>
ST_1 : Operation 41 [1/1] (0.00ns)   --->   "call void (...)* @_ssdm_op_SpecInterface(i16* %data_V_data_24_V, [8 x i8]* @ap_fifo_str, i32 0, i32 0, [1 x i8]* @p_str4913, i32 0, i32 0, [1 x i8]* @p_str4914, [1 x i8]* @p_str4915, [1 x i8]* @p_str4916, i32 2, i32 2, i32 16, i32 16, [1 x i8]* @p_str4917, [1 x i8]* @p_str4918)"   --->   Operation 41 'specinterface' <Predicate = true> <Delay = 0.00>
ST_1 : Operation 42 [1/1] (0.00ns)   --->   "call void (...)* @_ssdm_op_SpecInterface(i16* %data_V_data_23_V, [8 x i8]* @ap_fifo_str, i32 0, i32 0, [1 x i8]* @p_str4906, i32 0, i32 0, [1 x i8]* @p_str4907, [1 x i8]* @p_str4908, [1 x i8]* @p_str4909, i32 2, i32 2, i32 16, i32 16, [1 x i8]* @p_str4910, [1 x i8]* @p_str4911)"   --->   Operation 42 'specinterface' <Predicate = true> <Delay = 0.00>
ST_1 : Operation 43 [1/1] (0.00ns)   --->   "call void (...)* @_ssdm_op_SpecInterface(i16* %data_V_data_22_V, [8 x i8]* @ap_fifo_str, i32 0, i32 0, [1 x i8]* @p_str4899, i32 0, i32 0, [1 x i8]* @p_str4900, [1 x i8]* @p_str4901, [1 x i8]* @p_str4902, i32 2, i32 2, i32 16, i32 16, [1 x i8]* @p_str4903, [1 x i8]* @p_str4904)"   --->   Operation 43 'specinterface' <Predicate = true> <Delay = 0.00>
ST_1 : Operation 44 [1/1] (0.00ns)   --->   "call void (...)* @_ssdm_op_SpecInterface(i16* %data_V_data_21_V, [8 x i8]* @ap_fifo_str, i32 0, i32 0, [1 x i8]* @p_str4892, i32 0, i32 0, [1 x i8]* @p_str4893, [1 x i8]* @p_str4894, [1 x i8]* @p_str4895, i32 2, i32 2, i32 16, i32 16, [1 x i8]* @p_str4896, [1 x i8]* @p_str4897)"   --->   Operation 44 'specinterface' <Predicate = true> <Delay = 0.00>
ST_1 : Operation 45 [1/1] (0.00ns)   --->   "call void (...)* @_ssdm_op_SpecInterface(i16* %data_V_data_20_V, [8 x i8]* @ap_fifo_str, i32 0, i32 0, [1 x i8]* @p_str4885, i32 0, i32 0, [1 x i8]* @p_str4886, [1 x i8]* @p_str4887, [1 x i8]* @p_str4888, i32 2, i32 2, i32 16, i32 16, [1 x i8]* @p_str4889, [1 x i8]* @p_str4890)"   --->   Operation 45 'specinterface' <Predicate = true> <Delay = 0.00>
ST_1 : Operation 46 [1/1] (0.00ns)   --->   "call void (...)* @_ssdm_op_SpecInterface(i16* %data_V_data_19_V, [8 x i8]* @ap_fifo_str, i32 0, i32 0, [1 x i8]* @p_str4878, i32 0, i32 0, [1 x i8]* @p_str4879, [1 x i8]* @p_str4880, [1 x i8]* @p_str4881, i32 2, i32 2, i32 16, i32 16, [1 x i8]* @p_str4882, [1 x i8]* @p_str4883)"   --->   Operation 46 'specinterface' <Predicate = true> <Delay = 0.00>
ST_1 : Operation 47 [1/1] (0.00ns)   --->   "call void (...)* @_ssdm_op_SpecInterface(i16* %data_V_data_18_V, [8 x i8]* @ap_fifo_str, i32 0, i32 0, [1 x i8]* @p_str4871, i32 0, i32 0, [1 x i8]* @p_str4872, [1 x i8]* @p_str4873, [1 x i8]* @p_str4874, i32 2, i32 2, i32 16, i32 16, [1 x i8]* @p_str4875, [1 x i8]* @p_str4876)"   --->   Operation 47 'specinterface' <Predicate = true> <Delay = 0.00>
ST_1 : Operation 48 [1/1] (0.00ns)   --->   "call void (...)* @_ssdm_op_SpecInterface(i16* %data_V_data_17_V, [8 x i8]* @ap_fifo_str, i32 0, i32 0, [1 x i8]* @p_str4864, i32 0, i32 0, [1 x i8]* @p_str4865, [1 x i8]* @p_str4866, [1 x i8]* @p_str4867, i32 2, i32 2, i32 16, i32 16, [1 x i8]* @p_str4868, [1 x i8]* @p_str4869)"   --->   Operation 48 'specinterface' <Predicate = true> <Delay = 0.00>
ST_1 : Operation 49 [1/1] (0.00ns)   --->   "call void (...)* @_ssdm_op_SpecInterface(i16* %data_V_data_16_V, [8 x i8]* @ap_fifo_str, i32 0, i32 0, [1 x i8]* @p_str4857, i32 0, i32 0, [1 x i8]* @p_str4858, [1 x i8]* @p_str4859, [1 x i8]* @p_str4860, i32 2, i32 2, i32 16, i32 16, [1 x i8]* @p_str4861, [1 x i8]* @p_str4862)"   --->   Operation 49 'specinterface' <Predicate = true> <Delay = 0.00>
ST_1 : Operation 50 [1/1] (0.00ns)   --->   "call void (...)* @_ssdm_op_SpecInterface(i16* %data_V_data_15_V, [8 x i8]* @ap_fifo_str, i32 0, i32 0, [1 x i8]* @p_str4850, i32 0, i32 0, [1 x i8]* @p_str4851, [1 x i8]* @p_str4852, [1 x i8]* @p_str4853, i32 2, i32 2, i32 16, i32 16, [1 x i8]* @p_str4854, [1 x i8]* @p_str4855)"   --->   Operation 50 'specinterface' <Predicate = true> <Delay = 0.00>
ST_1 : Operation 51 [1/1] (0.00ns)   --->   "call void (...)* @_ssdm_op_SpecInterface(i16* %data_V_data_14_V, [8 x i8]* @ap_fifo_str, i32 0, i32 0, [1 x i8]* @p_str4843, i32 0, i32 0, [1 x i8]* @p_str4844, [1 x i8]* @p_str4845, [1 x i8]* @p_str4846, i32 2, i32 2, i32 16, i32 16, [1 x i8]* @p_str4847, [1 x i8]* @p_str4848)"   --->   Operation 51 'specinterface' <Predicate = true> <Delay = 0.00>
ST_1 : Operation 52 [1/1] (0.00ns)   --->   "call void (...)* @_ssdm_op_SpecInterface(i16* %data_V_data_13_V, [8 x i8]* @ap_fifo_str, i32 0, i32 0, [1 x i8]* @p_str4836, i32 0, i32 0, [1 x i8]* @p_str4837, [1 x i8]* @p_str4838, [1 x i8]* @p_str4839, i32 2, i32 2, i32 16, i32 16, [1 x i8]* @p_str4840, [1 x i8]* @p_str4841)"   --->   Operation 52 'specinterface' <Predicate = true> <Delay = 0.00>
ST_1 : Operation 53 [1/1] (0.00ns)   --->   "call void (...)* @_ssdm_op_SpecInterface(i16* %data_V_data_12_V, [8 x i8]* @ap_fifo_str, i32 0, i32 0, [1 x i8]* @p_str4829, i32 0, i32 0, [1 x i8]* @p_str4830, [1 x i8]* @p_str4831, [1 x i8]* @p_str4832, i32 2, i32 2, i32 16, i32 16, [1 x i8]* @p_str4833, [1 x i8]* @p_str4834)"   --->   Operation 53 'specinterface' <Predicate = true> <Delay = 0.00>
ST_1 : Operation 54 [1/1] (0.00ns)   --->   "call void (...)* @_ssdm_op_SpecInterface(i16* %data_V_data_11_V, [8 x i8]* @ap_fifo_str, i32 0, i32 0, [1 x i8]* @p_str4822, i32 0, i32 0, [1 x i8]* @p_str4823, [1 x i8]* @p_str4824, [1 x i8]* @p_str4825, i32 2, i32 2, i32 16, i32 16, [1 x i8]* @p_str4826, [1 x i8]* @p_str4827)"   --->   Operation 54 'specinterface' <Predicate = true> <Delay = 0.00>
ST_1 : Operation 55 [1/1] (0.00ns)   --->   "call void (...)* @_ssdm_op_SpecInterface(i16* %data_V_data_10_V, [8 x i8]* @ap_fifo_str, i32 0, i32 0, [1 x i8]* @p_str4815, i32 0, i32 0, [1 x i8]* @p_str4816, [1 x i8]* @p_str4817, [1 x i8]* @p_str4818, i32 2, i32 2, i32 16, i32 16, [1 x i8]* @p_str4819, [1 x i8]* @p_str4820)"   --->   Operation 55 'specinterface' <Predicate = true> <Delay = 0.00>
ST_1 : Operation 56 [1/1] (0.00ns)   --->   "call void (...)* @_ssdm_op_SpecInterface(i16* %data_V_data_9_V, [8 x i8]* @ap_fifo_str, i32 0, i32 0, [1 x i8]* @p_str4808, i32 0, i32 0, [1 x i8]* @p_str4809, [1 x i8]* @p_str4810, [1 x i8]* @p_str4811, i32 2, i32 2, i32 16, i32 16, [1 x i8]* @p_str4812, [1 x i8]* @p_str4813)"   --->   Operation 56 'specinterface' <Predicate = true> <Delay = 0.00>
ST_1 : Operation 57 [1/1] (0.00ns)   --->   "call void (...)* @_ssdm_op_SpecInterface(i16* %data_V_data_8_V, [8 x i8]* @ap_fifo_str, i32 0, i32 0, [1 x i8]* @p_str4801, i32 0, i32 0, [1 x i8]* @p_str4802, [1 x i8]* @p_str4803, [1 x i8]* @p_str4804, i32 2, i32 2, i32 16, i32 16, [1 x i8]* @p_str4805, [1 x i8]* @p_str4806)"   --->   Operation 57 'specinterface' <Predicate = true> <Delay = 0.00>
ST_1 : Operation 58 [1/1] (0.00ns)   --->   "call void (...)* @_ssdm_op_SpecInterface(i16* %data_V_data_7_V, [8 x i8]* @ap_fifo_str, i32 0, i32 0, [1 x i8]* @p_str4794, i32 0, i32 0, [1 x i8]* @p_str4795, [1 x i8]* @p_str4796, [1 x i8]* @p_str4797, i32 2, i32 2, i32 16, i32 16, [1 x i8]* @p_str4798, [1 x i8]* @p_str4799)"   --->   Operation 58 'specinterface' <Predicate = true> <Delay = 0.00>
ST_1 : Operation 59 [1/1] (0.00ns)   --->   "call void (...)* @_ssdm_op_SpecInterface(i16* %data_V_data_6_V, [8 x i8]* @ap_fifo_str, i32 0, i32 0, [1 x i8]* @p_str4787, i32 0, i32 0, [1 x i8]* @p_str4788, [1 x i8]* @p_str4789, [1 x i8]* @p_str4790, i32 2, i32 2, i32 16, i32 16, [1 x i8]* @p_str4791, [1 x i8]* @p_str4792)"   --->   Operation 59 'specinterface' <Predicate = true> <Delay = 0.00>
ST_1 : Operation 60 [1/1] (0.00ns)   --->   "call void (...)* @_ssdm_op_SpecInterface(i16* %data_V_data_5_V, [8 x i8]* @ap_fifo_str, i32 0, i32 0, [1 x i8]* @p_str4780, i32 0, i32 0, [1 x i8]* @p_str4781, [1 x i8]* @p_str4782, [1 x i8]* @p_str4783, i32 2, i32 2, i32 16, i32 16, [1 x i8]* @p_str4784, [1 x i8]* @p_str4785)"   --->   Operation 60 'specinterface' <Predicate = true> <Delay = 0.00>
ST_1 : Operation 61 [1/1] (0.00ns)   --->   "call void (...)* @_ssdm_op_SpecInterface(i16* %data_V_data_4_V, [8 x i8]* @ap_fifo_str, i32 0, i32 0, [1 x i8]* @p_str4773, i32 0, i32 0, [1 x i8]* @p_str4774, [1 x i8]* @p_str4775, [1 x i8]* @p_str4776, i32 2, i32 2, i32 16, i32 16, [1 x i8]* @p_str4777, [1 x i8]* @p_str4778)"   --->   Operation 61 'specinterface' <Predicate = true> <Delay = 0.00>
ST_1 : Operation 62 [1/1] (0.00ns)   --->   "call void (...)* @_ssdm_op_SpecInterface(i16* %data_V_data_3_V, [8 x i8]* @ap_fifo_str, i32 0, i32 0, [1 x i8]* @p_str4766, i32 0, i32 0, [1 x i8]* @p_str4767, [1 x i8]* @p_str4768, [1 x i8]* @p_str4769, i32 2, i32 2, i32 16, i32 16, [1 x i8]* @p_str4770, [1 x i8]* @p_str4771)"   --->   Operation 62 'specinterface' <Predicate = true> <Delay = 0.00>
ST_1 : Operation 63 [1/1] (0.00ns)   --->   "call void (...)* @_ssdm_op_SpecInterface(i16* %data_V_data_2_V, [8 x i8]* @ap_fifo_str, i32 0, i32 0, [1 x i8]* @p_str4759, i32 0, i32 0, [1 x i8]* @p_str4760, [1 x i8]* @p_str4761, [1 x i8]* @p_str4762, i32 2, i32 2, i32 16, i32 16, [1 x i8]* @p_str4763, [1 x i8]* @p_str4764)"   --->   Operation 63 'specinterface' <Predicate = true> <Delay = 0.00>
ST_1 : Operation 64 [1/1] (0.00ns)   --->   "call void (...)* @_ssdm_op_SpecInterface(i16* %data_V_data_1_V, [8 x i8]* @ap_fifo_str, i32 0, i32 0, [1 x i8]* @p_str4752, i32 0, i32 0, [1 x i8]* @p_str4753, [1 x i8]* @p_str4754, [1 x i8]* @p_str4755, i32 2, i32 2, i32 16, i32 16, [1 x i8]* @p_str4756, [1 x i8]* @p_str4757)"   --->   Operation 64 'specinterface' <Predicate = true> <Delay = 0.00>
ST_1 : Operation 65 [1/1] (0.00ns)   --->   "call void (...)* @_ssdm_op_SpecInterface(i16* %data_V_data_0_V, [8 x i8]* @ap_fifo_str, i32 0, i32 0, [1 x i8]* @p_str4745, i32 0, i32 0, [1 x i8]* @p_str4746, [1 x i8]* @p_str4747, [1 x i8]* @p_str4748, i32 2, i32 2, i32 16, i32 16, [1 x i8]* @p_str4749, [1 x i8]* @p_str4750)"   --->   Operation 65 'specinterface' <Predicate = true> <Delay = 0.00>
ST_1 : Operation 66 [1/1] (0.00ns)   --->   "call void (...)* @_ssdm_op_SpecLoopName([12 x i8]* @p_str60) nounwind" [firmware/nnet_utils/nnet_activation_stream.h:41]   --->   Operation 66 'specloopname' <Predicate = true> <Delay = 0.00>
ST_1 : Operation 67 [1/1] (0.00ns)   --->   "%tmp = call i32 (...)* @_ssdm_op_SpecRegionBegin([12 x i8]* @p_str60)" [firmware/nnet_utils/nnet_activation_stream.h:41]   --->   Operation 67 'specregionbegin' 'tmp' <Predicate = true> <Delay = 0.00>
ST_1 : Operation 68 [1/1] (0.00ns)   --->   "call void (...)* @_ssdm_op_SpecPipeline(i32 -1, i32 1, i32 1, i32 0, [1 x i8]* @p_str28) nounwind" [firmware/nnet_utils/nnet_activation_stream.h:42]   --->   Operation 68 'specpipeline' <Predicate = true> <Delay = 0.00>
ST_1 : Operation 69 [1/1] (-0.3ns)   --->   "%empty = call { i16, i16, i16, i16, i16, i16, i16, i16, i16, i16, i16, i16, i16, i16, i16, i16, i16, i16, i16, i16, i16, i16, i16, i16, i16, i16, i16, i16, i16, i16, i16, i16 } @_ssdm_op_Read.ap_fifo.volatile.i16P.i16P.i16P.i16P.i16P.i16P.i16P.i16P.i16P.i16P.i16P.i16P.i16P.i16P.i16P.i16P.i16P.i16P.i16P.i16P.i16P.i16P.i16P.i16P.i16P.i16P.i16P.i16P.i16P.i16P.i16P.i16P(i16* %data_V_data_0_V, i16* %data_V_data_1_V, i16* %data_V_data_2_V, i16* %data_V_data_3_V, i16* %data_V_data_4_V, i16* %data_V_data_5_V, i16* %data_V_data_6_V, i16* %data_V_data_7_V, i16* %data_V_data_8_V, i16* %data_V_data_9_V, i16* %data_V_data_10_V, i16* %data_V_data_11_V, i16* %data_V_data_12_V, i16* %data_V_data_13_V, i16* %data_V_data_14_V, i16* %data_V_data_15_V, i16* %data_V_data_16_V, i16* %data_V_data_17_V, i16* %data_V_data_18_V, i16* %data_V_data_19_V, i16* %data_V_data_20_V, i16* %data_V_data_21_V, i16* %data_V_data_22_V, i16* %data_V_data_23_V, i16* %data_V_data_24_V, i16* %data_V_data_25_V, i16* %data_V_data_26_V, i16* %data_V_data_27_V, i16* %data_V_data_28_V, i16* %data_V_data_29_V, i16* %data_V_data_30_V, i16* %data_V_data_31_V)" [firmware/nnet_utils/nnet_activation_stream.h:44]   --->   Operation 69 'read' 'empty' <Predicate = true> <Delay = -0.3> <Core = "FSL">   --->   Core 4 'FSL' <Latency = 0> <II = 1> <Delay = 1.00> <Adapter> <Opcode : 'read' 'write' 'nbread' 'nbwrite'>
ST_1 : Operation 70 [1/1] (0.00ns)   --->   "%tmp_data_V_0 = extractvalue { i16, i16, i16, i16, i16, i16, i16, i16, i16, i16, i16, i16, i16, i16, i16, i16, i16, i16, i16, i16, i16, i16, i16, i16, i16, i16, i16, i16, i16, i16, i16, i16 } %empty, 0" [firmware/nnet_utils/nnet_activation_stream.h:44]   --->   Operation 70 'extractvalue' 'tmp_data_V_0' <Predicate = true> <Delay = 0.00>
ST_1 : Operation 71 [1/1] (0.00ns)   --->   "%tmp_data_V_1 = extractvalue { i16, i16, i16, i16, i16, i16, i16, i16, i16, i16, i16, i16, i16, i16, i16, i16, i16, i16, i16, i16, i16, i16, i16, i16, i16, i16, i16, i16, i16, i16, i16, i16 } %empty, 1" [firmware/nnet_utils/nnet_activation_stream.h:44]   --->   Operation 71 'extractvalue' 'tmp_data_V_1' <Predicate = true> <Delay = 0.00>
ST_1 : Operation 72 [1/1] (0.00ns)   --->   "%tmp_data_V_2 = extractvalue { i16, i16, i16, i16, i16, i16, i16, i16, i16, i16, i16, i16, i16, i16, i16, i16, i16, i16, i16, i16, i16, i16, i16, i16, i16, i16, i16, i16, i16, i16, i16, i16 } %empty, 2" [firmware/nnet_utils/nnet_activation_stream.h:44]   --->   Operation 72 'extractvalue' 'tmp_data_V_2' <Predicate = true> <Delay = 0.00>
ST_1 : Operation 73 [1/1] (0.00ns)   --->   "%tmp_data_V_3 = extractvalue { i16, i16, i16, i16, i16, i16, i16, i16, i16, i16, i16, i16, i16, i16, i16, i16, i16, i16, i16, i16, i16, i16, i16, i16, i16, i16, i16, i16, i16, i16, i16, i16 } %empty, 3" [firmware/nnet_utils/nnet_activation_stream.h:44]   --->   Operation 73 'extractvalue' 'tmp_data_V_3' <Predicate = true> <Delay = 0.00>
ST_1 : Operation 74 [1/1] (0.00ns)   --->   "%tmp_data_V_4 = extractvalue { i16, i16, i16, i16, i16, i16, i16, i16, i16, i16, i16, i16, i16, i16, i16, i16, i16, i16, i16, i16, i16, i16, i16, i16, i16, i16, i16, i16, i16, i16, i16, i16 } %empty, 4" [firmware/nnet_utils/nnet_activation_stream.h:44]   --->   Operation 74 'extractvalue' 'tmp_data_V_4' <Predicate = true> <Delay = 0.00>
ST_1 : Operation 75 [1/1] (0.00ns)   --->   "%tmp_data_V_537 = extractvalue { i16, i16, i16, i16, i16, i16, i16, i16, i16, i16, i16, i16, i16, i16, i16, i16, i16, i16, i16, i16, i16, i16, i16, i16, i16, i16, i16, i16, i16, i16, i16, i16 } %empty, 5" [firmware/nnet_utils/nnet_activation_stream.h:44]   --->   Operation 75 'extractvalue' 'tmp_data_V_537' <Predicate = true> <Delay = 0.00>
ST_1 : Operation 76 [1/1] (0.00ns)   --->   "%tmp_data_V_6 = extractvalue { i16, i16, i16, i16, i16, i16, i16, i16, i16, i16, i16, i16, i16, i16, i16, i16, i16, i16, i16, i16, i16, i16, i16, i16, i16, i16, i16, i16, i16, i16, i16, i16 } %empty, 6" [firmware/nnet_utils/nnet_activation_stream.h:44]   --->   Operation 76 'extractvalue' 'tmp_data_V_6' <Predicate = true> <Delay = 0.00>
ST_1 : Operation 77 [1/1] (0.00ns)   --->   "%tmp_data_V_7 = extractvalue { i16, i16, i16, i16, i16, i16, i16, i16, i16, i16, i16, i16, i16, i16, i16, i16, i16, i16, i16, i16, i16, i16, i16, i16, i16, i16, i16, i16, i16, i16, i16, i16 } %empty, 7" [firmware/nnet_utils/nnet_activation_stream.h:44]   --->   Operation 77 'extractvalue' 'tmp_data_V_7' <Predicate = true> <Delay = 0.00>
ST_1 : Operation 78 [1/1] (0.00ns)   --->   "%tmp_data_V_8 = extractvalue { i16, i16, i16, i16, i16, i16, i16, i16, i16, i16, i16, i16, i16, i16, i16, i16, i16, i16, i16, i16, i16, i16, i16, i16, i16, i16, i16, i16, i16, i16, i16, i16 } %empty, 8" [firmware/nnet_utils/nnet_activation_stream.h:44]   --->   Operation 78 'extractvalue' 'tmp_data_V_8' <Predicate = true> <Delay = 0.00>
ST_1 : Operation 79 [1/1] (0.00ns)   --->   "%tmp_data_V_9 = extractvalue { i16, i16, i16, i16, i16, i16, i16, i16, i16, i16, i16, i16, i16, i16, i16, i16, i16, i16, i16, i16, i16, i16, i16, i16, i16, i16, i16, i16, i16, i16, i16, i16 } %empty, 9" [firmware/nnet_utils/nnet_activation_stream.h:44]   --->   Operation 79 'extractvalue' 'tmp_data_V_9' <Predicate = true> <Delay = 0.00>
ST_1 : Operation 80 [1/1] (0.00ns)   --->   "%tmp_data_V_10 = extractvalue { i16, i16, i16, i16, i16, i16, i16, i16, i16, i16, i16, i16, i16, i16, i16, i16, i16, i16, i16, i16, i16, i16, i16, i16, i16, i16, i16, i16, i16, i16, i16, i16 } %empty, 10" [firmware/nnet_utils/nnet_activation_stream.h:44]   --->   Operation 80 'extractvalue' 'tmp_data_V_10' <Predicate = true> <Delay = 0.00>
ST_1 : Operation 81 [1/1] (0.00ns)   --->   "%tmp_data_V_11 = extractvalue { i16, i16, i16, i16, i16, i16, i16, i16, i16, i16, i16, i16, i16, i16, i16, i16, i16, i16, i16, i16, i16, i16, i16, i16, i16, i16, i16, i16, i16, i16, i16, i16 } %empty, 11" [firmware/nnet_utils/nnet_activation_stream.h:44]   --->   Operation 81 'extractvalue' 'tmp_data_V_11' <Predicate = true> <Delay = 0.00>
ST_1 : Operation 82 [1/1] (0.00ns)   --->   "%tmp_data_V_12 = extractvalue { i16, i16, i16, i16, i16, i16, i16, i16, i16, i16, i16, i16, i16, i16, i16, i16, i16, i16, i16, i16, i16, i16, i16, i16, i16, i16, i16, i16, i16, i16, i16, i16 } %empty, 12" [firmware/nnet_utils/nnet_activation_stream.h:44]   --->   Operation 82 'extractvalue' 'tmp_data_V_12' <Predicate = true> <Delay = 0.00>
ST_1 : Operation 83 [1/1] (0.00ns)   --->   "%tmp_data_V_13 = extractvalue { i16, i16, i16, i16, i16, i16, i16, i16, i16, i16, i16, i16, i16, i16, i16, i16, i16, i16, i16, i16, i16, i16, i16, i16, i16, i16, i16, i16, i16, i16, i16, i16 } %empty, 13" [firmware/nnet_utils/nnet_activation_stream.h:44]   --->   Operation 83 'extractvalue' 'tmp_data_V_13' <Predicate = true> <Delay = 0.00>
ST_1 : Operation 84 [1/1] (0.00ns)   --->   "%tmp_data_V_14 = extractvalue { i16, i16, i16, i16, i16, i16, i16, i16, i16, i16, i16, i16, i16, i16, i16, i16, i16, i16, i16, i16, i16, i16, i16, i16, i16, i16, i16, i16, i16, i16, i16, i16 } %empty, 14" [firmware/nnet_utils/nnet_activation_stream.h:44]   --->   Operation 84 'extractvalue' 'tmp_data_V_14' <Predicate = true> <Delay = 0.00>
ST_1 : Operation 85 [1/1] (0.00ns)   --->   "%tmp_data_V_15 = extractvalue { i16, i16, i16, i16, i16, i16, i16, i16, i16, i16, i16, i16, i16, i16, i16, i16, i16, i16, i16, i16, i16, i16, i16, i16, i16, i16, i16, i16, i16, i16, i16, i16 } %empty, 15" [firmware/nnet_utils/nnet_activation_stream.h:44]   --->   Operation 85 'extractvalue' 'tmp_data_V_15' <Predicate = true> <Delay = 0.00>
ST_1 : Operation 86 [1/1] (0.00ns)   --->   "%tmp_data_V_16 = extractvalue { i16, i16, i16, i16, i16, i16, i16, i16, i16, i16, i16, i16, i16, i16, i16, i16, i16, i16, i16, i16, i16, i16, i16, i16, i16, i16, i16, i16, i16, i16, i16, i16 } %empty, 16" [firmware/nnet_utils/nnet_activation_stream.h:44]   --->   Operation 86 'extractvalue' 'tmp_data_V_16' <Predicate = true> <Delay = 0.00>
ST_1 : Operation 87 [1/1] (0.00ns)   --->   "%tmp_data_V_17 = extractvalue { i16, i16, i16, i16, i16, i16, i16, i16, i16, i16, i16, i16, i16, i16, i16, i16, i16, i16, i16, i16, i16, i16, i16, i16, i16, i16, i16, i16, i16, i16, i16, i16 } %empty, 17" [firmware/nnet_utils/nnet_activation_stream.h:44]   --->   Operation 87 'extractvalue' 'tmp_data_V_17' <Predicate = true> <Delay = 0.00>
ST_1 : Operation 88 [1/1] (0.00ns)   --->   "%tmp_data_V_18 = extractvalue { i16, i16, i16, i16, i16, i16, i16, i16, i16, i16, i16, i16, i16, i16, i16, i16, i16, i16, i16, i16, i16, i16, i16, i16, i16, i16, i16, i16, i16, i16, i16, i16 } %empty, 18" [firmware/nnet_utils/nnet_activation_stream.h:44]   --->   Operation 88 'extractvalue' 'tmp_data_V_18' <Predicate = true> <Delay = 0.00>
ST_1 : Operation 89 [1/1] (0.00ns)   --->   "%tmp_data_V_19 = extractvalue { i16, i16, i16, i16, i16, i16, i16, i16, i16, i16, i16, i16, i16, i16, i16, i16, i16, i16, i16, i16, i16, i16, i16, i16, i16, i16, i16, i16, i16, i16, i16, i16 } %empty, 19" [firmware/nnet_utils/nnet_activation_stream.h:44]   --->   Operation 89 'extractvalue' 'tmp_data_V_19' <Predicate = true> <Delay = 0.00>
ST_1 : Operation 90 [1/1] (0.00ns)   --->   "%tmp_data_V_20 = extractvalue { i16, i16, i16, i16, i16, i16, i16, i16, i16, i16, i16, i16, i16, i16, i16, i16, i16, i16, i16, i16, i16, i16, i16, i16, i16, i16, i16, i16, i16, i16, i16, i16 } %empty, 20" [firmware/nnet_utils/nnet_activation_stream.h:44]   --->   Operation 90 'extractvalue' 'tmp_data_V_20' <Predicate = true> <Delay = 0.00>
ST_1 : Operation 91 [1/1] (0.00ns)   --->   "%tmp_data_V_21 = extractvalue { i16, i16, i16, i16, i16, i16, i16, i16, i16, i16, i16, i16, i16, i16, i16, i16, i16, i16, i16, i16, i16, i16, i16, i16, i16, i16, i16, i16, i16, i16, i16, i16 } %empty, 21" [firmware/nnet_utils/nnet_activation_stream.h:44]   --->   Operation 91 'extractvalue' 'tmp_data_V_21' <Predicate = true> <Delay = 0.00>
ST_1 : Operation 92 [1/1] (0.00ns)   --->   "%tmp_data_V_22 = extractvalue { i16, i16, i16, i16, i16, i16, i16, i16, i16, i16, i16, i16, i16, i16, i16, i16, i16, i16, i16, i16, i16, i16, i16, i16, i16, i16, i16, i16, i16, i16, i16, i16 } %empty, 22" [firmware/nnet_utils/nnet_activation_stream.h:44]   --->   Operation 92 'extractvalue' 'tmp_data_V_22' <Predicate = true> <Delay = 0.00>
ST_1 : Operation 93 [1/1] (0.00ns)   --->   "%tmp_data_V_23 = extractvalue { i16, i16, i16, i16, i16, i16, i16, i16, i16, i16, i16, i16, i16, i16, i16, i16, i16, i16, i16, i16, i16, i16, i16, i16, i16, i16, i16, i16, i16, i16, i16, i16 } %empty, 23" [firmware/nnet_utils/nnet_activation_stream.h:44]   --->   Operation 93 'extractvalue' 'tmp_data_V_23' <Predicate = true> <Delay = 0.00>
ST_1 : Operation 94 [1/1] (0.00ns)   --->   "%tmp_data_V_24 = extractvalue { i16, i16, i16, i16, i16, i16, i16, i16, i16, i16, i16, i16, i16, i16, i16, i16, i16, i16, i16, i16, i16, i16, i16, i16, i16, i16, i16, i16, i16, i16, i16, i16 } %empty, 24" [firmware/nnet_utils/nnet_activation_stream.h:44]   --->   Operation 94 'extractvalue' 'tmp_data_V_24' <Predicate = true> <Delay = 0.00>
ST_1 : Operation 95 [1/1] (0.00ns)   --->   "%tmp_data_V_25 = extractvalue { i16, i16, i16, i16, i16, i16, i16, i16, i16, i16, i16, i16, i16, i16, i16, i16, i16, i16, i16, i16, i16, i16, i16, i16, i16, i16, i16, i16, i16, i16, i16, i16 } %empty, 25" [firmware/nnet_utils/nnet_activation_stream.h:44]   --->   Operation 95 'extractvalue' 'tmp_data_V_25' <Predicate = true> <Delay = 0.00>
ST_1 : Operation 96 [1/1] (0.00ns)   --->   "%tmp_data_V_26 = extractvalue { i16, i16, i16, i16, i16, i16, i16, i16, i16, i16, i16, i16, i16, i16, i16, i16, i16, i16, i16, i16, i16, i16, i16, i16, i16, i16, i16, i16, i16, i16, i16, i16 } %empty, 26" [firmware/nnet_utils/nnet_activation_stream.h:44]   --->   Operation 96 'extractvalue' 'tmp_data_V_26' <Predicate = true> <Delay = 0.00>
ST_1 : Operation 97 [1/1] (0.00ns)   --->   "%tmp_data_V_27 = extractvalue { i16, i16, i16, i16, i16, i16, i16, i16, i16, i16, i16, i16, i16, i16, i16, i16, i16, i16, i16, i16, i16, i16, i16, i16, i16, i16, i16, i16, i16, i16, i16, i16 } %empty, 27" [firmware/nnet_utils/nnet_activation_stream.h:44]   --->   Operation 97 'extractvalue' 'tmp_data_V_27' <Predicate = true> <Delay = 0.00>
ST_1 : Operation 98 [1/1] (0.00ns)   --->   "%tmp_data_V_28 = extractvalue { i16, i16, i16, i16, i16, i16, i16, i16, i16, i16, i16, i16, i16, i16, i16, i16, i16, i16, i16, i16, i16, i16, i16, i16, i16, i16, i16, i16, i16, i16, i16, i16 } %empty, 28" [firmware/nnet_utils/nnet_activation_stream.h:44]   --->   Operation 98 'extractvalue' 'tmp_data_V_28' <Predicate = true> <Delay = 0.00>
ST_1 : Operation 99 [1/1] (0.00ns)   --->   "%tmp_data_V_29 = extractvalue { i16, i16, i16, i16, i16, i16, i16, i16, i16, i16, i16, i16, i16, i16, i16, i16, i16, i16, i16, i16, i16, i16, i16, i16, i16, i16, i16, i16, i16, i16, i16, i16 } %empty, 29" [firmware/nnet_utils/nnet_activation_stream.h:44]   --->   Operation 99 'extractvalue' 'tmp_data_V_29' <Predicate = true> <Delay = 0.00>
ST_1 : Operation 100 [1/1] (0.00ns)   --->   "%tmp_data_V_30 = extractvalue { i16, i16, i16, i16, i16, i16, i16, i16, i16, i16, i16, i16, i16, i16, i16, i16, i16, i16, i16, i16, i16, i16, i16, i16, i16, i16, i16, i16, i16, i16, i16, i16 } %empty, 30" [firmware/nnet_utils/nnet_activation_stream.h:44]   --->   Operation 100 'extractvalue' 'tmp_data_V_30' <Predicate = true> <Delay = 0.00>
ST_1 : Operation 101 [1/1] (0.00ns)   --->   "%tmp_data_V_31 = extractvalue { i16, i16, i16, i16, i16, i16, i16, i16, i16, i16, i16, i16, i16, i16, i16, i16, i16, i16, i16, i16, i16, i16, i16, i16, i16, i16, i16, i16, i16, i16, i16, i16 } %empty, 31" [firmware/nnet_utils/nnet_activation_stream.h:44]   --->   Operation 101 'extractvalue' 'tmp_data_V_31' <Predicate = true> <Delay = 0.00>
ST_1 : Operation 102 [1/1] (2.42ns)   --->   "%icmp_ln1494 = icmp sgt i16 %tmp_data_V_0, 0" [firmware/nnet_utils/nnet_activation_stream.h:51]   --->   Operation 102 'icmp' 'icmp_ln1494' <Predicate = true> <Delay = 2.42> <Core = "Cmp">   --->   Core 25 'Cmp' <Latency = 0> <II = 1> <Delay = 2.42> <FuncUnit> <Opcode : 'icmp'> <InPorts = 2> <OutPorts = 1>
ST_1 : Operation 103 [1/1] (2.42ns)   --->   "%icmp_ln1494_1 = icmp sgt i16 %tmp_data_V_1, 0" [firmware/nnet_utils/nnet_activation_stream.h:51]   --->   Operation 103 'icmp' 'icmp_ln1494_1' <Predicate = true> <Delay = 2.42> <Core = "Cmp">   --->   Core 25 'Cmp' <Latency = 0> <II = 1> <Delay = 2.42> <FuncUnit> <Opcode : 'icmp'> <InPorts = 2> <OutPorts = 1>
ST_1 : Operation 104 [1/1] (2.42ns)   --->   "%icmp_ln1494_2 = icmp sgt i16 %tmp_data_V_2, 0" [firmware/nnet_utils/nnet_activation_stream.h:51]   --->   Operation 104 'icmp' 'icmp_ln1494_2' <Predicate = true> <Delay = 2.42> <Core = "Cmp">   --->   Core 25 'Cmp' <Latency = 0> <II = 1> <Delay = 2.42> <FuncUnit> <Opcode : 'icmp'> <InPorts = 2> <OutPorts = 1>
ST_1 : Operation 105 [1/1] (2.42ns)   --->   "%icmp_ln1494_3 = icmp sgt i16 %tmp_data_V_3, 0" [firmware/nnet_utils/nnet_activation_stream.h:51]   --->   Operation 105 'icmp' 'icmp_ln1494_3' <Predicate = true> <Delay = 2.42> <Core = "Cmp">   --->   Core 25 'Cmp' <Latency = 0> <II = 1> <Delay = 2.42> <FuncUnit> <Opcode : 'icmp'> <InPorts = 2> <OutPorts = 1>
ST_1 : Operation 106 [1/1] (2.42ns)   --->   "%icmp_ln1494_4 = icmp sgt i16 %tmp_data_V_4, 0" [firmware/nnet_utils/nnet_activation_stream.h:51]   --->   Operation 106 'icmp' 'icmp_ln1494_4' <Predicate = true> <Delay = 2.42> <Core = "Cmp">   --->   Core 25 'Cmp' <Latency = 0> <II = 1> <Delay = 2.42> <FuncUnit> <Opcode : 'icmp'> <InPorts = 2> <OutPorts = 1>
ST_1 : Operation 107 [1/1] (2.42ns)   --->   "%icmp_ln1494_5 = icmp sgt i16 %tmp_data_V_537, 0" [firmware/nnet_utils/nnet_activation_stream.h:51]   --->   Operation 107 'icmp' 'icmp_ln1494_5' <Predicate = true> <Delay = 2.42> <Core = "Cmp">   --->   Core 25 'Cmp' <Latency = 0> <II = 1> <Delay = 2.42> <FuncUnit> <Opcode : 'icmp'> <InPorts = 2> <OutPorts = 1>
ST_1 : Operation 108 [1/1] (2.42ns)   --->   "%icmp_ln1494_6 = icmp sgt i16 %tmp_data_V_6, 0" [firmware/nnet_utils/nnet_activation_stream.h:51]   --->   Operation 108 'icmp' 'icmp_ln1494_6' <Predicate = true> <Delay = 2.42> <Core = "Cmp">   --->   Core 25 'Cmp' <Latency = 0> <II = 1> <Delay = 2.42> <FuncUnit> <Opcode : 'icmp'> <InPorts = 2> <OutPorts = 1>
ST_1 : Operation 109 [1/1] (2.42ns)   --->   "%icmp_ln1494_7 = icmp sgt i16 %tmp_data_V_7, 0" [firmware/nnet_utils/nnet_activation_stream.h:51]   --->   Operation 109 'icmp' 'icmp_ln1494_7' <Predicate = true> <Delay = 2.42> <Core = "Cmp">   --->   Core 25 'Cmp' <Latency = 0> <II = 1> <Delay = 2.42> <FuncUnit> <Opcode : 'icmp'> <InPorts = 2> <OutPorts = 1>
ST_1 : Operation 110 [1/1] (2.42ns)   --->   "%icmp_ln1494_8 = icmp sgt i16 %tmp_data_V_8, 0" [firmware/nnet_utils/nnet_activation_stream.h:51]   --->   Operation 110 'icmp' 'icmp_ln1494_8' <Predicate = true> <Delay = 2.42> <Core = "Cmp">   --->   Core 25 'Cmp' <Latency = 0> <II = 1> <Delay = 2.42> <FuncUnit> <Opcode : 'icmp'> <InPorts = 2> <OutPorts = 1>
ST_1 : Operation 111 [1/1] (2.42ns)   --->   "%icmp_ln1494_9 = icmp sgt i16 %tmp_data_V_9, 0" [firmware/nnet_utils/nnet_activation_stream.h:51]   --->   Operation 111 'icmp' 'icmp_ln1494_9' <Predicate = true> <Delay = 2.42> <Core = "Cmp">   --->   Core 25 'Cmp' <Latency = 0> <II = 1> <Delay = 2.42> <FuncUnit> <Opcode : 'icmp'> <InPorts = 2> <OutPorts = 1>
ST_1 : Operation 112 [1/1] (2.42ns)   --->   "%icmp_ln1494_10 = icmp sgt i16 %tmp_data_V_10, 0" [firmware/nnet_utils/nnet_activation_stream.h:51]   --->   Operation 112 'icmp' 'icmp_ln1494_10' <Predicate = true> <Delay = 2.42> <Core = "Cmp">   --->   Core 25 'Cmp' <Latency = 0> <II = 1> <Delay = 2.42> <FuncUnit> <Opcode : 'icmp'> <InPorts = 2> <OutPorts = 1>
ST_1 : Operation 113 [1/1] (2.42ns)   --->   "%icmp_ln1494_11 = icmp sgt i16 %tmp_data_V_11, 0" [firmware/nnet_utils/nnet_activation_stream.h:51]   --->   Operation 113 'icmp' 'icmp_ln1494_11' <Predicate = true> <Delay = 2.42> <Core = "Cmp">   --->   Core 25 'Cmp' <Latency = 0> <II = 1> <Delay = 2.42> <FuncUnit> <Opcode : 'icmp'> <InPorts = 2> <OutPorts = 1>
ST_1 : Operation 114 [1/1] (2.42ns)   --->   "%icmp_ln1494_12 = icmp sgt i16 %tmp_data_V_12, 0" [firmware/nnet_utils/nnet_activation_stream.h:51]   --->   Operation 114 'icmp' 'icmp_ln1494_12' <Predicate = true> <Delay = 2.42> <Core = "Cmp">   --->   Core 25 'Cmp' <Latency = 0> <II = 1> <Delay = 2.42> <FuncUnit> <Opcode : 'icmp'> <InPorts = 2> <OutPorts = 1>
ST_1 : Operation 115 [1/1] (2.42ns)   --->   "%icmp_ln1494_13 = icmp sgt i16 %tmp_data_V_13, 0" [firmware/nnet_utils/nnet_activation_stream.h:51]   --->   Operation 115 'icmp' 'icmp_ln1494_13' <Predicate = true> <Delay = 2.42> <Core = "Cmp">   --->   Core 25 'Cmp' <Latency = 0> <II = 1> <Delay = 2.42> <FuncUnit> <Opcode : 'icmp'> <InPorts = 2> <OutPorts = 1>
ST_1 : Operation 116 [1/1] (2.42ns)   --->   "%icmp_ln1494_14 = icmp sgt i16 %tmp_data_V_14, 0" [firmware/nnet_utils/nnet_activation_stream.h:51]   --->   Operation 116 'icmp' 'icmp_ln1494_14' <Predicate = true> <Delay = 2.42> <Core = "Cmp">   --->   Core 25 'Cmp' <Latency = 0> <II = 1> <Delay = 2.42> <FuncUnit> <Opcode : 'icmp'> <InPorts = 2> <OutPorts = 1>
ST_1 : Operation 117 [1/1] (2.42ns)   --->   "%icmp_ln1494_15 = icmp sgt i16 %tmp_data_V_15, 0" [firmware/nnet_utils/nnet_activation_stream.h:51]   --->   Operation 117 'icmp' 'icmp_ln1494_15' <Predicate = true> <Delay = 2.42> <Core = "Cmp">   --->   Core 25 'Cmp' <Latency = 0> <II = 1> <Delay = 2.42> <FuncUnit> <Opcode : 'icmp'> <InPorts = 2> <OutPorts = 1>
ST_1 : Operation 118 [1/1] (2.42ns)   --->   "%icmp_ln1494_16 = icmp sgt i16 %tmp_data_V_16, 0" [firmware/nnet_utils/nnet_activation_stream.h:51]   --->   Operation 118 'icmp' 'icmp_ln1494_16' <Predicate = true> <Delay = 2.42> <Core = "Cmp">   --->   Core 25 'Cmp' <Latency = 0> <II = 1> <Delay = 2.42> <FuncUnit> <Opcode : 'icmp'> <InPorts = 2> <OutPorts = 1>
ST_1 : Operation 119 [1/1] (2.42ns)   --->   "%icmp_ln1494_17 = icmp sgt i16 %tmp_data_V_17, 0" [firmware/nnet_utils/nnet_activation_stream.h:51]   --->   Operation 119 'icmp' 'icmp_ln1494_17' <Predicate = true> <Delay = 2.42> <Core = "Cmp">   --->   Core 25 'Cmp' <Latency = 0> <II = 1> <Delay = 2.42> <FuncUnit> <Opcode : 'icmp'> <InPorts = 2> <OutPorts = 1>
ST_1 : Operation 120 [1/1] (2.42ns)   --->   "%icmp_ln1494_18 = icmp sgt i16 %tmp_data_V_18, 0" [firmware/nnet_utils/nnet_activation_stream.h:51]   --->   Operation 120 'icmp' 'icmp_ln1494_18' <Predicate = true> <Delay = 2.42> <Core = "Cmp">   --->   Core 25 'Cmp' <Latency = 0> <II = 1> <Delay = 2.42> <FuncUnit> <Opcode : 'icmp'> <InPorts = 2> <OutPorts = 1>
ST_1 : Operation 121 [1/1] (2.42ns)   --->   "%icmp_ln1494_19 = icmp sgt i16 %tmp_data_V_19, 0" [firmware/nnet_utils/nnet_activation_stream.h:51]   --->   Operation 121 'icmp' 'icmp_ln1494_19' <Predicate = true> <Delay = 2.42> <Core = "Cmp">   --->   Core 25 'Cmp' <Latency = 0> <II = 1> <Delay = 2.42> <FuncUnit> <Opcode : 'icmp'> <InPorts = 2> <OutPorts = 1>
ST_1 : Operation 122 [1/1] (2.42ns)   --->   "%icmp_ln1494_20 = icmp sgt i16 %tmp_data_V_20, 0" [firmware/nnet_utils/nnet_activation_stream.h:51]   --->   Operation 122 'icmp' 'icmp_ln1494_20' <Predicate = true> <Delay = 2.42> <Core = "Cmp">   --->   Core 25 'Cmp' <Latency = 0> <II = 1> <Delay = 2.42> <FuncUnit> <Opcode : 'icmp'> <InPorts = 2> <OutPorts = 1>
ST_1 : Operation 123 [1/1] (2.42ns)   --->   "%icmp_ln1494_21 = icmp sgt i16 %tmp_data_V_21, 0" [firmware/nnet_utils/nnet_activation_stream.h:51]   --->   Operation 123 'icmp' 'icmp_ln1494_21' <Predicate = true> <Delay = 2.42> <Core = "Cmp">   --->   Core 25 'Cmp' <Latency = 0> <II = 1> <Delay = 2.42> <FuncUnit> <Opcode : 'icmp'> <InPorts = 2> <OutPorts = 1>
ST_1 : Operation 124 [1/1] (2.42ns)   --->   "%icmp_ln1494_22 = icmp sgt i16 %tmp_data_V_22, 0" [firmware/nnet_utils/nnet_activation_stream.h:51]   --->   Operation 124 'icmp' 'icmp_ln1494_22' <Predicate = true> <Delay = 2.42> <Core = "Cmp">   --->   Core 25 'Cmp' <Latency = 0> <II = 1> <Delay = 2.42> <FuncUnit> <Opcode : 'icmp'> <InPorts = 2> <OutPorts = 1>
ST_1 : Operation 125 [1/1] (2.42ns)   --->   "%icmp_ln1494_23 = icmp sgt i16 %tmp_data_V_23, 0" [firmware/nnet_utils/nnet_activation_stream.h:51]   --->   Operation 125 'icmp' 'icmp_ln1494_23' <Predicate = true> <Delay = 2.42> <Core = "Cmp">   --->   Core 25 'Cmp' <Latency = 0> <II = 1> <Delay = 2.42> <FuncUnit> <Opcode : 'icmp'> <InPorts = 2> <OutPorts = 1>
ST_1 : Operation 126 [1/1] (2.42ns)   --->   "%icmp_ln1494_24 = icmp sgt i16 %tmp_data_V_24, 0" [firmware/nnet_utils/nnet_activation_stream.h:51]   --->   Operation 126 'icmp' 'icmp_ln1494_24' <Predicate = true> <Delay = 2.42> <Core = "Cmp">   --->   Core 25 'Cmp' <Latency = 0> <II = 1> <Delay = 2.42> <FuncUnit> <Opcode : 'icmp'> <InPorts = 2> <OutPorts = 1>
ST_1 : Operation 127 [1/1] (2.42ns)   --->   "%icmp_ln1494_25 = icmp sgt i16 %tmp_data_V_25, 0" [firmware/nnet_utils/nnet_activation_stream.h:51]   --->   Operation 127 'icmp' 'icmp_ln1494_25' <Predicate = true> <Delay = 2.42> <Core = "Cmp">   --->   Core 25 'Cmp' <Latency = 0> <II = 1> <Delay = 2.42> <FuncUnit> <Opcode : 'icmp'> <InPorts = 2> <OutPorts = 1>
ST_1 : Operation 128 [1/1] (2.42ns)   --->   "%icmp_ln1494_26 = icmp sgt i16 %tmp_data_V_26, 0" [firmware/nnet_utils/nnet_activation_stream.h:51]   --->   Operation 128 'icmp' 'icmp_ln1494_26' <Predicate = true> <Delay = 2.42> <Core = "Cmp">   --->   Core 25 'Cmp' <Latency = 0> <II = 1> <Delay = 2.42> <FuncUnit> <Opcode : 'icmp'> <InPorts = 2> <OutPorts = 1>
ST_1 : Operation 129 [1/1] (2.42ns)   --->   "%icmp_ln1494_27 = icmp sgt i16 %tmp_data_V_27, 0" [firmware/nnet_utils/nnet_activation_stream.h:51]   --->   Operation 129 'icmp' 'icmp_ln1494_27' <Predicate = true> <Delay = 2.42> <Core = "Cmp">   --->   Core 25 'Cmp' <Latency = 0> <II = 1> <Delay = 2.42> <FuncUnit> <Opcode : 'icmp'> <InPorts = 2> <OutPorts = 1>
ST_1 : Operation 130 [1/1] (2.42ns)   --->   "%icmp_ln1494_28 = icmp sgt i16 %tmp_data_V_28, 0" [firmware/nnet_utils/nnet_activation_stream.h:51]   --->   Operation 130 'icmp' 'icmp_ln1494_28' <Predicate = true> <Delay = 2.42> <Core = "Cmp">   --->   Core 25 'Cmp' <Latency = 0> <II = 1> <Delay = 2.42> <FuncUnit> <Opcode : 'icmp'> <InPorts = 2> <OutPorts = 1>
ST_1 : Operation 131 [1/1] (2.42ns)   --->   "%icmp_ln1494_29 = icmp sgt i16 %tmp_data_V_29, 0" [firmware/nnet_utils/nnet_activation_stream.h:51]   --->   Operation 131 'icmp' 'icmp_ln1494_29' <Predicate = true> <Delay = 2.42> <Core = "Cmp">   --->   Core 25 'Cmp' <Latency = 0> <II = 1> <Delay = 2.42> <FuncUnit> <Opcode : 'icmp'> <InPorts = 2> <OutPorts = 1>
ST_1 : Operation 132 [1/1] (2.42ns)   --->   "%icmp_ln1494_30 = icmp sgt i16 %tmp_data_V_30, 0" [firmware/nnet_utils/nnet_activation_stream.h:51]   --->   Operation 132 'icmp' 'icmp_ln1494_30' <Predicate = true> <Delay = 2.42> <Core = "Cmp">   --->   Core 25 'Cmp' <Latency = 0> <II = 1> <Delay = 2.42> <FuncUnit> <Opcode : 'icmp'> <InPorts = 2> <OutPorts = 1>
ST_1 : Operation 133 [1/1] (2.42ns)   --->   "%icmp_ln1494_31 = icmp sgt i16 %tmp_data_V_31, 0" [firmware/nnet_utils/nnet_activation_stream.h:51]   --->   Operation 133 'icmp' 'icmp_ln1494_31' <Predicate = true> <Delay = 2.42> <Core = "Cmp">   --->   Core 25 'Cmp' <Latency = 0> <II = 1> <Delay = 2.42> <FuncUnit> <Opcode : 'icmp'> <InPorts = 2> <OutPorts = 1>
ST_1 : Operation 134 [1/1] (0.80ns)   --->   "%tmp_data_0_V = select i1 %icmp_ln1494, i16 %tmp_data_V_0, i16 0" [firmware/nnet_utils/nnet_activation_stream.h:51]   --->   Operation 134 'select' 'tmp_data_0_V' <Predicate = true> <Delay = 0.80> <Core = "Sel">   --->   Core 26 'Sel' <Latency = 0> <II = 1> <Delay = 0.80> <FuncUnit> <Opcode : 'select'> <InPorts = 3> <OutPorts = 1>
ST_1 : Operation 135 [1/1] (0.80ns)   --->   "%tmp_data_1_V = select i1 %icmp_ln1494_1, i16 %tmp_data_V_1, i16 0" [firmware/nnet_utils/nnet_activation_stream.h:51]   --->   Operation 135 'select' 'tmp_data_1_V' <Predicate = true> <Delay = 0.80> <Core = "Sel">   --->   Core 26 'Sel' <Latency = 0> <II = 1> <Delay = 0.80> <FuncUnit> <Opcode : 'select'> <InPorts = 3> <OutPorts = 1>
ST_1 : Operation 136 [1/1] (0.80ns)   --->   "%tmp_data_2_V = select i1 %icmp_ln1494_2, i16 %tmp_data_V_2, i16 0" [firmware/nnet_utils/nnet_activation_stream.h:51]   --->   Operation 136 'select' 'tmp_data_2_V' <Predicate = true> <Delay = 0.80> <Core = "Sel">   --->   Core 26 'Sel' <Latency = 0> <II = 1> <Delay = 0.80> <FuncUnit> <Opcode : 'select'> <InPorts = 3> <OutPorts = 1>
ST_1 : Operation 137 [1/1] (0.80ns)   --->   "%tmp_data_3_V = select i1 %icmp_ln1494_3, i16 %tmp_data_V_3, i16 0" [firmware/nnet_utils/nnet_activation_stream.h:51]   --->   Operation 137 'select' 'tmp_data_3_V' <Predicate = true> <Delay = 0.80> <Core = "Sel">   --->   Core 26 'Sel' <Latency = 0> <II = 1> <Delay = 0.80> <FuncUnit> <Opcode : 'select'> <InPorts = 3> <OutPorts = 1>
ST_1 : Operation 138 [1/1] (0.80ns)   --->   "%tmp_data_4_V = select i1 %icmp_ln1494_4, i16 %tmp_data_V_4, i16 0" [firmware/nnet_utils/nnet_activation_stream.h:51]   --->   Operation 138 'select' 'tmp_data_4_V' <Predicate = true> <Delay = 0.80> <Core = "Sel">   --->   Core 26 'Sel' <Latency = 0> <II = 1> <Delay = 0.80> <FuncUnit> <Opcode : 'select'> <InPorts = 3> <OutPorts = 1>
ST_1 : Operation 139 [1/1] (0.80ns)   --->   "%tmp_data_5_V = select i1 %icmp_ln1494_5, i16 %tmp_data_V_537, i16 0" [firmware/nnet_utils/nnet_activation_stream.h:51]   --->   Operation 139 'select' 'tmp_data_5_V' <Predicate = true> <Delay = 0.80> <Core = "Sel">   --->   Core 26 'Sel' <Latency = 0> <II = 1> <Delay = 0.80> <FuncUnit> <Opcode : 'select'> <InPorts = 3> <OutPorts = 1>
ST_1 : Operation 140 [1/1] (0.80ns)   --->   "%tmp_data_6_V = select i1 %icmp_ln1494_6, i16 %tmp_data_V_6, i16 0" [firmware/nnet_utils/nnet_activation_stream.h:51]   --->   Operation 140 'select' 'tmp_data_6_V' <Predicate = true> <Delay = 0.80> <Core = "Sel">   --->   Core 26 'Sel' <Latency = 0> <II = 1> <Delay = 0.80> <FuncUnit> <Opcode : 'select'> <InPorts = 3> <OutPorts = 1>
ST_1 : Operation 141 [1/1] (0.80ns)   --->   "%tmp_data_7_V = select i1 %icmp_ln1494_7, i16 %tmp_data_V_7, i16 0" [firmware/nnet_utils/nnet_activation_stream.h:51]   --->   Operation 141 'select' 'tmp_data_7_V' <Predicate = true> <Delay = 0.80> <Core = "Sel">   --->   Core 26 'Sel' <Latency = 0> <II = 1> <Delay = 0.80> <FuncUnit> <Opcode : 'select'> <InPorts = 3> <OutPorts = 1>
ST_1 : Operation 142 [1/1] (0.80ns)   --->   "%tmp_data_8_V = select i1 %icmp_ln1494_8, i16 %tmp_data_V_8, i16 0" [firmware/nnet_utils/nnet_activation_stream.h:51]   --->   Operation 142 'select' 'tmp_data_8_V' <Predicate = true> <Delay = 0.80> <Core = "Sel">   --->   Core 26 'Sel' <Latency = 0> <II = 1> <Delay = 0.80> <FuncUnit> <Opcode : 'select'> <InPorts = 3> <OutPorts = 1>
ST_1 : Operation 143 [1/1] (0.80ns)   --->   "%tmp_data_9_V = select i1 %icmp_ln1494_9, i16 %tmp_data_V_9, i16 0" [firmware/nnet_utils/nnet_activation_stream.h:51]   --->   Operation 143 'select' 'tmp_data_9_V' <Predicate = true> <Delay = 0.80> <Core = "Sel">   --->   Core 26 'Sel' <Latency = 0> <II = 1> <Delay = 0.80> <FuncUnit> <Opcode : 'select'> <InPorts = 3> <OutPorts = 1>
ST_1 : Operation 144 [1/1] (0.80ns)   --->   "%tmp_data_10_V = select i1 %icmp_ln1494_10, i16 %tmp_data_V_10, i16 0" [firmware/nnet_utils/nnet_activation_stream.h:51]   --->   Operation 144 'select' 'tmp_data_10_V' <Predicate = true> <Delay = 0.80> <Core = "Sel">   --->   Core 26 'Sel' <Latency = 0> <II = 1> <Delay = 0.80> <FuncUnit> <Opcode : 'select'> <InPorts = 3> <OutPorts = 1>
ST_1 : Operation 145 [1/1] (0.80ns)   --->   "%tmp_data_11_V = select i1 %icmp_ln1494_11, i16 %tmp_data_V_11, i16 0" [firmware/nnet_utils/nnet_activation_stream.h:51]   --->   Operation 145 'select' 'tmp_data_11_V' <Predicate = true> <Delay = 0.80> <Core = "Sel">   --->   Core 26 'Sel' <Latency = 0> <II = 1> <Delay = 0.80> <FuncUnit> <Opcode : 'select'> <InPorts = 3> <OutPorts = 1>
ST_1 : Operation 146 [1/1] (0.80ns)   --->   "%tmp_data_12_V = select i1 %icmp_ln1494_12, i16 %tmp_data_V_12, i16 0" [firmware/nnet_utils/nnet_activation_stream.h:51]   --->   Operation 146 'select' 'tmp_data_12_V' <Predicate = true> <Delay = 0.80> <Core = "Sel">   --->   Core 26 'Sel' <Latency = 0> <II = 1> <Delay = 0.80> <FuncUnit> <Opcode : 'select'> <InPorts = 3> <OutPorts = 1>
ST_1 : Operation 147 [1/1] (0.80ns)   --->   "%tmp_data_13_V = select i1 %icmp_ln1494_13, i16 %tmp_data_V_13, i16 0" [firmware/nnet_utils/nnet_activation_stream.h:51]   --->   Operation 147 'select' 'tmp_data_13_V' <Predicate = true> <Delay = 0.80> <Core = "Sel">   --->   Core 26 'Sel' <Latency = 0> <II = 1> <Delay = 0.80> <FuncUnit> <Opcode : 'select'> <InPorts = 3> <OutPorts = 1>
ST_1 : Operation 148 [1/1] (0.80ns)   --->   "%tmp_data_14_V = select i1 %icmp_ln1494_14, i16 %tmp_data_V_14, i16 0" [firmware/nnet_utils/nnet_activation_stream.h:51]   --->   Operation 148 'select' 'tmp_data_14_V' <Predicate = true> <Delay = 0.80> <Core = "Sel">   --->   Core 26 'Sel' <Latency = 0> <II = 1> <Delay = 0.80> <FuncUnit> <Opcode : 'select'> <InPorts = 3> <OutPorts = 1>
ST_1 : Operation 149 [1/1] (0.80ns)   --->   "%tmp_data_15_V = select i1 %icmp_ln1494_15, i16 %tmp_data_V_15, i16 0" [firmware/nnet_utils/nnet_activation_stream.h:51]   --->   Operation 149 'select' 'tmp_data_15_V' <Predicate = true> <Delay = 0.80> <Core = "Sel">   --->   Core 26 'Sel' <Latency = 0> <II = 1> <Delay = 0.80> <FuncUnit> <Opcode : 'select'> <InPorts = 3> <OutPorts = 1>
ST_1 : Operation 150 [1/1] (0.80ns)   --->   "%tmp_data_16_V = select i1 %icmp_ln1494_16, i16 %tmp_data_V_16, i16 0" [firmware/nnet_utils/nnet_activation_stream.h:51]   --->   Operation 150 'select' 'tmp_data_16_V' <Predicate = true> <Delay = 0.80> <Core = "Sel">   --->   Core 26 'Sel' <Latency = 0> <II = 1> <Delay = 0.80> <FuncUnit> <Opcode : 'select'> <InPorts = 3> <OutPorts = 1>
ST_1 : Operation 151 [1/1] (0.80ns)   --->   "%tmp_data_17_V = select i1 %icmp_ln1494_17, i16 %tmp_data_V_17, i16 0" [firmware/nnet_utils/nnet_activation_stream.h:51]   --->   Operation 151 'select' 'tmp_data_17_V' <Predicate = true> <Delay = 0.80> <Core = "Sel">   --->   Core 26 'Sel' <Latency = 0> <II = 1> <Delay = 0.80> <FuncUnit> <Opcode : 'select'> <InPorts = 3> <OutPorts = 1>
ST_1 : Operation 152 [1/1] (0.80ns)   --->   "%tmp_data_18_V = select i1 %icmp_ln1494_18, i16 %tmp_data_V_18, i16 0" [firmware/nnet_utils/nnet_activation_stream.h:51]   --->   Operation 152 'select' 'tmp_data_18_V' <Predicate = true> <Delay = 0.80> <Core = "Sel">   --->   Core 26 'Sel' <Latency = 0> <II = 1> <Delay = 0.80> <FuncUnit> <Opcode : 'select'> <InPorts = 3> <OutPorts = 1>
ST_1 : Operation 153 [1/1] (0.80ns)   --->   "%tmp_data_19_V = select i1 %icmp_ln1494_19, i16 %tmp_data_V_19, i16 0" [firmware/nnet_utils/nnet_activation_stream.h:51]   --->   Operation 153 'select' 'tmp_data_19_V' <Predicate = true> <Delay = 0.80> <Core = "Sel">   --->   Core 26 'Sel' <Latency = 0> <II = 1> <Delay = 0.80> <FuncUnit> <Opcode : 'select'> <InPorts = 3> <OutPorts = 1>
ST_1 : Operation 154 [1/1] (0.80ns)   --->   "%tmp_data_20_V = select i1 %icmp_ln1494_20, i16 %tmp_data_V_20, i16 0" [firmware/nnet_utils/nnet_activation_stream.h:51]   --->   Operation 154 'select' 'tmp_data_20_V' <Predicate = true> <Delay = 0.80> <Core = "Sel">   --->   Core 26 'Sel' <Latency = 0> <II = 1> <Delay = 0.80> <FuncUnit> <Opcode : 'select'> <InPorts = 3> <OutPorts = 1>
ST_1 : Operation 155 [1/1] (0.80ns)   --->   "%tmp_data_21_V = select i1 %icmp_ln1494_21, i16 %tmp_data_V_21, i16 0" [firmware/nnet_utils/nnet_activation_stream.h:51]   --->   Operation 155 'select' 'tmp_data_21_V' <Predicate = true> <Delay = 0.80> <Core = "Sel">   --->   Core 26 'Sel' <Latency = 0> <II = 1> <Delay = 0.80> <FuncUnit> <Opcode : 'select'> <InPorts = 3> <OutPorts = 1>
ST_1 : Operation 156 [1/1] (0.80ns)   --->   "%tmp_data_22_V = select i1 %icmp_ln1494_22, i16 %tmp_data_V_22, i16 0" [firmware/nnet_utils/nnet_activation_stream.h:51]   --->   Operation 156 'select' 'tmp_data_22_V' <Predicate = true> <Delay = 0.80> <Core = "Sel">   --->   Core 26 'Sel' <Latency = 0> <II = 1> <Delay = 0.80> <FuncUnit> <Opcode : 'select'> <InPorts = 3> <OutPorts = 1>
ST_1 : Operation 157 [1/1] (0.80ns)   --->   "%tmp_data_23_V = select i1 %icmp_ln1494_23, i16 %tmp_data_V_23, i16 0" [firmware/nnet_utils/nnet_activation_stream.h:51]   --->   Operation 157 'select' 'tmp_data_23_V' <Predicate = true> <Delay = 0.80> <Core = "Sel">   --->   Core 26 'Sel' <Latency = 0> <II = 1> <Delay = 0.80> <FuncUnit> <Opcode : 'select'> <InPorts = 3> <OutPorts = 1>
ST_1 : Operation 158 [1/1] (0.80ns)   --->   "%tmp_data_24_V = select i1 %icmp_ln1494_24, i16 %tmp_data_V_24, i16 0" [firmware/nnet_utils/nnet_activation_stream.h:51]   --->   Operation 158 'select' 'tmp_data_24_V' <Predicate = true> <Delay = 0.80> <Core = "Sel">   --->   Core 26 'Sel' <Latency = 0> <II = 1> <Delay = 0.80> <FuncUnit> <Opcode : 'select'> <InPorts = 3> <OutPorts = 1>
ST_1 : Operation 159 [1/1] (0.80ns)   --->   "%tmp_data_25_V = select i1 %icmp_ln1494_25, i16 %tmp_data_V_25, i16 0" [firmware/nnet_utils/nnet_activation_stream.h:51]   --->   Operation 159 'select' 'tmp_data_25_V' <Predicate = true> <Delay = 0.80> <Core = "Sel">   --->   Core 26 'Sel' <Latency = 0> <II = 1> <Delay = 0.80> <FuncUnit> <Opcode : 'select'> <InPorts = 3> <OutPorts = 1>
ST_1 : Operation 160 [1/1] (0.80ns)   --->   "%tmp_data_26_V = select i1 %icmp_ln1494_26, i16 %tmp_data_V_26, i16 0" [firmware/nnet_utils/nnet_activation_stream.h:51]   --->   Operation 160 'select' 'tmp_data_26_V' <Predicate = true> <Delay = 0.80> <Core = "Sel">   --->   Core 26 'Sel' <Latency = 0> <II = 1> <Delay = 0.80> <FuncUnit> <Opcode : 'select'> <InPorts = 3> <OutPorts = 1>
ST_1 : Operation 161 [1/1] (0.80ns)   --->   "%tmp_data_27_V = select i1 %icmp_ln1494_27, i16 %tmp_data_V_27, i16 0" [firmware/nnet_utils/nnet_activation_stream.h:51]   --->   Operation 161 'select' 'tmp_data_27_V' <Predicate = true> <Delay = 0.80> <Core = "Sel">   --->   Core 26 'Sel' <Latency = 0> <II = 1> <Delay = 0.80> <FuncUnit> <Opcode : 'select'> <InPorts = 3> <OutPorts = 1>
ST_1 : Operation 162 [1/1] (0.80ns)   --->   "%tmp_data_28_V = select i1 %icmp_ln1494_28, i16 %tmp_data_V_28, i16 0" [firmware/nnet_utils/nnet_activation_stream.h:51]   --->   Operation 162 'select' 'tmp_data_28_V' <Predicate = true> <Delay = 0.80> <Core = "Sel">   --->   Core 26 'Sel' <Latency = 0> <II = 1> <Delay = 0.80> <FuncUnit> <Opcode : 'select'> <InPorts = 3> <OutPorts = 1>
ST_1 : Operation 163 [1/1] (0.80ns)   --->   "%tmp_data_29_V = select i1 %icmp_ln1494_29, i16 %tmp_data_V_29, i16 0" [firmware/nnet_utils/nnet_activation_stream.h:51]   --->   Operation 163 'select' 'tmp_data_29_V' <Predicate = true> <Delay = 0.80> <Core = "Sel">   --->   Core 26 'Sel' <Latency = 0> <II = 1> <Delay = 0.80> <FuncUnit> <Opcode : 'select'> <InPorts = 3> <OutPorts = 1>
ST_1 : Operation 164 [1/1] (0.80ns)   --->   "%tmp_data_30_V = select i1 %icmp_ln1494_30, i16 %tmp_data_V_30, i16 0" [firmware/nnet_utils/nnet_activation_stream.h:51]   --->   Operation 164 'select' 'tmp_data_30_V' <Predicate = true> <Delay = 0.80> <Core = "Sel">   --->   Core 26 'Sel' <Latency = 0> <II = 1> <Delay = 0.80> <FuncUnit> <Opcode : 'select'> <InPorts = 3> <OutPorts = 1>
ST_1 : Operation 165 [1/1] (0.80ns)   --->   "%tmp_data_31_V = select i1 %icmp_ln1494_31, i16 %tmp_data_V_31, i16 0" [firmware/nnet_utils/nnet_activation_stream.h:51]   --->   Operation 165 'select' 'tmp_data_31_V' <Predicate = true> <Delay = 0.80> <Core = "Sel">   --->   Core 26 'Sel' <Latency = 0> <II = 1> <Delay = 0.80> <FuncUnit> <Opcode : 'select'> <InPorts = 3> <OutPorts = 1>
ST_1 : Operation 166 [1/1] (-0.3ns)   --->   "call void @_ssdm_op_Write.ap_fifo.volatile.i16P.i16P.i16P.i16P.i16P.i16P.i16P.i16P.i16P.i16P.i16P.i16P.i16P.i16P.i16P.i16P.i16P.i16P.i16P.i16P.i16P.i16P.i16P.i16P.i16P.i16P.i16P.i16P.i16P.i16P.i16P.i16P(i16* %res_V_data_0_V, i16* %res_V_data_1_V, i16* %res_V_data_2_V, i16* %res_V_data_3_V, i16* %res_V_data_4_V, i16* %res_V_data_5_V, i16* %res_V_data_6_V, i16* %res_V_data_7_V, i16* %res_V_data_8_V, i16* %res_V_data_9_V, i16* %res_V_data_10_V, i16* %res_V_data_11_V, i16* %res_V_data_12_V, i16* %res_V_data_13_V, i16* %res_V_data_14_V, i16* %res_V_data_15_V, i16* %res_V_data_16_V, i16* %res_V_data_17_V, i16* %res_V_data_18_V, i16* %res_V_data_19_V, i16* %res_V_data_20_V, i16* %res_V_data_21_V, i16* %res_V_data_22_V, i16* %res_V_data_23_V, i16* %res_V_data_24_V, i16* %res_V_data_25_V, i16* %res_V_data_26_V, i16* %res_V_data_27_V, i16* %res_V_data_28_V, i16* %res_V_data_29_V, i16* %res_V_data_30_V, i16* %res_V_data_31_V, i16 %tmp_data_0_V, i16 %tmp_data_1_V, i16 %tmp_data_2_V, i16 %tmp_data_3_V, i16 %tmp_data_4_V, i16 %tmp_data_5_V, i16 %tmp_data_6_V, i16 %tmp_data_7_V, i16 %tmp_data_8_V, i16 %tmp_data_9_V, i16 %tmp_data_10_V, i16 %tmp_data_11_V, i16 %tmp_data_12_V, i16 %tmp_data_13_V, i16 %tmp_data_14_V, i16 %tmp_data_15_V, i16 %tmp_data_16_V, i16 %tmp_data_17_V, i16 %tmp_data_18_V, i16 %tmp_data_19_V, i16 %tmp_data_20_V, i16 %tmp_data_21_V, i16 %tmp_data_22_V, i16 %tmp_data_23_V, i16 %tmp_data_24_V, i16 %tmp_data_25_V, i16 %tmp_data_26_V, i16 %tmp_data_27_V, i16 %tmp_data_28_V, i16 %tmp_data_29_V, i16 %tmp_data_30_V, i16 %tmp_data_31_V)" [firmware/nnet_utils/nnet_activation_stream.h:57]   --->   Operation 166 'write' <Predicate = true> <Delay = -0.3> <Core = "FSL">   --->   Core 4 'FSL' <Latency = 0> <II = 1> <Delay = 1.00> <Adapter> <Opcode : 'read' 'write' 'nbread' 'nbwrite'>
ST_1 : Operation 167 [1/1] (0.00ns)   --->   "%empty_140 = call i32 (...)* @_ssdm_op_SpecRegionEnd([12 x i8]* @p_str60, i32 %tmp)" [firmware/nnet_utils/nnet_activation_stream.h:58]   --->   Operation 167 'specregionend' 'empty_140' <Predicate = true> <Delay = 0.00>
ST_1 : Operation 168 [1/1] (-0.6ns)   --->   "ret void" [firmware/nnet_utils/nnet_activation_stream.h:59]   --->   Operation 168 'ret' <Predicate = true> <Delay = -0.6>


============================================================
+ Verbose Summary: Timing violations
============================================================
Target clock period: 2.5ns, clock uncertainty: 3.12ns.

 <State 1>: 2.92ns
The critical path consists of the following:
	fifo read on port 'data_V_data_0_V' (firmware/nnet_utils/nnet_activation_stream.h:44) [132]  (-0.312 ns)
	'icmp' operation ('icmp_ln1494', firmware/nnet_utils/nnet_activation_stream.h:51) [165]  (2.43 ns)
	'select' operation ('tmp.data[0].V', firmware/nnet_utils/nnet_activation_stream.h:51) [197]  (0.805 ns)


============================================================
+ Verbose Summary: Binding
============================================================
N/A
* FSMD analyzer results:
  - Output states:
 - Input state : 
  - Chain level:
	State 1


============================================================
+ Verbose Summary: Datapath Resource usage 
============================================================
N/A
