

================================================================
== Vivado HLS Report for 'myproject'
================================================================
* Date:           Thu Nov  9 21:00:29 2023

* Version:        2020.1 (Build 2897737 on Wed May 27 20:21:37 MDT 2020)
* Project:        myproject_prj
* Solution:       solution1
* Product family: virtexuplus
* Target device:  xcu280-fsvh2892-2L-e


================================================================
== Performance Estimates
================================================================
+ Timing: 
    * Summary: 
    +--------+----------+----------+------------+
    |  Clock |  Target  | Estimated| Uncertainty|
    +--------+----------+----------+------------+
    |ap_clk  | 10.00 ns | 8.381 ns |   1.25 ns  |
    +--------+----------+----------+------------+

+ Latency: 
    * Summary: 
    +---------+---------+-----------+-----------+------+------+----------+
    |  Latency (cycles) |   Latency (absolute)  |   Interval  | Pipeline |
    |   min   |   max   |    min    |    max    |  min |  max |   Type   |
    +---------+---------+-----------+-----------+------+------+----------+
    |     2362|     2363| 23.620 us | 23.630 us |  2355|  2355| dataflow |
    +---------+---------+-----------+-----------+------+------+----------+

    + Detail: 
        * Instance: 
        +------------------------------------------------------------------------+-----------------------------------------------------------------------+---------+---------+-----------+-----------+------+------+---------+
        |                                                                        |                                                                       |  Latency (cycles) |   Latency (absolute)  |   Interval  | Pipeline|
        |                                Instance                                |                                 Module                                |   min   |   max   |    min    |    max    |  min |  max |   Type  |
        +------------------------------------------------------------------------+-----------------------------------------------------------------------+---------+---------+-----------+-----------+------+------+---------+
        |dense_array_ap_fixed_4u_array_ap_fixed_16_6_5_3_0_12u_config6_U0        |dense_array_ap_fixed_4u_array_ap_fixed_16_6_5_3_0_12u_config6_s        |       43|       44|  0.430 us |  0.440 us |    43|    44|   none  |
        |pooling2d_cl_array_ap_fixed_4u_array_ap_fixed_16_6_5_3_0_4u_config4_U0  |pooling2d_cl_array_ap_fixed_4u_array_ap_fixed_16_6_5_3_0_4u_config4_s  |      628|      628|  6.280 us |  6.280 us |   628|   628|   none  |
        |softmax_array_array_ap_fixed_16_6_5_3_0_12u_softmax_config7_U0          |softmax_array_array_ap_fixed_16_6_5_3_0_12u_softmax_config7_s          |        9|        9| 90.000 ns | 90.000 ns |     9|     9|   none  |
        |conv_2d_cl_array_ap_fixed_1u_array_ap_fixed_16_6_5_3_0_4u_config2_U0    |conv_2d_cl_array_ap_fixed_1u_array_ap_fixed_16_6_5_3_0_4u_config2_s    |     2354|     2354| 23.540 us | 23.540 us |  2354|  2354|   none  |
        |relu_array_ap_fixed_4u_array_ap_fixed_16_6_5_3_0_4u_relu_config3_U0     |relu_array_ap_fixed_4u_array_ap_fixed_16_6_5_3_0_4u_relu_config3_s     |      627|      627|  6.270 us |  6.270 us |   627|   627|   none  |
        +------------------------------------------------------------------------+-----------------------------------------------------------------------+---------+---------+-----------+-----------+------+------+---------+

        * Loop: 
        N/A



================================================================
== Utilization Estimates
================================================================
* Summary: 
+---------------------+---------+-------+---------+---------+-----+
|         Name        | BRAM_18K| DSP48E|    FF   |   LUT   | URAM|
+---------------------+---------+-------+---------+---------+-----+
|DSP                  |        -|      -|        -|        -|    -|
|Expression           |        -|      -|        0|        2|    -|
|FIFO                 |       12|      -|      560|      996|    -|
|Instance             |      259|    602|    11652|    61011|    -|
|Memory               |        -|      -|        -|        -|    -|
|Multiplexer          |        -|      -|        -|        -|    -|
|Register             |        -|      -|        -|        -|    -|
+---------------------+---------+-------+---------+---------+-----+
|Total                |      271|    602|    12212|    62009|    0|
+---------------------+---------+-------+---------+---------+-----+
|Available SLR        |     1344|   3008|   869120|   434560|  320|
+---------------------+---------+-------+---------+---------+-----+
|Utilization SLR (%)  |       20|     20|        1|       14|    0|
+---------------------+---------+-------+---------+---------+-----+
|Available            |     4032|   9024|  2607360|  1303680|  960|
+---------------------+---------+-------+---------+---------+-----+
|Utilization (%)      |        6|      6|    ~0   |        4|    0|
+---------------------+---------+-------+---------+---------+-----+

+ Detail: 
    * Instance: 
    +------------------------------------------------------------------------+-----------------------------------------------------------------------+---------+-------+------+-------+-----+
    |                                Instance                                |                                 Module                                | BRAM_18K| DSP48E|  FF  |  LUT  | URAM|
    +------------------------------------------------------------------------+-----------------------------------------------------------------------+---------+-------+------+-------+-----+
    |conv_2d_cl_array_ap_fixed_1u_array_ap_fixed_16_6_5_3_0_4u_config2_U0    |conv_2d_cl_array_ap_fixed_1u_array_ap_fixed_16_6_5_3_0_4u_config2_s    |        0|     22|  1243|   2805|    0|
    |dense_array_ap_fixed_4u_array_ap_fixed_16_6_5_3_0_12u_config6_U0        |dense_array_ap_fixed_4u_array_ap_fixed_16_6_5_3_0_12u_config6_s        |      256|    576|  7520|  50321|    0|
    |pooling2d_cl_array_ap_fixed_4u_array_ap_fixed_16_6_5_3_0_4u_config4_U0  |pooling2d_cl_array_ap_fixed_4u_array_ap_fixed_16_6_5_3_0_4u_config4_s  |        0|      0|  1783|   4283|    0|
    |relu_array_ap_fixed_4u_array_ap_fixed_16_6_5_3_0_4u_relu_config3_U0     |relu_array_ap_fixed_4u_array_ap_fixed_16_6_5_3_0_4u_relu_config3_s     |        0|      0|    18|    295|    0|
    |softmax_array_array_ap_fixed_16_6_5_3_0_12u_softmax_config7_U0          |softmax_array_array_ap_fixed_16_6_5_3_0_12u_softmax_config7_s          |        3|      4|  1088|   3307|    0|
    +------------------------------------------------------------------------+-----------------------------------------------------------------------+---------+-------+------+-------+-----+
    |Total                                                                   |                                                                       |      259|    602| 11652|  61011|    0|
    +------------------------------------------------------------------------+-----------------------------------------------------------------------+---------+-------+------+-------+-----+

    * DSP48E: 
    N/A

    * Memory: 
    N/A

    * FIFO: 
    +--------------------------+---------+----+----+-----+------+-----+---------+
    |           Name           | BRAM_18K| FF | LUT| URAM| Depth| Bits| Size:D*B|
    +--------------------------+---------+----+----+-----+------+-----+---------+
    |layer2_out_V_data_0_V_U   |        1|  46|   0|    -|   625|   16|    10000|
    |layer2_out_V_data_1_V_U   |        1|  46|   0|    -|   625|   16|    10000|
    |layer2_out_V_data_2_V_U   |        1|  46|   0|    -|   625|   16|    10000|
    |layer2_out_V_data_3_V_U   |        1|  46|   0|    -|   625|   16|    10000|
    |layer3_out_V_data_0_V_U   |        1|  46|   0|    -|   625|   16|    10000|
    |layer3_out_V_data_1_V_U   |        1|  46|   0|    -|   625|   16|    10000|
    |layer3_out_V_data_2_V_U   |        1|  46|   0|    -|   625|   16|    10000|
    |layer3_out_V_data_3_V_U   |        1|  46|   0|    -|   625|   16|    10000|
    |layer4_out_V_data_0_V_U   |        1|  33|   0|    -|    36|   16|      576|
    |layer4_out_V_data_1_V_U   |        1|  33|   0|    -|    36|   16|      576|
    |layer4_out_V_data_2_V_U   |        1|  33|   0|    -|    36|   16|      576|
    |layer4_out_V_data_3_V_U   |        1|  33|   0|    -|    36|   16|      576|
    |layer6_out_V_data_0_V_U   |        0|   5|   0|    -|     1|   16|       16|
    |layer6_out_V_data_10_V_U  |        0|   5|   0|    -|     1|   16|       16|
    |layer6_out_V_data_11_V_U  |        0|   5|   0|    -|     1|   16|       16|
    |layer6_out_V_data_1_V_U   |        0|   5|   0|    -|     1|   16|       16|
    |layer6_out_V_data_2_V_U   |        0|   5|   0|    -|     1|   16|       16|
    |layer6_out_V_data_3_V_U   |        0|   5|   0|    -|     1|   16|       16|
    |layer6_out_V_data_4_V_U   |        0|   5|   0|    -|     1|   16|       16|
    |layer6_out_V_data_5_V_U   |        0|   5|   0|    -|     1|   16|       16|
    |layer6_out_V_data_6_V_U   |        0|   5|   0|    -|     1|   16|       16|
    |layer6_out_V_data_7_V_U   |        0|   5|   0|    -|     1|   16|       16|
    |layer6_out_V_data_8_V_U   |        0|   5|   0|    -|     1|   16|       16|
    |layer6_out_V_data_9_V_U   |        0|   5|   0|    -|     1|   16|       16|
    +--------------------------+---------+----+----+-----+------+-----+---------+
    |Total                     |       12| 560|   0|    0|  5156|  384|    82496|
    +--------------------------+---------+----+----+-----+------+-----+---------+

    * Expression: 
    +--------------+----------+-------+---+----+------------+------------+
    | Variable Name| Operation| DSP48E| FF| LUT| Bitwidth P0| Bitwidth P1|
    +--------------+----------+-------+---+----+------------+------------+
    |ap_idle       |    and   |      0|  0|   2|           1|           1|
    +--------------+----------+-------+---+----+------------+------------+
    |Total         |          |      0|  0|   2|           1|           1|
    +--------------+----------+-------+---+----+------------+------------+

    * Multiplexer: 
    N/A

    * Register: 
    N/A



================================================================
== Interface
================================================================
* Summary: 
+-------------------------------+-----+-----+------------+------------------------+--------------+
|           RTL Ports           | Dir | Bits|  Protocol  |      Source Object     |    C Type    |
+-------------------------------+-----+-----+------------+------------------------+--------------+
|input_layer_V_data_0_V_TDATA   |  in |   16|    axis    | input_layer_V_data_0_V |    pointer   |
|input_layer_V_data_0_V_TVALID  |  in |    1|    axis    | input_layer_V_data_0_V |    pointer   |
|input_layer_V_data_0_V_TREADY  | out |    1|    axis    | input_layer_V_data_0_V |    pointer   |
|layer7_out_V_data_0_V_TDATA    | out |   16|    axis    |  layer7_out_V_data_0_V |    pointer   |
|layer7_out_V_data_0_V_TVALID   | out |    1|    axis    |  layer7_out_V_data_0_V |    pointer   |
|layer7_out_V_data_0_V_TREADY   |  in |    1|    axis    |  layer7_out_V_data_0_V |    pointer   |
|layer7_out_V_data_1_V_TDATA    | out |   16|    axis    |  layer7_out_V_data_1_V |    pointer   |
|layer7_out_V_data_1_V_TVALID   | out |    1|    axis    |  layer7_out_V_data_1_V |    pointer   |
|layer7_out_V_data_1_V_TREADY   |  in |    1|    axis    |  layer7_out_V_data_1_V |    pointer   |
|layer7_out_V_data_2_V_TDATA    | out |   16|    axis    |  layer7_out_V_data_2_V |    pointer   |
|layer7_out_V_data_2_V_TVALID   | out |    1|    axis    |  layer7_out_V_data_2_V |    pointer   |
|layer7_out_V_data_2_V_TREADY   |  in |    1|    axis    |  layer7_out_V_data_2_V |    pointer   |
|layer7_out_V_data_3_V_TDATA    | out |   16|    axis    |  layer7_out_V_data_3_V |    pointer   |
|layer7_out_V_data_3_V_TVALID   | out |    1|    axis    |  layer7_out_V_data_3_V |    pointer   |
|layer7_out_V_data_3_V_TREADY   |  in |    1|    axis    |  layer7_out_V_data_3_V |    pointer   |
|layer7_out_V_data_4_V_TDATA    | out |   16|    axis    |  layer7_out_V_data_4_V |    pointer   |
|layer7_out_V_data_4_V_TVALID   | out |    1|    axis    |  layer7_out_V_data_4_V |    pointer   |
|layer7_out_V_data_4_V_TREADY   |  in |    1|    axis    |  layer7_out_V_data_4_V |    pointer   |
|layer7_out_V_data_5_V_TDATA    | out |   16|    axis    |  layer7_out_V_data_5_V |    pointer   |
|layer7_out_V_data_5_V_TVALID   | out |    1|    axis    |  layer7_out_V_data_5_V |    pointer   |
|layer7_out_V_data_5_V_TREADY   |  in |    1|    axis    |  layer7_out_V_data_5_V |    pointer   |
|layer7_out_V_data_6_V_TDATA    | out |   16|    axis    |  layer7_out_V_data_6_V |    pointer   |
|layer7_out_V_data_6_V_TVALID   | out |    1|    axis    |  layer7_out_V_data_6_V |    pointer   |
|layer7_out_V_data_6_V_TREADY   |  in |    1|    axis    |  layer7_out_V_data_6_V |    pointer   |
|layer7_out_V_data_7_V_TDATA    | out |   16|    axis    |  layer7_out_V_data_7_V |    pointer   |
|layer7_out_V_data_7_V_TVALID   | out |    1|    axis    |  layer7_out_V_data_7_V |    pointer   |
|layer7_out_V_data_7_V_TREADY   |  in |    1|    axis    |  layer7_out_V_data_7_V |    pointer   |
|layer7_out_V_data_8_V_TDATA    | out |   16|    axis    |  layer7_out_V_data_8_V |    pointer   |
|layer7_out_V_data_8_V_TVALID   | out |    1|    axis    |  layer7_out_V_data_8_V |    pointer   |
|layer7_out_V_data_8_V_TREADY   |  in |    1|    axis    |  layer7_out_V_data_8_V |    pointer   |
|layer7_out_V_data_9_V_TDATA    | out |   16|    axis    |  layer7_out_V_data_9_V |    pointer   |
|layer7_out_V_data_9_V_TVALID   | out |    1|    axis    |  layer7_out_V_data_9_V |    pointer   |
|layer7_out_V_data_9_V_TREADY   |  in |    1|    axis    |  layer7_out_V_data_9_V |    pointer   |
|layer7_out_V_data_10_V_TDATA   | out |   16|    axis    | layer7_out_V_data_10_V |    pointer   |
|layer7_out_V_data_10_V_TVALID  | out |    1|    axis    | layer7_out_V_data_10_V |    pointer   |
|layer7_out_V_data_10_V_TREADY  |  in |    1|    axis    | layer7_out_V_data_10_V |    pointer   |
|layer7_out_V_data_11_V_TDATA   | out |   16|    axis    | layer7_out_V_data_11_V |    pointer   |
|layer7_out_V_data_11_V_TVALID  | out |    1|    axis    | layer7_out_V_data_11_V |    pointer   |
|layer7_out_V_data_11_V_TREADY  |  in |    1|    axis    | layer7_out_V_data_11_V |    pointer   |
|ap_clk                         |  in |    1| ap_ctrl_hs |        myproject       | return value |
|ap_rst_n                       |  in |    1| ap_ctrl_hs |        myproject       | return value |
|ap_start                       |  in |    1| ap_ctrl_hs |        myproject       | return value |
|ap_done                        | out |    1| ap_ctrl_hs |        myproject       | return value |
|ap_ready                       | out |    1| ap_ctrl_hs |        myproject       | return value |
|ap_idle                        | out |    1| ap_ctrl_hs |        myproject       | return value |
+-------------------------------+-----+-----+------------+------------------------+--------------+

