

================================================================
== Vivado HLS Report for 'compute_output_buffer_2d_array_array_ap_fixed_16_6_5_3_0_8u_config5_s'
================================================================
* Date:           Sat Feb 24 13:48:40 2024

* Version:        2020.1 (Build 2897737 on Wed May 27 20:21:37 MDT 2020)
* Project:        myproject_prj
* Solution:       solution1
* Product family: virtexuplus
* Target device:  xcu50-fsvh2104-2-e


================================================================
== Performance Estimates
================================================================
+ Timing: 
    * Summary: 
    +--------+----------+----------+------------+
    |  Clock |  Target  | Estimated| Uncertainty|
    +--------+----------+----------+------------+
    |ap_clk  | 25.00 ns | 8.335 ns |   3.12 ns  |
    +--------+----------+----------+------------+

+ Latency: 
    * Summary: 
    +---------+---------+-----------+-----------+-----+-----+----------+
    |  Latency (cycles) |   Latency (absolute)  |  Interval | Pipeline |
    |   min   |   max   |    min    |    max    | min | max |   Type   |
    +---------+---------+-----------+-----------+-----+-----+----------+
    |        1|        1| 25.000 ns | 25.000 ns |    1|    1| function |
    +---------+---------+-----------+-----------+-----+-----+----------+

    + Detail: 
        * Instance: 
        N/A

        * Loop: 
        N/A

============================================================
+ Verbose Summary: Synthesis Manager
============================================================
InlineROM: 1
ExposeGlobal: 0
============================================================
+ Verbose Summary: CDFG Model
============================================================
IsTopModel: 0
ResetActiveHigh: 1
IsCombinational: 0
IsDatapathOnly: 0
HasWiredReturn: 1
HasMFsm: 2
HasVarLatency: 0
IsPipeline: 1
IsRtlPipelined: 1
IsInstanceOverlapped: 0
IsDontTouch: 0
HasImplIP: 0
IsGatedGlobalClock: 0

+ Individual pipeline summary: 
  * Pipeline-0: initiation interval (II) = 1, depth = 2


============================================================
+ Verbose Summary: Schedule
============================================================
* Number of FSM states : 2
* Pipeline : 1
  Pipeline-0 : II = 1, D = 2, States = { 1 2 }
* Dataflow Pipeline: 0

* FSM state transitions: 
1 --> 2 
2 --> 

* FSM state operations: 

State 1 <SV = 0> <Delay = 1.71>
ST_1 : Operation 3 [1/1] (0.00ns)   --->   "%in_elem_data_3_V_read_2 = call i16 @_ssdm_op_Read.ap_auto.i16(i16 %in_elem_data_3_V_read)"   --->   Operation 3 'read' 'in_elem_data_3_V_read_2' <Predicate = true> <Delay = 0.00>
ST_1 : Operation 4 [1/1] (0.00ns)   --->   "%in_elem_data_2_V_read_2 = call i16 @_ssdm_op_Read.ap_auto.i16(i16 %in_elem_data_2_V_read)"   --->   Operation 4 'read' 'in_elem_data_2_V_read_2' <Predicate = true> <Delay = 0.00>
ST_1 : Operation 5 [1/1] (0.00ns)   --->   "%in_elem_data_1_V_read_2 = call i16 @_ssdm_op_Read.ap_auto.i16(i16 %in_elem_data_1_V_read)"   --->   Operation 5 'read' 'in_elem_data_1_V_read_2' <Predicate = true> <Delay = 0.00>
ST_1 : Operation 6 [1/1] (0.00ns)   --->   "%in_elem_data_0_V_read_2 = call i16 @_ssdm_op_Read.ap_auto.i16(i16 %in_elem_data_0_V_read)"   --->   Operation 6 'read' 'in_elem_data_0_V_read_2' <Predicate = true> <Delay = 0.00>
ST_1 : Operation 7 [1/1] (0.00ns)   --->   "%sX_2_load = load i32* @sX_2, align 4" [firmware/nnet_utils/nnet_conv_stream.h:289]   --->   Operation 7 'load' 'sX_2_load' <Predicate = true> <Delay = 0.00>
ST_1 : Operation 8 [1/1] (0.85ns)   --->   "%icmp_ln289 = icmp eq i32 %sX_2_load, 2" [firmware/nnet_utils/nnet_conv_stream.h:289]   --->   Operation 8 'icmp' 'icmp_ln289' <Predicate = true> <Delay = 0.85> <Core = "Cmp">   --->   Core 25 'Cmp' <Latency = 0> <II = 1> <Delay = 0.85> <FuncUnit> <Opcode : 'icmp'> <InPorts = 2> <OutPorts = 1>
ST_1 : Operation 9 [1/1] (0.00ns)   --->   "%sY_2_load = load i32* @sY_2, align 4" [firmware/nnet_utils/nnet_conv_stream.h:289]   --->   Operation 9 'load' 'sY_2_load' <Predicate = true> <Delay = 0.00>
ST_1 : Operation 10 [1/1] (0.85ns)   --->   "%icmp_ln289_1 = icmp eq i32 %sY_2_load, 2" [firmware/nnet_utils/nnet_conv_stream.h:289]   --->   Operation 10 'icmp' 'icmp_ln289_1' <Predicate = true> <Delay = 0.85> <Core = "Cmp">   --->   Core 25 'Cmp' <Latency = 0> <II = 1> <Delay = 0.85> <FuncUnit> <Opcode : 'icmp'> <InPorts = 2> <OutPorts = 1>
ST_1 : Operation 11 [1/1] (0.00ns)   --->   "%pY_2_load = load i32* @pY_2, align 4" [firmware/nnet_utils/nnet_conv_stream.h:289]   --->   Operation 11 'load' 'pY_2_load' <Predicate = true> <Delay = 0.00>
ST_1 : Operation 12 [1/1] (0.00ns)   --->   "%tmp = call i31 @_ssdm_op_PartSelect.i31.i32.i32.i32(i32 %pY_2_load, i32 1, i32 31)" [firmware/nnet_utils/nnet_conv_stream.h:289]   --->   Operation 12 'partselect' 'tmp' <Predicate = true> <Delay = 0.00>
ST_1 : Operation 13 [1/1] (0.84ns)   --->   "%icmp_ln289_2 = icmp sgt i31 %tmp, 0" [firmware/nnet_utils/nnet_conv_stream.h:289]   --->   Operation 13 'icmp' 'icmp_ln289_2' <Predicate = true> <Delay = 0.84> <Core = "Cmp">   --->   Core 25 'Cmp' <Latency = 0> <II = 1> <Delay = 0.85> <FuncUnit> <Opcode : 'icmp'> <InPorts = 2> <OutPorts = 1>
ST_1 : Operation 14 [1/1] (0.00ns)   --->   "%pX_2_load = load i32* @pX_2, align 4" [firmware/nnet_utils/nnet_conv_stream.h:289]   --->   Operation 14 'load' 'pX_2_load' <Predicate = true> <Delay = 0.00>
ST_1 : Operation 15 [1/1] (0.00ns)   --->   "%tmp_54 = call i31 @_ssdm_op_PartSelect.i31.i32.i32.i32(i32 %pX_2_load, i32 1, i32 31)" [firmware/nnet_utils/nnet_conv_stream.h:289]   --->   Operation 15 'partselect' 'tmp_54' <Predicate = true> <Delay = 0.00>
ST_1 : Operation 16 [1/1] (0.84ns)   --->   "%icmp_ln289_3 = icmp sgt i31 %tmp_54, 0" [firmware/nnet_utils/nnet_conv_stream.h:289]   --->   Operation 16 'icmp' 'icmp_ln289_3' <Predicate = true> <Delay = 0.84> <Core = "Cmp">   --->   Core 25 'Cmp' <Latency = 0> <II = 1> <Delay = 0.85> <FuncUnit> <Opcode : 'icmp'> <InPorts = 2> <OutPorts = 1>
ST_1 : Operation 17 [1/1] (0.00ns) (grouped into LUT with out node and_ln289_2)   --->   "%and_ln289 = and i1 %icmp_ln289, %icmp_ln289_1" [firmware/nnet_utils/nnet_conv_stream.h:289]   --->   Operation 17 'and' 'and_ln289' <Predicate = true> <Delay = 0.00> <Core = "LogicGate">   --->   Core 27 'LogicGate' <Latency = 0> <II = 1> <Delay = 0.12> <FuncUnit> <Opcode : 'and' 'or' 'xor'> <InPorts = 2> <OutPorts = 1>
ST_1 : Operation 18 [1/1] (0.00ns) (grouped into LUT with out node and_ln289_2)   --->   "%and_ln289_1 = and i1 %icmp_ln289_2, %icmp_ln289_3" [firmware/nnet_utils/nnet_conv_stream.h:289]   --->   Operation 18 'and' 'and_ln289_1' <Predicate = true> <Delay = 0.00> <Core = "LogicGate">   --->   Core 27 'LogicGate' <Latency = 0> <II = 1> <Delay = 0.12> <FuncUnit> <Opcode : 'and' 'or' 'xor'> <InPorts = 2> <OutPorts = 1>
ST_1 : Operation 19 [1/1] (0.12ns) (out node of the LUT)   --->   "%and_ln289_2 = and i1 %and_ln289_1, %and_ln289" [firmware/nnet_utils/nnet_conv_stream.h:289]   --->   Operation 19 'and' 'and_ln289_2' <Predicate = true> <Delay = 0.12> <Core = "LogicGate">   --->   Core 27 'LogicGate' <Latency = 0> <II = 1> <Delay = 0.12> <FuncUnit> <Opcode : 'and' 'or' 'xor'> <InPorts = 2> <OutPorts = 1>
ST_1 : Operation 20 [1/1] (0.00ns)   --->   "br i1 %and_ln289_2, label %0, label %._crit_edge22" [firmware/nnet_utils/nnet_conv_stream.h:289]   --->   Operation 20 'br' <Predicate = true> <Delay = 0.00>
ST_1 : Operation 21 [1/1] (0.85ns)   --->   "%icmp_ln313 = icmp eq i32 %pX_2_load, 5" [firmware/nnet_utils/nnet_conv_stream.h:313]   --->   Operation 21 'icmp' 'icmp_ln313' <Predicate = true> <Delay = 0.85> <Core = "Cmp">   --->   Core 25 'Cmp' <Latency = 0> <II = 1> <Delay = 0.85> <FuncUnit> <Opcode : 'icmp'> <InPorts = 2> <OutPorts = 1>
ST_1 : Operation 22 [1/1] (0.00ns)   --->   "br i1 %icmp_ln313, label %1, label %5" [firmware/nnet_utils/nnet_conv_stream.h:313]   --->   Operation 22 'br' <Predicate = true> <Delay = 0.00>
ST_1 : Operation 23 [1/1] (0.88ns)   --->   "%add_ln326 = add nsw i32 %pX_2_load, 1" [firmware/nnet_utils/nnet_conv_stream.h:326]   --->   Operation 23 'add' 'add_ln326' <Predicate = (!icmp_ln313)> <Delay = 0.88> <Core = "AddSub">   --->   Core 14 'AddSub' <Latency = 0> <II = 1> <Delay = 0.88> <FuncUnit> <Opcode : 'add' 'sub'> <InPorts = 2> <OutPorts = 1>
ST_1 : Operation 24 [1/1] (0.60ns)   --->   "store i32 %add_ln326, i32* @pX_2, align 4" [firmware/nnet_utils/nnet_conv_stream.h:326]   --->   Operation 24 'store' <Predicate = (!icmp_ln313)> <Delay = 0.60>
ST_1 : Operation 25 [1/1] (0.88ns)   --->   "%add_ln328 = add i32 %sX_2_load, 1" [firmware/nnet_utils/nnet_conv_stream.h:328]   --->   Operation 25 'add' 'add_ln328' <Predicate = (!icmp_ln313)> <Delay = 0.88> <Core = "AddSub">   --->   Core 14 'AddSub' <Latency = 0> <II = 1> <Delay = 0.88> <FuncUnit> <Opcode : 'add' 'sub'> <InPorts = 2> <OutPorts = 1>
ST_1 : Operation 26 [1/1] (0.22ns)   --->   "%select_ln328 = select i1 %icmp_ln289, i32 2, i32 %add_ln328" [firmware/nnet_utils/nnet_conv_stream.h:328]   --->   Operation 26 'select' 'select_ln328' <Predicate = (!icmp_ln313)> <Delay = 0.22> <Core = "Sel">   --->   Core 26 'Sel' <Latency = 0> <II = 1> <Delay = 0.22> <FuncUnit> <Opcode : 'select'> <InPorts = 3> <OutPorts = 1>
ST_1 : Operation 27 [1/1] (0.60ns)   --->   "store i32 %select_ln328, i32* @sX_2, align 4" [firmware/nnet_utils/nnet_conv_stream.h:328]   --->   Operation 27 'store' <Predicate = (!icmp_ln313)> <Delay = 0.60>
ST_1 : Operation 28 [1/1] (0.60ns)   --->   "store i32 0, i32* @pX_2, align 4" [firmware/nnet_utils/nnet_conv_stream.h:315]   --->   Operation 28 'store' <Predicate = (icmp_ln313)> <Delay = 0.60>
ST_1 : Operation 29 [1/1] (0.60ns)   --->   "store i32 0, i32* @sX_2, align 4" [firmware/nnet_utils/nnet_conv_stream.h:316]   --->   Operation 29 'store' <Predicate = (icmp_ln313)> <Delay = 0.60>
ST_1 : Operation 30 [1/1] (0.85ns)   --->   "%icmp_ln317 = icmp eq i32 %pY_2_load, 5" [firmware/nnet_utils/nnet_conv_stream.h:317]   --->   Operation 30 'icmp' 'icmp_ln317' <Predicate = (icmp_ln313)> <Delay = 0.85> <Core = "Cmp">   --->   Core 25 'Cmp' <Latency = 0> <II = 1> <Delay = 0.85> <FuncUnit> <Opcode : 'icmp'> <InPorts = 2> <OutPorts = 1>
ST_1 : Operation 31 [1/1] (0.00ns)   --->   "br i1 %icmp_ln317, label %2, label %3" [firmware/nnet_utils/nnet_conv_stream.h:317]   --->   Operation 31 'br' <Predicate = (icmp_ln313)> <Delay = 0.00>
ST_1 : Operation 32 [1/1] (0.88ns)   --->   "%add_ln321 = add nsw i32 %pY_2_load, 1" [firmware/nnet_utils/nnet_conv_stream.h:321]   --->   Operation 32 'add' 'add_ln321' <Predicate = (icmp_ln313 & !icmp_ln317)> <Delay = 0.88> <Core = "AddSub">   --->   Core 14 'AddSub' <Latency = 0> <II = 1> <Delay = 0.88> <FuncUnit> <Opcode : 'add' 'sub'> <InPorts = 2> <OutPorts = 1>
ST_1 : Operation 33 [1/1] (0.60ns)   --->   "store i32 %add_ln321, i32* @pY_2, align 4" [firmware/nnet_utils/nnet_conv_stream.h:321]   --->   Operation 33 'store' <Predicate = (icmp_ln313 & !icmp_ln317)> <Delay = 0.60>
ST_1 : Operation 34 [1/1] (0.88ns)   --->   "%add_ln323 = add i32 %sY_2_load, 1" [firmware/nnet_utils/nnet_conv_stream.h:323]   --->   Operation 34 'add' 'add_ln323' <Predicate = (icmp_ln313 & !icmp_ln317)> <Delay = 0.88> <Core = "AddSub">   --->   Core 14 'AddSub' <Latency = 0> <II = 1> <Delay = 0.88> <FuncUnit> <Opcode : 'add' 'sub'> <InPorts = 2> <OutPorts = 1>
ST_1 : Operation 35 [1/1] (0.22ns)   --->   "%select_ln323 = select i1 %icmp_ln289_1, i32 2, i32 %add_ln323" [firmware/nnet_utils/nnet_conv_stream.h:323]   --->   Operation 35 'select' 'select_ln323' <Predicate = (icmp_ln313 & !icmp_ln317)> <Delay = 0.22> <Core = "Sel">   --->   Core 26 'Sel' <Latency = 0> <II = 1> <Delay = 0.22> <FuncUnit> <Opcode : 'select'> <InPorts = 3> <OutPorts = 1>
ST_1 : Operation 36 [1/1] (0.60ns)   --->   "br label %4"   --->   Operation 36 'br' <Predicate = (icmp_ln313 & !icmp_ln317)> <Delay = 0.60>
ST_1 : Operation 37 [1/1] (0.60ns)   --->   "store i32 0, i32* @pY_2, align 4" [firmware/nnet_utils/nnet_conv_stream.h:318]   --->   Operation 37 'store' <Predicate = (icmp_ln313 & icmp_ln317)> <Delay = 0.60>
ST_1 : Operation 38 [1/1] (0.60ns)   --->   "br label %4" [firmware/nnet_utils/nnet_conv_stream.h:320]   --->   Operation 38 'br' <Predicate = (icmp_ln313 & icmp_ln317)> <Delay = 0.60>

State 2 <SV = 1> <Delay = 8.33>
ST_2 : Operation 39 [1/1] (0.00ns)   --->   "call void (...)* @_ssdm_op_SpecInterface(i16* %res_stream_V_data_0_V, [8 x i8]* @ap_fifo_str, i32 0, i32 0, [1 x i8]* @p_str425, i32 0, i32 0, [1 x i8]* @p_str426, [1 x i8]* @p_str427, [1 x i8]* @p_str428, i32 2, i32 2, i32 16, i32 16, [1 x i8]* @p_str429, [1 x i8]* @p_str430)"   --->   Operation 39 'specinterface' <Predicate = true> <Delay = 0.00>
ST_2 : Operation 40 [1/1] (0.00ns)   --->   "call void (...)* @_ssdm_op_SpecInterface(i16* %res_stream_V_data_1_V, [8 x i8]* @ap_fifo_str, i32 0, i32 0, [1 x i8]* @p_str432, i32 0, i32 0, [1 x i8]* @p_str433, [1 x i8]* @p_str434, [1 x i8]* @p_str435, i32 2, i32 2, i32 16, i32 16, [1 x i8]* @p_str436, [1 x i8]* @p_str437)"   --->   Operation 40 'specinterface' <Predicate = true> <Delay = 0.00>
ST_2 : Operation 41 [1/1] (0.00ns)   --->   "call void (...)* @_ssdm_op_SpecInterface(i16* %res_stream_V_data_2_V, [8 x i8]* @ap_fifo_str, i32 0, i32 0, [1 x i8]* @p_str439, i32 0, i32 0, [1 x i8]* @p_str440, [1 x i8]* @p_str441, [1 x i8]* @p_str442, i32 2, i32 2, i32 16, i32 16, [1 x i8]* @p_str443, [1 x i8]* @p_str444)"   --->   Operation 41 'specinterface' <Predicate = true> <Delay = 0.00>
ST_2 : Operation 42 [1/1] (0.00ns)   --->   "call void (...)* @_ssdm_op_SpecInterface(i16* %res_stream_V_data_3_V, [8 x i8]* @ap_fifo_str, i32 0, i32 0, [1 x i8]* @p_str446, i32 0, i32 0, [1 x i8]* @p_str447, [1 x i8]* @p_str448, [1 x i8]* @p_str449, i32 2, i32 2, i32 16, i32 16, [1 x i8]* @p_str450, [1 x i8]* @p_str451)"   --->   Operation 42 'specinterface' <Predicate = true> <Delay = 0.00>
ST_2 : Operation 43 [1/1] (0.00ns)   --->   "call void (...)* @_ssdm_op_SpecInterface(i16* %res_stream_V_data_4_V, [8 x i8]* @ap_fifo_str, i32 0, i32 0, [1 x i8]* @p_str453, i32 0, i32 0, [1 x i8]* @p_str454, [1 x i8]* @p_str455, [1 x i8]* @p_str456, i32 2, i32 2, i32 16, i32 16, [1 x i8]* @p_str457, [1 x i8]* @p_str458)"   --->   Operation 43 'specinterface' <Predicate = true> <Delay = 0.00>
ST_2 : Operation 44 [1/1] (0.00ns)   --->   "call void (...)* @_ssdm_op_SpecInterface(i16* %res_stream_V_data_5_V, [8 x i8]* @ap_fifo_str, i32 0, i32 0, [1 x i8]* @p_str460, i32 0, i32 0, [1 x i8]* @p_str461, [1 x i8]* @p_str462, [1 x i8]* @p_str463, i32 2, i32 2, i32 16, i32 16, [1 x i8]* @p_str464, [1 x i8]* @p_str465)"   --->   Operation 44 'specinterface' <Predicate = true> <Delay = 0.00>
ST_2 : Operation 45 [1/1] (0.00ns)   --->   "call void (...)* @_ssdm_op_SpecInterface(i16* %res_stream_V_data_6_V, [8 x i8]* @ap_fifo_str, i32 0, i32 0, [1 x i8]* @p_str467, i32 0, i32 0, [1 x i8]* @p_str468, [1 x i8]* @p_str469, [1 x i8]* @p_str470, i32 2, i32 2, i32 16, i32 16, [1 x i8]* @p_str471, [1 x i8]* @p_str472)"   --->   Operation 45 'specinterface' <Predicate = true> <Delay = 0.00>
ST_2 : Operation 46 [1/1] (0.00ns)   --->   "call void (...)* @_ssdm_op_SpecInterface(i16* %res_stream_V_data_7_V, [8 x i8]* @ap_fifo_str, i32 0, i32 0, [1 x i8]* @p_str474, i32 0, i32 0, [1 x i8]* @p_str475, [1 x i8]* @p_str476, [1 x i8]* @p_str477, i32 2, i32 2, i32 16, i32 16, [1 x i8]* @p_str478, [1 x i8]* @p_str479)"   --->   Operation 46 'specinterface' <Predicate = true> <Delay = 0.00>
ST_2 : Operation 47 [1/1] (0.00ns)   --->   "%kernel_data_V_1_4_load = load i16* @kernel_data_V_1_4, align 2" [firmware/nnet_utils/nnet_conv_stream.h:286]   --->   Operation 47 'load' 'kernel_data_V_1_4_load' <Predicate = true> <Delay = 0.00>
ST_2 : Operation 48 [1/1] (0.00ns)   --->   "%kernel_data_V_1_5_load = load i16* @kernel_data_V_1_5, align 2" [firmware/nnet_utils/nnet_conv_stream.h:286]   --->   Operation 48 'load' 'kernel_data_V_1_5_load' <Predicate = true> <Delay = 0.00>
ST_2 : Operation 49 [1/1] (0.00ns)   --->   "%kernel_data_V_1_6_load = load i16* @kernel_data_V_1_6, align 2" [firmware/nnet_utils/nnet_conv_stream.h:286]   --->   Operation 49 'load' 'kernel_data_V_1_6_load' <Predicate = true> <Delay = 0.00>
ST_2 : Operation 50 [1/1] (0.00ns)   --->   "%kernel_data_V_1_7_load = load i16* @kernel_data_V_1_7, align 2" [firmware/nnet_utils/nnet_conv_stream.h:286]   --->   Operation 50 'load' 'kernel_data_V_1_7_load' <Predicate = true> <Delay = 0.00>
ST_2 : Operation 51 [1/1] (0.00ns)   --->   "%kernel_data_V_1_8_load = load i16* @kernel_data_V_1_8, align 2" [firmware/nnet_utils/nnet_conv_stream.h:286]   --->   Operation 51 'load' 'kernel_data_V_1_8_load' <Predicate = true> <Delay = 0.00>
ST_2 : Operation 52 [1/1] (0.00ns)   --->   "%kernel_data_V_1_9_load = load i16* @kernel_data_V_1_9, align 2" [firmware/nnet_utils/nnet_conv_stream.h:286]   --->   Operation 52 'load' 'kernel_data_V_1_9_load' <Predicate = true> <Delay = 0.00>
ST_2 : Operation 53 [1/1] (0.00ns)   --->   "%kernel_data_V_1_10_load = load i16* @kernel_data_V_1_10, align 2" [firmware/nnet_utils/nnet_conv_stream.h:286]   --->   Operation 53 'load' 'kernel_data_V_1_10_load' <Predicate = true> <Delay = 0.00>
ST_2 : Operation 54 [1/1] (0.00ns)   --->   "%kernel_data_V_1_11_load = load i16* @kernel_data_V_1_11, align 2" [firmware/nnet_utils/nnet_conv_stream.h:286]   --->   Operation 54 'load' 'kernel_data_V_1_11_load' <Predicate = true> <Delay = 0.00>
ST_2 : Operation 55 [1/1] (0.00ns)   --->   "%kernel_data_V_1_16_load = load i16* @kernel_data_V_1_16, align 2" [firmware/nnet_utils/nnet_conv_stream.h:286]   --->   Operation 55 'load' 'kernel_data_V_1_16_load' <Predicate = true> <Delay = 0.00>
ST_2 : Operation 56 [1/1] (0.00ns)   --->   "%kernel_data_V_1_17_load = load i16* @kernel_data_V_1_17, align 2" [firmware/nnet_utils/nnet_conv_stream.h:286]   --->   Operation 56 'load' 'kernel_data_V_1_17_load' <Predicate = true> <Delay = 0.00>
ST_2 : Operation 57 [1/1] (0.00ns)   --->   "%kernel_data_V_1_18_load = load i16* @kernel_data_V_1_18, align 2" [firmware/nnet_utils/nnet_conv_stream.h:286]   --->   Operation 57 'load' 'kernel_data_V_1_18_load' <Predicate = true> <Delay = 0.00>
ST_2 : Operation 58 [1/1] (0.00ns)   --->   "%kernel_data_V_1_19_load = load i16* @kernel_data_V_1_19, align 2" [firmware/nnet_utils/nnet_conv_stream.h:286]   --->   Operation 58 'load' 'kernel_data_V_1_19_load' <Predicate = true> <Delay = 0.00>
ST_2 : Operation 59 [1/1] (0.00ns)   --->   "%kernel_data_V_1_20_load = load i16* @kernel_data_V_1_20, align 2" [firmware/nnet_utils/nnet_conv_stream.h:286]   --->   Operation 59 'load' 'kernel_data_V_1_20_load' <Predicate = true> <Delay = 0.00>
ST_2 : Operation 60 [1/1] (0.00ns)   --->   "%kernel_data_V_1_21_load = load i16* @kernel_data_V_1_21, align 2" [firmware/nnet_utils/nnet_conv_stream.h:286]   --->   Operation 60 'load' 'kernel_data_V_1_21_load' <Predicate = true> <Delay = 0.00>
ST_2 : Operation 61 [1/1] (0.00ns)   --->   "%kernel_data_V_1_22_load = load i16* @kernel_data_V_1_22, align 2" [firmware/nnet_utils/nnet_conv_stream.h:286]   --->   Operation 61 'load' 'kernel_data_V_1_22_load' <Predicate = true> <Delay = 0.00>
ST_2 : Operation 62 [1/1] (0.00ns)   --->   "%kernel_data_V_1_23_load = load i16* @kernel_data_V_1_23, align 2" [firmware/nnet_utils/nnet_conv_stream.h:286]   --->   Operation 62 'load' 'kernel_data_V_1_23_load' <Predicate = true> <Delay = 0.00>
ST_2 : Operation 63 [1/1] (0.00ns)   --->   "%kernel_data_V_1_28_load = load i16* @kernel_data_V_1_28, align 2" [firmware/nnet_utils/nnet_conv_stream.h:286]   --->   Operation 63 'load' 'kernel_data_V_1_28_load' <Predicate = true> <Delay = 0.00>
ST_2 : Operation 64 [1/1] (0.00ns)   --->   "%kernel_data_V_1_29_load = load i16* @kernel_data_V_1_29, align 2" [firmware/nnet_utils/nnet_conv_stream.h:286]   --->   Operation 64 'load' 'kernel_data_V_1_29_load' <Predicate = true> <Delay = 0.00>
ST_2 : Operation 65 [1/1] (0.00ns)   --->   "%kernel_data_V_1_30_load = load i16* @kernel_data_V_1_30, align 2" [firmware/nnet_utils/nnet_conv_stream.h:286]   --->   Operation 65 'load' 'kernel_data_V_1_30_load' <Predicate = true> <Delay = 0.00>
ST_2 : Operation 66 [1/1] (0.00ns)   --->   "%kernel_data_V_1_31_load = load i16* @kernel_data_V_1_31, align 2" [firmware/nnet_utils/nnet_conv_stream.h:286]   --->   Operation 66 'load' 'kernel_data_V_1_31_load' <Predicate = true> <Delay = 0.00>
ST_2 : Operation 67 [1/1] (0.00ns)   --->   "%kernel_data_V_1_32_load = load i16* @kernel_data_V_1_32, align 2" [firmware/nnet_utils/nnet_conv_stream.h:286]   --->   Operation 67 'load' 'kernel_data_V_1_32_load' <Predicate = true> <Delay = 0.00>
ST_2 : Operation 68 [1/1] (0.00ns)   --->   "%kernel_data_V_1_33_load = load i16* @kernel_data_V_1_33, align 2" [firmware/nnet_utils/nnet_conv_stream.h:286]   --->   Operation 68 'load' 'kernel_data_V_1_33_load' <Predicate = true> <Delay = 0.00>
ST_2 : Operation 69 [1/1] (0.00ns)   --->   "%kernel_data_V_1_34_load = load i16* @kernel_data_V_1_34, align 2" [firmware/nnet_utils/nnet_conv_stream.h:286]   --->   Operation 69 'load' 'kernel_data_V_1_34_load' <Predicate = true> <Delay = 0.00>
ST_2 : Operation 70 [1/1] (0.00ns)   --->   "%kernel_data_V_1_35_load = load i16* @kernel_data_V_1_35, align 2" [firmware/nnet_utils/nnet_conv_stream.h:286]   --->   Operation 70 'load' 'kernel_data_V_1_35_load' <Predicate = true> <Delay = 0.00>
ST_2 : Operation 71 [1/1] (1.22ns)   --->   "%call_ret1 = call fastcc { i16, i16, i16, i16, i16, i16, i16, i16, i16, i16, i16, i16, i16, i16, i16, i16, i16, i16, i16, i16, i16, i16, i16, i16, i16, i16, i16, i16, i16, i16, i16, i16, i16, i16, i16, i16 } @"shift_line_buffer<array<ap_fixed<16, 6, 5, 3, 0>, 4u>, config5>"(i16 %in_elem_data_0_V_read_2, i16 %in_elem_data_1_V_read_2, i16 %in_elem_data_2_V_read_2, i16 %in_elem_data_3_V_read_2, i16 %kernel_data_V_1_4_load, i16 %kernel_data_V_1_5_load, i16 %kernel_data_V_1_6_load, i16 %kernel_data_V_1_7_load, i16 %kernel_data_V_1_8_load, i16 %kernel_data_V_1_9_load, i16 %kernel_data_V_1_10_load, i16 %kernel_data_V_1_11_load, i16 %kernel_data_V_1_16_load, i16 %kernel_data_V_1_17_load, i16 %kernel_data_V_1_18_load, i16 %kernel_data_V_1_19_load, i16 %kernel_data_V_1_20_load, i16 %kernel_data_V_1_21_load, i16 %kernel_data_V_1_22_load, i16 %kernel_data_V_1_23_load, i16 %kernel_data_V_1_28_load, i16 %kernel_data_V_1_29_load, i16 %kernel_data_V_1_30_load, i16 %kernel_data_V_1_31_load, i16 %kernel_data_V_1_32_load, i16 %kernel_data_V_1_33_load, i16 %kernel_data_V_1_34_load, i16 %kernel_data_V_1_35_load)" [firmware/nnet_utils/nnet_conv_stream.h:286]   --->   Operation 71 'call' 'call_ret1' <Predicate = true> <Delay = 1.22> <CoreType = "Generic">   --->   Core 0 '' <Latency = 0> <II = 1> <Delay = 1.00> <Generic> <Opcode : >
ST_2 : Operation 72 [1/1] (0.00ns)   --->   "%kernel_data_V_1_27_ret = extractvalue { i16, i16, i16, i16, i16, i16, i16, i16, i16, i16, i16, i16, i16, i16, i16, i16, i16, i16, i16, i16, i16, i16, i16, i16, i16, i16, i16, i16, i16, i16, i16, i16, i16, i16, i16, i16 } %call_ret1, 11" [firmware/nnet_utils/nnet_conv_stream.h:286]   --->   Operation 72 'extractvalue' 'kernel_data_V_1_27_ret' <Predicate = true> <Delay = 0.00>
ST_2 : Operation 73 [1/1] (0.00ns)   --->   "%kernel_data_V_1_26_ret = extractvalue { i16, i16, i16, i16, i16, i16, i16, i16, i16, i16, i16, i16, i16, i16, i16, i16, i16, i16, i16, i16, i16, i16, i16, i16, i16, i16, i16, i16, i16, i16, i16, i16, i16, i16, i16, i16 } %call_ret1, 10" [firmware/nnet_utils/nnet_conv_stream.h:286]   --->   Operation 73 'extractvalue' 'kernel_data_V_1_26_ret' <Predicate = true> <Delay = 0.00>
ST_2 : Operation 74 [1/1] (0.00ns)   --->   "%kernel_data_V_1_25_ret = extractvalue { i16, i16, i16, i16, i16, i16, i16, i16, i16, i16, i16, i16, i16, i16, i16, i16, i16, i16, i16, i16, i16, i16, i16, i16, i16, i16, i16, i16, i16, i16, i16, i16, i16, i16, i16, i16 } %call_ret1, 9" [firmware/nnet_utils/nnet_conv_stream.h:286]   --->   Operation 74 'extractvalue' 'kernel_data_V_1_25_ret' <Predicate = true> <Delay = 0.00>
ST_2 : Operation 75 [1/1] (0.00ns)   --->   "%kernel_data_V_1_24_ret = extractvalue { i16, i16, i16, i16, i16, i16, i16, i16, i16, i16, i16, i16, i16, i16, i16, i16, i16, i16, i16, i16, i16, i16, i16, i16, i16, i16, i16, i16, i16, i16, i16, i16, i16, i16, i16, i16 } %call_ret1, 8" [firmware/nnet_utils/nnet_conv_stream.h:286]   --->   Operation 75 'extractvalue' 'kernel_data_V_1_24_ret' <Predicate = true> <Delay = 0.00>
ST_2 : Operation 76 [1/1] (0.00ns)   --->   "%kernel_data_V_1_15_ret = extractvalue { i16, i16, i16, i16, i16, i16, i16, i16, i16, i16, i16, i16, i16, i16, i16, i16, i16, i16, i16, i16, i16, i16, i16, i16, i16, i16, i16, i16, i16, i16, i16, i16, i16, i16, i16, i16 } %call_ret1, 7" [firmware/nnet_utils/nnet_conv_stream.h:286]   --->   Operation 76 'extractvalue' 'kernel_data_V_1_15_ret' <Predicate = true> <Delay = 0.00>
ST_2 : Operation 77 [1/1] (0.00ns)   --->   "%kernel_data_V_1_14_ret = extractvalue { i16, i16, i16, i16, i16, i16, i16, i16, i16, i16, i16, i16, i16, i16, i16, i16, i16, i16, i16, i16, i16, i16, i16, i16, i16, i16, i16, i16, i16, i16, i16, i16, i16, i16, i16, i16 } %call_ret1, 6" [firmware/nnet_utils/nnet_conv_stream.h:286]   --->   Operation 77 'extractvalue' 'kernel_data_V_1_14_ret' <Predicate = true> <Delay = 0.00>
ST_2 : Operation 78 [1/1] (0.00ns)   --->   "%kernel_data_V_1_13_ret = extractvalue { i16, i16, i16, i16, i16, i16, i16, i16, i16, i16, i16, i16, i16, i16, i16, i16, i16, i16, i16, i16, i16, i16, i16, i16, i16, i16, i16, i16, i16, i16, i16, i16, i16, i16, i16, i16 } %call_ret1, 5" [firmware/nnet_utils/nnet_conv_stream.h:286]   --->   Operation 78 'extractvalue' 'kernel_data_V_1_13_ret' <Predicate = true> <Delay = 0.00>
ST_2 : Operation 79 [1/1] (0.00ns)   --->   "%kernel_data_V_1_12_ret = extractvalue { i16, i16, i16, i16, i16, i16, i16, i16, i16, i16, i16, i16, i16, i16, i16, i16, i16, i16, i16, i16, i16, i16, i16, i16, i16, i16, i16, i16, i16, i16, i16, i16, i16, i16, i16, i16 } %call_ret1, 4" [firmware/nnet_utils/nnet_conv_stream.h:286]   --->   Operation 79 'extractvalue' 'kernel_data_V_1_12_ret' <Predicate = true> <Delay = 0.00>
ST_2 : Operation 80 [1/1] (0.00ns)   --->   "%kernel_data_V_1_3_ret = extractvalue { i16, i16, i16, i16, i16, i16, i16, i16, i16, i16, i16, i16, i16, i16, i16, i16, i16, i16, i16, i16, i16, i16, i16, i16, i16, i16, i16, i16, i16, i16, i16, i16, i16, i16, i16, i16 } %call_ret1, 3" [firmware/nnet_utils/nnet_conv_stream.h:286]   --->   Operation 80 'extractvalue' 'kernel_data_V_1_3_ret' <Predicate = true> <Delay = 0.00>
ST_2 : Operation 81 [1/1] (0.00ns)   --->   "%kernel_data_V_1_2_ret = extractvalue { i16, i16, i16, i16, i16, i16, i16, i16, i16, i16, i16, i16, i16, i16, i16, i16, i16, i16, i16, i16, i16, i16, i16, i16, i16, i16, i16, i16, i16, i16, i16, i16, i16, i16, i16, i16 } %call_ret1, 2" [firmware/nnet_utils/nnet_conv_stream.h:286]   --->   Operation 81 'extractvalue' 'kernel_data_V_1_2_ret' <Predicate = true> <Delay = 0.00>
ST_2 : Operation 82 [1/1] (0.00ns)   --->   "%kernel_data_V_1_1_ret = extractvalue { i16, i16, i16, i16, i16, i16, i16, i16, i16, i16, i16, i16, i16, i16, i16, i16, i16, i16, i16, i16, i16, i16, i16, i16, i16, i16, i16, i16, i16, i16, i16, i16, i16, i16, i16, i16 } %call_ret1, 1" [firmware/nnet_utils/nnet_conv_stream.h:286]   --->   Operation 82 'extractvalue' 'kernel_data_V_1_1_ret' <Predicate = true> <Delay = 0.00>
ST_2 : Operation 83 [1/1] (0.00ns)   --->   "%kernel_data_V_1_0_ret = extractvalue { i16, i16, i16, i16, i16, i16, i16, i16, i16, i16, i16, i16, i16, i16, i16, i16, i16, i16, i16, i16, i16, i16, i16, i16, i16, i16, i16, i16, i16, i16, i16, i16, i16, i16, i16, i16 } %call_ret1, 0" [firmware/nnet_utils/nnet_conv_stream.h:286]   --->   Operation 83 'extractvalue' 'kernel_data_V_1_0_ret' <Predicate = true> <Delay = 0.00>
ST_2 : Operation 84 [1/1] (0.00ns)   --->   "%kernel_data_V_1_4_ret = extractvalue { i16, i16, i16, i16, i16, i16, i16, i16, i16, i16, i16, i16, i16, i16, i16, i16, i16, i16, i16, i16, i16, i16, i16, i16, i16, i16, i16, i16, i16, i16, i16, i16, i16, i16, i16, i16 } %call_ret1, 12" [firmware/nnet_utils/nnet_conv_stream.h:286]   --->   Operation 84 'extractvalue' 'kernel_data_V_1_4_ret' <Predicate = true> <Delay = 0.00>
ST_2 : Operation 85 [1/1] (0.00ns)   --->   "store i16 %kernel_data_V_1_4_ret, i16* @kernel_data_V_1_4, align 2" [firmware/nnet_utils/nnet_conv_stream.h:286]   --->   Operation 85 'store' <Predicate = true> <Delay = 0.00>
ST_2 : Operation 86 [1/1] (0.00ns)   --->   "%kernel_data_V_1_5_ret = extractvalue { i16, i16, i16, i16, i16, i16, i16, i16, i16, i16, i16, i16, i16, i16, i16, i16, i16, i16, i16, i16, i16, i16, i16, i16, i16, i16, i16, i16, i16, i16, i16, i16, i16, i16, i16, i16 } %call_ret1, 13" [firmware/nnet_utils/nnet_conv_stream.h:286]   --->   Operation 86 'extractvalue' 'kernel_data_V_1_5_ret' <Predicate = true> <Delay = 0.00>
ST_2 : Operation 87 [1/1] (0.00ns)   --->   "store i16 %kernel_data_V_1_5_ret, i16* @kernel_data_V_1_5, align 2" [firmware/nnet_utils/nnet_conv_stream.h:286]   --->   Operation 87 'store' <Predicate = true> <Delay = 0.00>
ST_2 : Operation 88 [1/1] (0.00ns)   --->   "%kernel_data_V_1_6_ret = extractvalue { i16, i16, i16, i16, i16, i16, i16, i16, i16, i16, i16, i16, i16, i16, i16, i16, i16, i16, i16, i16, i16, i16, i16, i16, i16, i16, i16, i16, i16, i16, i16, i16, i16, i16, i16, i16 } %call_ret1, 14" [firmware/nnet_utils/nnet_conv_stream.h:286]   --->   Operation 88 'extractvalue' 'kernel_data_V_1_6_ret' <Predicate = true> <Delay = 0.00>
ST_2 : Operation 89 [1/1] (0.00ns)   --->   "store i16 %kernel_data_V_1_6_ret, i16* @kernel_data_V_1_6, align 2" [firmware/nnet_utils/nnet_conv_stream.h:286]   --->   Operation 89 'store' <Predicate = true> <Delay = 0.00>
ST_2 : Operation 90 [1/1] (0.00ns)   --->   "%kernel_data_V_1_7_ret = extractvalue { i16, i16, i16, i16, i16, i16, i16, i16, i16, i16, i16, i16, i16, i16, i16, i16, i16, i16, i16, i16, i16, i16, i16, i16, i16, i16, i16, i16, i16, i16, i16, i16, i16, i16, i16, i16 } %call_ret1, 15" [firmware/nnet_utils/nnet_conv_stream.h:286]   --->   Operation 90 'extractvalue' 'kernel_data_V_1_7_ret' <Predicate = true> <Delay = 0.00>
ST_2 : Operation 91 [1/1] (0.00ns)   --->   "store i16 %kernel_data_V_1_7_ret, i16* @kernel_data_V_1_7, align 2" [firmware/nnet_utils/nnet_conv_stream.h:286]   --->   Operation 91 'store' <Predicate = true> <Delay = 0.00>
ST_2 : Operation 92 [1/1] (0.00ns)   --->   "%kernel_data_V_1_8_ret = extractvalue { i16, i16, i16, i16, i16, i16, i16, i16, i16, i16, i16, i16, i16, i16, i16, i16, i16, i16, i16, i16, i16, i16, i16, i16, i16, i16, i16, i16, i16, i16, i16, i16, i16, i16, i16, i16 } %call_ret1, 16" [firmware/nnet_utils/nnet_conv_stream.h:286]   --->   Operation 92 'extractvalue' 'kernel_data_V_1_8_ret' <Predicate = true> <Delay = 0.00>
ST_2 : Operation 93 [1/1] (0.00ns)   --->   "store i16 %kernel_data_V_1_8_ret, i16* @kernel_data_V_1_8, align 2" [firmware/nnet_utils/nnet_conv_stream.h:286]   --->   Operation 93 'store' <Predicate = true> <Delay = 0.00>
ST_2 : Operation 94 [1/1] (0.00ns)   --->   "%kernel_data_V_1_9_ret = extractvalue { i16, i16, i16, i16, i16, i16, i16, i16, i16, i16, i16, i16, i16, i16, i16, i16, i16, i16, i16, i16, i16, i16, i16, i16, i16, i16, i16, i16, i16, i16, i16, i16, i16, i16, i16, i16 } %call_ret1, 17" [firmware/nnet_utils/nnet_conv_stream.h:286]   --->   Operation 94 'extractvalue' 'kernel_data_V_1_9_ret' <Predicate = true> <Delay = 0.00>
ST_2 : Operation 95 [1/1] (0.00ns)   --->   "store i16 %kernel_data_V_1_9_ret, i16* @kernel_data_V_1_9, align 2" [firmware/nnet_utils/nnet_conv_stream.h:286]   --->   Operation 95 'store' <Predicate = true> <Delay = 0.00>
ST_2 : Operation 96 [1/1] (0.00ns)   --->   "%kernel_data_V_1_10_ret = extractvalue { i16, i16, i16, i16, i16, i16, i16, i16, i16, i16, i16, i16, i16, i16, i16, i16, i16, i16, i16, i16, i16, i16, i16, i16, i16, i16, i16, i16, i16, i16, i16, i16, i16, i16, i16, i16 } %call_ret1, 18" [firmware/nnet_utils/nnet_conv_stream.h:286]   --->   Operation 96 'extractvalue' 'kernel_data_V_1_10_ret' <Predicate = true> <Delay = 0.00>
ST_2 : Operation 97 [1/1] (0.00ns)   --->   "store i16 %kernel_data_V_1_10_ret, i16* @kernel_data_V_1_10, align 2" [firmware/nnet_utils/nnet_conv_stream.h:286]   --->   Operation 97 'store' <Predicate = true> <Delay = 0.00>
ST_2 : Operation 98 [1/1] (0.00ns)   --->   "%kernel_data_V_1_11_ret = extractvalue { i16, i16, i16, i16, i16, i16, i16, i16, i16, i16, i16, i16, i16, i16, i16, i16, i16, i16, i16, i16, i16, i16, i16, i16, i16, i16, i16, i16, i16, i16, i16, i16, i16, i16, i16, i16 } %call_ret1, 19" [firmware/nnet_utils/nnet_conv_stream.h:286]   --->   Operation 98 'extractvalue' 'kernel_data_V_1_11_ret' <Predicate = true> <Delay = 0.00>
ST_2 : Operation 99 [1/1] (0.00ns)   --->   "store i16 %kernel_data_V_1_11_ret, i16* @kernel_data_V_1_11, align 2" [firmware/nnet_utils/nnet_conv_stream.h:286]   --->   Operation 99 'store' <Predicate = true> <Delay = 0.00>
ST_2 : Operation 100 [1/1] (0.00ns)   --->   "%kernel_data_V_1_16_ret = extractvalue { i16, i16, i16, i16, i16, i16, i16, i16, i16, i16, i16, i16, i16, i16, i16, i16, i16, i16, i16, i16, i16, i16, i16, i16, i16, i16, i16, i16, i16, i16, i16, i16, i16, i16, i16, i16 } %call_ret1, 20" [firmware/nnet_utils/nnet_conv_stream.h:286]   --->   Operation 100 'extractvalue' 'kernel_data_V_1_16_ret' <Predicate = true> <Delay = 0.00>
ST_2 : Operation 101 [1/1] (0.00ns)   --->   "store i16 %kernel_data_V_1_16_ret, i16* @kernel_data_V_1_16, align 2" [firmware/nnet_utils/nnet_conv_stream.h:286]   --->   Operation 101 'store' <Predicate = true> <Delay = 0.00>
ST_2 : Operation 102 [1/1] (0.00ns)   --->   "%kernel_data_V_1_17_ret = extractvalue { i16, i16, i16, i16, i16, i16, i16, i16, i16, i16, i16, i16, i16, i16, i16, i16, i16, i16, i16, i16, i16, i16, i16, i16, i16, i16, i16, i16, i16, i16, i16, i16, i16, i16, i16, i16 } %call_ret1, 21" [firmware/nnet_utils/nnet_conv_stream.h:286]   --->   Operation 102 'extractvalue' 'kernel_data_V_1_17_ret' <Predicate = true> <Delay = 0.00>
ST_2 : Operation 103 [1/1] (0.00ns)   --->   "store i16 %kernel_data_V_1_17_ret, i16* @kernel_data_V_1_17, align 2" [firmware/nnet_utils/nnet_conv_stream.h:286]   --->   Operation 103 'store' <Predicate = true> <Delay = 0.00>
ST_2 : Operation 104 [1/1] (0.00ns)   --->   "%kernel_data_V_1_18_ret = extractvalue { i16, i16, i16, i16, i16, i16, i16, i16, i16, i16, i16, i16, i16, i16, i16, i16, i16, i16, i16, i16, i16, i16, i16, i16, i16, i16, i16, i16, i16, i16, i16, i16, i16, i16, i16, i16 } %call_ret1, 22" [firmware/nnet_utils/nnet_conv_stream.h:286]   --->   Operation 104 'extractvalue' 'kernel_data_V_1_18_ret' <Predicate = true> <Delay = 0.00>
ST_2 : Operation 105 [1/1] (0.00ns)   --->   "store i16 %kernel_data_V_1_18_ret, i16* @kernel_data_V_1_18, align 2" [firmware/nnet_utils/nnet_conv_stream.h:286]   --->   Operation 105 'store' <Predicate = true> <Delay = 0.00>
ST_2 : Operation 106 [1/1] (0.00ns)   --->   "%kernel_data_V_1_19_ret = extractvalue { i16, i16, i16, i16, i16, i16, i16, i16, i16, i16, i16, i16, i16, i16, i16, i16, i16, i16, i16, i16, i16, i16, i16, i16, i16, i16, i16, i16, i16, i16, i16, i16, i16, i16, i16, i16 } %call_ret1, 23" [firmware/nnet_utils/nnet_conv_stream.h:286]   --->   Operation 106 'extractvalue' 'kernel_data_V_1_19_ret' <Predicate = true> <Delay = 0.00>
ST_2 : Operation 107 [1/1] (0.00ns)   --->   "store i16 %kernel_data_V_1_19_ret, i16* @kernel_data_V_1_19, align 2" [firmware/nnet_utils/nnet_conv_stream.h:286]   --->   Operation 107 'store' <Predicate = true> <Delay = 0.00>
ST_2 : Operation 108 [1/1] (0.00ns)   --->   "%kernel_data_V_1_20_ret = extractvalue { i16, i16, i16, i16, i16, i16, i16, i16, i16, i16, i16, i16, i16, i16, i16, i16, i16, i16, i16, i16, i16, i16, i16, i16, i16, i16, i16, i16, i16, i16, i16, i16, i16, i16, i16, i16 } %call_ret1, 24" [firmware/nnet_utils/nnet_conv_stream.h:286]   --->   Operation 108 'extractvalue' 'kernel_data_V_1_20_ret' <Predicate = true> <Delay = 0.00>
ST_2 : Operation 109 [1/1] (0.00ns)   --->   "store i16 %kernel_data_V_1_20_ret, i16* @kernel_data_V_1_20, align 2" [firmware/nnet_utils/nnet_conv_stream.h:286]   --->   Operation 109 'store' <Predicate = true> <Delay = 0.00>
ST_2 : Operation 110 [1/1] (0.00ns)   --->   "%kernel_data_V_1_21_ret = extractvalue { i16, i16, i16, i16, i16, i16, i16, i16, i16, i16, i16, i16, i16, i16, i16, i16, i16, i16, i16, i16, i16, i16, i16, i16, i16, i16, i16, i16, i16, i16, i16, i16, i16, i16, i16, i16 } %call_ret1, 25" [firmware/nnet_utils/nnet_conv_stream.h:286]   --->   Operation 110 'extractvalue' 'kernel_data_V_1_21_ret' <Predicate = true> <Delay = 0.00>
ST_2 : Operation 111 [1/1] (0.00ns)   --->   "store i16 %kernel_data_V_1_21_ret, i16* @kernel_data_V_1_21, align 2" [firmware/nnet_utils/nnet_conv_stream.h:286]   --->   Operation 111 'store' <Predicate = true> <Delay = 0.00>
ST_2 : Operation 112 [1/1] (0.00ns)   --->   "%kernel_data_V_1_22_ret = extractvalue { i16, i16, i16, i16, i16, i16, i16, i16, i16, i16, i16, i16, i16, i16, i16, i16, i16, i16, i16, i16, i16, i16, i16, i16, i16, i16, i16, i16, i16, i16, i16, i16, i16, i16, i16, i16 } %call_ret1, 26" [firmware/nnet_utils/nnet_conv_stream.h:286]   --->   Operation 112 'extractvalue' 'kernel_data_V_1_22_ret' <Predicate = true> <Delay = 0.00>
ST_2 : Operation 113 [1/1] (0.00ns)   --->   "store i16 %kernel_data_V_1_22_ret, i16* @kernel_data_V_1_22, align 2" [firmware/nnet_utils/nnet_conv_stream.h:286]   --->   Operation 113 'store' <Predicate = true> <Delay = 0.00>
ST_2 : Operation 114 [1/1] (0.00ns)   --->   "%kernel_data_V_1_23_ret = extractvalue { i16, i16, i16, i16, i16, i16, i16, i16, i16, i16, i16, i16, i16, i16, i16, i16, i16, i16, i16, i16, i16, i16, i16, i16, i16, i16, i16, i16, i16, i16, i16, i16, i16, i16, i16, i16 } %call_ret1, 27" [firmware/nnet_utils/nnet_conv_stream.h:286]   --->   Operation 114 'extractvalue' 'kernel_data_V_1_23_ret' <Predicate = true> <Delay = 0.00>
ST_2 : Operation 115 [1/1] (0.00ns)   --->   "store i16 %kernel_data_V_1_23_ret, i16* @kernel_data_V_1_23, align 2" [firmware/nnet_utils/nnet_conv_stream.h:286]   --->   Operation 115 'store' <Predicate = true> <Delay = 0.00>
ST_2 : Operation 116 [1/1] (0.00ns)   --->   "%kernel_data_V_1_28_ret = extractvalue { i16, i16, i16, i16, i16, i16, i16, i16, i16, i16, i16, i16, i16, i16, i16, i16, i16, i16, i16, i16, i16, i16, i16, i16, i16, i16, i16, i16, i16, i16, i16, i16, i16, i16, i16, i16 } %call_ret1, 28" [firmware/nnet_utils/nnet_conv_stream.h:286]   --->   Operation 116 'extractvalue' 'kernel_data_V_1_28_ret' <Predicate = true> <Delay = 0.00>
ST_2 : Operation 117 [1/1] (0.00ns)   --->   "store i16 %kernel_data_V_1_28_ret, i16* @kernel_data_V_1_28, align 2" [firmware/nnet_utils/nnet_conv_stream.h:286]   --->   Operation 117 'store' <Predicate = true> <Delay = 0.00>
ST_2 : Operation 118 [1/1] (0.00ns)   --->   "%kernel_data_V_1_29_ret = extractvalue { i16, i16, i16, i16, i16, i16, i16, i16, i16, i16, i16, i16, i16, i16, i16, i16, i16, i16, i16, i16, i16, i16, i16, i16, i16, i16, i16, i16, i16, i16, i16, i16, i16, i16, i16, i16 } %call_ret1, 29" [firmware/nnet_utils/nnet_conv_stream.h:286]   --->   Operation 118 'extractvalue' 'kernel_data_V_1_29_ret' <Predicate = true> <Delay = 0.00>
ST_2 : Operation 119 [1/1] (0.00ns)   --->   "store i16 %kernel_data_V_1_29_ret, i16* @kernel_data_V_1_29, align 2" [firmware/nnet_utils/nnet_conv_stream.h:286]   --->   Operation 119 'store' <Predicate = true> <Delay = 0.00>
ST_2 : Operation 120 [1/1] (0.00ns)   --->   "%kernel_data_V_1_30_ret = extractvalue { i16, i16, i16, i16, i16, i16, i16, i16, i16, i16, i16, i16, i16, i16, i16, i16, i16, i16, i16, i16, i16, i16, i16, i16, i16, i16, i16, i16, i16, i16, i16, i16, i16, i16, i16, i16 } %call_ret1, 30" [firmware/nnet_utils/nnet_conv_stream.h:286]   --->   Operation 120 'extractvalue' 'kernel_data_V_1_30_ret' <Predicate = true> <Delay = 0.00>
ST_2 : Operation 121 [1/1] (0.00ns)   --->   "store i16 %kernel_data_V_1_30_ret, i16* @kernel_data_V_1_30, align 2" [firmware/nnet_utils/nnet_conv_stream.h:286]   --->   Operation 121 'store' <Predicate = true> <Delay = 0.00>
ST_2 : Operation 122 [1/1] (0.00ns)   --->   "%kernel_data_V_1_31_ret = extractvalue { i16, i16, i16, i16, i16, i16, i16, i16, i16, i16, i16, i16, i16, i16, i16, i16, i16, i16, i16, i16, i16, i16, i16, i16, i16, i16, i16, i16, i16, i16, i16, i16, i16, i16, i16, i16 } %call_ret1, 31" [firmware/nnet_utils/nnet_conv_stream.h:286]   --->   Operation 122 'extractvalue' 'kernel_data_V_1_31_ret' <Predicate = true> <Delay = 0.00>
ST_2 : Operation 123 [1/1] (0.00ns)   --->   "store i16 %kernel_data_V_1_31_ret, i16* @kernel_data_V_1_31, align 2" [firmware/nnet_utils/nnet_conv_stream.h:286]   --->   Operation 123 'store' <Predicate = true> <Delay = 0.00>
ST_2 : Operation 124 [1/1] (0.00ns)   --->   "%kernel_data_V_1_32_ret = extractvalue { i16, i16, i16, i16, i16, i16, i16, i16, i16, i16, i16, i16, i16, i16, i16, i16, i16, i16, i16, i16, i16, i16, i16, i16, i16, i16, i16, i16, i16, i16, i16, i16, i16, i16, i16, i16 } %call_ret1, 32" [firmware/nnet_utils/nnet_conv_stream.h:286]   --->   Operation 124 'extractvalue' 'kernel_data_V_1_32_ret' <Predicate = true> <Delay = 0.00>
ST_2 : Operation 125 [1/1] (0.00ns)   --->   "store i16 %kernel_data_V_1_32_ret, i16* @kernel_data_V_1_32, align 2" [firmware/nnet_utils/nnet_conv_stream.h:286]   --->   Operation 125 'store' <Predicate = true> <Delay = 0.00>
ST_2 : Operation 126 [1/1] (0.00ns)   --->   "%kernel_data_V_1_33_ret = extractvalue { i16, i16, i16, i16, i16, i16, i16, i16, i16, i16, i16, i16, i16, i16, i16, i16, i16, i16, i16, i16, i16, i16, i16, i16, i16, i16, i16, i16, i16, i16, i16, i16, i16, i16, i16, i16 } %call_ret1, 33" [firmware/nnet_utils/nnet_conv_stream.h:286]   --->   Operation 126 'extractvalue' 'kernel_data_V_1_33_ret' <Predicate = true> <Delay = 0.00>
ST_2 : Operation 127 [1/1] (0.00ns)   --->   "store i16 %kernel_data_V_1_33_ret, i16* @kernel_data_V_1_33, align 2" [firmware/nnet_utils/nnet_conv_stream.h:286]   --->   Operation 127 'store' <Predicate = true> <Delay = 0.00>
ST_2 : Operation 128 [1/1] (0.00ns)   --->   "%kernel_data_V_1_34_ret = extractvalue { i16, i16, i16, i16, i16, i16, i16, i16, i16, i16, i16, i16, i16, i16, i16, i16, i16, i16, i16, i16, i16, i16, i16, i16, i16, i16, i16, i16, i16, i16, i16, i16, i16, i16, i16, i16 } %call_ret1, 34" [firmware/nnet_utils/nnet_conv_stream.h:286]   --->   Operation 128 'extractvalue' 'kernel_data_V_1_34_ret' <Predicate = true> <Delay = 0.00>
ST_2 : Operation 129 [1/1] (0.00ns)   --->   "store i16 %kernel_data_V_1_34_ret, i16* @kernel_data_V_1_34, align 2" [firmware/nnet_utils/nnet_conv_stream.h:286]   --->   Operation 129 'store' <Predicate = true> <Delay = 0.00>
ST_2 : Operation 130 [1/1] (0.00ns)   --->   "%kernel_data_V_1_35_ret = extractvalue { i16, i16, i16, i16, i16, i16, i16, i16, i16, i16, i16, i16, i16, i16, i16, i16, i16, i16, i16, i16, i16, i16, i16, i16, i16, i16, i16, i16, i16, i16, i16, i16, i16, i16, i16, i16 } %call_ret1, 35" [firmware/nnet_utils/nnet_conv_stream.h:286]   --->   Operation 130 'extractvalue' 'kernel_data_V_1_35_ret' <Predicate = true> <Delay = 0.00>
ST_2 : Operation 131 [1/1] (0.00ns)   --->   "store i16 %kernel_data_V_1_35_ret, i16* @kernel_data_V_1_35, align 2" [firmware/nnet_utils/nnet_conv_stream.h:286]   --->   Operation 131 'store' <Predicate = true> <Delay = 0.00>
ST_2 : Operation 132 [1/1] (5.65ns)   --->   "%call_ret = call fastcc { i16, i16, i16, i16, i16, i16, i16, i16 } @"dense_latency<ap_fixed,ap_fixed,config5_mult>.0.0.0.0.0.0.0.0.0"(i16 %kernel_data_V_1_0_ret, i16 %kernel_data_V_1_1_ret, i16 %kernel_data_V_1_2_ret, i16 %kernel_data_V_1_3_ret, i16 %kernel_data_V_1_4_ret, i16 %kernel_data_V_1_5_ret, i16 %kernel_data_V_1_6_ret, i16 %kernel_data_V_1_7_ret, i16 %kernel_data_V_1_8_ret, i16 %kernel_data_V_1_9_ret, i16 %kernel_data_V_1_10_ret, i16 %kernel_data_V_1_11_ret, i16 %kernel_data_V_1_12_ret, i16 %kernel_data_V_1_13_ret, i16 %kernel_data_V_1_14_ret, i16 %kernel_data_V_1_15_ret, i16 %kernel_data_V_1_16_ret, i16 %kernel_data_V_1_17_ret, i16 %kernel_data_V_1_18_ret, i16 %kernel_data_V_1_19_ret, i16 %kernel_data_V_1_20_ret, i16 %kernel_data_V_1_21_ret, i16 %kernel_data_V_1_22_ret, i16 %kernel_data_V_1_23_ret, i16 %kernel_data_V_1_24_ret, i16 %kernel_data_V_1_25_ret, i16 %kernel_data_V_1_26_ret, i16 %kernel_data_V_1_27_ret, i16 %kernel_data_V_1_28_ret, i16 %kernel_data_V_1_29_ret, i16 %kernel_data_V_1_30_ret, i16 %kernel_data_V_1_31_ret, i16 %kernel_data_V_1_32_ret, i16 %kernel_data_V_1_33_ret, i16 %kernel_data_V_1_34_ret, i16 %kernel_data_V_1_35_ret)" [firmware/nnet_utils/nnet_conv_stream.h:294]   --->   Operation 132 'call' 'call_ret' <Predicate = (and_ln289_2)> <Delay = 5.65> <CoreType = "Generic">   --->   Core 0 '' <Latency = 0> <II = 1> <Delay = 1.00> <Generic> <Opcode : >
ST_2 : Operation 133 [1/1] (0.00ns)   --->   "%tmp_data_0_V = extractvalue { i16, i16, i16, i16, i16, i16, i16, i16 } %call_ret, 0" [firmware/nnet_utils/nnet_conv_stream.h:294]   --->   Operation 133 'extractvalue' 'tmp_data_0_V' <Predicate = (and_ln289_2)> <Delay = 0.00>
ST_2 : Operation 134 [1/1] (0.00ns)   --->   "%tmp_data_1_V = extractvalue { i16, i16, i16, i16, i16, i16, i16, i16 } %call_ret, 1" [firmware/nnet_utils/nnet_conv_stream.h:294]   --->   Operation 134 'extractvalue' 'tmp_data_1_V' <Predicate = (and_ln289_2)> <Delay = 0.00>
ST_2 : Operation 135 [1/1] (0.00ns)   --->   "%tmp_data_2_V = extractvalue { i16, i16, i16, i16, i16, i16, i16, i16 } %call_ret, 2" [firmware/nnet_utils/nnet_conv_stream.h:294]   --->   Operation 135 'extractvalue' 'tmp_data_2_V' <Predicate = (and_ln289_2)> <Delay = 0.00>
ST_2 : Operation 136 [1/1] (0.00ns)   --->   "%tmp_data_3_V = extractvalue { i16, i16, i16, i16, i16, i16, i16, i16 } %call_ret, 3" [firmware/nnet_utils/nnet_conv_stream.h:294]   --->   Operation 136 'extractvalue' 'tmp_data_3_V' <Predicate = (and_ln289_2)> <Delay = 0.00>
ST_2 : Operation 137 [1/1] (0.00ns)   --->   "%tmp_data_4_V = extractvalue { i16, i16, i16, i16, i16, i16, i16, i16 } %call_ret, 4" [firmware/nnet_utils/nnet_conv_stream.h:294]   --->   Operation 137 'extractvalue' 'tmp_data_4_V' <Predicate = (and_ln289_2)> <Delay = 0.00>
ST_2 : Operation 138 [1/1] (0.00ns)   --->   "%tmp_data_5_V = extractvalue { i16, i16, i16, i16, i16, i16, i16, i16 } %call_ret, 5" [firmware/nnet_utils/nnet_conv_stream.h:294]   --->   Operation 138 'extractvalue' 'tmp_data_5_V' <Predicate = (and_ln289_2)> <Delay = 0.00>
ST_2 : Operation 139 [1/1] (0.00ns)   --->   "%tmp_data_6_V = extractvalue { i16, i16, i16, i16, i16, i16, i16, i16 } %call_ret, 6" [firmware/nnet_utils/nnet_conv_stream.h:294]   --->   Operation 139 'extractvalue' 'tmp_data_6_V' <Predicate = (and_ln289_2)> <Delay = 0.00>
ST_2 : Operation 140 [1/1] (0.00ns)   --->   "%tmp_data_7_V = extractvalue { i16, i16, i16, i16, i16, i16, i16, i16 } %call_ret, 7" [firmware/nnet_utils/nnet_conv_stream.h:294]   --->   Operation 140 'extractvalue' 'tmp_data_7_V' <Predicate = (and_ln289_2)> <Delay = 0.00>
ST_2 : Operation 141 [1/1] (1.45ns)   --->   "call void @_ssdm_op_Write.ap_fifo.volatile.i16P.i16P.i16P.i16P.i16P.i16P.i16P.i16P(i16* %res_stream_V_data_0_V, i16* %res_stream_V_data_1_V, i16* %res_stream_V_data_2_V, i16* %res_stream_V_data_3_V, i16* %res_stream_V_data_4_V, i16* %res_stream_V_data_5_V, i16* %res_stream_V_data_6_V, i16* %res_stream_V_data_7_V, i16 %tmp_data_0_V, i16 %tmp_data_1_V, i16 %tmp_data_2_V, i16 %tmp_data_3_V, i16 %tmp_data_4_V, i16 %tmp_data_5_V, i16 %tmp_data_6_V, i16 %tmp_data_7_V)" [firmware/nnet_utils/nnet_conv_stream.h:309]   --->   Operation 141 'write' <Predicate = (and_ln289_2)> <Delay = 1.45> <Core = "FIFO">   --->   Core 32 'FIFO' <Latency = 0> <II = 1> <Delay = 1.45> <Storage> <Opcode : 'read' 'write' 'nbread' 'nbwrite'> <Ports = 0> <Width = 16> <Depth = 1> <FIFO>
ST_2 : Operation 142 [1/1] (0.00ns)   --->   "br label %._crit_edge22" [firmware/nnet_utils/nnet_conv_stream.h:310]   --->   Operation 142 'br' <Predicate = (and_ln289_2)> <Delay = 0.00>
ST_2 : Operation 143 [1/1] (0.00ns)   --->   "br label %6"   --->   Operation 143 'br' <Predicate = (!icmp_ln313)> <Delay = 0.00>
ST_2 : Operation 144 [1/1] (0.00ns)   --->   "%storemerge = phi i32 [ %select_ln323, %3 ], [ 0, %2 ]" [firmware/nnet_utils/nnet_conv_stream.h:323]   --->   Operation 144 'phi' 'storemerge' <Predicate = (icmp_ln313)> <Delay = 0.00>
ST_2 : Operation 145 [1/1] (0.00ns)   --->   "store i32 %storemerge, i32* @sY_2, align 4" [firmware/nnet_utils/nnet_conv_stream.h:319]   --->   Operation 145 'store' <Predicate = (icmp_ln313)> <Delay = 0.00>
ST_2 : Operation 146 [1/1] (0.00ns)   --->   "br label %6" [firmware/nnet_utils/nnet_conv_stream.h:325]   --->   Operation 146 'br' <Predicate = (icmp_ln313)> <Delay = 0.00>
ST_2 : Operation 147 [1/1] (0.00ns)   --->   "ret void" [firmware/nnet_utils/nnet_conv_stream.h:330]   --->   Operation 147 'ret' <Predicate = true> <Delay = 0.00>


============================================================
+ Verbose Summary: Timing violations
============================================================
Target clock period: 25ns, clock uncertainty: 3.12ns.

 <State 1>: 1.71ns
The critical path consists of the following:
	'load' operation ('sX_2_load', firmware/nnet_utils/nnet_conv_stream.h:289) on static variable 'sX_2' [149]  (0 ns)
	'add' operation ('add_ln328', firmware/nnet_utils/nnet_conv_stream.h:328) [181]  (0.88 ns)
	'select' operation ('select_ln328', firmware/nnet_utils/nnet_conv_stream.h:328) [182]  (0.227 ns)
	'store' operation ('store_ln328', firmware/nnet_utils/nnet_conv_stream.h:328) of variable 'select_ln328', firmware/nnet_utils/nnet_conv_stream.h:328 on static variable 'sX_2' [183]  (0.603 ns)

 <State 2>: 8.34ns
The critical path consists of the following:
	'load' operation ('kernel_data_V_1_4_load', firmware/nnet_utils/nnet_conv_stream.h:286) on static variable 'kernel_data_V_1_4' [64]  (0 ns)
	'call' operation ('call_ret1', firmware/nnet_utils/nnet_conv_stream.h:286) to 'shift_line_buffer<array<ap_fixed<16, 6, 5, 3, 0>, 4u>, config5>' [88]  (1.22 ns)
	'call' operation ('call_ret', firmware/nnet_utils/nnet_conv_stream.h:294) to 'dense_latency<ap_fixed,ap_fixed,config5_mult>.0.0.0.0.0.0.0.0.0' [164]  (5.66 ns)
	fifo write on port 'res_stream_V_data_0_V' (firmware/nnet_utils/nnet_conv_stream.h:309) [173]  (1.46 ns)


============================================================
+ Verbose Summary: Binding
============================================================
N/A
* FSMD analyzer results:
  - Output states:
 - Input state : 
  - Chain level:
	State 1
	State 2


============================================================
+ Verbose Summary: Datapath Resource usage 
============================================================
N/A
