

================================================================
== Vivado HLS Report for 'conv_2d_cl_array_ap_fixed_4u_array_ap_fixed_16_6_5_3_0_8u_config5_s'
================================================================
* Date:           Sat Feb 24 13:48:43 2024

* Version:        2020.1 (Build 2897737 on Wed May 27 20:21:37 MDT 2020)
* Project:        myproject_prj
* Solution:       solution1
* Product family: virtexuplus
* Target device:  xcu50-fsvh2104-2-e


================================================================
== Performance Estimates
================================================================
+ Timing: 
    * Summary: 
    +--------+----------+----------+------------+
    |  Clock |  Target  | Estimated| Uncertainty|
    +--------+----------+----------+------------+
    |ap_clk  | 25.00 ns | 8.335 ns |   3.12 ns  |
    +--------+----------+----------+------------+

+ Latency: 
    * Summary: 
    +---------+---------+----------+----------+-----+-----+---------+
    |  Latency (cycles) |  Latency (absolute) |  Interval | Pipeline|
    |   min   |   max   |    min   |    max   | min | max |   Type  |
    +---------+---------+----------+----------+-----+-----+---------+
    |       39|       39| 0.975 us | 0.975 us |   39|   39|   none  |
    +---------+---------+----------+----------+-----+-----+---------+

    + Detail: 
        * Instance: 
        N/A

        * Loop: 
        +----------------------------------+---------+---------+----------+-----------+-----------+------+----------+
        |                                  |  Latency (cycles) | Iteration|  Initiation Interval  | Trip |          |
        |             Loop Name            |   min   |   max   |  Latency |  achieved |   target  | Count| Pipelined|
        +----------------------------------+---------+---------+----------+-----------+-----------+------+----------+
        |- ReadInputHeight_ReadInputWidth  |       37|       37|         3|          1|          1|    36|    yes   |
        +----------------------------------+---------+---------+----------+-----------+-----------+------+----------+

============================================================
+ Verbose Summary: Synthesis Manager
============================================================
InlineROM: 1
ExposeGlobal: 0
============================================================
+ Verbose Summary: CDFG Model
============================================================
IsTopModel: 0
ResetActiveHigh: 1
IsCombinational: 2
IsDatapathOnly: 0
HasWiredReturn: 1
HasMFsm: 0
HasVarLatency: 1
IsPipeline: 0
IsRtlPipelined: 0
IsInstanceOverlapped: 0
IsDontTouch: 0
HasImplIP: 0
IsGatedGlobalClock: 0

+ Individual pipeline summary: 
  * Pipeline-0: initiation interval (II) = 1, depth = 3


============================================================
+ Verbose Summary: Schedule
============================================================
* Number of FSM states : 5
* Pipeline : 1
  Pipeline-0 : II = 1, D = 3, States = { 2 3 4 }
* Dataflow Pipeline: 0

* FSM state transitions: 
1 --> 2 
2 --> 5 3 
3 --> 4 
4 --> 2 
5 --> 

* FSM state operations: 

State 1 <SV = 0> <Delay = 0.60>
ST_1 : Operation 6 [1/1] (0.00ns)   --->   "call void (...)* @_ssdm_op_SpecInterface(i16* %res_V_data_7_V, [8 x i8]* @ap_fifo_str, i32 0, i32 0, [1 x i8]* @p_str474, i32 0, i32 0, [1 x i8]* @p_str475, [1 x i8]* @p_str476, [1 x i8]* @p_str477, i32 2, i32 2, i32 16, i32 16, [1 x i8]* @p_str478, [1 x i8]* @p_str479)"   --->   Operation 6 'specinterface' <Predicate = true> <Delay = 0.00>
ST_1 : Operation 7 [1/1] (0.00ns)   --->   "call void (...)* @_ssdm_op_SpecInterface(i16* %res_V_data_6_V, [8 x i8]* @ap_fifo_str, i32 0, i32 0, [1 x i8]* @p_str467, i32 0, i32 0, [1 x i8]* @p_str468, [1 x i8]* @p_str469, [1 x i8]* @p_str470, i32 2, i32 2, i32 16, i32 16, [1 x i8]* @p_str471, [1 x i8]* @p_str472)"   --->   Operation 7 'specinterface' <Predicate = true> <Delay = 0.00>
ST_1 : Operation 8 [1/1] (0.00ns)   --->   "call void (...)* @_ssdm_op_SpecInterface(i16* %res_V_data_5_V, [8 x i8]* @ap_fifo_str, i32 0, i32 0, [1 x i8]* @p_str460, i32 0, i32 0, [1 x i8]* @p_str461, [1 x i8]* @p_str462, [1 x i8]* @p_str463, i32 2, i32 2, i32 16, i32 16, [1 x i8]* @p_str464, [1 x i8]* @p_str465)"   --->   Operation 8 'specinterface' <Predicate = true> <Delay = 0.00>
ST_1 : Operation 9 [1/1] (0.00ns)   --->   "call void (...)* @_ssdm_op_SpecInterface(i16* %res_V_data_4_V, [8 x i8]* @ap_fifo_str, i32 0, i32 0, [1 x i8]* @p_str453, i32 0, i32 0, [1 x i8]* @p_str454, [1 x i8]* @p_str455, [1 x i8]* @p_str456, i32 2, i32 2, i32 16, i32 16, [1 x i8]* @p_str457, [1 x i8]* @p_str458)"   --->   Operation 9 'specinterface' <Predicate = true> <Delay = 0.00>
ST_1 : Operation 10 [1/1] (0.00ns)   --->   "call void (...)* @_ssdm_op_SpecInterface(i16* %res_V_data_3_V, [8 x i8]* @ap_fifo_str, i32 0, i32 0, [1 x i8]* @p_str446, i32 0, i32 0, [1 x i8]* @p_str447, [1 x i8]* @p_str448, [1 x i8]* @p_str449, i32 2, i32 2, i32 16, i32 16, [1 x i8]* @p_str450, [1 x i8]* @p_str451)"   --->   Operation 10 'specinterface' <Predicate = true> <Delay = 0.00>
ST_1 : Operation 11 [1/1] (0.00ns)   --->   "call void (...)* @_ssdm_op_SpecInterface(i16* %res_V_data_2_V, [8 x i8]* @ap_fifo_str, i32 0, i32 0, [1 x i8]* @p_str439, i32 0, i32 0, [1 x i8]* @p_str440, [1 x i8]* @p_str441, [1 x i8]* @p_str442, i32 2, i32 2, i32 16, i32 16, [1 x i8]* @p_str443, [1 x i8]* @p_str444)"   --->   Operation 11 'specinterface' <Predicate = true> <Delay = 0.00>
ST_1 : Operation 12 [1/1] (0.00ns)   --->   "call void (...)* @_ssdm_op_SpecInterface(i16* %res_V_data_1_V, [8 x i8]* @ap_fifo_str, i32 0, i32 0, [1 x i8]* @p_str432, i32 0, i32 0, [1 x i8]* @p_str433, [1 x i8]* @p_str434, [1 x i8]* @p_str435, i32 2, i32 2, i32 16, i32 16, [1 x i8]* @p_str436, [1 x i8]* @p_str437)"   --->   Operation 12 'specinterface' <Predicate = true> <Delay = 0.00>
ST_1 : Operation 13 [1/1] (0.00ns)   --->   "call void (...)* @_ssdm_op_SpecInterface(i16* %res_V_data_0_V, [8 x i8]* @ap_fifo_str, i32 0, i32 0, [1 x i8]* @p_str425, i32 0, i32 0, [1 x i8]* @p_str426, [1 x i8]* @p_str427, [1 x i8]* @p_str428, i32 2, i32 2, i32 16, i32 16, [1 x i8]* @p_str429, [1 x i8]* @p_str430)"   --->   Operation 13 'specinterface' <Predicate = true> <Delay = 0.00>
ST_1 : Operation 14 [1/1] (0.00ns)   --->   "call void (...)* @_ssdm_op_SpecInterface(i16* %data_V_data_3_V, [8 x i8]* @ap_fifo_str, i32 0, i32 0, [1 x i8]* @p_str418, i32 0, i32 0, [1 x i8]* @p_str419, [1 x i8]* @p_str420, [1 x i8]* @p_str421, i32 2, i32 2, i32 16, i32 16, [1 x i8]* @p_str422, [1 x i8]* @p_str423)"   --->   Operation 14 'specinterface' <Predicate = true> <Delay = 0.00>
ST_1 : Operation 15 [1/1] (0.00ns)   --->   "call void (...)* @_ssdm_op_SpecInterface(i16* %data_V_data_2_V, [8 x i8]* @ap_fifo_str, i32 0, i32 0, [1 x i8]* @p_str411, i32 0, i32 0, [1 x i8]* @p_str412, [1 x i8]* @p_str413, [1 x i8]* @p_str414, i32 2, i32 2, i32 16, i32 16, [1 x i8]* @p_str415, [1 x i8]* @p_str416)"   --->   Operation 15 'specinterface' <Predicate = true> <Delay = 0.00>
ST_1 : Operation 16 [1/1] (0.00ns)   --->   "call void (...)* @_ssdm_op_SpecInterface(i16* %data_V_data_1_V, [8 x i8]* @ap_fifo_str, i32 0, i32 0, [1 x i8]* @p_str404, i32 0, i32 0, [1 x i8]* @p_str405, [1 x i8]* @p_str406, [1 x i8]* @p_str407, i32 2, i32 2, i32 16, i32 16, [1 x i8]* @p_str408, [1 x i8]* @p_str409)"   --->   Operation 16 'specinterface' <Predicate = true> <Delay = 0.00>
ST_1 : Operation 17 [1/1] (0.00ns)   --->   "call void (...)* @_ssdm_op_SpecInterface(i16* %data_V_data_0_V, [8 x i8]* @ap_fifo_str, i32 0, i32 0, [1 x i8]* @p_str397, i32 0, i32 0, [1 x i8]* @p_str398, [1 x i8]* @p_str399, [1 x i8]* @p_str400, i32 2, i32 2, i32 16, i32 16, [1 x i8]* @p_str401, [1 x i8]* @p_str402)"   --->   Operation 17 'specinterface' <Predicate = true> <Delay = 0.00>
ST_1 : Operation 18 [1/1] (0.60ns)   --->   "br label %0" [firmware/nnet_utils/nnet_conv2d_stream.h:79->firmware/nnet_utils/nnet_conv2d_stream.h:103]   --->   Operation 18 'br' <Predicate = true> <Delay = 0.60>

State 2 <SV = 1> <Delay = 0.70>
ST_2 : Operation 19 [1/1] (0.00ns)   --->   "%indvar_flatten = phi i6 [ 0, %codeRepl ], [ %add_ln79, %hls_label_7 ]" [firmware/nnet_utils/nnet_conv2d_stream.h:79->firmware/nnet_utils/nnet_conv2d_stream.h:103]   --->   Operation 19 'phi' 'indvar_flatten' <Predicate = true> <Delay = 0.00>
ST_2 : Operation 20 [1/1] (0.61ns)   --->   "%icmp_ln79 = icmp eq i6 %indvar_flatten, -28" [firmware/nnet_utils/nnet_conv2d_stream.h:79->firmware/nnet_utils/nnet_conv2d_stream.h:103]   --->   Operation 20 'icmp' 'icmp_ln79' <Predicate = true> <Delay = 0.61> <Core = "Cmp">   --->   Core 25 'Cmp' <Latency = 0> <II = 1> <Delay = 0.61> <FuncUnit> <Opcode : 'icmp'> <InPorts = 2> <OutPorts = 1>
ST_2 : Operation 21 [1/1] (0.70ns)   --->   "%add_ln79 = add i6 %indvar_flatten, 1" [firmware/nnet_utils/nnet_conv2d_stream.h:79->firmware/nnet_utils/nnet_conv2d_stream.h:103]   --->   Operation 21 'add' 'add_ln79' <Predicate = true> <Delay = 0.70> <Core = "AddSub">   --->   Core 14 'AddSub' <Latency = 0> <II = 1> <Delay = 0.70> <FuncUnit> <Opcode : 'add' 'sub'> <InPorts = 2> <OutPorts = 1>
ST_2 : Operation 22 [1/1] (0.00ns)   --->   "br i1 %icmp_ln79, label %"conv_2d_buffer_cl<array<ap_fixed<16, 6, 5, 3, 0>, 4u>, array<ap_fixed<16, 6, 5, 3, 0>, 8u>, config5>.exit", label %hls_label_7" [firmware/nnet_utils/nnet_conv2d_stream.h:79->firmware/nnet_utils/nnet_conv2d_stream.h:103]   --->   Operation 22 'br' <Predicate = true> <Delay = 0.00>

State 3 <SV = 2> <Delay = 1.45>
ST_3 : Operation 23 [1/1] (1.45ns)   --->   "%empty_95 = call { i16, i16, i16, i16 } @_ssdm_op_Read.ap_fifo.volatile.i16P.i16P.i16P.i16P(i16* %data_V_data_0_V, i16* %data_V_data_1_V, i16* %data_V_data_2_V, i16* %data_V_data_3_V)" [firmware/nnet_utils/nnet_conv2d_stream.h:87->firmware/nnet_utils/nnet_conv2d_stream.h:103]   --->   Operation 23 'read' 'empty_95' <Predicate = (!icmp_ln79)> <Delay = 1.45> <Core = "FIFO">   --->   Core 32 'FIFO' <Latency = 0> <II = 1> <Delay = 1.45> <Storage> <Opcode : 'read' 'write' 'nbread' 'nbwrite'> <Ports = 0> <Width = 16> <Depth = 1> <FIFO>
ST_3 : Operation 24 [1/1] (0.00ns)   --->   "%tmp_data_0_V = extractvalue { i16, i16, i16, i16 } %empty_95, 0" [firmware/nnet_utils/nnet_conv2d_stream.h:87->firmware/nnet_utils/nnet_conv2d_stream.h:103]   --->   Operation 24 'extractvalue' 'tmp_data_0_V' <Predicate = (!icmp_ln79)> <Delay = 0.00>
ST_3 : Operation 25 [1/1] (0.00ns)   --->   "%tmp_data_1_V = extractvalue { i16, i16, i16, i16 } %empty_95, 1" [firmware/nnet_utils/nnet_conv2d_stream.h:87->firmware/nnet_utils/nnet_conv2d_stream.h:103]   --->   Operation 25 'extractvalue' 'tmp_data_1_V' <Predicate = (!icmp_ln79)> <Delay = 0.00>
ST_3 : Operation 26 [1/1] (0.00ns)   --->   "%tmp_data_2_V = extractvalue { i16, i16, i16, i16 } %empty_95, 2" [firmware/nnet_utils/nnet_conv2d_stream.h:87->firmware/nnet_utils/nnet_conv2d_stream.h:103]   --->   Operation 26 'extractvalue' 'tmp_data_2_V' <Predicate = (!icmp_ln79)> <Delay = 0.00>
ST_3 : Operation 27 [1/1] (0.00ns)   --->   "%tmp_data_3_V = extractvalue { i16, i16, i16, i16 } %empty_95, 3" [firmware/nnet_utils/nnet_conv2d_stream.h:87->firmware/nnet_utils/nnet_conv2d_stream.h:103]   --->   Operation 27 'extractvalue' 'tmp_data_3_V' <Predicate = (!icmp_ln79)> <Delay = 0.00>
ST_3 : Operation 28 [2/2] (0.00ns)   --->   "call fastcc void @"compute_output_buffer_2d<array,array<ap_fixed<16,6,5,3,0>,8u>,config5>"(i16 %tmp_data_0_V, i16 %tmp_data_1_V, i16 %tmp_data_2_V, i16 %tmp_data_3_V, i16* %res_V_data_0_V, i16* %res_V_data_1_V, i16* %res_V_data_2_V, i16* %res_V_data_3_V, i16* %res_V_data_4_V, i16* %res_V_data_5_V, i16* %res_V_data_6_V, i16* %res_V_data_7_V)" [firmware/nnet_utils/nnet_conv2d_stream.h:87->firmware/nnet_utils/nnet_conv2d_stream.h:103]   --->   Operation 28 'call' <Predicate = (!icmp_ln79)> <Delay = 0.00> <CoreType = "Generic">   --->   Core 0 '' <Latency = 0> <II = 1> <Delay = 1.00> <Generic> <Opcode : >

State 4 <SV = 3> <Delay = 0.00>
ST_4 : Operation 29 [1/1] (0.00ns)   --->   "call void (...)* @_ssdm_op_SpecLoopName([31 x i8]* @ReadInputHeight_ReadInputWidth_str)"   --->   Operation 29 'specloopname' <Predicate = (!icmp_ln79)> <Delay = 0.00>
ST_4 : Operation 30 [1/1] (0.00ns)   --->   "%empty = call i32 (...)* @_ssdm_op_SpecLoopTripCount(i64 36, i64 36, i64 36)"   --->   Operation 30 'speclooptripcount' 'empty' <Predicate = (!icmp_ln79)> <Delay = 0.00>
ST_4 : Operation 31 [1/1] (0.00ns)   --->   "call void (...)* @_ssdm_op_SpecLoopName([15 x i8]* @p_str38) nounwind" [firmware/nnet_utils/nnet_conv2d_stream.h:81->firmware/nnet_utils/nnet_conv2d_stream.h:103]   --->   Operation 31 'specloopname' <Predicate = (!icmp_ln79)> <Delay = 0.00>
ST_4 : Operation 32 [1/1] (0.00ns)   --->   "%tmp_s = call i32 (...)* @_ssdm_op_SpecRegionBegin([12 x i8]* @p_str51)" [firmware/nnet_utils/nnet_conv2d_stream.h:83->firmware/nnet_utils/nnet_conv2d_stream.h:103]   --->   Operation 32 'specregionbegin' 'tmp_s' <Predicate = (!icmp_ln79)> <Delay = 0.00>
ST_4 : Operation 33 [1/1] (0.00ns)   --->   "call void (...)* @_ssdm_op_SpecPipeline(i32 1, i32 1, i32 1, i32 0, [1 x i8]* @p_str10) nounwind" [firmware/nnet_utils/nnet_conv2d_stream.h:84->firmware/nnet_utils/nnet_conv2d_stream.h:103]   --->   Operation 33 'specpipeline' <Predicate = (!icmp_ln79)> <Delay = 0.00>
ST_4 : Operation 34 [1/1] (0.00ns)   --->   "%empty_94 = call i32 (...)* @_ssdm_op_SpecRegionEnd([12 x i8]* @p_str51, i32 %tmp_s)" [firmware/nnet_utils/nnet_conv2d_stream.h:85->firmware/nnet_utils/nnet_conv2d_stream.h:103]   --->   Operation 34 'specregionend' 'empty_94' <Predicate = (!icmp_ln79)> <Delay = 0.00>
ST_4 : Operation 35 [1/2] (0.00ns)   --->   "call fastcc void @"compute_output_buffer_2d<array,array<ap_fixed<16,6,5,3,0>,8u>,config5>"(i16 %tmp_data_0_V, i16 %tmp_data_1_V, i16 %tmp_data_2_V, i16 %tmp_data_3_V, i16* %res_V_data_0_V, i16* %res_V_data_1_V, i16* %res_V_data_2_V, i16* %res_V_data_3_V, i16* %res_V_data_4_V, i16* %res_V_data_5_V, i16* %res_V_data_6_V, i16* %res_V_data_7_V)" [firmware/nnet_utils/nnet_conv2d_stream.h:87->firmware/nnet_utils/nnet_conv2d_stream.h:103]   --->   Operation 35 'call' <Predicate = (!icmp_ln79)> <Delay = 0.00> <CoreType = "Generic">   --->   Core 0 '' <Latency = 0> <II = 1> <Delay = 1.00> <Generic> <Opcode : >
ST_4 : Operation 36 [1/1] (0.00ns)   --->   "br label %0"   --->   Operation 36 'br' <Predicate = (!icmp_ln79)> <Delay = 0.00>

State 5 <SV = 2> <Delay = 0.00>
ST_5 : Operation 37 [1/1] (0.00ns)   --->   "ret void" [firmware/nnet_utils/nnet_conv2d_stream.h:109]   --->   Operation 37 'ret' <Predicate = true> <Delay = 0.00>


============================================================
+ Verbose Summary: Timing violations
============================================================
Target clock period: 25ns, clock uncertainty: 3.12ns.

 <State 1>: 0.603ns
The critical path consists of the following:
	multiplexor before 'phi' operation ('indvar_flatten', firmware/nnet_utils/nnet_conv2d_stream.h:79->firmware/nnet_utils/nnet_conv2d_stream.h:103) with incoming values : ('add_ln79', firmware/nnet_utils/nnet_conv2d_stream.h:79->firmware/nnet_utils/nnet_conv2d_stream.h:103) [66]  (0.603 ns)

 <State 2>: 0.706ns
The critical path consists of the following:
	'phi' operation ('indvar_flatten', firmware/nnet_utils/nnet_conv2d_stream.h:79->firmware/nnet_utils/nnet_conv2d_stream.h:103) with incoming values : ('add_ln79', firmware/nnet_utils/nnet_conv2d_stream.h:79->firmware/nnet_utils/nnet_conv2d_stream.h:103) [66]  (0 ns)
	'add' operation ('add_ln79', firmware/nnet_utils/nnet_conv2d_stream.h:79->firmware/nnet_utils/nnet_conv2d_stream.h:103) [68]  (0.706 ns)

 <State 3>: 1.46ns
The critical path consists of the following:
	fifo read on port 'data_V_data_0_V' (firmware/nnet_utils/nnet_conv2d_stream.h:87->firmware/nnet_utils/nnet_conv2d_stream.h:103) [77]  (1.46 ns)

 <State 4>: 0ns
The critical path consists of the following:

 <State 5>: 0ns
The critical path consists of the following:


============================================================
+ Verbose Summary: Binding
============================================================
N/A
* FSMD analyzer results:
  - Output states:
 - Input state : 
  - Chain level:
	State 1
	State 2
	State 3
	State 4
	State 5


============================================================
+ Verbose Summary: Datapath Resource usage 
============================================================
N/A
