

================================================================
== Vivado HLS Report for 'dense_array_ap_fixed_8u_array_ap_fixed_16_6_5_3_0_10u_config9_s'
================================================================
* Date:           Sat Feb 24 13:48:52 2024

* Version:        2020.1 (Build 2897737 on Wed May 27 20:21:37 MDT 2020)
* Project:        myproject_prj
* Solution:       solution1
* Product family: virtexuplus
* Target device:  xcu50-fsvh2104-2-e


================================================================
== Performance Estimates
================================================================
+ Timing: 
    * Summary: 
    +--------+----------+----------+------------+
    |  Clock |  Target  | Estimated| Uncertainty|
    +--------+----------+----------+------------+
    |ap_clk  | 25.00 ns | 7.013 ns |   3.12 ns  |
    +--------+----------+----------+------------+

+ Latency: 
    * Summary: 
    +---------+---------+----------+----------+-----+-----+---------+
    |  Latency (cycles) |  Latency (absolute) |  Interval | Pipeline|
    |   min   |   max   |    min   |    max   | min | max |   Type  |
    +---------+---------+----------+----------+-----+-----+---------+
    |        6|        6| 0.150 us | 0.150 us |    6|    6|   none  |
    +---------+---------+----------+----------+-----+-----+---------+

    + Detail: 
        * Instance: 
        N/A

        * Loop: 
        +---------------+---------+---------+----------+-----------+-----------+------+----------+
        |               |  Latency (cycles) | Iteration|  Initiation Interval  | Trip |          |
        |   Loop Name   |   min   |   max   |  Latency |  achieved |   target  | Count| Pipelined|
        +---------------+---------+---------+----------+-----------+-----------+------+----------+
        |- DataPrepare  |        4|        4|         2|          1|          1|     4|    yes   |
        +---------------+---------+---------+----------+-----------+-----------+------+----------+

============================================================
+ Verbose Summary: Synthesis Manager
============================================================
InlineROM: 1
ExposeGlobal: 0
============================================================
+ Verbose Summary: CDFG Model
============================================================
IsTopModel: 0
ResetActiveHigh: 1
IsCombinational: 2
IsDatapathOnly: 0
HasWiredReturn: 1
HasMFsm: 0
HasVarLatency: 1
IsPipeline: 0
IsRtlPipelined: 0
IsInstanceOverlapped: 0
IsDontTouch: 0
HasImplIP: 0
IsGatedGlobalClock: 0

+ Individual pipeline summary: 
  * Pipeline-0: initiation interval (II) = 1, depth = 2


============================================================
+ Verbose Summary: Schedule
============================================================
* Number of FSM states : 4
* Pipeline : 1
  Pipeline-0 : II = 1, D = 2, States = { 2 3 }
* Dataflow Pipeline: 0

* FSM state transitions: 
1 --> 2 
2 --> 4 3 
3 --> 2 
4 --> 

* FSM state operations: 

State 1 <SV = 0> <Delay = 0.60>
ST_1 : Operation 5 [1/1] (0.00ns)   --->   "%data_24_V = alloca i16"   --->   Operation 5 'alloca' 'data_24_V' <Predicate = true> <Delay = 0.00>
ST_1 : Operation 6 [1/1] (0.00ns)   --->   "%data_25_V = alloca i16"   --->   Operation 6 'alloca' 'data_25_V' <Predicate = true> <Delay = 0.00>
ST_1 : Operation 7 [1/1] (0.00ns)   --->   "%data_26_V = alloca i16"   --->   Operation 7 'alloca' 'data_26_V' <Predicate = true> <Delay = 0.00>
ST_1 : Operation 8 [1/1] (0.00ns)   --->   "%data_27_V = alloca i16"   --->   Operation 8 'alloca' 'data_27_V' <Predicate = true> <Delay = 0.00>
ST_1 : Operation 9 [1/1] (0.00ns)   --->   "%data_28_V = alloca i16"   --->   Operation 9 'alloca' 'data_28_V' <Predicate = true> <Delay = 0.00>
ST_1 : Operation 10 [1/1] (0.00ns)   --->   "%data_29_V = alloca i16"   --->   Operation 10 'alloca' 'data_29_V' <Predicate = true> <Delay = 0.00>
ST_1 : Operation 11 [1/1] (0.00ns)   --->   "%data_30_V = alloca i16"   --->   Operation 11 'alloca' 'data_30_V' <Predicate = true> <Delay = 0.00>
ST_1 : Operation 12 [1/1] (0.00ns)   --->   "%data_31_V = alloca i16"   --->   Operation 12 'alloca' 'data_31_V' <Predicate = true> <Delay = 0.00>
ST_1 : Operation 13 [1/1] (0.00ns)   --->   "%data_24_V_1 = alloca i16"   --->   Operation 13 'alloca' 'data_24_V_1' <Predicate = true> <Delay = 0.00>
ST_1 : Operation 14 [1/1] (0.00ns)   --->   "%data_25_V_1 = alloca i16"   --->   Operation 14 'alloca' 'data_25_V_1' <Predicate = true> <Delay = 0.00>
ST_1 : Operation 15 [1/1] (0.00ns)   --->   "%data_26_V_1 = alloca i16"   --->   Operation 15 'alloca' 'data_26_V_1' <Predicate = true> <Delay = 0.00>
ST_1 : Operation 16 [1/1] (0.00ns)   --->   "%data_27_V_1 = alloca i16"   --->   Operation 16 'alloca' 'data_27_V_1' <Predicate = true> <Delay = 0.00>
ST_1 : Operation 17 [1/1] (0.00ns)   --->   "%data_28_V_1 = alloca i16"   --->   Operation 17 'alloca' 'data_28_V_1' <Predicate = true> <Delay = 0.00>
ST_1 : Operation 18 [1/1] (0.00ns)   --->   "%data_29_V_1 = alloca i16"   --->   Operation 18 'alloca' 'data_29_V_1' <Predicate = true> <Delay = 0.00>
ST_1 : Operation 19 [1/1] (0.00ns)   --->   "%data_30_V_1 = alloca i16"   --->   Operation 19 'alloca' 'data_30_V_1' <Predicate = true> <Delay = 0.00>
ST_1 : Operation 20 [1/1] (0.00ns)   --->   "%data_31_V_1 = alloca i16"   --->   Operation 20 'alloca' 'data_31_V_1' <Predicate = true> <Delay = 0.00>
ST_1 : Operation 21 [1/1] (0.00ns)   --->   "%data_24_V_2 = alloca i16"   --->   Operation 21 'alloca' 'data_24_V_2' <Predicate = true> <Delay = 0.00>
ST_1 : Operation 22 [1/1] (0.00ns)   --->   "%data_25_V_2 = alloca i16"   --->   Operation 22 'alloca' 'data_25_V_2' <Predicate = true> <Delay = 0.00>
ST_1 : Operation 23 [1/1] (0.00ns)   --->   "%data_26_V_2 = alloca i16"   --->   Operation 23 'alloca' 'data_26_V_2' <Predicate = true> <Delay = 0.00>
ST_1 : Operation 24 [1/1] (0.00ns)   --->   "%data_27_V_2 = alloca i16"   --->   Operation 24 'alloca' 'data_27_V_2' <Predicate = true> <Delay = 0.00>
ST_1 : Operation 25 [1/1] (0.00ns)   --->   "%data_28_V_2 = alloca i16"   --->   Operation 25 'alloca' 'data_28_V_2' <Predicate = true> <Delay = 0.00>
ST_1 : Operation 26 [1/1] (0.00ns)   --->   "%data_29_V_2 = alloca i16"   --->   Operation 26 'alloca' 'data_29_V_2' <Predicate = true> <Delay = 0.00>
ST_1 : Operation 27 [1/1] (0.00ns)   --->   "%data_30_V_2 = alloca i16"   --->   Operation 27 'alloca' 'data_30_V_2' <Predicate = true> <Delay = 0.00>
ST_1 : Operation 28 [1/1] (0.00ns)   --->   "%data_31_V_2 = alloca i16"   --->   Operation 28 'alloca' 'data_31_V_2' <Predicate = true> <Delay = 0.00>
ST_1 : Operation 29 [1/1] (0.00ns)   --->   "%data_24_V_3 = alloca i16"   --->   Operation 29 'alloca' 'data_24_V_3' <Predicate = true> <Delay = 0.00>
ST_1 : Operation 30 [1/1] (0.00ns)   --->   "%data_25_V_3 = alloca i16"   --->   Operation 30 'alloca' 'data_25_V_3' <Predicate = true> <Delay = 0.00>
ST_1 : Operation 31 [1/1] (0.00ns)   --->   "%data_26_V_3 = alloca i16"   --->   Operation 31 'alloca' 'data_26_V_3' <Predicate = true> <Delay = 0.00>
ST_1 : Operation 32 [1/1] (0.00ns)   --->   "%data_27_V_3 = alloca i16"   --->   Operation 32 'alloca' 'data_27_V_3' <Predicate = true> <Delay = 0.00>
ST_1 : Operation 33 [1/1] (0.00ns)   --->   "%data_28_V_3 = alloca i16"   --->   Operation 33 'alloca' 'data_28_V_3' <Predicate = true> <Delay = 0.00>
ST_1 : Operation 34 [1/1] (0.00ns)   --->   "%data_29_V_3 = alloca i16"   --->   Operation 34 'alloca' 'data_29_V_3' <Predicate = true> <Delay = 0.00>
ST_1 : Operation 35 [1/1] (0.00ns)   --->   "%data_30_V_3 = alloca i16"   --->   Operation 35 'alloca' 'data_30_V_3' <Predicate = true> <Delay = 0.00>
ST_1 : Operation 36 [1/1] (0.00ns)   --->   "%data_31_V_3 = alloca i16"   --->   Operation 36 'alloca' 'data_31_V_3' <Predicate = true> <Delay = 0.00>
ST_1 : Operation 37 [1/1] (0.00ns)   --->   "call void (...)* @_ssdm_op_SpecInterface(i16* %res_stream_V_data_9_V, [8 x i8]* @ap_fifo_str, i32 0, i32 0, [1 x i8]* @p_str656, i32 0, i32 0, [1 x i8]* @p_str657, [1 x i8]* @p_str658, [1 x i8]* @p_str659, i32 2, i32 2, i32 16, i32 16, [1 x i8]* @p_str660, [1 x i8]* @p_str661)"   --->   Operation 37 'specinterface' <Predicate = true> <Delay = 0.00>
ST_1 : Operation 38 [1/1] (0.00ns)   --->   "call void (...)* @_ssdm_op_SpecInterface(i16* %res_stream_V_data_8_V, [8 x i8]* @ap_fifo_str, i32 0, i32 0, [1 x i8]* @p_str649, i32 0, i32 0, [1 x i8]* @p_str650, [1 x i8]* @p_str651, [1 x i8]* @p_str652, i32 2, i32 2, i32 16, i32 16, [1 x i8]* @p_str653, [1 x i8]* @p_str654)"   --->   Operation 38 'specinterface' <Predicate = true> <Delay = 0.00>
ST_1 : Operation 39 [1/1] (0.00ns)   --->   "call void (...)* @_ssdm_op_SpecInterface(i16* %res_stream_V_data_7_V, [8 x i8]* @ap_fifo_str, i32 0, i32 0, [1 x i8]* @p_str642, i32 0, i32 0, [1 x i8]* @p_str643, [1 x i8]* @p_str644, [1 x i8]* @p_str645, i32 2, i32 2, i32 16, i32 16, [1 x i8]* @p_str646, [1 x i8]* @p_str647)"   --->   Operation 39 'specinterface' <Predicate = true> <Delay = 0.00>
ST_1 : Operation 40 [1/1] (0.00ns)   --->   "call void (...)* @_ssdm_op_SpecInterface(i16* %res_stream_V_data_6_V, [8 x i8]* @ap_fifo_str, i32 0, i32 0, [1 x i8]* @p_str635, i32 0, i32 0, [1 x i8]* @p_str636, [1 x i8]* @p_str637, [1 x i8]* @p_str638, i32 2, i32 2, i32 16, i32 16, [1 x i8]* @p_str639, [1 x i8]* @p_str640)"   --->   Operation 40 'specinterface' <Predicate = true> <Delay = 0.00>
ST_1 : Operation 41 [1/1] (0.00ns)   --->   "call void (...)* @_ssdm_op_SpecInterface(i16* %res_stream_V_data_5_V, [8 x i8]* @ap_fifo_str, i32 0, i32 0, [1 x i8]* @p_str628, i32 0, i32 0, [1 x i8]* @p_str629, [1 x i8]* @p_str630, [1 x i8]* @p_str631, i32 2, i32 2, i32 16, i32 16, [1 x i8]* @p_str632, [1 x i8]* @p_str633)"   --->   Operation 41 'specinterface' <Predicate = true> <Delay = 0.00>
ST_1 : Operation 42 [1/1] (0.00ns)   --->   "call void (...)* @_ssdm_op_SpecInterface(i16* %res_stream_V_data_4_V, [8 x i8]* @ap_fifo_str, i32 0, i32 0, [1 x i8]* @p_str621, i32 0, i32 0, [1 x i8]* @p_str622, [1 x i8]* @p_str623, [1 x i8]* @p_str624, i32 2, i32 2, i32 16, i32 16, [1 x i8]* @p_str625, [1 x i8]* @p_str626)"   --->   Operation 42 'specinterface' <Predicate = true> <Delay = 0.00>
ST_1 : Operation 43 [1/1] (0.00ns)   --->   "call void (...)* @_ssdm_op_SpecInterface(i16* %res_stream_V_data_3_V, [8 x i8]* @ap_fifo_str, i32 0, i32 0, [1 x i8]* @p_str614, i32 0, i32 0, [1 x i8]* @p_str615, [1 x i8]* @p_str616, [1 x i8]* @p_str617, i32 2, i32 2, i32 16, i32 16, [1 x i8]* @p_str618, [1 x i8]* @p_str619)"   --->   Operation 43 'specinterface' <Predicate = true> <Delay = 0.00>
ST_1 : Operation 44 [1/1] (0.00ns)   --->   "call void (...)* @_ssdm_op_SpecInterface(i16* %res_stream_V_data_2_V, [8 x i8]* @ap_fifo_str, i32 0, i32 0, [1 x i8]* @p_str607, i32 0, i32 0, [1 x i8]* @p_str608, [1 x i8]* @p_str609, [1 x i8]* @p_str610, i32 2, i32 2, i32 16, i32 16, [1 x i8]* @p_str611, [1 x i8]* @p_str612)"   --->   Operation 44 'specinterface' <Predicate = true> <Delay = 0.00>
ST_1 : Operation 45 [1/1] (0.00ns)   --->   "call void (...)* @_ssdm_op_SpecInterface(i16* %res_stream_V_data_1_V, [8 x i8]* @ap_fifo_str, i32 0, i32 0, [1 x i8]* @p_str600, i32 0, i32 0, [1 x i8]* @p_str601, [1 x i8]* @p_str602, [1 x i8]* @p_str603, i32 2, i32 2, i32 16, i32 16, [1 x i8]* @p_str604, [1 x i8]* @p_str605)"   --->   Operation 45 'specinterface' <Predicate = true> <Delay = 0.00>
ST_1 : Operation 46 [1/1] (0.00ns)   --->   "call void (...)* @_ssdm_op_SpecInterface(i16* %res_stream_V_data_0_V, [8 x i8]* @ap_fifo_str, i32 0, i32 0, [1 x i8]* @p_str593, i32 0, i32 0, [1 x i8]* @p_str594, [1 x i8]* @p_str595, [1 x i8]* @p_str596, i32 2, i32 2, i32 16, i32 16, [1 x i8]* @p_str597, [1 x i8]* @p_str598)"   --->   Operation 46 'specinterface' <Predicate = true> <Delay = 0.00>
ST_1 : Operation 47 [1/1] (0.00ns)   --->   "call void (...)* @_ssdm_op_SpecInterface(i16* %data_stream_V_data_7_V, [8 x i8]* @ap_fifo_str, i32 0, i32 0, [1 x i8]* @p_str586, i32 0, i32 0, [1 x i8]* @p_str587, [1 x i8]* @p_str588, [1 x i8]* @p_str589, i32 2, i32 2, i32 16, i32 16, [1 x i8]* @p_str590, [1 x i8]* @p_str591)"   --->   Operation 47 'specinterface' <Predicate = true> <Delay = 0.00>
ST_1 : Operation 48 [1/1] (0.00ns)   --->   "call void (...)* @_ssdm_op_SpecInterface(i16* %data_stream_V_data_6_V, [8 x i8]* @ap_fifo_str, i32 0, i32 0, [1 x i8]* @p_str579, i32 0, i32 0, [1 x i8]* @p_str580, [1 x i8]* @p_str581, [1 x i8]* @p_str582, i32 2, i32 2, i32 16, i32 16, [1 x i8]* @p_str583, [1 x i8]* @p_str584)"   --->   Operation 48 'specinterface' <Predicate = true> <Delay = 0.00>
ST_1 : Operation 49 [1/1] (0.00ns)   --->   "call void (...)* @_ssdm_op_SpecInterface(i16* %data_stream_V_data_5_V, [8 x i8]* @ap_fifo_str, i32 0, i32 0, [1 x i8]* @p_str572, i32 0, i32 0, [1 x i8]* @p_str573, [1 x i8]* @p_str574, [1 x i8]* @p_str575, i32 2, i32 2, i32 16, i32 16, [1 x i8]* @p_str576, [1 x i8]* @p_str577)"   --->   Operation 49 'specinterface' <Predicate = true> <Delay = 0.00>
ST_1 : Operation 50 [1/1] (0.00ns)   --->   "call void (...)* @_ssdm_op_SpecInterface(i16* %data_stream_V_data_4_V, [8 x i8]* @ap_fifo_str, i32 0, i32 0, [1 x i8]* @p_str565, i32 0, i32 0, [1 x i8]* @p_str566, [1 x i8]* @p_str567, [1 x i8]* @p_str568, i32 2, i32 2, i32 16, i32 16, [1 x i8]* @p_str569, [1 x i8]* @p_str570)"   --->   Operation 50 'specinterface' <Predicate = true> <Delay = 0.00>
ST_1 : Operation 51 [1/1] (0.00ns)   --->   "call void (...)* @_ssdm_op_SpecInterface(i16* %data_stream_V_data_3_V, [8 x i8]* @ap_fifo_str, i32 0, i32 0, [1 x i8]* @p_str558, i32 0, i32 0, [1 x i8]* @p_str559, [1 x i8]* @p_str560, [1 x i8]* @p_str561, i32 2, i32 2, i32 16, i32 16, [1 x i8]* @p_str562, [1 x i8]* @p_str563)"   --->   Operation 51 'specinterface' <Predicate = true> <Delay = 0.00>
ST_1 : Operation 52 [1/1] (0.00ns)   --->   "call void (...)* @_ssdm_op_SpecInterface(i16* %data_stream_V_data_2_V, [8 x i8]* @ap_fifo_str, i32 0, i32 0, [1 x i8]* @p_str551, i32 0, i32 0, [1 x i8]* @p_str552, [1 x i8]* @p_str553, [1 x i8]* @p_str554, i32 2, i32 2, i32 16, i32 16, [1 x i8]* @p_str555, [1 x i8]* @p_str556)"   --->   Operation 52 'specinterface' <Predicate = true> <Delay = 0.00>
ST_1 : Operation 53 [1/1] (0.00ns)   --->   "call void (...)* @_ssdm_op_SpecInterface(i16* %data_stream_V_data_1_V, [8 x i8]* @ap_fifo_str, i32 0, i32 0, [1 x i8]* @p_str544, i32 0, i32 0, [1 x i8]* @p_str545, [1 x i8]* @p_str546, [1 x i8]* @p_str547, i32 2, i32 2, i32 16, i32 16, [1 x i8]* @p_str548, [1 x i8]* @p_str549)"   --->   Operation 53 'specinterface' <Predicate = true> <Delay = 0.00>
ST_1 : Operation 54 [1/1] (0.00ns)   --->   "call void (...)* @_ssdm_op_SpecInterface(i16* %data_stream_V_data_0_V, [8 x i8]* @ap_fifo_str, i32 0, i32 0, [1 x i8]* @p_str537, i32 0, i32 0, [1 x i8]* @p_str538, [1 x i8]* @p_str539, [1 x i8]* @p_str540, i32 2, i32 2, i32 16, i32 16, [1 x i8]* @p_str541, [1 x i8]* @p_str542)"   --->   Operation 54 'specinterface' <Predicate = true> <Delay = 0.00>
ST_1 : Operation 55 [1/1] (0.60ns)   --->   "br label %branch7" [firmware/nnet_utils/nnet_dense_stream.h:36]   --->   Operation 55 'br' <Predicate = true> <Delay = 0.60>

State 2 <SV = 1> <Delay = 0.65>
ST_2 : Operation 56 [1/1] (0.00ns)   --->   "%i_in_0 = phi i3 [ 0, %0 ], [ %i_in, %branch7.backedge ]"   --->   Operation 56 'phi' 'i_in_0' <Predicate = true> <Delay = 0.00>
ST_2 : Operation 57 [1/1] (0.49ns)   --->   "%icmp_ln36 = icmp eq i3 %i_in_0, -4" [firmware/nnet_utils/nnet_dense_stream.h:36]   --->   Operation 57 'icmp' 'icmp_ln36' <Predicate = true> <Delay = 0.49> <Core = "Cmp">   --->   Core 25 'Cmp' <Latency = 0> <II = 1> <Delay = 0.49> <FuncUnit> <Opcode : 'icmp'> <InPorts = 2> <OutPorts = 1>
ST_2 : Operation 58 [1/1] (0.00ns)   --->   "%empty = call i32 (...)* @_ssdm_op_SpecLoopTripCount(i64 4, i64 4, i64 4)"   --->   Operation 58 'speclooptripcount' 'empty' <Predicate = true> <Delay = 0.00>
ST_2 : Operation 59 [1/1] (0.57ns)   --->   "%i_in = add i3 %i_in_0, 1" [firmware/nnet_utils/nnet_dense_stream.h:36]   --->   Operation 59 'add' 'i_in' <Predicate = true> <Delay = 0.57> <Core = "AddSub">   --->   Core 14 'AddSub' <Latency = 0> <II = 1> <Delay = 0.57> <FuncUnit> <Opcode : 'add' 'sub'> <InPorts = 2> <OutPorts = 1>
ST_2 : Operation 60 [1/1] (0.00ns)   --->   "br i1 %icmp_ln36, label %.critedge, label %hls_label_14" [firmware/nnet_utils/nnet_dense_stream.h:36]   --->   Operation 60 'br' <Predicate = true> <Delay = 0.00>
ST_2 : Operation 61 [1/1] (0.00ns)   --->   "%trunc_ln203 = trunc i3 %i_in_0 to i2" [firmware/nnet_utils/nnet_dense_stream.h:44]   --->   Operation 61 'trunc' 'trunc_ln203' <Predicate = (!icmp_ln36)> <Delay = 0.00>
ST_2 : Operation 62 [1/1] (0.65ns)   --->   "switch i2 %trunc_ln203, label %branch248 [
    i2 0, label %hls_label_14.branch224_crit_edge
    i2 1, label %branch232
    i2 -2, label %branch240
  ]" [firmware/nnet_utils/nnet_dense_stream.h:44]   --->   Operation 62 'switch' <Predicate = (!icmp_ln36)> <Delay = 0.65>
ST_2 : Operation 63 [1/1] (0.65ns)   --->   "switch i2 %trunc_ln203, label %branch217 [
    i2 0, label %branch224.branch193_crit_edge
    i2 1, label %branch201
    i2 -2, label %branch209
  ]" [firmware/nnet_utils/nnet_dense_stream.h:44]   --->   Operation 63 'switch' <Predicate = (!icmp_ln36)> <Delay = 0.65>
ST_2 : Operation 64 [1/1] (0.65ns)   --->   "switch i2 %trunc_ln203, label %branch186 [
    i2 0, label %branch193.branch162_crit_edge
    i2 1, label %branch170
    i2 -2, label %branch178
  ]" [firmware/nnet_utils/nnet_dense_stream.h:44]   --->   Operation 64 'switch' <Predicate = (!icmp_ln36)> <Delay = 0.65>
ST_2 : Operation 65 [1/1] (0.65ns)   --->   "switch i2 %trunc_ln203, label %branch155 [
    i2 0, label %branch162.branch131_crit_edge
    i2 1, label %branch139
    i2 -2, label %branch147
  ]" [firmware/nnet_utils/nnet_dense_stream.h:44]   --->   Operation 65 'switch' <Predicate = (!icmp_ln36)> <Delay = 0.65>
ST_2 : Operation 66 [1/1] (0.65ns)   --->   "switch i2 %trunc_ln203, label %branch124 [
    i2 0, label %branch131.branch100_crit_edge
    i2 1, label %branch108
    i2 -2, label %branch116
  ]" [firmware/nnet_utils/nnet_dense_stream.h:44]   --->   Operation 66 'switch' <Predicate = (!icmp_ln36)> <Delay = 0.65>
ST_2 : Operation 67 [1/1] (0.65ns)   --->   "switch i2 %trunc_ln203, label %branch93 [
    i2 0, label %branch100.branch69_crit_edge
    i2 1, label %branch77
    i2 -2, label %branch85
  ]" [firmware/nnet_utils/nnet_dense_stream.h:44]   --->   Operation 67 'switch' <Predicate = (!icmp_ln36)> <Delay = 0.65>
ST_2 : Operation 68 [1/1] (0.65ns)   --->   "switch i2 %trunc_ln203, label %branch62 [
    i2 0, label %branch69.branch38_crit_edge
    i2 1, label %branch46
    i2 -2, label %branch54
  ]" [firmware/nnet_utils/nnet_dense_stream.h:44]   --->   Operation 68 'switch' <Predicate = (!icmp_ln36)> <Delay = 0.65>
ST_2 : Operation 69 [1/1] (0.65ns)   --->   "switch i2 %trunc_ln203, label %branch31 [
    i2 0, label %branch38.branch7.backedge_crit_edge
    i2 1, label %branch15
    i2 -2, label %branch23
  ]" [firmware/nnet_utils/nnet_dense_stream.h:44]   --->   Operation 69 'switch' <Predicate = (!icmp_ln36)> <Delay = 0.65>
ST_2 : Operation 70 [1/1] (0.00ns)   --->   "br label %branch7"   --->   Operation 70 'br' <Predicate = (!icmp_ln36)> <Delay = 0.00>

State 3 <SV = 2> <Delay = 1.45>
ST_3 : Operation 71 [1/1] (0.00ns)   --->   "call void (...)* @_ssdm_op_SpecLoopName([12 x i8]* @p_str25) nounwind" [firmware/nnet_utils/nnet_dense_stream.h:36]   --->   Operation 71 'specloopname' <Predicate = true> <Delay = 0.00>
ST_3 : Operation 72 [1/1] (0.00ns)   --->   "%tmp = call i32 (...)* @_ssdm_op_SpecRegionBegin([13 x i8]* @p_str26)" [firmware/nnet_utils/nnet_dense_stream.h:37]   --->   Operation 72 'specregionbegin' 'tmp' <Predicate = true> <Delay = 0.00>
ST_3 : Operation 73 [1/1] (0.00ns)   --->   "call void (...)* @_ssdm_op_SpecPipeline(i32 -1, i32 1, i32 1, i32 0, [1 x i8]* @p_str10) nounwind" [firmware/nnet_utils/nnet_dense_stream.h:38]   --->   Operation 73 'specpipeline' <Predicate = true> <Delay = 0.00>
ST_3 : Operation 74 [1/1] (0.00ns)   --->   "%empty_92 = call i32 (...)* @_ssdm_op_SpecRegionEnd([13 x i8]* @p_str26, i32 %tmp)" [firmware/nnet_utils/nnet_dense_stream.h:39]   --->   Operation 74 'specregionend' 'empty_92' <Predicate = true> <Delay = 0.00>
ST_3 : Operation 75 [1/1] (1.45ns)   --->   "%empty_93 = call { i16, i16, i16, i16, i16, i16, i16, i16 } @_ssdm_op_Read.ap_fifo.volatile.i16P.i16P.i16P.i16P.i16P.i16P.i16P.i16P(i16* %data_stream_V_data_0_V, i16* %data_stream_V_data_1_V, i16* %data_stream_V_data_2_V, i16* %data_stream_V_data_3_V, i16* %data_stream_V_data_4_V, i16* %data_stream_V_data_5_V, i16* %data_stream_V_data_6_V, i16* %data_stream_V_data_7_V)" [firmware/nnet_utils/nnet_dense_stream.h:40]   --->   Operation 75 'read' 'empty_93' <Predicate = true> <Delay = 1.45> <Core = "FIFO">   --->   Core 32 'FIFO' <Latency = 0> <II = 1> <Delay = 1.45> <Storage> <Opcode : 'read' 'write' 'nbread' 'nbwrite'> <Ports = 0> <Width = 16> <Depth = 1> <FIFO>
ST_3 : Operation 76 [1/1] (0.00ns)   --->   "%data_0_V = extractvalue { i16, i16, i16, i16, i16, i16, i16, i16 } %empty_93, 0" [firmware/nnet_utils/nnet_dense_stream.h:40]   --->   Operation 76 'extractvalue' 'data_0_V' <Predicate = true> <Delay = 0.00>
ST_3 : Operation 77 [1/1] (0.00ns)   --->   "%data_1_V = extractvalue { i16, i16, i16, i16, i16, i16, i16, i16 } %empty_93, 1" [firmware/nnet_utils/nnet_dense_stream.h:40]   --->   Operation 77 'extractvalue' 'data_1_V' <Predicate = true> <Delay = 0.00>
ST_3 : Operation 78 [1/1] (0.00ns)   --->   "%data_2_V = extractvalue { i16, i16, i16, i16, i16, i16, i16, i16 } %empty_93, 2" [firmware/nnet_utils/nnet_dense_stream.h:40]   --->   Operation 78 'extractvalue' 'data_2_V' <Predicate = true> <Delay = 0.00>
ST_3 : Operation 79 [1/1] (0.00ns)   --->   "%data_3_V = extractvalue { i16, i16, i16, i16, i16, i16, i16, i16 } %empty_93, 3" [firmware/nnet_utils/nnet_dense_stream.h:40]   --->   Operation 79 'extractvalue' 'data_3_V' <Predicate = true> <Delay = 0.00>
ST_3 : Operation 80 [1/1] (0.00ns)   --->   "%data_4_V = extractvalue { i16, i16, i16, i16, i16, i16, i16, i16 } %empty_93, 4" [firmware/nnet_utils/nnet_dense_stream.h:40]   --->   Operation 80 'extractvalue' 'data_4_V' <Predicate = true> <Delay = 0.00>
ST_3 : Operation 81 [1/1] (0.00ns)   --->   "%data_5_V = extractvalue { i16, i16, i16, i16, i16, i16, i16, i16 } %empty_93, 5" [firmware/nnet_utils/nnet_dense_stream.h:40]   --->   Operation 81 'extractvalue' 'data_5_V' <Predicate = true> <Delay = 0.00>
ST_3 : Operation 82 [1/1] (0.00ns)   --->   "%data_6_V = extractvalue { i16, i16, i16, i16, i16, i16, i16, i16 } %empty_93, 6" [firmware/nnet_utils/nnet_dense_stream.h:40]   --->   Operation 82 'extractvalue' 'data_6_V' <Predicate = true> <Delay = 0.00>
ST_3 : Operation 83 [1/1] (0.00ns)   --->   "%data_7_V = extractvalue { i16, i16, i16, i16, i16, i16, i16, i16 } %empty_93, 7" [firmware/nnet_utils/nnet_dense_stream.h:40]   --->   Operation 83 'extractvalue' 'data_7_V' <Predicate = true> <Delay = 0.00>
ST_3 : Operation 84 [1/1] (0.00ns)   --->   "store i16 %data_0_V, i16* %data_24_V_2" [firmware/nnet_utils/nnet_dense_stream.h:44]   --->   Operation 84 'store' <Predicate = (trunc_ln203 == 2)> <Delay = 0.00>
ST_3 : Operation 85 [1/1] (0.00ns)   --->   "br label %branch224" [firmware/nnet_utils/nnet_dense_stream.h:44]   --->   Operation 85 'br' <Predicate = (trunc_ln203 == 2)> <Delay = 0.00>
ST_3 : Operation 86 [1/1] (0.00ns)   --->   "store i16 %data_0_V, i16* %data_24_V_1" [firmware/nnet_utils/nnet_dense_stream.h:44]   --->   Operation 86 'store' <Predicate = (trunc_ln203 == 1)> <Delay = 0.00>
ST_3 : Operation 87 [1/1] (0.00ns)   --->   "br label %branch224" [firmware/nnet_utils/nnet_dense_stream.h:44]   --->   Operation 87 'br' <Predicate = (trunc_ln203 == 1)> <Delay = 0.00>
ST_3 : Operation 88 [1/1] (0.00ns)   --->   "store i16 %data_0_V, i16* %data_24_V" [firmware/nnet_utils/nnet_dense_stream.h:44]   --->   Operation 88 'store' <Predicate = (trunc_ln203 == 0)> <Delay = 0.00>
ST_3 : Operation 89 [1/1] (0.00ns)   --->   "br label %branch224" [firmware/nnet_utils/nnet_dense_stream.h:44]   --->   Operation 89 'br' <Predicate = (trunc_ln203 == 0)> <Delay = 0.00>
ST_3 : Operation 90 [1/1] (0.00ns)   --->   "store i16 %data_0_V, i16* %data_24_V_3" [firmware/nnet_utils/nnet_dense_stream.h:44]   --->   Operation 90 'store' <Predicate = (trunc_ln203 == 3)> <Delay = 0.00>
ST_3 : Operation 91 [1/1] (0.00ns)   --->   "br label %branch224" [firmware/nnet_utils/nnet_dense_stream.h:44]   --->   Operation 91 'br' <Predicate = (trunc_ln203 == 3)> <Delay = 0.00>
ST_3 : Operation 92 [1/1] (0.00ns)   --->   "store i16 %data_1_V, i16* %data_25_V_2" [firmware/nnet_utils/nnet_dense_stream.h:44]   --->   Operation 92 'store' <Predicate = (trunc_ln203 == 2)> <Delay = 0.00>
ST_3 : Operation 93 [1/1] (0.00ns)   --->   "br label %branch193" [firmware/nnet_utils/nnet_dense_stream.h:44]   --->   Operation 93 'br' <Predicate = (trunc_ln203 == 2)> <Delay = 0.00>
ST_3 : Operation 94 [1/1] (0.00ns)   --->   "store i16 %data_1_V, i16* %data_25_V_1" [firmware/nnet_utils/nnet_dense_stream.h:44]   --->   Operation 94 'store' <Predicate = (trunc_ln203 == 1)> <Delay = 0.00>
ST_3 : Operation 95 [1/1] (0.00ns)   --->   "br label %branch193" [firmware/nnet_utils/nnet_dense_stream.h:44]   --->   Operation 95 'br' <Predicate = (trunc_ln203 == 1)> <Delay = 0.00>
ST_3 : Operation 96 [1/1] (0.00ns)   --->   "store i16 %data_1_V, i16* %data_25_V" [firmware/nnet_utils/nnet_dense_stream.h:44]   --->   Operation 96 'store' <Predicate = (trunc_ln203 == 0)> <Delay = 0.00>
ST_3 : Operation 97 [1/1] (0.00ns)   --->   "br label %branch193" [firmware/nnet_utils/nnet_dense_stream.h:44]   --->   Operation 97 'br' <Predicate = (trunc_ln203 == 0)> <Delay = 0.00>
ST_3 : Operation 98 [1/1] (0.00ns)   --->   "store i16 %data_1_V, i16* %data_25_V_3" [firmware/nnet_utils/nnet_dense_stream.h:44]   --->   Operation 98 'store' <Predicate = (trunc_ln203 == 3)> <Delay = 0.00>
ST_3 : Operation 99 [1/1] (0.00ns)   --->   "br label %branch193" [firmware/nnet_utils/nnet_dense_stream.h:44]   --->   Operation 99 'br' <Predicate = (trunc_ln203 == 3)> <Delay = 0.00>
ST_3 : Operation 100 [1/1] (0.00ns)   --->   "store i16 %data_2_V, i16* %data_26_V_2" [firmware/nnet_utils/nnet_dense_stream.h:44]   --->   Operation 100 'store' <Predicate = (trunc_ln203 == 2)> <Delay = 0.00>
ST_3 : Operation 101 [1/1] (0.00ns)   --->   "br label %branch162" [firmware/nnet_utils/nnet_dense_stream.h:44]   --->   Operation 101 'br' <Predicate = (trunc_ln203 == 2)> <Delay = 0.00>
ST_3 : Operation 102 [1/1] (0.00ns)   --->   "store i16 %data_2_V, i16* %data_26_V_1" [firmware/nnet_utils/nnet_dense_stream.h:44]   --->   Operation 102 'store' <Predicate = (trunc_ln203 == 1)> <Delay = 0.00>
ST_3 : Operation 103 [1/1] (0.00ns)   --->   "br label %branch162" [firmware/nnet_utils/nnet_dense_stream.h:44]   --->   Operation 103 'br' <Predicate = (trunc_ln203 == 1)> <Delay = 0.00>
ST_3 : Operation 104 [1/1] (0.00ns)   --->   "store i16 %data_2_V, i16* %data_26_V" [firmware/nnet_utils/nnet_dense_stream.h:44]   --->   Operation 104 'store' <Predicate = (trunc_ln203 == 0)> <Delay = 0.00>
ST_3 : Operation 105 [1/1] (0.00ns)   --->   "br label %branch162" [firmware/nnet_utils/nnet_dense_stream.h:44]   --->   Operation 105 'br' <Predicate = (trunc_ln203 == 0)> <Delay = 0.00>
ST_3 : Operation 106 [1/1] (0.00ns)   --->   "store i16 %data_2_V, i16* %data_26_V_3" [firmware/nnet_utils/nnet_dense_stream.h:44]   --->   Operation 106 'store' <Predicate = (trunc_ln203 == 3)> <Delay = 0.00>
ST_3 : Operation 107 [1/1] (0.00ns)   --->   "br label %branch162" [firmware/nnet_utils/nnet_dense_stream.h:44]   --->   Operation 107 'br' <Predicate = (trunc_ln203 == 3)> <Delay = 0.00>
ST_3 : Operation 108 [1/1] (0.00ns)   --->   "store i16 %data_3_V, i16* %data_27_V_2" [firmware/nnet_utils/nnet_dense_stream.h:44]   --->   Operation 108 'store' <Predicate = (trunc_ln203 == 2)> <Delay = 0.00>
ST_3 : Operation 109 [1/1] (0.00ns)   --->   "br label %branch131" [firmware/nnet_utils/nnet_dense_stream.h:44]   --->   Operation 109 'br' <Predicate = (trunc_ln203 == 2)> <Delay = 0.00>
ST_3 : Operation 110 [1/1] (0.00ns)   --->   "store i16 %data_3_V, i16* %data_27_V_1" [firmware/nnet_utils/nnet_dense_stream.h:44]   --->   Operation 110 'store' <Predicate = (trunc_ln203 == 1)> <Delay = 0.00>
ST_3 : Operation 111 [1/1] (0.00ns)   --->   "br label %branch131" [firmware/nnet_utils/nnet_dense_stream.h:44]   --->   Operation 111 'br' <Predicate = (trunc_ln203 == 1)> <Delay = 0.00>
ST_3 : Operation 112 [1/1] (0.00ns)   --->   "store i16 %data_3_V, i16* %data_27_V" [firmware/nnet_utils/nnet_dense_stream.h:44]   --->   Operation 112 'store' <Predicate = (trunc_ln203 == 0)> <Delay = 0.00>
ST_3 : Operation 113 [1/1] (0.00ns)   --->   "br label %branch131" [firmware/nnet_utils/nnet_dense_stream.h:44]   --->   Operation 113 'br' <Predicate = (trunc_ln203 == 0)> <Delay = 0.00>
ST_3 : Operation 114 [1/1] (0.00ns)   --->   "store i16 %data_3_V, i16* %data_27_V_3" [firmware/nnet_utils/nnet_dense_stream.h:44]   --->   Operation 114 'store' <Predicate = (trunc_ln203 == 3)> <Delay = 0.00>
ST_3 : Operation 115 [1/1] (0.00ns)   --->   "br label %branch131" [firmware/nnet_utils/nnet_dense_stream.h:44]   --->   Operation 115 'br' <Predicate = (trunc_ln203 == 3)> <Delay = 0.00>
ST_3 : Operation 116 [1/1] (0.00ns)   --->   "store i16 %data_4_V, i16* %data_28_V_2" [firmware/nnet_utils/nnet_dense_stream.h:44]   --->   Operation 116 'store' <Predicate = (trunc_ln203 == 2)> <Delay = 0.00>
ST_3 : Operation 117 [1/1] (0.00ns)   --->   "br label %branch100" [firmware/nnet_utils/nnet_dense_stream.h:44]   --->   Operation 117 'br' <Predicate = (trunc_ln203 == 2)> <Delay = 0.00>
ST_3 : Operation 118 [1/1] (0.00ns)   --->   "store i16 %data_4_V, i16* %data_28_V_1" [firmware/nnet_utils/nnet_dense_stream.h:44]   --->   Operation 118 'store' <Predicate = (trunc_ln203 == 1)> <Delay = 0.00>
ST_3 : Operation 119 [1/1] (0.00ns)   --->   "br label %branch100" [firmware/nnet_utils/nnet_dense_stream.h:44]   --->   Operation 119 'br' <Predicate = (trunc_ln203 == 1)> <Delay = 0.00>
ST_3 : Operation 120 [1/1] (0.00ns)   --->   "store i16 %data_4_V, i16* %data_28_V" [firmware/nnet_utils/nnet_dense_stream.h:44]   --->   Operation 120 'store' <Predicate = (trunc_ln203 == 0)> <Delay = 0.00>
ST_3 : Operation 121 [1/1] (0.00ns)   --->   "br label %branch100" [firmware/nnet_utils/nnet_dense_stream.h:44]   --->   Operation 121 'br' <Predicate = (trunc_ln203 == 0)> <Delay = 0.00>
ST_3 : Operation 122 [1/1] (0.00ns)   --->   "store i16 %data_4_V, i16* %data_28_V_3" [firmware/nnet_utils/nnet_dense_stream.h:44]   --->   Operation 122 'store' <Predicate = (trunc_ln203 == 3)> <Delay = 0.00>
ST_3 : Operation 123 [1/1] (0.00ns)   --->   "br label %branch100" [firmware/nnet_utils/nnet_dense_stream.h:44]   --->   Operation 123 'br' <Predicate = (trunc_ln203 == 3)> <Delay = 0.00>
ST_3 : Operation 124 [1/1] (0.00ns)   --->   "store i16 %data_5_V, i16* %data_29_V_2" [firmware/nnet_utils/nnet_dense_stream.h:44]   --->   Operation 124 'store' <Predicate = (trunc_ln203 == 2)> <Delay = 0.00>
ST_3 : Operation 125 [1/1] (0.00ns)   --->   "br label %branch69" [firmware/nnet_utils/nnet_dense_stream.h:44]   --->   Operation 125 'br' <Predicate = (trunc_ln203 == 2)> <Delay = 0.00>
ST_3 : Operation 126 [1/1] (0.00ns)   --->   "store i16 %data_5_V, i16* %data_29_V_1" [firmware/nnet_utils/nnet_dense_stream.h:44]   --->   Operation 126 'store' <Predicate = (trunc_ln203 == 1)> <Delay = 0.00>
ST_3 : Operation 127 [1/1] (0.00ns)   --->   "br label %branch69" [firmware/nnet_utils/nnet_dense_stream.h:44]   --->   Operation 127 'br' <Predicate = (trunc_ln203 == 1)> <Delay = 0.00>
ST_3 : Operation 128 [1/1] (0.00ns)   --->   "store i16 %data_5_V, i16* %data_29_V" [firmware/nnet_utils/nnet_dense_stream.h:44]   --->   Operation 128 'store' <Predicate = (trunc_ln203 == 0)> <Delay = 0.00>
ST_3 : Operation 129 [1/1] (0.00ns)   --->   "br label %branch69" [firmware/nnet_utils/nnet_dense_stream.h:44]   --->   Operation 129 'br' <Predicate = (trunc_ln203 == 0)> <Delay = 0.00>
ST_3 : Operation 130 [1/1] (0.00ns)   --->   "store i16 %data_5_V, i16* %data_29_V_3" [firmware/nnet_utils/nnet_dense_stream.h:44]   --->   Operation 130 'store' <Predicate = (trunc_ln203 == 3)> <Delay = 0.00>
ST_3 : Operation 131 [1/1] (0.00ns)   --->   "br label %branch69" [firmware/nnet_utils/nnet_dense_stream.h:44]   --->   Operation 131 'br' <Predicate = (trunc_ln203 == 3)> <Delay = 0.00>
ST_3 : Operation 132 [1/1] (0.00ns)   --->   "store i16 %data_6_V, i16* %data_30_V_2" [firmware/nnet_utils/nnet_dense_stream.h:44]   --->   Operation 132 'store' <Predicate = (trunc_ln203 == 2)> <Delay = 0.00>
ST_3 : Operation 133 [1/1] (0.00ns)   --->   "br label %branch38" [firmware/nnet_utils/nnet_dense_stream.h:44]   --->   Operation 133 'br' <Predicate = (trunc_ln203 == 2)> <Delay = 0.00>
ST_3 : Operation 134 [1/1] (0.00ns)   --->   "store i16 %data_6_V, i16* %data_30_V_1" [firmware/nnet_utils/nnet_dense_stream.h:44]   --->   Operation 134 'store' <Predicate = (trunc_ln203 == 1)> <Delay = 0.00>
ST_3 : Operation 135 [1/1] (0.00ns)   --->   "br label %branch38" [firmware/nnet_utils/nnet_dense_stream.h:44]   --->   Operation 135 'br' <Predicate = (trunc_ln203 == 1)> <Delay = 0.00>
ST_3 : Operation 136 [1/1] (0.00ns)   --->   "store i16 %data_6_V, i16* %data_30_V" [firmware/nnet_utils/nnet_dense_stream.h:44]   --->   Operation 136 'store' <Predicate = (trunc_ln203 == 0)> <Delay = 0.00>
ST_3 : Operation 137 [1/1] (0.00ns)   --->   "br label %branch38" [firmware/nnet_utils/nnet_dense_stream.h:44]   --->   Operation 137 'br' <Predicate = (trunc_ln203 == 0)> <Delay = 0.00>
ST_3 : Operation 138 [1/1] (0.00ns)   --->   "store i16 %data_6_V, i16* %data_30_V_3" [firmware/nnet_utils/nnet_dense_stream.h:44]   --->   Operation 138 'store' <Predicate = (trunc_ln203 == 3)> <Delay = 0.00>
ST_3 : Operation 139 [1/1] (0.00ns)   --->   "br label %branch38" [firmware/nnet_utils/nnet_dense_stream.h:44]   --->   Operation 139 'br' <Predicate = (trunc_ln203 == 3)> <Delay = 0.00>
ST_3 : Operation 140 [1/1] (0.00ns)   --->   "store i16 %data_7_V, i16* %data_31_V_2" [firmware/nnet_utils/nnet_dense_stream.h:44]   --->   Operation 140 'store' <Predicate = (trunc_ln203 == 2)> <Delay = 0.00>
ST_3 : Operation 141 [1/1] (0.00ns)   --->   "br label %branch7.backedge" [firmware/nnet_utils/nnet_dense_stream.h:44]   --->   Operation 141 'br' <Predicate = (trunc_ln203 == 2)> <Delay = 0.00>
ST_3 : Operation 142 [1/1] (0.00ns)   --->   "store i16 %data_7_V, i16* %data_31_V_1" [firmware/nnet_utils/nnet_dense_stream.h:44]   --->   Operation 142 'store' <Predicate = (trunc_ln203 == 1)> <Delay = 0.00>
ST_3 : Operation 143 [1/1] (0.00ns)   --->   "br label %branch7.backedge" [firmware/nnet_utils/nnet_dense_stream.h:44]   --->   Operation 143 'br' <Predicate = (trunc_ln203 == 1)> <Delay = 0.00>
ST_3 : Operation 144 [1/1] (0.00ns)   --->   "store i16 %data_7_V, i16* %data_31_V" [firmware/nnet_utils/nnet_dense_stream.h:44]   --->   Operation 144 'store' <Predicate = (trunc_ln203 == 0)> <Delay = 0.00>
ST_3 : Operation 145 [1/1] (0.00ns)   --->   "br label %branch7.backedge" [firmware/nnet_utils/nnet_dense_stream.h:44]   --->   Operation 145 'br' <Predicate = (trunc_ln203 == 0)> <Delay = 0.00>
ST_3 : Operation 146 [1/1] (0.00ns)   --->   "store i16 %data_7_V, i16* %data_31_V_3" [firmware/nnet_utils/nnet_dense_stream.h:44]   --->   Operation 146 'store' <Predicate = (trunc_ln203 == 3)> <Delay = 0.00>
ST_3 : Operation 147 [1/1] (0.00ns)   --->   "br label %branch7.backedge" [firmware/nnet_utils/nnet_dense_stream.h:44]   --->   Operation 147 'br' <Predicate = (trunc_ln203 == 3)> <Delay = 0.00>

State 4 <SV = 2> <Delay = 7.01>
ST_4 : Operation 148 [1/1] (0.00ns)   --->   "%data_24_V_load = load i16* %data_24_V" [firmware/nnet_utils/nnet_dense_stream.h:48]   --->   Operation 148 'load' 'data_24_V_load' <Predicate = true> <Delay = 0.00>
ST_4 : Operation 149 [1/1] (0.00ns)   --->   "%data_25_V_load = load i16* %data_25_V" [firmware/nnet_utils/nnet_dense_stream.h:48]   --->   Operation 149 'load' 'data_25_V_load' <Predicate = true> <Delay = 0.00>
ST_4 : Operation 150 [1/1] (0.00ns)   --->   "%data_26_V_load = load i16* %data_26_V" [firmware/nnet_utils/nnet_dense_stream.h:48]   --->   Operation 150 'load' 'data_26_V_load' <Predicate = true> <Delay = 0.00>
ST_4 : Operation 151 [1/1] (0.00ns)   --->   "%data_27_V_load = load i16* %data_27_V" [firmware/nnet_utils/nnet_dense_stream.h:48]   --->   Operation 151 'load' 'data_27_V_load' <Predicate = true> <Delay = 0.00>
ST_4 : Operation 152 [1/1] (0.00ns)   --->   "%data_28_V_load = load i16* %data_28_V" [firmware/nnet_utils/nnet_dense_stream.h:48]   --->   Operation 152 'load' 'data_28_V_load' <Predicate = true> <Delay = 0.00>
ST_4 : Operation 153 [1/1] (0.00ns)   --->   "%data_29_V_load = load i16* %data_29_V" [firmware/nnet_utils/nnet_dense_stream.h:48]   --->   Operation 153 'load' 'data_29_V_load' <Predicate = true> <Delay = 0.00>
ST_4 : Operation 154 [1/1] (0.00ns)   --->   "%data_30_V_load = load i16* %data_30_V" [firmware/nnet_utils/nnet_dense_stream.h:48]   --->   Operation 154 'load' 'data_30_V_load' <Predicate = true> <Delay = 0.00>
ST_4 : Operation 155 [1/1] (0.00ns)   --->   "%data_31_V_load = load i16* %data_31_V" [firmware/nnet_utils/nnet_dense_stream.h:48]   --->   Operation 155 'load' 'data_31_V_load' <Predicate = true> <Delay = 0.00>
ST_4 : Operation 156 [1/1] (0.00ns)   --->   "%data_24_V_1_load = load i16* %data_24_V_1" [firmware/nnet_utils/nnet_dense_stream.h:48]   --->   Operation 156 'load' 'data_24_V_1_load' <Predicate = true> <Delay = 0.00>
ST_4 : Operation 157 [1/1] (0.00ns)   --->   "%data_25_V_1_load = load i16* %data_25_V_1" [firmware/nnet_utils/nnet_dense_stream.h:48]   --->   Operation 157 'load' 'data_25_V_1_load' <Predicate = true> <Delay = 0.00>
ST_4 : Operation 158 [1/1] (0.00ns)   --->   "%data_26_V_1_load = load i16* %data_26_V_1" [firmware/nnet_utils/nnet_dense_stream.h:48]   --->   Operation 158 'load' 'data_26_V_1_load' <Predicate = true> <Delay = 0.00>
ST_4 : Operation 159 [1/1] (0.00ns)   --->   "%data_27_V_1_load = load i16* %data_27_V_1" [firmware/nnet_utils/nnet_dense_stream.h:48]   --->   Operation 159 'load' 'data_27_V_1_load' <Predicate = true> <Delay = 0.00>
ST_4 : Operation 160 [1/1] (0.00ns)   --->   "%data_28_V_1_load = load i16* %data_28_V_1" [firmware/nnet_utils/nnet_dense_stream.h:48]   --->   Operation 160 'load' 'data_28_V_1_load' <Predicate = true> <Delay = 0.00>
ST_4 : Operation 161 [1/1] (0.00ns)   --->   "%data_29_V_1_load = load i16* %data_29_V_1" [firmware/nnet_utils/nnet_dense_stream.h:48]   --->   Operation 161 'load' 'data_29_V_1_load' <Predicate = true> <Delay = 0.00>
ST_4 : Operation 162 [1/1] (0.00ns)   --->   "%data_30_V_1_load = load i16* %data_30_V_1" [firmware/nnet_utils/nnet_dense_stream.h:48]   --->   Operation 162 'load' 'data_30_V_1_load' <Predicate = true> <Delay = 0.00>
ST_4 : Operation 163 [1/1] (0.00ns)   --->   "%data_31_V_1_load = load i16* %data_31_V_1" [firmware/nnet_utils/nnet_dense_stream.h:48]   --->   Operation 163 'load' 'data_31_V_1_load' <Predicate = true> <Delay = 0.00>
ST_4 : Operation 164 [1/1] (0.00ns)   --->   "%data_24_V_2_load = load i16* %data_24_V_2" [firmware/nnet_utils/nnet_dense_stream.h:48]   --->   Operation 164 'load' 'data_24_V_2_load' <Predicate = true> <Delay = 0.00>
ST_4 : Operation 165 [1/1] (0.00ns)   --->   "%data_25_V_2_load = load i16* %data_25_V_2" [firmware/nnet_utils/nnet_dense_stream.h:48]   --->   Operation 165 'load' 'data_25_V_2_load' <Predicate = true> <Delay = 0.00>
ST_4 : Operation 166 [1/1] (0.00ns)   --->   "%data_26_V_2_load = load i16* %data_26_V_2" [firmware/nnet_utils/nnet_dense_stream.h:48]   --->   Operation 166 'load' 'data_26_V_2_load' <Predicate = true> <Delay = 0.00>
ST_4 : Operation 167 [1/1] (0.00ns)   --->   "%data_27_V_2_load = load i16* %data_27_V_2" [firmware/nnet_utils/nnet_dense_stream.h:48]   --->   Operation 167 'load' 'data_27_V_2_load' <Predicate = true> <Delay = 0.00>
ST_4 : Operation 168 [1/1] (0.00ns)   --->   "%data_28_V_2_load = load i16* %data_28_V_2" [firmware/nnet_utils/nnet_dense_stream.h:48]   --->   Operation 168 'load' 'data_28_V_2_load' <Predicate = true> <Delay = 0.00>
ST_4 : Operation 169 [1/1] (0.00ns)   --->   "%data_29_V_2_load = load i16* %data_29_V_2" [firmware/nnet_utils/nnet_dense_stream.h:48]   --->   Operation 169 'load' 'data_29_V_2_load' <Predicate = true> <Delay = 0.00>
ST_4 : Operation 170 [1/1] (0.00ns)   --->   "%data_30_V_2_load = load i16* %data_30_V_2" [firmware/nnet_utils/nnet_dense_stream.h:48]   --->   Operation 170 'load' 'data_30_V_2_load' <Predicate = true> <Delay = 0.00>
ST_4 : Operation 171 [1/1] (0.00ns)   --->   "%data_31_V_2_load = load i16* %data_31_V_2" [firmware/nnet_utils/nnet_dense_stream.h:48]   --->   Operation 171 'load' 'data_31_V_2_load' <Predicate = true> <Delay = 0.00>
ST_4 : Operation 172 [1/1] (0.00ns)   --->   "%data_24_V_3_load = load i16* %data_24_V_3" [firmware/nnet_utils/nnet_dense_stream.h:48]   --->   Operation 172 'load' 'data_24_V_3_load' <Predicate = true> <Delay = 0.00>
ST_4 : Operation 173 [1/1] (0.00ns)   --->   "%data_25_V_3_load = load i16* %data_25_V_3" [firmware/nnet_utils/nnet_dense_stream.h:48]   --->   Operation 173 'load' 'data_25_V_3_load' <Predicate = true> <Delay = 0.00>
ST_4 : Operation 174 [1/1] (0.00ns)   --->   "%data_26_V_3_load = load i16* %data_26_V_3" [firmware/nnet_utils/nnet_dense_stream.h:48]   --->   Operation 174 'load' 'data_26_V_3_load' <Predicate = true> <Delay = 0.00>
ST_4 : Operation 175 [1/1] (0.00ns)   --->   "%data_27_V_3_load = load i16* %data_27_V_3" [firmware/nnet_utils/nnet_dense_stream.h:48]   --->   Operation 175 'load' 'data_27_V_3_load' <Predicate = true> <Delay = 0.00>
ST_4 : Operation 176 [1/1] (0.00ns)   --->   "%data_28_V_3_load = load i16* %data_28_V_3" [firmware/nnet_utils/nnet_dense_stream.h:48]   --->   Operation 176 'load' 'data_28_V_3_load' <Predicate = true> <Delay = 0.00>
ST_4 : Operation 177 [1/1] (0.00ns)   --->   "%data_29_V_3_load = load i16* %data_29_V_3" [firmware/nnet_utils/nnet_dense_stream.h:48]   --->   Operation 177 'load' 'data_29_V_3_load' <Predicate = true> <Delay = 0.00>
ST_4 : Operation 178 [1/1] (0.00ns)   --->   "%data_30_V_3_load = load i16* %data_30_V_3" [firmware/nnet_utils/nnet_dense_stream.h:48]   --->   Operation 178 'load' 'data_30_V_3_load' <Predicate = true> <Delay = 0.00>
ST_4 : Operation 179 [1/1] (0.00ns)   --->   "%data_31_V_3_load = load i16* %data_31_V_3" [firmware/nnet_utils/nnet_dense_stream.h:48]   --->   Operation 179 'load' 'data_31_V_3_load' <Predicate = true> <Delay = 0.00>
ST_4 : Operation 180 [1/1] (5.55ns)   --->   "%call_ret = call fastcc { i16, i16, i16, i16, i16, i16, i16, i16, i16, i16 } @"dense_wrapper<ap_fixed<16, 6, 5, 3, 0>, ap_fixed<16, 6, 5, 3, 0>, config9>"(i16 %data_24_V_load, i16 %data_25_V_load, i16 %data_26_V_load, i16 %data_27_V_load, i16 %data_28_V_load, i16 %data_29_V_load, i16 %data_30_V_load, i16 %data_31_V_load, i16 %data_24_V_1_load, i16 %data_25_V_1_load, i16 %data_26_V_1_load, i16 %data_27_V_1_load, i16 %data_28_V_1_load, i16 %data_29_V_1_load, i16 %data_30_V_1_load, i16 %data_31_V_1_load, i16 %data_24_V_2_load, i16 %data_25_V_2_load, i16 %data_26_V_2_load, i16 %data_27_V_2_load, i16 %data_28_V_2_load, i16 %data_29_V_2_load, i16 %data_30_V_2_load, i16 %data_31_V_2_load, i16 %data_24_V_3_load, i16 %data_25_V_3_load, i16 %data_26_V_3_load, i16 %data_27_V_3_load, i16 %data_28_V_3_load, i16 %data_29_V_3_load, i16 %data_30_V_3_load, i16 %data_31_V_3_load)" [firmware/nnet_utils/nnet_dense_stream.h:48]   --->   Operation 180 'call' 'call_ret' <Predicate = true> <Delay = 5.55> <CoreType = "Generic">   --->   Core 0 '' <Latency = 0> <II = 1> <Delay = 1.00> <Generic> <Opcode : >
ST_4 : Operation 181 [1/1] (0.00ns)   --->   "%tmp_data_0_V = extractvalue { i16, i16, i16, i16, i16, i16, i16, i16, i16, i16 } %call_ret, 0" [firmware/nnet_utils/nnet_dense_stream.h:48]   --->   Operation 181 'extractvalue' 'tmp_data_0_V' <Predicate = true> <Delay = 0.00>
ST_4 : Operation 182 [1/1] (0.00ns)   --->   "%tmp_data_1_V = extractvalue { i16, i16, i16, i16, i16, i16, i16, i16, i16, i16 } %call_ret, 1" [firmware/nnet_utils/nnet_dense_stream.h:48]   --->   Operation 182 'extractvalue' 'tmp_data_1_V' <Predicate = true> <Delay = 0.00>
ST_4 : Operation 183 [1/1] (0.00ns)   --->   "%tmp_data_2_V = extractvalue { i16, i16, i16, i16, i16, i16, i16, i16, i16, i16 } %call_ret, 2" [firmware/nnet_utils/nnet_dense_stream.h:48]   --->   Operation 183 'extractvalue' 'tmp_data_2_V' <Predicate = true> <Delay = 0.00>
ST_4 : Operation 184 [1/1] (0.00ns)   --->   "%tmp_data_3_V = extractvalue { i16, i16, i16, i16, i16, i16, i16, i16, i16, i16 } %call_ret, 3" [firmware/nnet_utils/nnet_dense_stream.h:48]   --->   Operation 184 'extractvalue' 'tmp_data_3_V' <Predicate = true> <Delay = 0.00>
ST_4 : Operation 185 [1/1] (0.00ns)   --->   "%tmp_data_4_V = extractvalue { i16, i16, i16, i16, i16, i16, i16, i16, i16, i16 } %call_ret, 4" [firmware/nnet_utils/nnet_dense_stream.h:48]   --->   Operation 185 'extractvalue' 'tmp_data_4_V' <Predicate = true> <Delay = 0.00>
ST_4 : Operation 186 [1/1] (0.00ns)   --->   "%tmp_data_5_V = extractvalue { i16, i16, i16, i16, i16, i16, i16, i16, i16, i16 } %call_ret, 5" [firmware/nnet_utils/nnet_dense_stream.h:48]   --->   Operation 186 'extractvalue' 'tmp_data_5_V' <Predicate = true> <Delay = 0.00>
ST_4 : Operation 187 [1/1] (0.00ns)   --->   "%tmp_data_6_V = extractvalue { i16, i16, i16, i16, i16, i16, i16, i16, i16, i16 } %call_ret, 6" [firmware/nnet_utils/nnet_dense_stream.h:48]   --->   Operation 187 'extractvalue' 'tmp_data_6_V' <Predicate = true> <Delay = 0.00>
ST_4 : Operation 188 [1/1] (0.00ns)   --->   "%tmp_data_7_V = extractvalue { i16, i16, i16, i16, i16, i16, i16, i16, i16, i16 } %call_ret, 7" [firmware/nnet_utils/nnet_dense_stream.h:48]   --->   Operation 188 'extractvalue' 'tmp_data_7_V' <Predicate = true> <Delay = 0.00>
ST_4 : Operation 189 [1/1] (0.00ns)   --->   "%tmp_data_8_V = extractvalue { i16, i16, i16, i16, i16, i16, i16, i16, i16, i16 } %call_ret, 8" [firmware/nnet_utils/nnet_dense_stream.h:48]   --->   Operation 189 'extractvalue' 'tmp_data_8_V' <Predicate = true> <Delay = 0.00>
ST_4 : Operation 190 [1/1] (0.00ns)   --->   "%tmp_data_9_V = extractvalue { i16, i16, i16, i16, i16, i16, i16, i16, i16, i16 } %call_ret, 9" [firmware/nnet_utils/nnet_dense_stream.h:48]   --->   Operation 190 'extractvalue' 'tmp_data_9_V' <Predicate = true> <Delay = 0.00>
ST_4 : Operation 191 [1/1] (0.00ns)   --->   "call void (...)* @_ssdm_op_SpecLoopName([9 x i8]* @p_str28) nounwind" [firmware/nnet_utils/nnet_dense_stream.h:51]   --->   Operation 191 'specloopname' <Predicate = true> <Delay = 0.00>
ST_4 : Operation 192 [1/1] (1.45ns)   --->   "call void @_ssdm_op_Write.ap_fifo.volatile.i16P.i16P.i16P.i16P.i16P.i16P.i16P.i16P.i16P.i16P(i16* %res_stream_V_data_0_V, i16* %res_stream_V_data_1_V, i16* %res_stream_V_data_2_V, i16* %res_stream_V_data_3_V, i16* %res_stream_V_data_4_V, i16* %res_stream_V_data_5_V, i16* %res_stream_V_data_6_V, i16* %res_stream_V_data_7_V, i16* %res_stream_V_data_8_V, i16* %res_stream_V_data_9_V, i16 %tmp_data_0_V, i16 %tmp_data_1_V, i16 %tmp_data_2_V, i16 %tmp_data_3_V, i16 %tmp_data_4_V, i16 %tmp_data_5_V, i16 %tmp_data_6_V, i16 %tmp_data_7_V, i16 %tmp_data_8_V, i16 %tmp_data_9_V)" [firmware/nnet_utils/nnet_dense_stream.h:62]   --->   Operation 192 'write' <Predicate = true> <Delay = 1.45> <Core = "FIFO">   --->   Core 32 'FIFO' <Latency = 0> <II = 1> <Delay = 1.45> <Storage> <Opcode : 'read' 'write' 'nbread' 'nbwrite'> <Ports = 0> <Width = 16> <Depth = 1> <FIFO>
ST_4 : Operation 193 [1/1] (0.00ns)   --->   "ret void" [firmware/nnet_utils/nnet_dense_stream.h:64]   --->   Operation 193 'ret' <Predicate = true> <Delay = 0.00>


============================================================
+ Verbose Summary: Timing violations
============================================================
Target clock period: 25ns, clock uncertainty: 3.12ns.

 <State 1>: 0.603ns
The critical path consists of the following:
	multiplexor before 'phi' operation ('i_in') with incoming values : ('i_in', firmware/nnet_utils/nnet_dense_stream.h:36) [71]  (0.603 ns)

 <State 2>: 0.656ns
The critical path consists of the following:
	'phi' operation ('i_in') with incoming values : ('i_in', firmware/nnet_utils/nnet_dense_stream.h:36) [71]  (0 ns)
	blocking operation 0.656 ns on control path)

 <State 3>: 1.46ns
The critical path consists of the following:
	fifo read on port 'data_stream_V_data_0_V' (firmware/nnet_utils/nnet_dense_stream.h:40) [81]  (1.46 ns)
	'store' operation ('store_ln44', firmware/nnet_utils/nnet_dense_stream.h:44) of variable 'data[1].V', firmware/nnet_utils/nnet_dense_stream.h:40 on local variable 'data[25].V' [107]  (0 ns)

 <State 4>: 7.01ns
The critical path consists of the following:
	'load' operation ('data_24_V_load', firmware/nnet_utils/nnet_dense_stream.h:48) on local variable 'data[24].V' [205]  (0 ns)
	'call' operation ('call_ret', firmware/nnet_utils/nnet_dense_stream.h:48) to 'dense_wrapper<ap_fixed<16, 6, 5, 3, 0>, ap_fixed<16, 6, 5, 3, 0>, config9>' [237]  (5.55 ns)
	fifo write on port 'res_stream_V_data_0_V' (firmware/nnet_utils/nnet_dense_stream.h:62) [249]  (1.46 ns)


============================================================
+ Verbose Summary: Binding
============================================================
N/A
* FSMD analyzer results:
  - Output states:
 - Input state : 
  - Chain level:
	State 1
	State 2
	State 3
	State 4


============================================================
+ Verbose Summary: Datapath Resource usage 
============================================================
N/A
