

================================================================
== Vivado HLS Report for 'dense_latency_ap_fixed_ap_fixed_16_6_5_3_0_config2_mult_0_0_0_0_0'
================================================================
* Date:           Sat Feb 24 13:48:30 2024

* Version:        2020.1 (Build 2897737 on Wed May 27 20:21:37 MDT 2020)
* Project:        myproject_prj
* Solution:       solution1
* Product family: virtexuplus
* Target device:  xcu50-fsvh2104-2-e


================================================================
== Performance Estimates
================================================================
+ Timing: 
    * Summary: 
    +--------+----------+----------+------------+
    |  Clock |  Target  | Estimated| Uncertainty|
    +--------+----------+----------+------------+
    |ap_clk  | 25.00 ns | 4.065 ns |   3.12 ns  |
    +--------+----------+----------+------------+

+ Latency: 
    * Summary: 
    +---------+---------+----------+----------+-----+-----+----------+
    |  Latency (cycles) |  Latency (absolute) |  Interval | Pipeline |
    |   min   |   max   |    min   |    max   | min | max |   Type   |
    +---------+---------+----------+----------+-----+-----+----------+
    |        0|        0|   0 ns   |   0 ns   |    1|    1| function |
    +---------+---------+----------+----------+-----+-----+----------+

    + Detail: 
        * Instance: 
        N/A

        * Loop: 
        N/A

============================================================
+ Verbose Summary: Synthesis Manager
============================================================
InlineROM: 1
ExposeGlobal: 0
============================================================
+ Verbose Summary: CDFG Model
============================================================
IsTopModel: 0
ResetActiveHigh: 1
IsCombinational: 0
IsDatapathOnly: 0
HasWiredReturn: 1
HasMFsm: 2
HasVarLatency: 0
IsPipeline: 1
IsRtlPipelined: 0
IsInstanceOverlapped: 0
IsDontTouch: 0
HasImplIP: 0
IsGatedGlobalClock: 0

+ Individual pipeline summary: 
  * Pipeline-0: initiation interval (II) = 1, depth = 1


============================================================
+ Verbose Summary: Schedule
============================================================
* Number of FSM states : 1
* Pipeline : 1
  Pipeline-0 : II = 1, D = 1, States = { 1 }
* Dataflow Pipeline: 0

* FSM state transitions: 
1 --> 

* FSM state operations: 

State 1 <SV = 0> <Delay = 4.06>
ST_1 : Operation 2 [1/1] (0.00ns)   --->   "%data_8_V_read_2 = call i16 @_ssdm_op_Read.ap_auto.i16(i16 %data_8_V_read)" [firmware/nnet_utils/nnet_dense_latency.h:13]   --->   Operation 2 'read' 'data_8_V_read_2' <Predicate = true> <Delay = 0.00>
ST_1 : Operation 3 [1/1] (0.00ns)   --->   "%data_7_V_read_2 = call i16 @_ssdm_op_Read.ap_auto.i16(i16 %data_7_V_read)" [firmware/nnet_utils/nnet_dense_latency.h:13]   --->   Operation 3 'read' 'data_7_V_read_2' <Predicate = true> <Delay = 0.00>
ST_1 : Operation 4 [1/1] (0.00ns)   --->   "%data_6_V_read_2 = call i16 @_ssdm_op_Read.ap_auto.i16(i16 %data_6_V_read)" [firmware/nnet_utils/nnet_dense_latency.h:13]   --->   Operation 4 'read' 'data_6_V_read_2' <Predicate = true> <Delay = 0.00>
ST_1 : Operation 5 [1/1] (0.00ns)   --->   "%data_5_V_read_2 = call i16 @_ssdm_op_Read.ap_auto.i16(i16 %data_5_V_read)" [firmware/nnet_utils/nnet_dense_latency.h:13]   --->   Operation 5 'read' 'data_5_V_read_2' <Predicate = true> <Delay = 0.00>
ST_1 : Operation 6 [1/1] (0.00ns)   --->   "%data_4_V_read_2 = call i16 @_ssdm_op_Read.ap_auto.i16(i16 %data_4_V_read)" [firmware/nnet_utils/nnet_dense_latency.h:13]   --->   Operation 6 'read' 'data_4_V_read_2' <Predicate = true> <Delay = 0.00>
ST_1 : Operation 7 [1/1] (0.00ns)   --->   "%data_3_V_read_2 = call i16 @_ssdm_op_Read.ap_auto.i16(i16 %data_3_V_read)" [firmware/nnet_utils/nnet_dense_latency.h:13]   --->   Operation 7 'read' 'data_3_V_read_2' <Predicate = true> <Delay = 0.00>
ST_1 : Operation 8 [1/1] (0.00ns)   --->   "%data_2_V_read_2 = call i16 @_ssdm_op_Read.ap_auto.i16(i16 %data_2_V_read)" [firmware/nnet_utils/nnet_dense_latency.h:13]   --->   Operation 8 'read' 'data_2_V_read_2' <Predicate = true> <Delay = 0.00>
ST_1 : Operation 9 [1/1] (0.00ns)   --->   "%data_1_V_read_2 = call i16 @_ssdm_op_Read.ap_auto.i16(i16 %data_1_V_read)" [firmware/nnet_utils/nnet_dense_latency.h:13]   --->   Operation 9 'read' 'data_1_V_read_2' <Predicate = true> <Delay = 0.00>
ST_1 : Operation 10 [1/1] (0.00ns)   --->   "%data_0_V_read_2 = call i16 @_ssdm_op_Read.ap_auto.i16(i16 %data_0_V_read)" [firmware/nnet_utils/nnet_dense_latency.h:13]   --->   Operation 10 'read' 'data_0_V_read_2' <Predicate = true> <Delay = 0.00>
ST_1 : Operation 11 [1/1] (0.00ns)   --->   "call void (...)* @_ssdm_op_SpecPipeline(i32 1, i32 1, i32 1, i32 0, [1 x i8]* @p_str10) nounwind" [firmware/nnet_utils/nnet_dense_latency.h:26]   --->   Operation 11 'specpipeline' <Predicate = true> <Delay = 0.00>
ST_1 : Operation 12 [1/1] (0.00ns)   --->   "call void (...)* @_ssdm_op_SpecResourceLimit(i32 36, [4 x i8]* @p_str24, [1 x i8]* @p_str10, [1 x i8]* @p_str10, [1 x i8]* @p_str10) nounwind" [firmware/nnet_utils/nnet_dense_latency.h:33]   --->   Operation 12 'specresourcelimit' <Predicate = true> <Delay = 0.00>
ST_1 : Operation 13 [1/1] (0.00ns)   --->   "%sext_ln1116_cast6 = sext i16 %data_0_V_read_2 to i25" [firmware/nnet_utils/nnet_dense_latency.h:13]   --->   Operation 13 'sext' 'sext_ln1116_cast6' <Predicate = true> <Delay = 0.00>
ST_1 : Operation 14 [1/1] (0.00ns)   --->   "%sext_ln1116_cast = sext i16 %data_0_V_read_2 to i26" [firmware/nnet_utils/nnet_dense_latency.h:13]   --->   Operation 14 'sext' 'sext_ln1116_cast' <Predicate = true> <Delay = 0.00>
ST_1 : Operation 15 [1/1] (1.94ns)   --->   "%mul_ln1118 = mul i26 %sext_ln1116_cast, 1117" [firmware/nnet_utils/nnet_mult.h:73->firmware/nnet_utils/nnet_dense_latency.h:42]   --->   Operation 15 'mul' 'mul_ln1118' <Predicate = true> <Delay = 1.94> <Core = "Mul">   --->   Core 16 'Mul' <Latency = 0> <II = 1> <Delay = 1.94> <FuncUnit> <Opcode : 'mul'> <InPorts = 2> <OutPorts = 1>
ST_1 : Operation 16 [1/1] (0.00ns)   --->   "%trunc_ln = call i16 @_ssdm_op_PartSelect.i16.i26.i32.i32(i26 %mul_ln1118, i32 10, i32 25)" [firmware/nnet_utils/nnet_dense_latency.h:42]   --->   Operation 16 'partselect' 'trunc_ln' <Predicate = true> <Delay = 0.00>
ST_1 : Operation 17 [1/1] (1.94ns)   --->   "%mul_ln1118_286 = mul i26 %sext_ln1116_cast, 871" [firmware/nnet_utils/nnet_mult.h:73->firmware/nnet_utils/nnet_dense_latency.h:42]   --->   Operation 17 'mul' 'mul_ln1118_286' <Predicate = true> <Delay = 1.94> <Core = "Mul">   --->   Core 16 'Mul' <Latency = 0> <II = 1> <Delay = 1.94> <FuncUnit> <Opcode : 'mul'> <InPorts = 2> <OutPorts = 1>
ST_1 : Operation 18 [1/1] (0.00ns)   --->   "%trunc_ln708_s = call i16 @_ssdm_op_PartSelect.i16.i26.i32.i32(i26 %mul_ln1118_286, i32 10, i32 25)" [firmware/nnet_utils/nnet_dense_latency.h:42]   --->   Operation 18 'partselect' 'trunc_ln708_s' <Predicate = true> <Delay = 0.00>
ST_1 : Operation 19 [1/1] (1.94ns)   --->   "%mul_ln1118_287 = mul i26 %sext_ln1116_cast, 842" [firmware/nnet_utils/nnet_mult.h:73->firmware/nnet_utils/nnet_dense_latency.h:42]   --->   Operation 19 'mul' 'mul_ln1118_287' <Predicate = true> <Delay = 1.94> <Core = "Mul">   --->   Core 16 'Mul' <Latency = 0> <II = 1> <Delay = 1.94> <FuncUnit> <Opcode : 'mul'> <InPorts = 2> <OutPorts = 1>
ST_1 : Operation 20 [1/1] (0.00ns)   --->   "%trunc_ln708_152 = call i16 @_ssdm_op_PartSelect.i16.i26.i32.i32(i26 %mul_ln1118_287, i32 10, i32 25)" [firmware/nnet_utils/nnet_dense_latency.h:42]   --->   Operation 20 'partselect' 'trunc_ln708_152' <Predicate = true> <Delay = 0.00>
ST_1 : Operation 21 [1/1] (1.94ns)   --->   "%mul_ln1118_288 = mul i25 %sext_ln1116_cast6, -222" [firmware/nnet_utils/nnet_mult.h:73->firmware/nnet_utils/nnet_dense_latency.h:42]   --->   Operation 21 'mul' 'mul_ln1118_288' <Predicate = true> <Delay = 1.94> <Core = "Mul">   --->   Core 16 'Mul' <Latency = 0> <II = 1> <Delay = 1.94> <FuncUnit> <Opcode : 'mul'> <InPorts = 2> <OutPorts = 1>
ST_1 : Operation 22 [1/1] (0.00ns)   --->   "%trunc_ln708_153 = call i15 @_ssdm_op_PartSelect.i15.i25.i32.i32(i25 %mul_ln1118_288, i32 10, i32 24)" [firmware/nnet_utils/nnet_dense_latency.h:42]   --->   Operation 22 'partselect' 'trunc_ln708_153' <Predicate = true> <Delay = 0.00>
ST_1 : Operation 23 [1/1] (0.00ns)   --->   "%sext_ln708 = sext i15 %trunc_ln708_153 to i16" [firmware/nnet_utils/nnet_dense_latency.h:42]   --->   Operation 23 'sext' 'sext_ln708' <Predicate = true> <Delay = 0.00>
ST_1 : Operation 24 [1/1] (0.00ns)   --->   "%sext_ln1116_76_cast = sext i16 %data_1_V_read_2 to i26" [firmware/nnet_utils/nnet_dense_latency.h:13]   --->   Operation 24 'sext' 'sext_ln1116_76_cast' <Predicate = true> <Delay = 0.00>
ST_1 : Operation 25 [1/1] (1.94ns)   --->   "%mul_ln1118_289 = mul i26 %sext_ln1116_76_cast, 407" [firmware/nnet_utils/nnet_mult.h:73->firmware/nnet_utils/nnet_dense_latency.h:42]   --->   Operation 25 'mul' 'mul_ln1118_289' <Predicate = true> <Delay = 1.94> <Core = "Mul">   --->   Core 16 'Mul' <Latency = 0> <II = 1> <Delay = 1.94> <FuncUnit> <Opcode : 'mul'> <InPorts = 2> <OutPorts = 1>
ST_1 : Operation 26 [1/1] (0.00ns)   --->   "%trunc_ln708_154 = call i16 @_ssdm_op_PartSelect.i16.i26.i32.i32(i26 %mul_ln1118_289, i32 10, i32 25)" [firmware/nnet_utils/nnet_dense_latency.h:42]   --->   Operation 26 'partselect' 'trunc_ln708_154' <Predicate = true> <Delay = 0.00>
ST_1 : Operation 27 [1/1] (0.00ns)   --->   "%shl_ln = call i20 @_ssdm_op_BitConcatenate.i20.i16.i4(i16 %data_1_V_read_2, i4 0)" [firmware/nnet_utils/nnet_mult.h:73->firmware/nnet_utils/nnet_dense_latency.h:42]   --->   Operation 27 'bitconcatenate' 'shl_ln' <Predicate = true> <Delay = 0.00>
ST_1 : Operation 28 [1/1] (0.00ns)   --->   "%sext_ln1118 = sext i20 %shl_ln to i21" [firmware/nnet_utils/nnet_mult.h:73->firmware/nnet_utils/nnet_dense_latency.h:42]   --->   Operation 28 'sext' 'sext_ln1118' <Predicate = true> <Delay = 0.00>
ST_1 : Operation 29 [1/1] (0.00ns)   --->   "%shl_ln1118_s = call i17 @_ssdm_op_BitConcatenate.i17.i16.i1(i16 %data_1_V_read_2, i1 false)" [firmware/nnet_utils/nnet_mult.h:73->firmware/nnet_utils/nnet_dense_latency.h:42]   --->   Operation 29 'bitconcatenate' 'shl_ln1118_s' <Predicate = true> <Delay = 0.00>
ST_1 : Operation 30 [1/1] (0.00ns)   --->   "%sext_ln1118_168 = sext i17 %shl_ln1118_s to i21" [firmware/nnet_utils/nnet_mult.h:73->firmware/nnet_utils/nnet_dense_latency.h:42]   --->   Operation 30 'sext' 'sext_ln1118_168' <Predicate = true> <Delay = 0.00>
ST_1 : Operation 31 [1/1] (0.80ns)   --->   "%add_ln1118 = add i21 %sext_ln1118, %sext_ln1118_168" [firmware/nnet_utils/nnet_mult.h:73->firmware/nnet_utils/nnet_dense_latency.h:42]   --->   Operation 31 'add' 'add_ln1118' <Predicate = true> <Delay = 0.80> <Core = "AddSub">   --->   Core 14 'AddSub' <Latency = 0> <II = 1> <Delay = 0.78> <FuncUnit> <Opcode : 'add' 'sub'> <InPorts = 2> <OutPorts = 1>
ST_1 : Operation 32 [1/1] (0.00ns)   --->   "%tmp = call i11 @_ssdm_op_PartSelect.i11.i21.i32.i32(i21 %add_ln1118, i32 10, i32 20)" [firmware/nnet_utils/nnet_mult.h:73->firmware/nnet_utils/nnet_dense_latency.h:42]   --->   Operation 32 'partselect' 'tmp' <Predicate = true> <Delay = 0.00>
ST_1 : Operation 33 [1/1] (0.00ns)   --->   "%sext_ln1118_169 = sext i11 %tmp to i12" [firmware/nnet_utils/nnet_mult.h:73->firmware/nnet_utils/nnet_dense_latency.h:42]   --->   Operation 33 'sext' 'sext_ln1118_169' <Predicate = true> <Delay = 0.00>
ST_1 : Operation 34 [1/1] (1.94ns)   --->   "%mul_ln1118_290 = mul i26 %sext_ln1116_76_cast, 740" [firmware/nnet_utils/nnet_mult.h:73->firmware/nnet_utils/nnet_dense_latency.h:42]   --->   Operation 34 'mul' 'mul_ln1118_290' <Predicate = true> <Delay = 1.94> <Core = "Mul">   --->   Core 16 'Mul' <Latency = 0> <II = 1> <Delay = 1.94> <FuncUnit> <Opcode : 'mul'> <InPorts = 2> <OutPorts = 1>
ST_1 : Operation 35 [1/1] (0.00ns)   --->   "%trunc_ln708_155 = call i16 @_ssdm_op_PartSelect.i16.i26.i32.i32(i26 %mul_ln1118_290, i32 10, i32 25)" [firmware/nnet_utils/nnet_dense_latency.h:42]   --->   Operation 35 'partselect' 'trunc_ln708_155' <Predicate = true> <Delay = 0.00>
ST_1 : Operation 36 [1/1] (1.94ns)   --->   "%mul_ln1118_291 = mul i26 %sext_ln1116_76_cast, 907" [firmware/nnet_utils/nnet_mult.h:73->firmware/nnet_utils/nnet_dense_latency.h:42]   --->   Operation 36 'mul' 'mul_ln1118_291' <Predicate = true> <Delay = 1.94> <Core = "Mul">   --->   Core 16 'Mul' <Latency = 0> <II = 1> <Delay = 1.94> <FuncUnit> <Opcode : 'mul'> <InPorts = 2> <OutPorts = 1>
ST_1 : Operation 37 [1/1] (0.00ns)   --->   "%trunc_ln708_156 = call i16 @_ssdm_op_PartSelect.i16.i26.i32.i32(i26 %mul_ln1118_291, i32 10, i32 25)" [firmware/nnet_utils/nnet_dense_latency.h:42]   --->   Operation 37 'partselect' 'trunc_ln708_156' <Predicate = true> <Delay = 0.00>
ST_1 : Operation 38 [1/1] (0.00ns)   --->   "%sext_ln1116_77_cast = sext i16 %data_2_V_read_2 to i26" [firmware/nnet_utils/nnet_dense_latency.h:13]   --->   Operation 38 'sext' 'sext_ln1116_77_cast' <Predicate = true> <Delay = 0.00>
ST_1 : Operation 39 [1/1] (1.94ns)   --->   "%mul_ln1118_292 = mul i26 %sext_ln1116_77_cast, 858" [firmware/nnet_utils/nnet_mult.h:73->firmware/nnet_utils/nnet_dense_latency.h:42]   --->   Operation 39 'mul' 'mul_ln1118_292' <Predicate = true> <Delay = 1.94> <Core = "Mul">   --->   Core 16 'Mul' <Latency = 0> <II = 1> <Delay = 1.94> <FuncUnit> <Opcode : 'mul'> <InPorts = 2> <OutPorts = 1>
ST_1 : Operation 40 [1/1] (0.00ns)   --->   "%trunc_ln708_157 = call i16 @_ssdm_op_PartSelect.i16.i26.i32.i32(i26 %mul_ln1118_292, i32 10, i32 25)" [firmware/nnet_utils/nnet_dense_latency.h:42]   --->   Operation 40 'partselect' 'trunc_ln708_157' <Predicate = true> <Delay = 0.00>
ST_1 : Operation 41 [1/1] (1.94ns)   --->   "%mul_ln1118_293 = mul i26 %sext_ln1116_77_cast, -683" [firmware/nnet_utils/nnet_mult.h:73->firmware/nnet_utils/nnet_dense_latency.h:42]   --->   Operation 41 'mul' 'mul_ln1118_293' <Predicate = true> <Delay = 1.94> <Core = "Mul">   --->   Core 16 'Mul' <Latency = 0> <II = 1> <Delay = 1.94> <FuncUnit> <Opcode : 'mul'> <InPorts = 2> <OutPorts = 1>
ST_1 : Operation 42 [1/1] (0.00ns)   --->   "%trunc_ln708_158 = call i16 @_ssdm_op_PartSelect.i16.i26.i32.i32(i26 %mul_ln1118_293, i32 10, i32 25)" [firmware/nnet_utils/nnet_dense_latency.h:42]   --->   Operation 42 'partselect' 'trunc_ln708_158' <Predicate = true> <Delay = 0.00>
ST_1 : Operation 43 [1/1] (1.94ns)   --->   "%mul_ln1118_294 = mul i26 %sext_ln1116_77_cast, 911" [firmware/nnet_utils/nnet_mult.h:73->firmware/nnet_utils/nnet_dense_latency.h:42]   --->   Operation 43 'mul' 'mul_ln1118_294' <Predicate = true> <Delay = 1.94> <Core = "Mul">   --->   Core 16 'Mul' <Latency = 0> <II = 1> <Delay = 1.94> <FuncUnit> <Opcode : 'mul'> <InPorts = 2> <OutPorts = 1>
ST_1 : Operation 44 [1/1] (0.00ns)   --->   "%trunc_ln708_159 = call i16 @_ssdm_op_PartSelect.i16.i26.i32.i32(i26 %mul_ln1118_294, i32 10, i32 25)" [firmware/nnet_utils/nnet_dense_latency.h:42]   --->   Operation 44 'partselect' 'trunc_ln708_159' <Predicate = true> <Delay = 0.00>
ST_1 : Operation 45 [1/1] (1.94ns)   --->   "%mul_ln1118_295 = mul i26 %sext_ln1116_77_cast, 727" [firmware/nnet_utils/nnet_mult.h:73->firmware/nnet_utils/nnet_dense_latency.h:42]   --->   Operation 45 'mul' 'mul_ln1118_295' <Predicate = true> <Delay = 1.94> <Core = "Mul">   --->   Core 16 'Mul' <Latency = 0> <II = 1> <Delay = 1.94> <FuncUnit> <Opcode : 'mul'> <InPorts = 2> <OutPorts = 1>
ST_1 : Operation 46 [1/1] (0.00ns)   --->   "%trunc_ln708_160 = call i16 @_ssdm_op_PartSelect.i16.i26.i32.i32(i26 %mul_ln1118_295, i32 10, i32 25)" [firmware/nnet_utils/nnet_dense_latency.h:42]   --->   Operation 46 'partselect' 'trunc_ln708_160' <Predicate = true> <Delay = 0.00>
ST_1 : Operation 47 [1/1] (0.00ns)   --->   "%sext_ln1116_78_cast = sext i16 %data_3_V_read_2 to i26" [firmware/nnet_utils/nnet_dense_latency.h:13]   --->   Operation 47 'sext' 'sext_ln1116_78_cast' <Predicate = true> <Delay = 0.00>
ST_1 : Operation 48 [1/1] (1.94ns)   --->   "%mul_ln1118_296 = mul i26 %sext_ln1116_78_cast, 1003" [firmware/nnet_utils/nnet_mult.h:73->firmware/nnet_utils/nnet_dense_latency.h:42]   --->   Operation 48 'mul' 'mul_ln1118_296' <Predicate = true> <Delay = 1.94> <Core = "Mul">   --->   Core 16 'Mul' <Latency = 0> <II = 1> <Delay = 1.94> <FuncUnit> <Opcode : 'mul'> <InPorts = 2> <OutPorts = 1>
ST_1 : Operation 49 [1/1] (0.00ns)   --->   "%trunc_ln708_161 = call i16 @_ssdm_op_PartSelect.i16.i26.i32.i32(i26 %mul_ln1118_296, i32 10, i32 25)" [firmware/nnet_utils/nnet_dense_latency.h:42]   --->   Operation 49 'partselect' 'trunc_ln708_161' <Predicate = true> <Delay = 0.00>
ST_1 : Operation 50 [1/1] (1.94ns)   --->   "%mul_ln1118_297 = mul i26 %sext_ln1116_78_cast, 835" [firmware/nnet_utils/nnet_mult.h:73->firmware/nnet_utils/nnet_dense_latency.h:42]   --->   Operation 50 'mul' 'mul_ln1118_297' <Predicate = true> <Delay = 1.94> <Core = "Mul">   --->   Core 16 'Mul' <Latency = 0> <II = 1> <Delay = 1.94> <FuncUnit> <Opcode : 'mul'> <InPorts = 2> <OutPorts = 1>
ST_1 : Operation 51 [1/1] (0.00ns)   --->   "%trunc_ln708_162 = call i16 @_ssdm_op_PartSelect.i16.i26.i32.i32(i26 %mul_ln1118_297, i32 10, i32 25)" [firmware/nnet_utils/nnet_dense_latency.h:42]   --->   Operation 51 'partselect' 'trunc_ln708_162' <Predicate = true> <Delay = 0.00>
ST_1 : Operation 52 [1/1] (1.94ns)   --->   "%mul_ln1118_298 = mul i26 %sext_ln1116_78_cast, -597" [firmware/nnet_utils/nnet_mult.h:73->firmware/nnet_utils/nnet_dense_latency.h:42]   --->   Operation 52 'mul' 'mul_ln1118_298' <Predicate = true> <Delay = 1.94> <Core = "Mul">   --->   Core 16 'Mul' <Latency = 0> <II = 1> <Delay = 1.94> <FuncUnit> <Opcode : 'mul'> <InPorts = 2> <OutPorts = 1>
ST_1 : Operation 53 [1/1] (0.00ns)   --->   "%trunc_ln708_163 = call i16 @_ssdm_op_PartSelect.i16.i26.i32.i32(i26 %mul_ln1118_298, i32 10, i32 25)" [firmware/nnet_utils/nnet_dense_latency.h:42]   --->   Operation 53 'partselect' 'trunc_ln708_163' <Predicate = true> <Delay = 0.00>
ST_1 : Operation 54 [1/1] (1.94ns)   --->   "%mul_ln1118_299 = mul i26 %sext_ln1116_78_cast, -974" [firmware/nnet_utils/nnet_mult.h:73->firmware/nnet_utils/nnet_dense_latency.h:42]   --->   Operation 54 'mul' 'mul_ln1118_299' <Predicate = true> <Delay = 1.94> <Core = "Mul">   --->   Core 16 'Mul' <Latency = 0> <II = 1> <Delay = 1.94> <FuncUnit> <Opcode : 'mul'> <InPorts = 2> <OutPorts = 1>
ST_1 : Operation 55 [1/1] (0.00ns)   --->   "%trunc_ln708_164 = call i16 @_ssdm_op_PartSelect.i16.i26.i32.i32(i26 %mul_ln1118_299, i32 10, i32 25)" [firmware/nnet_utils/nnet_dense_latency.h:42]   --->   Operation 55 'partselect' 'trunc_ln708_164' <Predicate = true> <Delay = 0.00>
ST_1 : Operation 56 [1/1] (0.00ns)   --->   "%sext_ln1116_79_cast4 = sext i16 %data_4_V_read_2 to i26" [firmware/nnet_utils/nnet_dense_latency.h:13]   --->   Operation 56 'sext' 'sext_ln1116_79_cast4' <Predicate = true> <Delay = 0.00>
ST_1 : Operation 57 [1/1] (0.00ns)   --->   "%sext_ln1116_79_cast = sext i16 %data_4_V_read_2 to i25" [firmware/nnet_utils/nnet_dense_latency.h:13]   --->   Operation 57 'sext' 'sext_ln1116_79_cast' <Predicate = true> <Delay = 0.00>
ST_1 : Operation 58 [1/1] (1.94ns)   --->   "%mul_ln1118_300 = mul i25 %sext_ln1116_79_cast, 164" [firmware/nnet_utils/nnet_mult.h:73->firmware/nnet_utils/nnet_dense_latency.h:42]   --->   Operation 58 'mul' 'mul_ln1118_300' <Predicate = true> <Delay = 1.94> <Core = "Mul">   --->   Core 16 'Mul' <Latency = 0> <II = 1> <Delay = 1.94> <FuncUnit> <Opcode : 'mul'> <InPorts = 2> <OutPorts = 1>
ST_1 : Operation 59 [1/1] (0.00ns)   --->   "%trunc_ln708_165 = call i15 @_ssdm_op_PartSelect.i15.i25.i32.i32(i25 %mul_ln1118_300, i32 10, i32 24)" [firmware/nnet_utils/nnet_dense_latency.h:42]   --->   Operation 59 'partselect' 'trunc_ln708_165' <Predicate = true> <Delay = 0.00>
ST_1 : Operation 60 [1/1] (0.00ns)   --->   "%sext_ln708_4 = sext i15 %trunc_ln708_165 to i16" [firmware/nnet_utils/nnet_dense_latency.h:42]   --->   Operation 60 'sext' 'sext_ln708_4' <Predicate = true> <Delay = 0.00>
ST_1 : Operation 61 [1/1] (1.94ns)   --->   "%mul_ln1118_301 = mul i25 %sext_ln1116_79_cast, 243" [firmware/nnet_utils/nnet_mult.h:73->firmware/nnet_utils/nnet_dense_latency.h:42]   --->   Operation 61 'mul' 'mul_ln1118_301' <Predicate = true> <Delay = 1.94> <Core = "Mul">   --->   Core 16 'Mul' <Latency = 0> <II = 1> <Delay = 1.94> <FuncUnit> <Opcode : 'mul'> <InPorts = 2> <OutPorts = 1>
ST_1 : Operation 62 [1/1] (0.00ns)   --->   "%trunc_ln708_166 = call i15 @_ssdm_op_PartSelect.i15.i25.i32.i32(i25 %mul_ln1118_301, i32 10, i32 24)" [firmware/nnet_utils/nnet_dense_latency.h:42]   --->   Operation 62 'partselect' 'trunc_ln708_166' <Predicate = true> <Delay = 0.00>
ST_1 : Operation 63 [1/1] (0.00ns)   --->   "%sext_ln708_5 = sext i15 %trunc_ln708_166 to i16" [firmware/nnet_utils/nnet_dense_latency.h:42]   --->   Operation 63 'sext' 'sext_ln708_5' <Predicate = true> <Delay = 0.00>
ST_1 : Operation 64 [1/1] (1.94ns)   --->   "%mul_ln1118_302 = mul i25 %sext_ln1116_79_cast, 208" [firmware/nnet_utils/nnet_mult.h:73->firmware/nnet_utils/nnet_dense_latency.h:42]   --->   Operation 64 'mul' 'mul_ln1118_302' <Predicate = true> <Delay = 1.94> <Core = "Mul">   --->   Core 16 'Mul' <Latency = 0> <II = 1> <Delay = 1.94> <FuncUnit> <Opcode : 'mul'> <InPorts = 2> <OutPorts = 1>
ST_1 : Operation 65 [1/1] (0.00ns)   --->   "%trunc_ln708_167 = call i15 @_ssdm_op_PartSelect.i15.i25.i32.i32(i25 %mul_ln1118_302, i32 10, i32 24)" [firmware/nnet_utils/nnet_dense_latency.h:42]   --->   Operation 65 'partselect' 'trunc_ln708_167' <Predicate = true> <Delay = 0.00>
ST_1 : Operation 66 [1/1] (0.00ns)   --->   "%sext_ln708_6 = sext i15 %trunc_ln708_167 to i16" [firmware/nnet_utils/nnet_dense_latency.h:42]   --->   Operation 66 'sext' 'sext_ln708_6' <Predicate = true> <Delay = 0.00>
ST_1 : Operation 67 [1/1] (1.94ns)   --->   "%mul_ln1118_303 = mul i26 %sext_ln1116_79_cast4, 395" [firmware/nnet_utils/nnet_mult.h:73->firmware/nnet_utils/nnet_dense_latency.h:42]   --->   Operation 67 'mul' 'mul_ln1118_303' <Predicate = true> <Delay = 1.94> <Core = "Mul">   --->   Core 16 'Mul' <Latency = 0> <II = 1> <Delay = 1.94> <FuncUnit> <Opcode : 'mul'> <InPorts = 2> <OutPorts = 1>
ST_1 : Operation 68 [1/1] (0.00ns)   --->   "%trunc_ln708_168 = call i16 @_ssdm_op_PartSelect.i16.i26.i32.i32(i26 %mul_ln1118_303, i32 10, i32 25)" [firmware/nnet_utils/nnet_dense_latency.h:42]   --->   Operation 68 'partselect' 'trunc_ln708_168' <Predicate = true> <Delay = 0.00>
ST_1 : Operation 69 [1/1] (0.00ns)   --->   "%sext_ln1116_80_cast3 = sext i16 %data_5_V_read_2 to i25" [firmware/nnet_utils/nnet_dense_latency.h:13]   --->   Operation 69 'sext' 'sext_ln1116_80_cast3' <Predicate = true> <Delay = 0.00>
ST_1 : Operation 70 [1/1] (0.00ns)   --->   "%sext_ln1116_80_cast = sext i16 %data_5_V_read_2 to i26" [firmware/nnet_utils/nnet_dense_latency.h:13]   --->   Operation 70 'sext' 'sext_ln1116_80_cast' <Predicate = true> <Delay = 0.00>
ST_1 : Operation 71 [1/1] (1.94ns)   --->   "%mul_ln1118_304 = mul i26 %sext_ln1116_80_cast, 286" [firmware/nnet_utils/nnet_mult.h:73->firmware/nnet_utils/nnet_dense_latency.h:42]   --->   Operation 71 'mul' 'mul_ln1118_304' <Predicate = true> <Delay = 1.94> <Core = "Mul">   --->   Core 16 'Mul' <Latency = 0> <II = 1> <Delay = 1.94> <FuncUnit> <Opcode : 'mul'> <InPorts = 2> <OutPorts = 1>
ST_1 : Operation 72 [1/1] (0.00ns)   --->   "%trunc_ln708_169 = call i16 @_ssdm_op_PartSelect.i16.i26.i32.i32(i26 %mul_ln1118_304, i32 10, i32 25)" [firmware/nnet_utils/nnet_dense_latency.h:42]   --->   Operation 72 'partselect' 'trunc_ln708_169' <Predicate = true> <Delay = 0.00>
ST_1 : Operation 73 [1/1] (1.94ns)   --->   "%mul_ln1118_305 = mul i26 %sext_ln1116_80_cast, -756" [firmware/nnet_utils/nnet_mult.h:73->firmware/nnet_utils/nnet_dense_latency.h:42]   --->   Operation 73 'mul' 'mul_ln1118_305' <Predicate = true> <Delay = 1.94> <Core = "Mul">   --->   Core 16 'Mul' <Latency = 0> <II = 1> <Delay = 1.94> <FuncUnit> <Opcode : 'mul'> <InPorts = 2> <OutPorts = 1>
ST_1 : Operation 74 [1/1] (0.00ns)   --->   "%trunc_ln708_170 = call i16 @_ssdm_op_PartSelect.i16.i26.i32.i32(i26 %mul_ln1118_305, i32 10, i32 25)" [firmware/nnet_utils/nnet_dense_latency.h:42]   --->   Operation 74 'partselect' 'trunc_ln708_170' <Predicate = true> <Delay = 0.00>
ST_1 : Operation 75 [1/1] (1.94ns)   --->   "%mul_ln1118_306 = mul i26 %sext_ln1116_80_cast, 574" [firmware/nnet_utils/nnet_mult.h:73->firmware/nnet_utils/nnet_dense_latency.h:42]   --->   Operation 75 'mul' 'mul_ln1118_306' <Predicate = true> <Delay = 1.94> <Core = "Mul">   --->   Core 16 'Mul' <Latency = 0> <II = 1> <Delay = 1.94> <FuncUnit> <Opcode : 'mul'> <InPorts = 2> <OutPorts = 1>
ST_1 : Operation 76 [1/1] (0.00ns)   --->   "%trunc_ln708_171 = call i16 @_ssdm_op_PartSelect.i16.i26.i32.i32(i26 %mul_ln1118_306, i32 10, i32 25)" [firmware/nnet_utils/nnet_dense_latency.h:42]   --->   Operation 76 'partselect' 'trunc_ln708_171' <Predicate = true> <Delay = 0.00>
ST_1 : Operation 77 [1/1] (1.94ns)   --->   "%mul_ln1118_307 = mul i25 %sext_ln1116_80_cast3, 135" [firmware/nnet_utils/nnet_mult.h:73->firmware/nnet_utils/nnet_dense_latency.h:42]   --->   Operation 77 'mul' 'mul_ln1118_307' <Predicate = true> <Delay = 1.94> <Core = "Mul">   --->   Core 16 'Mul' <Latency = 0> <II = 1> <Delay = 1.94> <FuncUnit> <Opcode : 'mul'> <InPorts = 2> <OutPorts = 1>
ST_1 : Operation 78 [1/1] (0.00ns)   --->   "%trunc_ln708_172 = call i15 @_ssdm_op_PartSelect.i15.i25.i32.i32(i25 %mul_ln1118_307, i32 10, i32 24)" [firmware/nnet_utils/nnet_dense_latency.h:42]   --->   Operation 78 'partselect' 'trunc_ln708_172' <Predicate = true> <Delay = 0.00>
ST_1 : Operation 79 [1/1] (0.00ns)   --->   "%sext_ln708_7 = sext i15 %trunc_ln708_172 to i16" [firmware/nnet_utils/nnet_dense_latency.h:42]   --->   Operation 79 'sext' 'sext_ln708_7' <Predicate = true> <Delay = 0.00>
ST_1 : Operation 80 [1/1] (0.00ns)   --->   "%sext_ln1116_81_cast2 = sext i16 %data_6_V_read_2 to i26" [firmware/nnet_utils/nnet_dense_latency.h:13]   --->   Operation 80 'sext' 'sext_ln1116_81_cast2' <Predicate = true> <Delay = 0.00>
ST_1 : Operation 81 [1/1] (0.00ns)   --->   "%sext_ln1116_81_cast1 = sext i16 %data_6_V_read_2 to i23" [firmware/nnet_utils/nnet_dense_latency.h:13]   --->   Operation 81 'sext' 'sext_ln1116_81_cast1' <Predicate = true> <Delay = 0.00>
ST_1 : Operation 82 [1/1] (0.00ns)   --->   "%shl_ln1118_60 = call i22 @_ssdm_op_BitConcatenate.i22.i16.i6(i16 %data_6_V_read_2, i6 0)" [firmware/nnet_utils/nnet_mult.h:73->firmware/nnet_utils/nnet_dense_latency.h:42]   --->   Operation 82 'bitconcatenate' 'shl_ln1118_60' <Predicate = true> <Delay = 0.00>
ST_1 : Operation 83 [1/1] (0.00ns)   --->   "%sext_ln1118_170 = sext i22 %shl_ln1118_60 to i23" [firmware/nnet_utils/nnet_mult.h:73->firmware/nnet_utils/nnet_dense_latency.h:42]   --->   Operation 83 'sext' 'sext_ln1118_170' <Predicate = true> <Delay = 0.00>
ST_1 : Operation 84 [1/1] (0.00ns)   --->   "%shl_ln1118_61 = call i18 @_ssdm_op_BitConcatenate.i18.i16.i2(i16 %data_6_V_read_2, i2 0)" [firmware/nnet_utils/nnet_mult.h:73->firmware/nnet_utils/nnet_dense_latency.h:42]   --->   Operation 84 'bitconcatenate' 'shl_ln1118_61' <Predicate = true> <Delay = 0.00>
ST_1 : Operation 85 [1/1] (0.00ns)   --->   "%sext_ln1118_171 = sext i18 %shl_ln1118_61 to i23" [firmware/nnet_utils/nnet_mult.h:73->firmware/nnet_utils/nnet_dense_latency.h:42]   --->   Operation 85 'sext' 'sext_ln1118_171' <Predicate = true> <Delay = 0.00>
ST_1 : Operation 86 [1/1] (0.82ns)   --->   "%add_ln1118_5 = add i23 %sext_ln1118_170, %sext_ln1118_171" [firmware/nnet_utils/nnet_mult.h:73->firmware/nnet_utils/nnet_dense_latency.h:42]   --->   Operation 86 'add' 'add_ln1118_5' <Predicate = true> <Delay = 0.82> <Core = "AddSub">   --->   Core 14 'AddSub' <Latency = 0> <II = 1> <Delay = 0.78> <FuncUnit> <Opcode : 'add' 'sub'> <InPorts = 2> <OutPorts = 1>
ST_1 : Operation 87 [1/1] (0.00ns)   --->   "%tmp_46 = call i13 @_ssdm_op_PartSelect.i13.i23.i32.i32(i23 %add_ln1118_5, i32 10, i32 22)" [firmware/nnet_utils/nnet_mult.h:73->firmware/nnet_utils/nnet_dense_latency.h:42]   --->   Operation 87 'partselect' 'tmp_46' <Predicate = true> <Delay = 0.00>
ST_1 : Operation 88 [1/1] (0.00ns)   --->   "%sext_ln1118_172 = sext i13 %tmp_46 to i14" [firmware/nnet_utils/nnet_mult.h:73->firmware/nnet_utils/nnet_dense_latency.h:42]   --->   Operation 88 'sext' 'sext_ln1118_172' <Predicate = true> <Delay = 0.00>
ST_1 : Operation 89 [1/1] (1.94ns)   --->   "%mul_ln1118_308 = mul i23 %sext_ln1116_81_cast1, 58" [firmware/nnet_utils/nnet_mult.h:73->firmware/nnet_utils/nnet_dense_latency.h:42]   --->   Operation 89 'mul' 'mul_ln1118_308' <Predicate = true> <Delay = 1.94> <Core = "Mul">   --->   Core 16 'Mul' <Latency = 0> <II = 1> <Delay = 1.94> <FuncUnit> <Opcode : 'mul'> <InPorts = 2> <OutPorts = 1>
ST_1 : Operation 90 [1/1] (0.00ns)   --->   "%trunc_ln708_173 = call i13 @_ssdm_op_PartSelect.i13.i23.i32.i32(i23 %mul_ln1118_308, i32 10, i32 22)" [firmware/nnet_utils/nnet_dense_latency.h:42]   --->   Operation 90 'partselect' 'trunc_ln708_173' <Predicate = true> <Delay = 0.00>
ST_1 : Operation 91 [1/1] (0.00ns)   --->   "%sext_ln1118_173 = sext i13 %trunc_ln708_173 to i14" [firmware/nnet_utils/nnet_mult.h:73->firmware/nnet_utils/nnet_dense_latency.h:42]   --->   Operation 91 'sext' 'sext_ln1118_173' <Predicate = true> <Delay = 0.00>
ST_1 : Operation 92 [1/1] (1.94ns)   --->   "%mul_ln1118_309 = mul i26 %sext_ln1116_81_cast2, -1310" [firmware/nnet_utils/nnet_mult.h:73->firmware/nnet_utils/nnet_dense_latency.h:42]   --->   Operation 92 'mul' 'mul_ln1118_309' <Predicate = true> <Delay = 1.94> <Core = "Mul">   --->   Core 16 'Mul' <Latency = 0> <II = 1> <Delay = 1.94> <FuncUnit> <Opcode : 'mul'> <InPorts = 2> <OutPorts = 1>
ST_1 : Operation 93 [1/1] (0.00ns)   --->   "%trunc_ln708_174 = call i16 @_ssdm_op_PartSelect.i16.i26.i32.i32(i26 %mul_ln1118_309, i32 10, i32 25)" [firmware/nnet_utils/nnet_dense_latency.h:42]   --->   Operation 93 'partselect' 'trunc_ln708_174' <Predicate = true> <Delay = 0.00>
ST_1 : Operation 94 [1/1] (1.94ns)   --->   "%mul_ln1118_310 = mul i26 %sext_ln1116_81_cast2, 453" [firmware/nnet_utils/nnet_mult.h:73->firmware/nnet_utils/nnet_dense_latency.h:42]   --->   Operation 94 'mul' 'mul_ln1118_310' <Predicate = true> <Delay = 1.94> <Core = "Mul">   --->   Core 16 'Mul' <Latency = 0> <II = 1> <Delay = 1.94> <FuncUnit> <Opcode : 'mul'> <InPorts = 2> <OutPorts = 1>
ST_1 : Operation 95 [1/1] (0.00ns)   --->   "%trunc_ln708_175 = call i16 @_ssdm_op_PartSelect.i16.i26.i32.i32(i26 %mul_ln1118_310, i32 10, i32 25)" [firmware/nnet_utils/nnet_dense_latency.h:42]   --->   Operation 95 'partselect' 'trunc_ln708_175' <Predicate = true> <Delay = 0.00>
ST_1 : Operation 96 [1/1] (0.00ns)   --->   "%sext_ln1116_82_cast = sext i16 %data_7_V_read_2 to i26" [firmware/nnet_utils/nnet_dense_latency.h:13]   --->   Operation 96 'sext' 'sext_ln1116_82_cast' <Predicate = true> <Delay = 0.00>
ST_1 : Operation 97 [1/1] (1.94ns)   --->   "%mul_ln1118_311 = mul i26 %sext_ln1116_82_cast, -275" [firmware/nnet_utils/nnet_mult.h:73->firmware/nnet_utils/nnet_dense_latency.h:42]   --->   Operation 97 'mul' 'mul_ln1118_311' <Predicate = true> <Delay = 1.94> <Core = "Mul">   --->   Core 16 'Mul' <Latency = 0> <II = 1> <Delay = 1.94> <FuncUnit> <Opcode : 'mul'> <InPorts = 2> <OutPorts = 1>
ST_1 : Operation 98 [1/1] (0.00ns)   --->   "%trunc_ln708_176 = call i16 @_ssdm_op_PartSelect.i16.i26.i32.i32(i26 %mul_ln1118_311, i32 10, i32 25)" [firmware/nnet_utils/nnet_dense_latency.h:42]   --->   Operation 98 'partselect' 'trunc_ln708_176' <Predicate = true> <Delay = 0.00>
ST_1 : Operation 99 [1/1] (1.94ns)   --->   "%mul_ln1118_312 = mul i26 %sext_ln1116_82_cast, -918" [firmware/nnet_utils/nnet_mult.h:73->firmware/nnet_utils/nnet_dense_latency.h:42]   --->   Operation 99 'mul' 'mul_ln1118_312' <Predicate = true> <Delay = 1.94> <Core = "Mul">   --->   Core 16 'Mul' <Latency = 0> <II = 1> <Delay = 1.94> <FuncUnit> <Opcode : 'mul'> <InPorts = 2> <OutPorts = 1>
ST_1 : Operation 100 [1/1] (0.00ns)   --->   "%trunc_ln708_177 = call i16 @_ssdm_op_PartSelect.i16.i26.i32.i32(i26 %mul_ln1118_312, i32 10, i32 25)" [firmware/nnet_utils/nnet_dense_latency.h:42]   --->   Operation 100 'partselect' 'trunc_ln708_177' <Predicate = true> <Delay = 0.00>
ST_1 : Operation 101 [1/1] (1.94ns)   --->   "%mul_ln1118_313 = mul i26 %sext_ln1116_82_cast, -891" [firmware/nnet_utils/nnet_mult.h:73->firmware/nnet_utils/nnet_dense_latency.h:42]   --->   Operation 101 'mul' 'mul_ln1118_313' <Predicate = true> <Delay = 1.94> <Core = "Mul">   --->   Core 16 'Mul' <Latency = 0> <II = 1> <Delay = 1.94> <FuncUnit> <Opcode : 'mul'> <InPorts = 2> <OutPorts = 1>
ST_1 : Operation 102 [1/1] (0.00ns)   --->   "%trunc_ln708_178 = call i16 @_ssdm_op_PartSelect.i16.i26.i32.i32(i26 %mul_ln1118_313, i32 10, i32 25)" [firmware/nnet_utils/nnet_dense_latency.h:42]   --->   Operation 102 'partselect' 'trunc_ln708_178' <Predicate = true> <Delay = 0.00>
ST_1 : Operation 103 [1/1] (1.94ns)   --->   "%mul_ln1118_314 = mul i26 %sext_ln1116_82_cast, 630" [firmware/nnet_utils/nnet_mult.h:73->firmware/nnet_utils/nnet_dense_latency.h:42]   --->   Operation 103 'mul' 'mul_ln1118_314' <Predicate = true> <Delay = 1.94> <Core = "Mul">   --->   Core 16 'Mul' <Latency = 0> <II = 1> <Delay = 1.94> <FuncUnit> <Opcode : 'mul'> <InPorts = 2> <OutPorts = 1>
ST_1 : Operation 104 [1/1] (0.00ns)   --->   "%trunc_ln708_179 = call i16 @_ssdm_op_PartSelect.i16.i26.i32.i32(i26 %mul_ln1118_314, i32 10, i32 25)" [firmware/nnet_utils/nnet_dense_latency.h:42]   --->   Operation 104 'partselect' 'trunc_ln708_179' <Predicate = true> <Delay = 0.00>
ST_1 : Operation 105 [1/1] (0.00ns)   --->   "%sext_ln1116_83_cast = sext i16 %data_8_V_read_2 to i26" [firmware/nnet_utils/nnet_dense_latency.h:13]   --->   Operation 105 'sext' 'sext_ln1116_83_cast' <Predicate = true> <Delay = 0.00>
ST_1 : Operation 106 [1/1] (1.94ns)   --->   "%mul_ln1118_315 = mul i26 %sext_ln1116_83_cast, 494" [firmware/nnet_utils/nnet_mult.h:73->firmware/nnet_utils/nnet_dense_latency.h:42]   --->   Operation 106 'mul' 'mul_ln1118_315' <Predicate = true> <Delay = 1.94> <Core = "Mul">   --->   Core 16 'Mul' <Latency = 0> <II = 1> <Delay = 1.94> <FuncUnit> <Opcode : 'mul'> <InPorts = 2> <OutPorts = 1>
ST_1 : Operation 107 [1/1] (0.00ns)   --->   "%trunc_ln708_180 = call i16 @_ssdm_op_PartSelect.i16.i26.i32.i32(i26 %mul_ln1118_315, i32 10, i32 25)" [firmware/nnet_utils/nnet_dense_latency.h:42]   --->   Operation 107 'partselect' 'trunc_ln708_180' <Predicate = true> <Delay = 0.00>
ST_1 : Operation 108 [1/1] (1.94ns)   --->   "%mul_ln1118_316 = mul i26 %sext_ln1116_83_cast, -655" [firmware/nnet_utils/nnet_mult.h:73->firmware/nnet_utils/nnet_dense_latency.h:42]   --->   Operation 108 'mul' 'mul_ln1118_316' <Predicate = true> <Delay = 1.94> <Core = "Mul">   --->   Core 16 'Mul' <Latency = 0> <II = 1> <Delay = 1.94> <FuncUnit> <Opcode : 'mul'> <InPorts = 2> <OutPorts = 1>
ST_1 : Operation 109 [1/1] (0.00ns)   --->   "%trunc_ln708_181 = call i16 @_ssdm_op_PartSelect.i16.i26.i32.i32(i26 %mul_ln1118_316, i32 10, i32 25)" [firmware/nnet_utils/nnet_dense_latency.h:42]   --->   Operation 109 'partselect' 'trunc_ln708_181' <Predicate = true> <Delay = 0.00>
ST_1 : Operation 110 [1/1] (1.94ns)   --->   "%mul_ln1118_317 = mul i26 %sext_ln1116_83_cast, -1298" [firmware/nnet_utils/nnet_mult.h:73->firmware/nnet_utils/nnet_dense_latency.h:42]   --->   Operation 110 'mul' 'mul_ln1118_317' <Predicate = true> <Delay = 1.94> <Core = "Mul">   --->   Core 16 'Mul' <Latency = 0> <II = 1> <Delay = 1.94> <FuncUnit> <Opcode : 'mul'> <InPorts = 2> <OutPorts = 1>
ST_1 : Operation 111 [1/1] (0.00ns)   --->   "%trunc_ln708_182 = call i16 @_ssdm_op_PartSelect.i16.i26.i32.i32(i26 %mul_ln1118_317, i32 10, i32 25)" [firmware/nnet_utils/nnet_dense_latency.h:42]   --->   Operation 111 'partselect' 'trunc_ln708_182' <Predicate = true> <Delay = 0.00>
ST_1 : Operation 112 [1/1] (1.94ns)   --->   "%mul_ln1118_318 = mul i26 %sext_ln1116_83_cast, 1334" [firmware/nnet_utils/nnet_mult.h:73->firmware/nnet_utils/nnet_dense_latency.h:42]   --->   Operation 112 'mul' 'mul_ln1118_318' <Predicate = true> <Delay = 1.94> <Core = "Mul">   --->   Core 16 'Mul' <Latency = 0> <II = 1> <Delay = 1.94> <FuncUnit> <Opcode : 'mul'> <InPorts = 2> <OutPorts = 1>
ST_1 : Operation 113 [1/1] (0.00ns)   --->   "%trunc_ln708_183 = call i16 @_ssdm_op_PartSelect.i16.i26.i32.i32(i26 %mul_ln1118_318, i32 10, i32 25)" [firmware/nnet_utils/nnet_dense_latency.h:42]   --->   Operation 113 'partselect' 'trunc_ln708_183' <Predicate = true> <Delay = 0.00>
ST_1 : Operation 114 [1/1] (0.78ns)   --->   "%add_ln703 = add i16 %trunc_ln, %trunc_ln708_154" [firmware/nnet_utils/nnet_dense_latency.h:58]   --->   Operation 114 'add' 'add_ln703' <Predicate = true> <Delay = 0.78> <Core = "AddSub">   --->   Core 14 'AddSub' <Latency = 0> <II = 1> <Delay = 0.78> <FuncUnit> <Opcode : 'add' 'sub'> <InPorts = 2> <OutPorts = 1>
ST_1 : Operation 115 [1/1] (0.00ns) (grouped into TernaryAdder)   --->   "%add_ln703_320 = add i16 %trunc_ln708_161, %trunc_ln708_169" [firmware/nnet_utils/nnet_dense_latency.h:58]   --->   Operation 115 'add' 'add_ln703_320' <Predicate = true> <Delay = 0.00> <Core = "TAddSub">   --->   Core 83 'TAddSub' <Latency = 0> <II = 1> <Delay = 0.33> <IPBlock> <Opcode : 'add' 'sub'> <InPorts = 3> <OutPorts = 1> <Sync> <CReg>
ST_1 : Operation 116 [1/1] (0.67ns) (root node of TernaryAdder)   --->   "%add_ln703_321 = add i16 %add_ln703_320, %trunc_ln708_157" [firmware/nnet_utils/nnet_dense_latency.h:58]   --->   Operation 116 'add' 'add_ln703_321' <Predicate = true> <Delay = 0.67> <Core = "TAddSub">   --->   Core 83 'TAddSub' <Latency = 0> <II = 1> <Delay = 0.33> <IPBlock> <Opcode : 'add' 'sub'> <InPorts = 3> <OutPorts = 1> <Sync> <CReg>
ST_1 : Operation 117 [1/1] (0.00ns) (grouped into TernaryAdder)   --->   "%add_ln703_322 = add i16 %add_ln703_321, %add_ln703" [firmware/nnet_utils/nnet_dense_latency.h:58]   --->   Operation 117 'add' 'add_ln703_322' <Predicate = true> <Delay = 0.00> <Core = "TAddSub">   --->   Core 83 'TAddSub' <Latency = 0> <II = 1> <Delay = 0.33> <IPBlock> <Opcode : 'add' 'sub'> <InPorts = 3> <OutPorts = 1> <Sync> <CReg>
ST_1 : Operation 118 [1/1] (0.00ns) (grouped into TernaryAdder)   --->   "%add_ln703_323 = add i16 %trunc_ln708_176, %trunc_ln708_180" [firmware/nnet_utils/nnet_dense_latency.h:58]   --->   Operation 118 'add' 'add_ln703_323' <Predicate = true> <Delay = 0.00> <Core = "TAddSub">   --->   Core 83 'TAddSub' <Latency = 0> <II = 1> <Delay = 0.33> <IPBlock> <Opcode : 'add' 'sub'> <InPorts = 3> <OutPorts = 1> <Sync> <CReg>
ST_1 : Operation 119 [1/1] (0.75ns)   --->   "%add_ln703_324 = add i14 %sext_ln1118_172, 3" [firmware/nnet_utils/nnet_dense_latency.h:58]   --->   Operation 119 'add' 'add_ln703_324' <Predicate = true> <Delay = 0.75> <Core = "AddSub">   --->   Core 14 'AddSub' <Latency = 0> <II = 1> <Delay = 0.78> <FuncUnit> <Opcode : 'add' 'sub'> <InPorts = 2> <OutPorts = 1>
ST_1 : Operation 120 [1/1] (0.00ns)   --->   "%sext_ln703 = sext i14 %add_ln703_324 to i16" [firmware/nnet_utils/nnet_dense_latency.h:58]   --->   Operation 120 'sext' 'sext_ln703' <Predicate = true> <Delay = 0.00>
ST_1 : Operation 121 [1/1] (0.77ns)   --->   "%add_ln703_325 = add i16 %sext_ln703, %sext_ln708_4" [firmware/nnet_utils/nnet_dense_latency.h:58]   --->   Operation 121 'add' 'add_ln703_325' <Predicate = true> <Delay = 0.77> <Core = "AddSub">   --->   Core 14 'AddSub' <Latency = 0> <II = 1> <Delay = 0.78> <FuncUnit> <Opcode : 'add' 'sub'> <InPorts = 2> <OutPorts = 1>
ST_1 : Operation 122 [1/1] (0.67ns) (root node of TernaryAdder)   --->   "%add_ln703_326 = add i16 %add_ln703_325, %add_ln703_323" [firmware/nnet_utils/nnet_dense_latency.h:58]   --->   Operation 122 'add' 'add_ln703_326' <Predicate = true> <Delay = 0.67> <Core = "TAddSub">   --->   Core 83 'TAddSub' <Latency = 0> <II = 1> <Delay = 0.33> <IPBlock> <Opcode : 'add' 'sub'> <InPorts = 3> <OutPorts = 1> <Sync> <CReg>
ST_1 : Operation 123 [1/1] (0.67ns) (root node of TernaryAdder)   --->   "%add_ln703_327 = add i16 %add_ln703_326, %add_ln703_322" [firmware/nnet_utils/nnet_dense_latency.h:58]   --->   Operation 123 'add' 'add_ln703_327' <Predicate = true> <Delay = 0.67> <Core = "TAddSub">   --->   Core 83 'TAddSub' <Latency = 0> <II = 1> <Delay = 0.33> <IPBlock> <Opcode : 'add' 'sub'> <InPorts = 3> <OutPorts = 1> <Sync> <CReg>
ST_1 : Operation 124 [1/1] (0.78ns)   --->   "%add_ln703_328 = add i16 %trunc_ln708_s, %trunc_ln708_158" [firmware/nnet_utils/nnet_dense_latency.h:58]   --->   Operation 124 'add' 'add_ln703_328' <Predicate = true> <Delay = 0.78> <Core = "AddSub">   --->   Core 14 'AddSub' <Latency = 0> <II = 1> <Delay = 0.78> <FuncUnit> <Opcode : 'add' 'sub'> <InPorts = 2> <OutPorts = 1>
ST_1 : Operation 125 [1/1] (0.00ns) (grouped into TernaryAdder)   --->   "%add_ln703_329 = add i16 %trunc_ln708_170, %trunc_ln708_177" [firmware/nnet_utils/nnet_dense_latency.h:58]   --->   Operation 125 'add' 'add_ln703_329' <Predicate = true> <Delay = 0.00> <Core = "TAddSub">   --->   Core 83 'TAddSub' <Latency = 0> <II = 1> <Delay = 0.33> <IPBlock> <Opcode : 'add' 'sub'> <InPorts = 3> <OutPorts = 1> <Sync> <CReg>
ST_1 : Operation 126 [1/1] (0.67ns) (root node of TernaryAdder)   --->   "%add_ln703_330 = add i16 %add_ln703_329, %trunc_ln708_162" [firmware/nnet_utils/nnet_dense_latency.h:58]   --->   Operation 126 'add' 'add_ln703_330' <Predicate = true> <Delay = 0.67> <Core = "TAddSub">   --->   Core 83 'TAddSub' <Latency = 0> <II = 1> <Delay = 0.33> <IPBlock> <Opcode : 'add' 'sub'> <InPorts = 3> <OutPorts = 1> <Sync> <CReg>
ST_1 : Operation 127 [1/1] (0.00ns) (grouped into TernaryAdder)   --->   "%add_ln703_331 = add i16 %add_ln703_330, %add_ln703_328" [firmware/nnet_utils/nnet_dense_latency.h:58]   --->   Operation 127 'add' 'add_ln703_331' <Predicate = true> <Delay = 0.00> <Core = "TAddSub">   --->   Core 83 'TAddSub' <Latency = 0> <II = 1> <Delay = 0.33> <IPBlock> <Opcode : 'add' 'sub'> <InPorts = 3> <OutPorts = 1> <Sync> <CReg>
ST_1 : Operation 128 [1/1] (0.00ns) (grouped into TernaryAdder)   --->   "%add_ln703_332 = add i16 %trunc_ln708_181, %sext_ln708_5" [firmware/nnet_utils/nnet_dense_latency.h:58]   --->   Operation 128 'add' 'add_ln703_332' <Predicate = true> <Delay = 0.00> <Core = "TAddSub">   --->   Core 83 'TAddSub' <Latency = 0> <II = 1> <Delay = 0.33> <IPBlock> <Opcode : 'add' 'sub'> <InPorts = 3> <OutPorts = 1> <Sync> <CReg>
ST_1 : Operation 129 [1/1] (0.73ns)   --->   "%add_ln703_333 = add i12 %sext_ln1118_169, -69" [firmware/nnet_utils/nnet_dense_latency.h:58]   --->   Operation 129 'add' 'add_ln703_333' <Predicate = true> <Delay = 0.73> <Core = "AddSub">   --->   Core 14 'AddSub' <Latency = 0> <II = 1> <Delay = 0.78> <FuncUnit> <Opcode : 'add' 'sub'> <InPorts = 2> <OutPorts = 1>
ST_1 : Operation 130 [1/1] (0.00ns)   --->   "%sext_ln703_70 = sext i12 %add_ln703_333 to i14" [firmware/nnet_utils/nnet_dense_latency.h:58]   --->   Operation 130 'sext' 'sext_ln703_70' <Predicate = true> <Delay = 0.00>
ST_1 : Operation 131 [1/1] (0.75ns)   --->   "%add_ln703_334 = add i14 %sext_ln703_70, %sext_ln1118_173" [firmware/nnet_utils/nnet_dense_latency.h:58]   --->   Operation 131 'add' 'add_ln703_334' <Predicate = true> <Delay = 0.75> <Core = "AddSub">   --->   Core 14 'AddSub' <Latency = 0> <II = 1> <Delay = 0.78> <FuncUnit> <Opcode : 'add' 'sub'> <InPorts = 2> <OutPorts = 1>
ST_1 : Operation 132 [1/1] (0.00ns)   --->   "%sext_ln703_71 = sext i14 %add_ln703_334 to i16" [firmware/nnet_utils/nnet_dense_latency.h:58]   --->   Operation 132 'sext' 'sext_ln703_71' <Predicate = true> <Delay = 0.00>
ST_1 : Operation 133 [1/1] (0.67ns) (root node of TernaryAdder)   --->   "%add_ln703_335 = add i16 %sext_ln703_71, %add_ln703_332" [firmware/nnet_utils/nnet_dense_latency.h:58]   --->   Operation 133 'add' 'add_ln703_335' <Predicate = true> <Delay = 0.67> <Core = "TAddSub">   --->   Core 83 'TAddSub' <Latency = 0> <II = 1> <Delay = 0.33> <IPBlock> <Opcode : 'add' 'sub'> <InPorts = 3> <OutPorts = 1> <Sync> <CReg>
ST_1 : Operation 134 [1/1] (0.67ns) (root node of TernaryAdder)   --->   "%acc_1_V = add i16 %add_ln703_335, %add_ln703_331" [firmware/nnet_utils/nnet_dense_latency.h:58]   --->   Operation 134 'add' 'acc_1_V' <Predicate = true> <Delay = 0.67> <Core = "TAddSub">   --->   Core 83 'TAddSub' <Latency = 0> <II = 1> <Delay = 0.33> <IPBlock> <Opcode : 'add' 'sub'> <InPorts = 3> <OutPorts = 1> <Sync> <CReg>
ST_1 : Operation 135 [1/1] (0.78ns)   --->   "%add_ln703_337 = add i16 %trunc_ln708_152, %trunc_ln708_155" [firmware/nnet_utils/nnet_dense_latency.h:58]   --->   Operation 135 'add' 'add_ln703_337' <Predicate = true> <Delay = 0.78> <Core = "AddSub">   --->   Core 14 'AddSub' <Latency = 0> <II = 1> <Delay = 0.78> <FuncUnit> <Opcode : 'add' 'sub'> <InPorts = 2> <OutPorts = 1>
ST_1 : Operation 136 [1/1] (0.78ns)   --->   "%add_ln703_338 = add i16 %trunc_ln708_159, %trunc_ln708_163" [firmware/nnet_utils/nnet_dense_latency.h:58]   --->   Operation 136 'add' 'add_ln703_338' <Predicate = true> <Delay = 0.78> <Core = "AddSub">   --->   Core 14 'AddSub' <Latency = 0> <II = 1> <Delay = 0.78> <FuncUnit> <Opcode : 'add' 'sub'> <InPorts = 2> <OutPorts = 1>
ST_1 : Operation 137 [1/1] (0.00ns) (grouped into TernaryAdder)   --->   "%add_ln703_339 = add i16 %add_ln703_338, %add_ln703_337" [firmware/nnet_utils/nnet_dense_latency.h:58]   --->   Operation 137 'add' 'add_ln703_339' <Predicate = true> <Delay = 0.00> <Core = "TAddSub">   --->   Core 83 'TAddSub' <Latency = 0> <II = 1> <Delay = 0.33> <IPBlock> <Opcode : 'add' 'sub'> <InPorts = 3> <OutPorts = 1> <Sync> <CReg>
ST_1 : Operation 138 [1/1] (0.00ns) (grouped into TernaryAdder)   --->   "%add_ln703_340 = add i16 %trunc_ln708_171, %trunc_ln708_174" [firmware/nnet_utils/nnet_dense_latency.h:58]   --->   Operation 138 'add' 'add_ln703_340' <Predicate = true> <Delay = 0.00> <Core = "TAddSub">   --->   Core 83 'TAddSub' <Latency = 0> <II = 1> <Delay = 0.33> <IPBlock> <Opcode : 'add' 'sub'> <InPorts = 3> <OutPorts = 1> <Sync> <CReg>
ST_1 : Operation 139 [1/1] (0.00ns) (grouped into TernaryAdder)   --->   "%add_ln703_341 = add i16 %trunc_ln708_182, %sext_ln708_6" [firmware/nnet_utils/nnet_dense_latency.h:58]   --->   Operation 139 'add' 'add_ln703_341' <Predicate = true> <Delay = 0.00> <Core = "TAddSub">   --->   Core 83 'TAddSub' <Latency = 0> <II = 1> <Delay = 0.33> <IPBlock> <Opcode : 'add' 'sub'> <InPorts = 3> <OutPorts = 1> <Sync> <CReg>
ST_1 : Operation 140 [1/1] (0.67ns) (root node of TernaryAdder)   --->   "%add_ln703_342 = add i16 %add_ln703_341, %trunc_ln708_178" [firmware/nnet_utils/nnet_dense_latency.h:58]   --->   Operation 140 'add' 'add_ln703_342' <Predicate = true> <Delay = 0.67> <Core = "TAddSub">   --->   Core 83 'TAddSub' <Latency = 0> <II = 1> <Delay = 0.33> <IPBlock> <Opcode : 'add' 'sub'> <InPorts = 3> <OutPorts = 1> <Sync> <CReg>
ST_1 : Operation 141 [1/1] (0.67ns) (root node of TernaryAdder)   --->   "%add_ln703_343 = add i16 %add_ln703_342, %add_ln703_340" [firmware/nnet_utils/nnet_dense_latency.h:58]   --->   Operation 141 'add' 'add_ln703_343' <Predicate = true> <Delay = 0.67> <Core = "TAddSub">   --->   Core 83 'TAddSub' <Latency = 0> <II = 1> <Delay = 0.33> <IPBlock> <Opcode : 'add' 'sub'> <InPorts = 3> <OutPorts = 1> <Sync> <CReg>
ST_1 : Operation 142 [1/1] (0.67ns) (root node of TernaryAdder)   --->   "%acc_2_V = add i16 %add_ln703_343, %add_ln703_339" [firmware/nnet_utils/nnet_dense_latency.h:58]   --->   Operation 142 'add' 'acc_2_V' <Predicate = true> <Delay = 0.67> <Core = "TAddSub">   --->   Core 83 'TAddSub' <Latency = 0> <II = 1> <Delay = 0.33> <IPBlock> <Opcode : 'add' 'sub'> <InPorts = 3> <OutPorts = 1> <Sync> <CReg>
ST_1 : Operation 143 [1/1] (0.78ns)   --->   "%add_ln703_345 = add i16 %trunc_ln708_156, %trunc_ln708_160" [firmware/nnet_utils/nnet_dense_latency.h:58]   --->   Operation 143 'add' 'add_ln703_345' <Predicate = true> <Delay = 0.78> <Core = "AddSub">   --->   Core 14 'AddSub' <Latency = 0> <II = 1> <Delay = 0.78> <FuncUnit> <Opcode : 'add' 'sub'> <InPorts = 2> <OutPorts = 1>
ST_1 : Operation 144 [1/1] (0.00ns) (grouped into TernaryAdder)   --->   "%add_ln703_346 = add i16 %trunc_ln708_168, %trunc_ln708_175" [firmware/nnet_utils/nnet_dense_latency.h:58]   --->   Operation 144 'add' 'add_ln703_346' <Predicate = true> <Delay = 0.00> <Core = "TAddSub">   --->   Core 83 'TAddSub' <Latency = 0> <II = 1> <Delay = 0.33> <IPBlock> <Opcode : 'add' 'sub'> <InPorts = 3> <OutPorts = 1> <Sync> <CReg>
ST_1 : Operation 145 [1/1] (0.67ns) (root node of TernaryAdder)   --->   "%add_ln703_347 = add i16 %add_ln703_346, %trunc_ln708_164" [firmware/nnet_utils/nnet_dense_latency.h:58]   --->   Operation 145 'add' 'add_ln703_347' <Predicate = true> <Delay = 0.67> <Core = "TAddSub">   --->   Core 83 'TAddSub' <Latency = 0> <II = 1> <Delay = 0.33> <IPBlock> <Opcode : 'add' 'sub'> <InPorts = 3> <OutPorts = 1> <Sync> <CReg>
ST_1 : Operation 146 [1/1] (0.00ns) (grouped into TernaryAdder)   --->   "%add_ln703_348 = add i16 %add_ln703_347, %add_ln703_345" [firmware/nnet_utils/nnet_dense_latency.h:58]   --->   Operation 146 'add' 'add_ln703_348' <Predicate = true> <Delay = 0.00> <Core = "TAddSub">   --->   Core 83 'TAddSub' <Latency = 0> <II = 1> <Delay = 0.33> <IPBlock> <Opcode : 'add' 'sub'> <InPorts = 3> <OutPorts = 1> <Sync> <CReg>
ST_1 : Operation 147 [1/1] (0.00ns) (grouped into TernaryAdder)   --->   "%add_ln703_349 = add i16 %trunc_ln708_179, %trunc_ln708_183" [firmware/nnet_utils/nnet_dense_latency.h:58]   --->   Operation 147 'add' 'add_ln703_349' <Predicate = true> <Delay = 0.00> <Core = "TAddSub">   --->   Core 83 'TAddSub' <Latency = 0> <II = 1> <Delay = 0.33> <IPBlock> <Opcode : 'add' 'sub'> <InPorts = 3> <OutPorts = 1> <Sync> <CReg>
ST_1 : Operation 148 [1/1] (0.00ns) (grouped into TernaryAdder)   --->   "%add_ln703_350 = add i16 %sext_ln708_7, -10" [firmware/nnet_utils/nnet_dense_latency.h:58]   --->   Operation 148 'add' 'add_ln703_350' <Predicate = true> <Delay = 0.00> <Core = "TAddSub">   --->   Core 83 'TAddSub' <Latency = 0> <II = 1> <Delay = 0.33> <IPBlock> <Opcode : 'add' 'sub'> <InPorts = 3> <OutPorts = 1> <Sync> <CReg>
ST_1 : Operation 149 [1/1] (0.67ns) (root node of TernaryAdder)   --->   "%add_ln703_351 = add i16 %add_ln703_350, %sext_ln708" [firmware/nnet_utils/nnet_dense_latency.h:58]   --->   Operation 149 'add' 'add_ln703_351' <Predicate = true> <Delay = 0.67> <Core = "TAddSub">   --->   Core 83 'TAddSub' <Latency = 0> <II = 1> <Delay = 0.33> <IPBlock> <Opcode : 'add' 'sub'> <InPorts = 3> <OutPorts = 1> <Sync> <CReg>
ST_1 : Operation 150 [1/1] (0.67ns) (root node of TernaryAdder)   --->   "%add_ln703_352 = add i16 %add_ln703_351, %add_ln703_349" [firmware/nnet_utils/nnet_dense_latency.h:58]   --->   Operation 150 'add' 'add_ln703_352' <Predicate = true> <Delay = 0.67> <Core = "TAddSub">   --->   Core 83 'TAddSub' <Latency = 0> <II = 1> <Delay = 0.33> <IPBlock> <Opcode : 'add' 'sub'> <InPorts = 3> <OutPorts = 1> <Sync> <CReg>
ST_1 : Operation 151 [1/1] (0.67ns) (root node of TernaryAdder)   --->   "%acc_3_V = add i16 %add_ln703_352, %add_ln703_348" [firmware/nnet_utils/nnet_dense_latency.h:58]   --->   Operation 151 'add' 'acc_3_V' <Predicate = true> <Delay = 0.67> <Core = "TAddSub">   --->   Core 83 'TAddSub' <Latency = 0> <II = 1> <Delay = 0.33> <IPBlock> <Opcode : 'add' 'sub'> <InPorts = 3> <OutPorts = 1> <Sync> <CReg>
ST_1 : Operation 152 [1/1] (0.00ns)   --->   "%mrv = insertvalue { i16, i16, i16, i16 } undef, i16 %add_ln703_327, 0" [firmware/nnet_utils/nnet_dense_latency.h:68]   --->   Operation 152 'insertvalue' 'mrv' <Predicate = true> <Delay = 0.00>
ST_1 : Operation 153 [1/1] (0.00ns)   --->   "%mrv_1 = insertvalue { i16, i16, i16, i16 } %mrv, i16 %acc_1_V, 1" [firmware/nnet_utils/nnet_dense_latency.h:68]   --->   Operation 153 'insertvalue' 'mrv_1' <Predicate = true> <Delay = 0.00>
ST_1 : Operation 154 [1/1] (0.00ns)   --->   "%mrv_2 = insertvalue { i16, i16, i16, i16 } %mrv_1, i16 %acc_2_V, 2" [firmware/nnet_utils/nnet_dense_latency.h:68]   --->   Operation 154 'insertvalue' 'mrv_2' <Predicate = true> <Delay = 0.00>
ST_1 : Operation 155 [1/1] (0.00ns)   --->   "%mrv_3 = insertvalue { i16, i16, i16, i16 } %mrv_2, i16 %acc_3_V, 3" [firmware/nnet_utils/nnet_dense_latency.h:68]   --->   Operation 155 'insertvalue' 'mrv_3' <Predicate = true> <Delay = 0.00>
ST_1 : Operation 156 [1/1] (0.00ns)   --->   "ret { i16, i16, i16, i16 } %mrv_3" [firmware/nnet_utils/nnet_dense_latency.h:68]   --->   Operation 156 'ret' <Predicate = true> <Delay = 0.00>


============================================================
+ Verbose Summary: Timing violations
============================================================
Target clock period: 25ns, clock uncertainty: 3.12ns.

 <State 1>: 4.06ns
The critical path consists of the following:
	wire read on port 'data_4_V_read' (firmware/nnet_utils/nnet_dense_latency.h:13) [14]  (0 ns)
	'mul' operation ('mul_ln1118_300', firmware/nnet_utils/nnet_mult.h:73->firmware/nnet_utils/nnet_dense_latency.h:42) [66]  (1.94 ns)
	'add' operation ('add_ln703_325', firmware/nnet_utils/nnet_dense_latency.h:58) [129]  (0.775 ns)
	'add' operation ('add_ln703_326', firmware/nnet_utils/nnet_dense_latency.h:58) [130]  (0.675 ns)
	'add' operation ('res[0].V', firmware/nnet_utils/nnet_dense_latency.h:58) [131]  (0.675 ns)


============================================================
+ Verbose Summary: Binding
============================================================
N/A
* FSMD analyzer results:
  - Output states:
 - Input state : 
  - Chain level:
	State 1


============================================================
+ Verbose Summary: Datapath Resource usage 
============================================================
N/A
