#-----------------------------------------------------------
# Vivado v2020.1 (64-bit)
# SW Build 2902540 on Wed May 27 19:54:35 MDT 2020
# IP Build 2902112 on Wed May 27 22:43:36 MDT 2020
# Start of session at: Thu Feb 29 15:07:38 2024
# Process ID: 15680
# Current directory: /home/pominiq/projectfolder/Folder_2_HLS4ML_Vivado_HLS/models/hls4ml_prj
# Command line: vivado -mode batch -source vivado_synth.tcl
# Log file: /home/pominiq/projectfolder/Folder_2_HLS4ML_Vivado_HLS/models/hls4ml_prj/vivado.log
# Journal file: /home/pominiq/projectfolder/Folder_2_HLS4ML_Vivado_HLS/models/hls4ml_prj/vivado.jou
#-----------------------------------------------------------
source vivado_synth.tcl
# set tcldir [file dirname [info script]]
# source [file join $tcldir project.tcl]
## variable project_name
## set project_name "myproject"
## variable backend
## set backend "vivado"
## variable part
## set part "xc7z020clg400-1"
## variable clock_period
## set clock_period 25
## variable clock_uncertainty
## set clock_uncertainty 12.5%
## variable version
## set version "1.0.0"
# add_files ${project_name}_prj/solution1/syn/vhdl
# synth_design -top ${project_name} -part $part
Command: synth_design -top myproject -part xc7z020clg400-1
Starting synth_design
Attempting to get a license for feature 'Synthesis' and/or device 'xc7z020'
INFO: [Common 17-349] Got license for feature 'Synthesis' and/or device 'xc7z020'
INFO: [Synth 8-7079] Multithreading enabled for synth_design using a maximum of 4 processes.
INFO: [Synth 8-7078] Launching helper process for spawning children vivado processes
INFO: [Synth 8-7075] Helper process launched with PID 15802
---------------------------------------------------------------------------------
Starting Synthesize : Time (s): cpu = 00:00:06 ; elapsed = 00:00:09 . Memory (MB): peak = 2080.695 ; gain = 0.000 ; free physical = 841 ; free virtual = 19354
---------------------------------------------------------------------------------
INFO: [Synth 8-638] synthesizing module 'myproject' [/home/pominiq/projectfolder/Folder_2_HLS4ML_Vivado_HLS/models/hls4ml_prj/myproject_prj/solution1/syn/vhdl/myproject.vhd:31]
INFO: [Synth 8-3491] module 'dense_latency_0_0_0_0_0_0_0_0_0_0_0_0_0_0_0_0_0_0_0_0_0_0_0_0_0_0_0_0_0_0_0_0_0_s' declared at '/home/pominiq/projectfolder/Folder_2_HLS4ML_Vivado_HLS/models/hls4ml_prj/myproject_prj/solution1/syn/vhdl/dense_latency_0_0_0_0_0_0_0_0_0_0_0_0_0_0_0_0_0_0_0_0_0_0_0_0_0_0_0_0_0_0_0_0_0_s.vhd:12' bound to instance 'grp_dense_latency_0_0_0_0_0_0_0_0_0_0_0_0_0_0_0_0_0_0_0_0_0_0_0_0_0_0_0_0_0_0_0_0_0_s_fu_71' of component 'dense_latency_0_0_0_0_0_0_0_0_0_0_0_0_0_0_0_0_0_0_0_0_0_0_0_0_0_0_0_0_0_0_0_0_0_s' [/home/pominiq/projectfolder/Folder_2_HLS4ML_Vivado_HLS/models/hls4ml_prj/myproject_prj/solution1/syn/vhdl/myproject.vhd:741]
INFO: [Synth 8-638] synthesizing module 'dense_latency_0_0_0_0_0_0_0_0_0_0_0_0_0_0_0_0_0_0_0_0_0_0_0_0_0_0_0_0_0_0_0_0_0_s' [/home/pominiq/projectfolder/Folder_2_HLS4ML_Vivado_HLS/models/hls4ml_prj/myproject_prj/solution1/syn/vhdl/dense_latency_0_0_0_0_0_0_0_0_0_0_0_0_0_0_0_0_0_0_0_0_0_0_0_0_0_0_0_0_0_0_0_0_0_s.vhd:85]
INFO: [Synth 8-256] done synthesizing module 'dense_latency_0_0_0_0_0_0_0_0_0_0_0_0_0_0_0_0_0_0_0_0_0_0_0_0_0_0_0_0_0_0_0_0_0_s' (1#1) [/home/pominiq/projectfolder/Folder_2_HLS4ML_Vivado_HLS/models/hls4ml_prj/myproject_prj/solution1/syn/vhdl/dense_latency_0_0_0_0_0_0_0_0_0_0_0_0_0_0_0_0_0_0_0_0_0_0_0_0_0_0_0_0_0_0_0_0_0_s.vhd:85]
INFO: [Synth 8-3491] module 'dense_latency_ap_fixed_ap_fixed_16_6_5_3_0_config4_0_0_0_0' declared at '/home/pominiq/projectfolder/Folder_2_HLS4ML_Vivado_HLS/models/hls4ml_prj/myproject_prj/solution1/syn/vhdl/dense_latency_ap_fixed_ap_fixed_16_6_5_3_0_config4_0_0_0_0.vhd:12' bound to instance 'grp_dense_latency_ap_fixed_ap_fixed_16_6_5_3_0_config4_0_0_0_0_fu_77' of component 'dense_latency_ap_fixed_ap_fixed_16_6_5_3_0_config4_0_0_0_0' [/home/pominiq/projectfolder/Folder_2_HLS4ML_Vivado_HLS/models/hls4ml_prj/myproject_prj/solution1/syn/vhdl/myproject.vhd:812]
INFO: [Synth 8-638] synthesizing module 'dense_latency_ap_fixed_ap_fixed_16_6_5_3_0_config4_0_0_0_0' [/home/pominiq/projectfolder/Folder_2_HLS4ML_Vivado_HLS/models/hls4ml_prj/myproject_prj/solution1/syn/vhdl/dense_latency_ap_fixed_ap_fixed_16_6_5_3_0_config4_0_0_0_0.vhd:87]
INFO: [Synth 8-256] done synthesizing module 'dense_latency_ap_fixed_ap_fixed_16_6_5_3_0_config4_0_0_0_0' (2#1) [/home/pominiq/projectfolder/Folder_2_HLS4ML_Vivado_HLS/models/hls4ml_prj/myproject_prj/solution1/syn/vhdl/dense_latency_ap_fixed_ap_fixed_16_6_5_3_0_config4_0_0_0_0.vhd:87]
INFO: [Synth 8-3491] module 'relu_ap_fixed_16_6_5_3_0_ap_fixed_16_6_5_3_0_relu_config3_s' declared at '/home/pominiq/projectfolder/Folder_2_HLS4ML_Vivado_HLS/models/hls4ml_prj/myproject_prj/solution1/syn/vhdl/relu_ap_fixed_16_6_5_3_0_ap_fixed_16_6_5_3_0_relu_config3_s.vhd:12' bound to instance 'call_ret1_relu_ap_fixed_16_6_5_3_0_ap_fixed_16_6_5_3_0_relu_config3_s_fu_141' of component 'relu_ap_fixed_16_6_5_3_0_ap_fixed_16_6_5_3_0_relu_config3_s' [/home/pominiq/projectfolder/Folder_2_HLS4ML_Vivado_HLS/models/hls4ml_prj/myproject_prj/solution1/syn/vhdl/myproject.vhd:885]
INFO: [Synth 8-638] synthesizing module 'relu_ap_fixed_16_6_5_3_0_ap_fixed_16_6_5_3_0_relu_config3_s' [/home/pominiq/projectfolder/Folder_2_HLS4ML_Vivado_HLS/models/hls4ml_prj/myproject_prj/solution1/syn/vhdl/relu_ap_fixed_16_6_5_3_0_ap_fixed_16_6_5_3_0_relu_config3_s.vhd:138]
INFO: [Synth 8-256] done synthesizing module 'relu_ap_fixed_16_6_5_3_0_ap_fixed_16_6_5_3_0_relu_config3_s' (3#1) [/home/pominiq/projectfolder/Folder_2_HLS4ML_Vivado_HLS/models/hls4ml_prj/myproject_prj/solution1/syn/vhdl/relu_ap_fixed_16_6_5_3_0_ap_fixed_16_6_5_3_0_relu_config3_s.vhd:138]
INFO: [Synth 8-3491] module 'softmax_stable_ap_fixed_ap_fixed_16_6_5_3_0_softmax_config5_s' declared at '/home/pominiq/projectfolder/Folder_2_HLS4ML_Vivado_HLS/models/hls4ml_prj/myproject_prj/solution1/syn/vhdl/softmax_stable_ap_fixed_ap_fixed_16_6_5_3_0_softmax_config5_s.vhd:12' bound to instance 'grp_softmax_stable_ap_fixed_ap_fixed_16_6_5_3_0_softmax_config5_s_fu_205' of component 'softmax_stable_ap_fixed_ap_fixed_16_6_5_3_0_softmax_config5_s' [/home/pominiq/projectfolder/Folder_2_HLS4ML_Vivado_HLS/models/hls4ml_prj/myproject_prj/solution1/syn/vhdl/myproject.vhd:1009]
INFO: [Synth 8-638] synthesizing module 'softmax_stable_ap_fixed_ap_fixed_16_6_5_3_0_softmax_config5_s' [/home/pominiq/projectfolder/Folder_2_HLS4ML_Vivado_HLS/models/hls4ml_prj/myproject_prj/solution1/syn/vhdl/softmax_stable_ap_fixed_ap_fixed_16_6_5_3_0_softmax_config5_s.vhd:30]
	Parameter DataWidth bound to: 17 - type: integer 
	Parameter AddressRange bound to: 1024 - type: integer 
	Parameter AddressWidth bound to: 10 - type: integer 
INFO: [Synth 8-3491] module 'softmax_stable_ap_fixed_ap_fixed_16_6_5_3_0_softmax_config5_s_exp_table1' declared at '/home/pominiq/projectfolder/Folder_2_HLS4ML_Vivado_HLS/models/hls4ml_prj/myproject_prj/solution1/syn/vhdl/softmax_stable_ap_fixed_ap_fixed_16_6_5_3_0_softmax_config5_s_exp_table1.vhd:267' bound to instance 'exp_table1_U' of component 'softmax_stable_ap_fixed_ap_fixed_16_6_5_3_0_softmax_config5_s_exp_table1' [/home/pominiq/projectfolder/Folder_2_HLS4ML_Vivado_HLS/models/hls4ml_prj/myproject_prj/solution1/syn/vhdl/softmax_stable_ap_fixed_ap_fixed_16_6_5_3_0_softmax_config5_s.vhd:216]
INFO: [Synth 8-638] synthesizing module 'softmax_stable_ap_fixed_ap_fixed_16_6_5_3_0_softmax_config5_s_exp_table1' [/home/pominiq/projectfolder/Folder_2_HLS4ML_Vivado_HLS/models/hls4ml_prj/myproject_prj/solution1/syn/vhdl/softmax_stable_ap_fixed_ap_fixed_16_6_5_3_0_softmax_config5_s_exp_table1.vhd:286]
	Parameter DataWidth bound to: 17 - type: integer 
	Parameter AddressRange bound to: 1024 - type: integer 
	Parameter AddressWidth bound to: 10 - type: integer 
INFO: [Synth 8-3491] module 'softmax_stable_ap_fixed_ap_fixed_16_6_5_3_0_softmax_config5_s_exp_table1_rom' declared at '/home/pominiq/projectfolder/Folder_2_HLS4ML_Vivado_HLS/models/hls4ml_prj/myproject_prj/solution1/syn/vhdl/softmax_stable_ap_fixed_ap_fixed_16_6_5_3_0_softmax_config5_s_exp_table1.vhd:9' bound to instance 'softmax_stable_ap_fixed_ap_fixed_16_6_5_3_0_softmax_config5_s_exp_table1_rom_U' of component 'softmax_stable_ap_fixed_ap_fixed_16_6_5_3_0_softmax_config5_s_exp_table1_rom' [/home/pominiq/projectfolder/Folder_2_HLS4ML_Vivado_HLS/models/hls4ml_prj/myproject_prj/solution1/syn/vhdl/softmax_stable_ap_fixed_ap_fixed_16_6_5_3_0_softmax_config5_s_exp_table1.vhd:304]
INFO: [Synth 8-638] synthesizing module 'softmax_stable_ap_fixed_ap_fixed_16_6_5_3_0_softmax_config5_s_exp_table1_rom' [/home/pominiq/projectfolder/Folder_2_HLS4ML_Vivado_HLS/models/hls4ml_prj/myproject_prj/solution1/syn/vhdl/softmax_stable_ap_fixed_ap_fixed_16_6_5_3_0_softmax_config5_s_exp_table1.vhd:30]
	Parameter DWIDTH bound to: 17 - type: integer 
	Parameter AWIDTH bound to: 10 - type: integer 
	Parameter MEM_SIZE bound to: 1024 - type: integer 
INFO: [Synth 8-256] done synthesizing module 'softmax_stable_ap_fixed_ap_fixed_16_6_5_3_0_softmax_config5_s_exp_table1_rom' (4#1) [/home/pominiq/projectfolder/Folder_2_HLS4ML_Vivado_HLS/models/hls4ml_prj/myproject_prj/solution1/syn/vhdl/softmax_stable_ap_fixed_ap_fixed_16_6_5_3_0_softmax_config5_s_exp_table1.vhd:30]
INFO: [Synth 8-256] done synthesizing module 'softmax_stable_ap_fixed_ap_fixed_16_6_5_3_0_softmax_config5_s_exp_table1' (5#1) [/home/pominiq/projectfolder/Folder_2_HLS4ML_Vivado_HLS/models/hls4ml_prj/myproject_prj/solution1/syn/vhdl/softmax_stable_ap_fixed_ap_fixed_16_6_5_3_0_softmax_config5_s_exp_table1.vhd:286]
	Parameter DataWidth bound to: 18 - type: integer 
	Parameter AddressRange bound to: 1024 - type: integer 
	Parameter AddressWidth bound to: 10 - type: integer 
INFO: [Synth 8-3491] module 'softmax_stable_ap_fixed_ap_fixed_16_6_5_3_0_softmax_config5_s_invert_table2' declared at '/home/pominiq/projectfolder/Folder_2_HLS4ML_Vivado_HLS/models/hls4ml_prj/myproject_prj/solution1/syn/vhdl/softmax_stable_ap_fixed_ap_fixed_16_6_5_3_0_softmax_config5_s_invert_table2.vhd:181' bound to instance 'invert_table2_U' of component 'softmax_stable_ap_fixed_ap_fixed_16_6_5_3_0_softmax_config5_s_invert_table2' [/home/pominiq/projectfolder/Folder_2_HLS4ML_Vivado_HLS/models/hls4ml_prj/myproject_prj/solution1/syn/vhdl/softmax_stable_ap_fixed_ap_fixed_16_6_5_3_0_softmax_config5_s.vhd:234]
INFO: [Synth 8-638] synthesizing module 'softmax_stable_ap_fixed_ap_fixed_16_6_5_3_0_softmax_config5_s_invert_table2' [/home/pominiq/projectfolder/Folder_2_HLS4ML_Vivado_HLS/models/hls4ml_prj/myproject_prj/solution1/syn/vhdl/softmax_stable_ap_fixed_ap_fixed_16_6_5_3_0_softmax_config5_s_invert_table2.vhd:194]
	Parameter DataWidth bound to: 18 - type: integer 
	Parameter AddressRange bound to: 1024 - type: integer 
	Parameter AddressWidth bound to: 10 - type: integer 
INFO: [Synth 8-3491] module 'softmax_stable_ap_fixed_ap_fixed_16_6_5_3_0_softmax_config5_s_invert_table2_rom' declared at '/home/pominiq/projectfolder/Folder_2_HLS4ML_Vivado_HLS/models/hls4ml_prj/myproject_prj/solution1/syn/vhdl/softmax_stable_ap_fixed_ap_fixed_16_6_5_3_0_softmax_config5_s_invert_table2.vhd:9' bound to instance 'softmax_stable_ap_fixed_ap_fixed_16_6_5_3_0_softmax_config5_s_invert_table2_rom_U' of component 'softmax_stable_ap_fixed_ap_fixed_16_6_5_3_0_softmax_config5_s_invert_table2_rom' [/home/pominiq/projectfolder/Folder_2_HLS4ML_Vivado_HLS/models/hls4ml_prj/myproject_prj/solution1/syn/vhdl/softmax_stable_ap_fixed_ap_fixed_16_6_5_3_0_softmax_config5_s_invert_table2.vhd:206]
INFO: [Synth 8-638] synthesizing module 'softmax_stable_ap_fixed_ap_fixed_16_6_5_3_0_softmax_config5_s_invert_table2_rom' [/home/pominiq/projectfolder/Folder_2_HLS4ML_Vivado_HLS/models/hls4ml_prj/myproject_prj/solution1/syn/vhdl/softmax_stable_ap_fixed_ap_fixed_16_6_5_3_0_softmax_config5_s_invert_table2.vhd:24]
	Parameter DWIDTH bound to: 18 - type: integer 
	Parameter AWIDTH bound to: 10 - type: integer 
	Parameter MEM_SIZE bound to: 1024 - type: integer 
INFO: [Synth 8-256] done synthesizing module 'softmax_stable_ap_fixed_ap_fixed_16_6_5_3_0_softmax_config5_s_invert_table2_rom' (6#1) [/home/pominiq/projectfolder/Folder_2_HLS4ML_Vivado_HLS/models/hls4ml_prj/myproject_prj/solution1/syn/vhdl/softmax_stable_ap_fixed_ap_fixed_16_6_5_3_0_softmax_config5_s_invert_table2.vhd:24]
INFO: [Synth 8-256] done synthesizing module 'softmax_stable_ap_fixed_ap_fixed_16_6_5_3_0_softmax_config5_s_invert_table2' (7#1) [/home/pominiq/projectfolder/Folder_2_HLS4ML_Vivado_HLS/models/hls4ml_prj/myproject_prj/solution1/syn/vhdl/softmax_stable_ap_fixed_ap_fixed_16_6_5_3_0_softmax_config5_s_invert_table2.vhd:194]
	Parameter ID bound to: 1 - type: integer 
	Parameter NUM_STAGE bound to: 1 - type: integer 
	Parameter din0_WIDTH bound to: 17 - type: integer 
	Parameter din1_WIDTH bound to: 18 - type: integer 
	Parameter dout_WIDTH bound to: 26 - type: integer 
INFO: [Synth 8-3491] module 'myproject_mul_mul_17ns_18s_26_1_1' declared at '/home/pominiq/projectfolder/Folder_2_HLS4ML_Vivado_HLS/models/hls4ml_prj/myproject_prj/solution1/syn/vhdl/myproject_mul_mul_17ns_18s_26_1_1.vhd:31' bound to instance 'myproject_mul_mul_17ns_18s_26_1_1_U122' of component 'myproject_mul_mul_17ns_18s_26_1_1' [/home/pominiq/projectfolder/Folder_2_HLS4ML_Vivado_HLS/models/hls4ml_prj/myproject_prj/solution1/syn/vhdl/softmax_stable_ap_fixed_ap_fixed_16_6_5_3_0_softmax_config5_s.vhd:246]
INFO: [Synth 8-638] synthesizing module 'myproject_mul_mul_17ns_18s_26_1_1' [/home/pominiq/projectfolder/Folder_2_HLS4ML_Vivado_HLS/models/hls4ml_prj/myproject_prj/solution1/syn/vhdl/myproject_mul_mul_17ns_18s_26_1_1.vhd:44]
	Parameter ID bound to: 1 - type: integer 
	Parameter NUM_STAGE bound to: 1 - type: integer 
	Parameter din0_WIDTH bound to: 17 - type: integer 
	Parameter din1_WIDTH bound to: 18 - type: integer 
	Parameter dout_WIDTH bound to: 26 - type: integer 
INFO: [Synth 8-3491] module 'myproject_mul_mul_17ns_18s_26_1_1_DSP48_0' declared at '/home/pominiq/projectfolder/Folder_2_HLS4ML_Vivado_HLS/models/hls4ml_prj/myproject_prj/solution1/syn/vhdl/myproject_mul_mul_17ns_18s_26_1_1.vhd:6' bound to instance 'myproject_mul_mul_17ns_18s_26_1_1_DSP48_0_U' of component 'myproject_mul_mul_17ns_18s_26_1_1_DSP48_0' [/home/pominiq/projectfolder/Folder_2_HLS4ML_Vivado_HLS/models/hls4ml_prj/myproject_prj/solution1/syn/vhdl/myproject_mul_mul_17ns_18s_26_1_1.vhd:55]
INFO: [Synth 8-638] synthesizing module 'myproject_mul_mul_17ns_18s_26_1_1_DSP48_0' [/home/pominiq/projectfolder/Folder_2_HLS4ML_Vivado_HLS/models/hls4ml_prj/myproject_prj/solution1/syn/vhdl/myproject_mul_mul_17ns_18s_26_1_1.vhd:14]
INFO: [Synth 8-256] done synthesizing module 'myproject_mul_mul_17ns_18s_26_1_1_DSP48_0' (8#1) [/home/pominiq/projectfolder/Folder_2_HLS4ML_Vivado_HLS/models/hls4ml_prj/myproject_prj/solution1/syn/vhdl/myproject_mul_mul_17ns_18s_26_1_1.vhd:14]
INFO: [Synth 8-256] done synthesizing module 'myproject_mul_mul_17ns_18s_26_1_1' (9#1) [/home/pominiq/projectfolder/Folder_2_HLS4ML_Vivado_HLS/models/hls4ml_prj/myproject_prj/solution1/syn/vhdl/myproject_mul_mul_17ns_18s_26_1_1.vhd:44]
	Parameter ID bound to: 1 - type: integer 
	Parameter NUM_STAGE bound to: 1 - type: integer 
	Parameter din0_WIDTH bound to: 17 - type: integer 
	Parameter din1_WIDTH bound to: 18 - type: integer 
	Parameter dout_WIDTH bound to: 26 - type: integer 
INFO: [Synth 8-3491] module 'myproject_mul_mul_17ns_18s_26_1_1' declared at '/home/pominiq/projectfolder/Folder_2_HLS4ML_Vivado_HLS/models/hls4ml_prj/myproject_prj/solution1/syn/vhdl/myproject_mul_mul_17ns_18s_26_1_1.vhd:31' bound to instance 'myproject_mul_mul_17ns_18s_26_1_1_U123' of component 'myproject_mul_mul_17ns_18s_26_1_1' [/home/pominiq/projectfolder/Folder_2_HLS4ML_Vivado_HLS/models/hls4ml_prj/myproject_prj/solution1/syn/vhdl/softmax_stable_ap_fixed_ap_fixed_16_6_5_3_0_softmax_config5_s.vhd:258]
	Parameter ID bound to: 1 - type: integer 
	Parameter NUM_STAGE bound to: 1 - type: integer 
	Parameter din0_WIDTH bound to: 17 - type: integer 
	Parameter din1_WIDTH bound to: 18 - type: integer 
	Parameter dout_WIDTH bound to: 26 - type: integer 
INFO: [Synth 8-3491] module 'myproject_mul_mul_17ns_18s_26_1_1' declared at '/home/pominiq/projectfolder/Folder_2_HLS4ML_Vivado_HLS/models/hls4ml_prj/myproject_prj/solution1/syn/vhdl/myproject_mul_mul_17ns_18s_26_1_1.vhd:31' bound to instance 'myproject_mul_mul_17ns_18s_26_1_1_U124' of component 'myproject_mul_mul_17ns_18s_26_1_1' [/home/pominiq/projectfolder/Folder_2_HLS4ML_Vivado_HLS/models/hls4ml_prj/myproject_prj/solution1/syn/vhdl/softmax_stable_ap_fixed_ap_fixed_16_6_5_3_0_softmax_config5_s.vhd:270]
INFO: [Synth 8-256] done synthesizing module 'softmax_stable_ap_fixed_ap_fixed_16_6_5_3_0_softmax_config5_s' (10#1) [/home/pominiq/projectfolder/Folder_2_HLS4ML_Vivado_HLS/models/hls4ml_prj/myproject_prj/solution1/syn/vhdl/softmax_stable_ap_fixed_ap_fixed_16_6_5_3_0_softmax_config5_s.vhd:30]
INFO: [Synth 8-256] done synthesizing module 'myproject' (11#1) [/home/pominiq/projectfolder/Folder_2_HLS4ML_Vivado_HLS/models/hls4ml_prj/myproject_prj/solution1/syn/vhdl/myproject.vhd:31]
---------------------------------------------------------------------------------
Finished Synthesize : Time (s): cpu = 00:00:08 ; elapsed = 00:00:12 . Memory (MB): peak = 2080.695 ; gain = 0.000 ; free physical = 862 ; free virtual = 19390
---------------------------------------------------------------------------------
---------------------------------------------------------------------------------
Finished Constraint Validation : Time (s): cpu = 00:00:09 ; elapsed = 00:00:12 . Memory (MB): peak = 2080.695 ; gain = 0.000 ; free physical = 863 ; free virtual = 19392
---------------------------------------------------------------------------------
---------------------------------------------------------------------------------
Start Loading Part and Timing Information
---------------------------------------------------------------------------------
Loading part: xc7z020clg400-1
---------------------------------------------------------------------------------
Finished Loading Part and Timing Information : Time (s): cpu = 00:00:09 ; elapsed = 00:00:13 . Memory (MB): peak = 2086.723 ; gain = 6.027 ; free physical = 863 ; free virtual = 19392
---------------------------------------------------------------------------------
INFO: [Device 21-403] Loading part xc7z020clg400-1
INFO: [Synth 8-4490] FSM extraction disabled for register 'ap_CS_fsm_reg' through user attribute
INFO: [Synth 8-4490] FSM extraction disabled for register 'ap_CS_fsm_reg' through user attribute
INFO: [Synth 8-4490] FSM extraction disabled for register 'ap_CS_fsm_reg' through user attribute
---------------------------------------------------------------------------------
Finished RTL Optimization Phase 2 : Time (s): cpu = 00:00:12 ; elapsed = 00:00:15 . Memory (MB): peak = 2086.723 ; gain = 6.027 ; free physical = 752 ; free virtual = 19306
---------------------------------------------------------------------------------
No constraint files found.
---------------------------------------------------------------------------------
Start RTL Component Statistics 
---------------------------------------------------------------------------------
Detailed RTL Component Info : 
+---Adders : 
	   3 Input   26 Bit       Adders := 2     
	   3 Input   25 Bit       Adders := 4     
	   2 Input   25 Bit       Adders := 2     
	   2 Input   18 Bit       Adders := 2     
	   3 Input   17 Bit       Adders := 3     
	   2 Input   17 Bit       Adders := 1     
	   2 Input   16 Bit       Adders := 50    
	   3 Input   16 Bit       Adders := 35    
	   4 Input   16 Bit       Adders := 4     
	   5 Input   16 Bit       Adders := 3     
	   7 Input   16 Bit       Adders := 3     
	   6 Input   16 Bit       Adders := 1     
+---XORs : 
	   2 Input      1 Bit         XORs := 9     
+---Registers : 
	               64 Bit    Registers := 1     
	               17 Bit    Registers := 6     
	               16 Bit    Registers := 217   
	               15 Bit    Registers := 9     
	               12 Bit    Registers := 2     
	               10 Bit    Registers := 1     
	                1 Bit    Registers := 9     
+---ROMs : 
	                    ROMs := 4     
+---Muxes : 
	   2 Input   64 Bit        Muxes := 1     
	   2 Input   17 Bit        Muxes := 2     
	   2 Input   16 Bit        Muxes := 22    
	   2 Input   15 Bit        Muxes := 60    
	   2 Input   12 Bit        Muxes := 2     
	  13 Input   12 Bit        Muxes := 1     
	   9 Input   11 Bit        Muxes := 6     
	   7 Input   11 Bit        Muxes := 1     
	   8 Input   11 Bit        Muxes := 1     
	   2 Input   11 Bit        Muxes := 1     
	  11 Input   11 Bit        Muxes := 4     
	  10 Input   11 Bit        Muxes := 2     
	   2 Input   10 Bit        Muxes := 13    
	   2 Input    9 Bit        Muxes := 2     
	   2 Input    8 Bit        Muxes := 2     
	   2 Input    7 Bit        Muxes := 2     
	   2 Input    6 Bit        Muxes := 2     
	   2 Input    5 Bit        Muxes := 2     
	   2 Input    4 Bit        Muxes := 2     
	   2 Input    3 Bit        Muxes := 2     
	   2 Input    2 Bit        Muxes := 3     
	   2 Input    1 Bit        Muxes := 6     
---------------------------------------------------------------------------------
Finished RTL Component Statistics 
---------------------------------------------------------------------------------
---------------------------------------------------------------------------------
Start Part Resource Summary
---------------------------------------------------------------------------------
Part Resources:
DSPs: 220 (col length:60)
BRAMs: 280 (col length: RAMB18 60 RAMB36 30)
---------------------------------------------------------------------------------
Finished Part Resource Summary
---------------------------------------------------------------------------------
No constraint files found.
---------------------------------------------------------------------------------
Start Cross Boundary and Area Optimization
---------------------------------------------------------------------------------
DSP Report: Generating DSP grp_fu_313_p2, operation Mode is: A*B.
DSP Report: operator grp_fu_313_p2 is absorbed into DSP grp_fu_313_p2.
DSP Report: Generating DSP grp_fu_311_p2, operation Mode is: A*B.
DSP Report: operator grp_fu_311_p2 is absorbed into DSP grp_fu_311_p2.
DSP Report: Generating DSP grp_fu_316_p2, operation Mode is: A*B.
DSP Report: operator grp_fu_316_p2 is absorbed into DSP grp_fu_316_p2.
DSP Report: Generating DSP grp_fu_314_p2, operation Mode is: A*B.
DSP Report: operator grp_fu_314_p2 is absorbed into DSP grp_fu_314_p2.
DSP Report: Generating DSP grp_fu_317_p2, operation Mode is: A*B.
DSP Report: operator grp_fu_317_p2 is absorbed into DSP grp_fu_317_p2.
DSP Report: Generating DSP grp_fu_312_p2, operation Mode is: A*B.
DSP Report: operator grp_fu_312_p2 is absorbed into DSP grp_fu_312_p2.
DSP Report: Generating DSP grp_fu_310_p2, operation Mode is: A*B.
DSP Report: operator grp_fu_310_p2 is absorbed into DSP grp_fu_310_p2.
DSP Report: Generating DSP grp_fu_315_p2, operation Mode is: A*B.
DSP Report: operator grp_fu_315_p2 is absorbed into DSP grp_fu_315_p2.
DSP Report: Generating DSP grp_fu_689_p2, operation Mode is: A*B.
DSP Report: operator grp_fu_689_p2 is absorbed into DSP grp_fu_689_p2.
DSP Report: Generating DSP grp_fu_692_p2, operation Mode is: A*B.
DSP Report: operator grp_fu_692_p2 is absorbed into DSP grp_fu_692_p2.
DSP Report: Generating DSP grp_fu_688_p2, operation Mode is: A*B.
DSP Report: operator grp_fu_688_p2 is absorbed into DSP grp_fu_688_p2.
DSP Report: Generating DSP grp_fu_691_p2, operation Mode is: A*B.
DSP Report: operator grp_fu_691_p2 is absorbed into DSP grp_fu_691_p2.
DSP Report: Generating DSP grp_fu_690_p2, operation Mode is: A*B.
DSP Report: operator grp_fu_690_p2 is absorbed into DSP grp_fu_690_p2.
DSP Report: Generating DSP grp_fu_693_p2, operation Mode is: A*B.
DSP Report: operator grp_fu_693_p2 is absorbed into DSP grp_fu_693_p2.
DSP Report: Generating DSP grp_softmax_stable_ap_fixed_ap_fixed_16_6_5_3_0_softmax_config5_s_fu_205/myproject_mul_mul_17ns_18s_26_1_1_U122/myproject_mul_mul_17ns_18s_26_1_1_DSP48_0_U/p_cvt, operation Mode is: A2*B.
DSP Report: register grp_softmax_stable_ap_fixed_ap_fixed_16_6_5_3_0_softmax_config5_s_fu_205/myproject_mul_mul_17ns_18s_26_1_1_U122/myproject_mul_mul_17ns_18s_26_1_1_DSP48_0_U/p_cvt is absorbed into DSP grp_softmax_stable_ap_fixed_ap_fixed_16_6_5_3_0_softmax_config5_s_fu_205/myproject_mul_mul_17ns_18s_26_1_1_U122/myproject_mul_mul_17ns_18s_26_1_1_DSP48_0_U/p_cvt.
DSP Report: operator grp_softmax_stable_ap_fixed_ap_fixed_16_6_5_3_0_softmax_config5_s_fu_205/myproject_mul_mul_17ns_18s_26_1_1_U122/myproject_mul_mul_17ns_18s_26_1_1_DSP48_0_U/p_cvt is absorbed into DSP grp_softmax_stable_ap_fixed_ap_fixed_16_6_5_3_0_softmax_config5_s_fu_205/myproject_mul_mul_17ns_18s_26_1_1_U122/myproject_mul_mul_17ns_18s_26_1_1_DSP48_0_U/p_cvt.
DSP Report: Generating DSP grp_softmax_stable_ap_fixed_ap_fixed_16_6_5_3_0_softmax_config5_s_fu_205/myproject_mul_mul_17ns_18s_26_1_1_U123/myproject_mul_mul_17ns_18s_26_1_1_DSP48_0_U/p_cvt, operation Mode is: A2*B.
DSP Report: register grp_softmax_stable_ap_fixed_ap_fixed_16_6_5_3_0_softmax_config5_s_fu_205/myproject_mul_mul_17ns_18s_26_1_1_U123/myproject_mul_mul_17ns_18s_26_1_1_DSP48_0_U/p_cvt is absorbed into DSP grp_softmax_stable_ap_fixed_ap_fixed_16_6_5_3_0_softmax_config5_s_fu_205/myproject_mul_mul_17ns_18s_26_1_1_U123/myproject_mul_mul_17ns_18s_26_1_1_DSP48_0_U/p_cvt.
DSP Report: operator grp_softmax_stable_ap_fixed_ap_fixed_16_6_5_3_0_softmax_config5_s_fu_205/myproject_mul_mul_17ns_18s_26_1_1_U123/myproject_mul_mul_17ns_18s_26_1_1_DSP48_0_U/p_cvt is absorbed into DSP grp_softmax_stable_ap_fixed_ap_fixed_16_6_5_3_0_softmax_config5_s_fu_205/myproject_mul_mul_17ns_18s_26_1_1_U123/myproject_mul_mul_17ns_18s_26_1_1_DSP48_0_U/p_cvt.
DSP Report: Generating DSP grp_softmax_stable_ap_fixed_ap_fixed_16_6_5_3_0_softmax_config5_s_fu_205/myproject_mul_mul_17ns_18s_26_1_1_U124/myproject_mul_mul_17ns_18s_26_1_1_DSP48_0_U/p_cvt, operation Mode is: A2*B.
DSP Report: register grp_softmax_stable_ap_fixed_ap_fixed_16_6_5_3_0_softmax_config5_s_fu_205/myproject_mul_mul_17ns_18s_26_1_1_U124/myproject_mul_mul_17ns_18s_26_1_1_DSP48_0_U/p_cvt is absorbed into DSP grp_softmax_stable_ap_fixed_ap_fixed_16_6_5_3_0_softmax_config5_s_fu_205/myproject_mul_mul_17ns_18s_26_1_1_U124/myproject_mul_mul_17ns_18s_26_1_1_DSP48_0_U/p_cvt.
DSP Report: operator grp_softmax_stable_ap_fixed_ap_fixed_16_6_5_3_0_softmax_config5_s_fu_205/myproject_mul_mul_17ns_18s_26_1_1_U124/myproject_mul_mul_17ns_18s_26_1_1_DSP48_0_U/p_cvt is absorbed into DSP grp_softmax_stable_ap_fixed_ap_fixed_16_6_5_3_0_softmax_config5_s_fu_205/myproject_mul_mul_17ns_18s_26_1_1_U124/myproject_mul_mul_17ns_18s_26_1_1_DSP48_0_U/p_cvt.
---------------------------------------------------------------------------------
Finished Cross Boundary and Area Optimization : Time (s): cpu = 00:00:32 ; elapsed = 00:00:39 . Memory (MB): peak = 2086.723 ; gain = 6.027 ; free physical = 552 ; free virtual = 19105
---------------------------------------------------------------------------------
---------------------------------------------------------------------------------
Start ROM, RAM, DSP and Shift Register Reporting
---------------------------------------------------------------------------------

ROM: Preliminary Mapping	Report
+------------+-----------------------------------------------------------------------------------------------------------------------------------------------------------------------------------+---------------+----------------+
|Module Name | RTL Object                                                                                                                                                                        | Depth x Width | Implemented As | 
+------------+-----------------------------------------------------------------------------------------------------------------------------------------------------------------------------------+---------------+----------------+
|myproject   | grp_softmax_stable_ap_fixed_ap_fixed_16_6_5_3_0_softmax_config5_s_fu_205/invert_table2_U/softmax_stable_ap_fixed_ap_fixed_16_6_5_3_0_softmax_config5_s_invert_table2_rom_U/q0_reg | 1024x15       | Block RAM      | 
+------------+-----------------------------------------------------------------------------------------------------------------------------------------------------------------------------------+---------------+----------------+


DSP: Preliminary Mapping	Report (see note below)
+----------------------------------------------------------------------------------+-------------+--------+--------+--------+--------+--------+------+------+------+------+-------+------+------+
|Module Name                                                                       | DSP Mapping | A Size | B Size | C Size | D Size | P Size | AREG | BREG | CREG | DREG | ADREG | MREG | PREG | 
+----------------------------------------------------------------------------------+-------------+--------+--------+--------+--------+--------+------+------+------+------+-------+------+------+
|dense_latency_0_0_0_0_0_0_0_0_0_0_0_0_0_0_0_0_0_0_0_0_0_0_0_0_0_0_0_0_0_0_0_0_0_s | A*B         | 16     | 11     | -      | -      | 27     | 0    | 0    | -    | -    | -     | 0    | 0    | 
|dense_latency_0_0_0_0_0_0_0_0_0_0_0_0_0_0_0_0_0_0_0_0_0_0_0_0_0_0_0_0_0_0_0_0_0_s | A*B         | 16     | 11     | -      | -      | 27     | 0    | 0    | -    | -    | -     | 0    | 0    | 
|dense_latency_0_0_0_0_0_0_0_0_0_0_0_0_0_0_0_0_0_0_0_0_0_0_0_0_0_0_0_0_0_0_0_0_0_s | A*B         | 16     | 11     | -      | -      | 27     | 0    | 0    | -    | -    | -     | 0    | 0    | 
|dense_latency_0_0_0_0_0_0_0_0_0_0_0_0_0_0_0_0_0_0_0_0_0_0_0_0_0_0_0_0_0_0_0_0_0_s | A*B         | 16     | 11     | -      | -      | 27     | 0    | 0    | -    | -    | -     | 0    | 0    | 
|dense_latency_0_0_0_0_0_0_0_0_0_0_0_0_0_0_0_0_0_0_0_0_0_0_0_0_0_0_0_0_0_0_0_0_0_s | A*B         | 16     | 11     | -      | -      | 27     | 0    | 0    | -    | -    | -     | 0    | 0    | 
|dense_latency_0_0_0_0_0_0_0_0_0_0_0_0_0_0_0_0_0_0_0_0_0_0_0_0_0_0_0_0_0_0_0_0_0_s | A*B         | 16     | 11     | -      | -      | 27     | 0    | 0    | -    | -    | -     | 0    | 0    | 
|dense_latency_0_0_0_0_0_0_0_0_0_0_0_0_0_0_0_0_0_0_0_0_0_0_0_0_0_0_0_0_0_0_0_0_0_s | A*B         | 16     | 11     | -      | -      | 27     | 0    | 0    | -    | -    | -     | 0    | 0    | 
|dense_latency_0_0_0_0_0_0_0_0_0_0_0_0_0_0_0_0_0_0_0_0_0_0_0_0_0_0_0_0_0_0_0_0_0_s | A*B         | 16     | 11     | -      | -      | 27     | 0    | 0    | -    | -    | -     | 0    | 0    | 
|dense_latency_ap_fixed_ap_fixed_16_6_5_3_0_config4_0_0_0_0                        | A*B         | 16     | 11     | -      | -      | 27     | 0    | 0    | -    | -    | -     | 0    | 0    | 
|dense_latency_ap_fixed_ap_fixed_16_6_5_3_0_config4_0_0_0_0                        | A*B         | 16     | 11     | -      | -      | 27     | 0    | 0    | -    | -    | -     | 0    | 0    | 
|dense_latency_ap_fixed_ap_fixed_16_6_5_3_0_config4_0_0_0_0                        | A*B         | 16     | 11     | -      | -      | 27     | 0    | 0    | -    | -    | -     | 0    | 0    | 
|dense_latency_ap_fixed_ap_fixed_16_6_5_3_0_config4_0_0_0_0                        | A*B         | 16     | 11     | -      | -      | 27     | 0    | 0    | -    | -    | -     | 0    | 0    | 
|dense_latency_ap_fixed_ap_fixed_16_6_5_3_0_config4_0_0_0_0                        | A*B         | 16     | 11     | -      | -      | 27     | 0    | 0    | -    | -    | -     | 0    | 0    | 
|dense_latency_ap_fixed_ap_fixed_16_6_5_3_0_config4_0_0_0_0                        | A*B         | 16     | 11     | -      | -      | 27     | 0    | 0    | -    | -    | -     | 0    | 0    | 
|myproject                                                                         | A2*B        | 18     | 18     | -      | -      | 36     | 1    | 0    | -    | -    | -     | 0    | 0    | 
|myproject                                                                         | A2*B        | 18     | 18     | -      | -      | 36     | 1    | 0    | -    | -    | -     | 0    | 0    | 
|myproject                                                                         | A2*B        | 18     | 18     | -      | -      | 36     | 1    | 0    | -    | -    | -     | 0    | 0    | 
+----------------------------------------------------------------------------------+-------------+--------+--------+--------+--------+--------+------+------+------+------+-------+------+------+

Note: The table above is a preliminary report that shows the DSPs inferred at the current stage of the synthesis flow. Some DSP may be reimplemented as non DSP primitives later in the synthesis flow. Multiple instantiated DSPs are reported only once.
---------------------------------------------------------------------------------
Finished ROM, RAM, DSP and Shift Register Reporting
---------------------------------------------------------------------------------
No constraint files found.
---------------------------------------------------------------------------------
Start Timing Optimization
---------------------------------------------------------------------------------
---------------------------------------------------------------------------------
Finished Timing Optimization : Time (s): cpu = 00:00:33 ; elapsed = 00:00:40 . Memory (MB): peak = 2086.723 ; gain = 6.027 ; free physical = 530 ; free virtual = 19092
---------------------------------------------------------------------------------
---------------------------------------------------------------------------------
Start Technology Mapping
---------------------------------------------------------------------------------
INFO: [Synth 8-7052] The timing for the instance grp_softmax_stable_ap_fixed_ap_fixed_16_6_5_3_0_softmax_config5_s_fu_205/exp_table1_U/softmax_stable_ap_fixed_ap_fixed_16_6_5_3_0_softmax_config5_s_exp_table1_rom_U/q0_reg (implemented as a Block RAM) might be sub-optimal as no optional output register could be merged into the ram block. Providing additional output register may help in improving timing.
INFO: [Synth 8-7052] The timing for the instance grp_softmax_stable_ap_fixed_ap_fixed_16_6_5_3_0_softmax_config5_s_fu_205/exp_table1_U/softmax_stable_ap_fixed_ap_fixed_16_6_5_3_0_softmax_config5_s_exp_table1_rom_U/q0_reg (implemented as a Block RAM) might be sub-optimal as no optional output register could be merged into the ram block. Providing additional output register may help in improving timing.
INFO: [Synth 8-7052] The timing for the instance grp_softmax_stable_ap_fixed_ap_fixed_16_6_5_3_0_softmax_config5_s_fu_205/exp_table1_U/softmax_stable_ap_fixed_ap_fixed_16_6_5_3_0_softmax_config5_s_exp_table1_rom_U/q2_reg (implemented as a Block RAM) might be sub-optimal as no optional output register could be merged into the ram block. Providing additional output register may help in improving timing.
INFO: [Synth 8-7052] The timing for the instance grp_softmax_stable_ap_fixed_ap_fixed_16_6_5_3_0_softmax_config5_s_fu_205/invert_table2_U/softmax_stable_ap_fixed_ap_fixed_16_6_5_3_0_softmax_config5_s_invert_table2_rom_U/q0_reg (implemented as a Block RAM) might be sub-optimal as no optional output register could be merged into the ram block. Providing additional output register may help in improving timing.
---------------------------------------------------------------------------------
Finished Technology Mapping : Time (s): cpu = 00:00:35 ; elapsed = 00:00:42 . Memory (MB): peak = 2086.723 ; gain = 6.027 ; free physical = 530 ; free virtual = 19093
---------------------------------------------------------------------------------
---------------------------------------------------------------------------------
Start IO Insertion
---------------------------------------------------------------------------------
---------------------------------------------------------------------------------
Start Flattening Before IO Insertion
---------------------------------------------------------------------------------
---------------------------------------------------------------------------------
Finished Flattening Before IO Insertion
---------------------------------------------------------------------------------
---------------------------------------------------------------------------------
Start Final Netlist Cleanup
---------------------------------------------------------------------------------
---------------------------------------------------------------------------------
Finished Final Netlist Cleanup
---------------------------------------------------------------------------------
---------------------------------------------------------------------------------
Finished IO Insertion : Time (s): cpu = 00:00:39 ; elapsed = 00:00:46 . Memory (MB): peak = 2086.723 ; gain = 6.027 ; free physical = 558 ; free virtual = 19121
---------------------------------------------------------------------------------
---------------------------------------------------------------------------------
Start Renaming Generated Instances
---------------------------------------------------------------------------------
---------------------------------------------------------------------------------
Finished Renaming Generated Instances : Time (s): cpu = 00:00:39 ; elapsed = 00:00:46 . Memory (MB): peak = 2086.723 ; gain = 6.027 ; free physical = 558 ; free virtual = 19120
---------------------------------------------------------------------------------
---------------------------------------------------------------------------------
Start Rebuilding User Hierarchy
---------------------------------------------------------------------------------
---------------------------------------------------------------------------------
Finished Rebuilding User Hierarchy : Time (s): cpu = 00:00:39 ; elapsed = 00:00:46 . Memory (MB): peak = 2086.723 ; gain = 6.027 ; free physical = 537 ; free virtual = 19103
---------------------------------------------------------------------------------
---------------------------------------------------------------------------------
Start Renaming Generated Ports
---------------------------------------------------------------------------------
---------------------------------------------------------------------------------
Finished Renaming Generated Ports : Time (s): cpu = 00:00:39 ; elapsed = 00:00:46 . Memory (MB): peak = 2086.723 ; gain = 6.027 ; free physical = 534 ; free virtual = 19101
---------------------------------------------------------------------------------
---------------------------------------------------------------------------------
Start Handling Custom Attributes
---------------------------------------------------------------------------------
---------------------------------------------------------------------------------
Finished Handling Custom Attributes : Time (s): cpu = 00:00:39 ; elapsed = 00:00:47 . Memory (MB): peak = 2086.723 ; gain = 6.027 ; free physical = 534 ; free virtual = 19101
---------------------------------------------------------------------------------
---------------------------------------------------------------------------------
Start Renaming Generated Nets
---------------------------------------------------------------------------------
---------------------------------------------------------------------------------
Finished Renaming Generated Nets : Time (s): cpu = 00:00:39 ; elapsed = 00:00:47 . Memory (MB): peak = 2086.723 ; gain = 6.027 ; free physical = 535 ; free virtual = 19102
---------------------------------------------------------------------------------
---------------------------------------------------------------------------------
Start Writing Synthesis Report
---------------------------------------------------------------------------------

Report BlackBoxes: 
+-+--------------+----------+
| |BlackBox name |Instances |
+-+--------------+----------+
+-+--------------+----------+

Report Cell Usage: 
+------+---------+------+
|      |Cell     |Count |
+------+---------+------+
|1     |BUFG     |     1|
|2     |CARRY4   |   599|
|3     |DSP48E1  |    17|
|4     |LUT1     |   254|
|5     |LUT2     |  1848|
|6     |LUT3     |   475|
|7     |LUT4     |   738|
|8     |LUT5     |   305|
|9     |LUT6     |   989|
|10    |RAMB18E1 |     3|
|11    |FDRE     |  3639|
|12    |FDSE     |     3|
|13    |IBUF     |    68|
|14    |OBUF     |    54|
+------+---------+------+

Report Instance Areas: 
+------+----------------------------------------------------------------------------------------------+----------------------------------------------------------------------------------+------+
|      |Instance                                                                                      |Module                                                                            |Cells |
+------+----------------------------------------------------------------------------------------------+----------------------------------------------------------------------------------+------+
|1     |top                                                                                           |                                                                                  |  8993|
|2     |  grp_dense_latency_0_0_0_0_0_0_0_0_0_0_0_0_0_0_0_0_0_0_0_0_0_0_0_0_0_0_0_0_0_0_0_0_0_s_fu_71 |dense_latency_0_0_0_0_0_0_0_0_0_0_0_0_0_0_0_0_0_0_0_0_0_0_0_0_0_0_0_0_0_0_0_0_0_s |  2922|
|3     |  grp_dense_latency_ap_fixed_ap_fixed_16_6_5_3_0_config4_0_0_0_0_fu_77                        |dense_latency_ap_fixed_ap_fixed_16_6_5_3_0_config4_0_0_0_0                        |  4603|
|4     |  grp_softmax_stable_ap_fixed_ap_fixed_16_6_5_3_0_softmax_config5_s_fu_205                    |softmax_stable_ap_fixed_ap_fixed_16_6_5_3_0_softmax_config5_s                     |   242|
|5     |    exp_table1_U                                                                              |softmax_stable_ap_fixed_ap_fixed_16_6_5_3_0_softmax_config5_s_exp_table1          |    60|
|6     |      softmax_stable_ap_fixed_ap_fixed_16_6_5_3_0_softmax_config5_s_exp_table1_rom_U          |softmax_stable_ap_fixed_ap_fixed_16_6_5_3_0_softmax_config5_s_exp_table1_rom      |    60|
|7     |    invert_table2_U                                                                           |softmax_stable_ap_fixed_ap_fixed_16_6_5_3_0_softmax_config5_s_invert_table2       |     3|
|8     |      softmax_stable_ap_fixed_ap_fixed_16_6_5_3_0_softmax_config5_s_invert_table2_rom_U       |softmax_stable_ap_fixed_ap_fixed_16_6_5_3_0_softmax_config5_s_invert_table2_rom   |     3|
|9     |    myproject_mul_mul_17ns_18s_26_1_1_U122                                                    |myproject_mul_mul_17ns_18s_26_1_1                                                 |     1|
|10    |      myproject_mul_mul_17ns_18s_26_1_1_DSP48_0_U                                             |myproject_mul_mul_17ns_18s_26_1_1_DSP48_0_3                                       |     1|
|11    |    myproject_mul_mul_17ns_18s_26_1_1_U123                                                    |myproject_mul_mul_17ns_18s_26_1_1_0                                               |     1|
|12    |      myproject_mul_mul_17ns_18s_26_1_1_DSP48_0_U                                             |myproject_mul_mul_17ns_18s_26_1_1_DSP48_0_2                                       |     1|
|13    |    myproject_mul_mul_17ns_18s_26_1_1_U124                                                    |myproject_mul_mul_17ns_18s_26_1_1_1                                               |     1|
|14    |      myproject_mul_mul_17ns_18s_26_1_1_DSP48_0_U                                             |myproject_mul_mul_17ns_18s_26_1_1_DSP48_0                                         |     1|
+------+----------------------------------------------------------------------------------------------+----------------------------------------------------------------------------------+------+
---------------------------------------------------------------------------------
Finished Writing Synthesis Report : Time (s): cpu = 00:00:39 ; elapsed = 00:00:47 . Memory (MB): peak = 2086.723 ; gain = 6.027 ; free physical = 539 ; free virtual = 19105
---------------------------------------------------------------------------------
Synthesis finished with 0 errors, 0 critical warnings and 0 warnings.
Synthesis Optimization Runtime : Time (s): cpu = 00:00:39 ; elapsed = 00:00:47 . Memory (MB): peak = 2086.723 ; gain = 6.027 ; free physical = 564 ; free virtual = 19131
Synthesis Optimization Complete : Time (s): cpu = 00:00:39 ; elapsed = 00:00:47 . Memory (MB): peak = 2086.730 ; gain = 6.027 ; free physical = 561 ; free virtual = 19127
INFO: [Project 1-571] Translating synthesized netlist
Netlist sorting complete. Time (s): cpu = 00:00:00.07 ; elapsed = 00:00:00.08 . Memory (MB): peak = 2086.730 ; gain = 0.000 ; free physical = 637 ; free virtual = 19200
INFO: [Netlist 29-17] Analyzing 619 Unisim elements for replacement
INFO: [Netlist 29-28] Unisim Transformation completed in 0 CPU seconds
INFO: [Project 1-570] Preparing netlist for logic optimization
INFO: [Opt 31-138] Pushed 0 inverter(s) to 0 load pin(s).
Netlist sorting complete. Time (s): cpu = 00:00:00 ; elapsed = 00:00:00.01 . Memory (MB): peak = 2113.703 ; gain = 0.000 ; free physical = 561 ; free virtual = 19132
INFO: [Project 1-111] Unisim Transformation Summary:
No Unisim elements were transformed.

INFO: [Common 17-83] Releasing license: Synthesis
53 Infos, 0 Warnings, 0 Critical Warnings and 0 Errors encountered.
synth_design completed successfully
synth_design: Time (s): cpu = 00:00:52 ; elapsed = 00:00:52 . Memory (MB): peak = 2113.703 ; gain = 33.008 ; free physical = 703 ; free virtual = 19274
# report_utilization -file vivado_synth.rpt
INFO: [Common 17-206] Exiting Vivado at Thu Feb 29 15:08:41 2024...
