

================================================================
== Vivado HLS Report for 'dense_latency_ap_fixed_ap_fixed_16_6_5_3_0_config2_mult_0_0_0_0_0'
================================================================
* Date:           Sat Feb 24 14:10:42 2024

* Version:        2020.1 (Build 2897737 on Wed May 27 20:21:37 MDT 2020)
* Project:        myproject_prj
* Solution:       solution1
* Product family: virtexuplus
* Target device:  xcu50-fsvh2104-2-e


================================================================
== Performance Estimates
================================================================
+ Timing: 
    * Summary: 
    +--------+----------+----------+------------+
    |  Clock |  Target  | Estimated| Uncertainty|
    +--------+----------+----------+------------+
    |ap_clk  | 25.00 ns | 4.075 ns |   3.12 ns  |
    +--------+----------+----------+------------+

+ Latency: 
    * Summary: 
    +---------+---------+----------+----------+-----+-----+----------+
    |  Latency (cycles) |  Latency (absolute) |  Interval | Pipeline |
    |   min   |   max   |    min   |    max   | min | max |   Type   |
    +---------+---------+----------+----------+-----+-----+----------+
    |       10|       10| 0.250 us | 0.250 us |   11|   11| function |
    +---------+---------+----------+----------+-----+-----+----------+

    + Detail: 
        * Instance: 
        N/A

        * Loop: 
        N/A



================================================================
== Utilization Estimates
================================================================
* Summary: 
+---------------------+---------+-------+---------+--------+-----+
|         Name        | BRAM_18K| DSP48E|    FF   |   LUT  | URAM|
+---------------------+---------+-------+---------+--------+-----+
|DSP                  |        -|      -|        -|       -|    -|
|Expression           |        -|      3|        0|     787|    -|
|FIFO                 |        -|      -|        -|       -|    -|
|Instance             |        -|      -|        -|       -|    -|
|Memory               |        -|      -|        -|       -|    -|
|Multiplexer          |        -|      -|        -|     359|    -|
|Register             |        -|      -|      760|       -|    -|
+---------------------+---------+-------+---------+--------+-----+
|Total                |        0|      3|      760|    1146|    0|
+---------------------+---------+-------+---------+--------+-----+
|Available SLR        |     1344|   2976|   871680|  435840|  320|
+---------------------+---------+-------+---------+--------+-----+
|Utilization SLR (%)  |        0|   ~0  |    ~0   |   ~0   |    0|
+---------------------+---------+-------+---------+--------+-----+
|Available            |     2688|   5952|  1743360|  871680|  640|
+---------------------+---------+-------+---------+--------+-----+
|Utilization (%)      |        0|   ~0  |    ~0   |   ~0   |    0|
+---------------------+---------+-------+---------+--------+-----+

+ Detail: 
    * Instance: 
    N/A

    * DSP48E: 
    N/A

    * Memory: 
    N/A

    * FIFO: 
    N/A

    * Expression: 
    +--------------------------+----------+-------+---+----+------------+------------+
    |       Variable Name      | Operation| DSP48E| FF| LUT| Bitwidth P0| Bitwidth P1|
    +--------------------------+----------+-------+---+----+------------+------------+
    |grp_fu_226_p2             |     *    |      1|  0|   5|          16|          13|
    |grp_fu_227_p2             |     *    |      1|  0|   5|          16|          13|
    |grp_fu_228_p2             |     *    |      1|  0|   5|          16|          13|
    |acc_1_V_fu_1034_p2        |     +    |      0|  0|  16|          16|          16|
    |acc_2_V_fu_1059_p2        |     +    |      0|  0|  16|          16|          16|
    |acc_3_V_fu_1087_p2        |     +    |      0|  0|  16|          16|          16|
    |add_ln1118_fu_707_p2      |     +    |      0|  0|  33|          26|          26|
    |add_ln703_319_fu_914_p2   |     +    |      0|  0|  16|          16|          16|
    |add_ln703_320_fu_920_p2   |     +    |      0|  0|  16|          16|          16|
    |add_ln703_321_fu_983_p2   |     +    |      0|  0|  16|          16|          16|
    |add_ln703_323_fu_723_p2   |     +    |      0|  0|  20|          13|           2|
    |add_ln703_324_fu_733_p2   |     +    |      0|  0|  21|          14|          14|
    |add_ln703_325_fu_990_p2   |     +    |      0|  0|  16|          16|          16|
    |add_ln703_326_fu_996_p2   |     +    |      0|  0|  16|          16|          16|
    |add_ln703_327_fu_592_p2   |     +    |      0|  0|  23|          16|          16|
    |add_ln703_329_fu_780_p2   |     +    |      0|  0|  16|          16|          16|
    |add_ln703_330_fu_1002_p2  |     +    |      0|  0|  16|          16|          16|
    |add_ln703_331_fu_1006_p2  |     +    |      0|  0|  16|          16|          16|
    |add_ln703_332_fu_1012_p2  |     +    |      0|  0|  18|          11|           5|
    |add_ln703_333_fu_1022_p2  |     +    |      0|  0|  23|          16|          16|
    |add_ln703_334_fu_1028_p2  |     +    |      0|  0|  16|          16|          16|
    |add_ln703_336_fu_655_p2   |     +    |      0|  0|  23|          16|          16|
    |add_ln703_337_fu_947_p2   |     +    |      0|  0|  16|          16|          16|
    |add_ln703_338_fu_953_p2   |     +    |      0|  0|  16|          16|          16|
    |add_ln703_339_fu_1040_p2  |     +    |      0|  0|  16|          16|          16|
    |add_ln703_340_fu_1044_p2  |     +    |      0|  0|  16|          16|          16|
    |add_ln703_341_fu_785_p2   |     +    |      0|  0|  16|          15|          11|
    |add_ln703_342_fu_791_p2   |     +    |      0|  0|  16|          15|          15|
    |add_ln703_343_fu_1053_p2  |     +    |      0|  0|  16|          16|          16|
    |add_ln703_345_fu_604_p2   |     +    |      0|  0|  23|          16|          16|
    |add_ln703_346_fu_739_p2   |     +    |      0|  0|  16|          16|          16|
    |add_ln703_347_fu_745_p2   |     +    |      0|  0|  16|          16|          16|
    |add_ln703_348_fu_1068_p2  |     +    |      0|  0|  16|          16|          16|
    |add_ln703_349_fu_1072_p2  |     +    |      0|  0|  16|          16|          16|
    |add_ln703_350_fu_926_p2   |     +    |      0|  0|  19|          12|           7|
    |add_ln703_351_fu_936_p2   |     +    |      0|  0|  21|          14|          14|
    |add_ln703_352_fu_1081_p2  |     +    |      0|  0|  16|          16|          16|
    |add_ln703_fu_586_p2       |     +    |      0|  0|  23|          16|          16|
    |grp_fu_529_p2             |     +    |      0|  0|  16|          16|          16|
    |sub_ln1118_34_fu_570_p2   |     -    |      0|  0|  16|          23|          23|
    |sub_ln1118_35_fu_639_p2   |     -    |      0|  0|  29|          22|          22|
    |sub_ln1118_36_fu_812_p2   |     -    |      0|  0|  16|           1|          20|
    |sub_ln1118_37_fu_829_p2   |     -    |      0|  0|  16|          20|          20|
    |sub_ln1118_38_fu_876_p2   |     -    |      0|  0|  16|           1|          21|
    |sub_ln1118_39_fu_894_p2   |     -    |      0|  0|  16|          21|          21|
    |sub_ln1118_fu_564_p2      |     -    |      0|  0|  16|           1|          23|
    +--------------------------+----------+-------+---+----+------------+------------+
    |Total                     |          |      3|  0| 787|         705|         731|
    +--------------------------+----------+-------+---+----+------------+------------+

    * Multiplexer: 
    +---------------+----+-----------+-----+-----------+
    |      Name     | LUT| Input Size| Bits| Total Bits|
    +---------------+----+-----------+-----+-----------+
    |ap_NS_fsm      |  53|         12|    1|         12|
    |grp_fu_226_p0  |  53|         12|   16|        192|
    |grp_fu_226_p1  |  53|         12|   13|        156|
    |grp_fu_227_p0  |  50|         11|   16|        176|
    |grp_fu_227_p1  |  50|         11|   13|        143|
    |grp_fu_228_p0  |  50|         11|   16|        176|
    |grp_fu_228_p1  |  50|         11|   13|        143|
    +---------------+----+-----------+-----+-----------+
    |Total          | 359|         80|   88|        998|
    +---------------+----+-----------+-----+-----------+

    * Register: 
    +-------------------------------+----+----+-----+-----------+
    |              Name             | FF | LUT| Bits| Const Bits|
    +-------------------------------+----+----+-----+-----------+
    |acc_1_V_reg_1266               |  16|   0|   16|          0|
    |acc_2_V_reg_1271               |  16|   0|   16|          0|
    |add_ln703_320_reg_1225         |  16|   0|   16|          0|
    |add_ln703_324_reg_1182         |  14|   0|   14|          0|
    |add_ln703_326_reg_1261         |  16|   0|   16|          0|
    |add_ln703_327_reg_1134         |  16|   0|   16|          0|
    |add_ln703_329_reg_1204         |  16|   0|   16|          0|
    |add_ln703_336_reg_1171         |  16|   0|   16|          0|
    |add_ln703_338_reg_1246         |  16|   0|   16|          0|
    |add_ln703_342_reg_1209         |  15|   0|   15|          0|
    |add_ln703_345_reg_1150         |  16|   0|   16|          0|
    |add_ln703_347_reg_1187         |  16|   0|   16|          0|
    |add_ln703_351_reg_1230         |  14|   0|   14|          0|
    |add_ln703_reg_1129             |  16|   0|   16|          0|
    |ap_CS_fsm                      |  11|   0|   11|          0|
    |ap_port_reg_data_1_V_read      |  16|   0|   16|          0|
    |ap_port_reg_data_2_V_read      |  16|   0|   16|          0|
    |ap_port_reg_data_3_V_read      |  16|   0|   16|          0|
    |ap_port_reg_data_4_V_read      |  16|   0|   16|          0|
    |ap_port_reg_data_5_V_read      |  16|   0|   16|          0|
    |ap_port_reg_data_6_V_read      |  16|   0|   16|          0|
    |ap_port_reg_data_7_V_read      |  16|   0|   16|          0|
    |ap_port_reg_data_8_V_read      |  16|   0|   16|          0|
    |data_4_V_read_2_reg_1176       |  16|   0|   16|          0|
    |data_5_V_read_2_reg_1192       |  16|   0|   16|          0|
    |data_7_V_read_2_reg_1235       |  16|   0|   16|          0|
    |reg_513                        |  16|   0|   16|          0|
    |reg_517                        |  16|   0|   16|          0|
    |reg_521                        |  16|   0|   16|          0|
    |reg_525                        |  16|   0|   16|          0|
    |sext_ln1116_76_cast_reg_1119   |  26|   0|   26|          0|
    |sext_ln1116_77_cast_reg_1139   |  26|   0|   26|          0|
    |sext_ln1116_78_cast7_reg_1160  |  26|   0|   26|          0|
    |sext_ln1116_80_cast_reg_1199   |  26|   0|   26|          0|
    |sext_ln1116_81_cast_reg_1219   |  26|   0|   26|          0|
    |sext_ln1116_82_cast_reg_1240   |  26|   0|   26|          0|
    |sext_ln1116_83_cast_reg_1256   |  26|   0|   26|          0|
    |sext_ln1116_cast_reg_1114      |  26|   0|   26|          0|
    |tmp_46_reg_1214                |  10|   0|   10|          0|
    |tmp_reg_1124                   |  13|   0|   13|          0|
    |trunc_ln708_161_reg_1145       |  16|   0|   16|          0|
    |trunc_ln708_163_reg_1155       |  16|   0|   16|          0|
    |trunc_ln708_164_reg_1166       |  12|   0|   12|          0|
    |trunc_ln708_181_reg_1251       |  15|   0|   15|          0|
    +-------------------------------+----+----+-----+-----------+
    |Total                          | 760|   0|  760|          0|
    +-------------------------------+----+----+-----+-----------+



================================================================
== Interface
================================================================
* Summary: 
+---------------+-----+-----+------------+---------------------------------------------------------------------+--------------+
|   RTL Ports   | Dir | Bits|  Protocol  |                            Source Object                            |    C Type    |
+---------------+-----+-----+------------+---------------------------------------------------------------------+--------------+
|ap_clk         |  in |    1| ap_ctrl_hs | dense_latency<ap_fixed,ap_fixed<16,6,5,3,0>,config2_mult>.0.0.0.0.0 | return value |
|ap_rst         |  in |    1| ap_ctrl_hs | dense_latency<ap_fixed,ap_fixed<16,6,5,3,0>,config2_mult>.0.0.0.0.0 | return value |
|ap_start       |  in |    1| ap_ctrl_hs | dense_latency<ap_fixed,ap_fixed<16,6,5,3,0>,config2_mult>.0.0.0.0.0 | return value |
|ap_done        | out |    1| ap_ctrl_hs | dense_latency<ap_fixed,ap_fixed<16,6,5,3,0>,config2_mult>.0.0.0.0.0 | return value |
|ap_idle        | out |    1| ap_ctrl_hs | dense_latency<ap_fixed,ap_fixed<16,6,5,3,0>,config2_mult>.0.0.0.0.0 | return value |
|ap_ready       | out |    1| ap_ctrl_hs | dense_latency<ap_fixed,ap_fixed<16,6,5,3,0>,config2_mult>.0.0.0.0.0 | return value |
|ap_return_0    | out |   16| ap_ctrl_hs | dense_latency<ap_fixed,ap_fixed<16,6,5,3,0>,config2_mult>.0.0.0.0.0 | return value |
|ap_return_1    | out |   16| ap_ctrl_hs | dense_latency<ap_fixed,ap_fixed<16,6,5,3,0>,config2_mult>.0.0.0.0.0 | return value |
|ap_return_2    | out |   16| ap_ctrl_hs | dense_latency<ap_fixed,ap_fixed<16,6,5,3,0>,config2_mult>.0.0.0.0.0 | return value |
|ap_return_3    | out |   16| ap_ctrl_hs | dense_latency<ap_fixed,ap_fixed<16,6,5,3,0>,config2_mult>.0.0.0.0.0 | return value |
|ap_ce          |  in |    1| ap_ctrl_hs | dense_latency<ap_fixed,ap_fixed<16,6,5,3,0>,config2_mult>.0.0.0.0.0 | return value |
|data_0_V_read  |  in |   16|   ap_none  |                            data_0_V_read                            |    scalar    |
|data_1_V_read  |  in |   16|   ap_none  |                            data_1_V_read                            |    scalar    |
|data_2_V_read  |  in |   16|   ap_none  |                            data_2_V_read                            |    scalar    |
|data_3_V_read  |  in |   16|   ap_none  |                            data_3_V_read                            |    scalar    |
|data_4_V_read  |  in |   16|   ap_none  |                            data_4_V_read                            |    scalar    |
|data_5_V_read  |  in |   16|   ap_none  |                            data_5_V_read                            |    scalar    |
|data_6_V_read  |  in |   16|   ap_none  |                            data_6_V_read                            |    scalar    |
|data_7_V_read  |  in |   16|   ap_none  |                            data_7_V_read                            |    scalar    |
|data_8_V_read  |  in |   16|   ap_none  |                            data_8_V_read                            |    scalar    |
+---------------+-----+-----+------------+---------------------------------------------------------------------+--------------+

