

================================================================
== Vivado HLS Report for 'shift_line_buffer_array_ap_fixed_16_6_5_3_0_4u_config5_s'
================================================================
* Date:           Sat Feb 24 14:10:48 2024

* Version:        2020.1 (Build 2897737 on Wed May 27 20:21:37 MDT 2020)
* Project:        myproject_prj
* Solution:       solution1
* Product family: virtexuplus
* Target device:  xcu50-fsvh2104-2-e


================================================================
== Performance Estimates
================================================================
+ Timing: 
    * Summary: 
    +--------+----------+----------+------------+
    |  Clock |  Target  | Estimated| Uncertainty|
    +--------+----------+----------+------------+
    |ap_clk  | 25.00 ns | 1.222 ns |   3.12 ns  |
    +--------+----------+----------+------------+

+ Latency: 
    * Summary: 
    +---------+---------+----------+----------+-----+-----+----------+
    |  Latency (cycles) |  Latency (absolute) |  Interval | Pipeline |
    |   min   |   max   |    min   |    max   | min | max |   Type   |
    +---------+---------+----------+----------+-----+-----+----------+
    |        0|        0|   0 ns   |   0 ns   |    1|    1| function |
    +---------+---------+----------+----------+-----+-----+----------+

    + Detail: 
        * Instance: 
        N/A

        * Loop: 
        N/A



================================================================
== Utilization Estimates
================================================================
* Summary: 
+---------------------+---------+-------+---------+--------+-----+
|         Name        | BRAM_18K| DSP48E|    FF   |   LUT  | URAM|
+---------------------+---------+-------+---------+--------+-----+
|DSP                  |        -|      -|        -|       -|    -|
|Expression           |        -|      -|        -|       -|    -|
|FIFO                 |        -|      -|        -|       -|    -|
|Instance             |        -|      -|        -|       -|    -|
|Memory               |        0|      -|      512|     256|    -|
|Multiplexer          |        -|      -|        -|       -|    -|
|Register             |        -|      -|        1|       -|    -|
+---------------------+---------+-------+---------+--------+-----+
|Total                |        0|      0|      513|     256|    0|
+---------------------+---------+-------+---------+--------+-----+
|Available SLR        |     1344|   2976|   871680|  435840|  320|
+---------------------+---------+-------+---------+--------+-----+
|Utilization SLR (%)  |        0|      0|    ~0   |   ~0   |    0|
+---------------------+---------+-------+---------+--------+-----+
|Available            |     2688|   5952|  1743360|  871680|  640|
+---------------------+---------+-------+---------+--------+-----+
|Utilization (%)      |        0|      0|    ~0   |   ~0   |    0|
+---------------------+---------+-------+---------+--------+-----+

+ Detail: 
    * Instance: 
    N/A

    * DSP48E: 
    N/A

    * Memory: 
    +-----------------------------+----------------------------------------------------------------------------------+---------+----+----+-----+------+-----+------+-------------+
    |            Memory           |                                      Module                                      | BRAM_18K| FF | LUT| URAM| Words| Bits| Banks| W*Bits*Banks|
    +-----------------------------+----------------------------------------------------------------------------------+---------+----+----+-----+------+-----+------+-------------+
    |line_buffer_Array_V_1_0_0_U  |shift_line_buffer_array_ap_fixed_16_6_5_3_0_4u_config5_s_line_buffer_Array_V_pcA  |        0|  64|  32|    0|     6|   16|     1|           96|
    |line_buffer_Array_V_1_1_0_U  |shift_line_buffer_array_ap_fixed_16_6_5_3_0_4u_config5_s_line_buffer_Array_V_pcA  |        0|  64|  32|    0|     6|   16|     1|           96|
    |line_buffer_Array_V_1_0_1_U  |shift_line_buffer_array_ap_fixed_16_6_5_3_0_4u_config5_s_line_buffer_Array_V_pcA  |        0|  64|  32|    0|     6|   16|     1|           96|
    |line_buffer_Array_V_1_1_1_U  |shift_line_buffer_array_ap_fixed_16_6_5_3_0_4u_config5_s_line_buffer_Array_V_pcA  |        0|  64|  32|    0|     6|   16|     1|           96|
    |line_buffer_Array_V_1_0_2_U  |shift_line_buffer_array_ap_fixed_16_6_5_3_0_4u_config5_s_line_buffer_Array_V_pcA  |        0|  64|  32|    0|     6|   16|     1|           96|
    |line_buffer_Array_V_1_1_2_U  |shift_line_buffer_array_ap_fixed_16_6_5_3_0_4u_config5_s_line_buffer_Array_V_pcA  |        0|  64|  32|    0|     6|   16|     1|           96|
    |line_buffer_Array_V_1_0_3_U  |shift_line_buffer_array_ap_fixed_16_6_5_3_0_4u_config5_s_line_buffer_Array_V_pcA  |        0|  64|  32|    0|     6|   16|     1|           96|
    |line_buffer_Array_V_1_1_3_U  |shift_line_buffer_array_ap_fixed_16_6_5_3_0_4u_config5_s_line_buffer_Array_V_pcA  |        0|  64|  32|    0|     6|   16|     1|           96|
    +-----------------------------+----------------------------------------------------------------------------------+---------+----+----+-----+------+-----+------+-------------+
    |Total                        |                                                                                  |        0| 512| 256|    0|    48|  128|     8|          768|
    +-----------------------------+----------------------------------------------------------------------------------+---------+----+----+-----+------+-----+------+-------------+

    * FIFO: 
    N/A

    * Expression: 
    N/A

    * Multiplexer: 
    N/A

    * Register: 
    +-----------+---+----+-----+-----------+
    |    Name   | FF| LUT| Bits| Const Bits|
    +-----------+---+----+-----+-----------+
    |ap_CS_fsm  |  1|   0|    1|          0|
    +-----------+---+----+-----+-----------+
    |Total      |  1|   0|    1|          0|
    +-----------+---+----+-----+-----------+



================================================================
== Interface
================================================================
* Summary: 
+-------------------------+-----+-----+------------+-----------------------------------------------------------------+--------------+
|        RTL Ports        | Dir | Bits|  Protocol  |                          Source Object                          |    C Type    |
+-------------------------+-----+-----+------------+-----------------------------------------------------------------+--------------+
|ap_clk                   |  in |    1| ap_ctrl_hs | shift_line_buffer<array<ap_fixed<16, 6, 5, 3, 0>, 4u>, config5> | return value |
|ap_rst                   |  in |    1| ap_ctrl_hs | shift_line_buffer<array<ap_fixed<16, 6, 5, 3, 0>, 4u>, config5> | return value |
|ap_start                 |  in |    1| ap_ctrl_hs | shift_line_buffer<array<ap_fixed<16, 6, 5, 3, 0>, 4u>, config5> | return value |
|ap_done                  | out |    1| ap_ctrl_hs | shift_line_buffer<array<ap_fixed<16, 6, 5, 3, 0>, 4u>, config5> | return value |
|ap_idle                  | out |    1| ap_ctrl_hs | shift_line_buffer<array<ap_fixed<16, 6, 5, 3, 0>, 4u>, config5> | return value |
|ap_ready                 | out |    1| ap_ctrl_hs | shift_line_buffer<array<ap_fixed<16, 6, 5, 3, 0>, 4u>, config5> | return value |
|ap_return_0              | out |   16| ap_ctrl_hs | shift_line_buffer<array<ap_fixed<16, 6, 5, 3, 0>, 4u>, config5> | return value |
|ap_return_1              | out |   16| ap_ctrl_hs | shift_line_buffer<array<ap_fixed<16, 6, 5, 3, 0>, 4u>, config5> | return value |
|ap_return_2              | out |   16| ap_ctrl_hs | shift_line_buffer<array<ap_fixed<16, 6, 5, 3, 0>, 4u>, config5> | return value |
|ap_return_3              | out |   16| ap_ctrl_hs | shift_line_buffer<array<ap_fixed<16, 6, 5, 3, 0>, 4u>, config5> | return value |
|ap_return_4              | out |   16| ap_ctrl_hs | shift_line_buffer<array<ap_fixed<16, 6, 5, 3, 0>, 4u>, config5> | return value |
|ap_return_5              | out |   16| ap_ctrl_hs | shift_line_buffer<array<ap_fixed<16, 6, 5, 3, 0>, 4u>, config5> | return value |
|ap_return_6              | out |   16| ap_ctrl_hs | shift_line_buffer<array<ap_fixed<16, 6, 5, 3, 0>, 4u>, config5> | return value |
|ap_return_7              | out |   16| ap_ctrl_hs | shift_line_buffer<array<ap_fixed<16, 6, 5, 3, 0>, 4u>, config5> | return value |
|ap_return_8              | out |   16| ap_ctrl_hs | shift_line_buffer<array<ap_fixed<16, 6, 5, 3, 0>, 4u>, config5> | return value |
|ap_return_9              | out |   16| ap_ctrl_hs | shift_line_buffer<array<ap_fixed<16, 6, 5, 3, 0>, 4u>, config5> | return value |
|ap_return_10             | out |   16| ap_ctrl_hs | shift_line_buffer<array<ap_fixed<16, 6, 5, 3, 0>, 4u>, config5> | return value |
|ap_return_11             | out |   16| ap_ctrl_hs | shift_line_buffer<array<ap_fixed<16, 6, 5, 3, 0>, 4u>, config5> | return value |
|ap_return_12             | out |   16| ap_ctrl_hs | shift_line_buffer<array<ap_fixed<16, 6, 5, 3, 0>, 4u>, config5> | return value |
|ap_return_13             | out |   16| ap_ctrl_hs | shift_line_buffer<array<ap_fixed<16, 6, 5, 3, 0>, 4u>, config5> | return value |
|ap_return_14             | out |   16| ap_ctrl_hs | shift_line_buffer<array<ap_fixed<16, 6, 5, 3, 0>, 4u>, config5> | return value |
|ap_return_15             | out |   16| ap_ctrl_hs | shift_line_buffer<array<ap_fixed<16, 6, 5, 3, 0>, 4u>, config5> | return value |
|ap_return_16             | out |   16| ap_ctrl_hs | shift_line_buffer<array<ap_fixed<16, 6, 5, 3, 0>, 4u>, config5> | return value |
|ap_return_17             | out |   16| ap_ctrl_hs | shift_line_buffer<array<ap_fixed<16, 6, 5, 3, 0>, 4u>, config5> | return value |
|ap_return_18             | out |   16| ap_ctrl_hs | shift_line_buffer<array<ap_fixed<16, 6, 5, 3, 0>, 4u>, config5> | return value |
|ap_return_19             | out |   16| ap_ctrl_hs | shift_line_buffer<array<ap_fixed<16, 6, 5, 3, 0>, 4u>, config5> | return value |
|ap_return_20             | out |   16| ap_ctrl_hs | shift_line_buffer<array<ap_fixed<16, 6, 5, 3, 0>, 4u>, config5> | return value |
|ap_return_21             | out |   16| ap_ctrl_hs | shift_line_buffer<array<ap_fixed<16, 6, 5, 3, 0>, 4u>, config5> | return value |
|ap_return_22             | out |   16| ap_ctrl_hs | shift_line_buffer<array<ap_fixed<16, 6, 5, 3, 0>, 4u>, config5> | return value |
|ap_return_23             | out |   16| ap_ctrl_hs | shift_line_buffer<array<ap_fixed<16, 6, 5, 3, 0>, 4u>, config5> | return value |
|ap_return_24             | out |   16| ap_ctrl_hs | shift_line_buffer<array<ap_fixed<16, 6, 5, 3, 0>, 4u>, config5> | return value |
|ap_return_25             | out |   16| ap_ctrl_hs | shift_line_buffer<array<ap_fixed<16, 6, 5, 3, 0>, 4u>, config5> | return value |
|ap_return_26             | out |   16| ap_ctrl_hs | shift_line_buffer<array<ap_fixed<16, 6, 5, 3, 0>, 4u>, config5> | return value |
|ap_return_27             | out |   16| ap_ctrl_hs | shift_line_buffer<array<ap_fixed<16, 6, 5, 3, 0>, 4u>, config5> | return value |
|ap_return_28             | out |   16| ap_ctrl_hs | shift_line_buffer<array<ap_fixed<16, 6, 5, 3, 0>, 4u>, config5> | return value |
|ap_return_29             | out |   16| ap_ctrl_hs | shift_line_buffer<array<ap_fixed<16, 6, 5, 3, 0>, 4u>, config5> | return value |
|ap_return_30             | out |   16| ap_ctrl_hs | shift_line_buffer<array<ap_fixed<16, 6, 5, 3, 0>, 4u>, config5> | return value |
|ap_return_31             | out |   16| ap_ctrl_hs | shift_line_buffer<array<ap_fixed<16, 6, 5, 3, 0>, 4u>, config5> | return value |
|ap_return_32             | out |   16| ap_ctrl_hs | shift_line_buffer<array<ap_fixed<16, 6, 5, 3, 0>, 4u>, config5> | return value |
|ap_return_33             | out |   16| ap_ctrl_hs | shift_line_buffer<array<ap_fixed<16, 6, 5, 3, 0>, 4u>, config5> | return value |
|ap_return_34             | out |   16| ap_ctrl_hs | shift_line_buffer<array<ap_fixed<16, 6, 5, 3, 0>, 4u>, config5> | return value |
|ap_return_35             | out |   16| ap_ctrl_hs | shift_line_buffer<array<ap_fixed<16, 6, 5, 3, 0>, 4u>, config5> | return value |
|ap_ce                    |  in |    1| ap_ctrl_hs | shift_line_buffer<array<ap_fixed<16, 6, 5, 3, 0>, 4u>, config5> | return value |
|in_elem_data_0_V_read    |  in |   16|   ap_none  |                      in_elem_data_0_V_read                      |    scalar    |
|in_elem_data_1_V_read    |  in |   16|   ap_none  |                      in_elem_data_1_V_read                      |    scalar    |
|in_elem_data_2_V_read    |  in |   16|   ap_none  |                      in_elem_data_2_V_read                      |    scalar    |
|in_elem_data_3_V_read    |  in |   16|   ap_none  |                      in_elem_data_3_V_read                      |    scalar    |
|kernel_window_4_V_read   |  in |   16|   ap_none  |                      kernel_window_4_V_read                     |    scalar    |
|kernel_window_5_V_read   |  in |   16|   ap_none  |                      kernel_window_5_V_read                     |    scalar    |
|kernel_window_6_V_read   |  in |   16|   ap_none  |                      kernel_window_6_V_read                     |    scalar    |
|kernel_window_7_V_read   |  in |   16|   ap_none  |                      kernel_window_7_V_read                     |    scalar    |
|kernel_window_8_V_read   |  in |   16|   ap_none  |                      kernel_window_8_V_read                     |    scalar    |
|kernel_window_9_V_read   |  in |   16|   ap_none  |                      kernel_window_9_V_read                     |    scalar    |
|kernel_window_10_V_read  |  in |   16|   ap_none  |                     kernel_window_10_V_read                     |    scalar    |
|kernel_window_11_V_read  |  in |   16|   ap_none  |                     kernel_window_11_V_read                     |    scalar    |
|kernel_window_16_V_read  |  in |   16|   ap_none  |                     kernel_window_16_V_read                     |    scalar    |
|kernel_window_17_V_read  |  in |   16|   ap_none  |                     kernel_window_17_V_read                     |    scalar    |
|kernel_window_18_V_read  |  in |   16|   ap_none  |                     kernel_window_18_V_read                     |    scalar    |
|kernel_window_19_V_read  |  in |   16|   ap_none  |                     kernel_window_19_V_read                     |    scalar    |
|kernel_window_20_V_read  |  in |   16|   ap_none  |                     kernel_window_20_V_read                     |    scalar    |
|kernel_window_21_V_read  |  in |   16|   ap_none  |                     kernel_window_21_V_read                     |    scalar    |
|kernel_window_22_V_read  |  in |   16|   ap_none  |                     kernel_window_22_V_read                     |    scalar    |
|kernel_window_23_V_read  |  in |   16|   ap_none  |                     kernel_window_23_V_read                     |    scalar    |
|kernel_window_28_V_read  |  in |   16|   ap_none  |                     kernel_window_28_V_read                     |    scalar    |
|kernel_window_29_V_read  |  in |   16|   ap_none  |                     kernel_window_29_V_read                     |    scalar    |
|kernel_window_30_V_read  |  in |   16|   ap_none  |                     kernel_window_30_V_read                     |    scalar    |
|kernel_window_31_V_read  |  in |   16|   ap_none  |                     kernel_window_31_V_read                     |    scalar    |
|kernel_window_32_V_read  |  in |   16|   ap_none  |                     kernel_window_32_V_read                     |    scalar    |
|kernel_window_33_V_read  |  in |   16|   ap_none  |                     kernel_window_33_V_read                     |    scalar    |
|kernel_window_34_V_read  |  in |   16|   ap_none  |                     kernel_window_34_V_read                     |    scalar    |
|kernel_window_35_V_read  |  in |   16|   ap_none  |                     kernel_window_35_V_read                     |    scalar    |
+-------------------------+-----+-----+------------+-----------------------------------------------------------------+--------------+

