

================================================================
== Vivado HLS Report for 'dense_wrapper_ap_fixed_16_6_5_3_0_ap_fixed_16_6_5_3_0_config9_s'
================================================================
* Date:           Fri Nov 17 19:31:07 2023

* Version:        2020.1 (Build 2897737 on Wed May 27 20:21:37 MDT 2020)
* Project:        myproject_prj
* Solution:       solution1
* Product family: virtexuplus
* Target device:  xcu50-fsvh2104-2-e


================================================================
== Performance Estimates
================================================================
+ Timing: 
    * Summary: 
    +--------+----------+----------+------------+
    |  Clock |  Target  | Estimated| Uncertainty|
    +--------+----------+----------+------------+
    |ap_clk  | 10.00 ns | 4.575 ns |   1.25 ns  |
    +--------+----------+----------+------------+

+ Latency: 
    * Summary: 
    +---------+---------+----------+----------+-----+-----+---------------------------------------------+
    |  Latency (cycles) |  Latency (absolute) |  Interval |                   Pipeline                  |
    |   min   |   max   |    min   |    max   | min | max |                     Type                    |
    +---------+---------+----------+----------+-----+-----+---------------------------------------------+
    |       32|       33| 0.320 us | 0.330 us |   32|   32| loop rewind(delay=0 initiation interval(s)) |
    +---------+---------+----------+----------+-----+-----+---------------------------------------------+

    + Detail: 
        * Instance: 
        N/A

        * Loop: 
        +-------------+---------+---------+----------+-----------+-----------+------+----------+
        |             |  Latency (cycles) | Iteration|  Initiation Interval  | Trip |          |
        |  Loop Name  |   min   |   max   |  Latency |  achieved |   target  | Count| Pipelined|
        +-------------+---------+---------+----------+-----------+-----------+------+----------+
        |- ReuseLoop  |       32|       32|         2|          1|          1|    32|    yes   |
        +-------------+---------+---------+----------+-----------+-----------+------+----------+



================================================================
== Utilization Estimates
================================================================
* Summary: 
+---------------------+---------+-------+---------+--------+-----+
|         Name        | BRAM_18K| DSP48E|    FF   |   LUT  | URAM|
+---------------------+---------+-------+---------+--------+-----+
|DSP                  |        -|     10|        -|       -|    -|
|Expression           |        -|      -|        0|     262|    -|
|FIFO                 |        -|      -|        -|       -|    -|
|Instance             |        -|      -|        0|     153|    -|
|Memory               |        5|      -|        0|       0|    -|
|Multiplexer          |        -|      -|        -|     819|    -|
|Register             |        -|      -|     1359|       -|    -|
+---------------------+---------+-------+---------+--------+-----+
|Total                |        5|     10|     1359|    1234|    0|
+---------------------+---------+-------+---------+--------+-----+
|Available SLR        |     1344|   2976|   871680|  435840|  320|
+---------------------+---------+-------+---------+--------+-----+
|Utilization SLR (%)  |    ~0   |   ~0  |    ~0   |   ~0   |    0|
+---------------------+---------+-------+---------+--------+-----+
|Available            |     2688|   5952|  1743360|  871680|  640|
+---------------------+---------+-------+---------+--------+-----+
|Utilization (%)      |    ~0   |   ~0  |    ~0   |   ~0   |    0|
+---------------------+---------+-------+---------+--------+-----+

+ Detail: 
    * Instance: 
    +-------------------------------+--------------------------+---------+-------+---+-----+-----+
    |            Instance           |          Module          | BRAM_18K| DSP48E| FF| LUT | URAM|
    +-------------------------------+--------------------------+---------+-------+---+-----+-----+
    |myproject_mux_325_16_1_1_U130  |myproject_mux_325_16_1_1  |        0|      0|  0|  153|    0|
    +-------------------------------+--------------------------+---------+-------+---+-----+-----+
    |Total                          |                          |        0|      0|  0|  153|    0|
    +-------------------------------+--------------------------+---------+-------+---+-----+-----+

    * DSP48E: 
    +---------------------------------------+----------------------------------+-----------+
    |                Instance               |              Module              | Expression|
    +---------------------------------------+----------------------------------+-----------+
    |myproject_mul_mul_16s_11s_26_1_1_U140  |myproject_mul_mul_16s_11s_26_1_1  |  i0 * i1  |
    |myproject_mul_mul_16s_16s_26_1_1_U131  |myproject_mul_mul_16s_16s_26_1_1  |  i0 * i1  |
    |myproject_mul_mul_16s_16s_26_1_1_U132  |myproject_mul_mul_16s_16s_26_1_1  |  i0 * i1  |
    |myproject_mul_mul_16s_16s_26_1_1_U133  |myproject_mul_mul_16s_16s_26_1_1  |  i0 * i1  |
    |myproject_mul_mul_16s_16s_26_1_1_U134  |myproject_mul_mul_16s_16s_26_1_1  |  i0 * i1  |
    |myproject_mul_mul_16s_16s_26_1_1_U135  |myproject_mul_mul_16s_16s_26_1_1  |  i0 * i1  |
    |myproject_mul_mul_16s_16s_26_1_1_U136  |myproject_mul_mul_16s_16s_26_1_1  |  i0 * i1  |
    |myproject_mul_mul_16s_16s_26_1_1_U137  |myproject_mul_mul_16s_16s_26_1_1  |  i0 * i1  |
    |myproject_mul_mul_16s_16s_26_1_1_U138  |myproject_mul_mul_16s_16s_26_1_1  |  i0 * i1  |
    |myproject_mul_mul_16s_16s_26_1_1_U139  |myproject_mul_mul_16s_16s_26_1_1  |  i0 * i1  |
    +---------------------------------------+----------------------------------+-----------+

    * Memory: 
    +--------+----------------------------------------------------------------------+---------+---+----+-----+------+-----+------+-------------+
    | Memory |                                Module                                | BRAM_18K| FF| LUT| URAM| Words| Bits| Banks| W*Bits*Banks|
    +--------+----------------------------------------------------------------------+---------+---+----+-----+------+-----+------+-------------+
    |w9_V_U  |dense_wrapper_ap_fixed_16_6_5_3_0_ap_fixed_16_6_5_3_0_config9_s_w9_V  |        5|  0|   0|    0|    32|  155|     1|         4960|
    +--------+----------------------------------------------------------------------+---------+---+----+-----+------+-----+------+-------------+
    |Total   |                                                                      |        5|  0|   0|    0|    32|  155|     1|         4960|
    +--------+----------------------------------------------------------------------+---------+---+----+-----+------+-----+------+-------------+

    * FIFO: 
    N/A

    * Expression: 
    +----------------------+----------+-------+---+----+------------+------------+
    |     Variable Name    | Operation| DSP48E| FF| LUT| Bitwidth P0| Bitwidth P1|
    +----------------------+----------+-------+---+----+------------+------------+
    |acc_0_V_fu_1488_p2    |     +    |      0|  0|  23|          16|          16|
    |acc_1_V_fu_1517_p2    |     +    |      0|  0|  23|          16|          16|
    |acc_2_V_fu_1546_p2    |     +    |      0|  0|  23|          16|          16|
    |acc_3_V_fu_1575_p2    |     +    |      0|  0|  23|          16|          16|
    |acc_4_V_fu_1604_p2    |     +    |      0|  0|  23|          16|          16|
    |acc_5_V_fu_1633_p2    |     +    |      0|  0|  23|          16|          16|
    |acc_6_V_fu_1662_p2    |     +    |      0|  0|  23|          16|          16|
    |acc_7_V_fu_1691_p2    |     +    |      0|  0|  23|          16|          16|
    |acc_8_V_fu_1720_p2    |     +    |      0|  0|  23|          16|          16|
    |acc_9_V_fu_1749_p2    |     +    |      0|  0|  23|          16|          16|
    |w_index_fu_1385_p2    |     +    |      0|  0|  15|           1|           5|
    |ap_condition_352      |    and   |      0|  0|   2|           1|           1|
    |ap_condition_39       |    and   |      0|  0|   2|           1|           1|
    |icmp_ln43_fu_1391_p2  |   icmp   |      0|  0|  11|           5|           2|
    |ap_enable_pp0         |    xor   |      0|  0|   2|           1|           2|
    +----------------------+----------+-------+---+----+------------+------------+
    |Total                 |          |      0|  0| 262|         169|         171|
    +----------------------+----------+-------+---+----+------------+------------+

    * Multiplexer: 
    +----------------------------------------------------+----+-----------+-----+-----------+
    |                        Name                        | LUT| Input Size| Bits| Total Bits|
    +----------------------------------------------------+----+-----------+-----+-----------+
    |ap_NS_fsm                                           |  15|          3|    1|          3|
    |ap_enable_reg_pp0_iter1                             |   9|          2|    1|          2|
    |ap_phi_mux_data_0_V_read26_phi_phi_fu_1000_p4       |   9|          2|   16|         32|
    |ap_phi_mux_data_10_V_read36_phi_phi_fu_1120_p4      |   9|          2|   16|         32|
    |ap_phi_mux_data_11_V_read37_phi_phi_fu_1132_p4      |   9|          2|   16|         32|
    |ap_phi_mux_data_12_V_read38_phi_phi_fu_1144_p4      |   9|          2|   16|         32|
    |ap_phi_mux_data_13_V_read39_phi_phi_fu_1156_p4      |   9|          2|   16|         32|
    |ap_phi_mux_data_14_V_read40_phi_phi_fu_1168_p4      |   9|          2|   16|         32|
    |ap_phi_mux_data_15_V_read41_phi_phi_fu_1180_p4      |   9|          2|   16|         32|
    |ap_phi_mux_data_16_V_read42_phi_phi_fu_1192_p4      |   9|          2|   16|         32|
    |ap_phi_mux_data_17_V_read43_phi_phi_fu_1204_p4      |   9|          2|   16|         32|
    |ap_phi_mux_data_18_V_read44_phi_phi_fu_1216_p4      |   9|          2|   16|         32|
    |ap_phi_mux_data_19_V_read45_phi_phi_fu_1228_p4      |   9|          2|   16|         32|
    |ap_phi_mux_data_1_V_read27_phi_phi_fu_1012_p4       |   9|          2|   16|         32|
    |ap_phi_mux_data_20_V_read46_phi_phi_fu_1240_p4      |   9|          2|   16|         32|
    |ap_phi_mux_data_21_V_read47_phi_phi_fu_1252_p4      |   9|          2|   16|         32|
    |ap_phi_mux_data_22_V_read48_phi_phi_fu_1264_p4      |   9|          2|   16|         32|
    |ap_phi_mux_data_23_V_read49_phi_phi_fu_1276_p4      |   9|          2|   16|         32|
    |ap_phi_mux_data_24_V_read50_phi_phi_fu_1288_p4      |   9|          2|   16|         32|
    |ap_phi_mux_data_25_V_read51_phi_phi_fu_1300_p4      |   9|          2|   16|         32|
    |ap_phi_mux_data_26_V_read52_phi_phi_fu_1312_p4      |   9|          2|   16|         32|
    |ap_phi_mux_data_27_V_read53_phi_phi_fu_1324_p4      |   9|          2|   16|         32|
    |ap_phi_mux_data_28_V_read54_phi_phi_fu_1336_p4      |   9|          2|   16|         32|
    |ap_phi_mux_data_29_V_read55_phi_phi_fu_1348_p4      |   9|          2|   16|         32|
    |ap_phi_mux_data_2_V_read28_phi_phi_fu_1024_p4       |   9|          2|   16|         32|
    |ap_phi_mux_data_30_V_read56_phi_phi_fu_1360_p4      |   9|          2|   16|         32|
    |ap_phi_mux_data_31_V_read57_phi_phi_fu_1372_p4      |   9|          2|   16|         32|
    |ap_phi_mux_data_3_V_read29_phi_phi_fu_1036_p4       |   9|          2|   16|         32|
    |ap_phi_mux_data_4_V_read30_phi_phi_fu_1048_p4       |   9|          2|   16|         32|
    |ap_phi_mux_data_5_V_read31_phi_phi_fu_1060_p4       |   9|          2|   16|         32|
    |ap_phi_mux_data_6_V_read32_phi_phi_fu_1072_p4       |   9|          2|   16|         32|
    |ap_phi_mux_data_7_V_read33_phi_phi_fu_1084_p4       |   9|          2|   16|         32|
    |ap_phi_mux_data_8_V_read34_phi_phi_fu_1096_p4       |   9|          2|   16|         32|
    |ap_phi_mux_data_9_V_read35_phi_phi_fu_1108_p4       |   9|          2|   16|         32|
    |ap_phi_mux_do_init_phi_fu_381_p6                    |  15|          3|    1|          3|
    |ap_phi_mux_w_index25_phi_fu_397_p6                  |  15|          3|    5|         15|
    |ap_phi_reg_pp0_iter1_data_0_V_read26_phi_reg_996    |   9|          2|   16|         32|
    |ap_phi_reg_pp0_iter1_data_10_V_read36_phi_reg_1116  |   9|          2|   16|         32|
    |ap_phi_reg_pp0_iter1_data_11_V_read37_phi_reg_1128  |   9|          2|   16|         32|
    |ap_phi_reg_pp0_iter1_data_12_V_read38_phi_reg_1140  |   9|          2|   16|         32|
    |ap_phi_reg_pp0_iter1_data_13_V_read39_phi_reg_1152  |   9|          2|   16|         32|
    |ap_phi_reg_pp0_iter1_data_14_V_read40_phi_reg_1164  |   9|          2|   16|         32|
    |ap_phi_reg_pp0_iter1_data_15_V_read41_phi_reg_1176  |   9|          2|   16|         32|
    |ap_phi_reg_pp0_iter1_data_16_V_read42_phi_reg_1188  |   9|          2|   16|         32|
    |ap_phi_reg_pp0_iter1_data_17_V_read43_phi_reg_1200  |   9|          2|   16|         32|
    |ap_phi_reg_pp0_iter1_data_18_V_read44_phi_reg_1212  |   9|          2|   16|         32|
    |ap_phi_reg_pp0_iter1_data_19_V_read45_phi_reg_1224  |   9|          2|   16|         32|
    |ap_phi_reg_pp0_iter1_data_1_V_read27_phi_reg_1008   |   9|          2|   16|         32|
    |ap_phi_reg_pp0_iter1_data_20_V_read46_phi_reg_1236  |   9|          2|   16|         32|
    |ap_phi_reg_pp0_iter1_data_21_V_read47_phi_reg_1248  |   9|          2|   16|         32|
    |ap_phi_reg_pp0_iter1_data_22_V_read48_phi_reg_1260  |   9|          2|   16|         32|
    |ap_phi_reg_pp0_iter1_data_23_V_read49_phi_reg_1272  |   9|          2|   16|         32|
    |ap_phi_reg_pp0_iter1_data_24_V_read50_phi_reg_1284  |   9|          2|   16|         32|
    |ap_phi_reg_pp0_iter1_data_25_V_read51_phi_reg_1296  |   9|          2|   16|         32|
    |ap_phi_reg_pp0_iter1_data_26_V_read52_phi_reg_1308  |   9|          2|   16|         32|
    |ap_phi_reg_pp0_iter1_data_27_V_read53_phi_reg_1320  |   9|          2|   16|         32|
    |ap_phi_reg_pp0_iter1_data_28_V_read54_phi_reg_1332  |   9|          2|   16|         32|
    |ap_phi_reg_pp0_iter1_data_29_V_read55_phi_reg_1344  |   9|          2|   16|         32|
    |ap_phi_reg_pp0_iter1_data_2_V_read28_phi_reg_1020   |   9|          2|   16|         32|
    |ap_phi_reg_pp0_iter1_data_30_V_read56_phi_reg_1356  |   9|          2|   16|         32|
    |ap_phi_reg_pp0_iter1_data_31_V_read57_phi_reg_1368  |   9|          2|   16|         32|
    |ap_phi_reg_pp0_iter1_data_3_V_read29_phi_reg_1032   |   9|          2|   16|         32|
    |ap_phi_reg_pp0_iter1_data_4_V_read30_phi_reg_1044   |   9|          2|   16|         32|
    |ap_phi_reg_pp0_iter1_data_5_V_read31_phi_reg_1056   |   9|          2|   16|         32|
    |ap_phi_reg_pp0_iter1_data_6_V_read32_phi_reg_1068   |   9|          2|   16|         32|
    |ap_phi_reg_pp0_iter1_data_7_V_read33_phi_reg_1080   |   9|          2|   16|         32|
    |ap_phi_reg_pp0_iter1_data_8_V_read34_phi_reg_1092   |   9|          2|   16|         32|
    |ap_phi_reg_pp0_iter1_data_9_V_read35_phi_reg_1104   |   9|          2|   16|         32|
    |ap_return_0                                         |   9|          2|   16|         32|
    |ap_return_1                                         |   9|          2|   16|         32|
    |ap_return_2                                         |   9|          2|   16|         32|
    |ap_return_3                                         |   9|          2|   16|         32|
    |ap_return_4                                         |   9|          2|   16|         32|
    |ap_return_5                                         |   9|          2|   16|         32|
    |ap_return_6                                         |   9|          2|   16|         32|
    |ap_return_7                                         |   9|          2|   16|         32|
    |ap_return_8                                         |   9|          2|   16|         32|
    |ap_return_9                                         |   9|          2|   16|         32|
    |res_0_V_write_assign5_reg_982                       |   9|          2|   16|         32|
    |res_1_V_write_assign7_reg_968                       |   9|          2|   16|         32|
    |res_2_V_write_assign9_reg_954                       |   9|          2|   16|         32|
    |res_3_V_write_assign11_reg_940                      |   9|          2|   16|         32|
    |res_4_V_write_assign13_reg_926                      |   9|          2|   16|         32|
    |res_5_V_write_assign15_reg_912                      |   9|          2|   16|         32|
    |res_6_V_write_assign17_reg_898                      |   9|          2|   16|         32|
    |res_7_V_write_assign19_reg_884                      |   9|          2|   16|         32|
    |res_8_V_write_assign21_reg_870                      |   9|          2|   16|         32|
    |res_9_V_write_assign23_reg_856                      |   9|          2|   16|         32|
    |w_index25_reg_393                                   |   9|          2|    5|         10|
    +----------------------------------------------------+----+-----------+-----+-----------+
    |Total                                               | 819|        181| 1357|       2721|
    +----------------------------------------------------+----+-----------+-----+-----------+

    * Register: 
    +----------------------------------------------------+----+----+-----+-----------+
    |                        Name                        | FF | LUT| Bits| Const Bits|
    +----------------------------------------------------+----+----+-----+-----------+
    |ap_CS_fsm                                           |   2|   0|    2|          0|
    |ap_enable_reg_pp0_iter1                             |   1|   0|    1|          0|
    |ap_phi_reg_pp0_iter1_data_0_V_read26_phi_reg_996    |  16|   0|   16|          0|
    |ap_phi_reg_pp0_iter1_data_10_V_read36_phi_reg_1116  |  16|   0|   16|          0|
    |ap_phi_reg_pp0_iter1_data_11_V_read37_phi_reg_1128  |  16|   0|   16|          0|
    |ap_phi_reg_pp0_iter1_data_12_V_read38_phi_reg_1140  |  16|   0|   16|          0|
    |ap_phi_reg_pp0_iter1_data_13_V_read39_phi_reg_1152  |  16|   0|   16|          0|
    |ap_phi_reg_pp0_iter1_data_14_V_read40_phi_reg_1164  |  16|   0|   16|          0|
    |ap_phi_reg_pp0_iter1_data_15_V_read41_phi_reg_1176  |  16|   0|   16|          0|
    |ap_phi_reg_pp0_iter1_data_16_V_read42_phi_reg_1188  |  16|   0|   16|          0|
    |ap_phi_reg_pp0_iter1_data_17_V_read43_phi_reg_1200  |  16|   0|   16|          0|
    |ap_phi_reg_pp0_iter1_data_18_V_read44_phi_reg_1212  |  16|   0|   16|          0|
    |ap_phi_reg_pp0_iter1_data_19_V_read45_phi_reg_1224  |  16|   0|   16|          0|
    |ap_phi_reg_pp0_iter1_data_1_V_read27_phi_reg_1008   |  16|   0|   16|          0|
    |ap_phi_reg_pp0_iter1_data_20_V_read46_phi_reg_1236  |  16|   0|   16|          0|
    |ap_phi_reg_pp0_iter1_data_21_V_read47_phi_reg_1248  |  16|   0|   16|          0|
    |ap_phi_reg_pp0_iter1_data_22_V_read48_phi_reg_1260  |  16|   0|   16|          0|
    |ap_phi_reg_pp0_iter1_data_23_V_read49_phi_reg_1272  |  16|   0|   16|          0|
    |ap_phi_reg_pp0_iter1_data_24_V_read50_phi_reg_1284  |  16|   0|   16|          0|
    |ap_phi_reg_pp0_iter1_data_25_V_read51_phi_reg_1296  |  16|   0|   16|          0|
    |ap_phi_reg_pp0_iter1_data_26_V_read52_phi_reg_1308  |  16|   0|   16|          0|
    |ap_phi_reg_pp0_iter1_data_27_V_read53_phi_reg_1320  |  16|   0|   16|          0|
    |ap_phi_reg_pp0_iter1_data_28_V_read54_phi_reg_1332  |  16|   0|   16|          0|
    |ap_phi_reg_pp0_iter1_data_29_V_read55_phi_reg_1344  |  16|   0|   16|          0|
    |ap_phi_reg_pp0_iter1_data_2_V_read28_phi_reg_1020   |  16|   0|   16|          0|
    |ap_phi_reg_pp0_iter1_data_30_V_read56_phi_reg_1356  |  16|   0|   16|          0|
    |ap_phi_reg_pp0_iter1_data_31_V_read57_phi_reg_1368  |  16|   0|   16|          0|
    |ap_phi_reg_pp0_iter1_data_3_V_read29_phi_reg_1032   |  16|   0|   16|          0|
    |ap_phi_reg_pp0_iter1_data_4_V_read30_phi_reg_1044   |  16|   0|   16|          0|
    |ap_phi_reg_pp0_iter1_data_5_V_read31_phi_reg_1056   |  16|   0|   16|          0|
    |ap_phi_reg_pp0_iter1_data_6_V_read32_phi_reg_1068   |  16|   0|   16|          0|
    |ap_phi_reg_pp0_iter1_data_7_V_read33_phi_reg_1080   |  16|   0|   16|          0|
    |ap_phi_reg_pp0_iter1_data_8_V_read34_phi_reg_1092   |  16|   0|   16|          0|
    |ap_phi_reg_pp0_iter1_data_9_V_read35_phi_reg_1104   |  16|   0|   16|          0|
    |ap_return_0_preg                                    |  16|   0|   16|          0|
    |ap_return_1_preg                                    |  16|   0|   16|          0|
    |ap_return_2_preg                                    |  16|   0|   16|          0|
    |ap_return_3_preg                                    |  16|   0|   16|          0|
    |ap_return_4_preg                                    |  16|   0|   16|          0|
    |ap_return_5_preg                                    |  16|   0|   16|          0|
    |ap_return_6_preg                                    |  16|   0|   16|          0|
    |ap_return_7_preg                                    |  16|   0|   16|          0|
    |ap_return_8_preg                                    |  16|   0|   16|          0|
    |ap_return_9_preg                                    |  16|   0|   16|          0|
    |data_0_V_read26_rewind_reg_408                      |  16|   0|   16|          0|
    |data_10_V_read36_rewind_reg_548                     |  16|   0|   16|          0|
    |data_11_V_read37_rewind_reg_562                     |  16|   0|   16|          0|
    |data_12_V_read38_rewind_reg_576                     |  16|   0|   16|          0|
    |data_13_V_read39_rewind_reg_590                     |  16|   0|   16|          0|
    |data_14_V_read40_rewind_reg_604                     |  16|   0|   16|          0|
    |data_15_V_read41_rewind_reg_618                     |  16|   0|   16|          0|
    |data_16_V_read42_rewind_reg_632                     |  16|   0|   16|          0|
    |data_17_V_read43_rewind_reg_646                     |  16|   0|   16|          0|
    |data_18_V_read44_rewind_reg_660                     |  16|   0|   16|          0|
    |data_19_V_read45_rewind_reg_674                     |  16|   0|   16|          0|
    |data_1_V_read27_rewind_reg_422                      |  16|   0|   16|          0|
    |data_20_V_read46_rewind_reg_688                     |  16|   0|   16|          0|
    |data_21_V_read47_rewind_reg_702                     |  16|   0|   16|          0|
    |data_22_V_read48_rewind_reg_716                     |  16|   0|   16|          0|
    |data_23_V_read49_rewind_reg_730                     |  16|   0|   16|          0|
    |data_24_V_read50_rewind_reg_744                     |  16|   0|   16|          0|
    |data_25_V_read51_rewind_reg_758                     |  16|   0|   16|          0|
    |data_26_V_read52_rewind_reg_772                     |  16|   0|   16|          0|
    |data_27_V_read53_rewind_reg_786                     |  16|   0|   16|          0|
    |data_28_V_read54_rewind_reg_800                     |  16|   0|   16|          0|
    |data_29_V_read55_rewind_reg_814                     |  16|   0|   16|          0|
    |data_2_V_read28_rewind_reg_436                      |  16|   0|   16|          0|
    |data_30_V_read56_rewind_reg_828                     |  16|   0|   16|          0|
    |data_31_V_read57_rewind_reg_842                     |  16|   0|   16|          0|
    |data_3_V_read29_rewind_reg_450                      |  16|   0|   16|          0|
    |data_4_V_read30_rewind_reg_464                      |  16|   0|   16|          0|
    |data_5_V_read31_rewind_reg_478                      |  16|   0|   16|          0|
    |data_6_V_read32_rewind_reg_492                      |  16|   0|   16|          0|
    |data_7_V_read33_rewind_reg_506                      |  16|   0|   16|          0|
    |data_8_V_read34_rewind_reg_520                      |  16|   0|   16|          0|
    |data_9_V_read35_rewind_reg_534                      |  16|   0|   16|          0|
    |do_init_reg_377                                     |   1|   0|    1|          0|
    |icmp_ln43_reg_2059                                  |   1|   0|    1|          0|
    |res_0_V_write_assign5_reg_982                       |  16|   0|   16|          0|
    |res_1_V_write_assign7_reg_968                       |  16|   0|   16|          0|
    |res_2_V_write_assign9_reg_954                       |  16|   0|   16|          0|
    |res_3_V_write_assign11_reg_940                      |  16|   0|   16|          0|
    |res_4_V_write_assign13_reg_926                      |  16|   0|   16|          0|
    |res_5_V_write_assign15_reg_912                      |  16|   0|   16|          0|
    |res_6_V_write_assign17_reg_898                      |  16|   0|   16|          0|
    |res_7_V_write_assign19_reg_884                      |  16|   0|   16|          0|
    |res_8_V_write_assign21_reg_870                      |  16|   0|   16|          0|
    |res_9_V_write_assign23_reg_856                      |  16|   0|   16|          0|
    |w_index25_reg_393                                   |   5|   0|    5|          0|
    |w_index_reg_2054                                    |   5|   0|    5|          0|
    +----------------------------------------------------+----+----+-----+-----------+
    |Total                                               |1359|   0| 1359|          0|
    +----------------------------------------------------+----+----+-----+-----------+



================================================================
== Interface
================================================================
* Summary: 
+----------------+-----+-----+------------+----------------------------------------------------------------------------+--------------+
|    RTL Ports   | Dir | Bits|  Protocol  |                                Source Object                               |    C Type    |
+----------------+-----+-----+------------+----------------------------------------------------------------------------+--------------+
|ap_clk          |  in |    1| ap_ctrl_hs | dense_wrapper<ap_fixed<16, 6, 5, 3, 0>, ap_fixed<16, 6, 5, 3, 0>, config9> | return value |
|ap_rst          |  in |    1| ap_ctrl_hs | dense_wrapper<ap_fixed<16, 6, 5, 3, 0>, ap_fixed<16, 6, 5, 3, 0>, config9> | return value |
|ap_start        |  in |    1| ap_ctrl_hs | dense_wrapper<ap_fixed<16, 6, 5, 3, 0>, ap_fixed<16, 6, 5, 3, 0>, config9> | return value |
|ap_done         | out |    1| ap_ctrl_hs | dense_wrapper<ap_fixed<16, 6, 5, 3, 0>, ap_fixed<16, 6, 5, 3, 0>, config9> | return value |
|ap_idle         | out |    1| ap_ctrl_hs | dense_wrapper<ap_fixed<16, 6, 5, 3, 0>, ap_fixed<16, 6, 5, 3, 0>, config9> | return value |
|ap_ready        | out |    1| ap_ctrl_hs | dense_wrapper<ap_fixed<16, 6, 5, 3, 0>, ap_fixed<16, 6, 5, 3, 0>, config9> | return value |
|ap_return_0     | out |   16| ap_ctrl_hs | dense_wrapper<ap_fixed<16, 6, 5, 3, 0>, ap_fixed<16, 6, 5, 3, 0>, config9> | return value |
|ap_return_1     | out |   16| ap_ctrl_hs | dense_wrapper<ap_fixed<16, 6, 5, 3, 0>, ap_fixed<16, 6, 5, 3, 0>, config9> | return value |
|ap_return_2     | out |   16| ap_ctrl_hs | dense_wrapper<ap_fixed<16, 6, 5, 3, 0>, ap_fixed<16, 6, 5, 3, 0>, config9> | return value |
|ap_return_3     | out |   16| ap_ctrl_hs | dense_wrapper<ap_fixed<16, 6, 5, 3, 0>, ap_fixed<16, 6, 5, 3, 0>, config9> | return value |
|ap_return_4     | out |   16| ap_ctrl_hs | dense_wrapper<ap_fixed<16, 6, 5, 3, 0>, ap_fixed<16, 6, 5, 3, 0>, config9> | return value |
|ap_return_5     | out |   16| ap_ctrl_hs | dense_wrapper<ap_fixed<16, 6, 5, 3, 0>, ap_fixed<16, 6, 5, 3, 0>, config9> | return value |
|ap_return_6     | out |   16| ap_ctrl_hs | dense_wrapper<ap_fixed<16, 6, 5, 3, 0>, ap_fixed<16, 6, 5, 3, 0>, config9> | return value |
|ap_return_7     | out |   16| ap_ctrl_hs | dense_wrapper<ap_fixed<16, 6, 5, 3, 0>, ap_fixed<16, 6, 5, 3, 0>, config9> | return value |
|ap_return_8     | out |   16| ap_ctrl_hs | dense_wrapper<ap_fixed<16, 6, 5, 3, 0>, ap_fixed<16, 6, 5, 3, 0>, config9> | return value |
|ap_return_9     | out |   16| ap_ctrl_hs | dense_wrapper<ap_fixed<16, 6, 5, 3, 0>, ap_fixed<16, 6, 5, 3, 0>, config9> | return value |
|data_0_V_read   |  in |   16|   ap_none  |                                data_0_V_read                               |    scalar    |
|data_1_V_read   |  in |   16|   ap_none  |                                data_1_V_read                               |    scalar    |
|data_2_V_read   |  in |   16|   ap_none  |                                data_2_V_read                               |    scalar    |
|data_3_V_read   |  in |   16|   ap_none  |                                data_3_V_read                               |    scalar    |
|data_4_V_read   |  in |   16|   ap_none  |                                data_4_V_read                               |    scalar    |
|data_5_V_read   |  in |   16|   ap_none  |                                data_5_V_read                               |    scalar    |
|data_6_V_read   |  in |   16|   ap_none  |                                data_6_V_read                               |    scalar    |
|data_7_V_read   |  in |   16|   ap_none  |                                data_7_V_read                               |    scalar    |
|data_8_V_read   |  in |   16|   ap_none  |                                data_8_V_read                               |    scalar    |
|data_9_V_read   |  in |   16|   ap_none  |                                data_9_V_read                               |    scalar    |
|data_10_V_read  |  in |   16|   ap_none  |                               data_10_V_read                               |    scalar    |
|data_11_V_read  |  in |   16|   ap_none  |                               data_11_V_read                               |    scalar    |
|data_12_V_read  |  in |   16|   ap_none  |                               data_12_V_read                               |    scalar    |
|data_13_V_read  |  in |   16|   ap_none  |                               data_13_V_read                               |    scalar    |
|data_14_V_read  |  in |   16|   ap_none  |                               data_14_V_read                               |    scalar    |
|data_15_V_read  |  in |   16|   ap_none  |                               data_15_V_read                               |    scalar    |
|data_16_V_read  |  in |   16|   ap_none  |                               data_16_V_read                               |    scalar    |
|data_17_V_read  |  in |   16|   ap_none  |                               data_17_V_read                               |    scalar    |
|data_18_V_read  |  in |   16|   ap_none  |                               data_18_V_read                               |    scalar    |
|data_19_V_read  |  in |   16|   ap_none  |                               data_19_V_read                               |    scalar    |
|data_20_V_read  |  in |   16|   ap_none  |                               data_20_V_read                               |    scalar    |
|data_21_V_read  |  in |   16|   ap_none  |                               data_21_V_read                               |    scalar    |
|data_22_V_read  |  in |   16|   ap_none  |                               data_22_V_read                               |    scalar    |
|data_23_V_read  |  in |   16|   ap_none  |                               data_23_V_read                               |    scalar    |
|data_24_V_read  |  in |   16|   ap_none  |                               data_24_V_read                               |    scalar    |
|data_25_V_read  |  in |   16|   ap_none  |                               data_25_V_read                               |    scalar    |
|data_26_V_read  |  in |   16|   ap_none  |                               data_26_V_read                               |    scalar    |
|data_27_V_read  |  in |   16|   ap_none  |                               data_27_V_read                               |    scalar    |
|data_28_V_read  |  in |   16|   ap_none  |                               data_28_V_read                               |    scalar    |
|data_29_V_read  |  in |   16|   ap_none  |                               data_29_V_read                               |    scalar    |
|data_30_V_read  |  in |   16|   ap_none  |                               data_30_V_read                               |    scalar    |
|data_31_V_read  |  in |   16|   ap_none  |                               data_31_V_read                               |    scalar    |
+----------------+-----+-----+------------+----------------------------------------------------------------------------+--------------+

